  t    train_loss    train_acc    train_epoch       lr    data_time    it_time
---  ------------  -----------  -------------  -------  -----------  ---------
100         1.511        0.657          2.041  1.0e-01        0.310     29.046
200         0.995        0.725          4.082  1.0e-01        0.081     26.202
300         0.940        0.741          6.122  1.0e-01        0.076     25.607
400         0.788        0.760          8.163  1.0e-01        0.077     25.602
500         0.746        0.763         10.204  9.9e-02        0.077     25.610
600         1.147        0.746         12.245  9.9e-02        0.077     25.608
700         0.621        0.792         14.286  9.9e-02        0.077     25.612
800         0.696        0.782         16.327  9.9e-02        0.077     25.615
900         0.745        0.774         18.367  9.9e-02        0.077     25.609
1000         0.646        0.786         20.408  9.9e-02        0.077     29.332        0.584       0.802
1100         0.644        0.786         22.449  9.9e-02        0.077     25.615        0.584       0.802
1200         0.802        0.770         24.490  9.9e-02        0.077     25.621        0.584       0.802
1300         0.558        0.805         26.531  9.8e-02        0.077     25.613        0.584       0.802
1400         0.643        0.788         28.571  9.8e-02        0.078     25.721        0.584       0.802
1500         0.644        0.794         30.612  9.8e-02        0.076     25.509        0.584       0.802
1600         0.700        0.787         32.653  9.8e-02        0.077     25.511        0.584       0.802
1700         0.645        0.787         34.694  9.8e-02        0.077     25.507        0.584       0.802
1800         0.621        0.795         36.735  9.8e-02        0.077     25.509        0.584       0.802
1900         0.584        0.801         38.776  9.8e-02        0.077     25.515        0.584       0.802
2000         0.621        0.796         40.816  9.8e-02        0.077     28.105        0.557       0.817
2100         0.542        0.810         42.857  9.7e-02        0.077     25.508        0.557       0.817
2200         0.525        0.816         44.898  9.7e-02        0.077     25.507        0.557       0.817
2300         0.615        0.795         46.939  9.7e-02        0.078     25.507        0.557       0.817
2400         0.747        0.774         48.980  9.7e-02        0.077     25.502        0.557       0.817
2500         0.563        0.807         51.020  9.7e-02        0.076     25.459        0.557       0.817
2600         0.588        0.803         53.061  9.7e-02        0.077     25.508        0.557       0.817
2700         0.550        0.810         55.102  9.7e-02        0.077     25.507        0.557       0.817
2800         0.521        0.816         57.143  9.7e-02        0.077     25.508        0.557       0.817
2900         0.513        0.819         59.184  9.6e-02        0.077     25.503        0.557       0.817
3000         0.596        0.801         61.224  9.6e-02        0.077     28.106        0.546       0.812
3100         0.519        0.818         63.265  9.6e-02        0.077     25.508        0.546       0.812
3200         0.553        0.810         65.306  9.6e-02        0.077     25.509        0.546       0.812
3300         0.550        0.809         67.347  9.6e-02        0.077     25.505        0.546       0.812
3400         0.514        0.819         69.388  9.6e-02        0.077     25.510        0.546       0.812
3500         0.523        0.815         71.429  9.6e-02        0.077     25.510        0.546       0.812
3600         0.639        0.794         73.469  9.6e-02        0.077     25.507        0.546       0.812
3700         0.543        0.815         75.510  9.5e-02        0.077     25.512        0.546       0.812
3800         0.537        0.812         77.551  9.5e-02        0.077     25.511        0.546       0.812
3900         0.546        0.810         79.592  9.5e-02        0.077     25.508        0.546       0.812
4000         0.549        0.813         81.633  9.5e-02        0.077     28.111        0.555       0.814
4100         0.609        0.804         83.673  9.5e-02        0.077     25.519        0.555       0.814
   t    train_loss    train_acc    train_epoch       lr    data_time    it_time    test_loss    test_acc
----  ------------  -----------  -------------  -------  -----------  ---------  -----------  ----------
4200         0.573        0.811         85.714  9.5e-02        0.077     25.518        0.555       0.814
4300         0.545        0.815         87.755  9.5e-02        0.077     25.518        0.555       0.814
4400         0.530        0.815         89.796  9.5e-02        0.077     25.518        0.555       0.814
4500         0.527        0.818         91.837  9.4e-02        0.077     25.519        0.555       0.814
4600         0.508        0.820         93.878  9.4e-02        0.077     25.518        0.555       0.814
4700         0.517        0.818         95.918  9.4e-02        0.077     25.517        0.555       0.814
4800         0.547        0.813         97.959  9.4e-02        0.078     25.515        0.555       0.814
4900         0.494        0.825        100.000  9.4e-02        0.077     25.473        0.555       0.814
5000         0.521        0.818        102.041  9.4e-02        0.077     28.115        0.515       0.819
5100         0.518        0.817        104.082  9.4e-02        0.078     25.514        0.515       0.819
5200         0.500        0.824        106.122  9.4e-02        0.077     25.516        0.515       0.819
5300         0.490        0.825        108.163  9.3e-02        0.077     25.517        0.515       0.819
5400         0.565        0.809        110.204  9.3e-02        0.077     25.512        0.515       0.819
5500         0.504        0.822        112.245  9.3e-02        0.077     25.516        0.515       0.819
5600         0.581        0.804        114.286  9.3e-02        0.077     25.512        0.515       0.819
5700         0.504        0.825        116.327  9.3e-02        0.077     25.517        0.515       0.819
5800         0.496        0.825        118.367  9.3e-02        0.077     25.514        0.515       0.819
5900         0.540        0.815        120.408  9.3e-02        0.077     25.515        0.515       0.819
6000         0.507        0.820        122.449  9.3e-02        0.077     28.112        0.479       0.838
6100         0.502        0.824        124.490  9.2e-02        0.077     25.509        0.479       0.838
6200         0.518        0.818        126.531  9.2e-02        0.077     25.512        0.479       0.838
6300         0.493        0.826        128.571  9.2e-02        0.077     25.508        0.479       0.838
6400         0.526        0.816        130.612  9.2e-02        0.077     25.511        0.479       0.838
6500         0.488        0.827        132.653  9.2e-02        0.077     25.511        0.479       0.838
6600         0.549        0.815        134.694  9.2e-02        0.077     25.512        0.479       0.838
6700         0.607        0.803        136.735  9.2e-02        0.077     25.513        0.479       0.838
6800         0.483        0.831        138.776  9.2e-02        0.077     25.509        0.479       0.838
6900         0.501        0.824        140.816  9.1e-02        0.077     25.513        0.479       0.838
7000         0.497        0.824        142.857  9.1e-02        0.077     28.106        0.519       0.821
7100         0.519        0.819        144.898  9.1e-02        0.077     25.511        0.519       0.821
7200         0.518        0.820        146.939  9.1e-02        0.078     25.516        0.519       0.821
7300         0.531        0.818        148.980  9.1e-02        0.077     25.515        0.519       0.821
7400         0.532        0.817        151.020  9.1e-02        0.077     25.467        0.519       0.821
7500         0.501        0.825        153.061  9.1e-02        0.077     25.513        0.519       0.821
7600         0.483        0.830        155.102  9.1e-02        0.077     25.510        0.519       0.821
7700         0.480        0.829        157.143  9.0e-02        0.077     25.514        0.519       0.821
7800         0.491        0.827        159.184  9.0e-02        0.077     25.514        0.519       0.821
7900         0.606        0.802        161.224  9.0e-02        0.077     25.513        0.519       0.821
8000         0.500        0.825        163.265  9.0e-02        0.077     28.109        0.569       0.805
8100         0.511        0.821        165.306  9.0e-02        0.077     25.513        0.569       0.805
8200         0.483        0.829        167.347  9.0e-02        0.077     25.510        0.569       0.805
   t    train_loss    train_acc    train_epoch       lr    data_time    it_time    test_loss    test_acc
----  ------------  -----------  -------------  -------  -----------  ---------  -----------  ----------
8300         0.489        0.827        169.388  9.0e-02        0.077     25.513        0.569       0.805
8400         0.500        0.825        171.429  9.0e-02        0.077     25.513        0.569       0.805
8500         0.483        0.828        173.469  8.9e-02        0.077     25.512        0.569       0.805
8600         0.487        0.827        175.510  8.9e-02        0.076     25.512        0.569       0.805
8700         0.476        0.830        177.551  8.9e-02        0.076     25.512        0.569       0.805
8800         0.545        0.814        179.592  8.9e-02        0.076     25.508        0.569       0.805
8900         0.472        0.832        181.633  8.9e-02        0.077     25.511        0.569       0.805
9000         0.489        0.827        183.673  8.9e-02        0.077     28.103        0.510       0.823
9100         0.532        0.818        185.714  8.9e-02        0.077     25.517        0.510       0.823
9200         0.504        0.827        187.755  8.9e-02        0.077     25.516        0.510       0.823
9300         0.507        0.822        189.796  8.8e-02        0.077     25.517        0.510       0.823
9400         0.472        0.832        191.837  8.8e-02        0.077     25.511        0.510       0.823
9500         0.499        0.824        193.878  8.8e-02        0.077     25.518        0.510       0.823
9600         0.495        0.826        195.918  8.8e-02        0.078     25.519        0.510       0.823
9700         0.510        0.821        197.959  8.8e-02        0.078     25.518        0.510       0.823
9800         0.507        0.826        200.000  8.8e-02        0.077     25.471        0.510       0.823
9900         0.474        0.831        202.041  8.8e-02        0.077     25.518        0.510       0.823
10000         0.485        0.828        204.082  8.8e-02        0.077     28.114        0.485       0.829
10100         0.466        0.834        206.122  8.7e-02        0.078     25.510        0.485       0.829
10200         0.477        0.831        208.163  8.7e-02        0.077     25.513        0.485       0.829
10300         0.457        0.838        210.204  8.7e-02        0.078     25.512        0.485       0.829
10400         0.464        0.832        212.245  8.7e-02        0.077     25.515        0.485       0.829
10500         0.477        0.829        214.286  8.7e-02        0.077     25.514        0.485       0.829
10600         0.470        0.833        216.327  8.7e-02        0.077     25.513        0.485       0.829
10700         0.505        0.823        218.367  8.7e-02        0.077     25.518        0.485       0.829
10800         0.472        0.832        220.408  8.7e-02        0.077     25.516        0.485       0.829
10900         0.499        0.824        222.449  8.6e-02        0.077     25.518        0.485       0.829
11000         0.482        0.829        224.490  8.6e-02        0.077     28.114        0.505       0.824
11100         0.478        0.830        226.531  8.6e-02        0.077     25.513        0.505       0.824
11200         0.492        0.826        228.571  8.6e-02        0.077     25.517        0.505       0.824
11300         0.520        0.821        230.612  8.6e-02        0.077     25.517        0.505       0.824
11400         0.479        0.829        232.653  8.6e-02        0.077     25.514        0.505       0.824
11500         0.481        0.830        234.694  8.6e-02        0.077     25.517        0.505       0.824
11600         0.511        0.823        236.735  8.6e-02        0.077     25.515        0.505       0.824
11700         0.471        0.832        238.776  8.5e-02        0.077     25.518        0.505       0.824
11800         0.461        0.836        240.816  8.5e-02        0.078     25.516        0.505       0.824
11900         0.476        0.830        242.857  8.5e-02        0.077     25.512        0.505       0.824
12000         0.474        0.832        244.898  8.5e-02        0.077     28.118        0.515       0.821
12100         0.476        0.831        246.939  8.5e-02        0.079     25.517        0.515       0.821
12200         0.477        0.831        248.980  8.5e-02        0.077     25.515        0.515       0.821
12300         0.487        0.828        251.020  8.5e-02        0.077     25.472        0.515       0.821
    t    train_loss    train_acc    train_epoch       lr    data_time    it_time    test_loss    test_acc
-----  ------------  -----------  -------------  -------  -----------  ---------  -----------  ----------
12400         0.468        0.834        253.061  8.5e-02        0.077     25.511        0.515       0.821
12500         0.460        0.836        255.102  8.4e-02        0.077     25.515        0.515       0.821
12600         0.481        0.831        257.143  8.4e-02        0.077     25.516        0.515       0.821
12700         0.516        0.820        259.184  8.4e-02        0.077     25.516        0.515       0.821
12800         0.511        0.822        261.224  8.4e-02        0.077     25.513        0.515       0.821
12900         0.483        0.829        263.265  8.4e-02        0.077     25.515        0.515       0.821
13000         0.503        0.824        265.306  8.4e-02        0.077     28.112        0.599       0.808
13100         0.479        0.831        267.347  8.4e-02        0.078     25.518        0.599       0.808
13200         0.464        0.835        269.388  8.4e-02        0.077     25.517        0.599       0.808
13300         0.479        0.829        271.429  8.3e-02        0.077     25.519        0.599       0.808
13400         0.456        0.838        273.469  8.3e-02        0.077     25.517        0.599       0.808
13500         0.468        0.832        275.510  8.3e-02        0.078     25.514        0.599       0.808
13600         0.469        0.834        277.551  8.3e-02        0.077     25.516        0.599       0.808
13700         0.471        0.833        279.592  8.3e-02        0.077     25.518        0.599       0.808
13800         0.476        0.831        281.633  8.3e-02        0.077     25.515        0.599       0.808
13900         0.477        0.830        283.673  8.3e-02        0.077     25.516        0.599       0.808
14000         0.479        0.829        285.714  8.3e-02        0.077     28.114        0.474       0.838
14100         0.481        0.829        287.755  8.2e-02        0.078     25.513        0.474       0.838
14200         0.473        0.830        289.796  8.2e-02        0.077     25.516        0.474       0.838
14300         0.470        0.832        291.837  8.2e-02        0.077     25.516        0.474       0.838
14400         0.456        0.837        293.878  8.2e-02        0.077     25.516        0.474       0.838
14500         0.462        0.835        295.918  8.2e-02        0.077     25.512        0.474       0.838
14600         0.496        0.826        297.959  8.2e-02        0.079     25.515        0.474       0.838
14700         0.460        0.835        300.000  8.2e-02        0.077     25.472        0.474       0.838
14800         0.470        0.832        302.041  8.2e-02        0.077     25.515        0.474       0.838
14900         0.462        0.834        304.082  8.1e-02        0.077     25.513        0.474       0.838
15000         0.471        0.833        306.122  8.1e-02        0.077     28.119        0.488       0.831
15100         0.460        0.836        308.163  8.1e-02        0.077     25.517        0.488       0.831
15200         0.486        0.827        310.204  8.1e-02        0.077     25.511        0.488       0.831
15300         0.449        0.838        312.245  8.1e-02        0.078     25.516        0.488       0.831
15400         0.459        0.836        314.286  8.1e-02        0.077     25.513        0.488       0.831
15500         0.470        0.833        316.327  8.1e-02        0.077     25.517        0.488       0.831
15600         0.456        0.836        318.367  8.1e-02        0.077     25.517        0.488       0.831
15700         0.463        0.835        320.408  8.0e-02        0.078     25.518        0.488       0.831
15800         0.453        0.839        322.449  8.0e-02        0.077     25.517        0.488       0.831
15900         0.462        0.835        324.490  8.0e-02        0.077     25.516        0.488       0.831
16000         0.453        0.838        326.531  8.0e-02        0.077     28.117        0.485       0.832
16100         0.458        0.835        328.571  8.0e-02        0.078     25.514        0.485       0.832
16200         0.477        0.829        330.612  8.0e-02        0.077     25.517        0.485       0.832
16300         0.454        0.837        332.653  8.0e-02        0.077     25.520        0.485       0.832
16400         0.467        0.833        334.694  8.0e-02        0.077     25.518        0.485       0.832
    t    train_loss    train_acc    train_epoch       lr    data_time    it_time    test_loss    test_acc
-----  ------------  -----------  -------------  -------  -----------  ---------  -----------  ----------
16500         0.457        0.836        336.735  7.9e-02        0.077     25.515        0.485       0.832
16600         0.451        0.839        338.776  7.9e-02        0.077     25.517        0.485       0.832
16700         0.488        0.827        340.816  7.9e-02        0.077     25.516        0.485       0.832
16800         0.454        0.837        342.857  7.9e-02        0.077     25.513        0.485       0.832
16900         0.456        0.836        344.898  7.9e-02        0.077     25.518        0.485       0.832
17000         0.470        0.832        346.939  7.9e-02        0.078     28.117        0.493       0.831
17100         0.467        0.832        348.980  7.9e-02        0.078     25.510        0.493       0.831
17200         0.486        0.827        351.020  7.9e-02        0.077     25.470        0.493       0.831
17300         0.466        0.832        353.061  7.8e-02        0.077     25.507        0.493       0.831
17400         0.462        0.834        355.102  7.8e-02        0.077     25.511        0.493       0.831
17500         0.480        0.829        357.143  7.8e-02        0.077     25.507        0.493       0.831
17600         0.472        0.831        359.184  7.8e-02        0.077     25.512        0.493       0.831
17700         0.479        0.830        361.224  7.8e-02        0.077     25.511        0.493       0.831
17800         0.467        0.833        363.265  7.8e-02        0.077     25.512        0.493       0.831
17900         0.460        0.836        365.306  7.8e-02        0.078     25.508        0.493       0.831
18000         0.452        0.838        367.347  7.8e-02        0.078     28.116        0.510       0.825
18100         0.468        0.832        369.388  7.7e-02        0.078     25.513        0.510       0.825
18200         0.467        0.835        371.429  7.7e-02        0.078     25.577        0.510       0.825
18300         0.463        0.833        373.469  7.7e-02        0.077     25.525        0.510       0.825
18400         0.460        0.834        375.510  7.7e-02        0.078     25.526        0.510       0.825
18500         0.454        0.837        377.551  7.7e-02        0.077     25.524        0.510       0.825
18600         0.452        0.839        379.592  7.7e-02        0.077     25.526        0.510       0.825
18700         0.466        0.833        381.633  7.7e-02        0.078     25.525        0.510       0.825
18800         0.475        0.830        383.673  7.7e-02        0.078     25.525        0.510       0.825
18900         0.461        0.836        385.714  7.6e-02        0.078     25.520        0.510       0.825
19000         0.466        0.834        387.755  7.6e-02        0.077     28.122        0.496       0.826
19100         0.456        0.836        389.796  7.6e-02        0.077     25.526        0.496       0.826
19200         0.452        0.837        391.837  7.6e-02        0.077     25.525        0.496       0.826
19300         0.459        0.836        393.878  7.6e-02        0.078     25.522        0.496       0.826
19400         0.463        0.834        395.918  7.6e-02        0.078     25.520        0.496       0.826
19500         0.447        0.840        397.959  7.6e-02        0.078     25.523        0.496       0.826
19600         0.458        0.836        400.000  7.6e-02        0.077     25.481        0.496       0.826
19700         0.460        0.835        402.041  7.5e-02        0.077     25.524        0.496       0.826
19800         0.454        0.838        404.082  7.5e-02        0.077     25.523        0.496       0.826
19900         0.463        0.834        406.122  7.5e-02        0.077     25.523        0.496       0.826
20000         0.461        0.834        408.163  7.5e-02        0.077     28.126        0.478       0.836
20100         0.451        0.839        410.204  7.5e-02        0.078     25.525        0.478       0.836
20200         0.463        0.833        412.245  7.5e-02        0.078     25.524        0.478       0.836
20300         0.446        0.839        414.286  7.5e-02        0.078     25.523        0.478       0.836
20400         0.451        0.839        416.327  7.5e-02        0.077     25.524        0.478       0.836
20500         0.460        0.835        418.367  7.4e-02        0.077     25.523        0.478       0.836
    t    train_loss    train_acc    train_epoch       lr    data_time    it_time    test_loss    test_acc
-----  ------------  -----------  -------------  -------  -----------  ---------  -----------  ----------
20600         0.451        0.839        420.408  7.4e-02        0.077     25.523        0.478       0.836
20700         0.458        0.835        422.449  7.4e-02        0.077     25.524        0.478       0.836
20800         0.445        0.840        424.490  7.4e-02        0.078     25.525        0.478       0.836
20900         0.449        0.838        426.531  7.4e-02        0.077     25.525        0.478       0.836
21000         0.461        0.834        428.571  7.4e-02        0.077     28.127        0.510       0.824
21100         0.447        0.838        430.612  7.4e-02        0.078     25.520        0.510       0.824
21200         0.468        0.833        432.653  7.4e-02        0.079     25.522        0.510       0.824
21300         0.444        0.842        434.694  7.3e-02        0.078     25.526        0.510       0.824
21400         0.455        0.837        436.735  7.3e-02        0.077     25.520        0.510       0.824
21500         0.450        0.839        438.776  7.3e-02        0.077     25.527        0.510       0.824
21600         0.454        0.837        440.816  7.3e-02        0.077     25.527        0.510       0.824
21700         0.457        0.837        442.857  7.3e-02        0.077     25.523        0.510       0.824
21800         0.444        0.842        444.898  7.3e-02        0.077     25.527        0.510       0.824
21900         0.457        0.835        446.939  7.3e-02        0.079     25.527        0.510       0.824
22000         0.448        0.839        448.980  7.3e-02        0.078     28.124        0.480       0.833
22100         0.442        0.842        451.020  7.2e-02        0.077     25.485        0.480       0.833
22200         0.445        0.840        453.061  7.2e-02        0.077     25.527        0.480       0.833
22300         0.466        0.833        455.102  7.2e-02        0.077     25.528        0.480       0.833
22400         0.457        0.835        457.143  7.2e-02        0.077     25.522        0.480       0.833
22500         0.453        0.838        459.184  7.2e-02        0.077     25.524        0.480       0.833
22600         0.451        0.838        461.224  7.2e-02        0.078     25.521        0.480       0.833
22700         0.481        0.829        463.265  7.2e-02        0.077     25.520        0.480       0.833
22800         0.448        0.840        465.306  7.2e-02        0.077     25.525        0.480       0.833
22900         0.445        0.841        467.347  7.1e-02        0.077     25.527        0.480       0.833
23000         0.458        0.836        469.388  7.1e-02        0.078     28.126        0.497       0.826
23100         0.443        0.842        471.429  7.1e-02        0.078     25.519        0.497       0.826
23200         0.457        0.837        473.469  7.1e-02        0.077     25.523        0.497       0.826
23300         0.457        0.836        475.510  7.1e-02        0.077     25.524        0.497       0.826
23400         0.454        0.838        477.551  7.1e-02        0.077     25.525        0.497       0.826
23500         0.446        0.840        479.592  7.1e-02        0.078     25.521        0.497       0.826
23600         0.441        0.842        481.633  7.1e-02        0.077     25.521        0.497       0.826
23700         0.448        0.840        483.673  7.0e-02        0.077     25.524        0.497       0.826
23800         0.451        0.838        485.714  7.0e-02        0.077     25.524        0.497       0.826
23900         0.454        0.836        487.755  7.0e-02        0.077     25.523        0.497       0.826
24000         0.450        0.839        489.796  7.0e-02        0.077     28.125        0.572       0.800
24100         0.451        0.838        491.837  7.0e-02        0.078     25.524        0.572       0.800
24200         0.445        0.840        493.878  7.0e-02        0.078     25.523        0.572       0.800
24300         0.463        0.834        495.918  7.0e-02        0.078     25.522        0.572       0.800
24400         0.463        0.834        497.959  7.0e-02        0.079     25.520        0.572       0.800
24500         0.448        0.839        500.000  6.9e-02        0.078     25.478        0.572       0.800
24600         0.463        0.833        502.041  6.9e-02        0.077     25.524        0.572       0.800
    t    train_loss    train_acc    train_epoch       lr    data_time    it_time    test_loss    test_acc
-----  ------------  -----------  -------------  -------  -----------  ---------  -----------  ----------
24700         0.443        0.842        504.082  6.9e-02        0.077     25.521        0.572       0.800
24800         0.442        0.842        506.122  6.9e-02        0.078     25.525        0.572       0.800
24900         0.453        0.837        508.163  6.9e-02        0.077     25.521        0.572       0.800
25000         0.441        0.842        510.204  6.9e-02        0.078     28.116        0.499       0.820
25100         0.454        0.838        512.245  6.9e-02        0.078     25.523        0.499       0.820
25200         0.456        0.837        514.286  6.9e-02        0.078     25.523        0.499       0.820
25300         0.446        0.840        516.327  6.8e-02        0.077     25.518        0.499       0.820
25400         0.446        0.841        518.367  6.8e-02        0.078     25.520        0.499       0.820
25500         0.447        0.839        520.408  6.8e-02        0.077     25.520        0.499       0.820
25600         0.449        0.839        522.449  6.8e-02        0.078     25.519        0.499       0.820
25700         0.447        0.840        524.490  6.8e-02        0.078     25.518        0.499       0.820
25800         0.442        0.843        526.531  6.8e-02        0.078     25.520        0.499       0.820
25900         0.463        0.834        528.571  6.8e-02        0.077     25.521        0.499       0.820
26000         0.448        0.839        530.612  6.8e-02        0.077     28.120        0.489       0.829
26100         0.440        0.842        532.653  6.7e-02        0.077     25.523        0.489       0.829
26200         0.445        0.841        534.694  6.7e-02        0.078     25.524        0.489       0.829
26300         0.456        0.836        536.735  6.7e-02        0.079     25.523        0.489       0.829
26400         0.441        0.842        538.776  6.7e-02        0.078     25.522        0.489       0.829
26500         0.440        0.842        540.816  6.7e-02        0.078     25.522        0.489       0.829
26600         0.451        0.838        542.857  6.7e-02        0.077     25.522        0.489       0.829
26700         0.439        0.842        544.898  6.7e-02        0.078     25.522        0.489       0.829
26800         0.458        0.835        546.939  6.7e-02        0.079     25.522        0.489       0.829
26900         0.456        0.837        548.980  6.6e-02        0.078     25.526        0.489       0.829
27000         0.451        0.839        551.020  6.6e-02        0.078     28.081        0.510       0.817
27100         0.448        0.840        553.061  6.6e-02        0.078     25.527        0.510       0.817
27200         0.439        0.843        555.102  6.6e-02        0.078     25.521        0.510       0.817
27300         0.454        0.837        557.143  6.6e-02        0.077     25.520        0.510       0.817
27400         0.444        0.841        559.184  6.6e-02        0.077     25.520        0.510       0.817
27500         0.447        0.840        561.224  6.6e-02        0.078     25.520        0.510       0.817
27600         0.452        0.838        563.265  6.6e-02        0.077     25.520        0.510       0.817
27700         0.473        0.831        565.306  6.5e-02        0.077     25.519        0.510       0.817
27800         0.443        0.841        567.347  6.5e-02        0.079     25.521        0.510       0.817
27900         0.451        0.838        569.388  6.5e-02        0.077     25.525        0.510       0.817
28000         0.444        0.839        571.429  6.5e-02        0.078     28.125        0.500       0.829
28100         0.445        0.842        573.469  6.5e-02        0.077     25.523        0.500       0.829
28200         0.441        0.843        575.510  6.5e-02        0.078     25.523        0.500       0.829
28300         0.468        0.831        577.551  6.5e-02        0.077     25.522        0.500       0.829
28400         0.439        0.843        579.592  6.5e-02        0.077     25.523        0.500       0.829
28500         0.442        0.842        581.633  6.4e-02        0.078     25.521        0.500       0.829
28600         0.447        0.841        583.673  6.4e-02        0.078     25.523        0.500       0.829
28700         0.438        0.843        585.714  6.4e-02        0.078     25.519        0.500       0.829
    t    train_loss    train_acc    train_epoch       lr    data_time    it_time    test_loss    test_acc
-----  ------------  -----------  -------------  -------  -----------  ---------  -----------  ----------
28800         0.454        0.837        587.755  6.4e-02        0.078     25.523        0.500       0.829
28900         0.445        0.841        589.796  6.4e-02        0.077     25.521        0.500       0.829
29000         0.456        0.838        591.837  6.4e-02        0.077     28.122        0.515       0.815
29100         0.448        0.839        593.878  6.4e-02        0.078     25.523        0.515       0.815
29200         0.444        0.841        595.918  6.4e-02        0.078     25.521        0.515       0.815
29300         0.442        0.842        597.959  6.3e-02        0.078     25.519        0.515       0.815
29400         0.452        0.837        600.000  6.3e-02        0.078     25.477        0.515       0.815
29500         0.442        0.842        602.041  6.3e-02        0.077     25.520        0.515       0.815
29600         0.439        0.845        604.082  6.3e-02        0.077     25.521        0.515       0.815
29700         0.449        0.839        606.122  6.3e-02        0.078     25.525        0.515       0.815
29800         0.439        0.842        608.163  6.3e-02        0.077     25.524        0.515       0.815
29900         0.441        0.843        610.204  6.3e-02        0.077     25.520        0.515       0.815
30000         0.446        0.840        612.245  6.3e-02        0.078     28.120        0.475       0.836
30100         0.443        0.841        614.286  6.2e-02        0.077     25.525        0.475       0.836
30200         0.449        0.838        616.327  6.2e-02        0.077     25.526        0.475       0.836
30300         0.445        0.841        618.367  6.2e-02        0.077     25.521        0.475       0.836
30400         0.441        0.842        620.408  6.2e-02        0.077     25.522        0.475       0.836
30500         0.445        0.841        622.449  6.2e-02        0.077     25.524        0.475       0.836
30600         0.445        0.841        624.490  6.2e-02        0.077     25.531        0.475       0.836
30700         0.450        0.840        626.531  6.2e-02        0.078     25.529        0.475       0.836
30800         0.444        0.840        628.571  6.2e-02        0.077     25.531        0.475       0.836
30900         0.433        0.844        630.612  6.1e-02        0.078     25.523        0.475       0.836
31000         0.451        0.839        632.653  6.1e-02        0.078     28.127        0.483       0.833
31100         0.441        0.843        634.694  6.1e-02        0.078     25.527        0.483       0.833
31200         0.440        0.842        636.735  6.1e-02        0.077     25.529        0.483       0.833
31300         0.437        0.843        638.776  6.1e-02        0.078     25.526        0.483       0.833
31400         0.442        0.842        640.816  6.1e-02        0.078     25.523        0.483       0.833
31500         0.438        0.843        642.857  6.1e-02        0.078     25.522        0.483       0.833
31600         0.442        0.842        644.898  6.1e-02        0.078     25.529        0.483       0.833
31700         0.440        0.843        646.939  6.0e-02        0.079     25.529        0.483       0.833
31800         0.450        0.839        648.980  6.0e-02        0.077     25.528        0.483       0.833
31900         0.440        0.843        651.020  6.0e-02        0.077     25.483        0.483       0.833
32000         0.437        0.844        653.061  6.0e-02        0.078     28.124        0.492       0.829
32100         0.444        0.840        655.102  6.0e-02        0.077     25.532        0.492       0.829
32200         0.442        0.842        657.143  6.0e-02        0.077     25.533        0.492       0.829
32300         0.449        0.840        659.184  6.0e-02        0.079     25.533        0.492       0.829
32400         0.432        0.846        661.224  6.0e-02        0.077     25.533        0.492       0.829
32500         0.435        0.844        663.265  5.9e-02        0.077     25.528        0.492       0.829
32600         0.435        0.844        665.306  5.9e-02        0.078     25.526        0.492       0.829
32700         0.441        0.842        667.347  5.9e-02        0.078     25.532        0.492       0.829
32800         0.435        0.844        669.388  5.9e-02        0.077     25.523        0.492       0.829
    t    train_loss    train_acc    train_epoch       lr    data_time    it_time    test_loss    test_acc
-----  ------------  -----------  -------------  -------  -----------  ---------  -----------  ----------
32900         0.434        0.845        671.429  5.9e-02        0.077     25.527        0.492       0.829
33000         0.436        0.843        673.469  5.9e-02        0.077     28.136        0.511       0.820
33100         0.443        0.842        675.510  5.9e-02        0.078     25.525        0.511       0.820
33200         0.438        0.843        677.551  5.9e-02        0.077     25.521        0.511       0.820
33300         0.440        0.842        679.592  5.8e-02        0.078     25.525        0.511       0.820
33400         0.438        0.841        681.633  5.8e-02        0.077     25.523        0.511       0.820
33500         0.434        0.844        683.673  5.8e-02        0.078     25.535        0.511       0.820
33600         0.447        0.839        685.714  5.8e-02        0.078     25.525        0.511       0.820
33700         0.439        0.842        687.755  5.8e-02        0.077     25.526        0.511       0.820
33800         0.447        0.840        689.796  5.8e-02        0.078     25.528        0.511       0.820
33900         0.433        0.844        691.837  5.8e-02        0.077     25.526        0.511       0.820
34000         0.441        0.841        693.878  5.8e-02        0.077     28.121        0.467       0.839
34100         0.438        0.844        695.918  5.7e-02        0.079     25.528        0.467       0.839
34200         0.433        0.845        697.959  5.7e-02        0.079     25.526        0.467       0.839
34300         0.435        0.844        700.000  5.7e-02        0.077     25.478        0.467       0.839
34400         0.437        0.843        702.041  5.7e-02        0.078     25.522        0.467       0.839
34500         0.443        0.841        704.082  5.7e-02        0.078     25.525        0.467       0.839
34600         0.443        0.842        706.122  5.7e-02        0.078     25.523        0.467       0.839
34700         0.442        0.842        708.163  5.7e-02        0.079     25.524        0.467       0.839
34800         0.433        0.845        710.204  5.7e-02        0.078     25.530        0.467       0.839
34900         0.433        0.845        712.245  5.6e-02        0.078     25.525        0.467       0.839
35000         0.432        0.845        714.286  5.6e-02        0.078     28.125        0.521       0.816
35100         0.438        0.843        716.327  5.6e-02        0.078     25.527        0.521       0.816
35200         0.436        0.844        718.367  5.6e-02        0.078     25.522        0.521       0.816
35300         0.434        0.845        720.408  5.6e-02        0.078     25.527        0.521       0.816
35400         0.442        0.842        722.449  5.6e-02        0.077     25.527        0.521       0.816
35500         0.440        0.843        724.490  5.6e-02        0.078     25.527        0.521       0.816
35600         0.435        0.845        726.531  5.6e-02        0.077     25.528        0.521       0.816
35700         0.436        0.844        728.571  5.5e-02        0.078     25.530        0.521       0.816
35800         0.442        0.841        730.612  5.5e-02        0.078     25.523        0.521       0.816
35900         0.434        0.843        732.653  5.5e-02        0.078     25.525        0.521       0.816
36000         0.438        0.843        734.694  5.5e-02        0.077     28.126        0.470       0.836
36100         0.443        0.841        736.735  5.5e-02        0.078     25.529        0.470       0.836
36200         0.443        0.841        738.776  5.5e-02        0.078     25.522        0.470       0.836
36300         0.441        0.841        740.816  5.5e-02        0.078     25.524        0.470       0.836
36400         0.438        0.843        742.857  5.5e-02        0.077     25.522        0.470       0.836
36500         0.437        0.844        744.898  5.4e-02        0.077     25.526        0.470       0.836
36600         0.442        0.842        746.939  5.4e-02        0.078     25.526        0.470       0.836
36700         0.435        0.845        748.980  5.4e-02        0.078     25.524        0.470       0.836
36800         0.441        0.842        751.020  5.4e-02        0.077     25.481        0.470       0.836
36900         0.431        0.846        753.061  5.4e-02        0.078     25.522        0.470       0.836
    t    train_loss    train_acc    train_epoch       lr    data_time    it_time    test_loss    test_acc
-----  ------------  -----------  -------------  -------  -----------  ---------  -----------  ----------
37000         0.445        0.840        755.102  5.4e-02        0.078     28.132        0.462       0.839
37100         0.438        0.844        757.143  5.4e-02        0.078     25.521        0.462       0.839
37200         0.435        0.844        759.184  5.4e-02        0.077     25.521        0.462       0.839
37300         0.442        0.841        761.224  5.3e-02        0.078     25.520        0.462       0.839
37400         0.443        0.841        763.265  5.3e-02        0.078     25.518        0.462       0.839
37500         0.436        0.845        765.306  5.3e-02        0.077     25.522        0.462       0.839
37600         0.429        0.847        767.347  5.3e-02        0.077     25.518        0.462       0.839
37700         0.441        0.842        769.388  5.3e-02        0.077     25.525        0.462       0.839
37800         0.435        0.844        771.429  5.3e-02        0.078     25.520        0.462       0.839
37900         0.441        0.842        773.469  5.3e-02        0.078     25.522        0.462       0.839
38000         0.435        0.845        775.510  5.3e-02        0.077     28.115        0.473       0.837
38100         0.435        0.844        777.551  5.2e-02        0.078     25.525        0.473       0.837
38200         0.437        0.843        779.592  5.2e-02        0.078     25.527        0.473       0.837
38300         0.434        0.845        781.633  5.2e-02        0.078     25.524        0.473       0.837
38400         0.431        0.844        783.673  5.2e-02        0.077     25.528        0.473       0.837
38500         0.449        0.837        785.714  5.2e-02        0.078     25.523        0.473       0.837
38600         0.430        0.847        787.755  5.2e-02        0.078     25.530        0.473       0.837
38700         0.431        0.846        789.796  5.2e-02        0.078     25.524        0.473       0.837
38800         0.433        0.844        791.837  5.2e-02        0.077     25.528        0.473       0.837
38900         0.434        0.845        793.878  5.1e-02        0.078     25.529        0.473       0.837
39000         0.430        0.847        795.918  5.1e-02        0.078     28.133        0.471       0.835
39100         0.432        0.845        797.959  5.1e-02        0.078     25.529        0.471       0.835
39200         0.429        0.847        800.000  5.1e-02        0.078     25.484        0.471       0.835
39300         0.435        0.844        802.041  5.1e-02        0.078     25.526        0.471       0.835
39400         0.438        0.843        804.082  5.1e-02        0.077     25.526        0.471       0.835
39500         0.437        0.844        806.122  5.1e-02        0.077     25.526        0.471       0.835
39600         0.440        0.842        808.163  5.1e-02        0.077     25.523        0.471       0.835
39700         0.440        0.841        810.204  5.0e-02        0.078     25.528        0.471       0.835
39800         0.435        0.845        812.245  5.0e-02        0.078     25.526        0.471       0.835
39900         0.437        0.843        814.286  5.0e-02        0.077     25.528        0.471       0.835
40000         0.435        0.845        816.327  5.0e-02        0.077     28.125        0.486       0.832
40100         0.430        0.845        818.367  5.0e-02        0.077     25.526        0.486       0.832
40200         0.431        0.846        820.408  5.0e-02        0.078     25.523        0.486       0.832
40300         0.436        0.844        822.449  5.0e-02        0.077     25.527        0.486       0.832
40400         0.432        0.846        824.490  5.0e-02        0.078     25.522        0.486       0.832
40500         0.434        0.845        826.531  4.9e-02        0.078     25.522        0.486       0.832
40600         0.430        0.845        828.571  4.9e-02        0.078     25.521        0.486       0.832
40700         0.432        0.847        830.612  4.9e-02        0.078     25.521        0.486       0.832
40800         0.435        0.844        832.653  4.9e-02        0.077     25.522        0.486       0.832
40900         0.429        0.846        834.694  4.9e-02        0.078     25.522        0.486       0.832
41000         0.436        0.843        836.735  4.9e-02        0.078     28.157        0.464       0.838
    t    train_loss    train_acc    train_epoch       lr    data_time    it_time    test_loss    test_acc
-----  ------------  -----------  -------------  -------  -----------  ---------  -----------  ----------
41100         0.436        0.844        838.776  4.9e-02        0.078     25.520        0.464       0.838
41200         0.429        0.847        840.816  4.9e-02        0.078     25.521        0.464       0.838
41300         0.438        0.842        842.857  4.8e-02        0.077     25.520        0.464       0.838
41400         0.429        0.846        844.898  4.8e-02        0.078     25.521        0.464       0.838
41500         0.430        0.846        846.939  4.8e-02        0.079     25.523        0.464       0.838
41600         0.434        0.844        848.980  4.8e-02        0.077     25.525        0.464       0.838
41700         0.436        0.843        851.020  4.8e-02        0.078     25.484        0.464       0.838
41800         0.429        0.848        853.061  4.8e-02        0.077     25.525        0.464       0.838
41900         0.432        0.846        855.102  4.8e-02        0.077     25.526        0.464       0.838
42000         0.434        0.845        857.143  4.8e-02        0.078     28.147        0.467       0.838
42100         0.431        0.846        859.184  4.7e-02        0.077     25.528        0.467       0.838
42200         0.431        0.846        861.224  4.7e-02        0.078     25.523        0.467       0.838
42300         0.429        0.845        863.265  4.7e-02        0.077     25.525        0.467       0.838
42400         0.429        0.847        865.306  4.7e-02        0.077     25.528        0.467       0.838
42500         0.433        0.845        867.347  4.7e-02        0.077     25.528        0.467       0.838
42600         0.438        0.843        869.388  4.7e-02        0.077     25.524        0.467       0.838
42700         0.434        0.845        871.429  4.7e-02        0.077     25.530        0.467       0.838
42800         0.433        0.845        873.469  4.7e-02        0.078     25.526        0.467       0.838
42900         0.438        0.843        875.510  4.6e-02        0.077     25.523        0.467       0.838
43000         0.427        0.848        877.551  4.6e-02        0.077     28.127        0.459       0.842
43100         0.435        0.845        879.592  4.6e-02        0.077     25.528        0.459       0.842
43200         0.429        0.845        881.633  4.6e-02        0.077     25.524        0.459       0.842
43300         0.433        0.845        883.673  4.6e-02        0.077     25.523        0.459       0.842
43400         0.433        0.845        885.714  4.6e-02        0.077     25.526        0.459       0.842
43500         0.435        0.843        887.755  4.6e-02        0.078     25.528        0.459       0.842
43600         0.430        0.846        889.796  4.6e-02        0.077     25.523        0.459       0.842
43700         0.428        0.848        891.837  4.5e-02        0.078     25.529        0.459       0.842
43800         0.436        0.844        893.878  4.5e-02        0.077     25.527        0.459       0.842
43900         0.428        0.847        895.918  4.5e-02        0.078     25.523        0.459       0.842
44000         0.431        0.846        897.959  4.5e-02        0.078     28.154        0.471       0.838
44100         0.429        0.847        900.000  4.5e-02        0.077     25.481        0.471       0.838
44200         0.431        0.846        902.041  4.5e-02        0.078     25.527        0.471       0.838
44300         0.439        0.843        904.082  4.5e-02        0.078     25.524        0.471       0.838
44400         0.428        0.846        906.122  4.5e-02        0.077     25.522        0.471       0.838
44500         0.430        0.847        908.163  4.4e-02        0.078     25.524        0.471       0.838
44600         0.432        0.846        910.204  4.4e-02        0.077     25.528        0.471       0.838
44700         0.425        0.849        912.245  4.4e-02        0.078     25.544        0.471       0.838
44800         0.432        0.845        914.286  4.4e-02        0.078     25.527        0.471       0.838
44900         0.433        0.844        916.327  4.4e-02        0.077     25.527        0.471       0.838
45000         0.429        0.846        918.367  4.4e-02        0.078     28.126        0.471       0.834
45100         0.430        0.846        920.408  4.4e-02        0.078     25.528        0.471       0.834
    t    train_loss    train_acc    train_epoch       lr    data_time    it_time    test_loss    test_acc
-----  ------------  -----------  -------------  -------  -----------  ---------  -----------  ----------
45200         0.432        0.845        922.449  4.4e-02        0.078     25.528        0.471       0.834
45300         0.428        0.848        924.490  4.3e-02        0.078     25.528        0.471       0.834
45400         0.423        0.849        926.531  4.3e-02        0.078     25.525        0.471       0.834
45500         0.432        0.847        928.571  4.3e-02        0.077     25.524        0.471       0.834
45600         0.430        0.845        930.612  4.3e-02        0.077     25.529        0.471       0.834
45700         0.429        0.848        932.653  4.3e-02        0.077     25.525        0.471       0.834
45800         0.430        0.846        934.694  4.3e-02        0.078     25.527        0.471       0.834
45900         0.428        0.847        936.735  4.3e-02        0.077     25.529        0.471       0.834
46000         0.431        0.846        938.776  4.3e-02        0.078     28.126        0.484       0.832
46100         0.429        0.847        940.816  4.2e-02        0.078     25.525        0.484       0.832
46200         0.428        0.847        942.857  4.2e-02        0.077     25.525        0.484       0.832
46300         0.428        0.847        944.898  4.2e-02        0.078     25.529        0.484       0.832
46400         0.429        0.846        946.939  4.2e-02        0.080     25.524        0.484       0.832
46500         0.426        0.849        948.980  4.2e-02        0.077     25.529        0.484       0.832
46600         0.429        0.847        951.020  4.2e-02        0.077     25.483        0.484       0.832
46700         0.429        0.847        953.061  4.2e-02        0.078     25.524        0.484       0.832
46800         0.437        0.844        955.102  4.2e-02        0.078     25.528        0.484       0.832
46900         0.425        0.848        957.143  4.1e-02        0.078     25.523        0.484       0.832
47000         0.427        0.848        959.184  4.1e-02        0.078     28.134        0.467       0.838
47100         0.431        0.846        961.224  4.1e-02        0.078     25.528        0.467       0.838
47200         0.431        0.846        963.265  4.1e-02        0.078     25.524        0.467       0.838
47300         0.430        0.846        965.306  4.1e-02        0.077     25.518        0.467       0.838
47400         0.425        0.848        967.347  4.1e-02        0.078     25.523        0.467       0.838
47500         0.430        0.846        969.388  4.1e-02        0.077     25.527        0.467       0.838
47600         0.428        0.847        971.429  4.1e-02        0.078     25.524        0.467       0.838
47700         0.431        0.846        973.469  4.0e-02        0.077     25.529        0.467       0.838
47800         0.422        0.849        975.510  4.0e-02        0.079     25.521        0.467       0.838
47900         0.426        0.847        977.551  4.0e-02        0.078     25.526        0.467       0.838
48000         0.429        0.846        979.592  4.0e-02        0.077     28.122        0.469       0.839
48100         0.427        0.848        981.633  4.0e-02        0.078     25.520        0.469       0.839
48200         0.427        0.847        983.673  4.0e-02        0.078     25.521        0.469       0.839
48300         0.433        0.845        985.714  4.0e-02        0.078     25.522        0.469       0.839
48400         0.429        0.846        987.755  4.0e-02        0.078     25.525        0.469       0.839
48500         0.427        0.848        989.796  3.9e-02        0.077     25.521        0.469       0.839
48600         0.427        0.849        991.837  3.9e-02        0.078     25.522        0.469       0.839
48700         0.427        0.848        993.878  3.9e-02        0.079     25.522        0.469       0.839
48800         0.428        0.848        995.918  3.9e-02        0.079     25.522        0.469       0.839
48900         0.424        0.849        997.959  3.9e-02        0.079     25.523        0.469       0.839
49000         0.427        0.848       1000.000  3.9e-02        0.077     28.078        0.460       0.840
49100         0.431        0.845       1002.041  3.9e-02        0.079     25.523        0.460       0.840
49200         0.431        0.846       1004.082  3.9e-02        0.078     25.521        0.460       0.840
    t    train_loss    train_acc    train_epoch       lr    data_time    it_time    test_loss    test_acc
-----  ------------  -----------  -------------  -------  -----------  ---------  -----------  ----------
49300         0.424        0.848       1006.122  3.8e-02        0.078     25.526        0.460       0.840
49400         0.425        0.848       1008.163  3.8e-02        0.078     25.526        0.460       0.840
49500         0.428        0.847       1010.204  3.8e-02        0.077     25.526        0.460       0.840
49600         0.425        0.847       1012.245  3.8e-02        0.078     25.520        0.460       0.840
49700         0.430        0.846       1014.286  3.8e-02        0.078     25.524        0.460       0.840
49800         0.423        0.849       1016.327  3.8e-02        0.077     25.523        0.460       0.840
49900         0.433        0.844       1018.367  3.8e-02        0.078     25.523        0.460       0.840
50000         0.427        0.848       1020.408  3.8e-02        0.078     28.118        0.462       0.840
50100         0.425        0.848       1022.449  3.7e-02        0.078     25.517        0.462       0.840
50200         0.426        0.847       1024.490  3.7e-02        0.078     25.520        0.462       0.840
50300         0.423        0.849       1026.531  3.7e-02        0.078     25.522        0.462       0.840
50400         0.428        0.848       1028.571  3.7e-02        0.078     25.517        0.462       0.840
50500         0.428        0.847       1030.612  3.7e-02        0.077     25.521        0.462       0.840
50600         0.427        0.848       1032.653  3.7e-02        0.078     25.521        0.462       0.840
50700         0.423        0.849       1034.694  3.7e-02        0.078     25.523        0.462       0.840
50800         0.424        0.849       1036.735  3.7e-02        0.078     25.517        0.462       0.840
50900         0.428        0.848       1038.776  3.6e-02        0.078     25.518        0.462       0.840
51000         0.423        0.850       1040.816  3.6e-02        0.078     28.116        0.476       0.832
51100         0.427        0.848       1042.857  3.6e-02        0.078     25.522        0.476       0.832
51200         0.424        0.850       1044.898  3.6e-02        0.078     25.522        0.476       0.832
51300         0.425        0.849       1046.939  3.6e-02        0.079     25.522        0.476       0.832
51400         0.426        0.849       1048.980  3.6e-02        0.078     25.520        0.476       0.832
51500         0.423        0.850       1051.020  3.6e-02        0.078     25.477        0.476       0.832
51600         0.423        0.849       1053.061  3.6e-02        0.078     25.523        0.476       0.832
51700         0.422        0.849       1055.102  3.5e-02        0.078     25.522        0.476       0.832
51800         0.424        0.848       1057.143  3.5e-02        0.078     25.522        0.476       0.832
51900         0.429        0.847       1059.184  3.5e-02        0.078     25.521        0.476       0.832
52000         0.423        0.850       1061.224  3.5e-02        0.078     28.116        0.467       0.839
52100         0.424        0.849       1063.265  3.5e-02        0.078     25.521        0.467       0.839
52200         0.421        0.850       1065.306  3.5e-02        0.078     25.523        0.467       0.839
52300         0.430        0.847       1067.347  3.5e-02        0.078     25.525        0.467       0.839
52400         0.427        0.848       1069.388  3.5e-02        0.077     25.527        0.467       0.839
52500         0.424        0.849       1071.429  3.4e-02        0.077     25.524        0.467       0.839
52600         0.421        0.850       1073.469  3.4e-02        0.078     25.523        0.467       0.839
52700         0.427        0.848       1075.510  3.4e-02        0.078     25.520        0.467       0.839
52800         0.425        0.848       1077.551  3.4e-02        0.078     25.522        0.467       0.839
52900         0.427        0.847       1079.592  3.4e-02        0.078     25.522        0.467       0.839
53000         0.424        0.849       1081.633  3.4e-02        0.078     28.122        0.466       0.836
53100         0.424        0.849       1083.673  3.4e-02        0.078     25.519        0.466       0.836
53200         0.427        0.848       1085.714  3.4e-02        0.079     25.519        0.466       0.836
53300         0.425        0.847       1087.755  3.3e-02        0.078     25.522        0.466       0.836
    t    train_loss    train_acc    train_epoch       lr    data_time    it_time    test_loss    test_acc
-----  ------------  -----------  -------------  -------  -----------  ---------  -----------  ----------
53400         0.425        0.848       1089.796  3.3e-02        0.078     25.519        0.466       0.836
53500         0.427        0.848       1091.837  3.3e-02        0.079     25.520        0.466       0.836
53600         0.430        0.847       1093.878  3.3e-02        0.078     25.519        0.466       0.836
53700         0.427        0.848       1095.918  3.3e-02        0.078     25.518        0.466       0.836
53800         0.423        0.849       1097.959  3.3e-02        0.079     25.521        0.466       0.836
53900         0.425        0.848       1100.000  3.3e-02        0.077     25.488        0.466       0.836
54000         0.427        0.848       1102.041  3.3e-02        0.078     28.118        0.479       0.832
54100         0.425        0.849       1104.082  3.2e-02        0.078     25.518        0.479       0.832
54200         0.428        0.846       1106.122  3.2e-02        0.078     25.518        0.479       0.832
54300         0.422        0.850       1108.163  3.2e-02        0.078     25.519        0.479       0.832
54400         0.423        0.849       1110.204  3.2e-02        0.078     25.520        0.479       0.832
54500         0.422        0.850       1112.245  3.2e-02        0.078     25.521        0.479       0.832
54600         0.425        0.849       1114.286  3.2e-02        0.078     25.524        0.479       0.832
54700         0.421        0.851       1116.327  3.2e-02        0.078     25.525        0.479       0.832
54800         0.424        0.849       1118.367  3.2e-02        0.078     25.526        0.479       0.832
54900         0.422        0.850       1120.408  3.1e-02        0.078     25.522        0.479       0.832
55000         0.424        0.849       1122.449  3.1e-02        0.078     28.127        0.474       0.836
55100         0.423        0.849       1124.490  3.1e-02        0.078     25.522        0.474       0.836
55200         0.420        0.851       1126.531  3.1e-02        0.078     25.525        0.474       0.836
55300         0.422        0.850       1128.571  3.1e-02        0.078     25.522        0.474       0.836
55400         0.424        0.848       1130.612  3.1e-02        0.077     25.522        0.474       0.836
55500         0.425        0.848       1132.653  3.1e-02        0.078     25.524        0.474       0.836
55600         0.426        0.847       1134.694  3.1e-02        0.079     25.526        0.474       0.836
55700         0.422        0.850       1136.735  3.0e-02        0.077     25.523        0.474       0.836
55800         0.424        0.848       1138.776  3.0e-02        0.078     25.524        0.474       0.836
55900         0.422        0.850       1140.816  3.0e-02        0.077     25.526        0.474       0.836
56000         0.422        0.850       1142.857  3.0e-02        0.079     28.123        0.463       0.839
56100         0.421        0.850       1144.898  3.0e-02        0.078     25.521        0.463       0.839
56200         0.427        0.847       1146.939  3.0e-02        0.080     25.522        0.463       0.839
56300         0.418        0.851       1148.980  3.0e-02        0.078     25.525        0.463       0.839
56400         0.425        0.849       1151.020  3.0e-02        0.078     25.481        0.463       0.839
56500         0.420        0.850       1153.061  2.9e-02        0.078     25.523        0.463       0.839
56600         0.424        0.850       1155.102  2.9e-02        0.077     25.517        0.463       0.839
56700         0.421        0.851       1157.143  2.9e-02        0.078     25.518        0.463       0.839
56800         0.416        0.852       1159.184  2.9e-02        0.077     25.518        0.463       0.839
56900         0.426        0.846       1161.224  2.9e-02        0.078     25.517        0.463       0.839
57000         0.424        0.850       1163.265  2.9e-02        0.078     28.125        0.468       0.833
57100         0.424        0.849       1165.306  2.9e-02        0.078     25.521        0.468       0.833
57200         0.422        0.849       1167.347  2.9e-02        0.078     25.522        0.468       0.833
57300         0.422        0.851       1169.388  2.8e-02        0.077     25.521        0.468       0.833
57400         0.420        0.850       1171.429  2.8e-02        0.078     25.519        0.468       0.833
    t    train_loss    train_acc    train_epoch       lr    data_time    it_time    test_loss    test_acc
-----  ------------  -----------  -------------  -------  -----------  ---------  -----------  ----------
57500         0.424        0.850       1173.469  2.8e-02        0.078     25.519        0.468       0.833
57600         0.420        0.850       1175.510  2.8e-02        0.078     25.521        0.468       0.833
57700         0.419        0.850       1177.551  2.8e-02        0.078     25.519        0.468       0.833
57800         0.424        0.849       1179.592  2.8e-02        0.077     25.519        0.468       0.833
57900         0.421        0.851       1181.633  2.8e-02        0.077     25.518        0.468       0.833
58000         0.417        0.852       1183.673  2.8e-02        0.078     28.122        0.465       0.838
58100         0.422        0.849       1185.714  2.7e-02        0.078     25.526        0.465       0.838
58200         0.425        0.849       1187.755  2.7e-02        0.078     25.527        0.465       0.838
58300         0.420        0.851       1189.796  2.7e-02        0.079     25.528        0.465       0.838
58400         0.422        0.850       1191.837  2.7e-02        0.078     25.524        0.465       0.838
58500         0.423        0.849       1193.878  2.7e-02        0.078     25.527        0.465       0.838
58600         0.423        0.849       1195.918  2.7e-02        0.079     25.526        0.465       0.838
58700         0.424        0.849       1197.959  2.7e-02        0.079     25.531        0.465       0.838
58800         0.422        0.850       1200.000  2.7e-02        0.077     25.481        0.465       0.838
58900         0.421        0.850       1202.041  2.6e-02        0.078     25.524        0.465       0.838
59000         0.419        0.851       1204.082  2.6e-02        0.077     28.123        0.468       0.836
59100         0.423        0.849       1206.122  2.6e-02        0.078     25.525        0.468       0.836
59200         0.421        0.851       1208.163  2.6e-02        0.078     25.526        0.468       0.836
59300         0.421        0.849       1210.204  2.6e-02        0.078     25.528        0.468       0.836
59400         0.425        0.849       1212.245  2.6e-02        0.079     25.526        0.468       0.836
59500         0.420        0.850       1214.286  2.6e-02        0.077     25.525        0.468       0.836
59600         0.419        0.851       1216.327  2.6e-02        0.078     25.527        0.468       0.836
59700         0.423        0.850       1218.367  2.5e-02        0.078     25.526        0.468       0.836
59800         0.422        0.850       1220.408  2.5e-02        0.078     25.529        0.468       0.836
59900         0.421        0.851       1222.449  2.5e-02        0.078     25.528        0.468       0.836
60000         0.421        0.849       1224.490  2.5e-02        0.078     28.122        0.464       0.837
60100         0.421        0.850       1226.531  2.5e-02        0.077     25.525        0.464       0.837
60200         0.415        0.852       1228.571  2.5e-02        0.079     25.525        0.464       0.837
60300         0.421        0.851       1230.612  2.5e-02        0.078     25.523        0.464       0.837
60400         0.421        0.849       1232.653  2.5e-02        0.078     25.526        0.464       0.837
60500         0.420        0.851       1234.694  2.4e-02        0.078     25.527        0.464       0.837
60600         0.419        0.851       1236.735  2.4e-02        0.078     25.525        0.464       0.837
60700         0.422        0.850       1238.776  2.4e-02        0.078     25.522        0.464       0.837
60800         0.416        0.852       1240.816  2.4e-02        0.078     25.525        0.464       0.837
60900         0.419        0.852       1242.857  2.4e-02        0.078     25.528        0.464       0.837
61000         0.417        0.852       1244.898  2.4e-02        0.078     28.119        0.473       0.836
61100         0.425        0.849       1246.939  2.4e-02        0.079     25.527        0.473       0.836
61200         0.421        0.849       1248.980  2.4e-02        0.078     25.523        0.473       0.836
61300         0.420        0.852       1251.020  2.3e-02        0.077     25.485        0.473       0.836
61400         0.420        0.851       1253.061  2.3e-02        0.077     25.528        0.473       0.836
61500         0.419        0.851       1255.102  2.3e-02        0.078     25.523        0.473       0.836
    t    train_loss    train_acc    train_epoch       lr    data_time    it_time    test_loss    test_acc
-----  ------------  -----------  -------------  -------  -----------  ---------  -----------  ----------
61600         0.421        0.850       1257.143  2.3e-02        0.078     25.529        0.473       0.836
61700         0.417        0.852       1259.184  2.3e-02        0.078     25.524        0.473       0.836
61800         0.420        0.851       1261.224  2.3e-02        0.078     25.531        0.473       0.836
61900         0.417        0.852       1263.265  2.3e-02        0.077     25.525        0.473       0.836
62000         0.421        0.850       1265.306  2.3e-02        0.078     28.126        0.468       0.838
62100         0.420        0.850       1267.347  2.2e-02        0.080     25.527        0.468       0.838
62200         0.420        0.851       1269.388  2.2e-02        0.078     25.524        0.468       0.838
62300         0.419        0.852       1271.429  2.2e-02        0.077     25.529        0.468       0.838
62400         0.417        0.851       1273.469  2.2e-02        0.078     25.526        0.468       0.838
62500         0.419        0.852       1275.510  2.2e-02        0.078     25.529        0.468       0.838
62600         0.419        0.851       1277.551  2.2e-02        0.078     25.527        0.468       0.838
62700         0.416        0.852       1279.592  2.2e-02        0.078     25.530        0.468       0.838
62800         0.419        0.851       1281.633  2.2e-02        0.078     25.526        0.468       0.838
62900         0.421        0.850       1283.673  2.1e-02        0.078     25.527        0.468       0.838
63000         0.421        0.851       1285.714  2.1e-02        0.078     28.130        0.462       0.840
63100         0.418        0.851       1287.755  2.1e-02        0.078     25.528        0.462       0.840
63200         0.419        0.851       1289.796  2.1e-02        0.078     25.523        0.462       0.840
63300         0.416        0.852       1291.837  2.1e-02        0.078     25.529        0.462       0.840
63400         0.416        0.852       1293.878  2.1e-02        0.078     25.524        0.462       0.840
63500         0.417        0.852       1295.918  2.1e-02        0.078     25.528        0.462       0.840
63600         0.419        0.850       1297.959  2.1e-02        0.079     25.526        0.462       0.840
63700         0.420        0.850       1300.000  2.0e-02        0.078     25.484        0.462       0.840
63800         0.417        0.852       1302.041  2.0e-02        0.078     25.525        0.462       0.840
63900         0.418        0.851       1304.082  2.0e-02        0.078     25.527        0.462       0.840
64000         0.420        0.851       1306.122  2.0e-02        0.078     28.124        0.465       0.836
64100         0.416        0.852       1308.163  2.0e-02        0.078     25.528        0.465       0.836
64200         0.418        0.851       1310.204  2.0e-02        0.078     25.529        0.465       0.836
64300         0.417        0.852       1312.245  2.0e-02        0.079     25.522        0.465       0.836
64400         0.417        0.852       1314.286  2.0e-02        0.078     25.527        0.465       0.836
64500         0.421        0.851       1316.327  1.9e-02        0.079     25.525        0.465       0.836
64600         0.416        0.852       1318.367  1.9e-02        0.079     25.525        0.465       0.836
64700         0.414        0.854       1320.408  1.9e-02        0.078     25.524        0.465       0.836
64800         0.416        0.853       1322.449  1.9e-02        0.078     25.523        0.465       0.836
64900         0.421        0.850       1324.490  1.9e-02        0.078     25.526        0.465       0.836
65000         0.419        0.852       1326.531  1.9e-02        0.079     28.126        0.464       0.838
65100         0.418        0.852       1328.571  1.9e-02        0.078     25.528        0.464       0.838
65200         0.415        0.852       1330.612  1.9e-02        0.077     25.524        0.464       0.838
65300         0.417        0.852       1332.653  1.8e-02        0.078     25.525        0.464       0.838
65400         0.418        0.853       1334.694  1.8e-02        0.078     25.527        0.464       0.838
65500         0.417        0.851       1336.735  1.8e-02        0.078     25.522        0.464       0.838
65600         0.418        0.852       1338.776  1.8e-02        0.078     25.525        0.464       0.838
    t    train_loss    train_acc    train_epoch       lr    data_time    it_time    test_loss    test_acc
-----  ------------  -----------  -------------  -------  -----------  ---------  -----------  ----------
65700         0.416        0.853       1340.816  1.8e-02        0.078     25.526        0.464       0.838
65800         0.415        0.853       1342.857  1.8e-02        0.078     25.523        0.464       0.838
65900         0.416        0.852       1344.898  1.8e-02        0.078     25.529        0.464       0.838
66000         0.418        0.852       1346.939  1.8e-02        0.080     28.125        0.470       0.836
66100         0.416        0.852       1348.980  1.7e-02        0.078     25.527        0.470       0.836
66200         0.416        0.853       1351.020  1.7e-02        0.078     25.485        0.470       0.836
66300         0.418        0.852       1353.061  1.7e-02        0.078     25.523        0.470       0.836
66400         0.417        0.851       1355.102  1.7e-02        0.078     25.529        0.470       0.836
66500         0.413        0.854       1357.143  1.7e-02        0.078     25.525        0.470       0.836
66600         0.419        0.852       1359.184  1.7e-02        0.078     25.528        0.470       0.836
66700         0.413        0.853       1361.224  1.7e-02        0.079     25.526        0.470       0.836
66800         0.418        0.851       1363.265  1.7e-02        0.078     25.529        0.470       0.836
66900         0.417        0.852       1365.306  1.6e-02        0.078     25.523        0.470       0.836
67000         0.415        0.853       1367.347  1.6e-02        0.078     28.126        0.466       0.838
67100         0.417        0.852       1369.388  1.6e-02        0.078     25.522        0.466       0.838
67200         0.416        0.854       1371.429  1.6e-02        0.077     25.526        0.466       0.838
67300         0.415        0.852       1373.469  1.6e-02        0.078     25.521        0.466       0.838
67400         0.416        0.853       1375.510  1.6e-02        0.077     25.521        0.466       0.838
67500         0.415        0.853       1377.551  1.6e-02        0.078     25.526        0.466       0.838
67600         0.416        0.852       1379.592  1.6e-02        0.079     25.522        0.466       0.838
67700         0.415        0.853       1381.633  1.5e-02        0.078     25.522        0.466       0.838
67800         0.416        0.853       1383.673  1.5e-02        0.078     25.522        0.466       0.838
67900         0.416        0.852       1385.714  1.5e-02        0.078     25.525        0.466       0.838
68000         0.416        0.853       1387.755  1.5e-02        0.078     28.120        0.460       0.840
68100         0.416        0.853       1389.796  1.5e-02        0.078     25.521        0.460       0.840
68200         0.416        0.852       1391.837  1.5e-02        0.078     25.525        0.460       0.840
68300         0.415        0.854       1393.878  1.5e-02        0.078     25.521        0.460       0.840
68400         0.414        0.853       1395.918  1.5e-02        0.078     25.523        0.460       0.840
68500         0.416        0.852       1397.959  1.4e-02        0.079     25.530        0.460       0.840
68600         0.414        0.852       1400.000  1.4e-02        0.078     25.480        0.460       0.840
68700         0.414        0.854       1402.041  1.4e-02        0.078     25.526        0.460       0.840
68800         0.413        0.854       1404.082  1.4e-02        0.078     25.523        0.460       0.840
68900         0.416        0.854       1406.122  1.4e-02        0.078     25.528        0.460       0.840
69000         0.415        0.853       1408.163  1.4e-02        0.078     28.119        0.461       0.840
69100         0.416        0.853       1410.204  1.4e-02        0.078     25.527        0.461       0.840
69200         0.414        0.853       1412.245  1.4e-02        0.078     25.526        0.461       0.840
69300         0.416        0.853       1414.286  1.3e-02        0.079     25.530        0.461       0.840
69400         0.415        0.853       1416.327  1.3e-02        0.078     25.525        0.461       0.840
69500         0.415        0.853       1418.367  1.3e-02        0.078     25.522        0.461       0.840
69600         0.415        0.853       1420.408  1.3e-02        0.078     25.529        0.461       0.840
69700         0.416        0.852       1422.449  1.3e-02        0.078     25.524        0.461       0.840
    t    train_loss    train_acc    train_epoch       lr    data_time    it_time    test_loss    test_acc
-----  ------------  -----------  -------------  -------  -----------  ---------  -----------  ----------
69800         0.415        0.852       1424.490  1.3e-02        0.078     25.529        0.461       0.840
69900         0.416        0.853       1426.531  1.3e-02        0.078     25.528        0.461       0.840
70000         0.414        0.854       1428.571  1.3e-02        0.078     28.132        0.462       0.841
70100         0.416        0.851       1430.612  1.2e-02        0.079     25.528        0.462       0.841
70200         0.415        0.852       1432.653  1.2e-02        0.078     25.525        0.462       0.841
70300         0.413        0.853       1434.694  1.2e-02        0.078     25.528        0.462       0.841
70400         0.417        0.853       1436.735  1.2e-02        0.079     25.525        0.462       0.841
70500         0.415        0.853       1438.776  1.2e-02        0.078     25.522        0.462       0.841
70600         0.415        0.852       1440.816  1.2e-02        0.078     25.528        0.462       0.841
70700         0.413        0.853       1442.857  1.2e-02        0.078     25.522        0.462       0.841
70800         0.417        0.852       1444.898  1.2e-02        0.078     25.525        0.462       0.841
70900         0.414        0.853       1446.939  1.1e-02        0.079     25.531        0.462       0.841
71000         0.416        0.852       1448.980  1.1e-02        0.079     28.125        0.460       0.839
71100         0.415        0.852       1451.020  1.1e-02        0.078     25.483        0.460       0.839
71200         0.416        0.853       1453.061  1.1e-02        0.078     25.523        0.460       0.839
71300         0.413        0.853       1455.102  1.1e-02        0.078     25.522        0.460       0.839
71400         0.416        0.853       1457.143  1.1e-02        0.078     25.522        0.460       0.839
71500         0.414        0.853       1459.184  1.1e-02        0.078     25.527        0.460       0.839
71600         0.415        0.853       1461.224  1.1e-02        0.078     25.526        0.460       0.839
71700         0.414        0.853       1463.265  1.0e-02        0.079     25.522        0.460       0.839
71800         0.415        0.851       1465.306  1.0e-02        0.078     25.521        0.460       0.839
71900         0.413        0.854       1467.347  1.0e-02        0.078     25.523        0.460       0.839
72000         0.414        0.853       1469.388  1.0e-02        0.078     28.130        0.461       0.839
72100         0.413        0.854       1471.429  9.9e-03        0.078     25.523        0.461       0.839
72200         0.413        0.854       1473.469  9.8e-03        0.078     25.523        0.461       0.839
72300         0.413        0.854       1475.510  9.6e-03        0.078     25.528        0.461       0.839
72400         0.416        0.853       1477.551  9.5e-03        0.078     25.528        0.461       0.839
72500         0.413        0.854       1479.592  9.4e-03        0.078     25.524        0.461       0.839
72600         0.415        0.852       1481.633  9.3e-03        0.078     25.529        0.461       0.839
72700         0.411        0.854       1483.673  9.1e-03        0.078     25.523        0.461       0.839
72800         0.414        0.854       1485.714  9.0e-03        0.078     25.526        0.461       0.839
72900         0.411        0.855       1487.755  8.9e-03        0.078     25.529        0.461       0.839
73000         0.412        0.854       1489.796  8.8e-03        0.079     28.131        0.458       0.840
73100         0.416        0.852       1491.837  8.6e-03        0.079     25.526        0.458       0.840
73200         0.416        0.854       1493.878  8.5e-03        0.078     25.528        0.458       0.840
73300         0.413        0.854       1495.918  8.4e-03        0.079     25.532        0.458       0.840
73400         0.413        0.854       1497.959  8.3e-03        0.079     25.530        0.458       0.840
73500         0.414        0.854       1500.000  8.1e-03        0.079     25.483        0.458       0.840
73600         0.413        0.853       1502.041  8.0e-03        0.078     25.523        0.458       0.840
73700         0.413        0.853       1504.082  7.9e-03        0.078     25.530        0.458       0.840
73800         0.414        0.853       1506.122  7.8e-03        0.079     25.524        0.458       0.840
    t    train_loss    train_acc    train_epoch       lr    data_time    it_time    test_loss    test_acc
-----  ------------  -----------  -------------  -------  -----------  ---------  -----------  ----------
73900         0.412        0.854       1508.163  7.6e-03        0.077     25.525        0.458       0.840
74000         0.410        0.853       1510.204  7.5e-03        0.078     28.123        0.459       0.842
74100         0.413        0.854       1512.245  7.4e-03        0.078     25.528        0.459       0.842
74200         0.415        0.854       1514.286  7.3e-03        0.078     25.525        0.459       0.842
74300         0.411        0.854       1516.327  7.1e-03        0.078     25.528        0.459       0.842
74400         0.414        0.854       1518.367  7.0e-03        0.079     25.525        0.459       0.842
74500         0.410        0.855       1520.408  6.9e-03        0.078     25.523        0.459       0.842
74600         0.414        0.852       1522.449  6.8e-03        0.077     25.527        0.459       0.842
74700         0.412        0.854       1524.490  6.6e-03        0.078     25.527        0.459       0.842
74800         0.410        0.855       1526.531  6.5e-03        0.078     25.524        0.459       0.842
74900         0.414        0.855       1528.571  6.4e-03        0.078     25.524        0.459       0.842
75000         0.413        0.854       1530.612  6.3e-03        0.078     28.128        0.459       0.840
75100         0.413        0.854       1532.653  6.1e-03        0.078     25.523        0.459       0.840
75200         0.410        0.854       1534.694  6.0e-03        0.078     25.523        0.459       0.840
75300         0.415        0.853       1536.735  5.9e-03        0.078     25.528        0.459       0.840
75400         0.411        0.855       1538.776  5.8e-03        0.079     25.526        0.459       0.840
75500         0.415        0.853       1540.816  5.6e-03        0.079     25.525        0.459       0.840
75600         0.410        0.855       1542.857  5.5e-03        0.078     25.523        0.459       0.840
75700         0.412        0.853       1544.898  5.4e-03        0.078     25.526        0.459       0.840
75800         0.411        0.856       1546.939  5.3e-03        0.080     25.530        0.459       0.840
75900         0.412        0.854       1548.980  5.1e-03        0.078     25.522        0.459       0.840
76000         0.412        0.855       1551.020  5.0e-03        0.078     28.083        0.461       0.841
76100         0.412        0.855       1553.061  4.9e-03        0.078     25.525        0.461       0.841
76200         0.409        0.855       1555.102  4.8e-03        0.078     25.528        0.461       0.841
76300         0.412        0.855       1557.143  4.6e-03        0.079     25.527        0.461       0.841
76400         0.413        0.853       1559.184  4.5e-03        0.078     25.529        0.461       0.841
76500         0.410        0.855       1561.224  4.4e-03        0.079     25.527        0.461       0.841
76600         0.412        0.855       1563.265  4.3e-03        0.078     25.531        0.461       0.841
76700         0.410        0.855       1565.306  4.1e-03        0.078     25.524        0.461       0.841
76800         0.411        0.855       1567.347  4.0e-03        0.078     25.529        0.461       0.841
76900         0.411        0.855       1569.388  3.9e-03        0.078     25.528        0.461       0.841
77000         0.410        0.856       1571.429  3.8e-03        0.078     28.127        0.456       0.841
77100         0.412        0.856       1573.469  3.6e-03        0.078     25.530        0.456       0.841
77200         0.412        0.854       1575.510  3.5e-03        0.078     25.527        0.456       0.841
77300         0.411        0.855       1577.551  3.4e-03        0.078     25.532        0.456       0.841
77400         0.413        0.854       1579.592  3.3e-03        0.078     25.527        0.456       0.841
77500         0.410        0.855       1581.633  3.1e-03        0.078     25.530        0.456       0.841
77600         0.411        0.855       1583.673  3.0e-03        0.078     25.522        0.456       0.841
77700         0.414        0.854       1585.714  2.9e-03        0.078     25.530        0.456       0.841
77800         0.410        0.855       1587.755  2.8e-03        0.078     25.524        0.456       0.841
77900         0.411        0.855       1589.796  2.6e-03        0.078     25.525        0.456       0.841
    t    train_loss    train_acc    train_epoch       lr    data_time    it_time    test_loss    test_acc
-----  ------------  -----------  -------------  -------  -----------  ---------  -----------  ----------
78000         0.413        0.855       1591.837  2.5e-03        0.078     28.129        0.459       0.840
78100         0.408        0.856       1593.878  2.4e-03        0.078     25.524        0.459       0.840
78200         0.410        0.855       1595.918  2.3e-03        0.078     25.526        0.459       0.840
78300         0.411        0.854       1597.959  2.1e-03        0.079     25.526        0.459       0.840
78400         0.410        0.855       1600.000  2.0e-03        0.078     25.479        0.459       0.840
78500         0.411        0.854       1602.041  1.9e-03        0.079     25.523        0.459       0.840
78600         0.409        0.856       1604.082  1.8e-03        0.078     25.523        0.459       0.840
78700         0.410        0.855       1606.122  1.6e-03        0.077     25.526        0.459       0.840
78800         0.412        0.855       1608.163  1.5e-03        0.077     25.525        0.459       0.840
78900         0.408        0.855       1610.204  1.4e-03        0.078     25.524        0.459       0.840
79000         0.411        0.855       1612.245  1.3e-03        0.077     28.129        0.457       0.841
79100         0.411        0.855       1614.286  1.1e-03        0.078     25.522        0.457       0.841
79200         0.409        0.856       1616.327  1.0e-03        0.077     25.523        0.457       0.841
79300         0.410        0.855       1618.367  8.8e-04        0.078     25.525        0.457       0.841
79400         0.410        0.857       1620.408  7.5e-04        0.078     25.522        0.457       0.841
79500         0.409        0.855       1622.449  6.3e-04        0.078     25.527        0.457       0.841
79600         0.409        0.855       1624.490  5.0e-04        0.078     25.523        0.457       0.841
79700         0.411        0.855       1626.531  3.8e-04        0.078     25.526        0.457       0.841
79800         0.410        0.856       1628.571  2.5e-04        0.078     25.523        0.457       0.841
79900         0.411        0.855       1630.612  1.3e-04        0.078     25.528        0.457       0.841
80000         0.412        0.855       1632.653  1.2e-06        0.078     28.128        0.457       0.842
