  t    train_loss    train_acc    train_epoch       lr    data_time    it_time
---  ------------  -----------  -------------  -------  -----------  ---------
100      4098.060        0.505          2.041  1.0e-01        0.342     27.656
200      3759.376        0.502          4.082  1.0e-01        0.081     24.448
300      3821.706        0.499          6.122  1.0e-01        0.079     24.142
400      4052.048        0.501          8.163  1.0e-01        0.081     24.648
500      4277.533        0.503         10.204  9.9e-02        0.081     24.359
600      3744.531        0.502         12.245  9.9e-02        0.081     24.404
700      3939.742        0.500         14.286  9.9e-02        0.081     24.519
800      3672.406        0.505         16.327  9.9e-02        0.080     24.248
900      3779.034        0.501         18.367  9.9e-02        0.080     24.136
1000      4021.683        0.502         20.408  9.9e-02        0.078     27.836     4728.562       0.498
1100      3589.753        0.502         22.449  9.9e-02        0.080     24.149     4728.562       0.498
1200      3657.236        0.499         24.490  9.9e-02        0.079     24.137     4728.562       0.498
1300      3880.574        0.503         26.531  9.8e-02        0.080     24.135     4728.562       0.498
1400      3806.207        0.503         28.571  9.8e-02        0.079     24.137     4728.562       0.498
1500      3684.907        0.501         30.612  9.8e-02        0.079     24.141     4728.562       0.498
1600      3925.154        0.500         32.653  9.8e-02        0.079     24.135     4728.562       0.498
1700      3794.036        0.503         34.694  9.8e-02        0.079     24.127     4728.562       0.498
1800      3831.927        0.503         36.735  9.8e-02        0.081     24.134     4728.562       0.498
1900      4057.655        0.499         38.776  9.8e-02        0.079     24.132     4728.562       0.498
2000      4024.625        0.505         40.816  9.8e-02        0.080     26.702     2273.611       0.468
2100      3928.226        0.503         42.857  9.7e-02        0.080     23.955     2273.611       0.468
2200      3816.227        0.508         44.898  9.7e-02        0.080     23.942     2273.611       0.468
2300      3954.049        0.503         46.939  9.7e-02        0.080     23.946     2273.611       0.468
2400      3709.747        0.505         48.980  9.7e-02        0.079     23.952     2273.611       0.468
2500      3791.991        0.499         51.020  9.7e-02        0.079     23.910     2273.611       0.468
2600      3744.649        0.503         53.061  9.7e-02        0.079     23.946     2273.611       0.468
2700      3910.094        0.503         55.102  9.7e-02        0.080     23.945     2273.611       0.468
2800      3557.726        0.501         57.143  9.7e-02        0.079     23.953     2273.611       0.468
2900      3620.983        0.507         59.184  9.6e-02        0.079     23.950     2273.611       0.468
3000      3666.690        0.502         61.224  9.6e-02        0.079     26.401     3941.899       0.534
3100      3805.547        0.504         63.265  9.6e-02        0.080     23.942     3941.899       0.534
3200      3666.134        0.497         65.306  9.6e-02        0.080     23.947     3941.899       0.534
3300      3716.295        0.503         67.347  9.6e-02        0.079     23.941     3941.899       0.534
3400      3652.927        0.504         69.388  9.6e-02        0.080     23.941     3941.899       0.534
3500      3438.014        0.503         71.429  9.6e-02        0.080     23.938     3941.899       0.534
3600      3424.055        0.499         73.469  9.6e-02        0.080     23.951     3941.899       0.534
3700      3502.940        0.503         75.510  9.5e-02        0.079     23.951     3941.899       0.534
3800      4058.116        0.501         77.551  9.5e-02        0.079     23.948     3941.899       0.534
3900      3466.871        0.497         79.592  9.5e-02        0.079     23.951     3941.899       0.534
4000      3599.836        0.506         81.633  9.5e-02        0.080     26.391     2908.703       0.566
4100      3385.562        0.499         83.673  9.5e-02        0.079     23.946     2908.703       0.566
   t    train_loss    train_acc    train_epoch       lr    data_time    it_time    test_loss    test_acc
----  ------------  -----------  -------------  -------  -----------  ---------  -----------  ----------
4200      3780.754        0.500         85.714  9.5e-02        0.079     23.952     2908.703       0.566
4300      3699.121        0.501         87.755  9.5e-02        0.079     23.953     2908.703       0.566
4400      3690.903        0.504         89.796  9.5e-02        0.079     23.950     2908.703       0.566
4500      3581.728        0.500         91.837  9.4e-02        0.079     23.942     2908.703       0.566
4600      3912.390        0.507         93.878  9.4e-02        0.079     23.944     2908.703       0.566
4700      3633.087        0.501         95.918  9.4e-02        0.078     23.953     2908.703       0.566
4800      3734.873        0.498         97.959  9.4e-02        0.079     23.954     2908.703       0.566
4900      3755.443        0.500        100.000  9.4e-02        0.078     23.908     2908.703       0.566
5000      3751.380        0.503        102.041  9.4e-02        0.079     26.388     3696.171       0.495
5100      3547.041        0.503        104.082  9.4e-02        0.079     23.948     3696.171       0.495
5200      3959.352        0.502        106.122  9.4e-02        0.080     23.951     3696.171       0.495
5300      3612.024        0.504        108.163  9.3e-02        0.080     23.948     3696.171       0.495
5400      3777.493        0.503        110.204  9.3e-02        0.080     23.943     3696.171       0.495
5500      3560.089        0.502        112.245  9.3e-02        0.079     23.946     3696.171       0.495
5600      3528.764        0.502        114.286  9.3e-02        0.081     23.934     3696.171       0.495
5700      3573.087        0.501        116.327  9.3e-02        0.078     23.946     3696.171       0.495
5800      4030.612        0.501        118.367  9.3e-02        0.079     23.946     3696.171       0.495
5900      3799.175        0.501        120.408  9.3e-02        0.079     23.949     3696.171       0.495
6000      3651.602        0.503        122.449  9.3e-02        0.079     26.385     2726.320       0.491
6100      3966.219        0.500        124.490  9.2e-02        0.079     23.943     2726.320       0.491
6200      3675.005        0.501        126.531  9.2e-02        0.080     23.940     2726.320       0.491
6300      3617.119        0.506        128.571  9.2e-02        0.080     23.948     2726.320       0.491
6400      3831.933        0.499        130.612  9.2e-02        0.079     23.950     2726.320       0.491
6500      3468.759        0.503        132.653  9.2e-02        0.079     23.948     2726.320       0.491
6600      3403.557        0.502        134.694  9.2e-02        0.080     23.946     2726.320       0.491
6700      3890.945        0.506        136.735  9.2e-02        0.080     23.940     2726.320       0.491
6800      3608.108        0.504        138.776  9.2e-02        0.079     23.941     2726.320       0.491
6900      3627.732        0.500        140.816  9.1e-02        0.079     23.942     2726.320       0.491
7000      3601.078        0.500        142.857  9.1e-02        0.078     26.375     2843.780       0.559
7100      3493.886        0.500        144.898  9.1e-02        0.080     23.946     2843.780       0.559
7200      3346.150        0.503        146.939  9.1e-02        0.081     23.951     2843.780       0.559
7300      3328.843        0.508        148.980  9.1e-02        0.079     23.948     2843.780       0.559
7400      3315.518        0.502        151.020  9.1e-02        0.079     23.901     2843.780       0.559
7500      3556.405        0.498        153.061  9.1e-02        0.078     23.938     2843.780       0.559
7600      3460.983        0.506        155.102  9.1e-02        0.080     23.948     2843.780       0.559
7700      3575.951        0.501        157.143  9.0e-02        0.080     23.945     2843.780       0.559
7800      3466.755        0.499        159.184  9.0e-02        0.079     23.944     2843.780       0.559
7900      3992.963        0.494        161.224  9.0e-02        0.079     23.948     2843.780       0.559
8000      3790.384        0.509        163.265  9.0e-02        0.079     26.385     3198.820       0.521
8100      3643.733        0.501        165.306  9.0e-02        0.081     23.943     3198.820       0.521
8200      3439.708        0.499        167.347  9.0e-02        0.078     23.947     3198.820       0.521
   t    train_loss    train_acc    train_epoch       lr    data_time    it_time    test_loss    test_acc
----  ------------  -----------  -------------  -------  -----------  ---------  -----------  ----------
8300      3639.596        0.501        169.388  9.0e-02        0.079     23.944     3198.820       0.521
8400      3378.970        0.505        171.429  9.0e-02        0.079     23.941     3198.820       0.521
8500      3774.502        0.498        173.469  8.9e-02        0.079     23.950     3198.820       0.521
8600      3605.205        0.507        175.510  8.9e-02        0.078     23.952     3198.820       0.521
8700      3597.344        0.504        177.551  8.9e-02        0.078     23.948     3198.820       0.521
8800      3464.797        0.504        179.592  8.9e-02        0.079     23.948     3198.820       0.521
8900      3301.489        0.499        181.633  8.9e-02        0.078     23.948     3198.820       0.521
9000      3704.643        0.506        183.673  8.9e-02        0.080     26.373     3419.189       0.540
9100      3568.577        0.500        185.714  8.9e-02        0.078     23.943     3419.189       0.540
9200      3558.831        0.508        187.755  8.9e-02        0.078     23.943     3419.189       0.540
9300      3665.103        0.502        189.796  8.8e-02        0.078     23.948     3419.189       0.540
9400      3515.624        0.504        191.837  8.8e-02        0.078     23.951     3419.189       0.540
9500      3565.420        0.504        193.878  8.8e-02        0.078     24.025     3419.189       0.540
9600      3453.454        0.504        195.918  8.8e-02        0.080     24.279     3419.189       0.540
9700      3389.318        0.499        197.959  8.8e-02        0.080     24.260     3419.189       0.540
9800      3434.390        0.504        200.000  8.8e-02        0.080     24.214     3419.189       0.540
9900      3449.273        0.503        202.041  8.8e-02        0.080     24.254     3419.189       0.540
10000      3172.588        0.501        204.082  8.8e-02        0.079     26.727     3335.964       0.500
10100      3308.609        0.499        206.122  8.7e-02        0.079     24.250     3335.964       0.500
10200      3324.309        0.503        208.163  8.7e-02        0.079     24.261     3335.964       0.500
10300      3378.046        0.506        210.204  8.7e-02        0.079     24.259     3335.964       0.500
10400      3604.014        0.505        212.245  8.7e-02        0.079     24.258     3335.964       0.500
10500      3592.136        0.498        214.286  8.7e-02        0.079     24.266     3335.964       0.500
10600      3229.126        0.500        216.327  8.7e-02        0.079     24.258     3335.964       0.500
10700      3419.110        0.502        218.367  8.7e-02        0.079     24.257     3335.964       0.500
10800      3636.671        0.501        220.408  8.7e-02        0.080     24.353     3335.964       0.500
10900      3055.704        0.504        222.449  8.6e-02        0.079     24.159     3335.964       0.500
11000      3429.208        0.503        224.490  8.6e-02        0.081     26.577     3773.903       0.446
11100      3226.447        0.499        226.531  8.6e-02        0.079     24.114     3773.903       0.446
11200      3272.782        0.503        228.571  8.6e-02        0.079     24.121     3773.903       0.446
11300      3418.038        0.502        230.612  8.6e-02        0.079     24.119     3773.903       0.446
11400      3333.877        0.502        232.653  8.6e-02        0.079     24.112     3773.903       0.446
11500      3280.414        0.500        234.694  8.6e-02        0.080     24.116     3773.903       0.446
11600      3221.485        0.502        236.735  8.6e-02        0.078     24.123     3773.903       0.446
11700      3227.962        0.505        238.776  8.5e-02        0.079     24.112     3773.903       0.446
11800      3027.849        0.506        240.816  8.5e-02        0.079     24.121     3773.903       0.446
11900      3393.068        0.502        242.857  8.5e-02        0.079     24.111     3773.903       0.446
12000      3193.200        0.498        244.898  8.5e-02        0.079     26.569     2951.554       0.572
12100      3457.827        0.503        246.939  8.5e-02        0.080     24.121     2951.554       0.572
12200      3077.091        0.502        248.980  8.5e-02        0.079     24.117     2951.554       0.572
12300      3278.565        0.503        251.020  8.5e-02        0.080     24.076     2951.554       0.572
    t    train_loss    train_acc    train_epoch       lr    data_time    it_time    test_loss    test_acc
-----  ------------  -----------  -------------  -------  -----------  ---------  -----------  ----------
12400      3135.422        0.503        253.061  8.5e-02        0.080     24.116     2951.554       0.572
12500      3416.920        0.504        255.102  8.4e-02        0.079     24.121     2951.554       0.572
12600      3217.592        0.500        257.143  8.4e-02        0.079     24.128     2951.554       0.572
12700      3044.901        0.506        259.184  8.4e-02        0.079     24.128     2951.554       0.572
12800      3153.958        0.501        261.224  8.4e-02        0.079     24.129     2951.554       0.572
12900      3436.629        0.506        263.265  8.4e-02        0.079     24.127     2951.554       0.572
13000      3408.230        0.497        265.306  8.4e-02        0.079     26.579     3375.365       0.527
13100      2891.532        0.500        267.347  8.4e-02        0.080     24.114     3375.365       0.527
13200      3447.781        0.509        269.388  8.4e-02        0.079     24.118     3375.365       0.527
13300      3234.149        0.503        271.429  8.3e-02        0.079     24.115     3375.365       0.527
13400      3390.250        0.504        273.469  8.3e-02        0.080     24.116     3375.365       0.527
13500      3277.505        0.507        275.510  8.3e-02        0.078     24.119     3375.365       0.527
13600      3408.992        0.504        277.551  8.3e-02        0.080     24.119     3375.365       0.527
13700      3186.616        0.506        279.592  8.3e-02        0.079     24.122     3375.365       0.527
13800      3256.311        0.502        281.633  8.3e-02        0.081     24.114     3375.365       0.527
13900      3246.668        0.502        283.673  8.3e-02        0.079     24.121     3375.365       0.527
14000      3111.104        0.502        285.714  8.3e-02        0.079     26.575     2575.927       0.549
14100      3094.022        0.500        287.755  8.2e-02        0.080     24.124     2575.927       0.549
14200      3058.162        0.502        289.796  8.2e-02        0.080     24.121     2575.927       0.549
14300      3116.028        0.504        291.837  8.2e-02        0.080     24.109     2575.927       0.549
14400      3276.763        0.500        293.878  8.2e-02        0.080     24.110     2575.927       0.549
14500      3493.020        0.503        295.918  8.2e-02        0.079     24.119     2575.927       0.549
14600      3330.275        0.501        297.959  8.2e-02        0.082     24.119     2575.927       0.549
14700      2989.702        0.504        300.000  8.2e-02        0.081     24.071     2575.927       0.549
14800      3250.420        0.503        302.041  8.2e-02        0.079     24.118     2575.927       0.549
14900      3109.525        0.503        304.082  8.1e-02        0.078     24.114     2575.927       0.549
15000      2956.392        0.506        306.122  8.1e-02        0.078     26.572     2791.505       0.540
15100      2940.031        0.499        308.163  8.1e-02        0.080     24.114     2791.505       0.540
15200      2948.810        0.506        310.204  8.1e-02        0.079     24.126     2791.505       0.540
15300      3059.953        0.498        312.245  8.1e-02        0.079     24.123     2791.505       0.540
15400      3171.411        0.497        314.286  8.1e-02        0.080     24.128     2791.505       0.540
15500      3258.956        0.502        316.327  8.1e-02        0.079     24.111     2791.505       0.540
15600      3125.720        0.503        318.367  8.1e-02        0.079     24.116     2791.505       0.540
15700      3219.219        0.500        320.408  8.0e-02        0.079     24.111     2791.505       0.540
15800      3351.604        0.508        322.449  8.0e-02        0.079     24.110     2791.505       0.540
15900      3335.181        0.506        324.490  8.0e-02        0.078     24.109     2791.505       0.540
16000      2891.291        0.503        326.531  8.0e-02        0.079     26.555     2308.208       0.530
16100      2889.566        0.500        328.571  8.0e-02        0.080     24.115     2308.208       0.530
16200      3131.518        0.501        330.612  8.0e-02        0.078     24.116     2308.208       0.530
16300      3212.233        0.500        332.653  8.0e-02        0.079     24.111     2308.208       0.530
16400      3056.445        0.499        334.694  8.0e-02        0.079     24.116     2308.208       0.530
    t    train_loss    train_acc    train_epoch       lr    data_time    it_time    test_loss    test_acc
-----  ------------  -----------  -------------  -------  -----------  ---------  -----------  ----------
16500      2772.490        0.502        336.735  7.9e-02        0.079     24.117     2308.208       0.530
16600      3125.991        0.500        338.776  7.9e-02        0.080     24.116     2308.208       0.530
16700      2953.144        0.503        340.816  7.9e-02        0.079     24.117     2308.208       0.530
16800      2902.976        0.507        342.857  7.9e-02        0.080     24.118     2308.208       0.530
16900      3219.393        0.500        344.898  7.9e-02        0.080     24.115     2308.208       0.530
17000      3297.484        0.509        346.939  7.9e-02        0.080     26.566     2471.996       0.497
17100      3235.408        0.503        348.980  7.9e-02        0.079     24.121     2471.996       0.497
17200      3190.128        0.494        351.020  7.9e-02        0.079     24.075     2471.996       0.497
17300      3241.432        0.505        353.061  7.8e-02        0.079     24.119     2471.996       0.497
17400      3119.631        0.505        355.102  7.8e-02        0.080     24.111     2471.996       0.497
17500      3104.781        0.506        357.143  7.8e-02        0.079     24.118     2471.996       0.497
17600      2977.755        0.506        359.184  7.8e-02        0.079     24.127     2471.996       0.497
17700      3142.234        0.500        361.224  7.8e-02        0.079     24.108     2471.996       0.497
17800      2894.271        0.505        363.265  7.8e-02        0.079     24.112     2471.996       0.497
17900      2769.675        0.502        365.306  7.8e-02        0.080     24.114     2471.996       0.497
18000      3062.831        0.503        367.347  7.8e-02        0.079     26.562     3263.092       0.515
18100      3101.247        0.504        369.388  7.7e-02        0.079     24.115     3263.092       0.515
18200      2833.962        0.501        371.429  7.7e-02        0.079     24.130     3263.092       0.515
18300      2830.181        0.504        373.469  7.7e-02        0.081     24.115     3263.092       0.515
18400      3010.815        0.503        375.510  7.7e-02        0.080     24.115     3263.092       0.515
18500      3076.950        0.503        377.551  7.7e-02        0.080     24.110     3263.092       0.515
18600      3031.615        0.506        379.592  7.7e-02        0.080     24.118     3263.092       0.515
18700      2879.651        0.498        381.633  7.7e-02        0.081     24.111     3263.092       0.515
18800      3120.229        0.500        383.673  7.7e-02        0.080     24.115     3263.092       0.515
18900      2950.163        0.504        385.714  7.6e-02        0.080     24.118     3263.092       0.515
19000      2998.801        0.501        387.755  7.6e-02        0.081     26.573     2559.311       0.550
19100      2869.838        0.502        389.796  7.6e-02        0.081     24.118     2559.311       0.550
19200      2801.859        0.505        391.837  7.6e-02        0.080     24.121     2559.311       0.550
19300      2791.554        0.502        393.878  7.6e-02        0.081     24.113     2559.311       0.550
19400      2751.805        0.502        395.918  7.6e-02        0.082     24.119     2559.311       0.550
19500      2893.090        0.506        397.959  7.6e-02        0.081     24.120     2559.311       0.550
19600      2861.721        0.505        400.000  7.6e-02        0.080     24.070     2559.311       0.550
19700      3119.635        0.504        402.041  7.5e-02        0.079     24.122     2559.311       0.550
19800      2701.376        0.503        404.082  7.5e-02        0.080     24.115     2559.311       0.550
19900      2914.869        0.501        406.122  7.5e-02        0.080     24.106     2559.311       0.550
20000      3159.959        0.500        408.163  7.5e-02        0.081     26.567     3022.094       0.499
20100      2833.304        0.507        410.204  7.5e-02        0.079     24.120     3022.094       0.499
20200      2907.716        0.496        412.245  7.5e-02        0.080     24.114     3022.094       0.499
20300      2832.728        0.506        414.286  7.5e-02        0.081     24.111     3022.094       0.499
20400      2821.314        0.501        416.327  7.5e-02        0.081     24.109     3022.094       0.499
20500      2764.990        0.502        418.367  7.4e-02        0.079     24.106     3022.094       0.499
    t    train_loss    train_acc    train_epoch       lr    data_time    it_time    test_loss    test_acc
-----  ------------  -----------  -------------  -------  -----------  ---------  -----------  ----------
20600      3168.936        0.506        420.408  7.4e-02        0.079     24.112     3022.094       0.499
20700      2811.082        0.504        422.449  7.4e-02        0.080     24.114     3022.094       0.499
20800      2936.828        0.502        424.490  7.4e-02        0.079     24.117     3022.094       0.499
20900      2715.544        0.502        426.531  7.4e-02        0.078     24.124     3022.094       0.499
21000      3031.973        0.503        428.571  7.4e-02        0.080     26.574     3289.068       0.484
21100      2880.448        0.500        430.612  7.4e-02        0.080     24.122     3289.068       0.484
21200      2805.530        0.502        432.653  7.4e-02        0.080     24.111     3289.068       0.484
21300      2828.107        0.506        434.694  7.3e-02        0.079     24.121     3289.068       0.484
21400      2881.039        0.506        436.735  7.3e-02        0.080     24.147     3289.068       0.484
21500      2922.902        0.503        438.776  7.3e-02        0.081     24.119     3289.068       0.484
21600      2930.208        0.502        440.816  7.3e-02        0.079     24.122     3289.068       0.484
21700      2856.499        0.506        442.857  7.3e-02        0.080     24.112     3289.068       0.484
21800      2741.055        0.501        444.898  7.3e-02        0.079     24.105     3289.068       0.484
21900      2813.835        0.502        446.939  7.3e-02        0.080     24.109     3289.068       0.484
22000      2986.414        0.506        448.980  7.3e-02        0.079     26.576     2227.316       0.545
22100      2908.389        0.501        451.020  7.2e-02        0.079     24.076     2227.316       0.545
22200      2588.093        0.504        453.061  7.2e-02        0.079     24.119     2227.316       0.545
22300      2608.495        0.505        455.102  7.2e-02        0.079     24.116     2227.316       0.545
22400      2591.889        0.504        457.143  7.2e-02        0.080     24.117     2227.316       0.545
22500      2906.108        0.502        459.184  7.2e-02        0.080     24.110     2227.316       0.545
22600      2592.767        0.508        461.224  7.2e-02        0.080     24.120     2227.316       0.545
22700      2566.869        0.511        463.265  7.2e-02        0.081     24.117     2227.316       0.545
22800      2950.695        0.497        465.306  7.2e-02        0.081     24.123     2227.316       0.545
22900      2908.933        0.503        467.347  7.1e-02        0.080     24.127     2227.316       0.545
23000      2593.961        0.506        469.388  7.1e-02        0.081     26.570     3218.058       0.487
23100      2811.627        0.504        471.429  7.1e-02        0.081     24.118     3218.058       0.487
23200      2785.716        0.500        473.469  7.1e-02        0.079     24.116     3218.058       0.487
23300      2857.014        0.503        475.510  7.1e-02        0.079     24.123     3218.058       0.487
23400      2515.114        0.499        477.551  7.1e-02        0.079     24.120     3218.058       0.487
23500      2561.223        0.505        479.592  7.1e-02        0.080     24.109     3218.058       0.487
23600      2793.145        0.499        481.633  7.1e-02        0.080     24.114     3218.058       0.487
23700      2858.438        0.505        483.673  7.0e-02        0.078     24.116     3218.058       0.487
23800      2674.342        0.502        485.714  7.0e-02        0.079     24.114     3218.058       0.487
23900      2751.930        0.504        487.755  7.0e-02        0.078     24.112     3218.058       0.487
24000      2869.407        0.501        489.796  7.0e-02        0.080     26.562     2424.977       0.539
24100      2806.924        0.503        491.837  7.0e-02        0.080     24.106     2424.977       0.539
24200      2702.862        0.505        493.878  7.0e-02        0.080     24.114     2424.977       0.539
24300      2690.854        0.506        495.918  7.0e-02        0.080     24.108     2424.977       0.539
24400      2480.998        0.503        497.959  7.0e-02        0.081     24.107     2424.977       0.539
24500      2551.047        0.503        500.000  6.9e-02        0.080     24.065     2424.977       0.539
24600      2682.036        0.504        502.041  6.9e-02        0.080     24.115     2424.977       0.539
    t    train_loss    train_acc    train_epoch       lr    data_time    it_time    test_loss    test_acc
-----  ------------  -----------  -------------  -------  -----------  ---------  -----------  ----------
24700      2520.463        0.503        504.082  6.9e-02        0.079     24.115     2424.977       0.539
24800      2554.611        0.503        506.122  6.9e-02        0.079     24.121     2424.977       0.539
24900      2628.790        0.505        508.163  6.9e-02        0.080     24.122     2424.977       0.539
25000      2586.188        0.502        510.204  6.9e-02        0.080     26.577     2510.477       0.481
25100      2667.318        0.504        512.245  6.9e-02        0.079     24.113     2510.477       0.481
25200      2777.839        0.503        514.286  6.9e-02        0.080     24.122     2510.477       0.481
25300      2918.286        0.500        516.327  6.8e-02        0.079     24.117     2510.477       0.481
25400      2606.979        0.504        518.367  6.8e-02        0.081     24.109     2510.477       0.481
25500      2893.329        0.505        520.408  6.8e-02        0.080     24.111     2510.477       0.481
25600      2685.962        0.501        522.449  6.8e-02        0.080     24.111     2510.477       0.481
25700      2607.603        0.503        524.490  6.8e-02        0.079     24.125     2510.477       0.481
25800      2730.930        0.505        526.531  6.8e-02        0.079     24.117     2510.477       0.481
25900      2759.734        0.505        528.571  6.8e-02        0.079     24.119     2510.477       0.481
26000      2638.444        0.500        530.612  6.8e-02        0.080     26.568     3111.128       0.485
26100      2421.858        0.506        532.653  6.7e-02        0.080     24.114     3111.128       0.485
26200      2476.911        0.507        534.694  6.7e-02        0.079     24.115     3111.128       0.485
26300      2586.412        0.504        536.735  6.7e-02        0.081     24.114     3111.128       0.485
26400      2566.541        0.500        538.776  6.7e-02        0.080     24.115     3111.128       0.485
26500      2622.472        0.502        540.816  6.7e-02        0.080     24.112     3111.128       0.485
26600      2367.925        0.505        542.857  6.7e-02        0.079     24.123     3111.128       0.485
26700      2635.995        0.504        544.898  6.7e-02        0.079     24.117     3111.128       0.485
26800      2560.621        0.503        546.939  6.7e-02        0.081     24.115     3111.128       0.485
26900      2717.473        0.505        548.980  6.6e-02        0.079     24.125     3111.128       0.485
27000      2567.343        0.504        551.020  6.6e-02        0.080     26.538     2312.992       0.443
27100      2634.222        0.500        553.061  6.6e-02        0.080     24.120     2312.992       0.443
27200      2583.784        0.505        555.102  6.6e-02        0.081     24.125     2312.992       0.443
27300      2719.318        0.506        557.143  6.6e-02        0.079     24.126     2312.992       0.443
27400      2571.481        0.507        559.184  6.6e-02        0.080     24.121     2312.992       0.443
27500      2723.888        0.503        561.224  6.6e-02        0.079     24.118     2312.992       0.443
27600      2337.535        0.504        563.265  6.6e-02        0.080     24.119     2312.992       0.443
27700      2514.253        0.509        565.306  6.5e-02        0.080     24.118     2312.992       0.443
27800      2606.861        0.501        567.347  6.5e-02        0.080     24.106     2312.992       0.443
27900      2482.958        0.508        569.388  6.5e-02        0.078     24.117     2312.992       0.443
28000      2421.446        0.498        571.429  6.5e-02        0.079     26.568     2704.445       0.557
28100      2497.604        0.504        573.469  6.5e-02        0.080     24.110     2704.445       0.557
28200      2643.562        0.504        575.510  6.5e-02        0.079     24.115     2704.445       0.557
28300      2503.683        0.503        577.551  6.5e-02        0.079     24.109     2704.445       0.557
28400      2528.114        0.503        579.592  6.5e-02        0.081     24.109     2704.445       0.557
28500      2515.007        0.506        581.633  6.4e-02        0.080     24.110     2704.445       0.557
28600      2569.862        0.507        583.673  6.4e-02        0.081     24.106     2704.445       0.557
28700      2403.098        0.504        585.714  6.4e-02        0.080     24.117     2704.445       0.557
    t    train_loss    train_acc    train_epoch       lr    data_time    it_time    test_loss    test_acc
-----  ------------  -----------  -------------  -------  -----------  ---------  -----------  ----------
28800      2419.877        0.505        587.755  6.4e-02        0.079     24.121     2704.445       0.557
28900      2278.034        0.502        589.796  6.4e-02        0.080     24.120     2704.445       0.557
29000      2481.302        0.502        591.837  6.4e-02        0.080     26.574     2282.913       0.570
29100      2496.929        0.506        593.878  6.4e-02        0.081     24.117     2282.913       0.570
29200      2454.728        0.501        595.918  6.4e-02        0.082     24.122     2282.913       0.570
29300      2231.624        0.506        597.959  6.3e-02        0.081     24.123     2282.913       0.570
29400      2604.908        0.505        600.000  6.3e-02        0.081     24.080     2282.913       0.570
29500      2554.215        0.503        602.041  6.3e-02        0.080     24.119     2282.913       0.570
29600      2677.683        0.500        604.082  6.3e-02        0.080     24.112     2282.913       0.570
29700      2655.458        0.508        606.122  6.3e-02        0.079     24.128     2282.913       0.570
29800      2327.872        0.505        608.163  6.3e-02        0.080     24.112     2282.913       0.570
29900      2532.547        0.500        610.204  6.3e-02        0.080     24.122     2282.913       0.570
30000      2422.171        0.503        612.245  6.3e-02        0.081     26.573     2253.700       0.471
30100      2484.360        0.503        614.286  6.2e-02        0.080     24.130     2253.700       0.471
30200      2593.484        0.501        616.327  6.2e-02        0.080     24.123     2253.700       0.471
30300      2444.273        0.499        618.367  6.2e-02        0.081     24.121     2253.700       0.471
30400      2522.942        0.508        620.408  6.2e-02        0.080     24.125     2253.700       0.471
30500      2451.233        0.502        622.449  6.2e-02        0.081     24.119     2253.700       0.471
30600      2347.436        0.507        624.490  6.2e-02        0.081     24.124     2253.700       0.471
30700      2314.166        0.508        626.531  6.2e-02        0.080     24.118     2253.700       0.471
30800      2098.400        0.503        628.571  6.2e-02        0.079     24.119     2253.700       0.471
30900      2382.585        0.503        630.612  6.1e-02        0.080     24.114     2253.700       0.471
31000      2355.994        0.504        632.653  6.1e-02        0.081     26.573     2133.176       0.534
31100      2267.753        0.503        634.694  6.1e-02        0.080     24.124     2133.176       0.534
31200      2374.823        0.503        636.735  6.1e-02        0.080     24.118     2133.176       0.534
31300      2191.137        0.506        638.776  6.1e-02        0.079     24.118     2133.176       0.534
31400      2358.564        0.505        640.816  6.1e-02        0.082     24.117     2133.176       0.534
31500      2207.511        0.501        642.857  6.1e-02        0.080     24.123     2133.176       0.534
31600      2145.406        0.505        644.898  6.1e-02        0.080     24.113     2133.176       0.534
31700      2245.168        0.499        646.939  6.0e-02        0.081     24.124     2133.176       0.534
31800      2454.837        0.506        648.980  6.0e-02        0.081     24.123     2133.176       0.534
31900      2304.940        0.502        651.020  6.0e-02        0.080     24.074     2133.176       0.534
32000      2178.189        0.505        653.061  6.0e-02        0.080     26.570     2697.764       0.539
32100      2449.965        0.505        655.102  6.0e-02        0.080     24.109     2697.764       0.539
32200      2174.411        0.506        657.143  6.0e-02        0.079     24.108     2697.764       0.539
32300      2266.469        0.501        659.184  6.0e-02        0.080     24.108     2697.764       0.539
32400      2163.442        0.510        661.224  6.0e-02        0.081     24.114     2697.764       0.539
32500      2216.943        0.505        663.265  5.9e-02        0.080     24.114     2697.764       0.539
32600      2587.535        0.505        665.306  5.9e-02        0.081     24.120     2697.764       0.539
32700      2159.964        0.508        667.347  5.9e-02        0.079     24.118     2697.764       0.539
32800      2251.961        0.502        669.388  5.9e-02        0.080     24.118     2697.764       0.539
    t    train_loss    train_acc    train_epoch       lr    data_time    it_time    test_loss    test_acc
-----  ------------  -----------  -------------  -------  -----------  ---------  -----------  ----------
32900      2257.437        0.505        671.429  5.9e-02        0.080     24.122     2697.764       0.539
33000      2286.211        0.506        673.469  5.9e-02        0.080     26.586     2421.549       0.493
33100      2298.020        0.502        675.510  5.9e-02        0.080     24.125     2421.549       0.493
33200      2315.948        0.505        677.551  5.9e-02        0.080     24.129     2421.549       0.493
33300      2420.342        0.504        679.592  5.8e-02        0.079     24.132     2421.549       0.493
33400      2232.528        0.501        681.633  5.8e-02        0.080     24.133     2421.549       0.493
33500      2340.829        0.509        683.673  5.8e-02        0.080     24.122     2421.549       0.493
33600      2322.517        0.503        685.714  5.8e-02        0.080     24.114     2421.549       0.493
33700      2202.215        0.502        687.755  5.8e-02        0.080     24.122     2421.549       0.493
33800      2091.723        0.505        689.796  5.8e-02        0.080     24.116     2421.549       0.493
33900      2195.631        0.501        691.837  5.8e-02        0.079     24.115     2421.549       0.493
34000      2136.006        0.507        693.878  5.8e-02        0.081     26.578     2458.934       0.491
34100      2175.106        0.507        695.918  5.7e-02        0.080     24.125     2458.934       0.491
34200      2104.719        0.503        697.959  5.7e-02        0.082     24.119     2458.934       0.491
34300      2067.310        0.502        700.000  5.7e-02        0.079     24.085     2458.934       0.491
34400      2195.816        0.509        702.041  5.7e-02        0.079     24.127     2458.934       0.491
34500      2214.716        0.504        704.082  5.7e-02        0.080     24.131     2458.934       0.491
34600      2138.749        0.502        706.122  5.7e-02        0.079     24.121     2458.934       0.491
34700      2385.775        0.506        708.163  5.7e-02        0.080     24.117     2458.934       0.491
34800      2246.753        0.501        710.204  5.7e-02        0.079     24.123     2458.934       0.491
34900      2220.137        0.506        712.245  5.6e-02        0.079     24.128     2458.934       0.491
35000      2074.308        0.505        714.286  5.6e-02        0.080     26.579     2048.894       0.456
35100      2185.374        0.509        716.327  5.6e-02        0.080     24.127     2048.894       0.456
35200      2127.846        0.503        718.367  5.6e-02        0.081     24.120     2048.894       0.456
35300      2128.872        0.507        720.408  5.6e-02        0.079     24.123     2048.894       0.456
35400      2120.828        0.503        722.449  5.6e-02        0.079     24.114     2048.894       0.456
35500      2075.067        0.504        724.490  5.6e-02        0.079     24.117     2048.894       0.456
35600      2033.771        0.504        726.531  5.6e-02        0.080     24.127     2048.894       0.456
35700      2032.422        0.501        728.571  5.5e-02        0.080     24.131     2048.894       0.456
35800      2049.247        0.503        730.612  5.5e-02        0.081     24.114     2048.894       0.456
35900      2121.274        0.502        732.653  5.5e-02        0.080     24.113     2048.894       0.456
36000      1868.743        0.509        734.694  5.5e-02        0.079     26.583     2259.573       0.459
36100      2061.166        0.506        736.735  5.5e-02        0.080     24.115     2259.573       0.459
36200      1972.328        0.502        738.776  5.5e-02        0.080     24.125     2259.573       0.459
36300      2208.008        0.506        740.816  5.5e-02        0.080     24.121     2259.573       0.459
36400      2004.798        0.507        742.857  5.5e-02        0.080     24.124     2259.573       0.459
36500      2098.369        0.504        744.898  5.4e-02        0.080     24.120     2259.573       0.459
36600      2004.673        0.504        746.939  5.4e-02        0.081     24.120     2259.573       0.459
36700      2168.377        0.501        748.980  5.4e-02        0.079     24.121     2259.573       0.459
36800      1972.341        0.503        751.020  5.4e-02        0.080     24.075     2259.573       0.459
36900      1944.842        0.504        753.061  5.4e-02        0.079     24.129     2259.573       0.459
    t    train_loss    train_acc    train_epoch       lr    data_time    it_time    test_loss    test_acc
-----  ------------  -----------  -------------  -------  -----------  ---------  -----------  ----------
37000      1935.177        0.504        755.102  5.4e-02        0.080     26.578     1823.289       0.423
37100      2046.823        0.504        757.143  5.4e-02        0.079     24.131     1823.289       0.423
37200      1904.200        0.501        759.184  5.4e-02        0.081     24.116     1823.289       0.423
37300      2041.829        0.509        761.224  5.3e-02        0.080     24.114     1823.289       0.423
37400      2211.224        0.507        763.265  5.3e-02        0.079     24.124     1823.289       0.423
37500      2130.140        0.507        765.306  5.3e-02        0.081     24.119     1823.289       0.423
37600      2043.181        0.503        767.347  5.3e-02        0.080     24.125     1823.289       0.423
37700      2270.635        0.502        769.388  5.3e-02        0.082     24.122     1823.289       0.423
37800      1876.590        0.502        771.429  5.3e-02        0.079     24.119     1823.289       0.423
37900      2089.688        0.504        773.469  5.3e-02        0.080     24.117     1823.289       0.423
38000      1958.671        0.509        775.510  5.3e-02        0.079     26.572     1580.065       0.513
38100      2066.807        0.505        777.551  5.2e-02        0.080     24.131     1580.065       0.513
38200      1947.509        0.499        779.592  5.2e-02        0.079     24.128     1580.065       0.513
38300      2071.186        0.503        781.633  5.2e-02        0.079     24.124     1580.065       0.513
38400      2074.234        0.501        783.673  5.2e-02        0.081     24.117     1580.065       0.513
38500      2135.439        0.505        785.714  5.2e-02        0.079     24.128     1580.065       0.513
38600      2166.334        0.504        787.755  5.2e-02        0.080     24.126     1580.065       0.513
38700      1959.062        0.501        789.796  5.2e-02        0.080     24.114     1580.065       0.513
38800      1973.853        0.504        791.837  5.2e-02        0.080     24.130     1580.065       0.513
38900      2157.567        0.507        793.878  5.1e-02        0.080     24.123     1580.065       0.513
39000      1839.906        0.505        795.918  5.1e-02        0.080     26.583     1510.537       0.570
39100      2004.157        0.503        797.959  5.1e-02        0.081     24.121     1510.537       0.570
39200      1930.413        0.504        800.000  5.1e-02        0.079     24.081     1510.537       0.570
39300      1983.753        0.505        802.041  5.1e-02        0.080     24.120     1510.537       0.570
39400      1850.876        0.501        804.082  5.1e-02        0.081     24.114     1510.537       0.570
39500      2070.219        0.503        806.122  5.1e-02        0.081     24.119     1510.537       0.570
39600      1782.895        0.501        808.163  5.1e-02        0.080     24.121     1510.537       0.570
39700      1876.915        0.508        810.204  5.0e-02        0.080     24.123     1510.537       0.570
39800      2038.719        0.504        812.245  5.0e-02        0.080     24.120     1510.537       0.570
39900      1899.546        0.504        814.286  5.0e-02        0.080     24.119     1510.537       0.570
40000      1704.919        0.501        816.327  5.0e-02        0.080     26.573     2479.132       0.492
40100      1986.227        0.504        818.367  5.0e-02        0.080     24.110     2479.132       0.492
40200      2017.757        0.507        820.408  5.0e-02        0.080     24.112     2479.132       0.492
40300      1729.208        0.501        822.449  5.0e-02        0.081     24.113     2479.132       0.492
40400      1874.399        0.507        824.490  5.0e-02        0.079     24.117     2479.132       0.492
40500      1913.528        0.501        826.531  4.9e-02        0.080     24.116     2479.132       0.492
40600      1926.647        0.506        828.571  4.9e-02        0.080     24.115     2479.132       0.492
40700      1796.176        0.504        830.612  4.9e-02        0.080     24.112     2479.132       0.492
40800      1881.082        0.500        832.653  4.9e-02        0.080     24.113     2479.132       0.492
40900      1675.899        0.505        834.694  4.9e-02        0.080     24.121     2479.132       0.492
41000      1877.670        0.507        836.735  4.9e-02        0.080     26.605     1426.171       0.479
    t    train_loss    train_acc    train_epoch       lr    data_time    it_time    test_loss    test_acc
-----  ------------  -----------  -------------  -------  -----------  ---------  -----------  ----------
41100      2054.954        0.502        838.776  4.9e-02        0.080     24.116     1426.171       0.479
41200      1907.757        0.505        840.816  4.9e-02        0.080     24.133     1426.171       0.479
41300      1797.328        0.508        842.857  4.8e-02        0.079     24.128     1426.171       0.479
41400      1796.279        0.508        844.898  4.8e-02        0.079     24.123     1426.171       0.479
41500      2071.733        0.505        846.939  4.8e-02        0.081     24.124     1426.171       0.479
41600      1928.166        0.506        848.980  4.8e-02        0.080     24.125     1426.171       0.479
41700      1926.823        0.501        851.020  4.8e-02        0.081     24.076     1426.171       0.479
41800      1944.125        0.507        853.061  4.8e-02        0.081     24.126     1426.171       0.479
41900      1927.820        0.504        855.102  4.8e-02        0.079     24.120     1426.171       0.479
42000      1797.478        0.503        857.143  4.8e-02        0.080     26.608     1561.062       0.516
42100      1770.101        0.507        859.184  4.7e-02        0.080     24.126     1561.062       0.516
42200      1917.367        0.508        861.224  4.7e-02        0.080     24.117     1561.062       0.516
42300      1809.571        0.507        863.265  4.7e-02        0.080     24.121     1561.062       0.516
42400      1809.498        0.502        865.306  4.7e-02        0.080     24.122     1561.062       0.516
42500      1947.768        0.508        867.347  4.7e-02        0.080     24.124     1561.062       0.516
42600      1769.904        0.504        869.388  4.7e-02        0.079     24.124     1561.062       0.516
42700      1759.431        0.505        871.429  4.7e-02        0.080     24.114     1561.062       0.516
42800      2158.923        0.505        873.469  4.7e-02        0.080     24.114     1561.062       0.516
42900      1782.738        0.505        875.510  4.6e-02        0.080     24.125     1561.062       0.516
43000      1834.264        0.504        877.551  4.6e-02        0.080     26.565     2169.923       0.466
43100      1747.070        0.508        879.592  4.6e-02        0.079     24.121     2169.923       0.466
43200      1642.583        0.504        881.633  4.6e-02        0.080     24.118     2169.923       0.466
43300      1709.989        0.501        883.673  4.6e-02        0.079     24.127     2169.923       0.466
43400      1895.960        0.509        885.714  4.6e-02        0.080     24.123     2169.923       0.466
43500      1725.455        0.505        887.755  4.6e-02        0.080     24.110     2169.923       0.466
43600      1776.030        0.500        889.796  4.6e-02        0.080     24.114     2169.923       0.466
43700      1853.964        0.506        891.837  4.5e-02        0.080     24.128     2169.923       0.466
43800      1822.546        0.508        893.878  4.5e-02        0.080     24.128     2169.923       0.466
43900      1705.561        0.503        895.918  4.5e-02        0.080     24.124     2169.923       0.466
44000      1798.331        0.499        897.959  4.5e-02        0.081     26.603     1544.521       0.567
44100      1660.210        0.506        900.000  4.5e-02        0.079     24.078     1544.521       0.567
44200      1748.471        0.504        902.041  4.5e-02        0.080     24.117     1544.521       0.567
44300      1714.907        0.504        904.082  4.5e-02        0.080     24.107     1544.521       0.567
44400      1735.444        0.503        906.122  4.5e-02        0.080     24.110     1544.521       0.567
44500      1832.636        0.503        908.163  4.4e-02        0.081     24.119     1544.521       0.567
44600      1841.389        0.504        910.204  4.4e-02        0.081     24.120     1544.521       0.567
44700      1683.125        0.500        912.245  4.4e-02        0.080     24.140     1544.521       0.567
44800      1578.572        0.508        914.286  4.4e-02        0.080     24.116     1544.521       0.567
44900      1824.784        0.502        916.327  4.4e-02        0.080     24.118     1544.521       0.567
45000      1616.778        0.506        918.367  4.4e-02        0.080     26.578     2043.350       0.481
45100      1754.244        0.506        920.408  4.4e-02        0.080     24.115     2043.350       0.481
    t    train_loss    train_acc    train_epoch       lr    data_time    it_time    test_loss    test_acc
-----  ------------  -----------  -------------  -------  -----------  ---------  -----------  ----------
45200      1644.801        0.503        922.449  4.4e-02        0.080     24.107     2043.350       0.481
45300      1651.193        0.508        924.490  4.3e-02        0.080     24.127     2043.350       0.481
45400      1579.663        0.505        926.531  4.3e-02        0.080     24.124     2043.350       0.481
45500      1747.020        0.503        928.571  4.3e-02        0.080     24.118     2043.350       0.481
45600      1743.891        0.503        930.612  4.3e-02        0.079     24.124     2043.350       0.481
45700      1523.068        0.503        932.653  4.3e-02        0.080     24.122     2043.350       0.481
45800      1784.569        0.507        934.694  4.3e-02        0.080     24.125     2043.350       0.481
45900      1707.946        0.500        936.735  4.3e-02        0.080     24.115     2043.350       0.481
46000      1734.875        0.505        938.776  4.3e-02        0.080     26.570     2250.550       0.524
46100      1594.787        0.510        940.816  4.2e-02        0.082     24.113     2250.550       0.524
46200      1592.021        0.500        942.857  4.2e-02        0.080     24.114     2250.550       0.524
46300      1523.345        0.508        944.898  4.2e-02        0.080     24.127     2250.550       0.524
46400      1653.351        0.503        946.939  4.2e-02        0.081     24.120     2250.550       0.524
46500      1652.875        0.506        948.980  4.2e-02        0.079     24.121     2250.550       0.524
46600      1730.002        0.507        951.020  4.2e-02        0.080     24.080     2250.550       0.524
46700      1620.870        0.503        953.061  4.2e-02        0.079     24.121     2250.550       0.524
46800      1700.379        0.506        955.102  4.2e-02        0.079     24.118     2250.550       0.524
46900      1674.612        0.502        957.143  4.1e-02        0.080     24.118     2250.550       0.524
47000      1498.408        0.504        959.184  4.1e-02        0.080     26.572     1275.903       0.528
47100      1480.473        0.502        961.224  4.1e-02        0.081     24.118     1275.903       0.528
47200      1435.049        0.509        963.265  4.1e-02        0.079     24.119     1275.903       0.528
47300      1588.210        0.499        965.306  4.1e-02        0.080     24.115     1275.903       0.528
47400      1490.216        0.507        967.347  4.1e-02        0.079     24.127     1275.903       0.528
47500      1631.818        0.507        969.388  4.1e-02        0.080     24.116     1275.903       0.528
47600      1666.358        0.500        971.429  4.1e-02        0.081     24.116     1275.903       0.528
47700      1650.376        0.503        973.469  4.0e-02        0.080     24.111     1275.903       0.528
47800      1527.512        0.502        975.510  4.0e-02        0.079     24.128     1275.903       0.528
47900      1420.332        0.508        977.551  4.0e-02        0.079     24.119     1275.903       0.528
48000      1466.407        0.506        979.592  4.0e-02        0.079     26.579      852.477       0.559
48100      1619.663        0.504        981.633  4.0e-02        0.080     24.129      852.477       0.559
48200      1546.776        0.506        983.673  4.0e-02        0.080     24.122      852.477       0.559
48300      1513.953        0.511        985.714  4.0e-02        0.079     24.118      852.477       0.559
48400      1605.678        0.502        987.755  4.0e-02        0.080     24.115      852.477       0.559
48500      1513.147        0.504        989.796  3.9e-02        0.081     24.112      852.477       0.559
48600      1539.140        0.503        991.837  3.9e-02        0.079     24.121      852.477       0.559
48700      1468.943        0.506        993.878  3.9e-02        0.080     24.109      852.477       0.559
48800      1539.436        0.505        995.918  3.9e-02        0.082     24.111      852.477       0.559
48900      1438.693        0.504        997.959  3.9e-02        0.083     24.114      852.477       0.559
49000      1519.837        0.508       1000.000  3.9e-02        0.080     26.523     1489.403       0.496
49100      1387.550        0.501       1002.041  3.9e-02        0.081     24.115     1489.403       0.496
49200      1525.882        0.505       1004.082  3.9e-02        0.080     24.115     1489.403       0.496
    t    train_loss    train_acc    train_epoch       lr    data_time    it_time    test_loss    test_acc
-----  ------------  -----------  -------------  -------  -----------  ---------  -----------  ----------
49300      1514.352        0.505       1006.122  3.8e-02        0.080     24.112     1489.403       0.496
49400      1437.498        0.497       1008.163  3.8e-02        0.080     24.124     1489.403       0.496
49500      1594.220        0.506       1010.204  3.8e-02        0.080     24.122     1489.403       0.496
49600      1309.031        0.500       1012.245  3.8e-02        0.082     24.116     1489.403       0.496
49700      1460.701        0.508       1014.286  3.8e-02        0.080     24.115     1489.403       0.496
49800      1456.646        0.504       1016.327  3.8e-02        0.080     24.125     1489.403       0.496
49900      1440.632        0.500       1018.367  3.8e-02        0.080     24.116     1489.403       0.496
50000      1452.028        0.505       1020.408  3.8e-02        0.080     26.567     1573.654       0.465
50100      1407.439        0.508       1022.449  3.7e-02        0.080     24.117     1573.654       0.465
50200      1422.884        0.499       1024.490  3.7e-02        0.080     24.122     1573.654       0.465
50300      1554.663        0.506       1026.531  3.7e-02        0.080     24.115     1573.654       0.465
50400      1405.570        0.507       1028.571  3.7e-02        0.079     24.125     1573.654       0.465
50500      1239.657        0.507       1030.612  3.7e-02        0.079     24.123     1573.654       0.465
50600      1331.666        0.504       1032.653  3.7e-02        0.079     24.121     1573.654       0.465
50700      1359.844        0.505       1034.694  3.7e-02        0.080     24.125     1573.654       0.465
50800      1406.874        0.504       1036.735  3.7e-02        0.080     24.125     1573.654       0.465
50900      1380.383        0.501       1038.776  3.6e-02        0.080     24.109     1573.654       0.465
51000      1374.978        0.506       1040.816  3.6e-02        0.080     26.582     1328.850       0.539
51100      1385.543        0.507       1042.857  3.6e-02        0.080     24.124     1328.850       0.539
51200      1298.307        0.505       1044.898  3.6e-02        0.081     24.108     1328.850       0.539
51300      1258.343        0.505       1046.939  3.6e-02        0.082     24.117     1328.850       0.539
51400      1328.744        0.502       1048.980  3.6e-02        0.080     24.125     1328.850       0.539
51500      1331.209        0.510       1051.020  3.6e-02        0.079     24.090     1328.850       0.539
51600      1366.792        0.501       1053.061  3.6e-02        0.081     24.129     1328.850       0.539
51700      1393.674        0.508       1055.102  3.5e-02        0.080     24.125     1328.850       0.539
51800      1354.917        0.503       1057.143  3.5e-02        0.081     24.131     1328.850       0.539
51900      1271.831        0.507       1059.184  3.5e-02        0.081     24.127     1328.850       0.539
52000      1347.307        0.498       1061.224  3.5e-02        0.079     26.581     1761.255       0.467
52100      1652.190        0.505       1063.265  3.5e-02        0.081     24.130     1761.255       0.467
52200      1189.884        0.508       1065.306  3.5e-02        0.081     24.126     1761.255       0.467
52300      1293.111        0.502       1067.347  3.5e-02        0.080     24.128     1761.255       0.467
52400      1340.218        0.510       1069.388  3.5e-02        0.079     24.118     1761.255       0.467
52500      1234.638        0.504       1071.429  3.4e-02        0.081     24.109     1761.255       0.467
52600      1279.885        0.500       1073.469  3.4e-02        0.079     24.124     1761.255       0.467
52700      1286.459        0.509       1075.510  3.4e-02        0.080     24.115     1761.255       0.467
52800      1273.817        0.503       1077.551  3.4e-02        0.080     24.120     1761.255       0.467
52900      1180.621        0.511       1079.592  3.4e-02        0.080     24.118     1761.255       0.467
53000      1302.512        0.505       1081.633  3.4e-02        0.080     26.578     1382.875       0.502
53100      1464.195        0.504       1083.673  3.4e-02        0.080     24.122     1382.875       0.502
53200      1360.679        0.501       1085.714  3.4e-02        0.080     24.123     1382.875       0.502
53300      1303.397        0.504       1087.755  3.3e-02        0.080     24.111     1382.875       0.502
    t    train_loss    train_acc    train_epoch       lr    data_time    it_time    test_loss    test_acc
-----  ------------  -----------  -------------  -------  -----------  ---------  -----------  ----------
53400      1388.457        0.510       1089.796  3.3e-02        0.079     24.119     1382.875       0.502
53500      1244.743        0.509       1091.837  3.3e-02        0.080     24.122     1382.875       0.502
53600      1248.219        0.503       1093.878  3.3e-02        0.079     24.124     1382.875       0.502
53700      1172.562        0.503       1095.918  3.3e-02        0.080     24.122     1382.875       0.502
53800      1237.690        0.504       1097.959  3.3e-02        0.081     24.123     1382.875       0.502
53900      1185.110        0.509       1100.000  3.3e-02        0.080     24.082     1382.875       0.502
54000      1072.516        0.504       1102.041  3.3e-02        0.079     26.574     1466.550       0.524
54100      1240.564        0.509       1104.082  3.2e-02        0.079     24.121     1466.550       0.524
54200      1247.583        0.500       1106.122  3.2e-02        0.079     24.110     1466.550       0.524
54300      1249.111        0.505       1108.163  3.2e-02        0.079     24.134     1466.550       0.524
54400      1162.511        0.505       1110.204  3.2e-02        0.080     24.122     1466.550       0.524
54500      1244.723        0.507       1112.245  3.2e-02        0.080     24.125     1466.550       0.524
54600      1283.844        0.504       1114.286  3.2e-02        0.079     24.121     1466.550       0.524
54700      1245.476        0.512       1116.327  3.2e-02        0.079     24.127     1466.550       0.524
54800      1226.472        0.506       1118.367  3.2e-02        0.081     24.131     1466.550       0.524
54900      1216.505        0.503       1120.408  3.1e-02        0.080     24.126     1466.550       0.524
55000      1227.049        0.507       1122.449  3.1e-02        0.079     26.581      704.139       0.502
55100      1162.537        0.505       1124.490  3.1e-02        0.081     24.132      704.139       0.502
55200      1158.631        0.507       1126.531  3.1e-02        0.082     24.132      704.139       0.502
55300      1026.679        0.509       1128.571  3.1e-02        0.082     24.128      704.139       0.502
55400      1109.957        0.500       1130.612  3.1e-02        0.081     24.131      704.139       0.502
55500      1285.279        0.505       1132.653  3.1e-02        0.082     24.132      704.139       0.502
55600      1132.923        0.507       1134.694  3.1e-02        0.083     24.129      704.139       0.502
55700      1065.313        0.506       1136.735  3.0e-02        0.081     24.121      704.139       0.502
55800      1157.222        0.508       1138.776  3.0e-02        0.080     24.123      704.139       0.502
55900      1175.802        0.508       1140.816  3.0e-02        0.080     24.118      704.139       0.502
56000      1210.597        0.508       1142.857  3.0e-02        0.080     26.578      735.020       0.540
56100      1169.545        0.505       1144.898  3.0e-02        0.082     24.118      735.020       0.540
56200      1137.629        0.507       1146.939  3.0e-02        0.082     24.125      735.020       0.540
56300      1146.423        0.508       1148.980  3.0e-02        0.081     24.125      735.020       0.540
56400      1113.628        0.506       1151.020  3.0e-02        0.080     24.079      735.020       0.540
56500      1238.400        0.502       1153.061  2.9e-02        0.080     24.111      735.020       0.540
56600      1211.562        0.509       1155.102  2.9e-02        0.082     24.113      735.020       0.540
56700      1088.179        0.505       1157.143  2.9e-02        0.080     24.116      735.020       0.540
56800      1200.668        0.506       1159.184  2.9e-02        0.081     24.105      735.020       0.540
56900      1185.032        0.511       1161.224  2.9e-02        0.080     24.114      735.020       0.540
57000      1233.683        0.502       1163.265  2.9e-02        0.080     26.577     1113.622       0.565
57100      1220.606        0.506       1165.306  2.9e-02        0.080     24.118     1113.622       0.565
57200      1270.999        0.507       1167.347  2.9e-02        0.080     24.121     1113.622       0.565
57300      1104.944        0.513       1169.388  2.8e-02        0.079     24.120     1113.622       0.565
57400      1186.315        0.504       1171.429  2.8e-02        0.080     24.108     1113.622       0.565
    t    train_loss    train_acc    train_epoch       lr    data_time    it_time    test_loss    test_acc
-----  ------------  -----------  -------------  -------  -----------  ---------  -----------  ----------
57500      1116.229        0.508       1173.469  2.8e-02        0.079     24.122     1113.622       0.565
57600      1079.829        0.503       1175.510  2.8e-02        0.080     24.131     1113.622       0.565
57700      1022.500        0.505       1177.551  2.8e-02        0.079     24.133     1113.622       0.565
57800      1047.974        0.505       1179.592  2.8e-02        0.082     24.122     1113.622       0.565
57900      1167.867        0.505       1181.633  2.8e-02        0.081     24.122     1113.622       0.565
58000      1091.943        0.508       1183.673  2.8e-02        0.079     26.578     1182.879       0.493
58100       995.703        0.514       1185.714  2.7e-02        0.080     24.124     1182.879       0.493
58200      1053.892        0.503       1187.755  2.7e-02        0.080     24.114     1182.879       0.493
58300      1057.162        0.504       1189.796  2.7e-02        0.079     24.131     1182.879       0.493
58400      1008.256        0.506       1191.837  2.7e-02        0.079     24.122     1182.879       0.493
58500       933.972        0.508       1193.878  2.7e-02        0.081     24.126     1182.879       0.493
58600      1064.623        0.505       1195.918  2.7e-02        0.081     24.123     1182.879       0.493
58700      1025.156        0.507       1197.959  2.7e-02        0.081     24.126     1182.879       0.493
58800      1082.772        0.508       1200.000  2.7e-02        0.079     24.091     1182.879       0.493
58900      1010.576        0.504       1202.041  2.6e-02        0.079     24.138     1182.879       0.493
59000      1023.237        0.511       1204.082  2.6e-02        0.079     26.576     1259.445       0.467
59100       961.534        0.511       1206.122  2.6e-02        0.080     24.116     1259.445       0.467
59200      1010.030        0.506       1208.163  2.6e-02        0.080     24.113     1259.445       0.467
59300      1030.913        0.510       1210.204  2.6e-02        0.081     24.110     1259.445       0.467
59400       999.277        0.507       1212.245  2.6e-02        0.080     24.119     1259.445       0.467
59500       878.404        0.509       1214.286  2.6e-02        0.080     24.117     1259.445       0.467
59600      1019.009        0.509       1216.327  2.6e-02        0.080     24.118     1259.445       0.467
59700       995.318        0.505       1218.367  2.5e-02        0.081     24.119     1259.445       0.467
59800      1055.953        0.512       1220.408  2.5e-02        0.080     24.114     1259.445       0.467
59900       962.857        0.500       1222.449  2.5e-02        0.079     24.117     1259.445       0.467
60000      1008.742        0.507       1224.490  2.5e-02        0.080     26.583      709.319       0.523
60100       945.417        0.503       1226.531  2.5e-02        0.080     24.125      709.319       0.523
60200       958.543        0.508       1228.571  2.5e-02        0.081     24.117      709.319       0.523
60300       905.213        0.510       1230.612  2.5e-02        0.079     24.112      709.319       0.523
60400       949.914        0.504       1232.653  2.5e-02        0.079     24.125      709.319       0.523
60500       936.302        0.509       1234.694  2.4e-02        0.079     24.113      709.319       0.523
60600       943.336        0.512       1236.735  2.4e-02        0.080     24.112      709.319       0.523
60700       910.423        0.505       1238.776  2.4e-02        0.080     24.109      709.319       0.523
60800       911.644        0.507       1240.816  2.4e-02        0.080     24.110      709.319       0.523
60900       863.067        0.511       1242.857  2.4e-02        0.080     24.120      709.319       0.523
61000       899.825        0.504       1244.898  2.4e-02        0.079     26.560     1093.876       0.505
61100       874.104        0.513       1246.939  2.4e-02        0.081     24.109     1093.876       0.505
61200       826.012        0.503       1248.980  2.4e-02        0.079     24.111     1093.876       0.505
61300       915.195        0.509       1251.020  2.3e-02        0.079     24.072     1093.876       0.505
61400       870.621        0.506       1253.061  2.3e-02        0.081     24.111     1093.876       0.505
61500       826.381        0.516       1255.102  2.3e-02        0.079     24.119     1093.876       0.505
    t    train_loss    train_acc    train_epoch       lr    data_time    it_time    test_loss    test_acc
-----  ------------  -----------  -------------  -------  -----------  ---------  -----------  ----------
61600       859.360        0.505       1257.143  2.3e-02        0.080     24.118     1093.876       0.505
61700       920.147        0.510       1259.184  2.3e-02        0.080     24.116     1093.876       0.505
61800       958.714        0.504       1261.224  2.3e-02        0.080     24.125     1093.876       0.505
61900       896.747        0.503       1263.265  2.3e-02        0.080     24.120     1093.876       0.505
62000       854.203        0.510       1265.306  2.3e-02        0.080     26.583      552.523       0.509
62100       797.198        0.506       1267.347  2.2e-02        0.081     24.133      552.523       0.509
62200       835.568        0.508       1269.388  2.2e-02        0.080     24.125      552.523       0.509
62300       794.986        0.508       1271.429  2.2e-02        0.080     24.123      552.523       0.509
62400       822.963        0.511       1273.469  2.2e-02        0.080     24.126      552.523       0.509
62500       887.710        0.504       1275.510  2.2e-02        0.080     24.129      552.523       0.509
62600       875.773        0.506       1277.551  2.2e-02        0.080     24.122      552.523       0.509
62700       908.170        0.512       1279.592  2.2e-02        0.079     24.129      552.523       0.509
62800       875.683        0.508       1281.633  2.2e-02        0.081     24.123      552.523       0.509
62900       824.635        0.506       1283.673  2.1e-02        0.081     24.130      552.523       0.509
63000       861.146        0.509       1285.714  2.1e-02        0.081     26.581      807.247       0.504
63100       762.728        0.513       1287.755  2.1e-02        0.081     24.123      807.247       0.504
63200       787.019        0.508       1289.796  2.1e-02        0.080     24.115      807.247       0.504
63300       862.263        0.504       1291.837  2.1e-02        0.080     24.115      807.247       0.504
63400       783.480        0.511       1293.878  2.1e-02        0.080     24.124      807.247       0.504
63500       772.771        0.510       1295.918  2.1e-02        0.081     24.127      807.247       0.504
63600       761.664        0.515       1297.959  2.1e-02        0.080     24.127      807.247       0.504
63700       795.252        0.506       1300.000  2.0e-02        0.079     24.081      807.247       0.504
63800       731.011        0.505       1302.041  2.0e-02        0.081     24.116      807.247       0.504
63900       736.628        0.507       1304.082  2.0e-02        0.080     24.124      807.247       0.504
64000       726.527        0.508       1306.122  2.0e-02        0.080     26.576      769.527       0.544
64100       780.323        0.510       1308.163  2.0e-02        0.080     24.120      769.527       0.544
64200       772.714        0.510       1310.204  2.0e-02        0.080     24.125      769.527       0.544
64300       813.665        0.511       1312.245  2.0e-02        0.079     24.123      769.527       0.544
64400       743.280        0.503       1314.286  2.0e-02        0.081     24.119      769.527       0.544
64500       668.427        0.510       1316.327  1.9e-02        0.081     24.124      769.527       0.544
64600       741.179        0.514       1318.367  1.9e-02        0.079     24.120      769.527       0.544
64700       713.308        0.507       1320.408  1.9e-02        0.080     24.124      769.527       0.544
64800       769.395        0.507       1322.449  1.9e-02        0.079     24.118      769.527       0.544
64900       687.361        0.509       1324.490  1.9e-02        0.079     24.118      769.527       0.544
65000       707.586        0.510       1326.531  1.9e-02        0.079     26.565      701.136       0.484
65100       683.969        0.510       1328.571  1.9e-02        0.080     24.120      701.136       0.484
65200       703.903        0.507       1330.612  1.9e-02        0.080     24.119      701.136       0.484
65300       711.234        0.509       1332.653  1.8e-02        0.080     24.124      701.136       0.484
65400       686.634        0.509       1334.694  1.8e-02        0.080     24.109      701.136       0.484
65500       708.144        0.502       1336.735  1.8e-02        0.080     24.107      701.136       0.484
65600       647.969        0.510       1338.776  1.8e-02        0.080     24.109      701.136       0.484
    t    train_loss    train_acc    train_epoch       lr    data_time    it_time    test_loss    test_acc
-----  ------------  -----------  -------------  -------  -----------  ---------  -----------  ----------
65700       766.507        0.508       1340.816  1.8e-02        0.080     24.101      701.136       0.484
65800       707.405        0.510       1342.857  1.8e-02        0.080     24.110      701.136       0.484
65900       719.540        0.507       1344.898  1.8e-02        0.080     24.116      701.136       0.484
66000       636.627        0.508       1346.939  1.8e-02        0.081     26.576      631.029       0.564
66100       635.745        0.518       1348.980  1.7e-02        0.080     24.120      631.029       0.564
66200       675.738        0.507       1351.020  1.7e-02        0.079     24.077      631.029       0.564
66300       681.177        0.514       1353.061  1.7e-02        0.079     24.120      631.029       0.564
66400       570.181        0.513       1355.102  1.7e-02        0.080     24.115      631.029       0.564
66500       641.112        0.506       1357.143  1.7e-02        0.079     24.119      631.029       0.564
66600       603.896        0.509       1359.184  1.7e-02        0.081     24.112      631.029       0.564
66700       623.259        0.509       1361.224  1.7e-02        0.080     24.113      631.029       0.564
66800       593.722        0.509       1363.265  1.7e-02        0.079     24.115      631.029       0.564
66900       591.504        0.510       1365.306  1.6e-02        0.080     24.116      631.029       0.564
67000       602.448        0.510       1367.347  1.6e-02        0.079     26.580      740.382       0.495
67100       641.968        0.506       1369.388  1.6e-02        0.079     24.113      740.382       0.495
67200       608.713        0.512       1371.429  1.6e-02        0.079     24.116      740.382       0.495
67300       584.417        0.505       1373.469  1.6e-02        0.081     24.121      740.382       0.495
67400       557.652        0.506       1375.510  1.6e-02        0.079     24.122      740.382       0.495
67500       606.455        0.507       1377.551  1.6e-02        0.079     24.124      740.382       0.495
67600       618.223        0.511       1379.592  1.6e-02        0.081     24.109      740.382       0.495
67700       536.863        0.507       1381.633  1.5e-02        0.080     24.116      740.382       0.495
67800       546.970        0.512       1383.673  1.5e-02        0.080     24.113      740.382       0.495
67900       600.917        0.507       1385.714  1.5e-02        0.080     24.112      740.382       0.495
68000       568.502        0.509       1387.755  1.5e-02        0.080     26.575      626.908       0.513
68100       535.688        0.507       1389.796  1.5e-02        0.080     24.119      626.908       0.513
68200       590.907        0.512       1391.837  1.5e-02        0.081     24.120      626.908       0.513
68300       510.629        0.510       1393.878  1.5e-02        0.080     24.118      626.908       0.513
68400       510.433        0.514       1395.918  1.5e-02        0.080     24.126      626.908       0.513
68500       520.397        0.511       1397.959  1.4e-02        0.081     24.122      626.908       0.513
68600       573.210        0.515       1400.000  1.4e-02        0.080     24.079      626.908       0.513
68700       549.908        0.513       1402.041  1.4e-02        0.081     24.111      626.908       0.513
68800       549.056        0.508       1404.082  1.4e-02        0.080     24.115      626.908       0.513
68900       508.729        0.507       1406.122  1.4e-02        0.080     24.117      626.908       0.513
69000       531.997        0.509       1408.163  1.4e-02        0.079     26.579      482.971       0.522
69100       477.955        0.510       1410.204  1.4e-02        0.081     24.112      482.971       0.522
69200       514.450        0.511       1412.245  1.4e-02        0.080     24.110      482.971       0.522
69300       496.223        0.509       1414.286  1.3e-02        0.082     24.109      482.971       0.522
69400       507.485        0.507       1416.327  1.3e-02        0.080     24.112      482.971       0.522
69500       490.358        0.510       1418.367  1.3e-02        0.081     24.112      482.971       0.522
69600       503.291        0.513       1420.408  1.3e-02        0.079     24.122      482.971       0.522
69700       479.783        0.507       1422.449  1.3e-02        0.080     24.111      482.971       0.522
    t    train_loss    train_acc    train_epoch       lr    data_time    it_time    test_loss    test_acc
-----  ------------  -----------  -------------  -------  -----------  ---------  -----------  ----------
69800       451.499        0.516       1424.490  1.3e-02        0.080     24.117      482.971       0.522
69900       459.748        0.516       1426.531  1.3e-02        0.080     24.118      482.971       0.522
70000       480.512        0.513       1428.571  1.3e-02        0.080     26.569      508.467       0.536
70100       420.610        0.513       1430.612  1.2e-02        0.080     24.124      508.467       0.536
70200       441.763        0.511       1432.653  1.2e-02        0.080     24.131      508.467       0.536
70300       441.382        0.517       1434.694  1.2e-02        0.080     24.123      508.467       0.536
70400       444.265        0.512       1436.735  1.2e-02        0.080     24.124      508.467       0.536
70500       422.685        0.510       1438.776  1.2e-02        0.079     24.124      508.467       0.536
70600       381.163        0.513       1440.816  1.2e-02        0.080     24.117      508.467       0.536
70700       419.916        0.513       1442.857  1.2e-02        0.080     24.121      508.467       0.536
70800       415.058        0.513       1444.898  1.2e-02        0.079     24.129      508.467       0.536
70900       409.556        0.517       1446.939  1.1e-02        0.083     24.114      508.467       0.536
71000       405.681        0.514       1448.980  1.1e-02        0.079     26.586      429.881       0.480
71100       386.224        0.517       1451.020  1.1e-02        0.079     24.080      429.881       0.480
71200       432.040        0.508       1453.061  1.1e-02        0.079     24.124      429.881       0.480
71300       410.026        0.516       1455.102  1.1e-02        0.080     24.105      429.881       0.480
71400       388.992        0.518       1457.143  1.1e-02        0.082     24.108      429.881       0.480
71500       373.200        0.518       1459.184  1.1e-02        0.080     24.105      429.881       0.480
71600       378.625        0.511       1461.224  1.1e-02        0.080     24.119      429.881       0.480
71700       380.983        0.516       1463.265  1.0e-02        0.081     24.122      429.881       0.480
71800       345.508        0.514       1465.306  1.0e-02        0.080     24.118      429.881       0.480
71900       354.512        0.511       1467.347  1.0e-02        0.081     24.112      429.881       0.480
72000       358.749        0.516       1469.388  1.0e-02        0.079     26.579      281.361       0.529
72100       394.410        0.515       1471.429  9.9e-03        0.080     24.127      281.361       0.529
72200       327.156        0.514       1473.469  9.8e-03        0.079     24.126      281.361       0.529
72300       354.714        0.514       1475.510  9.6e-03        0.081     24.114      281.361       0.529
72400       325.357        0.519       1477.551  9.5e-03        0.080     24.114      281.361       0.529
72500       344.014        0.515       1479.592  9.4e-03        0.079     24.125      281.361       0.529
72600       363.680        0.515       1481.633  9.3e-03        0.080     24.114      281.361       0.529
72700       331.549        0.518       1483.673  9.1e-03        0.081     24.119      281.361       0.529
72800       319.347        0.516       1485.714  9.0e-03        0.079     24.120      281.361       0.529
72900       335.878        0.511       1487.755  8.9e-03        0.080     24.109      281.361       0.529
73000       322.436        0.524       1489.796  8.8e-03        0.080     26.569      360.440       0.497
73100       288.310        0.519       1491.837  8.6e-03        0.079     24.117      360.440       0.497
73200       302.995        0.516       1493.878  8.5e-03        0.080     24.116      360.440       0.497
73300       289.810        0.524       1495.918  8.4e-03        0.080     24.117      360.440       0.497
73400       283.609        0.519       1497.959  8.3e-03        0.081     24.110      360.440       0.497
73500       294.440        0.522       1500.000  8.1e-03        0.080     24.074      360.440       0.497
73600       306.145        0.519       1502.041  8.0e-03        0.081     24.106      360.440       0.497
73700       285.120        0.521       1504.082  7.9e-03        0.079     24.115      360.440       0.497
73800       280.306        0.520       1506.122  7.8e-03        0.079     24.109      360.440       0.497
    t    train_loss    train_acc    train_epoch       lr    data_time    it_time    test_loss    test_acc
-----  ------------  -----------  -------------  -------  -----------  ---------  -----------  ----------
73900       251.690        0.522       1508.163  7.6e-03        0.080     24.114      360.440       0.497
74000       257.305        0.518       1510.204  7.5e-03        0.081     26.575      201.961       0.514
74100       221.629        0.520       1512.245  7.4e-03        0.080     24.112      201.961       0.514
74200       229.032        0.523       1514.286  7.3e-03        0.079     24.104      201.961       0.514
74300       234.006        0.524       1516.327  7.1e-03        0.081     24.113      201.961       0.514
74400       227.418        0.523       1518.367  7.0e-03        0.080     24.117      201.961       0.514
74500       220.072        0.523       1520.408  6.9e-03        0.080     24.116      201.961       0.514
74600       227.210        0.519       1522.449  6.8e-03        0.081     24.113      201.961       0.514
74700       222.851        0.522       1524.490  6.6e-03        0.079     24.118      201.961       0.514
74800       209.588        0.526       1526.531  6.5e-03        0.080     24.118      201.961       0.514
74900       192.183        0.529       1528.571  6.4e-03        0.080     24.123      201.961       0.514
75000       206.891        0.523       1530.612  6.3e-03        0.081     26.575      253.423       0.602
75100       202.525        0.527       1532.653  6.1e-03        0.082     24.114      253.423       0.602
75200       182.982        0.525       1534.694  6.0e-03        0.080     24.123      253.423       0.602
75300       205.863        0.525       1536.735  5.9e-03        0.079     24.121      253.423       0.602
75400       183.529        0.522       1538.776  5.8e-03        0.079     24.118      253.423       0.602
75500       188.135        0.530       1540.816  5.6e-03        0.081     24.113      253.423       0.602
75600       175.472        0.530       1542.857  5.5e-03        0.080     24.118      253.423       0.602
75700       200.212        0.529       1544.898  5.4e-03        0.079     24.113      253.423       0.602
75800       167.147        0.532       1546.939  5.3e-03        0.081     24.121      253.423       0.602
75900       165.862        0.536       1548.980  5.1e-03        0.081     24.121      253.423       0.602
76000       147.076        0.533       1551.020  5.0e-03        0.080     26.528      145.769       0.563
76100       153.426        0.539       1553.061  4.9e-03        0.081     24.127      145.769       0.563
76200       144.076        0.530       1555.102  4.8e-03        0.079     24.124      145.769       0.563
76300       124.329        0.542       1557.143  4.6e-03        0.080     24.122      145.769       0.563
76400       147.342        0.533       1559.184  4.5e-03        0.081     24.114      145.769       0.563
76500       126.901        0.532       1561.224  4.4e-03        0.080     24.121      145.769       0.563
76600       135.801        0.530       1563.265  4.3e-03        0.080     24.126      145.769       0.563
76700       114.130        0.544       1565.306  4.1e-03        0.080     24.122      145.769       0.563
76800       114.372        0.540       1567.347  4.0e-03        0.080     24.121      145.769       0.563
76900       122.658        0.532       1569.388  3.9e-03        0.079     24.121      145.769       0.563
77000       101.109        0.541       1571.429  3.8e-03        0.081     26.566      101.122       0.460
77100       104.426        0.539       1573.469  3.6e-03        0.080     24.106      101.122       0.460
77200       106.275        0.542       1575.510  3.5e-03        0.080     24.117      101.122       0.460
77300       100.636        0.543       1577.551  3.4e-03        0.080     24.113      101.122       0.460
77400        83.795        0.553       1579.592  3.3e-03        0.079     24.119      101.122       0.460
77500        89.534        0.544       1581.633  3.1e-03        0.080     24.113      101.122       0.460
77600        87.236        0.548       1583.673  3.0e-03        0.080     24.112      101.122       0.460
77700        86.394        0.545       1585.714  2.9e-03        0.081     24.106      101.122       0.460
77800        74.767        0.551       1587.755  2.8e-03        0.080     24.108      101.122       0.460
77900        74.211        0.552       1589.796  2.6e-03        0.081     24.122      101.122       0.460
    t    train_loss    train_acc    train_epoch       lr    data_time    it_time    test_loss    test_acc
-----  ------------  -----------  -------------  -------  -----------  ---------  -----------  ----------
78000        68.821        0.554       1591.837  2.5e-03        0.080     26.558       58.391       0.566
78100        68.918        0.551       1593.878  2.4e-03        0.081     24.111       58.391       0.566
78200        60.906        0.553       1595.918  2.3e-03        0.081     24.107       58.391       0.566
78300        62.265        0.554       1597.959  2.1e-03        0.081     24.109       58.391       0.566
78400        55.257        0.559       1600.000  2.0e-03        0.080     24.064       58.391       0.566
78500        49.396        0.560       1602.041  1.9e-03        0.081     24.110       58.391       0.566
78600        46.947        0.562       1604.082  1.8e-03        0.080     24.117       58.391       0.566
78700        36.701        0.566       1606.122  1.6e-03        0.080     24.111       58.391       0.566
78800        38.965        0.567       1608.163  1.5e-03        0.080     24.115       58.391       0.566
78900        36.584        0.569       1610.204  1.4e-03        0.080     24.118       58.391       0.566
79000        29.928        0.571       1612.245  1.3e-03        0.080     26.574       28.965       0.575
79100        28.214        0.574       1614.286  1.1e-03        0.080     24.119       28.965       0.575
79200        25.643        0.578       1616.327  1.0e-03        0.080     24.110       28.965       0.575
79300        23.527        0.579       1618.367  8.8e-04        0.083     24.105       28.965       0.575
79400        22.322        0.581       1620.408  7.5e-04        0.080     24.104       28.965       0.575
79500        21.752        0.580       1622.449  6.3e-04        0.080     24.111       28.965       0.575
79600        19.329        0.587       1624.490  5.0e-04        0.079     24.100       28.965       0.575
79700        18.690        0.589       1626.531  3.8e-04        0.079     24.111       28.965       0.575
79800        18.067        0.590       1628.571  2.5e-04        0.080     24.106       28.965       0.575
79900        17.242        0.592       1630.612  1.3e-04        0.080     24.111       28.965       0.575
80000        16.961        0.592       1632.653  1.2e-06        0.080     26.561       16.788       0.600
