  t    train_loss    train_acc    train_epoch       lr    data_time    it_time
---  ------------  -----------  -------------  -------  -----------  ---------
100         0.757        0.759          2.041  1.0e-01        0.292     32.557
200         0.520        0.823          4.082  1.0e-01        0.074     29.155
300         0.481        0.836          6.122  1.0e-01        0.079     29.987
400         0.458        0.844          8.163  1.0e-01        0.074     29.049
500         0.440        0.850         10.204  9.9e-02        0.074     29.058
600         0.432        0.852         12.245  9.9e-02        0.080     30.388
700         0.422        0.855         14.286  9.9e-02        0.077     29.294
800         0.414        0.859         16.327  9.9e-02        0.074     29.058
900         0.404        0.862         18.367  9.9e-02        0.074     29.068
1000         0.401        0.862         20.408  9.9e-02        0.074     33.365        0.399       0.859
1100         0.396        0.862         22.449  9.9e-02        0.075     29.277        0.399       0.859
1200         0.391        0.866         24.490  9.9e-02        0.074     29.103        0.399       0.859
1300         0.387        0.868         26.531  9.8e-02        0.075     29.206        0.399       0.859
1400         0.385        0.867         28.571  9.8e-02        0.074     29.096        0.399       0.859
1500         0.382        0.869         30.612  9.8e-02        0.075     29.101        0.399       0.859
1600         0.376        0.870         32.653  9.8e-02        0.075     29.096        0.399       0.859
1700         0.374        0.871         34.694  9.8e-02        0.074     29.091        0.399       0.859
1800         0.374        0.870         36.735  9.8e-02        0.075     29.099        0.399       0.859
1900         0.371        0.872         38.776  9.8e-02        0.074     29.090        0.399       0.859
2000         0.368        0.873         40.816  9.8e-02        0.074     32.050        0.374       0.866
2100         0.367        0.873         42.857  9.7e-02        0.074     29.095        0.374       0.866
2200         0.366        0.874         44.898  9.7e-02        0.075     29.232        0.374       0.866
2300         0.362        0.874         46.939  9.7e-02        0.077     29.196        0.374       0.866
2400         0.362        0.875         48.980  9.7e-02        0.074     29.106        0.374       0.866
2500         0.359        0.877         51.020  9.7e-02        0.074     29.046        0.374       0.866
2600         0.358        0.877         53.061  9.7e-02        0.075     29.098        0.374       0.866
2700         0.357        0.877         55.102  9.7e-02        0.074     29.095        0.374       0.866
2800         0.356        0.878         57.143  9.7e-02        0.075     29.100        0.374       0.866
2900         0.354        0.877         59.184  9.6e-02        0.074     29.082        0.374       0.866
3000         0.355        0.878         61.224  9.6e-02        0.075     32.027        0.364       0.869
3100         0.350        0.879         63.265  9.6e-02        0.075     29.103        0.364       0.869
3200         0.352        0.879         65.306  9.6e-02        0.074     29.094        0.364       0.869
3300         0.349        0.879         67.347  9.6e-02        0.074     29.099        0.364       0.869
3400         0.348        0.880         69.388  9.6e-02        0.077     29.101        0.364       0.869
3500         0.347        0.881         71.429  9.6e-02        0.075     29.098        0.364       0.869
3600         0.349        0.880         73.469  9.6e-02        0.078     29.419        0.364       0.869
3700         0.345        0.881         75.510  9.5e-02        0.075     29.274        0.364       0.869
3800         0.343        0.882         77.551  9.5e-02        0.074     29.064        0.364       0.869
3900         0.343        0.882         79.592  9.5e-02        0.075     29.066        0.364       0.869
4000         0.344        0.881         81.633  9.5e-02        0.075     31.997        0.356       0.874
4100         0.343        0.883         83.673  9.5e-02        0.074     29.068        0.356       0.874
   t    train_loss    train_acc    train_epoch       lr    data_time    it_time    test_loss    test_acc
----  ------------  -----------  -------------  -------  -----------  ---------  -----------  ----------
4200         0.342        0.881         85.714  9.5e-02        0.075     29.059        0.356       0.874
4300         0.342        0.883         87.755  9.5e-02        0.074     29.063        0.356       0.874
4400         0.341        0.883         89.796  9.5e-02        0.074     29.059        0.356       0.874
4500         0.341        0.882         91.837  9.4e-02        0.074     29.067        0.356       0.874
4600         0.338        0.884         93.878  9.4e-02        0.074     29.056        0.356       0.874
4700         0.339        0.883         95.918  9.4e-02        0.075     29.141        0.356       0.874
4800         0.338        0.883         97.959  9.4e-02        0.076     28.955        0.356       0.874
4900         0.337        0.883        100.000  9.4e-02        0.074     28.903        0.356       0.874
5000         0.337        0.884        102.041  9.4e-02        0.075     31.862        0.353       0.875
5100         0.337        0.883        104.082  9.4e-02        0.076     28.946        0.353       0.875
5200         0.337        0.883        106.122  9.4e-02        0.076     28.953        0.353       0.875
5300         0.334        0.884        108.163  9.3e-02        0.075     28.956        0.353       0.875
5400         0.335        0.884        110.204  9.3e-02        0.076     28.944        0.353       0.875
5500         0.336        0.884        112.245  9.3e-02        0.074     28.962        0.353       0.875
5600         0.333        0.885        114.286  9.3e-02        0.075     28.961        0.353       0.875
5700         0.334        0.885        116.327  9.3e-02        0.075     28.961        0.353       0.875
5800         0.333        0.885        118.367  9.3e-02        0.074     28.964        0.353       0.875
5900         0.334        0.885        120.408  9.3e-02        0.074     28.963        0.353       0.875
6000         0.332        0.886        122.449  9.3e-02        0.074     31.897        0.350       0.875
6100         0.331        0.885        124.490  9.2e-02        0.075     28.943        0.350       0.875
6200         0.334        0.885        126.531  9.2e-02        0.074     28.977        0.350       0.875
6300         0.329        0.887        128.571  9.2e-02        0.074     28.978        0.350       0.875
6400         0.329        0.886        130.612  9.2e-02        0.076     28.946        0.350       0.875
6500         0.332        0.887        132.653  9.2e-02        0.074     28.977        0.350       0.875
6600         0.329        0.886        134.694  9.2e-02        0.075     28.966        0.350       0.875
6700         0.331        0.885        136.735  9.2e-02        0.074     28.951        0.350       0.875
6800         0.329        0.887        138.776  9.2e-02        0.074     28.955        0.350       0.875
6900         0.331        0.885        140.816  9.1e-02        0.075     28.961        0.350       0.875
7000         0.329        0.886        142.857  9.1e-02        0.075     31.901        0.349       0.876
7100         0.330        0.886        144.898  9.1e-02        0.075     28.970        0.349       0.876
7200         0.329        0.888        146.939  9.1e-02        0.076     28.981        0.349       0.876
7300         0.328        0.886        148.980  9.1e-02        0.076     28.981        0.349       0.876
7400         0.328        0.887        151.020  9.1e-02        0.074     28.897        0.349       0.876
7500         0.328        0.887        153.061  9.1e-02        0.074     28.940        0.349       0.876
7600         0.328        0.887        155.102  9.1e-02        0.075     28.946        0.349       0.876
7700         0.326        0.887        157.143  9.0e-02        0.074     28.957        0.349       0.876
7800         0.327        0.887        159.184  9.0e-02        0.075     28.960        0.349       0.876
7900         0.328        0.887        161.224  9.0e-02        0.075     28.973        0.349       0.876
8000         0.328        0.887        163.265  9.0e-02        0.075     31.965        0.347       0.876
8100         0.323        0.889        165.306  9.0e-02        0.078     29.853        0.347       0.876
8200         0.328        0.888        167.347  9.0e-02        0.076     29.064        0.347       0.876
   t    train_loss    train_acc    train_epoch       lr    data_time    it_time    test_loss    test_acc
----  ------------  -----------  -------------  -------  -----------  ---------  -----------  ----------
8300         0.325        0.889        169.388  9.0e-02        0.076     29.066        0.347       0.876
8400         0.323        0.890        171.429  9.0e-02        0.076     29.062        0.347       0.876
8500         0.327        0.887        173.469  8.9e-02        0.075     29.062        0.347       0.876
8600         0.326        0.888        175.510  8.9e-02        0.075     29.062        0.347       0.876
8700         0.324        0.889        177.551  8.9e-02        0.075     29.059        0.347       0.876
8800         0.324        0.889        179.592  8.9e-02        0.075     29.065        0.347       0.876
8900         0.325        0.887        181.633  8.9e-02        0.077     29.074        0.347       0.876
9000         0.325        0.888        183.673  8.9e-02        0.076     31.996        0.346       0.877
9100         0.324        0.889        185.714  8.9e-02        0.076     29.117        0.346       0.877
9200         0.324        0.888        187.755  8.9e-02        0.076     29.059        0.346       0.877
9300         0.325        0.888        189.796  8.8e-02        0.076     28.963        0.346       0.877
9400         0.324        0.888        191.837  8.8e-02        0.077     28.958        0.346       0.877
9500         0.324        0.888        193.878  8.8e-02        0.075     28.960        0.346       0.877
9600         0.322        0.889        195.918  8.8e-02        0.075     28.967        0.346       0.877
9700         0.323        0.889        197.959  8.8e-02        0.076     28.963        0.346       0.877
9800         0.323        0.888        200.000  8.8e-02        0.074     28.925        0.346       0.877
9900         0.323        0.889        202.041  8.8e-02        0.075     28.964        0.346       0.877
10000         0.324        0.888        204.082  8.8e-02        0.075     31.886        0.345       0.877
10100         0.323        0.888        206.122  8.7e-02        0.075     28.947        0.345       0.877
10200         0.323        0.888        208.163  8.7e-02        0.075     28.937        0.345       0.877
10300         0.321        0.889        210.204  8.7e-02        0.075     28.973        0.345       0.877
10400         0.322        0.889        212.245  8.7e-02        0.074     28.963        0.345       0.877
10500         0.321        0.890        214.286  8.7e-02        0.074     28.943        0.345       0.877
10600         0.323        0.889        216.327  8.7e-02        0.075     28.962        0.345       0.877
10700         0.322        0.890        218.367  8.7e-02        0.075     28.964        0.345       0.877
10800         0.322        0.890        220.408  8.7e-02        0.075     28.945        0.345       0.877
10900         0.322        0.888        222.449  8.6e-02        0.075     28.931        0.345       0.877
11000         0.323        0.889        224.490  8.6e-02        0.075     31.866        0.345       0.877
11100         0.320        0.889        226.531  8.6e-02        0.075     28.928        0.345       0.877
11200         0.320        0.890        228.571  8.6e-02        0.074     28.950        0.345       0.877
11300         0.321        0.889        230.612  8.6e-02        0.075     28.972        0.345       0.877
11400         0.320        0.890        232.653  8.6e-02        0.074     28.962        0.345       0.877
11500         0.321        0.890        234.694  8.6e-02        0.075     28.970        0.345       0.877
11600         0.321        0.890        236.735  8.6e-02        0.075     28.963        0.345       0.877
11700         0.319        0.890        238.776  8.5e-02        0.075     28.949        0.345       0.877
11800         0.320        0.890        240.816  8.5e-02        0.075     28.965        0.345       0.877
11900         0.321        0.888        242.857  8.5e-02        0.074     28.962        0.345       0.877
12000         0.321        0.889        244.898  8.5e-02        0.075     31.888        0.343       0.878
12100         0.320        0.890        246.939  8.5e-02        0.076     28.946        0.343       0.878
12200         0.320        0.890        248.980  8.5e-02        0.075     28.968        0.343       0.878
12300         0.320        0.890        251.020  8.5e-02        0.075     28.910        0.343       0.878
    t    train_loss    train_acc    train_epoch       lr    data_time    it_time    test_loss    test_acc
-----  ------------  -----------  -------------  -------  -----------  ---------  -----------  ----------
12400         0.320        0.890        253.061  8.5e-02        0.075     28.952        0.343       0.878
12500         0.322        0.889        255.102  8.4e-02        0.075     28.960        0.343       0.878
12600         0.318        0.891        257.143  8.4e-02        0.075     28.984        0.343       0.878
12700         0.319        0.889        259.184  8.4e-02        0.075     28.980        0.343       0.878
12800         0.320        0.889        261.224  8.4e-02        0.075     28.961        0.343       0.878
12900         0.319        0.891        263.265  8.4e-02        0.075     28.966        0.343       0.878
13000         0.319        0.890        265.306  8.4e-02        0.076     31.878        0.344       0.877
13100         0.319        0.890        267.347  8.4e-02        0.075     28.957        0.344       0.877
13200         0.320        0.890        269.388  8.4e-02        0.075     28.948        0.344       0.877
13300         0.320        0.889        271.429  8.3e-02        0.076     28.942        0.344       0.877
13400         0.320        0.890        273.469  8.3e-02        0.075     28.941        0.344       0.877
13500         0.317        0.892        275.510  8.3e-02        0.075     28.967        0.344       0.877
13600         0.319        0.891        277.551  8.3e-02        0.075     28.926        0.344       0.877
13700         0.319        0.890        279.592  8.3e-02        0.075     28.946        0.344       0.877
13800         0.319        0.890        281.633  8.3e-02        0.075     28.954        0.344       0.877
13900         0.318        0.890        283.673  8.3e-02        0.075     28.957        0.344       0.877
14000         0.318        0.892        285.714  8.3e-02        0.075     31.885        0.343       0.879
14100         0.319        0.891        287.755  8.2e-02        0.075     28.931        0.343       0.879
14200         0.319        0.891        289.796  8.2e-02        0.075     28.964        0.343       0.879
14300         0.318        0.891        291.837  8.2e-02        0.075     28.968        0.343       0.879
14400         0.318        0.890        293.878  8.2e-02        0.076     28.964        0.343       0.879
14500         0.319        0.890        295.918  8.2e-02        0.076     28.962        0.343       0.879
14600         0.318        0.890        297.959  8.2e-02        0.076     28.967        0.343       0.879
14700         0.317        0.892        300.000  8.2e-02        0.075     28.894        0.343       0.879
14800         0.317        0.891        302.041  8.2e-02        0.075     28.977        0.343       0.879
14900         0.319        0.890        304.082  8.1e-02        0.075     28.965        0.343       0.879
15000         0.319        0.891        306.122  8.1e-02        0.075     31.882        0.343       0.878
15100         0.318        0.891        308.163  8.1e-02        0.075     28.955        0.343       0.878
15200         0.318        0.890        310.204  8.1e-02        0.075     28.941        0.343       0.878
15300         0.316        0.892        312.245  8.1e-02        0.075     28.961        0.343       0.878
15400         0.318        0.892        314.286  8.1e-02        0.075     28.974        0.343       0.878
15500         0.318        0.891        316.327  8.1e-02        0.075     28.975        0.343       0.878
15600         0.319        0.890        318.367  8.1e-02        0.075     28.966        0.343       0.878
15700         0.317        0.891        320.408  8.0e-02        0.075     28.962        0.343       0.878
15800         0.317        0.891        322.449  8.0e-02        0.075     28.942        0.343       0.878
15900         0.316        0.891        324.490  8.0e-02        0.075     28.964        0.343       0.878
16000         0.316        0.891        326.531  8.0e-02        0.075     31.886        0.343       0.877
16100         0.317        0.891        328.571  8.0e-02        0.076     28.951        0.343       0.877
16200         0.317        0.890        330.612  8.0e-02        0.075     28.965        0.343       0.877
16300         0.317        0.891        332.653  8.0e-02        0.076     28.962        0.343       0.877
16400         0.317        0.892        334.694  8.0e-02        0.075     28.941        0.343       0.877
    t    train_loss    train_acc    train_epoch       lr    data_time    it_time    test_loss    test_acc
-----  ------------  -----------  -------------  -------  -----------  ---------  -----------  ----------
16500         0.316        0.892        336.735  7.9e-02        0.075     28.967        0.343       0.877
16600         0.317        0.891        338.776  7.9e-02        0.075     28.979        0.343       0.877
16700         0.317        0.891        340.816  7.9e-02        0.075     28.922        0.343       0.877
16800         0.317        0.891        342.857  7.9e-02        0.075     28.970        0.343       0.877
16900         0.318        0.891        344.898  7.9e-02        0.075     28.963        0.343       0.877
17000         0.316        0.892        346.939  7.9e-02        0.076     31.828        0.342       0.878
17100         0.316        0.891        348.980  7.9e-02        0.075     28.973        0.342       0.878
17200         0.316        0.891        351.020  7.9e-02        0.075     28.893        0.342       0.878
17300         0.316        0.891        353.061  7.8e-02        0.075     28.967        0.342       0.878
17400         0.317        0.892        355.102  7.8e-02        0.076     28.947        0.342       0.878
17500         0.318        0.892        357.143  7.8e-02        0.075     28.975        0.342       0.878
17600         0.316        0.892        359.184  7.8e-02        0.075     28.967        0.342       0.878
17700         0.316        0.891        361.224  7.8e-02        0.075     28.957        0.342       0.878
17800         0.316        0.891        363.265  7.8e-02        0.075     28.945        0.342       0.878
17900         0.316        0.891        365.306  7.8e-02        0.075     28.966        0.342       0.878
18000         0.317        0.890        367.347  7.8e-02        0.075     31.901        0.342       0.878
18100         0.317        0.892        369.388  7.7e-02        0.075     28.976        0.342       0.878
18200         0.317        0.890        371.429  7.7e-02        0.075     28.972        0.342       0.878
18300         0.316        0.892        373.469  7.7e-02        0.075     28.966        0.342       0.878
18400         0.317        0.891        375.510  7.7e-02        0.075     28.964        0.342       0.878
18500         0.317        0.890        377.551  7.7e-02        0.075     28.959        0.342       0.878
18600         0.316        0.892        379.592  7.7e-02        0.075     28.938        0.342       0.878
18700         0.318        0.891        381.633  7.7e-02        0.075     28.969        0.342       0.878
18800         0.314        0.892        383.673  7.7e-02        0.075     28.966        0.342       0.878
18900         0.316        0.892        385.714  7.6e-02        0.075     28.969        0.342       0.878
19000         0.314        0.892        387.755  7.6e-02        0.075     31.899        0.342       0.879
19100         0.316        0.891        389.796  7.6e-02        0.075     28.971        0.342       0.879
19200         0.316        0.891        391.837  7.6e-02        0.076     28.950        0.342       0.879
19300         0.316        0.891        393.878  7.6e-02        0.075     28.965        0.342       0.879
19400         0.317        0.891        395.918  7.6e-02        0.075     28.945        0.342       0.879
19500         0.316        0.892        397.959  7.6e-02        0.076     28.964        0.342       0.879
19600         0.316        0.892        400.000  7.6e-02        0.076     28.881        0.342       0.879
19700         0.316        0.892        402.041  7.5e-02        0.075     28.953        0.342       0.879
19800         0.316        0.892        404.082  7.5e-02        0.075     28.940        0.342       0.879
19900         0.316        0.890        406.122  7.5e-02        0.075     28.959        0.342       0.879
20000         0.317        0.891        408.163  7.5e-02        0.076     31.884        0.342       0.879
20100         0.315        0.892        410.204  7.5e-02        0.076     28.959        0.342       0.879
20200         0.315        0.891        412.245  7.5e-02        0.075     28.927        0.342       0.879
20300         0.316        0.891        414.286  7.5e-02        0.075     28.962        0.342       0.879
20400         0.315        0.892        416.327  7.5e-02        0.076     28.965        0.342       0.879
20500         0.316        0.892        418.367  7.4e-02        0.076     28.945        0.342       0.879
    t    train_loss    train_acc    train_epoch       lr    data_time    it_time    test_loss    test_acc
-----  ------------  -----------  -------------  -------  -----------  ---------  -----------  ----------
20600         0.318        0.891        420.408  7.4e-02        0.075     28.964        0.342       0.879
20700         0.317        0.891        422.449  7.4e-02        0.075     28.967        0.342       0.879
20800         0.314        0.892        424.490  7.4e-02        0.077     28.971        0.342       0.879
20900         0.316        0.892        426.531  7.4e-02        0.075     28.982        0.342       0.879
21000         0.314        0.893        428.571  7.4e-02        0.075     31.895        0.341       0.879
21100         0.315        0.892        430.612  7.4e-02        0.076     28.970        0.341       0.879
21200         0.316        0.891        432.653  7.4e-02        0.075     28.957        0.341       0.879
21300         0.316        0.892        434.694  7.3e-02        0.075     28.969        0.341       0.879
21400         0.314        0.892        436.735  7.3e-02        0.075     28.982        0.341       0.879
21500         0.314        0.892        438.776  7.3e-02        0.076     28.965        0.341       0.879
21600         0.314        0.892        440.816  7.3e-02        0.075     28.962        0.341       0.879
21700         0.316        0.891        442.857  7.3e-02        0.076     28.983        0.341       0.879
21800         0.315        0.892        444.898  7.3e-02        0.075     28.963        0.341       0.879
21900         0.317        0.891        446.939  7.3e-02        0.077     28.972        0.341       0.879
22000         0.314        0.891        448.980  7.3e-02        0.075     31.885        0.341       0.880
22100         0.315        0.892        451.020  7.2e-02        0.075     28.910        0.341       0.880
22200         0.316        0.892        453.061  7.2e-02        0.076     28.953        0.341       0.880
22300         0.315        0.891        455.102  7.2e-02        0.076     28.938        0.341       0.880
22400         0.315        0.891        457.143  7.2e-02        0.075     28.968        0.341       0.880
22500         0.315        0.892        459.184  7.2e-02        0.075     28.975        0.341       0.880
22600         0.313        0.893        461.224  7.2e-02        0.075     28.929        0.341       0.880
22700         0.314        0.892        463.265  7.2e-02        0.075     28.963        0.341       0.880
22800         0.315        0.892        465.306  7.2e-02        0.076     28.962        0.341       0.880
22900         0.317        0.891        467.347  7.1e-02        0.075     28.949        0.341       0.880
23000         0.314        0.892        469.388  7.1e-02        0.075     31.890        0.341       0.881
23100         0.314        0.891        471.429  7.1e-02        0.075     28.962        0.341       0.881
23200         0.316        0.892        473.469  7.1e-02        0.075     28.982        0.341       0.881
23300         0.313        0.892        475.510  7.1e-02        0.075     28.942        0.341       0.881
23400         0.314        0.891        477.551  7.1e-02        0.075     28.960        0.341       0.881
23500         0.315        0.892        479.592  7.1e-02        0.075     28.932        0.341       0.881
23600         0.315        0.892        481.633  7.1e-02        0.075     28.968        0.341       0.881
23700         0.314        0.892        483.673  7.0e-02        0.076     28.956        0.341       0.881
23800         0.314        0.892        485.714  7.0e-02        0.075     28.952        0.341       0.881
23900         0.317        0.892        487.755  7.0e-02        0.075     28.983        0.341       0.881
24000         0.315        0.892        489.796  7.0e-02        0.075     31.896        0.341       0.879
24100         0.314        0.892        491.837  7.0e-02        0.075     28.961        0.341       0.879
24200         0.315        0.892        493.878  7.0e-02        0.075     28.962        0.341       0.879
24300         0.315        0.891        495.918  7.0e-02        0.075     28.979        0.341       0.879
24400         0.315        0.892        497.959  7.0e-02        0.076     28.947        0.341       0.879
24500         0.315        0.891        500.000  6.9e-02        0.075     28.901        0.341       0.879
24600         0.315        0.891        502.041  6.9e-02        0.075     28.970        0.341       0.879
    t    train_loss    train_acc    train_epoch       lr    data_time    it_time    test_loss    test_acc
-----  ------------  -----------  -------------  -------  -----------  ---------  -----------  ----------
24700         0.314        0.892        504.082  6.9e-02        0.076     28.972        0.341       0.879
24800         0.315        0.892        506.122  6.9e-02        0.076     28.958        0.341       0.879
24900         0.315        0.892        508.163  6.9e-02        0.075     28.961        0.341       0.879
25000         0.315        0.892        510.204  6.9e-02        0.076     31.887        0.341       0.879
25100         0.314        0.892        512.245  6.9e-02        0.075     28.967        0.341       0.879
25200         0.316        0.891        514.286  6.9e-02        0.075     28.972        0.341       0.879
25300         0.313        0.892        516.327  6.8e-02        0.075     28.953        0.341       0.879
25400         0.315        0.892        518.367  6.8e-02        0.075     28.942        0.341       0.879
25500         0.313        0.892        520.408  6.8e-02        0.075     28.930        0.341       0.879
25600         0.314        0.892        522.449  6.8e-02        0.075     28.948        0.341       0.879
25700         0.313        0.892        524.490  6.8e-02        0.075     28.965        0.341       0.879
25800         0.316        0.890        526.531  6.8e-02        0.075     28.941        0.341       0.879
25900         0.313        0.892        528.571  6.8e-02        0.076     28.956        0.341       0.879
26000         0.318        0.891        530.612  6.8e-02        0.075     31.882        0.340       0.879
26100         0.313        0.893        532.653  6.7e-02        0.075     28.971        0.340       0.879
26200         0.315        0.891        534.694  6.7e-02        0.076     28.962        0.340       0.879
26300         0.313        0.893        536.735  6.7e-02        0.075     28.963        0.340       0.879
26400         0.316        0.891        538.776  6.7e-02        0.075     28.959        0.340       0.879
26500         0.313        0.892        540.816  6.7e-02        0.076     28.964        0.340       0.879
26600         0.313        0.893        542.857  6.7e-02        0.075     28.962        0.340       0.879
26700         0.314        0.892        544.898  6.7e-02        0.075     28.948        0.340       0.879
26800         0.315        0.891        546.939  6.7e-02        0.076     28.957        0.340       0.879
26900         0.315        0.892        548.980  6.6e-02        0.075     28.980        0.340       0.879
27000         0.314        0.893        551.020  6.6e-02        0.075     31.832        0.341       0.879
27100         0.316        0.891        553.061  6.6e-02        0.076     28.966        0.341       0.879
27200         0.313        0.893        555.102  6.6e-02        0.075     28.974        0.341       0.879
27300         0.315        0.891        557.143  6.6e-02        0.075     28.933        0.341       0.879
27400         0.314        0.892        559.184  6.6e-02        0.075     28.935        0.341       0.879
27500         0.316        0.891        561.224  6.6e-02        0.075     28.979        0.341       0.879
27600         0.315        0.891        563.265  6.6e-02        0.075     28.942        0.341       0.879
27700         0.313        0.893        565.306  6.5e-02        0.075     28.960        0.341       0.879
27800         0.315        0.891        567.347  6.5e-02        0.075     28.976        0.341       0.879
27900         0.315        0.892        569.388  6.5e-02        0.075     28.973        0.341       0.879
28000         0.314        0.892        571.429  6.5e-02        0.075     31.870        0.342       0.879
28100         0.313        0.893        573.469  6.5e-02        0.075     28.942        0.342       0.879
28200         0.313        0.892        575.510  6.5e-02        0.075     28.959        0.342       0.879
28300         0.315        0.892        577.551  6.5e-02        0.075     28.948        0.342       0.879
28400         0.315        0.892        579.592  6.5e-02        0.075     28.944        0.342       0.879
28500         0.314        0.892        581.633  6.4e-02        0.075     28.960        0.342       0.879
28600         0.315        0.891        583.673  6.4e-02        0.076     28.963        0.342       0.879
28700         0.314        0.892        585.714  6.4e-02        0.076     28.950        0.342       0.879
    t    train_loss    train_acc    train_epoch       lr    data_time    it_time    test_loss    test_acc
-----  ------------  -----------  -------------  -------  -----------  ---------  -----------  ----------
28800         0.315        0.892        587.755  6.4e-02        0.076     28.962        0.342       0.879
28900         0.313        0.893        589.796  6.4e-02        0.076     28.961        0.342       0.879
29000         0.313        0.893        591.837  6.4e-02        0.075     31.856        0.341       0.879
29100         0.315        0.892        593.878  6.4e-02        0.075     28.970        0.341       0.879
29200         0.313        0.892        595.918  6.4e-02        0.076     28.956        0.341       0.879
29300         0.316        0.891        597.959  6.3e-02        0.077     28.960        0.341       0.879
29400         0.315        0.891        600.000  6.3e-02        0.075     28.907        0.341       0.879
29500         0.315        0.892        602.041  6.3e-02        0.075     28.970        0.341       0.879
29600         0.314        0.892        604.082  6.3e-02        0.075     28.963        0.341       0.879
29700         0.313        0.893        606.122  6.3e-02        0.075     28.963        0.341       0.879
29800         0.314        0.892        608.163  6.3e-02        0.075     28.957        0.341       0.879
29900         0.313        0.892        610.204  6.3e-02        0.075     28.963        0.341       0.879
30000         0.315        0.891        612.245  6.3e-02        0.075     31.863        0.340       0.879
30100         0.312        0.893        614.286  6.2e-02        0.076     28.945        0.340       0.879
30200         0.316        0.892        616.327  6.2e-02        0.075     28.951        0.340       0.879
30300         0.316        0.890        618.367  6.2e-02        0.075     28.962        0.340       0.879
30400         0.311        0.894        620.408  6.2e-02        0.075     28.959        0.340       0.879
30500         0.315        0.892        622.449  6.2e-02        0.075     28.946        0.340       0.879
30600         0.314        0.892        624.490  6.2e-02        0.075     28.945        0.340       0.879
30700         0.315        0.891        626.531  6.2e-02        0.075     28.961        0.340       0.879
30800         0.312        0.892        628.571  6.2e-02        0.075     28.961        0.340       0.879
30900         0.314        0.891        630.612  6.1e-02        0.075     28.961        0.340       0.879
31000         0.313        0.893        632.653  6.1e-02        0.075     31.869        0.340       0.879
31100         0.315        0.892        634.694  6.1e-02        0.076     28.967        0.340       0.879
31200         0.315        0.891        636.735  6.1e-02        0.075     28.948        0.340       0.879
31300         0.314        0.893        638.776  6.1e-02        0.075     28.960        0.340       0.879
31400         0.315        0.891        640.816  6.1e-02        0.075     28.942        0.340       0.879
31500         0.314        0.893        642.857  6.1e-02        0.075     28.964        0.340       0.879
31600         0.315        0.892        644.898  6.1e-02        0.075     28.964        0.340       0.879
31700         0.314        0.892        646.939  6.0e-02        0.077     28.951        0.340       0.879
31800         0.314        0.893        648.980  6.0e-02        0.075     28.964        0.340       0.879
31900         0.314        0.892        651.020  6.0e-02        0.075     28.926        0.340       0.879
32000         0.314        0.892        653.061  6.0e-02        0.076     31.928        0.341       0.881
32100         0.313        0.892        655.102  6.0e-02        0.075     28.972        0.341       0.881
32200         0.314        0.892        657.143  6.0e-02        0.075     28.946        0.341       0.881
32300         0.312        0.893        659.184  6.0e-02        0.076     28.963        0.341       0.881
32400         0.314        0.892        661.224  6.0e-02        0.075     28.943        0.341       0.881
32500         0.315        0.892        663.265  5.9e-02        0.075     28.942        0.341       0.881
32600         0.313        0.891        665.306  5.9e-02        0.075     28.943        0.341       0.881
32700         0.317        0.891        667.347  5.9e-02        0.076     28.950        0.341       0.881
32800         0.314        0.892        669.388  5.9e-02        0.075     28.965        0.341       0.881
    t    train_loss    train_acc    train_epoch       lr    data_time    it_time    test_loss    test_acc
-----  ------------  -----------  -------------  -------  -----------  ---------  -----------  ----------
32900         0.314        0.892        671.429  5.9e-02        0.075     28.962        0.341       0.881
33000         0.315        0.892        673.469  5.9e-02        0.075     31.847        0.341       0.880
33100         0.314        0.892        675.510  5.9e-02        0.075     28.966        0.341       0.880
33200         0.313        0.893        677.551  5.9e-02        0.076     28.964        0.341       0.880
33300         0.313        0.892        679.592  5.8e-02        0.076     28.944        0.341       0.880
33400         0.316        0.891        681.633  5.8e-02        0.075     28.961        0.341       0.880
33500         0.313        0.893        683.673  5.8e-02        0.075     28.945        0.341       0.880
33600         0.313        0.893        685.714  5.8e-02        0.075     28.969        0.341       0.880
33700         0.313        0.892        687.755  5.8e-02        0.075     28.979        0.341       0.880
33800         0.312        0.893        689.796  5.8e-02        0.075     28.963        0.341       0.880
33900         0.315        0.892        691.837  5.8e-02        0.075     28.980        0.341       0.880
34000         0.313        0.892        693.878  5.8e-02        0.076     31.869        0.341       0.879
34100         0.314        0.892        695.918  5.7e-02        0.076     28.968        0.341       0.879
34200         0.312        0.893        697.959  5.7e-02        0.077     28.980        0.341       0.879
34300         0.314        0.892        700.000  5.7e-02        0.075     28.922        0.341       0.879
34400         0.314        0.892        702.041  5.7e-02        0.075     28.976        0.341       0.879
34500         0.314        0.892        704.082  5.7e-02        0.075     28.960        0.341       0.879
34600         0.315        0.892        706.122  5.7e-02        0.075     28.973        0.341       0.879
34700         0.313        0.893        708.163  5.7e-02        0.076     28.965        0.341       0.879
34800         0.315        0.891        710.204  5.7e-02        0.075     28.960        0.341       0.879
34900         0.313        0.893        712.245  5.6e-02        0.075     28.986        0.341       0.879
35000         0.314        0.893        714.286  5.6e-02        0.075     31.898        0.340       0.879
35100         0.315        0.893        716.327  5.6e-02        0.075     28.951        0.340       0.879
35200         0.314        0.892        718.367  5.6e-02        0.076     28.959        0.340       0.879
35300         0.313        0.893        720.408  5.6e-02        0.075     28.949        0.340       0.879
35400         0.314        0.891        722.449  5.6e-02        0.075     28.943        0.340       0.879
35500         0.314        0.894        724.490  5.6e-02        0.075     28.959        0.340       0.879
35600         0.314        0.892        726.531  5.6e-02        0.075     28.966        0.340       0.879
35700         0.314        0.892        728.571  5.5e-02        0.076     28.962        0.340       0.879
35800         0.314        0.892        730.612  5.5e-02        0.076     28.962        0.340       0.879
35900         0.313        0.892        732.653  5.5e-02        0.075     28.954        0.340       0.879
36000         0.315        0.891        734.694  5.5e-02        0.075     31.885        0.340       0.879
36100         0.314        0.892        736.735  5.5e-02        0.076     28.976        0.340       0.879
36200         0.311        0.894        738.776  5.5e-02        0.076     28.967        0.340       0.879
36300         0.316        0.891        740.816  5.5e-02        0.076     28.977        0.340       0.879
36400         0.310        0.894        742.857  5.5e-02        0.075     28.954        0.340       0.879
36500         0.316        0.891        744.898  5.4e-02        0.076     28.968        0.340       0.879
36600         0.314        0.892        746.939  5.4e-02        0.077     28.946        0.340       0.879
36700         0.315        0.892        748.980  5.4e-02        0.076     28.966        0.340       0.879
36800         0.312        0.893        751.020  5.4e-02        0.076     28.915        0.340       0.879
36900         0.315        0.892        753.061  5.4e-02        0.076     28.959        0.340       0.879
    t    train_loss    train_acc    train_epoch       lr    data_time    it_time    test_loss    test_acc
-----  ------------  -----------  -------------  -------  -----------  ---------  -----------  ----------
37000         0.313        0.893        755.102  5.4e-02        0.076     31.863        0.343       0.877
37100         0.314        0.891        757.143  5.4e-02        0.075     28.966        0.343       0.877
37200         0.313        0.893        759.184  5.4e-02        0.076     28.962        0.343       0.877
37300         0.314        0.892        761.224  5.3e-02        0.077     28.963        0.343       0.877
37400         0.313        0.893        763.265  5.3e-02        0.075     28.961        0.343       0.877
37500         0.312        0.893        765.306  5.3e-02        0.075     28.949        0.343       0.877
37600         0.315        0.892        767.347  5.3e-02        0.075     28.961        0.343       0.877
37700         0.313        0.892        769.388  5.3e-02        0.076     28.964        0.343       0.877
37800         0.313        0.892        771.429  5.3e-02        0.075     28.966        0.343       0.877
37900         0.312        0.894        773.469  5.3e-02        0.076     28.960        0.343       0.877
38000         0.312        0.892        775.510  5.3e-02        0.076     31.882        0.341       0.879
38100         0.315        0.892        777.551  5.2e-02        0.075     28.967        0.341       0.879
38200         0.314        0.892        779.592  5.2e-02        0.075     28.965        0.341       0.879
38300         0.313        0.892        781.633  5.2e-02        0.076     28.944        0.341       0.879
38400         0.312        0.892        783.673  5.2e-02        0.075     28.961        0.341       0.879
38500         0.314        0.892        785.714  5.2e-02        0.075     28.965        0.341       0.879
38600         0.314        0.892        787.755  5.2e-02        0.076     28.962        0.341       0.879
38700         0.314        0.892        789.796  5.2e-02        0.076     28.945        0.341       0.879
38800         0.312        0.893        791.837  5.2e-02        0.075     28.959        0.341       0.879
38900         0.315        0.892        793.878  5.1e-02        0.076     28.964        0.341       0.879
39000         0.314        0.892        795.918  5.1e-02        0.075     31.891        0.341       0.880
39100         0.312        0.893        797.959  5.1e-02        0.077     28.959        0.341       0.880
39200         0.314        0.891        800.000  5.1e-02        0.075     28.885        0.341       0.880
39300         0.314        0.892        802.041  5.1e-02        0.076     28.959        0.341       0.880
39400         0.313        0.893        804.082  5.1e-02        0.075     28.964        0.341       0.880
39500         0.313        0.892        806.122  5.1e-02        0.076     28.976        0.341       0.880
39600         0.313        0.892        808.163  5.1e-02        0.076     28.941        0.341       0.880
39700         0.313        0.893        810.204  5.0e-02        0.076     28.964        0.341       0.880
39800         0.314        0.892        812.245  5.0e-02        0.075     28.948        0.341       0.880
39900         0.314        0.892        814.286  5.0e-02        0.076     28.962        0.341       0.880
40000         0.312        0.893        816.327  5.0e-02        0.075     31.883        0.341       0.879
40100         0.313        0.893        818.367  5.0e-02        0.075     28.964        0.341       0.879
40200         0.314        0.892        820.408  5.0e-02        0.076     28.968        0.341       0.879
40300         0.314        0.893        822.449  5.0e-02        0.075     28.935        0.341       0.879
40400         0.313        0.892        824.490  5.0e-02        0.075     28.966        0.341       0.879
40500         0.314        0.891        826.531  4.9e-02        0.076     28.943        0.341       0.879
40600         0.314        0.892        828.571  4.9e-02        0.076     28.965        0.341       0.879
40700         0.312        0.893        830.612  4.9e-02        0.076     28.958        0.341       0.879
40800         0.313        0.893        832.653  4.9e-02        0.076     28.966        0.341       0.879
40900         0.314        0.892        834.694  4.9e-02        0.077     28.954        0.341       0.879
41000         0.315        0.892        836.735  4.9e-02        0.076     31.876        0.342       0.879
    t    train_loss    train_acc    train_epoch       lr    data_time    it_time    test_loss    test_acc
-----  ------------  -----------  -------------  -------  -----------  ---------  -----------  ----------
41100         0.314        0.892        838.776  4.9e-02        0.076     28.968        0.342       0.879
41200         0.314        0.892        840.816  4.9e-02        0.075     28.964        0.342       0.879
41300         0.312        0.891        842.857  4.8e-02        0.075     28.962        0.342       0.879
41400         0.313        0.893        844.898  4.8e-02        0.076     28.958        0.342       0.879
41500         0.313        0.892        846.939  4.8e-02        0.077     28.967        0.342       0.879
41600         0.312        0.893        848.980  4.8e-02        0.075     28.980        0.342       0.879
41700         0.313        0.893        851.020  4.8e-02        0.075     28.914        0.342       0.879
41800         0.313        0.891        853.061  4.8e-02        0.076     28.981        0.342       0.879
41900         0.314        0.892        855.102  4.8e-02        0.075     28.962        0.342       0.879
42000         0.312        0.893        857.143  4.8e-02        0.075     31.880        0.340       0.880
42100         0.314        0.893        859.184  4.7e-02        0.075     28.950        0.340       0.880
42200         0.312        0.893        861.224  4.7e-02        0.076     28.960        0.340       0.880
42300         0.314        0.892        863.265  4.7e-02        0.075     28.961        0.340       0.880
42400         0.314        0.892        865.306  4.7e-02        0.075     28.947        0.340       0.880
42500         0.313        0.892        867.347  4.7e-02        0.075     28.961        0.340       0.880
42600         0.311        0.893        869.388  4.7e-02        0.075     28.964        0.340       0.880
42700         0.315        0.892        871.429  4.7e-02        0.076     28.981        0.340       0.880
42800         0.313        0.893        873.469  4.7e-02        0.076     28.977        0.340       0.880
42900         0.313        0.893        875.510  4.6e-02        0.075     28.957        0.340       0.880
43000         0.313        0.894        877.551  4.6e-02        0.075     31.881        0.340       0.880
43100         0.314        0.892        879.592  4.6e-02        0.075     28.978        0.340       0.880
43200         0.312        0.893        881.633  4.6e-02        0.075     28.974        0.340       0.880
43300         0.313        0.894        883.673  4.6e-02        0.076     28.960        0.340       0.880
43400         0.312        0.894        885.714  4.6e-02        0.075     28.966        0.340       0.880
43500         0.312        0.892        887.755  4.6e-02        0.076     28.964        0.340       0.880
43600         0.313        0.893        889.796  4.6e-02        0.076     28.948        0.340       0.880
43700         0.313        0.893        891.837  4.5e-02        0.075     28.961        0.340       0.880
43800         0.313        0.892        893.878  4.5e-02        0.075     28.958        0.340       0.880
43900         0.313        0.893        895.918  4.5e-02        0.076     28.948        0.340       0.880
44000         0.313        0.893        897.959  4.5e-02        0.077     31.867        0.340       0.880
44100         0.314        0.892        900.000  4.5e-02        0.075     28.934        0.340       0.880
44200         0.313        0.892        902.041  4.5e-02        0.076     28.979        0.340       0.880
44300         0.314        0.892        904.082  4.5e-02        0.075     28.965        0.340       0.880
44400         0.313        0.893        906.122  4.5e-02        0.075     28.963        0.340       0.880
44500         0.313        0.892        908.163  4.4e-02        0.076     28.974        0.340       0.880
44600         0.313        0.893        910.204  4.4e-02        0.075     28.962        0.340       0.880
44700         0.314        0.892        912.245  4.4e-02        0.075     28.961        0.340       0.880
44800         0.315        0.892        914.286  4.4e-02        0.076     28.967        0.340       0.880
44900         0.314        0.892        916.327  4.4e-02        0.075     28.979        0.340       0.880
45000         0.311        0.894        918.367  4.4e-02        0.075     31.890        0.341       0.879
45100         0.314        0.892        920.408  4.4e-02        0.075     28.961        0.341       0.879
    t    train_loss    train_acc    train_epoch       lr    data_time    it_time    test_loss    test_acc
-----  ------------  -----------  -------------  -------  -----------  ---------  -----------  ----------
45200         0.311        0.893        922.449  4.4e-02        0.075     28.975        0.341       0.879
45300         0.314        0.892        924.490  4.3e-02        0.075     28.968        0.341       0.879
45400         0.312        0.893        926.531  4.3e-02        0.076     28.955        0.341       0.879
45500         0.311        0.893        928.571  4.3e-02        0.075     28.964        0.341       0.879
45600         0.313        0.892        930.612  4.3e-02        0.076     28.949        0.341       0.879
45700         0.314        0.892        932.653  4.3e-02        0.075     28.977        0.341       0.879
45800         0.314        0.892        934.694  4.3e-02        0.075     28.949        0.341       0.879
45900         0.314        0.892        936.735  4.3e-02        0.075     28.945        0.341       0.879
46000         0.315        0.891        938.776  4.3e-02        0.075     31.881        0.340       0.880
46100         0.314        0.892        940.816  4.2e-02        0.076     28.966        0.340       0.880
46200         0.310        0.894        942.857  4.2e-02        0.075     28.960        0.340       0.880
46300         0.314        0.893        944.898  4.2e-02        0.076     28.949        0.340       0.880
46400         0.313        0.892        946.939  4.2e-02        0.077     28.965        0.340       0.880
46500         0.313        0.892        948.980  4.2e-02        0.075     28.976        0.340       0.880
46600         0.312        0.893        951.020  4.2e-02        0.076     28.913        0.340       0.880
46700         0.314        0.891        953.061  4.2e-02        0.076     28.960        0.340       0.880
46800         0.312        0.893        955.102  4.2e-02        0.075     28.961        0.340       0.880
46900         0.314        0.891        957.143  4.1e-02        0.076     28.968        0.340       0.880
47000         0.313        0.893        959.184  4.1e-02        0.075     31.903        0.341       0.880
47100         0.315        0.892        961.224  4.1e-02        0.076     28.994        0.341       0.880
47200         0.312        0.893        963.265  4.1e-02        0.075     28.983        0.341       0.880
47300         0.313        0.893        965.306  4.1e-02        0.075     28.962        0.341       0.880
47400         0.313        0.893        967.347  4.1e-02        0.076     28.964        0.341       0.880
47500         0.314        0.893        969.388  4.1e-02        0.076     28.961        0.341       0.880
47600         0.314        0.892        971.429  4.1e-02        0.076     28.964        0.341       0.880
47700         0.313        0.892        973.469  4.0e-02        0.075     28.962        0.341       0.880
47800         0.314        0.893        975.510  4.0e-02        0.075     28.962        0.341       0.880
47900         0.314        0.892        977.551  4.0e-02        0.075     28.960        0.341       0.880
48000         0.313        0.893        979.592  4.0e-02        0.075     31.863        0.341       0.881
48100         0.312        0.892        981.633  4.0e-02        0.076     28.970        0.341       0.881
48200         0.312        0.893        983.673  4.0e-02        0.075     28.936        0.341       0.881
48300         0.313        0.892        985.714  4.0e-02        0.076     28.923        0.341       0.881
48400         0.314        0.893        987.755  4.0e-02        0.076     28.974        0.341       0.881
48500         0.313        0.893        989.796  3.9e-02        0.077     28.963        0.341       0.881
48600         0.313        0.892        991.837  3.9e-02        0.077     28.965        0.341       0.881
48700         0.313        0.892        993.878  3.9e-02        0.075     28.980        0.341       0.881
48800         0.313        0.892        995.918  3.9e-02        0.076     28.963        0.341       0.881
48900         0.313        0.892        997.959  3.9e-02        0.076     28.928        0.341       0.881
49000         0.313        0.892       1000.000  3.9e-02        0.075     31.832        0.340       0.880
49100         0.314        0.893       1002.041  3.9e-02        0.076     28.958        0.340       0.880
49200         0.313        0.893       1004.082  3.9e-02        0.076     28.968        0.340       0.880
    t    train_loss    train_acc    train_epoch       lr    data_time    it_time    test_loss    test_acc
-----  ------------  -----------  -------------  -------  -----------  ---------  -----------  ----------
49300         0.314        0.892       1006.122  3.8e-02        0.076     28.949        0.340       0.880
49400         0.314        0.892       1008.163  3.8e-02        0.076     28.962        0.340       0.880
49500         0.312        0.892       1010.204  3.8e-02        0.077     28.962        0.340       0.880
49600         0.310        0.894       1012.245  3.8e-02        0.077     28.968        0.340       0.880
49700         0.312        0.893       1014.286  3.8e-02        0.076     28.969        0.340       0.880
49800         0.313        0.893       1016.327  3.8e-02        0.076     28.961        0.340       0.880
49900         0.315        0.891       1018.367  3.8e-02        0.076     28.967        0.340       0.880
50000         0.315        0.892       1020.408  3.8e-02        0.075     31.918        0.340       0.881
50100         0.312        0.892       1022.449  3.7e-02        0.076     28.965        0.340       0.881
50200         0.312        0.893       1024.490  3.7e-02        0.075     28.967        0.340       0.881
50300         0.313        0.892       1026.531  3.7e-02        0.076     28.955        0.340       0.881
50400         0.314        0.892       1028.571  3.7e-02        0.075     28.968        0.340       0.881
50500         0.312        0.893       1030.612  3.7e-02        0.075     28.953        0.340       0.881
50600         0.313        0.892       1032.653  3.7e-02        0.076     28.975        0.340       0.881
50700         0.314        0.892       1034.694  3.7e-02        0.075     28.941        0.340       0.881
50800         0.311        0.893       1036.735  3.7e-02        0.075     28.964        0.340       0.881
50900         0.313        0.892       1038.776  3.6e-02        0.076     28.954        0.340       0.881
51000         0.314        0.892       1040.816  3.6e-02        0.075     31.891        0.340       0.880
51100         0.311        0.894       1042.857  3.6e-02        0.076     28.950        0.340       0.880
51200         0.315        0.891       1044.898  3.6e-02        0.076     28.978        0.340       0.880
51300         0.313        0.893       1046.939  3.6e-02        0.077     28.963        0.340       0.880
51400         0.313        0.892       1048.980  3.6e-02        0.075     28.967        0.340       0.880
51500         0.313        0.893       1051.020  3.6e-02        0.075     28.929        0.340       0.880
51600         0.313        0.892       1053.061  3.6e-02        0.075     28.960        0.340       0.880
51700         0.315        0.892       1055.102  3.5e-02        0.077     28.973        0.340       0.880
51800         0.312        0.893       1057.143  3.5e-02        0.076     28.952        0.340       0.880
51900         0.311        0.893       1059.184  3.5e-02        0.075     28.941        0.340       0.880
52000         0.314        0.892       1061.224  3.5e-02        0.076     31.855        0.340       0.881
52100         0.312        0.891       1063.265  3.5e-02        0.076     28.966        0.340       0.881
52200         0.313        0.893       1065.306  3.5e-02        0.076     28.973        0.340       0.881
52300         0.313        0.892       1067.347  3.5e-02        0.076     28.960        0.340       0.881
52400         0.313        0.892       1069.388  3.5e-02        0.076     28.942        0.340       0.881
52500         0.314        0.892       1071.429  3.4e-02        0.075     28.964        0.340       0.881
52600         0.313        0.892       1073.469  3.4e-02        0.075     28.962        0.340       0.881
52700         0.312        0.893       1075.510  3.4e-02        0.075     28.962        0.340       0.881
52800         0.313        0.893       1077.551  3.4e-02        0.076     28.964        0.340       0.881
52900         0.315        0.892       1079.592  3.4e-02        0.076     28.947        0.340       0.881
53000         0.314        0.892       1081.633  3.4e-02        0.076     31.866        0.341       0.880
53100         0.312        0.893       1083.673  3.4e-02        0.075     28.962        0.341       0.880
53200         0.315        0.891       1085.714  3.4e-02        0.076     28.962        0.341       0.880
53300         0.313        0.892       1087.755  3.3e-02        0.075     28.981        0.341       0.880
    t    train_loss    train_acc    train_epoch       lr    data_time    it_time    test_loss    test_acc
-----  ------------  -----------  -------------  -------  -----------  ---------  -----------  ----------
53400         0.314        0.892       1089.796  3.3e-02        0.077     28.977        0.341       0.880
53500         0.311        0.893       1091.837  3.3e-02        0.076     28.946        0.341       0.880
53600         0.312        0.893       1093.878  3.3e-02        0.076     28.962        0.341       0.880
53700         0.313        0.893       1095.918  3.3e-02        0.076     28.953        0.341       0.880
53800         0.313        0.893       1097.959  3.3e-02        0.077     28.971        0.341       0.880
53900         0.315        0.891       1100.000  3.3e-02        0.075     28.915        0.341       0.880
54000         0.312        0.893       1102.041  3.3e-02        0.075     31.898        0.341       0.879
54100         0.312        0.893       1104.082  3.2e-02        0.076     28.952        0.341       0.879
54200         0.311        0.893       1106.122  3.2e-02        0.076     28.942        0.341       0.879
54300         0.314        0.893       1108.163  3.2e-02        0.076     28.960        0.341       0.879
54400         0.313        0.893       1110.204  3.2e-02        0.075     28.966        0.341       0.879
54500         0.312        0.893       1112.245  3.2e-02        0.076     28.973        0.341       0.879
54600         0.313        0.893       1114.286  3.2e-02        0.076     28.946        0.341       0.879
54700         0.312        0.893       1116.327  3.2e-02        0.076     28.955        0.341       0.879
54800         0.311        0.893       1118.367  3.2e-02        0.076     28.972        0.341       0.879
54900         0.314        0.892       1120.408  3.1e-02        0.076     28.958        0.341       0.879
55000         0.313        0.892       1122.449  3.1e-02        0.076     31.881        0.340       0.880
55100         0.314        0.893       1124.490  3.1e-02        0.075     28.953        0.340       0.880
55200         0.313        0.892       1126.531  3.1e-02        0.076     28.951        0.340       0.880
55300         0.311        0.893       1128.571  3.1e-02        0.075     28.972        0.340       0.880
55400         0.314        0.893       1130.612  3.1e-02        0.076     28.979        0.340       0.880
55500         0.313        0.892       1132.653  3.1e-02        0.076     28.965        0.340       0.880
55600         0.314        0.892       1134.694  3.1e-02        0.075     28.981        0.340       0.880
55700         0.313        0.893       1136.735  3.0e-02        0.076     28.959        0.340       0.880
55800         0.316        0.892       1138.776  3.0e-02        0.076     28.963        0.340       0.880
55900         0.313        0.892       1140.816  3.0e-02        0.076     28.961        0.340       0.880
56000         0.313        0.892       1142.857  3.0e-02        0.076     31.889        0.340       0.881
56100         0.314        0.892       1144.898  3.0e-02        0.076     28.983        0.340       0.881
56200         0.314        0.892       1146.939  3.0e-02        0.077     28.966        0.340       0.881
56300         0.313        0.892       1148.980  3.0e-02        0.076     28.973        0.340       0.881
56400         0.312        0.893       1151.020  3.0e-02        0.075     28.932        0.340       0.881
56500         0.312        0.894       1153.061  2.9e-02        0.075     28.959        0.340       0.881
56600         0.311        0.893       1155.102  2.9e-02        0.076     28.940        0.340       0.881
56700         0.314        0.892       1157.143  2.9e-02        0.077     28.966        0.340       0.881
56800         0.313        0.892       1159.184  2.9e-02        0.076     28.968        0.340       0.881
56900         0.315        0.891       1161.224  2.9e-02        0.076     28.961        0.340       0.881
57000         0.313        0.892       1163.265  2.9e-02        0.076     31.850        0.340       0.881
57100         0.313        0.893       1165.306  2.9e-02        0.077     28.979        0.340       0.881
57200         0.313        0.893       1167.347  2.9e-02        0.076     28.958        0.340       0.881
57300         0.314        0.892       1169.388  2.8e-02        0.076     28.928        0.340       0.881
57400         0.315        0.891       1171.429  2.8e-02        0.076     28.958        0.340       0.881
    t    train_loss    train_acc    train_epoch       lr    data_time    it_time    test_loss    test_acc
-----  ------------  -----------  -------------  -------  -----------  ---------  -----------  ----------
57500         0.314        0.893       1173.469  2.8e-02        0.075     28.952        0.340       0.881
57600         0.312        0.893       1175.510  2.8e-02        0.075     28.975        0.340       0.881
57700         0.313        0.893       1177.551  2.8e-02        0.075     28.957        0.340       0.881
57800         0.314        0.892       1179.592  2.8e-02        0.075     28.968        0.340       0.881
57900         0.311        0.894       1181.633  2.8e-02        0.075     28.982        0.340       0.881
58000         0.313        0.892       1183.673  2.8e-02        0.076     31.896        0.340       0.881
58100         0.313        0.893       1185.714  2.7e-02        0.075     28.955        0.340       0.881
58200         0.313        0.892       1187.755  2.7e-02        0.076     28.962        0.340       0.881
58300         0.311        0.893       1189.796  2.7e-02        0.076     28.982        0.340       0.881
58400         0.312        0.893       1191.837  2.7e-02        0.075     28.960        0.340       0.881
58500         0.314        0.892       1193.878  2.7e-02        0.076     28.962        0.340       0.881
58600         0.313        0.892       1195.918  2.7e-02        0.076     28.981        0.340       0.881
58700         0.312        0.893       1197.959  2.7e-02        0.077     28.978        0.340       0.881
58800         0.314        0.891       1200.000  2.7e-02        0.076     28.933        0.340       0.881
58900         0.314        0.892       1202.041  2.6e-02        0.076     28.964        0.340       0.881
59000         0.312        0.893       1204.082  2.6e-02        0.076     31.873        0.340       0.882
59100         0.313        0.892       1206.122  2.6e-02        0.076     28.970        0.340       0.882
59200         0.312        0.893       1208.163  2.6e-02        0.076     28.958        0.340       0.882
59300         0.312        0.893       1210.204  2.6e-02        0.076     28.961        0.340       0.882
59400         0.315        0.891       1212.245  2.6e-02        0.076     28.962        0.340       0.882
59500         0.312        0.893       1214.286  2.6e-02        0.077     28.948        0.340       0.882
59600         0.310        0.893       1216.327  2.6e-02        0.076     28.982        0.340       0.882
59700         0.312        0.893       1218.367  2.5e-02        0.075     28.950        0.340       0.882
59800         0.314        0.892       1220.408  2.5e-02        0.076     28.932        0.340       0.882
59900         0.313        0.892       1222.449  2.5e-02        0.075     28.963        0.340       0.882
60000         0.312        0.892       1224.490  2.5e-02        0.076     31.883        0.340       0.879
60100         0.314        0.893       1226.531  2.5e-02        0.076     28.931        0.340       0.879
60200         0.314        0.892       1228.571  2.5e-02        0.076     28.965        0.340       0.879
60300         0.311        0.893       1230.612  2.5e-02        0.076     28.962        0.340       0.879
60400         0.312        0.892       1232.653  2.5e-02        0.076     28.950        0.340       0.879
60500         0.313        0.892       1234.694  2.4e-02        0.076     28.964        0.340       0.879
60600         0.313        0.893       1236.735  2.4e-02        0.076     28.989        0.340       0.879
60700         0.312        0.893       1238.776  2.4e-02        0.076     28.974        0.340       0.879
60800         0.313        0.894       1240.816  2.4e-02        0.076     28.960        0.340       0.879
60900         0.313        0.892       1242.857  2.4e-02        0.076     28.950        0.340       0.879
61000         0.313        0.892       1244.898  2.4e-02        0.076     31.867        0.340       0.880
61100         0.314        0.892       1246.939  2.4e-02        0.077     28.962        0.340       0.880
61200         0.312        0.893       1248.980  2.4e-02        0.076     28.946        0.340       0.880
61300         0.313        0.892       1251.020  2.3e-02        0.076     28.916        0.340       0.880
61400         0.312        0.892       1253.061  2.3e-02        0.076     28.948        0.340       0.880
61500         0.312        0.893       1255.102  2.3e-02        0.076     28.971        0.340       0.880
    t    train_loss    train_acc    train_epoch       lr    data_time    it_time    test_loss    test_acc
-----  ------------  -----------  -------------  -------  -----------  ---------  -----------  ----------
61600         0.314        0.893       1257.143  2.3e-02        0.075     28.957        0.340       0.880
61700         0.312        0.893       1259.184  2.3e-02        0.075     28.965        0.340       0.880
61800         0.313        0.893       1261.224  2.3e-02        0.076     28.957        0.340       0.880
61900         0.314        0.891       1263.265  2.3e-02        0.076     28.964        0.340       0.880
62000         0.312        0.893       1265.306  2.3e-02        0.077     31.863        0.341       0.880
62100         0.312        0.892       1267.347  2.2e-02        0.076     28.969        0.341       0.880
62200         0.313        0.892       1269.388  2.2e-02        0.076     28.961        0.341       0.880
62300         0.314        0.893       1271.429  2.2e-02        0.076     28.964        0.341       0.880
62400         0.314        0.892       1273.469  2.2e-02        0.075     28.965        0.341       0.880
62500         0.312        0.894       1275.510  2.2e-02        0.075     28.951        0.341       0.880
62600         0.315        0.892       1277.551  2.2e-02        0.076     28.963        0.341       0.880
62700         0.312        0.893       1279.592  2.2e-02        0.076     28.948        0.341       0.880
62800         0.314        0.892       1281.633  2.2e-02        0.076     28.962        0.341       0.880
62900         0.311        0.893       1283.673  2.1e-02        0.075     28.944        0.341       0.880
63000         0.312        0.892       1285.714  2.1e-02        0.076     31.860        0.340       0.881
63100         0.314        0.893       1287.755  2.1e-02        0.075     28.966        0.340       0.881
63200         0.313        0.893       1289.796  2.1e-02        0.075     28.928        0.340       0.881
63300         0.313        0.893       1291.837  2.1e-02        0.075     28.937        0.340       0.881
63400         0.313        0.893       1293.878  2.1e-02        0.076     28.967        0.340       0.881
63500         0.311        0.893       1295.918  2.1e-02        0.076     28.963        0.340       0.881
63600         0.313        0.893       1297.959  2.1e-02        0.077     28.952        0.340       0.881
63700         0.313        0.893       1300.000  2.0e-02        0.076     28.925        0.340       0.881
63800         0.314        0.893       1302.041  2.0e-02        0.075     28.973        0.340       0.881
63900         0.313        0.893       1304.082  2.0e-02        0.076     28.963        0.340       0.881
64000         0.312        0.894       1306.122  2.0e-02        0.076     31.884        0.340       0.881
64100         0.315        0.892       1308.163  2.0e-02        0.076     28.971        0.340       0.881
64200         0.313        0.893       1310.204  2.0e-02        0.076     28.952        0.340       0.881
64300         0.311        0.894       1312.245  2.0e-02        0.076     28.944        0.340       0.881
64400         0.312        0.893       1314.286  2.0e-02        0.076     28.957        0.340       0.881
64500         0.312        0.893       1316.327  1.9e-02        0.076     28.967        0.340       0.881
64600         0.313        0.893       1318.367  1.9e-02        0.076     28.945        0.340       0.881
64700         0.312        0.893       1320.408  1.9e-02        0.075     28.957        0.340       0.881
64800         0.311        0.894       1322.449  1.9e-02        0.075     28.969        0.340       0.881
64900         0.313        0.893       1324.490  1.9e-02        0.076     28.938        0.340       0.881
65000         0.312        0.892       1326.531  1.9e-02        0.076     31.886        0.340       0.880
65100         0.312        0.892       1328.571  1.9e-02        0.075     28.964        0.340       0.880
65200         0.313        0.893       1330.612  1.9e-02        0.076     28.944        0.340       0.880
65300         0.312        0.892       1332.653  1.8e-02        0.076     28.954        0.340       0.880
65400         0.313        0.892       1334.694  1.8e-02        0.077     28.964        0.340       0.880
65500         0.313        0.893       1336.735  1.8e-02        0.076     28.966        0.340       0.880
65600         0.313        0.893       1338.776  1.8e-02        0.076     28.945        0.340       0.880
    t    train_loss    train_acc    train_epoch       lr    data_time    it_time    test_loss    test_acc
-----  ------------  -----------  -------------  -------  -----------  ---------  -----------  ----------
65700         0.313        0.892       1340.816  1.8e-02        0.076     28.963        0.340       0.880
65800         0.313        0.892       1342.857  1.8e-02        0.076     28.975        0.340       0.880
65900         0.312        0.893       1344.898  1.8e-02        0.076     28.963        0.340       0.880
66000         0.312        0.893       1346.939  1.8e-02        0.077     31.856        0.341       0.879
66100         0.312        0.892       1348.980  1.7e-02        0.076     28.946        0.341       0.879
66200         0.312        0.893       1351.020  1.7e-02        0.075     28.891        0.341       0.879
66300         0.311        0.894       1353.061  1.7e-02        0.076     28.975        0.341       0.879
66400         0.312        0.893       1355.102  1.7e-02        0.076     28.978        0.341       0.879
66500         0.314        0.893       1357.143  1.7e-02        0.076     28.970        0.341       0.879
66600         0.313        0.893       1359.184  1.7e-02        0.076     28.967        0.341       0.879
66700         0.312        0.892       1361.224  1.7e-02        0.076     28.952        0.341       0.879
66800         0.315        0.891       1363.265  1.7e-02        0.076     28.936        0.341       0.879
66900         0.311        0.893       1365.306  1.6e-02        0.076     28.965        0.341       0.879
67000         0.314        0.892       1367.347  1.6e-02        0.076     31.900        0.340       0.880
67100         0.314        0.892       1369.388  1.6e-02        0.076     28.967        0.340       0.880
67200         0.313        0.893       1371.429  1.6e-02        0.077     28.962        0.340       0.880
67300         0.312        0.893       1373.469  1.6e-02        0.076     28.960        0.340       0.880
67400         0.311        0.893       1375.510  1.6e-02        0.076     28.943        0.340       0.880
67500         0.313        0.892       1377.551  1.6e-02        0.075     28.965        0.340       0.880
67600         0.313        0.893       1379.592  1.6e-02        0.076     28.975        0.340       0.880
67700         0.313        0.891       1381.633  1.5e-02        0.075     28.961        0.340       0.880
67800         0.313        0.892       1383.673  1.5e-02        0.076     28.964        0.340       0.880
67900         0.312        0.893       1385.714  1.5e-02        0.076     28.958        0.340       0.880
68000         0.311        0.892       1387.755  1.5e-02        0.076     31.871        0.340       0.880
68100         0.314        0.892       1389.796  1.5e-02        0.076     28.954        0.340       0.880
68200         0.313        0.892       1391.837  1.5e-02        0.076     28.955        0.340       0.880
68300         0.312        0.893       1393.878  1.5e-02        0.076     28.966        0.340       0.880
68400         0.313        0.892       1395.918  1.5e-02        0.076     28.972        0.340       0.880
68500         0.313        0.892       1397.959  1.4e-02        0.077     28.979        0.340       0.880
68600         0.313        0.892       1400.000  1.4e-02        0.076     28.913        0.340       0.880
68700         0.314        0.892       1402.041  1.4e-02        0.076     28.961        0.340       0.880
68800         0.312        0.893       1404.082  1.4e-02        0.076     28.944        0.340       0.880
68900         0.314        0.892       1406.122  1.4e-02        0.077     28.966        0.340       0.880
69000         0.310        0.894       1408.163  1.4e-02        0.076     31.880        0.340       0.880
69100         0.312        0.893       1410.204  1.4e-02        0.076     28.950        0.340       0.880
69200         0.312        0.894       1412.245  1.4e-02        0.076     28.987        0.340       0.880
69300         0.312        0.893       1414.286  1.3e-02        0.076     28.965        0.340       0.880
69400         0.315        0.891       1416.327  1.3e-02        0.077     28.966        0.340       0.880
69500         0.311        0.893       1418.367  1.3e-02        0.076     28.957        0.340       0.880
69600         0.314        0.891       1420.408  1.3e-02        0.076     28.954        0.340       0.880
69700         0.313        0.893       1422.449  1.3e-02        0.076     28.967        0.340       0.880
    t    train_loss    train_acc    train_epoch       lr    data_time    it_time    test_loss    test_acc
-----  ------------  -----------  -------------  -------  -----------  ---------  -----------  ----------
69800         0.312        0.893       1424.490  1.3e-02        0.076     28.964        0.340       0.880
69900         0.313        0.892       1426.531  1.3e-02        0.076     28.961        0.340       0.880
70000         0.312        0.894       1428.571  1.3e-02        0.076     31.881        0.340       0.880
70100         0.311        0.893       1430.612  1.2e-02        0.076     28.963        0.340       0.880
70200         0.313        0.892       1432.653  1.2e-02        0.076     28.970        0.340       0.880
70300         0.314        0.892       1434.694  1.2e-02        0.075     28.957        0.340       0.880
70400         0.313        0.893       1436.735  1.2e-02        0.076     28.962        0.340       0.880
70500         0.312        0.893       1438.776  1.2e-02        0.076     28.925        0.340       0.880
70600         0.313        0.893       1440.816  1.2e-02        0.076     28.997        0.340       0.880
70700         0.309        0.895       1442.857  1.2e-02        0.076     28.964        0.340       0.880
70800         0.314        0.891       1444.898  1.2e-02        0.076     28.965        0.340       0.880
70900         0.313        0.893       1446.939  1.1e-02        0.077     28.980        0.340       0.880
71000         0.312        0.893       1448.980  1.1e-02        0.075     31.885        0.340       0.880
71100         0.312        0.893       1451.020  1.1e-02        0.076     28.911        0.340       0.880
71200         0.311        0.893       1453.061  1.1e-02        0.077     28.960        0.340       0.880
71300         0.313        0.893       1455.102  1.1e-02        0.076     28.960        0.340       0.880
71400         0.311        0.894       1457.143  1.1e-02        0.076     28.934        0.340       0.880
71500         0.315        0.891       1459.184  1.1e-02        0.076     28.972        0.340       0.880
71600         0.313        0.892       1461.224  1.1e-02        0.075     28.959        0.340       0.880
71700         0.311        0.893       1463.265  1.0e-02        0.076     28.963        0.340       0.880
71800         0.312        0.893       1465.306  1.0e-02        0.076     28.942        0.340       0.880
71900         0.314        0.891       1467.347  1.0e-02        0.076     28.942        0.340       0.880
72000         0.312        0.893       1469.388  1.0e-02        0.076     31.883        0.340       0.881
72100         0.313        0.893       1471.429  9.9e-03        0.076     28.941        0.340       0.881
72200         0.312        0.894       1473.469  9.8e-03        0.076     28.969        0.340       0.881
72300         0.314        0.893       1475.510  9.6e-03        0.075     28.972        0.340       0.881
72400         0.310        0.893       1477.551  9.5e-03        0.075     28.966        0.340       0.881
72500         0.314        0.893       1479.592  9.4e-03        0.076     28.965        0.340       0.881
72600         0.314        0.892       1481.633  9.3e-03        0.076     28.945        0.340       0.881
72700         0.312        0.892       1483.673  9.1e-03        0.077     28.977        0.340       0.881
72800         0.312        0.893       1485.714  9.0e-03        0.076     28.964        0.340       0.881
72900         0.312        0.893       1487.755  8.9e-03        0.076     28.960        0.340       0.881
73000         0.314        0.893       1489.796  8.8e-03        0.077     31.886        0.340       0.880
73100         0.310        0.893       1491.837  8.6e-03        0.076     28.947        0.340       0.880
73200         0.313        0.892       1493.878  8.5e-03        0.077     28.981        0.340       0.880
73300         0.312        0.893       1495.918  8.4e-03        0.076     28.982        0.340       0.880
73400         0.313        0.893       1497.959  8.3e-03        0.077     28.962        0.340       0.880
73500         0.312        0.893       1500.000  8.1e-03        0.076     28.899        0.340       0.880
73600         0.311        0.894       1502.041  8.0e-03        0.077     28.968        0.340       0.880
73700         0.311        0.893       1504.082  7.9e-03        0.076     28.958        0.340       0.880
73800         0.314        0.893       1506.122  7.8e-03        0.077     28.960        0.340       0.880
    t    train_loss    train_acc    train_epoch       lr    data_time    it_time    test_loss    test_acc
-----  ------------  -----------  -------------  -------  -----------  ---------  -----------  ----------
73900         0.312        0.893       1508.163  7.6e-03        0.076     28.950        0.340       0.880
74000         0.314        0.891       1510.204  7.5e-03        0.076     31.895        0.340       0.880
74100         0.313        0.892       1512.245  7.4e-03        0.076     28.964        0.340       0.880
74200         0.312        0.894       1514.286  7.3e-03        0.076     28.968        0.340       0.880
74300         0.311        0.893       1516.327  7.1e-03        0.076     28.973        0.340       0.880
74400         0.314        0.892       1518.367  7.0e-03        0.077     28.972        0.340       0.880
74500         0.312        0.893       1520.408  6.9e-03        0.076     28.946        0.340       0.880
74600         0.313        0.892       1522.449  6.8e-03        0.075     28.969        0.340       0.880
74700         0.312        0.894       1524.490  6.6e-03        0.076     28.964        0.340       0.880
74800         0.312        0.893       1526.531  6.5e-03        0.077     28.941        0.340       0.880
74900         0.313        0.892       1528.571  6.4e-03        0.077     28.964        0.340       0.880
75000         0.312        0.893       1530.612  6.3e-03        0.077     31.882        0.340       0.881
75100         0.310        0.894       1532.653  6.1e-03        0.077     28.943        0.340       0.881
75200         0.313        0.893       1534.694  6.0e-03        0.077     28.945        0.340       0.881
75300         0.313        0.892       1536.735  5.9e-03        0.077     28.960        0.340       0.881
75400         0.312        0.892       1538.776  5.8e-03        0.076     28.947        0.340       0.881
75500         0.312        0.893       1540.816  5.6e-03        0.076     28.972        0.340       0.881
75600         0.313        0.893       1542.857  5.5e-03        0.076     28.964        0.340       0.881
75700         0.311        0.893       1544.898  5.4e-03        0.077     28.983        0.340       0.881
75800         0.314        0.893       1546.939  5.3e-03        0.077     28.939        0.340       0.881
75900         0.313        0.892       1548.980  5.1e-03        0.076     28.972        0.340       0.881
76000         0.311        0.893       1551.020  5.0e-03        0.076     31.802        0.340       0.881
76100         0.313        0.892       1553.061  4.9e-03        0.076     28.954        0.340       0.881
76200         0.313        0.893       1555.102  4.8e-03        0.076     28.981        0.340       0.881
76300         0.311        0.893       1557.143  4.6e-03        0.076     28.971        0.340       0.881
76400         0.314        0.892       1559.184  4.5e-03        0.075     28.961        0.340       0.881
76500         0.313        0.893       1561.224  4.4e-03        0.076     28.963        0.340       0.881
76600         0.312        0.893       1563.265  4.3e-03        0.076     28.982        0.340       0.881
76700         0.312        0.893       1565.306  4.1e-03        0.076     28.959        0.340       0.881
76800         0.314        0.893       1567.347  4.0e-03        0.076     28.960        0.340       0.881
76900         0.312        0.893       1569.388  3.9e-03        0.076     28.947        0.340       0.881
77000         0.311        0.894       1571.429  3.8e-03        0.076     31.875        0.340       0.880
77100         0.312        0.893       1573.469  3.6e-03        0.076     28.969        0.340       0.880
77200         0.311        0.893       1575.510  3.5e-03        0.076     28.953        0.340       0.880
77300         0.314        0.892       1577.551  3.4e-03        0.076     28.966        0.340       0.880
77400         0.313        0.893       1579.592  3.3e-03        0.077     28.947        0.340       0.880
77500         0.313        0.893       1581.633  3.1e-03        0.076     28.940        0.340       0.880
77600         0.313        0.892       1583.673  3.0e-03        0.076     28.925        0.340       0.880
77700         0.313        0.892       1585.714  2.9e-03        0.076     28.959        0.340       0.880
77800         0.311        0.894       1587.755  2.8e-03        0.076     28.960        0.340       0.880
77900         0.312        0.893       1589.796  2.6e-03        0.076     28.959        0.340       0.880
    t    train_loss    train_acc    train_epoch       lr    data_time    it_time    test_loss    test_acc
-----  ------------  -----------  -------------  -------  -----------  ---------  -----------  ----------
78000         0.312        0.892       1591.837  2.5e-03        0.076     31.887        0.340       0.880
78100         0.314        0.892       1593.878  2.4e-03        0.076     28.948        0.340       0.880
78200         0.315        0.892       1595.918  2.3e-03        0.077     28.960        0.340       0.880
78300         0.312        0.893       1597.959  2.1e-03        0.077     28.934        0.340       0.880
78400         0.313        0.893       1600.000  2.0e-03        0.076     28.924        0.340       0.880
78500         0.312        0.893       1602.041  1.9e-03        0.077     28.961        0.340       0.880
78600         0.313        0.892       1604.082  1.8e-03        0.076     28.956        0.340       0.880
78700         0.314        0.892       1606.122  1.6e-03        0.077     28.961        0.340       0.880
78800         0.312        0.893       1608.163  1.5e-03        0.076     28.927        0.340       0.880
78900         0.314        0.892       1610.204  1.4e-03        0.076     28.954        0.340       0.880
79000         0.311        0.894       1612.245  1.3e-03        0.076     31.872        0.340       0.880
79100         0.312        0.893       1614.286  1.1e-03        0.076     28.945        0.340       0.880
79200         0.313        0.892       1616.327  1.0e-03        0.075     28.941        0.340       0.880
79300         0.311        0.894       1618.367  8.8e-04        0.076     28.960        0.340       0.880
79400         0.313        0.893       1620.408  7.5e-04        0.076     28.968        0.340       0.880
79500         0.315        0.892       1622.449  6.3e-04        0.076     28.939        0.340       0.880
79600         0.312        0.894       1624.490  5.0e-04        0.077     28.961        0.340       0.880
79700         0.314        0.892       1626.531  3.8e-04        0.076     28.945        0.340       0.880
79800         0.311        0.893       1628.571  2.5e-04        0.076     28.977        0.340       0.880
79900         0.314        0.892       1630.612  1.3e-04        0.076     28.959        0.340       0.880
80000         0.310        0.893       1632.653  1.2e-06        0.076     31.878        0.340       0.880
