  t    train_loss    train_acc    train_epoch       lr    data_time    it_time
---  ------------  -----------  -------------  -------  -----------  ---------
100     44762.441        0.495          2.041  1.0e-01        0.337     26.809
200     45677.801        0.495          4.082  1.0e-01        0.079     23.633
300     42590.895        0.490          6.122  1.0e-01        0.079     23.488
400     44243.227        0.487          8.163  1.0e-01        0.077     23.486
500     45058.469        0.492         10.204  9.9e-02        0.078     23.493
600     44401.660        0.494         12.245  9.9e-02        0.079     23.490
700     43803.297        0.497         14.286  9.9e-02        0.078     23.494
800     42871.344        0.497         16.327  9.9e-02        0.078     23.494
900     46762.555        0.491         18.367  9.9e-02        0.078     23.496
1000     41746.496        0.491         20.408  9.9e-02        0.079     27.176    30312.355       0.562
1100     47295.645        0.495         22.449  9.9e-02        0.079     23.514    30312.355       0.562
1200     42277.922        0.494         24.490  9.9e-02        0.078     23.516    30312.355       0.562
1300     45954.836        0.488         26.531  9.8e-02        0.078     23.511    30312.355       0.562
1400     48411.590        0.495         28.571  9.8e-02        0.079     23.524    30312.355       0.562
1500     42271.930        0.493         30.612  9.8e-02        0.078     23.525    30312.355       0.562
1600     41707.547        0.490         32.653  9.8e-02        0.079     23.527    30312.355       0.562
1700     39371.543        0.495         34.694  9.8e-02        0.079     23.539    30312.355       0.562
1800     39390.906        0.492         36.735  9.8e-02        0.078     23.541    30312.355       0.562
1900     42953.664        0.492         38.776  9.8e-02        0.079     23.543    30312.355       0.562
2000     39031.566        0.496         40.816  9.8e-02        0.079     25.976    46649.461       0.502
2100     37329.781        0.495         42.857  9.7e-02        0.079     23.537    46649.461       0.502
2200     42268.426        0.494         44.898  9.7e-02        0.079     23.554    46649.461       0.502
2300     39839.793        0.493         46.939  9.7e-02        0.080     23.543    46649.461       0.502
2400     43015.637        0.493         48.980  9.7e-02        0.079     23.516    46649.461       0.502
2500     41082.203        0.494         51.020  9.7e-02        0.078     23.470    46649.461       0.502
2600     47088.148        0.493         53.061  9.7e-02        0.079     23.510    46649.461       0.502
2700     43338.230        0.493         55.102  9.7e-02        0.079     23.615    46649.461       0.502
2800     40302.270        0.492         57.143  9.7e-02        0.077     23.413    46649.461       0.502
2900     43638.879        0.493         59.184  9.6e-02        0.078     23.394    46649.461       0.502
3000     41385.926        0.495         61.224  9.6e-02        0.078     25.813    55252.625       0.434
3100     43044.102        0.493         63.265  9.6e-02        0.079     23.393    55252.625       0.434
3200     44524.172        0.494         65.306  9.6e-02        0.077     23.408    55252.625       0.434
3300     41473.871        0.494         67.347  9.6e-02        0.078     23.417    55252.625       0.434
3400     42557.430        0.497         69.388  9.6e-02        0.077     23.421    55252.625       0.434
3500     42387.227        0.496         71.429  9.6e-02        0.078     23.422    55252.625       0.434
3600     43193.512        0.482         73.469  9.6e-02        0.079     23.420    55252.625       0.434
3700     47649.301        0.495         75.510  9.5e-02        0.078     23.426    55252.625       0.434
3800     43469.371        0.497         77.551  9.5e-02        0.078     23.425    55252.625       0.434
3900     39963.371        0.490         79.592  9.5e-02        0.078     23.424    55252.625       0.434
4000     44337.680        0.493         81.633  9.5e-02        0.079     25.836    31082.947       0.573
4100     47228.945        0.492         83.673  9.5e-02        0.078     23.430    31082.947       0.573
   t    train_loss    train_acc    train_epoch       lr    data_time    it_time    test_loss    test_acc
----  ------------  -----------  -------------  -------  -----------  ---------  -----------  ----------
4200     39611.605        0.496         85.714  9.5e-02        0.078     23.430    31082.947       0.573
4300     42986.984        0.487         87.755  9.5e-02        0.078     23.434    31082.947       0.573
4400     38887.289        0.500         89.796  9.5e-02        0.078     23.428    31082.947       0.573
4500     42384.113        0.491         91.837  9.4e-02        0.078     23.429    31082.947       0.573
4600     43547.246        0.493         93.878  9.4e-02        0.078     23.429    31082.947       0.573
4700     41499.176        0.499         95.918  9.4e-02        0.079     23.430    31082.947       0.573
4800     42004.172        0.489         97.959  9.4e-02        0.080     23.431    31082.947       0.573
4900     40927.965        0.492        100.000  9.4e-02        0.079     23.396    31082.947       0.573
5000     41874.551        0.492        102.041  9.4e-02        0.079     25.847    57626.602       0.542
5100     46588.074        0.497        104.082  9.4e-02        0.079     23.428    57626.602       0.542
5200     43536.727        0.490        106.122  9.4e-02        0.078     23.431    57626.602       0.542
5300     42592.699        0.492        108.163  9.3e-02        0.079     23.432    57626.602       0.542
5400     41183.121        0.496        110.204  9.3e-02        0.078     23.432    57626.602       0.542
5500     41583.973        0.495        112.245  9.3e-02        0.078     23.426    57626.602       0.542
5600     41972.648        0.494        114.286  9.3e-02        0.078     23.432    57626.602       0.542
5700     42435.906        0.499        116.327  9.3e-02        0.078     23.432    57626.602       0.542
5800     40633.070        0.491        118.367  9.3e-02        0.078     23.433    57626.602       0.542
5900     41564.871        0.495        120.408  9.3e-02        0.078     23.432    57626.602       0.542
6000     41421.527        0.492        122.449  9.3e-02        0.080     25.840    44575.242       0.503
6100     41516.824        0.494        124.490  9.2e-02        0.079     23.428    44575.242       0.503
6200     39606.148        0.486        126.531  9.2e-02        0.079     23.429    44575.242       0.503
6300     37136.051        0.496        128.571  9.2e-02        0.079     23.426    44575.242       0.503
6400     41767.758        0.490        130.612  9.2e-02        0.079     23.556    44575.242       0.503
6500     46388.102        0.493        132.653  9.2e-02        0.078     23.486    44575.242       0.503
6600     41848.262        0.492        134.694  9.2e-02        0.079     23.430    44575.242       0.503
6700     42828.113        0.495        136.735  9.2e-02        0.078     23.430    44575.242       0.503
6800     43945.371        0.492        138.776  9.2e-02        0.079     23.425    44575.242       0.503
6900     43190.762        0.492        140.816  9.1e-02        0.080     23.426    44575.242       0.503
7000     40746.016        0.498        142.857  9.1e-02        0.079     25.842    42102.605       0.511
7100     40533.523        0.492        144.898  9.1e-02        0.077     23.426    42102.605       0.511
7200     44575.086        0.493        146.939  9.1e-02        0.081     23.426    42102.605       0.511
7300     40657.094        0.497        148.980  9.1e-02        0.079     23.423    42102.605       0.511
7400     38640.926        0.492        151.020  9.1e-02        0.078     23.385    42102.605       0.511
7500     41597.496        0.492        153.061  9.1e-02        0.078     23.420    42102.605       0.511
7600     41526.145        0.491        155.102  9.1e-02        0.078     23.423    42102.605       0.511
7700     38261.129        0.493        157.143  9.0e-02        0.078     23.425    42102.605       0.511
7800     38651.238        0.499        159.184  9.0e-02        0.078     23.429    42102.605       0.511
7900     39848.180        0.492        161.224  9.0e-02        0.078     23.429    42102.605       0.511
8000     40752.859        0.490        163.265  9.0e-02        0.079     25.835    60810.273       0.469
8100     41358.496        0.498        165.306  9.0e-02        0.079     23.429    60810.273       0.469
8200     43196.676        0.493        167.347  9.0e-02        0.078     23.425    60810.273       0.469
   t    train_loss    train_acc    train_epoch       lr    data_time    it_time    test_loss    test_acc
----  ------------  -----------  -------------  -------  -----------  ---------  -----------  ----------
8300     39240.035        0.487        169.388  9.0e-02        0.078     23.425    60810.273       0.469
8400     43361.102        0.496        171.429  9.0e-02        0.080     23.432    60810.273       0.469
8500     40647.469        0.493        173.469  8.9e-02        0.078     23.430    60810.273       0.469
8600     38710.520        0.493        175.510  8.9e-02        0.078     23.428    60810.273       0.469
8700     39995.523        0.493        177.551  8.9e-02        0.077     23.434    60810.273       0.469
8800     39943.633        0.490        179.592  8.9e-02        0.080     23.521    60810.273       0.469
8900     40437.820        0.494        181.633  8.9e-02        0.078     23.461    60810.273       0.469
9000     41356.621        0.494        183.673  8.9e-02        0.079     25.848    35762.113       0.528
9100     37943.855        0.497        185.714  8.9e-02        0.080     23.430    35762.113       0.528
9200     39214.039        0.490        187.755  8.9e-02        0.078     23.429    35762.113       0.528
9300     39210.410        0.494        189.796  8.8e-02        0.079     23.429    35762.113       0.528
9400     41173.551        0.490        191.837  8.8e-02        0.079     23.430    35762.113       0.528
9500     39632.254        0.497        193.878  8.8e-02        0.079     23.430    35762.113       0.528
9600     40126.906        0.496        195.918  8.8e-02        0.079     23.429    35762.113       0.528
9700     38100.422        0.495        197.959  8.8e-02        0.079     23.426    35762.113       0.528
9800     39714.789        0.491        200.000  8.8e-02        0.079     23.392    35762.113       0.528
9900     37974.473        0.494        202.041  8.8e-02        0.078     23.427    35762.113       0.528
10000     37756.387        0.497        204.082  8.8e-02        0.078     25.849    52590.750       0.500
10100     38842.973        0.497        206.122  8.7e-02        0.079     23.432    52590.750       0.500
10200     37668.402        0.490        208.163  8.7e-02        0.078     23.432    52590.750       0.500
10300     39267.664        0.492        210.204  8.7e-02        0.078     23.432    52590.750       0.500
10400     39730.457        0.495        212.245  8.7e-02        0.078     23.430    52590.750       0.500
10500     38439.969        0.493        214.286  8.7e-02        0.079     23.429    52590.750       0.500
10600     39186.121        0.492        216.327  8.7e-02        0.078     23.431    52590.750       0.500
10700     36249.824        0.493        218.367  8.7e-02        0.079     23.428    52590.750       0.500
10800     39421.031        0.493        220.408  8.7e-02        0.078     23.428    52590.750       0.500
10900     38933.488        0.495        222.449  8.6e-02        0.079     23.427    52590.750       0.500
11000     43758.695        0.497        224.490  8.6e-02        0.080     25.849    31600.703       0.548
11100     36139.613        0.492        226.531  8.6e-02        0.078     23.431    31600.703       0.548
11200     37866.953        0.492        228.571  8.6e-02        0.078     23.433    31600.703       0.548
11300     35764.664        0.488        230.612  8.6e-02        0.079     23.433    31600.703       0.548
11400     37212.559        0.494        232.653  8.6e-02        0.078     23.430    31600.703       0.548
11500     35819.801        0.494        234.694  8.6e-02        0.078     23.428    31600.703       0.548
11600     37960.184        0.491        236.735  8.6e-02        0.078     23.430    31600.703       0.548
11700     38664.086        0.495        238.776  8.5e-02        0.079     23.426    31600.703       0.548
11800     36280.227        0.490        240.816  8.5e-02        0.078     23.427    31600.703       0.548
11900     40403.500        0.491        242.857  8.5e-02        0.079     23.426    31600.703       0.548
12000     35613.301        0.499        244.898  8.5e-02        0.079     25.852    37713.723       0.387
12100     35941.113        0.490        246.939  8.5e-02        0.080     23.433    37713.723       0.387
12200     36731.801        0.491        248.980  8.5e-02        0.079     23.431    37713.723       0.387
12300     39085.441        0.496        251.020  8.5e-02        0.080     23.389    37713.723       0.387
    t    train_loss    train_acc    train_epoch       lr    data_time    it_time    test_loss    test_acc
-----  ------------  -----------  -------------  -------  -----------  ---------  -----------  ----------
12400     36552.766        0.491        253.061  8.5e-02        0.079     23.431    37713.723       0.387
12500     33583.406        0.491        255.102  8.4e-02        0.079     23.435    37713.723       0.387
12600     41410.324        0.492        257.143  8.4e-02        0.079     23.434    37713.723       0.387
12700     39174.324        0.490        259.184  8.4e-02        0.078     23.429    37713.723       0.387
12800     35942.270        0.493        261.224  8.4e-02        0.078     23.431    37713.723       0.387
12900     36178.004        0.495        263.265  8.4e-02        0.078     23.430    37713.723       0.387
13000     37450.754        0.493        265.306  8.4e-02        0.078     25.845    30844.615       0.510
13100     37977.141        0.495        267.347  8.4e-02        0.079     23.431    30844.615       0.510
13200     35919.789        0.492        269.388  8.4e-02        0.079     23.431    30844.615       0.510
13300     35715.977        0.493        271.429  8.3e-02        0.079     23.437    30844.615       0.510
13400     33973.094        0.492        273.469  8.3e-02        0.079     23.432    30844.615       0.510
13500     37495.500        0.493        275.510  8.3e-02        0.080     23.431    30844.615       0.510
13600     36910.711        0.494        277.551  8.3e-02        0.078     23.430    30844.615       0.510
13700     33640.273        0.494        279.592  8.3e-02        0.079     23.432    30844.615       0.510
13800     40367.152        0.492        281.633  8.3e-02        0.079     23.433    30844.615       0.510
13900     36472.477        0.489        283.673  8.3e-02        0.079     23.427    30844.615       0.510
14000     35216.836        0.497        285.714  8.3e-02        0.078     25.855    37510.410       0.499
14100     37525.984        0.494        287.755  8.2e-02        0.078     23.429    37510.410       0.499
14200     36227.844        0.492        289.796  8.2e-02        0.078     23.431    37510.410       0.499
14300     37110.391        0.494        291.837  8.2e-02        0.080     23.428    37510.410       0.499
14400     39604.945        0.493        293.878  8.2e-02        0.079     23.433    37510.410       0.499
14500     37086.234        0.493        295.918  8.2e-02        0.079     23.428    37510.410       0.499
14600     33996.516        0.495        297.959  8.2e-02        0.080     23.436    37510.410       0.499
14700     33953.492        0.493        300.000  8.2e-02        0.080     23.392    37510.410       0.499
14800     38719.184        0.494        302.041  8.2e-02        0.080     23.431    37510.410       0.499
14900     36555.039        0.491        304.082  8.1e-02        0.080     23.432    37510.410       0.499
15000     36638.418        0.497        306.122  8.1e-02        0.079     25.847    28950.494       0.458
15100     37581.820        0.493        308.163  8.1e-02        0.080     23.431    28950.494       0.458
15200     36806.773        0.489        310.204  8.1e-02        0.078     23.435    28950.494       0.458
15300     35242.711        0.496        312.245  8.1e-02        0.079     23.427    28950.494       0.458
15400     37082.781        0.490        314.286  8.1e-02        0.079     23.432    28950.494       0.458
15500     35675.016        0.497        316.327  8.1e-02        0.079     23.428    28950.494       0.458
15600     32772.441        0.493        318.367  8.1e-02        0.080     23.429    28950.494       0.458
15700     34846.570        0.490        320.408  8.0e-02        0.079     23.430    28950.494       0.458
15800     34779.715        0.494        322.449  8.0e-02        0.079     23.433    28950.494       0.458
15900     36523.746        0.502        324.490  8.0e-02        0.080     23.432    28950.494       0.458
16000     33193.672        0.492        326.531  8.0e-02        0.079     25.840    30536.865       0.421
16100     36327.137        0.493        328.571  8.0e-02        0.079     23.434    30536.865       0.421
16200     37136.758        0.494        330.612  8.0e-02        0.079     23.427    30536.865       0.421
16300     36046.992        0.491        332.653  8.0e-02        0.081     23.432    30536.865       0.421
16400     37208.949        0.493        334.694  8.0e-02        0.079     23.434    30536.865       0.421
    t    train_loss    train_acc    train_epoch       lr    data_time    it_time    test_loss    test_acc
-----  ------------  -----------  -------------  -------  -----------  ---------  -----------  ----------
16500     32262.430        0.490        336.735  7.9e-02        0.080     23.427    30536.865       0.421
16600     36213.496        0.492        338.776  7.9e-02        0.080     23.430    30536.865       0.421
16700     34902.531        0.490        340.816  7.9e-02        0.079     23.438    30536.865       0.421
16800     36225.039        0.495        342.857  7.9e-02        0.080     23.437    30536.865       0.421
16900     34411.773        0.493        344.898  7.9e-02        0.080     23.430    30536.865       0.421
17000     36136.016        0.492        346.939  7.9e-02        0.081     25.845    37724.730       0.570
17100     33521.441        0.497        348.980  7.9e-02        0.081     23.432    37724.730       0.570
17200     33983.996        0.493        351.020  7.9e-02        0.079     23.398    37724.730       0.570
17300     34199.121        0.498        353.061  7.8e-02        0.079     23.438    37724.730       0.570
17400     33847.434        0.489        355.102  7.8e-02        0.079     23.435    37724.730       0.570
17500     34657.055        0.494        357.143  7.8e-02        0.079     23.437    37724.730       0.570
17600     33569.785        0.495        359.184  7.8e-02        0.080     23.434    37724.730       0.570
17700     35139.859        0.493        361.224  7.8e-02        0.080     23.430    37724.730       0.570
17800     34442.125        0.490        363.265  7.8e-02        0.080     23.438    37724.730       0.570
17900     32761.938        0.499        365.306  7.8e-02        0.078     23.435    37724.730       0.570
18000     34529.711        0.495        367.347  7.8e-02        0.080     25.845    28924.000       0.501
18100     34282.414        0.491        369.388  7.7e-02        0.079     23.435    28924.000       0.501
18200     33517.109        0.498        371.429  7.7e-02        0.079     23.436    28924.000       0.501
18300     34133.641        0.490        373.469  7.7e-02        0.078     23.435    28924.000       0.501
18400     37066.801        0.494        375.510  7.7e-02        0.079     23.439    28924.000       0.501
18500     34082.086        0.496        377.551  7.7e-02        0.079     23.431    28924.000       0.501
18600     36047.566        0.491        379.592  7.7e-02        0.079     23.432    28924.000       0.501
18700     36504.078        0.493        381.633  7.7e-02        0.079     23.439    28924.000       0.501
18800     34159.027        0.493        383.673  7.7e-02        0.079     23.437    28924.000       0.501
18900     32764.311        0.496        385.714  7.6e-02        0.079     23.435    28924.000       0.501
19000     34135.137        0.492        387.755  7.6e-02        0.079     25.852    32880.434       0.549
19100     31749.988        0.494        389.796  7.6e-02        0.080     23.433    32880.434       0.549
19200     32196.107        0.494        391.837  7.6e-02        0.079     23.431    32880.434       0.549
19300     35686.461        0.494        393.878  7.6e-02        0.079     23.429    32880.434       0.549
19400     33919.113        0.490        395.918  7.6e-02        0.080     23.430    32880.434       0.549
19500     35828.098        0.494        397.959  7.6e-02        0.080     23.476    32880.434       0.549
19600     33758.598        0.492        400.000  7.6e-02        0.081     23.390    32880.434       0.549
19700     34822.254        0.493        402.041  7.5e-02        0.079     23.432    32880.434       0.549
19800     33567.336        0.492        404.082  7.5e-02        0.079     23.432    32880.434       0.549
19900     35030.422        0.496        406.122  7.5e-02        0.079     23.429    32880.434       0.549
20000     30832.078        0.494        408.163  7.5e-02        0.079     25.843    40743.941       0.439
20100     34557.504        0.492        410.204  7.5e-02        0.079     23.426    40743.941       0.439
20200     32966.273        0.493        412.245  7.5e-02        0.079     23.429    40743.941       0.439
20300     32664.070        0.493        414.286  7.5e-02        0.079     23.429    40743.941       0.439
20400     32922.023        0.493        416.327  7.5e-02        0.078     23.431    40743.941       0.439
20500     34338.930        0.491        418.367  7.4e-02        0.079     23.422    40743.941       0.439
    t    train_loss    train_acc    train_epoch       lr    data_time    it_time    test_loss    test_acc
-----  ------------  -----------  -------------  -------  -----------  ---------  -----------  ----------
20600     34038.109        0.493        420.408  7.4e-02        0.079     23.429    40743.941       0.439
20700     36130.027        0.493        422.449  7.4e-02        0.079     23.433    40743.941       0.439
20800     32780.309        0.494        424.490  7.4e-02        0.079     23.431    40743.941       0.439
20900     29530.152        0.492        426.531  7.4e-02        0.079     23.430    40743.941       0.439
21000     32667.740        0.495        428.571  7.4e-02        0.078     25.854    42540.148       0.454
21100     32012.467        0.490        430.612  7.4e-02        0.080     23.433    42540.148       0.454
21200     33807.609        0.490        432.653  7.4e-02        0.078     23.433    42540.148       0.454
21300     34054.488        0.493        434.694  7.3e-02        0.078     23.435    42540.148       0.454
21400     32243.293        0.491        436.735  7.3e-02        0.079     23.428    42540.148       0.454
21500     32202.480        0.493        438.776  7.3e-02        0.078     23.425    42540.148       0.454
21600     32754.955        0.493        440.816  7.3e-02        0.078     23.428    42540.148       0.454
21700     31942.078        0.492        442.857  7.3e-02        0.079     23.427    42540.148       0.454
21800     33878.133        0.495        444.898  7.3e-02        0.079     23.429    42540.148       0.454
21900     34030.664        0.490        446.939  7.3e-02        0.080     23.430    42540.148       0.454
22000     30380.092        0.492        448.980  7.3e-02        0.079     25.855    23247.512       0.535
22100     31895.527        0.490        451.020  7.2e-02        0.079     23.390    23247.512       0.535
22200     31459.035        0.494        453.061  7.2e-02        0.078     23.437    23247.512       0.535
22300     34031.703        0.491        455.102  7.2e-02        0.080     23.432    23247.512       0.535
22400     29699.020        0.497        457.143  7.2e-02        0.079     23.431    23247.512       0.535
22500     32187.443        0.494        459.184  7.2e-02        0.078     23.433    23247.512       0.535
22600     32066.318        0.492        461.224  7.2e-02        0.079     23.430    23247.512       0.535
22700     33388.047        0.490        463.265  7.2e-02        0.079     23.434    23247.512       0.535
22800     35308.250        0.494        465.306  7.2e-02        0.079     23.432    23247.512       0.535
22900     30650.025        0.498        467.347  7.1e-02        0.080     23.428    23247.512       0.535
23000     31965.686        0.488        469.388  7.1e-02        0.079     25.849    35656.496       0.428
23100     31992.588        0.490        471.429  7.1e-02        0.079     23.431    35656.496       0.428
23200     32143.580        0.493        473.469  7.1e-02        0.078     23.437    35656.496       0.428
23300     31596.447        0.500        475.510  7.1e-02        0.079     23.437    35656.496       0.428
23400     30267.199        0.496        477.551  7.1e-02        0.078     23.435    35656.496       0.428
23500     31129.748        0.489        479.592  7.1e-02        0.078     23.429    35656.496       0.428
23600     30560.574        0.493        481.633  7.1e-02        0.079     23.429    35656.496       0.428
23700     31784.967        0.492        483.673  7.0e-02        0.078     23.433    35656.496       0.428
23800     30450.369        0.496        485.714  7.0e-02        0.080     23.430    35656.496       0.428
23900     30087.877        0.494        487.755  7.0e-02        0.079     23.433    35656.496       0.428
24000     33367.652        0.497        489.796  7.0e-02        0.080     25.851    30359.902       0.489
24100     31355.801        0.497        491.837  7.0e-02        0.079     23.432    30359.902       0.489
24200     31365.402        0.489        493.878  7.0e-02        0.079     23.432    30359.902       0.489
24300     33215.469        0.493        495.918  7.0e-02        0.080     23.431    30359.902       0.489
24400     31584.543        0.492        497.959  7.0e-02        0.082     23.432    30359.902       0.489
24500     32017.016        0.493        500.000  6.9e-02        0.079     23.395    30359.902       0.489
24600     31002.738        0.497        502.041  6.9e-02        0.078     23.433    30359.902       0.489
    t    train_loss    train_acc    train_epoch       lr    data_time    it_time    test_loss    test_acc
-----  ------------  -----------  -------------  -------  -----------  ---------  -----------  ----------
24700     32127.748        0.491        504.082  6.9e-02        0.078     23.433    30359.902       0.489
24800     31592.195        0.494        506.122  6.9e-02        0.079     23.437    30359.902       0.489
24900     31258.953        0.492        508.163  6.9e-02        0.079     23.438    30359.902       0.489
25000     29213.168        0.487        510.204  6.9e-02        0.079     25.853    41068.633       0.475
25100     30995.641        0.496        512.245  6.9e-02        0.079     23.431    41068.633       0.475
25200     28026.430        0.497        514.286  6.9e-02        0.079     23.431    41068.633       0.475
25300     29506.668        0.491        516.327  6.8e-02        0.079     23.437    41068.633       0.475
25400     32984.285        0.495        518.367  6.8e-02        0.078     23.435    41068.633       0.475
25500     30705.592        0.492        520.408  6.8e-02        0.080     23.433    41068.633       0.475
25600     31067.018        0.491        522.449  6.8e-02        0.078     23.435    41068.633       0.475
25700     29947.928        0.488        524.490  6.8e-02        0.079     23.428    41068.633       0.475
25800     29770.145        0.493        526.531  6.8e-02        0.079     23.433    41068.633       0.475
25900     29102.689        0.492        528.571  6.8e-02        0.079     23.428    41068.633       0.475
26000     28408.551        0.494        530.612  6.8e-02        0.080     25.852    18447.057       0.577
26100     29896.658        0.491        532.653  6.7e-02        0.081     23.435    18447.057       0.577
26200     30496.010        0.494        534.694  6.7e-02        0.079     23.436    18447.057       0.577
26300     30902.793        0.496        536.735  6.7e-02        0.079     23.437    18447.057       0.577
26400     30824.857        0.491        538.776  6.7e-02        0.079     23.434    18447.057       0.577
26500     33331.266        0.493        540.816  6.7e-02        0.080     23.430    18447.057       0.577
26600     32193.102        0.494        542.857  6.7e-02        0.079     23.433    18447.057       0.577
26700     28345.777        0.493        544.898  6.7e-02        0.079     23.431    18447.057       0.577
26800     29702.820        0.497        546.939  6.7e-02        0.080     23.437    18447.057       0.577
26900     33112.469        0.491        548.980  6.6e-02        0.079     23.433    18447.057       0.577
27000     29797.188        0.491        551.020  6.6e-02        0.079     25.808    25755.227       0.511
27100     26703.633        0.494        553.061  6.6e-02        0.079     23.434    25755.227       0.511
27200     32779.336        0.489        555.102  6.6e-02        0.078     23.429    25755.227       0.511
27300     29384.328        0.490        557.143  6.6e-02        0.079     23.436    25755.227       0.511
27400     27784.072        0.497        559.184  6.6e-02        0.078     23.433    25755.227       0.511
27500     29881.131        0.489        561.224  6.6e-02        0.079     23.433    25755.227       0.511
27600     28922.789        0.491        563.265  6.6e-02        0.079     23.433    25755.227       0.511
27700     28146.600        0.495        565.306  6.5e-02        0.079     23.431    25755.227       0.511
27800     27922.562        0.498        567.347  6.5e-02        0.079     23.435    25755.227       0.511
27900     26544.877        0.493        569.388  6.5e-02        0.080     23.430    25755.227       0.511
28000     27084.654        0.491        571.429  6.5e-02        0.081     25.850    38202.645       0.424
28100     27672.363        0.493        573.469  6.5e-02        0.080     23.428    38202.645       0.424
28200     28872.766        0.493        575.510  6.5e-02        0.079     23.434    38202.645       0.424
28300     32866.551        0.496        577.551  6.5e-02        0.080     23.431    38202.645       0.424
28400     29425.430        0.490        579.592  6.5e-02        0.079     23.523    38202.645       0.424
28500     28821.143        0.492        581.633  6.4e-02        0.079     23.512    38202.645       0.424
28600     30225.814        0.500        583.673  6.4e-02        0.079     23.440    38202.645       0.424
28700     30026.562        0.494        585.714  6.4e-02        0.080     23.433    38202.645       0.424
    t    train_loss    train_acc    train_epoch       lr    data_time    it_time    test_loss    test_acc
-----  ------------  -----------  -------------  -------  -----------  ---------  -----------  ----------
28800     29315.035        0.494        587.755  6.4e-02        0.079     23.435    38202.645       0.424
28900     28124.150        0.494        589.796  6.4e-02        0.079     23.439    38202.645       0.424
29000     30174.686        0.491        591.837  6.4e-02        0.079     25.847    22103.996       0.495
29100     30097.568        0.493        593.878  6.4e-02        0.079     23.434    22103.996       0.495
29200     31152.400        0.498        595.918  6.4e-02        0.079     23.435    22103.996       0.495
29300     30396.982        0.492        597.959  6.3e-02        0.079     23.438    22103.996       0.495
29400     27231.578        0.496        600.000  6.3e-02        0.078     23.396    22103.996       0.495
29500     31168.721        0.498        602.041  6.3e-02        0.079     23.434    22103.996       0.495
29600     27099.332        0.494        604.082  6.3e-02        0.079     23.432    22103.996       0.495
29700     25626.980        0.495        606.122  6.3e-02        0.080     23.441    22103.996       0.495
29800     26287.287        0.491        608.163  6.3e-02        0.078     23.436    22103.996       0.495
29900     28977.320        0.488        610.204  6.3e-02        0.079     23.436    22103.996       0.495
30000     27381.225        0.495        612.245  6.3e-02        0.079     25.848    19688.254       0.537
30100     25714.992        0.491        614.286  6.2e-02        0.080     23.431    19688.254       0.537
30200     28965.480        0.490        616.327  6.2e-02        0.080     23.425    19688.254       0.537
30300     31560.596        0.497        618.367  6.2e-02        0.079     23.434    19688.254       0.537
30400     28769.475        0.492        620.408  6.2e-02        0.079     23.429    19688.254       0.537
30500     25796.260        0.497        622.449  6.2e-02        0.079     23.429    19688.254       0.537
30600     26361.252        0.488        624.490  6.2e-02        0.079     23.429    19688.254       0.537
30700     28472.508        0.492        626.531  6.2e-02        0.079     23.434    19688.254       0.537
30800     25695.768        0.492        628.571  6.2e-02        0.079     23.433    19688.254       0.537
30900     27313.770        0.495        630.612  6.1e-02        0.079     23.435    19688.254       0.537
31000     27495.172        0.492        632.653  6.1e-02        0.080     25.854    23551.223       0.579
31100     26150.471        0.496        634.694  6.1e-02        0.079     23.438    23551.223       0.579
31200     26302.447        0.492        636.735  6.1e-02        0.079     23.428    23551.223       0.579
31300     26327.553        0.491        638.776  6.1e-02        0.080     23.428    23551.223       0.579
31400     26799.500        0.490        640.816  6.1e-02        0.079     23.436    23551.223       0.579
31500     25391.920        0.494        642.857  6.1e-02        0.079     23.436    23551.223       0.579
31600     26742.211        0.492        644.898  6.1e-02        0.079     23.434    23551.223       0.579
31700     28274.980        0.496        646.939  6.0e-02        0.081     23.431    23551.223       0.579
31800     27144.543        0.491        648.980  6.0e-02        0.080     23.435    23551.223       0.579
31900     27985.102        0.495        651.020  6.0e-02        0.079     23.389    23551.223       0.579
32000     26247.090        0.487        653.061  6.0e-02        0.079     25.847    25014.256       0.471
32100     27125.336        0.494        655.102  6.0e-02        0.080     23.427    25014.256       0.471
32200     26211.428        0.495        657.143  6.0e-02        0.078     23.432    25014.256       0.471
32300     25036.471        0.491        659.184  6.0e-02        0.080     23.425    25014.256       0.471
32400     26903.346        0.491        661.224  6.0e-02        0.079     23.425    25014.256       0.471
32500     27778.961        0.496        663.265  5.9e-02        0.079     23.427    25014.256       0.471
32600     23166.127        0.491        665.306  5.9e-02        0.079     23.428    25014.256       0.471
32700     27165.506        0.490        667.347  5.9e-02        0.080     23.424    25014.256       0.471
32800     28432.010        0.494        669.388  5.9e-02        0.080     23.424    25014.256       0.471
    t    train_loss    train_acc    train_epoch       lr    data_time    it_time    test_loss    test_acc
-----  ------------  -----------  -------------  -------  -----------  ---------  -----------  ----------
32900     26188.375        0.489        671.429  5.9e-02        0.079     23.429    25014.256       0.471
33000     25288.010        0.498        673.469  5.9e-02        0.079     25.856    20276.635       0.490
33100     26717.328        0.489        675.510  5.9e-02        0.081     23.432    20276.635       0.490
33200     25645.482        0.494        677.551  5.9e-02        0.079     23.431    20276.635       0.490
33300     27115.164        0.492        679.592  5.8e-02        0.079     23.431    20276.635       0.490
33400     23511.545        0.496        681.633  5.8e-02        0.079     23.432    20276.635       0.490
33500     26138.082        0.492        683.673  5.8e-02        0.079     23.430    20276.635       0.490
33600     26340.221        0.496        685.714  5.8e-02        0.080     23.427    20276.635       0.490
33700     25932.207        0.492        687.755  5.8e-02        0.079     23.430    20276.635       0.490
33800     25223.188        0.493        689.796  5.8e-02        0.079     23.427    20276.635       0.490
33900     26727.762        0.491        691.837  5.8e-02        0.079     23.433    20276.635       0.490
34000     24835.477        0.493        693.878  5.8e-02        0.080     25.843    18370.553       0.540
34100     26643.598        0.490        695.918  5.7e-02        0.080     23.429    18370.553       0.540
34200     26301.637        0.494        697.959  5.7e-02        0.079     23.433    18370.553       0.540
34300     24549.107        0.496        700.000  5.7e-02        0.078     23.392    18370.553       0.540
34400     23879.295        0.497        702.041  5.7e-02        0.079     23.434    18370.553       0.540
34500     25732.605        0.492        704.082  5.7e-02        0.078     23.434    18370.553       0.540
34600     25562.352        0.495        706.122  5.7e-02        0.079     23.429    18370.553       0.540
34700     25919.625        0.491        708.163  5.7e-02        0.079     23.430    18370.553       0.540
34800     26290.865        0.493        710.204  5.7e-02        0.079     23.432    18370.553       0.540
34900     25787.383        0.484        712.245  5.6e-02        0.080     23.433    18370.553       0.540
35000     25566.141        0.499        714.286  5.6e-02        0.078     25.842    23403.094       0.552
35100     24466.641        0.494        716.327  5.6e-02        0.079     23.431    23403.094       0.552
35200     23914.775        0.494        718.367  5.6e-02        0.079     23.434    23403.094       0.552
35300     24585.887        0.493        720.408  5.6e-02        0.079     23.432    23403.094       0.552
35400     26298.619        0.495        722.449  5.6e-02        0.080     23.430    23403.094       0.552
35500     25395.312        0.495        724.490  5.6e-02        0.080     23.431    23403.094       0.552
35600     23509.232        0.492        726.531  5.6e-02        0.078     23.435    23403.094       0.552
35700     25017.375        0.491        728.571  5.5e-02        0.079     23.501    23403.094       0.552
35800     24545.090        0.495        730.612  5.5e-02        0.080     23.581    23403.094       0.552
35900     22213.086        0.492        732.653  5.5e-02        0.079     23.558    23403.094       0.552
36000     23460.908        0.495        734.694  5.5e-02        0.079     25.983    27834.432       0.464
36100     23604.619        0.493        736.735  5.5e-02        0.080     23.553    27834.432       0.464
36200     25003.383        0.490        738.776  5.5e-02        0.079     23.555    27834.432       0.464
36300     23925.000        0.494        740.816  5.5e-02        0.079     23.545    27834.432       0.464
36400     23996.980        0.491        742.857  5.5e-02        0.079     23.547    27834.432       0.464
36500     22833.730        0.493        744.898  5.4e-02        0.079     23.556    27834.432       0.464
36600     22540.568        0.491        746.939  5.4e-02        0.082     23.554    27834.432       0.464
36700     26090.244        0.504        748.980  5.4e-02        0.080     23.552    27834.432       0.464
36800     25365.564        0.493        751.020  5.4e-02        0.080     23.510    27834.432       0.464
36900     22732.699        0.495        753.061  5.4e-02        0.080     23.559    27834.432       0.464
    t    train_loss    train_acc    train_epoch       lr    data_time    it_time    test_loss    test_acc
-----  ------------  -----------  -------------  -------  -----------  ---------  -----------  ----------
37000     23925.270        0.493        755.102  5.4e-02        0.080     26.070    27394.832       0.498
37100     22796.811        0.493        757.143  5.4e-02        0.080     23.509    27394.832       0.498
37200     23394.266        0.492        759.184  5.4e-02        0.079     23.436    27394.832       0.498
37300     22099.426        0.494        761.224  5.3e-02        0.079     23.433    27394.832       0.498
37400     25526.822        0.492        763.265  5.3e-02        0.079     23.434    27394.832       0.498
37500     23475.217        0.491        765.306  5.3e-02        0.079     23.433    27394.832       0.498
37600     21728.967        0.492        767.347  5.3e-02        0.079     23.431    27394.832       0.498
37700     23774.141        0.498        769.388  5.3e-02        0.078     23.431    27394.832       0.498
37800     23098.199        0.485        771.429  5.3e-02        0.079     23.437    27394.832       0.498
37900     25744.461        0.493        773.469  5.3e-02        0.079     23.439    27394.832       0.498
38000     24917.859        0.496        775.510  5.3e-02        0.079     25.855    28899.395       0.421
38100     22563.875        0.491        777.551  5.2e-02        0.080     23.430    28899.395       0.421
38200     22633.408        0.494        779.592  5.2e-02        0.080     23.434    28899.395       0.421
38300     21886.262        0.492        781.633  5.2e-02        0.079     23.434    28899.395       0.421
38400     23012.488        0.493        783.673  5.2e-02        0.080     23.435    28899.395       0.421
38500     23708.932        0.493        785.714  5.2e-02        0.079     23.428    28899.395       0.421
38600     22029.508        0.497        787.755  5.2e-02        0.080     23.429    28899.395       0.421
38700     22366.270        0.493        789.796  5.2e-02        0.079     23.430    28899.395       0.421
38800     22905.193        0.489        791.837  5.2e-02        0.080     23.429    28899.395       0.421
38900     23176.199        0.495        793.878  5.1e-02        0.079     23.434    28899.395       0.421
39000     22658.154        0.492        795.918  5.1e-02        0.080     25.855    22619.770       0.474
39100     23358.260        0.492        797.959  5.1e-02        0.081     23.438    22619.770       0.474
39200     23252.135        0.491        800.000  5.1e-02        0.080     23.389    22619.770       0.474
39300     22405.223        0.494        802.041  5.1e-02        0.080     23.432    22619.770       0.474
39400     21289.643        0.493        804.082  5.1e-02        0.080     23.436    22619.770       0.474
39500     23936.590        0.491        806.122  5.1e-02        0.078     23.435    22619.770       0.474
39600     20045.223        0.494        808.163  5.1e-02        0.079     23.432    22619.770       0.474
39700     21828.477        0.493        810.204  5.0e-02        0.079     23.434    22619.770       0.474
39800     24589.912        0.494        812.245  5.0e-02        0.080     23.433    22619.770       0.474
39900     22385.957        0.502        814.286  5.0e-02        0.080     23.432    22619.770       0.474
40000     24403.342        0.493        816.327  5.0e-02        0.080     25.858    21607.324       0.490
40100     23779.881        0.490        818.367  5.0e-02        0.080     23.435    21607.324       0.490
40200     22880.322        0.491        820.408  5.0e-02        0.080     23.427    21607.324       0.490
40300     24290.574        0.494        822.449  5.0e-02        0.079     23.432    21607.324       0.490
40400     22443.283        0.495        824.490  5.0e-02        0.079     23.429    21607.324       0.490
40500     22312.312        0.494        826.531  4.9e-02        0.079     23.429    21607.324       0.490
40600     19664.164        0.490        828.571  4.9e-02        0.079     23.427    21607.324       0.490
40700     23303.123        0.496        830.612  4.9e-02        0.079     23.432    21607.324       0.490
40800     19166.979        0.488        832.653  4.9e-02        0.079     23.432    21607.324       0.490
40900     21268.047        0.496        834.694  4.9e-02        0.079     23.426    21607.324       0.490
41000     22502.883        0.494        836.735  4.9e-02        0.079     25.883    25444.051       0.510
    t    train_loss    train_acc    train_epoch       lr    data_time    it_time    test_loss    test_acc
-----  ------------  -----------  -------------  -------  -----------  ---------  -----------  ----------
41100     23478.697        0.495        838.776  4.9e-02        0.081     23.431    25444.051       0.510
41200     23125.100        0.490        840.816  4.9e-02        0.079     23.434    25444.051       0.510
41300     21600.676        0.499        842.857  4.8e-02        0.080     23.428    25444.051       0.510
41400     24181.025        0.494        844.898  4.8e-02        0.079     23.432    25444.051       0.510
41500     20424.104        0.494        846.939  4.8e-02        0.080     23.436    25444.051       0.510
41600     21387.482        0.494        848.980  4.8e-02        0.079     23.436    25444.051       0.510
41700     22317.088        0.497        851.020  4.8e-02        0.080     23.391    25444.051       0.510
41800     19372.488        0.494        853.061  4.8e-02        0.080     23.433    25444.051       0.510
41900     21640.836        0.493        855.102  4.8e-02        0.078     23.437    25444.051       0.510
42000     23252.340        0.494        857.143  4.8e-02        0.078     25.886    21802.051       0.531
42100     20153.748        0.497        859.184  4.7e-02        0.079     23.433    21802.051       0.531
42200     21617.381        0.491        861.224  4.7e-02        0.078     23.439    21802.051       0.531
42300     21343.535        0.495        863.265  4.7e-02        0.079     23.436    21802.051       0.531
42400     23150.047        0.496        865.306  4.7e-02        0.079     23.434    21802.051       0.531
42500     21268.135        0.491        867.347  4.7e-02        0.079     23.436    21802.051       0.531
42600     22207.777        0.495        869.388  4.7e-02        0.080     23.435    21802.051       0.531
42700     20015.328        0.493        871.429  4.7e-02        0.080     23.439    21802.051       0.531
42800     19879.744        0.491        873.469  4.7e-02        0.079     23.435    21802.051       0.531
42900     21352.539        0.495        875.510  4.6e-02        0.079     23.440    21802.051       0.531
43000     18774.797        0.490        877.551  4.6e-02        0.079     25.859    16522.492       0.533
43100     21299.992        0.485        879.592  4.6e-02        0.080     23.438    16522.492       0.533
43200     19772.785        0.494        881.633  4.6e-02        0.079     23.440    16522.492       0.533
43300     21147.045        0.494        883.673  4.6e-02        0.079     23.430    16522.492       0.533
43400     21456.965        0.499        885.714  4.6e-02        0.080     23.430    16522.492       0.533
43500     19711.854        0.496        887.755  4.6e-02        0.079     23.439    16522.492       0.533
43600     19763.311        0.490        889.796  4.6e-02        0.079     23.435    16522.492       0.533
43700     19999.799        0.492        891.837  4.5e-02        0.079     23.436    16522.492       0.533
43800     18009.719        0.492        893.878  4.5e-02        0.078     23.440    16522.492       0.533
43900     19803.676        0.493        895.918  4.5e-02        0.079     23.434    16522.492       0.533
44000     19515.025        0.491        897.959  4.5e-02        0.080     25.890    21005.281       0.481
44100     20673.867        0.493        900.000  4.5e-02        0.079     23.397    21005.281       0.481
44200     19393.338        0.489        902.041  4.5e-02        0.079     23.436    21005.281       0.481
44300     19211.455        0.495        904.082  4.5e-02        0.078     23.430    21005.281       0.481
44400     21813.225        0.492        906.122  4.5e-02        0.079     23.429    21005.281       0.481
44500     19444.762        0.494        908.163  4.4e-02        0.079     23.435    21005.281       0.481
44600     18703.789        0.490        910.204  4.4e-02        0.079     23.434    21005.281       0.481
44700     18041.449        0.491        912.245  4.4e-02        0.079     23.452    21005.281       0.481
44800     20071.641        0.490        914.286  4.4e-02        0.079     23.430    21005.281       0.481
44900     19635.256        0.496        916.327  4.4e-02        0.079     23.426    21005.281       0.481
45000     19867.123        0.494        918.367  4.4e-02        0.079     25.844    16265.439       0.465
45100     19082.127        0.488        920.408  4.4e-02        0.079     23.435    16265.439       0.465
    t    train_loss    train_acc    train_epoch       lr    data_time    it_time    test_loss    test_acc
-----  ------------  -----------  -------------  -------  -----------  ---------  -----------  ----------
45200     20596.619        0.496        922.449  4.4e-02        0.079     23.431    16265.439       0.465
45300     19874.094        0.491        924.490  4.3e-02        0.079     23.437    16265.439       0.465
45400     18170.561        0.494        926.531  4.3e-02        0.078     23.433    16265.439       0.465
45500     19142.555        0.498        928.571  4.3e-02        0.079     23.433    16265.439       0.465
45600     19161.062        0.485        930.612  4.3e-02        0.079     23.432    16265.439       0.465
45700     20584.473        0.496        932.653  4.3e-02        0.080     23.430    16265.439       0.465
45800     18380.324        0.488        934.694  4.3e-02        0.079     23.438    16265.439       0.465
45900     18353.775        0.496        936.735  4.3e-02        0.079     23.437    16265.439       0.465
46000     19798.307        0.494        938.776  4.3e-02        0.079     25.853    24595.418       0.449
46100     20175.699        0.497        940.816  4.2e-02        0.079     23.438    24595.418       0.449
46200     16964.178        0.492        942.857  4.2e-02        0.080     23.438    24595.418       0.449
46300     19964.852        0.492        944.898  4.2e-02        0.079     23.435    24595.418       0.449
46400     18582.154        0.496        946.939  4.2e-02        0.081     23.436    24595.418       0.449
46500     18598.561        0.493        948.980  4.2e-02        0.080     23.439    24595.418       0.449
46600     20500.971        0.498        951.020  4.2e-02        0.079     23.400    24595.418       0.449
46700     17955.508        0.491        953.061  4.2e-02        0.080     23.439    24595.418       0.449
46800     19743.689        0.494        955.102  4.2e-02        0.080     23.438    24595.418       0.449
46900     17924.908        0.495        957.143  4.1e-02        0.079     23.432    24595.418       0.449
47000     21345.881        0.502        959.184  4.1e-02        0.081     26.034    15292.011       0.522
47100     16957.070        0.491        961.224  4.1e-02        0.080     23.561    15292.011       0.522
47200     18788.363        0.493        963.265  4.1e-02        0.080     23.565    15292.011       0.522
47300     19681.221        0.493        965.306  4.1e-02        0.079     23.560    15292.011       0.522
47400     17720.650        0.495        967.347  4.1e-02        0.081     23.554    15292.011       0.522
47500     15954.228        0.492        969.388  4.1e-02        0.080     23.557    15292.011       0.522
47600     17474.541        0.500        971.429  4.1e-02        0.079     23.563    15292.011       0.522
47700     19202.641        0.488        973.469  4.0e-02        0.079     23.563    15292.011       0.522
47800     18439.652        0.496        975.510  4.0e-02        0.080     23.558    15292.011       0.522
47900     16378.557        0.488        977.551  4.0e-02        0.081     23.563    15292.011       0.522
48000     17207.340        0.490        979.592  4.0e-02        0.080     25.976    20127.354       0.369
48100     17614.314        0.494        981.633  4.0e-02        0.080     23.558    20127.354       0.369
48200     19387.930        0.494        983.673  4.0e-02        0.080     23.549    20127.354       0.369
48300     17451.486        0.489        985.714  4.0e-02        0.081     23.633    20127.354       0.369
48400     18226.266        0.488        987.755  4.0e-02        0.079     23.435    20127.354       0.369
48500     17873.988        0.498        989.796  3.9e-02        0.080     23.434    20127.354       0.369
48600     16487.213        0.492        991.837  3.9e-02        0.079     23.436    20127.354       0.369
48700     17216.461        0.493        993.878  3.9e-02        0.080     23.432    20127.354       0.369
48800     17519.971        0.495        995.918  3.9e-02        0.080     23.427    20127.354       0.369
48900     17038.877        0.494        997.959  3.9e-02        0.081     23.430    20127.354       0.369
49000     16692.059        0.493       1000.000  3.9e-02        0.079     25.819    16505.676       0.540
49100     17352.506        0.491       1002.041  3.9e-02        0.079     23.437    16505.676       0.540
49200     15863.980        0.494       1004.082  3.9e-02        0.079     23.432    16505.676       0.540
    t    train_loss    train_acc    train_epoch       lr    data_time    it_time    test_loss    test_acc
-----  ------------  -----------  -------------  -------  -----------  ---------  -----------  ----------
49300     17284.127        0.490       1006.122  3.8e-02        0.080     23.436    16505.676       0.540
49400     17720.168        0.495       1008.163  3.8e-02        0.078     23.433    16505.676       0.540
49500     17711.738        0.496       1010.204  3.8e-02        0.079     23.435    16505.676       0.540
49600     17472.514        0.493       1012.245  3.8e-02        0.079     23.438    16505.676       0.540
49700     16005.616        0.496       1014.286  3.8e-02        0.079     23.439    16505.676       0.540
49800     16005.138        0.495       1016.327  3.8e-02        0.079     23.441    16505.676       0.540
49900     15487.537        0.492       1018.367  3.8e-02        0.079     23.436    16505.676       0.540
50000     15721.289        0.492       1020.408  3.8e-02        0.080     25.857    12719.543       0.551
50100     17187.936        0.492       1022.449  3.7e-02        0.079     23.434    12719.543       0.551
50200     16394.557        0.495       1024.490  3.7e-02        0.079     23.438    12719.543       0.551
50300     17204.900        0.494       1026.531  3.7e-02        0.079     23.437    12719.543       0.551
50400     15995.095        0.494       1028.571  3.7e-02        0.079     23.438    12719.543       0.551
50500     15312.918        0.490       1030.612  3.7e-02        0.079     23.436    12719.543       0.551
50600     16240.768        0.493       1032.653  3.7e-02        0.079     23.436    12719.543       0.551
50700     16527.543        0.487       1034.694  3.7e-02        0.080     23.433    12719.543       0.551
50800     16182.593        0.496       1036.735  3.7e-02        0.079     23.441    12719.543       0.551
50900     16316.796        0.494       1038.776  3.6e-02        0.079     23.439    12719.543       0.551
51000     17983.699        0.491       1040.816  3.6e-02        0.080     25.852    16710.039       0.518
51100     16710.203        0.494       1042.857  3.6e-02        0.079     23.435    16710.039       0.518
51200     16379.470        0.493       1044.898  3.6e-02        0.079     23.439    16710.039       0.518
51300     15575.932        0.491       1046.939  3.6e-02        0.080     23.443    16710.039       0.518
51400     15115.374        0.492       1048.980  3.6e-02        0.079     23.438    16710.039       0.518
51500     16026.733        0.496       1051.020  3.6e-02        0.080     23.396    16710.039       0.518
51600     14443.021        0.493       1053.061  3.6e-02        0.079     23.444    16710.039       0.518
51700     16417.852        0.491       1055.102  3.5e-02        0.079     23.443    16710.039       0.518
51800     14695.593        0.498       1057.143  3.5e-02        0.079     23.441    16710.039       0.518
51900     14593.845        0.488       1059.184  3.5e-02        0.079     23.439    16710.039       0.518
52000     14983.289        0.496       1061.224  3.5e-02        0.079     25.856    13356.164       0.474
52100     14667.335        0.491       1063.265  3.5e-02        0.079     23.438    13356.164       0.474
52200     15454.798        0.494       1065.306  3.5e-02        0.079     23.442    13356.164       0.474
52300     14531.832        0.496       1067.347  3.5e-02        0.080     23.529    13356.164       0.474
52400     14955.685        0.494       1069.388  3.5e-02        0.080     23.581    13356.164       0.474
52500     15458.562        0.493       1071.429  3.4e-02        0.081     23.634    13356.164       0.474
52600     15798.370        0.496       1073.469  3.4e-02        0.080     23.605    13356.164       0.474
52700     15342.730        0.490       1075.510  3.4e-02        0.081     23.659    13356.164       0.474
52800     14883.305        0.494       1077.551  3.4e-02        0.080     23.559    13356.164       0.474
52900     15144.202        0.492       1079.592  3.4e-02        0.080     23.566    13356.164       0.474
53000     15063.554        0.492       1081.633  3.4e-02        0.079     25.983    11743.834       0.537
53100     13970.676        0.492       1083.673  3.4e-02        0.080     23.554    11743.834       0.537
53200     14581.227        0.490       1085.714  3.4e-02        0.080     23.558    11743.834       0.537
53300     15495.022        0.491       1087.755  3.3e-02        0.079     23.563    11743.834       0.537
    t    train_loss    train_acc    train_epoch       lr    data_time    it_time    test_loss    test_acc
-----  ------------  -----------  -------------  -------  -----------  ---------  -----------  ----------
53400     14880.660        0.493       1089.796  3.3e-02        0.080     23.563    11743.834       0.537
53500     13740.940        0.495       1091.837  3.3e-02        0.079     23.566    11743.834       0.537
53600     13895.994        0.495       1093.878  3.3e-02        0.079     23.566    11743.834       0.537
53700     13230.572        0.489       1095.918  3.3e-02        0.080     23.562    11743.834       0.537
53800     15417.832        0.495       1097.959  3.3e-02        0.080     23.567    11743.834       0.537
53900     15134.854        0.488       1100.000  3.3e-02        0.079     23.523    11743.834       0.537
54000     14063.107        0.491       1102.041  3.3e-02        0.080     26.084    15499.760       0.466
54100     15156.340        0.492       1104.082  3.2e-02        0.080     23.441    15499.760       0.466
54200     14250.350        0.497       1106.122  3.2e-02        0.079     23.438    15499.760       0.466
54300     14613.996        0.488       1108.163  3.2e-02        0.079     23.435    15499.760       0.466
54400     14638.231        0.496       1110.204  3.2e-02        0.079     23.444    15499.760       0.466
54500     14820.196        0.490       1112.245  3.2e-02        0.080     23.437    15499.760       0.466
54600     14008.947        0.495       1114.286  3.2e-02        0.079     23.437    15499.760       0.466
54700     13416.598        0.493       1116.327  3.2e-02        0.079     23.436    15499.760       0.466
54800     14041.446        0.486       1118.367  3.2e-02        0.080     23.441    15499.760       0.466
54900     14033.434        0.500       1120.408  3.1e-02        0.079     23.443    15499.760       0.466
55000     13961.183        0.491       1122.449  3.1e-02        0.079     25.865    14624.635       0.517
55100     14382.254        0.494       1124.490  3.1e-02        0.079     23.443    14624.635       0.517
55200     14155.015        0.495       1126.531  3.1e-02        0.079     23.442    14624.635       0.517
55300     13397.465        0.493       1128.571  3.1e-02        0.079     23.443    14624.635       0.517
55400     13387.464        0.492       1130.612  3.1e-02        0.079     23.439    14624.635       0.517
55500     13841.791        0.491       1132.653  3.1e-02        0.079     23.435    14624.635       0.517
55600     13457.111        0.494       1134.694  3.1e-02        0.079     23.442    14624.635       0.517
55700     14433.808        0.493       1136.735  3.0e-02        0.079     23.440    14624.635       0.517
55800     13590.975        0.495       1138.776  3.0e-02        0.080     23.433    14624.635       0.517
55900     14899.715        0.489       1140.816  3.0e-02        0.079     23.440    14624.635       0.517
56000     13641.082        0.497       1142.857  3.0e-02        0.079     25.857    15723.248       0.530
56100     11905.446        0.490       1144.898  3.0e-02        0.079     23.441    15723.248       0.530
56200     13011.544        0.492       1146.939  3.0e-02        0.081     23.439    15723.248       0.530
56300     13714.674        0.492       1148.980  3.0e-02        0.080     23.439    15723.248       0.530
56400     12878.384        0.494       1151.020  3.0e-02        0.081     23.397    15723.248       0.530
56500     13237.187        0.492       1153.061  2.9e-02        0.079     23.435    15723.248       0.530
56600     12938.122        0.494       1155.102  2.9e-02        0.080     23.434    15723.248       0.530
56700     13528.827        0.492       1157.143  2.9e-02        0.078     23.438    15723.248       0.530
56800     13132.657        0.495       1159.184  2.9e-02        0.080     23.433    15723.248       0.530
56900     12850.937        0.493       1161.224  2.9e-02        0.078     23.438    15723.248       0.530
57000     13257.184        0.490       1163.265  2.9e-02        0.079     25.854    13696.994       0.553
57100     12405.282        0.498       1165.306  2.9e-02        0.079     23.431    13696.994       0.553
57200     12391.960        0.495       1167.347  2.9e-02        0.080     23.435    13696.994       0.553
57300     11328.740        0.493       1169.388  2.8e-02        0.079     23.435    13696.994       0.553
57400     12019.455        0.492       1171.429  2.8e-02        0.079     23.438    13696.994       0.553
    t    train_loss    train_acc    train_epoch       lr    data_time    it_time    test_loss    test_acc
-----  ------------  -----------  -------------  -------  -----------  ---------  -----------  ----------
57500     12960.987        0.491       1173.469  2.8e-02        0.080     23.432    13696.994       0.553
57600     12481.307        0.497       1175.510  2.8e-02        0.078     23.443    13696.994       0.553
57700     12336.626        0.493       1177.551  2.8e-02        0.079     23.439    13696.994       0.553
57800     13420.394        0.490       1179.592  2.8e-02        0.080     23.435    13696.994       0.553
57900     12445.488        0.490       1181.633  2.8e-02        0.080     23.437    13696.994       0.553
58000     12028.595        0.493       1183.673  2.8e-02        0.079     25.848    10959.289       0.560
58100     11149.455        0.495       1185.714  2.7e-02        0.080     23.439    10959.289       0.560
58200     10982.117        0.485       1187.755  2.7e-02        0.079     23.440    10959.289       0.560
58300     13220.023        0.494       1189.796  2.7e-02        0.079     23.435    10959.289       0.560
58400     12185.680        0.489       1191.837  2.7e-02        0.079     23.439    10959.289       0.560
58500     12438.668        0.492       1193.878  2.7e-02        0.079     23.443    10959.289       0.560
58600     11756.505        0.498       1195.918  2.7e-02        0.079     23.442    10959.289       0.560
58700     12184.921        0.495       1197.959  2.7e-02        0.080     23.442    10959.289       0.560
58800     11286.138        0.492       1200.000  2.7e-02        0.079     23.393    10959.289       0.560
58900     10904.911        0.492       1202.041  2.6e-02        0.079     23.438    10959.289       0.560
59000     11573.845        0.490       1204.082  2.6e-02        0.079     25.854    12499.925       0.504
59100     11106.013        0.493       1206.122  2.6e-02        0.079     23.440    12499.925       0.504
59200     11407.669        0.495       1208.163  2.6e-02        0.079     23.437    12499.925       0.504
59300     11227.216        0.493       1210.204  2.6e-02        0.078     23.436    12499.925       0.504
59400     11802.224        0.494       1212.245  2.6e-02        0.079     23.435    12499.925       0.504
59500     11330.702        0.498       1214.286  2.6e-02        0.079     23.437    12499.925       0.504
59600     10818.753        0.492       1216.327  2.6e-02        0.078     23.438    12499.925       0.504
59700     11537.756        0.493       1218.367  2.5e-02        0.081     23.439    12499.925       0.504
59800     10594.994        0.493       1220.408  2.5e-02        0.080     23.436    12499.925       0.504
59900     11092.688        0.496       1222.449  2.5e-02        0.079     23.438    12499.925       0.504
60000     10943.449        0.495       1224.490  2.5e-02        0.079     25.845    10653.461       0.500
60100     11270.183        0.493       1226.531  2.5e-02        0.078     23.439    10653.461       0.500
60200     11340.058        0.491       1228.571  2.5e-02        0.079     23.435    10653.461       0.500
60300     10629.152        0.491       1230.612  2.5e-02        0.079     23.440    10653.461       0.500
60400     10089.215        0.495       1232.653  2.5e-02        0.079     23.439    10653.461       0.500
60500     10788.840        0.497       1234.694  2.4e-02        0.079     23.436    10653.461       0.500
60600     10953.865        0.495       1236.735  2.4e-02        0.079     23.432    10653.461       0.500
60700     10453.262        0.495       1238.776  2.4e-02        0.079     23.434    10653.461       0.500
60800     10765.896        0.494       1240.816  2.4e-02        0.080     23.432    10653.461       0.500
60900      9928.051        0.493       1242.857  2.4e-02        0.080     23.430    10653.461       0.500
61000     10632.941        0.491       1244.898  2.4e-02        0.079     25.854    15169.818       0.469
61100     10477.148        0.495       1246.939  2.4e-02        0.081     23.433    15169.818       0.469
61200     10807.796        0.490       1248.980  2.4e-02        0.079     23.435    15169.818       0.469
61300      9651.316        0.494       1251.020  2.3e-02        0.079     23.396    15169.818       0.469
61400     10257.323        0.493       1253.061  2.3e-02        0.080     23.431    15169.818       0.469
61500      9885.979        0.496       1255.102  2.3e-02        0.079     23.433    15169.818       0.469
    t    train_loss    train_acc    train_epoch       lr    data_time    it_time    test_loss    test_acc
-----  ------------  -----------  -------------  -------  -----------  ---------  -----------  ----------
61600      9952.608        0.490       1257.143  2.3e-02        0.079     23.435    15169.818       0.469
61700     10098.182        0.489       1259.184  2.3e-02        0.080     23.436    15169.818       0.469
61800      9775.249        0.499       1261.224  2.3e-02        0.079     23.436    15169.818       0.469
61900      8901.447        0.492       1263.265  2.3e-02        0.079     23.438    15169.818       0.469
62000     10764.113        0.492       1265.306  2.3e-02        0.079     25.850     8424.797       0.499
62100      9733.879        0.490       1267.347  2.2e-02        0.079     23.438     8424.797       0.499
62200      9625.889        0.493       1269.388  2.2e-02        0.078     23.437     8424.797       0.499
62300     10310.850        0.492       1271.429  2.2e-02        0.079     23.440     8424.797       0.499
62400      9789.386        0.488       1273.469  2.2e-02        0.080     23.436     8424.797       0.499
62500      9313.401        0.499       1275.510  2.2e-02        0.079     23.439     8424.797       0.499
62600     10208.967        0.494       1277.551  2.2e-02        0.079     23.439     8424.797       0.499
62700      9504.829        0.495       1279.592  2.2e-02        0.080     23.435     8424.797       0.499
62800      9187.477        0.494       1281.633  2.2e-02        0.080     23.431     8424.797       0.499
62900      9186.718        0.492       1283.673  2.1e-02        0.079     23.436     8424.797       0.499
63000      9140.943        0.494       1285.714  2.1e-02        0.080     25.853     8301.466       0.504
63100      9446.094        0.496       1287.755  2.1e-02        0.080     23.436     8301.466       0.504
63200      9900.788        0.493       1289.796  2.1e-02        0.079     23.437     8301.466       0.504
63300      8935.522        0.492       1291.837  2.1e-02        0.079     23.429     8301.466       0.504
63400      8581.478        0.491       1293.878  2.1e-02        0.079     23.434     8301.466       0.504
63500      8973.458        0.491       1295.918  2.1e-02        0.079     23.431     8301.466       0.504
63600      8892.604        0.498       1297.959  2.1e-02        0.082     23.427     8301.466       0.504
63700      9610.921        0.493       1300.000  2.0e-02        0.079     23.396     8301.466       0.504
63800      9020.081        0.493       1302.041  2.0e-02        0.079     23.431     8301.466       0.504
63900      8299.911        0.493       1304.082  2.0e-02        0.079     23.428     8301.466       0.504
64000      8963.654        0.492       1306.122  2.0e-02        0.080     25.855    11558.410       0.457
64100      8804.577        0.497       1308.163  2.0e-02        0.080     23.430    11558.410       0.457
64200      8671.019        0.494       1310.204  2.0e-02        0.079     23.433    11558.410       0.457
64300      8071.078        0.493       1312.245  2.0e-02        0.079     23.435    11558.410       0.457
64400      8721.466        0.493       1314.286  2.0e-02        0.079     23.428    11558.410       0.457
64500      7829.252        0.497       1316.327  1.9e-02        0.080     23.432    11558.410       0.457
64600      8613.888        0.488       1318.367  1.9e-02        0.079     23.429    11558.410       0.457
64700      8542.309        0.492       1320.408  1.9e-02        0.079     23.427    11558.410       0.457
64800      8291.534        0.489       1322.449  1.9e-02        0.079     23.428    11558.410       0.457
64900      8368.213        0.495       1324.490  1.9e-02        0.079     23.430    11558.410       0.457
65000      8725.066        0.497       1326.531  1.9e-02        0.079     25.841     7367.134       0.491
65100      7872.900        0.491       1328.571  1.9e-02        0.080     23.425     7367.134       0.491
65200      8158.270        0.493       1330.612  1.9e-02        0.079     23.423     7367.134       0.491
65300      8564.892        0.493       1332.653  1.8e-02        0.079     23.422     7367.134       0.491
65400      8190.056        0.492       1334.694  1.8e-02        0.079     23.428     7367.134       0.491
65500      7863.557        0.499       1336.735  1.8e-02        0.079     23.426     7367.134       0.491
65600      7604.676        0.495       1338.776  1.8e-02        0.078     23.424     7367.134       0.491
    t    train_loss    train_acc    train_epoch       lr    data_time    it_time    test_loss    test_acc
-----  ------------  -----------  -------------  -------  -----------  ---------  -----------  ----------
65700      7018.802        0.495       1340.816  1.8e-02        0.079     23.429     7367.134       0.491
65800      8039.947        0.491       1342.857  1.8e-02        0.080     23.425     7367.134       0.491
65900      7905.910        0.495       1344.898  1.8e-02        0.079     23.427     7367.134       0.491
66000      8620.877        0.498       1346.939  1.8e-02        0.080     25.849     8192.132       0.573
66100      8651.227        0.494       1348.980  1.7e-02        0.079     23.425     8192.132       0.573
66200      7641.174        0.495       1351.020  1.7e-02        0.079     23.384     8192.132       0.573
66300      6910.562        0.491       1353.061  1.7e-02        0.080     23.424     8192.132       0.573
66400      7778.074        0.496       1355.102  1.7e-02        0.080     23.427     8192.132       0.573
66500      8386.523        0.490       1357.143  1.7e-02        0.081     23.425     8192.132       0.573
66600      7913.242        0.496       1359.184  1.7e-02        0.080     23.426     8192.132       0.573
66700      7516.067        0.495       1361.224  1.7e-02        0.080     23.427     8192.132       0.573
66800      7213.313        0.494       1363.265  1.7e-02        0.081     23.429     8192.132       0.573
66900      7504.599        0.496       1365.306  1.6e-02        0.081     23.425     8192.132       0.573
67000      6870.169        0.500       1367.347  1.6e-02        0.080     25.847     5353.394       0.486
67100      7832.453        0.490       1369.388  1.6e-02        0.080     23.430     5353.394       0.486
67200      7048.917        0.493       1371.429  1.6e-02        0.080     23.426     5353.394       0.486
67300      7109.639        0.493       1373.469  1.6e-02        0.080     23.428     5353.394       0.486
67400      6388.149        0.495       1375.510  1.6e-02        0.080     23.430     5353.394       0.486
67500      7520.191        0.490       1377.551  1.6e-02        0.079     23.428     5353.394       0.486
67600      7626.716        0.491       1379.592  1.6e-02        0.081     23.431     5353.394       0.486
67700      6799.203        0.499       1381.633  1.5e-02        0.081     23.427     5353.394       0.486
67800      6993.143        0.491       1383.673  1.5e-02        0.080     23.424     5353.394       0.486
67900      6890.938        0.490       1385.714  1.5e-02        0.080     23.425     5353.394       0.486
68000      7308.922        0.497       1387.755  1.5e-02        0.080     25.856     7127.862       0.468
68100      6982.043        0.491       1389.796  1.5e-02        0.080     23.426     7127.862       0.468
68200      6770.493        0.495       1391.837  1.5e-02        0.079     23.423     7127.862       0.468
68300      5792.392        0.488       1393.878  1.5e-02        0.080     23.426     7127.862       0.468
68400      6966.359        0.491       1395.918  1.5e-02        0.080     23.423     7127.862       0.468
68500      6460.540        0.497       1397.959  1.4e-02        0.082     23.430     7127.862       0.468
68600      6522.652        0.488       1400.000  1.4e-02        0.081     23.384     7127.862       0.468
68700      6451.682        0.494       1402.041  1.4e-02        0.081     23.424     7127.862       0.468
68800      6187.063        0.492       1404.082  1.4e-02        0.080     23.425     7127.862       0.468
68900      5934.121        0.493       1406.122  1.4e-02        0.080     23.424     7127.862       0.468
69000      6134.998        0.493       1408.163  1.4e-02        0.081     25.845     5878.758       0.547
69100      6039.300        0.492       1410.204  1.4e-02        0.080     23.423     5878.758       0.547
69200      5724.185        0.495       1412.245  1.4e-02        0.079     23.426     5878.758       0.547
69300      5655.508        0.491       1414.286  1.3e-02        0.080     23.426     5878.758       0.547
69400      5835.335        0.493       1416.327  1.3e-02        0.080     23.423     5878.758       0.547
69500      6209.445        0.492       1418.367  1.3e-02        0.081     23.424     5878.758       0.547
69600      5894.716        0.493       1420.408  1.3e-02        0.079     23.423     5878.758       0.547
69700      5831.966        0.497       1422.449  1.3e-02        0.079     23.423     5878.758       0.547
    t    train_loss    train_acc    train_epoch       lr    data_time    it_time    test_loss    test_acc
-----  ------------  -----------  -------------  -------  -----------  ---------  -----------  ----------
69800      5568.604        0.496       1424.490  1.3e-02        0.079     23.424     5878.758       0.547
69900      5551.191        0.496       1426.531  1.3e-02        0.080     23.429     5878.758       0.547
70000      5792.391        0.492       1428.571  1.3e-02        0.080     25.844     4725.931       0.572
70100      5466.129        0.490       1430.612  1.2e-02        0.080     23.426     4725.931       0.572
70200      5498.541        0.492       1432.653  1.2e-02        0.079     23.427     4725.931       0.572
70300      6049.218        0.503       1434.694  1.2e-02        0.079     23.423     4725.931       0.572
70400      5044.199        0.495       1436.735  1.2e-02        0.079     23.425     4725.931       0.572
70500      5360.211        0.493       1438.776  1.2e-02        0.080     23.425     4725.931       0.572
70600      5374.705        0.492       1440.816  1.2e-02        0.079     23.432     4725.931       0.572
70700      5126.568        0.496       1442.857  1.2e-02        0.080     23.426     4725.931       0.572
70800      5148.682        0.494       1444.898  1.2e-02        0.079     23.427     4725.931       0.572
70900      5421.835        0.492       1446.939  1.1e-02        0.080     23.426     4725.931       0.572
71000      5142.286        0.494       1448.980  1.1e-02        0.079     25.851     5321.849       0.499
71100      5129.468        0.495       1451.020  1.1e-02        0.080     23.392     5321.849       0.499
71200      4823.547        0.490       1453.061  1.1e-02        0.079     23.430     5321.849       0.499
71300      4557.001        0.495       1455.102  1.1e-02        0.079     23.427     5321.849       0.499
71400      4594.942        0.490       1457.143  1.1e-02        0.079     23.432     5321.849       0.499
71500      4838.579        0.499       1459.184  1.1e-02        0.079     23.430     5321.849       0.499
71600      4328.447        0.495       1461.224  1.1e-02        0.079     23.427     5321.849       0.499
71700      4265.244        0.494       1463.265  1.0e-02        0.079     23.424     5321.849       0.499
71800      4556.975        0.493       1465.306  1.0e-02        0.079     23.430     5321.849       0.499
71900      4674.600        0.495       1467.347  1.0e-02        0.080     23.427     5321.849       0.499
72000      4342.766        0.493       1469.388  1.0e-02        0.080     25.848     3812.654       0.558
72100      4416.358        0.496       1471.429  9.9e-03        0.079     23.428     3812.654       0.558
72200      4326.870        0.497       1473.469  9.8e-03        0.079     23.432     3812.654       0.558
72300      4416.881        0.493       1475.510  9.6e-03        0.080     23.435     3812.654       0.558
72400      4380.428        0.490       1477.551  9.5e-03        0.079     23.426     3812.654       0.558
72500      4189.222        0.494       1479.592  9.4e-03        0.079     23.426     3812.654       0.558
72600      4345.384        0.494       1481.633  9.3e-03        0.079     23.426     3812.654       0.558
72700      4138.066        0.495       1483.673  9.1e-03        0.080     23.434     3812.654       0.558
72800      4214.199        0.495       1485.714  9.0e-03        0.080     23.432     3812.654       0.558
72900      4124.068        0.494       1487.755  8.9e-03        0.079     23.425     3812.654       0.558
73000      4050.736        0.497       1489.796  8.8e-03        0.080     25.840     2638.723       0.549
73100      4047.455        0.500       1491.837  8.6e-03        0.080     23.424     2638.723       0.549
73200      3747.474        0.494       1493.878  8.5e-03        0.079     23.424     2638.723       0.549
73300      3813.583        0.489       1495.918  8.4e-03        0.079     23.430     2638.723       0.549
73400      3529.851        0.493       1497.959  8.3e-03        0.081     23.429     2638.723       0.549
73500      3910.563        0.493       1500.000  8.1e-03        0.080     23.384     2638.723       0.549
73600      3786.628        0.503       1502.041  8.0e-03        0.079     23.424     2638.723       0.549
73700      3499.669        0.495       1504.082  7.9e-03        0.079     23.426     2638.723       0.549
73800      3507.947        0.493       1506.122  7.8e-03        0.079     23.426     2638.723       0.549
    t    train_loss    train_acc    train_epoch       lr    data_time    it_time    test_loss    test_acc
-----  ------------  -----------  -------------  -------  -----------  ---------  -----------  ----------
73900      3361.422        0.496       1508.163  7.6e-03        0.080     23.426     2638.723       0.549
74000      3534.352        0.493       1510.204  7.5e-03        0.080     25.850     4849.931       0.483
74100      3218.074        0.494       1512.245  7.4e-03        0.079     23.433     4849.931       0.483
74200      3384.467        0.493       1514.286  7.3e-03        0.079     23.431     4849.931       0.483
74300      3551.934        0.494       1516.327  7.1e-03        0.080     23.433     4849.931       0.483
74400      3100.863        0.499       1518.367  7.0e-03        0.079     23.432     4849.931       0.483
74500      3330.118        0.499       1520.408  6.9e-03        0.080     23.436     4849.931       0.483
74600      3048.420        0.496       1522.449  6.8e-03        0.080     23.429     4849.931       0.483
74700      2935.496        0.497       1524.490  6.6e-03        0.079     23.433     4849.931       0.483
74800      2947.122        0.496       1526.531  6.5e-03        0.080     23.434     4849.931       0.483
74900      2989.380        0.493       1528.571  6.4e-03        0.080     23.430     4849.931       0.483
75000      2696.019        0.496       1530.612  6.3e-03        0.079     25.847     2718.364       0.502
75100      2560.871        0.494       1532.653  6.1e-03        0.079     23.433     2718.364       0.502
75200      2732.024        0.497       1534.694  6.0e-03        0.078     23.434     2718.364       0.502
75300      2492.190        0.495       1536.735  5.9e-03        0.079     23.425     2718.364       0.502
75400      2548.218        0.496       1538.776  5.8e-03        0.080     23.428     2718.364       0.502
75500      2509.694        0.493       1540.816  5.6e-03        0.079     23.428     2718.364       0.502
75600      2420.039        0.497       1542.857  5.5e-03        0.079     23.426     2718.364       0.502
75700      2474.233        0.494       1544.898  5.4e-03        0.080     23.425     2718.364       0.502
75800      2400.760        0.499       1546.939  5.3e-03        0.081     23.432     2718.364       0.502
75900      2300.945        0.495       1548.980  5.1e-03        0.079     23.426     2718.364       0.502
76000      2160.151        0.496       1551.020  5.0e-03        0.079     25.800     1960.966       0.506
76100      1967.245        0.494       1553.061  4.9e-03        0.080     23.428     1960.966       0.506
76200      2034.750        0.497       1555.102  4.8e-03        0.079     23.425     1960.966       0.506
76300      2036.756        0.495       1557.143  4.6e-03        0.079     23.427     1960.966       0.506
76400      1922.858        0.498       1559.184  4.5e-03        0.079     23.434     1960.966       0.506
76500      1998.995        0.496       1561.224  4.4e-03        0.079     23.431     1960.966       0.506
76600      1906.701        0.501       1563.265  4.3e-03        0.079     23.430     1960.966       0.506
76700      1708.639        0.497       1565.306  4.1e-03        0.080     23.429     1960.966       0.506
76800      1795.403        0.494       1567.347  4.0e-03        0.080     23.431     1960.966       0.506
76900      1850.589        0.500       1569.388  3.9e-03        0.080     23.431     1960.966       0.506
77000      1553.072        0.490       1571.429  3.8e-03        0.079     25.847     1760.732       0.521
77100      1672.573        0.494       1573.469  3.6e-03        0.080     23.430     1760.732       0.521
77200      1485.828        0.499       1575.510  3.5e-03        0.080     23.427     1760.732       0.521
77300      1486.348        0.497       1577.551  3.4e-03        0.079     23.426     1760.732       0.521
77400      1425.342        0.498       1579.592  3.3e-03        0.079     23.433     1760.732       0.521
77500      1502.400        0.491       1581.633  3.1e-03        0.079     23.428     1760.732       0.521
77600      1467.881        0.501       1583.673  3.0e-03        0.079     23.427     1760.732       0.521
77700      1298.586        0.500       1585.714  2.9e-03        0.079     23.431     1760.732       0.521
77800      1145.469        0.498       1587.755  2.8e-03        0.079     23.430     1760.732       0.521
77900      1241.739        0.496       1589.796  2.6e-03        0.080     23.429     1760.732       0.521
    t    train_loss    train_acc    train_epoch       lr    data_time    it_time    test_loss    test_acc
-----  ------------  -----------  -------------  -------  -----------  ---------  -----------  ----------
78000      1198.947        0.497       1591.837  2.5e-03        0.080     25.851      851.569       0.526
78100      1049.772        0.499       1593.878  2.4e-03        0.080     23.433      851.569       0.526
78200      1031.662        0.499       1595.918  2.3e-03        0.081     23.432      851.569       0.526
78300       905.735        0.505       1597.959  2.1e-03        0.081     23.429      851.569       0.526
78400       895.977        0.498       1600.000  2.0e-03        0.079     23.389      851.569       0.526
78500       808.907        0.503       1602.041  1.9e-03        0.080     23.429      851.569       0.526
78600       862.485        0.499       1604.082  1.8e-03        0.080     23.430      851.569       0.526
78700       672.046        0.497       1606.122  1.6e-03        0.079     23.431      851.569       0.526
78800       625.987        0.502       1608.163  1.5e-03        0.080     23.429      851.569       0.526
78900       641.461        0.504       1610.204  1.4e-03        0.080     23.430      851.569       0.526
79000       553.040        0.502       1612.245  1.3e-03        0.079     25.849      381.509       0.560
79100       457.669        0.507       1614.286  1.1e-03        0.079     23.429      381.509       0.560
79200       400.109        0.505       1616.327  1.0e-03        0.080     23.429      381.509       0.560
79300       373.461        0.508       1618.367  8.8e-04        0.080     23.428      381.509       0.560
79400       324.221        0.511       1620.408  7.5e-04        0.079     23.430      381.509       0.560
79500       255.390        0.510       1622.449  6.3e-04        0.080     23.427      381.509       0.560
79600       206.718        0.522       1624.490  5.0e-04        0.079     23.426      381.509       0.560
79700       151.193        0.524       1626.531  3.8e-04        0.079     23.431      381.509       0.560
79800        92.853        0.547       1628.571  2.5e-04        0.079     23.431      381.509       0.560
79900        52.752        0.560       1630.612  1.3e-04        0.079     23.427      381.509       0.560
80000        23.839        0.587       1632.653  1.2e-06        0.079     25.838       18.722       0.604
