  t    train_loss    train_acc    train_epoch       lr    data_time    it_time
---  ------------  -----------  -------------  -------  -----------  ---------
100        67.766        0.662          2.041  1.0e-01        0.352     26.190
200        60.042        0.662          4.082  1.0e-01        0.082     23.743
300        58.537        0.664          6.122  1.0e-01        0.081     23.668
400        60.850        0.666          8.163  1.0e-01        0.083     24.100
500        54.894        0.667         10.204  9.9e-02        0.081     23.736
600        64.593        0.662         12.245  9.9e-02        0.081     23.503
700        57.201        0.668         14.286  9.9e-02        0.081     23.738
800        60.423        0.668         16.327  9.9e-02        0.080     23.403
900        60.214        0.669         18.367  9.9e-02        0.079     23.325
1000        57.979        0.668         20.408  9.9e-02        0.079     26.920       43.268       0.706
1100        50.399        0.671         22.449  9.9e-02        0.080     23.339       43.268       0.706
1200        61.074        0.670         24.490  9.9e-02        0.080     23.342       43.268       0.706
1300        59.923        0.670         26.531  9.8e-02        0.080     23.351       43.268       0.706
1400        55.791        0.670         28.571  9.8e-02        0.080     23.346       43.268       0.706
1500        60.724        0.671         30.612  9.8e-02        0.080     23.349       43.268       0.706
1600        58.362        0.670         32.653  9.8e-02        0.080     23.356       43.268       0.706
1700        60.603        0.668         34.694  9.8e-02        0.080     23.371       43.268       0.706
1800        58.230        0.670         36.735  9.8e-02        0.079     23.376       43.268       0.706
1900        56.608        0.670         38.776  9.8e-02        0.080     23.376       43.268       0.706
2000        55.605        0.672         40.816  9.8e-02        0.079     25.820       46.367       0.653
2100        58.090        0.670         42.857  9.7e-02        0.080     23.439       46.367       0.653
2200        56.252        0.671         44.898  9.7e-02        0.079     23.246       46.367       0.653
2300        55.112        0.673         46.939  9.7e-02        0.080     23.246       46.367       0.653
2400        55.924        0.671         48.980  9.7e-02        0.078     23.216       46.367       0.653
2500        54.882        0.674         51.020  9.7e-02        0.079     23.174       46.367       0.653
2600        57.921        0.671         53.061  9.7e-02        0.078     23.210       46.367       0.653
2700        58.853        0.670         55.102  9.7e-02        0.079     23.208       46.367       0.653
2800        63.223        0.670         57.143  9.7e-02        0.079     23.209       46.367       0.653
2900        55.708        0.671         59.184  9.6e-02        0.079     23.208       46.367       0.653
3000        59.967        0.673         61.224  9.6e-02        0.078     25.638       68.114       0.635
3100        63.082        0.670         63.265  9.6e-02        0.078     23.212       68.114       0.635
3200        56.652        0.673         65.306  9.6e-02        0.079     23.213       68.114       0.635
3300        53.431        0.672         67.347  9.6e-02        0.079     23.212       68.114       0.635
3400        59.995        0.668         69.388  9.6e-02        0.078     23.219       68.114       0.635
3500        54.927        0.673         71.429  9.6e-02        0.079     23.216       68.114       0.635
3600        56.034        0.671         73.469  9.6e-02        0.078     23.221       68.114       0.635
3700        61.351        0.669         75.510  9.5e-02        0.078     23.221       68.114       0.635
3800        58.639        0.671         77.551  9.5e-02        0.078     23.224       68.114       0.635
3900        52.302        0.673         79.592  9.5e-02        0.078     23.221       68.114       0.635
4000        58.374        0.670         81.633  9.5e-02        0.079     25.654       65.606       0.678
4100        51.606        0.677         83.673  9.5e-02        0.079     23.228       65.606       0.678
   t    train_loss    train_acc    train_epoch       lr    data_time    it_time    test_loss    test_acc
----  ------------  -----------  -------------  -------  -----------  ---------  -----------  ----------
4200        51.917        0.674         85.714  9.5e-02        0.078     23.227       65.606       0.678
4300        55.313        0.674         87.755  9.5e-02        0.079     23.233       65.606       0.678
4400        59.469        0.673         89.796  9.5e-02        0.078     23.229       65.606       0.678
4500        53.911        0.674         91.837  9.4e-02        0.079     23.231       65.606       0.678
4600        55.032        0.670         93.878  9.4e-02        0.079     23.231       65.606       0.678
4700        56.843        0.669         95.918  9.4e-02        0.079     23.232       65.606       0.678
4800        58.243        0.672         97.959  9.4e-02        0.080     23.230       65.606       0.678
4900        53.898        0.672        100.000  9.4e-02        0.078     23.188       65.606       0.678
5000        60.360        0.673        102.041  9.4e-02        0.079     25.658       51.827       0.692
5100        52.214        0.673        104.082  9.4e-02        0.079     23.231       51.827       0.692
5200        54.579        0.673        106.122  9.4e-02        0.079     23.229       51.827       0.692
5300        50.542        0.671        108.163  9.3e-02        0.080     23.230       51.827       0.692
5400        51.451        0.674        110.204  9.3e-02        0.079     23.369       51.827       0.692
5500        54.112        0.674        112.245  9.3e-02        0.081     24.141       51.827       0.692
5600        53.836        0.674        114.286  9.3e-02        0.085     25.301       51.827       0.692
5700        54.780        0.672        116.327  9.3e-02        0.079     23.458       51.827       0.692
5800        51.421        0.672        118.367  9.3e-02        0.079     23.352       51.827       0.692
5900        52.773        0.673        120.408  9.3e-02        0.082     24.871       51.827       0.692
6000        51.974        0.675        122.449  9.3e-02        0.085     27.374       50.672       0.670
6100        53.280        0.671        124.490  9.2e-02        0.081     23.356       50.672       0.670
6200        52.802        0.674        126.531  9.2e-02        0.079     23.355       50.672       0.670
6300        55.456        0.671        128.571  9.2e-02        0.078     23.355       50.672       0.670
6400        53.974        0.670        130.612  9.2e-02        0.079     23.355       50.672       0.670
6500        57.685        0.671        132.653  9.2e-02        0.080     23.350       50.672       0.670
6600        54.988        0.674        134.694  9.2e-02        0.081     23.355       50.672       0.670
6700        55.704        0.672        136.735  9.2e-02        0.079     23.359       50.672       0.670
6800        50.103        0.675        138.776  9.2e-02        0.080     23.356       50.672       0.670
6900        46.595        0.676        140.816  9.1e-02        0.080     23.361       50.672       0.670
7000        52.213        0.673        142.857  9.1e-02        0.078     25.801       50.186       0.673
7100        53.973        0.672        144.898  9.1e-02        0.079     23.362       50.186       0.673
7200        61.549        0.674        146.939  9.1e-02        0.081     23.359       50.186       0.673
7300        53.595        0.674        148.980  9.1e-02        0.079     23.442       50.186       0.673
7400        51.443        0.672        151.020  9.1e-02        0.078     23.229       50.186       0.673
7500        49.092        0.673        153.061  9.1e-02        0.079     23.228       50.186       0.673
7600        50.915        0.674        155.102  9.1e-02        0.079     23.229       50.186       0.673
7700        49.141        0.677        157.143  9.0e-02        0.079     23.229       50.186       0.673
7800        52.315        0.673        159.184  9.0e-02        0.079     23.227       50.186       0.673
7900        50.808        0.674        161.224  9.0e-02        0.078     23.231       50.186       0.673
8000        51.125        0.672        163.265  9.0e-02        0.078     25.659       59.309       0.661
8100        54.385        0.672        165.306  9.0e-02        0.079     23.237       59.309       0.661
8200        47.158        0.678        167.347  9.0e-02        0.080     23.231       59.309       0.661
   t    train_loss    train_acc    train_epoch       lr    data_time    it_time    test_loss    test_acc
----  ------------  -----------  -------------  -------  -----------  ---------  -----------  ----------
8300        49.201        0.672        169.388  9.0e-02        0.079     23.228       59.309       0.661
8400        51.785        0.675        171.429  9.0e-02        0.078     23.232       59.309       0.661
8500        53.339        0.670        173.469  8.9e-02        0.078     23.234       59.309       0.661
8600        47.838        0.675        175.510  8.9e-02        0.079     23.239       59.309       0.661
8700        52.404        0.673        177.551  8.9e-02        0.078     23.234       59.309       0.661
8800        49.451        0.671        179.592  8.9e-02        0.079     23.237       59.309       0.661
8900        49.133        0.674        181.633  8.9e-02        0.078     23.237       59.309       0.661
9000        53.531        0.674        183.673  8.9e-02        0.079     25.662       36.691       0.688
9100        47.362        0.677        185.714  8.9e-02        0.078     23.236       36.691       0.688
9200        55.325        0.667        187.755  8.9e-02        0.079     23.233       36.691       0.688
9300        52.746        0.676        189.796  8.8e-02        0.078     23.241       36.691       0.688
9400        53.516        0.672        191.837  8.8e-02        0.079     23.240       36.691       0.688
9500        49.957        0.674        193.878  8.8e-02        0.079     23.234       36.691       0.688
9600        52.021        0.674        195.918  8.8e-02        0.079     23.237       36.691       0.688
9700        51.764        0.673        197.959  8.8e-02        0.080     23.239       36.691       0.688
9800        47.770        0.677        200.000  8.8e-02        0.079     23.192       36.691       0.688
9900        49.850        0.672        202.041  8.8e-02        0.079     23.233       36.691       0.688
10000        48.939        0.675        204.082  8.8e-02        0.078     25.657       48.741       0.670
10100        48.837        0.673        206.122  8.7e-02        0.079     23.235       48.741       0.670
10200        47.220        0.674        208.163  8.7e-02        0.078     23.238       48.741       0.670
10300        51.731        0.671        210.204  8.7e-02        0.079     23.232       48.741       0.670
10400        52.747        0.672        212.245  8.7e-02        0.078     23.237       48.741       0.670
10500        47.924        0.674        214.286  8.7e-02        0.078     23.236       48.741       0.670
10600        48.807        0.672        216.327  8.7e-02        0.078     23.238       48.741       0.670
10700        51.949        0.674        218.367  8.7e-02        0.078     23.235       48.741       0.670
10800        47.078        0.676        220.408  8.7e-02        0.079     23.239       48.741       0.670
10900        49.656        0.673        222.449  8.6e-02        0.078     23.241       48.741       0.670
11000        47.072        0.677        224.490  8.6e-02        0.078     25.673       60.488       0.635
11100        51.524        0.674        226.531  8.6e-02        0.079     23.240       60.488       0.635
11200        54.555        0.673        228.571  8.6e-02        0.079     23.244       60.488       0.635
11300        49.071        0.671        230.612  8.6e-02        0.078     23.233       60.488       0.635
11400        46.683        0.676        232.653  8.6e-02        0.079     23.229       60.488       0.635
11500        47.459        0.673        234.694  8.6e-02        0.078     23.233       60.488       0.635
11600        50.905        0.674        236.735  8.6e-02        0.078     23.232       60.488       0.635
11700        49.859        0.673        238.776  8.5e-02        0.078     23.232       60.488       0.635
11800        52.228        0.671        240.816  8.5e-02        0.079     23.235       60.488       0.635
11900        50.314        0.676        242.857  8.5e-02        0.078     23.240       60.488       0.635
12000        53.723        0.672        244.898  8.5e-02        0.079     25.667       62.893       0.683
12100        49.122        0.675        246.939  8.5e-02        0.080     23.237       62.893       0.683
12200        48.613        0.674        248.980  8.5e-02        0.079     23.238       62.893       0.683
12300        52.060        0.673        251.020  8.5e-02        0.078     23.201       62.893       0.683
    t    train_loss    train_acc    train_epoch       lr    data_time    it_time    test_loss    test_acc
-----  ------------  -----------  -------------  -------  -----------  ---------  -----------  ----------
12400        49.240        0.677        253.061  8.5e-02        0.079     23.241       62.893       0.683
12500        51.388        0.671        255.102  8.4e-02        0.079     23.254       62.893       0.683
12600        50.458        0.674        257.143  8.4e-02        0.078     23.245       62.893       0.683
12700        49.381        0.673        259.184  8.4e-02        0.079     23.241       62.893       0.683
12800        47.814        0.674        261.224  8.4e-02        0.079     23.243       62.893       0.683
12900        49.602        0.676        263.265  8.4e-02        0.078     23.246       62.893       0.683
13000        44.100        0.675        265.306  8.4e-02        0.079     25.670       38.520       0.676
13100        50.021        0.672        267.347  8.4e-02        0.079     23.247       38.520       0.676
13200        48.227        0.675        269.388  8.4e-02        0.079     23.247       38.520       0.676
13300        48.608        0.672        271.429  8.3e-02        0.079     23.247       38.520       0.676
13400        49.700        0.675        273.469  8.3e-02        0.078     23.246       38.520       0.676
13500        52.471        0.675        275.510  8.3e-02        0.079     23.245       38.520       0.676
13600        45.778        0.678        277.551  8.3e-02        0.078     23.240       38.520       0.676
13700        51.355        0.673        279.592  8.3e-02        0.079     23.247       38.520       0.676
13800        49.284        0.675        281.633  8.3e-02        0.079     23.247       38.520       0.676
13900        47.956        0.673        283.673  8.3e-02        0.079     23.246       38.520       0.676
14000        44.114        0.677        285.714  8.3e-02        0.079     25.669       45.823       0.673
14100        49.251        0.671        287.755  8.2e-02        0.079     23.244       45.823       0.673
14200        40.988        0.678        289.796  8.2e-02        0.079     23.244       45.823       0.673
14300        51.763        0.672        291.837  8.2e-02        0.078     23.240       45.823       0.673
14400        44.936        0.675        293.878  8.2e-02        0.079     23.243       45.823       0.673
14500        49.615        0.674        295.918  8.2e-02        0.079     23.244       45.823       0.673
14600        45.503        0.675        297.959  8.2e-02        0.080     23.239       45.823       0.673
14700        47.963        0.673        300.000  8.2e-02        0.079     23.205       45.823       0.673
14800        47.794        0.673        302.041  8.2e-02        0.079     23.243       45.823       0.673
14900        46.957        0.674        304.082  8.1e-02        0.080     23.243       45.823       0.673
15000        50.202        0.675        306.122  8.1e-02        0.079     25.673       39.780       0.691
15100        46.214        0.673        308.163  8.1e-02        0.079     23.241       39.780       0.691
15200        47.560        0.673        310.204  8.1e-02        0.078     23.244       39.780       0.691
15300        47.994        0.671        312.245  8.1e-02        0.079     23.245       39.780       0.691
15400        48.060        0.673        314.286  8.1e-02        0.078     23.240       39.780       0.691
15500        46.836        0.675        316.327  8.1e-02        0.079     23.240       39.780       0.691
15600        45.612        0.672        318.367  8.1e-02        0.079     23.240       39.780       0.691
15700        43.054        0.676        320.408  8.0e-02        0.079     23.238       39.780       0.691
15800        47.793        0.672        322.449  8.0e-02        0.080     23.240       39.780       0.691
15900        44.633        0.675        324.490  8.0e-02        0.078     23.242       39.780       0.691
16000        48.667        0.673        326.531  8.0e-02        0.079     25.665       37.134       0.688
16100        44.653        0.674        328.571  8.0e-02        0.079     23.242       37.134       0.688
16200        47.422        0.671        330.612  8.0e-02        0.079     23.237       37.134       0.688
16300        46.465        0.675        332.653  8.0e-02        0.079     23.243       37.134       0.688
16400        53.880        0.674        334.694  8.0e-02        0.079     23.245       37.134       0.688
    t    train_loss    train_acc    train_epoch       lr    data_time    it_time    test_loss    test_acc
-----  ------------  -----------  -------------  -------  -----------  ---------  -----------  ----------
16500        48.596        0.673        336.735  7.9e-02        0.079     23.241       37.134       0.688
16600        45.032        0.672        338.776  7.9e-02        0.079     23.246       37.134       0.688
16700        44.370        0.677        340.816  7.9e-02        0.079     23.248       37.134       0.688
16800        43.624        0.674        342.857  7.9e-02        0.078     23.244       37.134       0.688
16900        42.969        0.679        344.898  7.9e-02        0.079     23.243       37.134       0.688
17000        51.720        0.672        346.939  7.9e-02        0.080     25.680       35.715       0.669
17100        44.296        0.673        348.980  7.9e-02        0.079     23.249       35.715       0.669
17200        50.423        0.673        351.020  7.9e-02        0.079     23.204       35.715       0.669
17300        45.820        0.674        353.061  7.8e-02        0.078     23.249       35.715       0.669
17400        45.084        0.673        355.102  7.8e-02        0.079     23.246       35.715       0.669
17500        44.678        0.673        357.143  7.8e-02        0.080     23.247       35.715       0.669
17600        44.518        0.676        359.184  7.8e-02        0.079     23.248       35.715       0.669
17700        44.836        0.674        361.224  7.8e-02        0.079     23.242       35.715       0.669
17800        43.008        0.673        363.265  7.8e-02        0.079     23.248       35.715       0.669
17900        45.226        0.672        365.306  7.8e-02        0.079     23.245       35.715       0.669
18000        56.048        0.668        367.347  7.8e-02        0.079     25.670       51.847       0.692
18100        42.531        0.680        369.388  7.7e-02        0.079     23.238       51.847       0.692
18200        48.720        0.670        371.429  7.7e-02        0.079     23.242       51.847       0.692
18300        46.430        0.676        373.469  7.7e-02        0.079     23.243       51.847       0.692
18400        42.449        0.673        375.510  7.7e-02        0.080     23.242       51.847       0.692
18500        47.027        0.675        377.551  7.7e-02        0.079     23.242       51.847       0.692
18600        41.688        0.676        379.592  7.7e-02        0.079     23.237       51.847       0.692
18700        43.847        0.674        381.633  7.7e-02        0.079     23.242       51.847       0.692
18800        44.986        0.675        383.673  7.7e-02        0.079     23.241       51.847       0.692
18900        43.831        0.675        385.714  7.6e-02        0.079     23.243       51.847       0.692
19000        39.626        0.675        387.755  7.6e-02        0.079     25.671       37.448       0.679
19100        41.874        0.676        389.796  7.6e-02        0.080     23.243       37.448       0.679
19200        42.202        0.674        391.837  7.6e-02        0.079     23.239       37.448       0.679
19300        43.660        0.673        393.878  7.6e-02        0.078     23.244       37.448       0.679
19400        46.589        0.671        395.918  7.6e-02        0.079     23.244       37.448       0.679
19500        42.715        0.675        397.959  7.6e-02        0.080     23.242       37.448       0.679
19600        39.326        0.675        400.000  7.6e-02        0.079     23.199       37.448       0.679
19700        43.869        0.672        402.041  7.5e-02        0.079     23.234       37.448       0.679
19800        41.924        0.675        404.082  7.5e-02        0.079     23.242       37.448       0.679
19900        43.021        0.673        406.122  7.5e-02        0.079     23.240       37.448       0.679
20000        45.822        0.673        408.163  7.5e-02        0.078     25.668       41.949       0.701
20100        41.847        0.674        410.204  7.5e-02        0.079     23.240       41.949       0.701
20200        44.358        0.675        412.245  7.5e-02        0.079     23.239       41.949       0.701
20300        42.865        0.675        414.286  7.5e-02        0.080     23.237       41.949       0.701
20400        44.370        0.673        416.327  7.5e-02        0.079     23.238       41.949       0.701
20500        43.314        0.674        418.367  7.4e-02        0.080     23.235       41.949       0.701
    t    train_loss    train_acc    train_epoch       lr    data_time    it_time    test_loss    test_acc
-----  ------------  -----------  -------------  -------  -----------  ---------  -----------  ----------
20600        39.759        0.674        420.408  7.4e-02        0.080     23.239       41.949       0.701
20700        46.861        0.672        422.449  7.4e-02        0.080     23.242       41.949       0.701
20800        42.121        0.676        424.490  7.4e-02        0.080     23.244       41.949       0.701
20900        46.617        0.671        426.531  7.4e-02        0.079     23.243       41.949       0.701
21000        43.781        0.673        428.571  7.4e-02        0.080     25.674       53.208       0.655
21100        42.087        0.677        430.612  7.4e-02        0.080     23.244       53.208       0.655
21200        44.162        0.676        432.653  7.4e-02        0.080     23.244       53.208       0.655
21300        39.879        0.674        434.694  7.3e-02        0.080     23.244       53.208       0.655
21400        42.674        0.673        436.735  7.3e-02        0.080     23.244       53.208       0.655
21500        42.702        0.673        438.776  7.3e-02        0.080     23.239       53.208       0.655
21600        40.602        0.677        440.816  7.3e-02        0.081     23.241       53.208       0.655
21700        46.754        0.672        442.857  7.3e-02        0.080     23.243       53.208       0.655
21800        43.434        0.677        444.898  7.3e-02        0.080     23.241       53.208       0.655
21900        41.541        0.675        446.939  7.3e-02        0.080     23.237       53.208       0.655
22000        45.808        0.674        448.980  7.3e-02        0.078     25.673       41.451       0.690
22100        42.069        0.675        451.020  7.2e-02        0.080     23.199       41.451       0.690
22200        40.045        0.675        453.061  7.2e-02        0.079     23.239       41.451       0.690
22300        40.529        0.675        455.102  7.2e-02        0.078     23.240       41.451       0.690
22400        38.604        0.675        457.143  7.2e-02        0.079     23.236       41.451       0.690
22500        40.044        0.674        459.184  7.2e-02        0.079     23.240       41.451       0.690
22600        43.312        0.672        461.224  7.2e-02        0.079     23.235       41.451       0.690
22700        43.058        0.673        463.265  7.2e-02        0.078     23.240       41.451       0.690
22800        44.537        0.674        465.306  7.2e-02        0.078     23.238       41.451       0.690
22900        44.531        0.672        467.347  7.1e-02        0.079     23.241       41.451       0.690
23000        39.937        0.675        469.388  7.1e-02        0.079     25.670       50.478       0.696
23100        42.849        0.674        471.429  7.1e-02        0.079     23.242       50.478       0.696
23200        38.174        0.678        473.469  7.1e-02        0.079     23.247       50.478       0.696
23300        38.753        0.674        475.510  7.1e-02        0.079     23.243       50.478       0.696
23400        40.129        0.676        477.551  7.1e-02        0.079     23.244       50.478       0.696
23500        38.774        0.674        479.592  7.1e-02        0.079     23.249       50.478       0.696
23600        40.944        0.672        481.633  7.1e-02        0.079     23.243       50.478       0.696
23700        40.614        0.675        483.673  7.0e-02        0.079     23.242       50.478       0.696
23800        41.541        0.673        485.714  7.0e-02        0.079     23.240       50.478       0.696
23900        40.612        0.671        487.755  7.0e-02        0.079     23.240       50.478       0.696
24000        38.451        0.673        489.796  7.0e-02        0.079     25.666       61.943       0.668
24100        40.382        0.676        491.837  7.0e-02        0.080     23.240       61.943       0.668
24200        42.470        0.673        493.878  7.0e-02        0.080     23.240       61.943       0.668
24300        40.379        0.674        495.918  7.0e-02        0.081     23.237       61.943       0.668
24400        40.543        0.678        497.959  7.0e-02        0.081     23.241       61.943       0.668
24500        40.038        0.675        500.000  6.9e-02        0.079     23.197       61.943       0.668
24600        39.322        0.675        502.041  6.9e-02        0.079     23.241       61.943       0.668
    t    train_loss    train_acc    train_epoch       lr    data_time    it_time    test_loss    test_acc
-----  ------------  -----------  -------------  -------  -----------  ---------  -----------  ----------
24700        37.190        0.674        504.082  6.9e-02        0.079     23.240       61.943       0.668
24800        36.024        0.677        506.122  6.9e-02        0.078     23.244       61.943       0.668
24900        40.624        0.674        508.163  6.9e-02        0.079     23.245       61.943       0.668
25000        41.656        0.673        510.204  6.9e-02        0.078     25.678       41.574       0.683
25100        39.087        0.676        512.245  6.9e-02        0.080     23.243       41.574       0.683
25200        37.748        0.676        514.286  6.9e-02        0.079     23.247       41.574       0.683
25300        35.103        0.678        516.327  6.8e-02        0.079     23.241       41.574       0.683
25400        37.632        0.673        518.367  6.8e-02        0.079     23.243       41.574       0.683
25500        38.989        0.674        520.408  6.8e-02        0.079     23.238       41.574       0.683
25600        39.129        0.672        522.449  6.8e-02        0.081     23.243       41.574       0.683
25700        36.325        0.676        524.490  6.8e-02        0.079     23.245       41.574       0.683
25800        43.509        0.671        526.531  6.8e-02        0.079     23.246       41.574       0.683
25900        38.266        0.672        528.571  6.8e-02        0.079     23.241       41.574       0.683
26000        36.825        0.673        530.612  6.8e-02        0.080     25.662       63.449       0.661
26100        38.409        0.678        532.653  6.7e-02        0.079     23.238       63.449       0.661
26200        40.366        0.670        534.694  6.7e-02        0.079     23.239       63.449       0.661
26300        37.595        0.674        536.735  6.7e-02        0.079     23.241       63.449       0.661
26400        39.972        0.676        538.776  6.7e-02        0.080     23.240       63.449       0.661
26500        39.365        0.674        540.816  6.7e-02        0.079     23.237       63.449       0.661
26600        35.899        0.678        542.857  6.7e-02        0.079     23.240       63.449       0.661
26700        35.106        0.674        544.898  6.7e-02        0.079     23.237       63.449       0.661
26800        35.442        0.676        546.939  6.7e-02        0.080     23.243       63.449       0.661
26900        37.535        0.673        548.980  6.6e-02        0.079     23.238       63.449       0.661
27000        39.286        0.673        551.020  6.6e-02        0.080     25.624       47.135       0.696
27100        37.547        0.676        553.061  6.6e-02        0.079     23.243       47.135       0.696
27200        38.901        0.671        555.102  6.6e-02        0.079     23.239       47.135       0.696
27300        37.398        0.674        557.143  6.6e-02        0.079     23.241       47.135       0.696
27400        37.853        0.675        559.184  6.6e-02        0.079     23.241       47.135       0.696
27500        35.125        0.675        561.224  6.6e-02        0.079     23.240       47.135       0.696
27600        34.461        0.679        563.265  6.6e-02        0.079     23.237       47.135       0.696
27700        37.739        0.673        565.306  6.5e-02        0.079     23.236       47.135       0.696
27800        39.974        0.673        567.347  6.5e-02        0.079     23.237       47.135       0.696
27900        36.635        0.674        569.388  6.5e-02        0.079     23.233       47.135       0.696
28000        35.719        0.675        571.429  6.5e-02        0.079     25.666       33.889       0.701
28100        40.512        0.672        573.469  6.5e-02        0.079     23.237       33.889       0.701
28200        37.045        0.676        575.510  6.5e-02        0.080     23.234       33.889       0.701
28300        35.453        0.672        577.551  6.5e-02        0.079     23.235       33.889       0.701
28400        35.989        0.677        579.592  6.5e-02        0.079     23.236       33.889       0.701
28500        34.960        0.674        581.633  6.4e-02        0.079     23.238       33.889       0.701
28600        38.171        0.673        583.673  6.4e-02        0.079     23.237       33.889       0.701
28700        33.062        0.675        585.714  6.4e-02        0.079     23.235       33.889       0.701
    t    train_loss    train_acc    train_epoch       lr    data_time    it_time    test_loss    test_acc
-----  ------------  -----------  -------------  -------  -----------  ---------  -----------  ----------
28800        37.051        0.676        587.755  6.4e-02        0.079     23.231       33.889       0.701
28900        36.883        0.678        589.796  6.4e-02        0.079     23.239       33.889       0.701
29000        38.027        0.674        591.837  6.4e-02        0.079     25.665       35.522       0.674
29100        34.847        0.673        593.878  6.4e-02        0.079     23.243       35.522       0.674
29200        37.302        0.674        595.918  6.4e-02        0.079     23.245       35.522       0.674
29300        35.730        0.676        597.959  6.3e-02        0.080     23.246       35.522       0.674
29400        33.832        0.675        600.000  6.3e-02        0.079     23.205       35.522       0.674
29500        35.772        0.676        602.041  6.3e-02        0.080     23.245       35.522       0.674
29600        40.180        0.673        604.082  6.3e-02        0.080     23.239       35.522       0.674
29700        37.093        0.675        606.122  6.3e-02        0.080     23.239       35.522       0.674
29800        33.787        0.676        608.163  6.3e-02        0.079     23.241       35.522       0.674
29900        32.391        0.676        610.204  6.3e-02        0.079     23.245       35.522       0.674
30000        37.227        0.675        612.245  6.3e-02        0.080     25.673       28.236       0.714
30100        32.938        0.676        614.286  6.2e-02        0.081     23.243       28.236       0.714
30200        36.502        0.674        616.327  6.2e-02        0.080     23.243       28.236       0.714
30300        38.092        0.672        618.367  6.2e-02        0.079     23.241       28.236       0.714
30400        35.169        0.672        620.408  6.2e-02        0.079     23.238       28.236       0.714
30500        34.629        0.676        622.449  6.2e-02        0.079     23.241       28.236       0.714
30600        34.880        0.673        624.490  6.2e-02        0.079     23.241       28.236       0.714
30700        30.685        0.677        626.531  6.2e-02        0.080     23.241       28.236       0.714
30800        39.134        0.672        628.571  6.2e-02        0.080     23.241       28.236       0.714
30900        33.553        0.675        630.612  6.1e-02        0.080     23.241       28.236       0.714
31000        35.124        0.672        632.653  6.1e-02        0.081     25.671       31.458       0.720
31100        34.155        0.674        634.694  6.1e-02        0.080     23.239       31.458       0.720
31200        35.648        0.676        636.735  6.1e-02        0.080     23.242       31.458       0.720
31300        34.266        0.675        638.776  6.1e-02        0.080     23.241       31.458       0.720
31400        36.655        0.673        640.816  6.1e-02        0.081     23.240       31.458       0.720
31500        33.797        0.676        642.857  6.1e-02        0.079     23.242       31.458       0.720
31600        33.421        0.677        644.898  6.1e-02        0.079     23.242       31.458       0.720
31700        33.347        0.677        646.939  6.0e-02        0.081     23.239       31.458       0.720
31800        36.614        0.672        648.980  6.0e-02        0.079     23.239       31.458       0.720
31900        33.840        0.672        651.020  6.0e-02        0.079     23.195       31.458       0.720
32000        32.414        0.677        653.061  6.0e-02        0.079     25.657       40.335       0.676
32100        37.127        0.672        655.102  6.0e-02        0.079     23.235       40.335       0.676
32200        34.568        0.674        657.143  6.0e-02        0.079     23.235       40.335       0.676
32300        34.508        0.674        659.184  6.0e-02        0.079     23.236       40.335       0.676
32400        34.018        0.677        661.224  6.0e-02        0.079     23.239       40.335       0.676
32500        31.974        0.674        663.265  5.9e-02        0.079     23.239       40.335       0.676
32600        33.325        0.676        665.306  5.9e-02        0.080     23.237       40.335       0.676
32700        30.707        0.675        667.347  5.9e-02        0.079     23.237       40.335       0.676
32800        34.315        0.675        669.388  5.9e-02        0.080     23.231       40.335       0.676
    t    train_loss    train_acc    train_epoch       lr    data_time    it_time    test_loss    test_acc
-----  ------------  -----------  -------------  -------  -----------  ---------  -----------  ----------
32900        31.431        0.675        671.429  5.9e-02        0.079     23.238       40.335       0.676
33000        35.606        0.673        673.469  5.9e-02        0.079     25.670       39.183       0.703
33100        38.292        0.676        675.510  5.9e-02        0.079     23.242       39.183       0.703
33200        40.320        0.672        677.551  5.9e-02        0.079     23.239       39.183       0.703
33300        33.207        0.673        679.592  5.8e-02        0.079     23.240       39.183       0.703
33400        34.575        0.677        681.633  5.8e-02        0.079     23.240       39.183       0.703
33500        32.832        0.674        683.673  5.8e-02        0.079     23.244       39.183       0.703
33600        33.627        0.677        685.714  5.8e-02        0.079     23.244       39.183       0.703
33700        32.575        0.674        687.755  5.8e-02        0.079     23.243       39.183       0.703
33800        34.921        0.673        689.796  5.8e-02        0.079     23.245       39.183       0.703
33900        30.175        0.679        691.837  5.8e-02        0.079     23.245       39.183       0.703
34000        32.395        0.675        693.878  5.8e-02        0.079     25.671       27.205       0.668
34100        33.010        0.672        695.918  5.7e-02        0.079     23.248       27.205       0.668
34200        31.462        0.676        697.959  5.7e-02        0.081     23.243       27.205       0.668
34300        33.005        0.675        700.000  5.7e-02        0.079     23.205       27.205       0.668
34400        31.868        0.673        702.041  5.7e-02        0.079     23.243       27.205       0.668
34500        31.679        0.678        704.082  5.7e-02        0.079     23.242       27.205       0.668
34600        34.720        0.671        706.122  5.7e-02        0.079     23.240       27.205       0.668
34700        32.657        0.676        708.163  5.7e-02        0.080     23.239       27.205       0.668
34800        31.610        0.677        710.204  5.7e-02        0.079     23.244       27.205       0.668
34900        31.121        0.676        712.245  5.6e-02        0.079     23.242       27.205       0.668
35000        34.421        0.672        714.286  5.6e-02        0.079     25.673       28.657       0.704
35100        31.243        0.678        716.327  5.6e-02        0.079     23.239       28.657       0.704
35200        30.099        0.676        718.367  5.6e-02        0.080     23.240       28.657       0.704
35300        32.325        0.676        720.408  5.6e-02        0.079     23.242       28.657       0.704
35400        31.450        0.674        722.449  5.6e-02        0.080     23.241       28.657       0.704
35500        31.900        0.676        724.490  5.6e-02        0.081     23.241       28.657       0.704
35600        31.850        0.675        726.531  5.6e-02        0.079     23.242       28.657       0.704
35700        30.160        0.675        728.571  5.5e-02        0.079     23.241       28.657       0.704
35800        28.649        0.680        730.612  5.5e-02        0.080     23.237       28.657       0.704
35900        31.341        0.674        732.653  5.5e-02        0.080     23.238       28.657       0.704
36000        32.549        0.672        734.694  5.5e-02        0.079     25.667       32.598       0.696
36100        32.625        0.676        736.735  5.5e-02        0.079     23.237       32.598       0.696
36200        30.081        0.674        738.776  5.5e-02        0.079     23.237       32.598       0.696
36300        30.921        0.674        740.816  5.5e-02        0.079     23.234       32.598       0.696
36400        32.962        0.677        742.857  5.5e-02        0.079     23.238       32.598       0.696
36500        30.975        0.676        744.898  5.4e-02        0.081     23.234       32.598       0.696
36600        30.619        0.677        746.939  5.4e-02        0.082     23.240       32.598       0.696
36700        31.123        0.675        748.980  5.4e-02        0.080     23.239       32.598       0.696
36800        30.941        0.677        751.020  5.4e-02        0.079     23.198       32.598       0.696
36900        29.002        0.677        753.061  5.4e-02        0.080     23.236       32.598       0.696
    t    train_loss    train_acc    train_epoch       lr    data_time    it_time    test_loss    test_acc
-----  ------------  -----------  -------------  -------  -----------  ---------  -----------  ----------
37000        31.021        0.674        755.102  5.4e-02        0.079     25.658       35.217       0.673
37100        29.927        0.677        757.143  5.4e-02        0.080     23.246       35.217       0.673
37200        31.032        0.675        759.184  5.4e-02        0.080     23.247       35.217       0.673
37300        28.737        0.673        761.224  5.3e-02        0.080     23.247       35.217       0.673
37400        33.086        0.676        763.265  5.3e-02        0.079     23.250       35.217       0.673
37500        28.982        0.675        765.306  5.3e-02        0.080     23.244       35.217       0.673
37600        29.601        0.677        767.347  5.3e-02        0.080     23.245       35.217       0.673
37700        27.180        0.675        769.388  5.3e-02        0.080     23.245       35.217       0.673
37800        33.397        0.671        771.429  5.3e-02        0.080     23.245       35.217       0.673
37900        28.624        0.677        773.469  5.3e-02        0.079     23.245       35.217       0.673
38000        30.665        0.673        775.510  5.3e-02        0.079     25.679       34.224       0.712
38100        31.695        0.676        777.551  5.2e-02        0.080     23.247       34.224       0.712
38200        31.479        0.673        779.592  5.2e-02        0.079     23.246       34.224       0.712
38300        27.585        0.676        781.633  5.2e-02        0.079     23.246       34.224       0.712
38400        30.956        0.676        783.673  5.2e-02        0.079     23.249       34.224       0.712
38500        31.066        0.674        785.714  5.2e-02        0.079     23.247       34.224       0.712
38600        30.493        0.676        787.755  5.2e-02        0.080     23.247       34.224       0.712
38700        30.975        0.674        789.796  5.2e-02        0.080     23.246       34.224       0.712
38800        29.749        0.673        791.837  5.2e-02        0.080     23.248       34.224       0.712
38900        28.327        0.675        793.878  5.1e-02        0.080     23.245       34.224       0.712
39000        27.727        0.677        795.918  5.1e-02        0.079     25.671       31.849       0.688
39100        26.669        0.679        797.959  5.1e-02        0.080     23.239       31.849       0.688
39200        29.647        0.672        800.000  5.1e-02        0.079     23.202       31.849       0.688
39300        29.054        0.675        802.041  5.1e-02        0.079     23.242       31.849       0.688
39400        28.810        0.674        804.082  5.1e-02        0.080     23.240       31.849       0.688
39500        29.491        0.677        806.122  5.1e-02        0.079     23.242       31.849       0.688
39600        29.470        0.673        808.163  5.1e-02        0.079     23.237       31.849       0.688
39700        27.330        0.679        810.204  5.0e-02        0.079     23.243       31.849       0.688
39800        27.211        0.678        812.245  5.0e-02        0.079     23.236       31.849       0.688
39900        28.758        0.673        814.286  5.0e-02        0.079     23.243       31.849       0.688
40000        27.750        0.676        816.327  5.0e-02        0.079     25.672       20.620       0.704
40100        29.816        0.674        818.367  5.0e-02        0.080     23.234       20.620       0.704
40200        26.614        0.677        820.408  5.0e-02        0.079     23.236       20.620       0.704
40300        26.720        0.678        822.449  5.0e-02        0.079     23.232       20.620       0.704
40400        26.415        0.675        824.490  5.0e-02        0.079     23.236       20.620       0.704
40500        30.668        0.674        826.531  4.9e-02        0.079     23.233       20.620       0.704
40600        30.046        0.672        828.571  4.9e-02        0.080     23.237       20.620       0.704
40700        26.919        0.676        830.612  4.9e-02        0.080     23.235       20.620       0.704
40800        28.015        0.676        832.653  4.9e-02        0.080     23.234       20.620       0.704
40900        26.694        0.675        834.694  4.9e-02        0.079     23.238       20.620       0.704
41000        25.347        0.677        836.735  4.9e-02        0.079     25.690       32.182       0.633
    t    train_loss    train_acc    train_epoch       lr    data_time    it_time    test_loss    test_acc
-----  ------------  -----------  -------------  -------  -----------  ---------  -----------  ----------
41100        29.903        0.672        838.776  4.9e-02        0.079     23.237       32.182       0.633
41200        26.781        0.676        840.816  4.9e-02        0.080     23.241       32.182       0.633
41300        26.960        0.674        842.857  4.8e-02        0.079     23.246       32.182       0.633
41400        28.240        0.673        844.898  4.8e-02        0.079     23.242       32.182       0.633
41500        29.990        0.676        846.939  4.8e-02        0.081     23.247       32.182       0.633
41600        28.868        0.674        848.980  4.8e-02        0.080     23.245       32.182       0.633
41700        26.340        0.675        851.020  4.8e-02        0.079     23.207       32.182       0.633
41800        25.418        0.676        853.061  4.8e-02        0.079     23.245       32.182       0.633
41900        25.944        0.675        855.102  4.8e-02        0.080     23.245       32.182       0.633
42000        25.287        0.675        857.143  4.8e-02        0.079     25.709       28.240       0.666
42100        25.078        0.677        859.184  4.7e-02        0.080     23.245       28.240       0.666
42200        26.088        0.675        861.224  4.7e-02        0.079     23.244       28.240       0.666
42300        26.553        0.675        863.265  4.7e-02        0.079     23.244       28.240       0.666
42400        25.887        0.674        865.306  4.7e-02        0.079     23.244       28.240       0.666
42500        25.335        0.678        867.347  4.7e-02        0.079     23.244       28.240       0.666
42600        25.115        0.675        869.388  4.7e-02        0.079     23.245       28.240       0.666
42700        27.521        0.671        871.429  4.7e-02        0.080     23.241       28.240       0.666
42800        27.322        0.676        873.469  4.7e-02        0.079     23.245       28.240       0.666
42900        27.151        0.672        875.510  4.6e-02        0.080     23.243       28.240       0.666
43000        26.762        0.676        877.551  4.6e-02        0.080     25.673       28.103       0.679
43100        27.583        0.675        879.592  4.6e-02        0.079     23.247       28.103       0.679
43200        25.097        0.674        881.633  4.6e-02        0.079     23.245       28.103       0.679
43300        26.860        0.675        883.673  4.6e-02        0.079     23.246       28.103       0.679
43400        26.546        0.673        885.714  4.6e-02        0.079     23.240       28.103       0.679
43500        26.764        0.676        887.755  4.6e-02        0.079     23.246       28.103       0.679
43600        25.610        0.676        889.796  4.6e-02        0.080     23.240       28.103       0.679
43700        24.791        0.678        891.837  4.5e-02        0.080     23.244       28.103       0.679
43800        24.928        0.675        893.878  4.5e-02        0.080     23.240       28.103       0.679
43900        24.708        0.676        895.918  4.5e-02        0.080     23.245       28.103       0.679
44000        25.415        0.675        897.959  4.5e-02        0.081     25.702       25.396       0.654
44100        25.648        0.674        900.000  4.5e-02        0.079     23.198       25.396       0.654
44200        26.091        0.675        902.041  4.5e-02        0.080     23.239       25.396       0.654
44300        27.584        0.674        904.082  4.5e-02        0.079     23.237       25.396       0.654
44400        26.166        0.675        906.122  4.5e-02        0.079     23.238       25.396       0.654
44500        25.838        0.672        908.163  4.4e-02        0.080     23.238       25.396       0.654
44600        24.249        0.676        910.204  4.4e-02        0.079     23.240       25.396       0.654
44700        25.609        0.674        912.245  4.4e-02        0.079     23.261       25.396       0.654
44800        28.946        0.677        914.286  4.4e-02        0.079     23.240       25.396       0.654
44900        26.218        0.672        916.327  4.4e-02        0.080     23.233       25.396       0.654
45000        24.073        0.676        918.367  4.4e-02        0.080     25.671       25.272       0.682
45100        27.468        0.675        920.408  4.4e-02        0.080     23.234       25.272       0.682
    t    train_loss    train_acc    train_epoch       lr    data_time    it_time    test_loss    test_acc
-----  ------------  -----------  -------------  -------  -----------  ---------  -----------  ----------
45200        24.113        0.676        922.449  4.4e-02        0.080     23.241       25.272       0.682
45300        24.716        0.678        924.490  4.3e-02        0.080     23.244       25.272       0.682
45400        24.654        0.676        926.531  4.3e-02        0.080     23.245       25.272       0.682
45500        24.272        0.676        928.571  4.3e-02        0.079     23.245       25.272       0.682
45600        23.748        0.676        930.612  4.3e-02        0.079     23.246       25.272       0.682
45700        25.793        0.675        932.653  4.3e-02        0.080     23.242       25.272       0.682
45800        25.735        0.676        934.694  4.3e-02        0.079     23.245       25.272       0.682
45900        26.500        0.674        936.735  4.3e-02        0.080     23.244       25.272       0.682
46000        23.300        0.676        938.776  4.3e-02        0.079     25.674       24.587       0.671
46100        23.684        0.676        940.816  4.2e-02        0.079     23.241       24.587       0.671
46200        23.351        0.677        942.857  4.2e-02        0.079     23.242       24.587       0.671
46300        24.336        0.676        944.898  4.2e-02        0.079     23.240       24.587       0.671
46400        24.201        0.676        946.939  4.2e-02        0.081     23.241       24.587       0.671
46500        23.059        0.676        948.980  4.2e-02        0.080     23.244       24.587       0.671
46600        21.854        0.677        951.020  4.2e-02        0.079     23.206       24.587       0.671
46700        22.553        0.676        953.061  4.2e-02        0.080     23.243       24.587       0.671
46800        23.663        0.676        955.102  4.2e-02        0.079     23.242       24.587       0.671
46900        22.816        0.676        957.143  4.1e-02        0.080     23.238       24.587       0.671
47000        25.089        0.673        959.184  4.1e-02        0.081     25.662       24.607       0.695
47100        25.055        0.676        961.224  4.1e-02        0.080     23.240       24.607       0.695
47200        22.051        0.677        963.265  4.1e-02        0.080     23.239       24.607       0.695
47300        23.054        0.674        965.306  4.1e-02        0.079     23.242       24.607       0.695
47400        23.862        0.676        967.347  4.1e-02        0.079     23.244       24.607       0.695
47500        23.404        0.675        969.388  4.1e-02        0.079     23.242       24.607       0.695
47600        23.509        0.675        971.429  4.1e-02        0.079     23.236       24.607       0.695
47700        23.560        0.677        973.469  4.0e-02        0.080     23.239       24.607       0.695
47800        23.353        0.677        975.510  4.0e-02        0.079     23.243       24.607       0.695
47900        24.049        0.675        977.551  4.0e-02        0.079     23.243       24.607       0.695
48000        21.811        0.675        979.592  4.0e-02        0.079     25.674       22.175       0.663
48100        24.704        0.676        981.633  4.0e-02        0.080     23.240       22.175       0.663
48200        22.627        0.675        983.673  4.0e-02        0.080     23.232       22.175       0.663
48300        22.303        0.678        985.714  4.0e-02        0.080     23.232       22.175       0.663
48400        22.736        0.676        987.755  4.0e-02        0.079     23.233       22.175       0.663
48500        22.195        0.676        989.796  3.9e-02        0.080     23.233       22.175       0.663
48600        22.600        0.677        991.837  3.9e-02        0.080     23.233       22.175       0.663
48700        22.570        0.676        993.878  3.9e-02        0.079     23.231       22.175       0.663
48800        22.424        0.677        995.918  3.9e-02        0.080     23.236       22.175       0.663
48900        21.334        0.675        997.959  3.9e-02        0.080     23.231       22.175       0.663
49000        24.104        0.675       1000.000  3.9e-02        0.079     25.618       25.186       0.668
49100        21.342        0.678       1002.041  3.9e-02        0.080     23.234       25.186       0.668
49200        24.172        0.674       1004.082  3.9e-02        0.079     23.234       25.186       0.668
    t    train_loss    train_acc    train_epoch       lr    data_time    it_time    test_loss    test_acc
-----  ------------  -----------  -------------  -------  -----------  ---------  -----------  ----------
49300        23.932        0.673       1006.122  3.8e-02        0.080     23.232       25.186       0.668
49400        22.323        0.678       1008.163  3.8e-02        0.079     23.239       25.186       0.668
49500        19.692        0.679       1010.204  3.8e-02        0.079     23.241       25.186       0.668
49600        21.354        0.675       1012.245  3.8e-02        0.079     23.240       25.186       0.668
49700        20.619        0.677       1014.286  3.8e-02        0.080     23.241       25.186       0.668
49800        22.701        0.673       1016.327  3.8e-02        0.079     23.237       25.186       0.668
49900        24.357        0.672       1018.367  3.8e-02        0.080     23.241       25.186       0.668
50000        22.846        0.677       1020.408  3.8e-02        0.079     25.662       23.589       0.692
50100        20.964        0.677       1022.449  3.7e-02        0.080     23.242       23.589       0.692
50200        20.885        0.677       1024.490  3.7e-02        0.080     23.237       23.589       0.692
50300        21.280        0.676       1026.531  3.7e-02        0.079     23.240       23.589       0.692
50400        20.173        0.676       1028.571  3.7e-02        0.079     23.241       23.589       0.692
50500        20.899        0.676       1030.612  3.7e-02        0.079     23.237       23.589       0.692
50600        21.650        0.675       1032.653  3.7e-02        0.079     23.239       23.589       0.692
50700        22.634        0.673       1034.694  3.7e-02        0.079     23.238       23.589       0.692
50800        21.714        0.674       1036.735  3.7e-02        0.080     23.241       23.589       0.692
50900        19.513        0.679       1038.776  3.6e-02        0.079     23.241       23.589       0.692
51000        22.246        0.674       1040.816  3.6e-02        0.080     25.663       23.667       0.691
51100        21.411        0.675       1042.857  3.6e-02        0.080     23.237       23.667       0.691
51200        20.288        0.679       1044.898  3.6e-02        0.079     23.241       23.667       0.691
51300        19.844        0.677       1046.939  3.6e-02        0.081     23.238       23.667       0.691
51400        20.093        0.675       1048.980  3.6e-02        0.079     23.236       23.667       0.691
51500        22.306        0.676       1051.020  3.6e-02        0.079     23.202       23.667       0.691
51600        20.137        0.678       1053.061  3.6e-02        0.079     23.239       23.667       0.691
51700        20.511        0.677       1055.102  3.5e-02        0.079     23.240       23.667       0.691
51800        21.313        0.675       1057.143  3.5e-02        0.079     23.236       23.667       0.691
51900        19.205        0.679       1059.184  3.5e-02        0.079     23.242       23.667       0.691
52000        20.434        0.677       1061.224  3.5e-02        0.080     25.673       20.507       0.675
52100        21.537        0.673       1063.265  3.5e-02        0.080     23.243       20.507       0.675
52200        19.610        0.677       1065.306  3.5e-02        0.081     23.244       20.507       0.675
52300        18.501        0.678       1067.347  3.5e-02        0.080     23.241       20.507       0.675
52400        17.734        0.680       1069.388  3.5e-02        0.080     23.239       20.507       0.675
52500        19.072        0.676       1071.429  3.4e-02        0.080     23.236       20.507       0.675
52600        20.162        0.674       1073.469  3.4e-02        0.079     23.238       20.507       0.675
52700        18.387        0.674       1075.510  3.4e-02        0.079     23.238       20.507       0.675
52800        19.171        0.676       1077.551  3.4e-02        0.080     23.240       20.507       0.675
52900        19.153        0.676       1079.592  3.4e-02        0.080     23.238       20.507       0.675
53000        20.869        0.675       1081.633  3.4e-02        0.079     25.661       17.416       0.689
53100        18.103        0.679       1083.673  3.4e-02        0.079     23.237       17.416       0.689
53200        19.689        0.675       1085.714  3.4e-02        0.080     23.238       17.416       0.689
53300        17.226        0.679       1087.755  3.3e-02        0.079     23.232       17.416       0.689
    t    train_loss    train_acc    train_epoch       lr    data_time    it_time    test_loss    test_acc
-----  ------------  -----------  -------------  -------  -----------  ---------  -----------  ----------
53400        18.598        0.676       1089.796  3.3e-02        0.080     23.234       17.416       0.689
53500        19.516        0.676       1091.837  3.3e-02        0.079     23.240       17.416       0.689
53600        18.886        0.678       1093.878  3.3e-02        0.080     23.243       17.416       0.689
53700        19.138        0.675       1095.918  3.3e-02        0.080     23.242       17.416       0.689
53800        17.836        0.678       1097.959  3.3e-02        0.081     23.244       17.416       0.689
53900        17.829        0.675       1100.000  3.3e-02        0.079     23.200       17.416       0.689
54000        19.614        0.677       1102.041  3.3e-02        0.080     25.663       17.231       0.704
54100        18.494        0.676       1104.082  3.2e-02        0.080     23.242       17.231       0.704
54200        17.753        0.678       1106.122  3.2e-02        0.080     23.240       17.231       0.704
54300        17.081        0.677       1108.163  3.2e-02        0.079     23.242       17.231       0.704
54400        17.282        0.677       1110.204  3.2e-02        0.080     23.244       17.231       0.704
54500        19.944        0.674       1112.245  3.2e-02        0.080     23.240       17.231       0.704
54600        17.049        0.676       1114.286  3.2e-02        0.079     23.242       17.231       0.704
54700        16.235        0.678       1116.327  3.2e-02        0.080     23.243       17.231       0.704
54800        16.735        0.678       1118.367  3.2e-02        0.079     23.241       17.231       0.704
54900        16.335        0.679       1120.408  3.1e-02        0.079     23.242       17.231       0.704
55000        17.549        0.676       1122.449  3.1e-02        0.079     25.673       19.393       0.665
55100        17.842        0.678       1124.490  3.1e-02        0.080     23.244       19.393       0.665
55200        17.225        0.676       1126.531  3.1e-02        0.080     23.243       19.393       0.665
55300        16.475        0.679       1128.571  3.1e-02        0.080     23.243       19.393       0.665
55400        17.068        0.676       1130.612  3.1e-02        0.080     23.245       19.393       0.665
55500        17.284        0.676       1132.653  3.1e-02        0.079     23.243       19.393       0.665
55600        16.380        0.676       1134.694  3.1e-02        0.079     23.243       19.393       0.665
55700        17.142        0.677       1136.735  3.0e-02        0.079     23.244       19.393       0.665
55800        17.434        0.678       1138.776  3.0e-02        0.080     23.245       19.393       0.665
55900        16.516        0.676       1140.816  3.0e-02        0.080     23.243       19.393       0.665
56000        15.972        0.675       1142.857  3.0e-02        0.080     25.663       14.565       0.686
56100        17.160        0.676       1144.898  3.0e-02        0.079     23.242       14.565       0.686
56200        16.941        0.678       1146.939  3.0e-02        0.081     23.239       14.565       0.686
56300        16.317        0.677       1148.980  3.0e-02        0.079     23.238       14.565       0.686
56400        16.205        0.680       1151.020  3.0e-02        0.079     23.201       14.565       0.686
56500        16.997        0.677       1153.061  2.9e-02        0.079     23.237       14.565       0.686
56600        15.533        0.678       1155.102  2.9e-02        0.079     23.237       14.565       0.686
56700        15.815        0.680       1157.143  2.9e-02        0.079     23.235       14.565       0.686
56800        17.862        0.674       1159.184  2.9e-02        0.079     23.237       14.565       0.686
56900        16.418        0.677       1161.224  2.9e-02        0.079     23.239       14.565       0.686
57000        16.100        0.677       1163.265  2.9e-02        0.080     25.649       18.185       0.668
57100        14.677        0.675       1165.306  2.9e-02        0.080     23.233       18.185       0.668
57200        16.259        0.677       1167.347  2.9e-02        0.079     23.237       18.185       0.668
57300        15.959        0.675       1169.388  2.8e-02        0.079     23.237       18.185       0.668
57400        16.820        0.677       1171.429  2.8e-02        0.079     23.232       18.185       0.668
    t    train_loss    train_acc    train_epoch       lr    data_time    it_time    test_loss    test_acc
-----  ------------  -----------  -------------  -------  -----------  ---------  -----------  ----------
57500        14.742        0.679       1173.469  2.8e-02        0.079     23.238       18.185       0.668
57600        15.640        0.676       1175.510  2.8e-02        0.079     23.238       18.185       0.668
57700        16.719        0.676       1177.551  2.8e-02        0.079     23.243       18.185       0.668
57800        15.749        0.679       1179.592  2.8e-02        0.080     23.242       18.185       0.668
57900        15.301        0.676       1181.633  2.8e-02        0.079     23.243       18.185       0.668
58000        15.129        0.677       1183.673  2.8e-02        0.080     25.673       17.305       0.683
58100        14.308        0.680       1185.714  2.7e-02        0.080     23.243       17.305       0.683
58200        16.375        0.673       1187.755  2.7e-02        0.080     23.242       17.305       0.683
58300        14.689        0.678       1189.796  2.7e-02        0.080     23.246       17.305       0.683
58400        15.774        0.676       1191.837  2.7e-02        0.080     23.244       17.305       0.683
58500        14.476        0.680       1193.878  2.7e-02        0.080     23.247       17.305       0.683
58600        16.333        0.674       1195.918  2.7e-02        0.081     23.249       17.305       0.683
58700        15.755        0.677       1197.959  2.7e-02        0.083     23.244       17.305       0.683
58800        14.902        0.679       1200.000  2.7e-02        0.081     23.203       17.305       0.683
58900        13.358        0.680       1202.041  2.6e-02        0.081     23.247       17.305       0.683
59000        13.367        0.679       1204.082  2.6e-02        0.079     25.670       11.104       0.699
59100        15.397        0.675       1206.122  2.6e-02        0.079     23.245       11.104       0.699
59200        14.101        0.678       1208.163  2.6e-02        0.081     23.242       11.104       0.699
59300        14.176        0.678       1210.204  2.6e-02        0.081     23.246       11.104       0.699
59400        15.166        0.676       1212.245  2.6e-02        0.080     23.243       11.104       0.699
59500        15.155        0.678       1214.286  2.6e-02        0.079     23.244       11.104       0.699
59600        14.752        0.678       1216.327  2.6e-02        0.079     23.239       11.104       0.699
59700        15.372        0.676       1218.367  2.5e-02        0.079     23.246       11.104       0.699
59800        14.666        0.676       1220.408  2.5e-02        0.080     23.244       11.104       0.699
59900        14.150        0.677       1222.449  2.5e-02        0.079     23.245       11.104       0.699
60000        14.835        0.677       1224.490  2.5e-02        0.080     25.672       13.922       0.712
60100        13.317        0.680       1226.531  2.5e-02        0.079     23.244       13.922       0.712
60200        13.433        0.676       1228.571  2.5e-02        0.080     23.245       13.922       0.712
60300        12.750        0.680       1230.612  2.5e-02        0.079     23.243       13.922       0.712
60400        14.445        0.677       1232.653  2.5e-02        0.080     23.247       13.922       0.712
60500        13.428        0.679       1234.694  2.4e-02        0.079     23.246       13.922       0.712
60600        14.840        0.676       1236.735  2.4e-02        0.079     23.241       13.922       0.712
60700        14.049        0.676       1238.776  2.4e-02        0.079     23.244       13.922       0.712
60800        14.439        0.681       1240.816  2.4e-02        0.080     23.243       13.922       0.712
60900        13.013        0.677       1242.857  2.4e-02        0.080     23.237       13.922       0.712
61000        13.393        0.678       1244.898  2.4e-02        0.080     25.669       13.851       0.645
61100        14.342        0.675       1246.939  2.4e-02        0.081     23.242       13.851       0.645
61200        13.304        0.680       1248.980  2.4e-02        0.079     23.240       13.851       0.645
61300        13.654        0.676       1251.020  2.3e-02        0.079     23.199       13.851       0.645
61400        12.550        0.681       1253.061  2.3e-02        0.080     23.237       13.851       0.645
61500        13.693        0.676       1255.102  2.3e-02        0.079     23.239       13.851       0.645
    t    train_loss    train_acc    train_epoch       lr    data_time    it_time    test_loss    test_acc
-----  ------------  -----------  -------------  -------  -----------  ---------  -----------  ----------
61600        13.127        0.678       1257.143  2.3e-02        0.079     23.234       13.851       0.645
61700        13.146        0.677       1259.184  2.3e-02        0.079     23.242       13.851       0.645
61800        12.593        0.678       1261.224  2.3e-02        0.079     23.242       13.851       0.645
61900        12.827        0.677       1263.265  2.3e-02        0.079     23.243       13.851       0.645
62000        13.537        0.677       1265.306  2.3e-02        0.079     25.672       10.845       0.711
62100        12.156        0.681       1267.347  2.2e-02        0.079     23.236       10.845       0.711
62200        12.454        0.676       1269.388  2.2e-02        0.080     23.241       10.845       0.711
62300        11.592        0.680       1271.429  2.2e-02        0.079     23.242       10.845       0.711
62400        12.418        0.676       1273.469  2.2e-02        0.079     23.236       10.845       0.711
62500        12.908        0.679       1275.510  2.2e-02        0.080     23.240       10.845       0.711
62600        11.373        0.675       1277.551  2.2e-02        0.079     23.239       10.845       0.711
62700        12.400        0.680       1279.592  2.2e-02        0.080     23.241       10.845       0.711
62800        12.094        0.678       1281.633  2.2e-02        0.080     23.237       10.845       0.711
62900        12.479        0.676       1283.673  2.1e-02        0.080     23.238       10.845       0.711
63000        11.731        0.679       1285.714  2.1e-02        0.079     25.673       10.634       0.689
63100        10.916        0.678       1287.755  2.1e-02        0.079     23.243       10.634       0.689
63200        11.362        0.679       1289.796  2.1e-02        0.079     23.242       10.634       0.689
63300        11.585        0.680       1291.837  2.1e-02        0.080     23.245       10.634       0.689
63400        11.387        0.678       1293.878  2.1e-02        0.079     23.243       10.634       0.689
63500        11.923        0.676       1295.918  2.1e-02        0.080     23.239       10.634       0.689
63600        11.160        0.678       1297.959  2.1e-02        0.081     23.244       10.634       0.689
63700        11.788        0.677       1300.000  2.0e-02        0.079     23.200       10.634       0.689
63800        10.994        0.682       1302.041  2.0e-02        0.080     23.243       10.634       0.689
63900        10.460        0.679       1304.082  2.0e-02        0.080     23.245       10.634       0.689
64000        10.867        0.680       1306.122  2.0e-02        0.080     25.674       11.400       0.684
64100        10.588        0.679       1308.163  2.0e-02        0.080     23.242       11.400       0.684
64200        10.289        0.679       1310.204  2.0e-02        0.080     23.246       11.400       0.684
64300        10.769        0.678       1312.245  2.0e-02        0.080     23.241       11.400       0.684
64400        10.292        0.679       1314.286  2.0e-02        0.079     23.245       11.400       0.684
64500        10.713        0.679       1316.327  1.9e-02        0.080     23.241       11.400       0.684
64600        10.886        0.679       1318.367  1.9e-02        0.080     23.240       11.400       0.684
64700         9.682        0.680       1320.408  1.9e-02        0.080     23.234       11.400       0.684
64800         9.905        0.681       1322.449  1.9e-02        0.079     23.239       11.400       0.684
64900        10.746        0.676       1324.490  1.9e-02        0.080     23.237       11.400       0.684
65000        10.102        0.682       1326.531  1.9e-02        0.080     25.669        9.824       0.672
65100        10.562        0.677       1328.571  1.9e-02        0.079     23.237        9.824       0.672
65200        10.739        0.679       1330.612  1.9e-02        0.080     23.230        9.824       0.672
65300        10.859        0.676       1332.653  1.8e-02        0.079     23.237        9.824       0.672
65400        10.336        0.679       1334.694  1.8e-02        0.079     23.238        9.824       0.672
65500        10.233        0.680       1336.735  1.8e-02        0.079     23.232        9.824       0.672
65600        10.079        0.676       1338.776  1.8e-02        0.079     23.236        9.824       0.672
    t    train_loss    train_acc    train_epoch       lr    data_time    it_time    test_loss    test_acc
-----  ------------  -----------  -------------  -------  -----------  ---------  -----------  ----------
65700         9.350        0.683       1340.816  1.8e-02        0.079     23.231        9.824       0.672
65800         9.825        0.680       1342.857  1.8e-02        0.079     23.242        9.824       0.672
65900         9.536        0.681       1344.898  1.8e-02        0.079     23.240        9.824       0.672
66000        10.189        0.676       1346.939  1.8e-02        0.081     25.673        9.777       0.683
66100        10.005        0.679       1348.980  1.7e-02        0.081     23.237        9.777       0.683
66200         8.675        0.679       1351.020  1.7e-02        0.081     23.201        9.777       0.683
66300         9.232        0.681       1353.061  1.7e-02        0.080     23.241        9.777       0.683
66400         8.950        0.676       1355.102  1.7e-02        0.080     23.241        9.777       0.683
66500         9.266        0.680       1357.143  1.7e-02        0.080     23.240        9.777       0.683
66600         9.270        0.678       1359.184  1.7e-02        0.080     23.234        9.777       0.683
66700         9.539        0.677       1361.224  1.7e-02        0.080     23.240        9.777       0.683
66800         9.412        0.678       1363.265  1.7e-02        0.080     23.242        9.777       0.683
66900         8.266        0.683       1365.306  1.6e-02        0.080     23.241        9.777       0.683
67000         9.310        0.676       1367.347  1.6e-02        0.081     25.667        9.014       0.706
67100         8.938        0.679       1369.388  1.6e-02        0.081     23.237        9.014       0.706
67200         8.692        0.677       1371.429  1.6e-02        0.080     23.239        9.014       0.706
67300         9.415        0.678       1373.469  1.6e-02        0.081     23.236        9.014       0.706
67400         8.363        0.681       1375.510  1.6e-02        0.081     23.237        9.014       0.706
67500         8.481        0.679       1377.551  1.6e-02        0.079     23.235        9.014       0.706
67600         7.602        0.684       1379.592  1.6e-02        0.081     23.240        9.014       0.706
67700         7.948        0.679       1381.633  1.5e-02        0.080     23.239        9.014       0.706
67800         8.568        0.678       1383.673  1.5e-02        0.079     23.235        9.014       0.706
67900         9.194        0.676       1385.714  1.5e-02        0.080     23.238        9.014       0.706
68000         7.802        0.681       1387.755  1.5e-02        0.080     25.671        8.338       0.689
68100         8.369        0.680       1389.796  1.5e-02        0.080     23.234        8.338       0.689
68200         7.959        0.679       1391.837  1.5e-02        0.079     23.237        8.338       0.689
68300         7.198        0.683       1393.878  1.5e-02        0.080     23.233        8.338       0.689
68400         7.710        0.681       1395.918  1.5e-02        0.080     23.236        8.338       0.689
68500         8.444        0.678       1397.959  1.4e-02        0.080     23.237        8.338       0.689
68600         7.544        0.681       1400.000  1.4e-02        0.080     23.192        8.338       0.689
68700         7.720        0.679       1402.041  1.4e-02        0.081     23.231        8.338       0.689
68800         7.556        0.680       1404.082  1.4e-02        0.080     23.232        8.338       0.689
68900         7.450        0.680       1406.122  1.4e-02        0.079     23.233        8.338       0.689
69000         8.458        0.677       1408.163  1.4e-02        0.081     25.656        9.494       0.666
69100         7.835        0.681       1410.204  1.4e-02        0.080     23.232        9.494       0.666
69200         7.489        0.682       1412.245  1.4e-02        0.080     23.231        9.494       0.666
69300         7.047        0.681       1414.286  1.3e-02        0.079     23.226        9.494       0.666
69400         7.124        0.682       1416.327  1.3e-02        0.080     23.231        9.494       0.666
69500         7.003        0.681       1418.367  1.3e-02        0.081     23.227        9.494       0.666
69600         7.480        0.676       1420.408  1.3e-02        0.080     23.231        9.494       0.666
69700         7.381        0.682       1422.449  1.3e-02        0.080     23.229        9.494       0.666
    t    train_loss    train_acc    train_epoch       lr    data_time    it_time    test_loss    test_acc
-----  ------------  -----------  -------------  -------  -----------  ---------  -----------  ----------
69800         7.108        0.679       1424.490  1.3e-02        0.080     23.228        9.494       0.666
69900         6.385        0.685       1426.531  1.3e-02        0.080     23.237        9.494       0.666
70000         6.430        0.680       1428.571  1.3e-02        0.079     25.664        5.361       0.699
70100         6.820        0.680       1430.612  1.2e-02        0.079     23.235        5.361       0.699
70200         6.536        0.686       1432.653  1.2e-02        0.080     23.238        5.361       0.699
70300         6.952        0.679       1434.694  1.2e-02        0.079     23.236        5.361       0.699
70400         6.584        0.684       1436.735  1.2e-02        0.080     23.239        5.361       0.699
70500         6.872        0.679       1438.776  1.2e-02        0.081     23.238        5.361       0.699
70600         6.390        0.681       1440.816  1.2e-02        0.080     23.235        5.361       0.699
70700         6.281        0.682       1442.857  1.2e-02        0.080     23.234        5.361       0.699
70800         6.211        0.680       1444.898  1.2e-02        0.079     23.237        5.361       0.699
70900         6.394        0.683       1446.939  1.1e-02        0.081     23.236        5.361       0.699
71000         6.308        0.682       1448.980  1.1e-02        0.079     25.665        6.630       0.673
71100         5.884        0.682       1451.020  1.1e-02        0.080     23.200        6.630       0.673
71200         6.221        0.681       1453.061  1.1e-02        0.081     23.231        6.630       0.673
71300         5.806        0.683       1455.102  1.1e-02        0.080     23.240        6.630       0.673
71400         5.796        0.685       1457.143  1.1e-02        0.080     23.234        6.630       0.673
71500         5.380        0.683       1459.184  1.1e-02        0.080     23.236        6.630       0.673
71600         6.120        0.681       1461.224  1.1e-02        0.080     23.237        6.630       0.673
71700         5.583        0.682       1463.265  1.0e-02        0.081     23.234        6.630       0.673
71800         5.093        0.684       1465.306  1.0e-02        0.079     23.236        6.630       0.673
71900         5.085        0.686       1467.347  1.0e-02        0.080     23.233        6.630       0.673
72000         5.761        0.681       1469.388  1.0e-02        0.081     25.659        5.246       0.714
72100         5.113        0.683       1471.429  9.9e-03        0.080     23.236        5.246       0.714
72200         5.966        0.679       1473.469  9.8e-03        0.080     23.234        5.246       0.714
72300         4.795        0.688       1475.510  9.6e-03        0.079     23.237        5.246       0.714
72400         5.547        0.679       1477.551  9.5e-03        0.079     23.232        5.246       0.714
72500         4.666        0.686       1479.592  9.4e-03        0.080     23.235        5.246       0.714
72600         5.240        0.684       1481.633  9.3e-03        0.080     23.237        5.246       0.714
72700         4.938        0.683       1483.673  9.1e-03        0.079     23.234        5.246       0.714
72800         4.575        0.686       1485.714  9.0e-03        0.080     23.237        5.246       0.714
72900         4.554        0.686       1487.755  8.9e-03        0.080     23.228        5.246       0.714
73000         4.557        0.683       1489.796  8.8e-03        0.080     25.662        4.187       0.704
73100         4.512        0.686       1491.837  8.6e-03        0.080     23.236        4.187       0.704
73200         4.530        0.684       1493.878  8.5e-03        0.080     23.233        4.187       0.704
73300         4.450        0.684       1495.918  8.4e-03        0.080     23.229        4.187       0.704
73400         4.540        0.683       1497.959  8.3e-03        0.081     23.234        4.187       0.704
73500         4.114        0.688       1500.000  8.1e-03        0.080     23.187        4.187       0.704
73600         4.269        0.687       1502.041  8.0e-03        0.079     23.228        4.187       0.704
73700         3.911        0.687       1504.082  7.9e-03        0.079     23.228        4.187       0.704
73800         4.485        0.683       1506.122  7.8e-03        0.079     23.235        4.187       0.704
    t    train_loss    train_acc    train_epoch       lr    data_time    it_time    test_loss    test_acc
-----  ------------  -----------  -------------  -------  -----------  ---------  -----------  ----------
73900         3.943        0.686       1508.163  7.6e-03        0.079     23.229        4.187       0.704
74000         3.779        0.688       1510.204  7.5e-03        0.080     25.666        3.494       0.708
74100         3.747        0.687       1512.245  7.4e-03        0.079     23.233        3.494       0.708
74200         3.852        0.686       1514.286  7.3e-03        0.080     23.236        3.494       0.708
74300         3.577        0.689       1516.327  7.1e-03        0.081     23.238        3.494       0.708
74400         3.687        0.685       1518.367  7.0e-03        0.080     23.240        3.494       0.708
74500         3.742        0.686       1520.408  6.9e-03        0.080     23.231        3.494       0.708
74600         3.508        0.690       1522.449  6.8e-03        0.079     23.237        3.494       0.708
74700         3.608        0.686       1524.490  6.6e-03        0.080     23.233        3.494       0.708
74800         3.515        0.690       1526.531  6.5e-03        0.080     23.236        3.494       0.708
74900         3.288        0.690       1528.571  6.4e-03        0.080     23.236        3.494       0.708
75000         3.449        0.688       1530.612  6.3e-03        0.080     25.663        4.400       0.660
75100         3.460        0.688       1532.653  6.1e-03        0.080     23.238        4.400       0.660
75200         3.022        0.690       1534.694  6.0e-03        0.079     23.235        4.400       0.660
75300         2.981        0.693       1536.735  5.9e-03        0.081     23.236        4.400       0.660
75400         2.920        0.688       1538.776  5.8e-03        0.080     23.236        4.400       0.660
75500         2.805        0.692       1540.816  5.6e-03        0.080     23.238        4.400       0.660
75600         2.721        0.694       1542.857  5.5e-03        0.080     23.237        4.400       0.660
75700         2.712        0.694       1544.898  5.4e-03        0.079     23.234        4.400       0.660
75800         2.770        0.691       1546.939  5.3e-03        0.081     23.239        4.400       0.660
75900         2.559        0.693       1548.980  5.1e-03        0.079     23.236        4.400       0.660
76000         2.545        0.693       1551.020  5.0e-03        0.080     25.621        3.451       0.644
76100         2.645        0.693       1553.061  4.9e-03        0.080     23.240        3.451       0.644
76200         2.219        0.696       1555.102  4.8e-03        0.080     23.236        3.451       0.644
76300         2.266        0.695       1557.143  4.6e-03        0.080     23.239        3.451       0.644
76400         2.279        0.697       1559.184  4.5e-03        0.080     23.240        3.451       0.644
76500         2.224        0.695       1561.224  4.4e-03        0.080     23.240        3.451       0.644
76600         2.253        0.694       1563.265  4.3e-03        0.079     23.239        3.451       0.644
76700         2.035        0.700       1565.306  4.1e-03        0.079     23.240        3.451       0.644
76800         2.063        0.698       1567.347  4.0e-03        0.079     23.236        3.451       0.644
76900         1.991        0.700       1569.388  3.9e-03        0.079     23.234        3.451       0.644
77000         1.887        0.700       1571.429  3.8e-03        0.080     25.666        1.860       0.714
77100         1.921        0.698       1573.469  3.6e-03        0.080     23.231        1.860       0.714
77200         1.745        0.704       1575.510  3.5e-03        0.080     23.236        1.860       0.714
77300         1.833        0.699       1577.551  3.4e-03        0.080     23.231        1.860       0.714
77400         1.618        0.706       1579.592  3.3e-03        0.080     23.233        1.860       0.714
77500         1.705        0.703       1581.633  3.1e-03        0.080     23.234        1.860       0.714
77600         1.487        0.709       1583.673  3.0e-03        0.080     23.230        1.860       0.714
77700         1.558        0.704       1585.714  2.9e-03        0.080     23.229        1.860       0.714
77800         1.425        0.711       1587.755  2.8e-03        0.080     23.238        1.860       0.714
77900         1.435        0.709       1589.796  2.6e-03        0.080     23.235        1.860       0.714
    t    train_loss    train_acc    train_epoch       lr    data_time    it_time    test_loss    test_acc
-----  ------------  -----------  -------------  -------  -----------  ---------  -----------  ----------
78000         1.383        0.712       1591.837  2.5e-03        0.079     25.655        1.302       0.705
78100         1.357        0.712       1593.878  2.4e-03        0.079     23.236        1.302       0.705
78200         1.334        0.712       1595.918  2.3e-03        0.080     23.235        1.302       0.705
78300         1.272        0.715       1597.959  2.1e-03        0.081     23.239        1.302       0.705
78400         1.268        0.716       1600.000  2.0e-03        0.080     23.200        1.302       0.705
78500         1.216        0.717       1602.041  1.9e-03        0.080     23.239        1.302       0.705
78600         1.163        0.720       1604.082  1.8e-03        0.079     23.234        1.302       0.705
78700         1.155        0.721       1606.122  1.6e-03        0.080     23.234        1.302       0.705
78800         1.121        0.723       1608.163  1.5e-03        0.080     23.232        1.302       0.705
78900         1.114        0.721       1610.204  1.4e-03        0.080     23.233        1.302       0.705
79000         1.098        0.724       1612.245  1.3e-03        0.080     25.666        1.073       0.725
79100         1.077        0.725       1614.286  1.1e-03        0.080     23.232        1.073       0.725
79200         1.052        0.726       1616.327  1.0e-03        0.079     23.232        1.073       0.725
79300         1.040        0.727       1618.367  8.8e-04        0.081     23.228        1.073       0.725
79400         1.016        0.729       1620.408  7.5e-04        0.080     23.234        1.073       0.725
79500         0.999        0.732       1622.449  6.3e-04        0.080     23.231        1.073       0.725
79600         0.997        0.732       1624.490  5.0e-04        0.079     23.231        1.073       0.725
79700         0.976        0.734       1626.531  3.8e-04        0.079     23.235        1.073       0.725
79800         0.974        0.734       1628.571  2.5e-04        0.079     23.230        1.073       0.725
79900         0.960        0.734       1630.612  1.3e-04        0.080     23.233        1.073       0.725
80000         0.954        0.736       1632.653  1.2e-06        0.079     25.663        0.931       0.748
