  t    train_loss    train_acc    train_epoch       lr    data_time    it_time
---  ------------  -----------  -------------  -------  -----------  ---------
100         0.878        0.728          2.041  1.0e-01        0.281     34.322
200         0.598        0.799          4.082  1.0e-01        0.078     31.012
300         0.551        0.815          6.122  1.0e-01        0.078     31.020
400         0.526        0.822          8.163  1.0e-01        0.078     31.013
500         0.507        0.829         10.204  9.9e-02        0.077     31.021
600         0.494        0.832         12.245  9.9e-02        0.077     31.086
700         0.481        0.836         14.286  9.9e-02        0.077     31.794
800         0.475        0.839         16.327  9.9e-02        0.075     30.905
900         0.467        0.841         18.367  9.9e-02        0.075     30.904
1000         0.460        0.844         20.408  9.9e-02        0.076     35.330        0.452       0.841
1100         0.453        0.846         22.449  9.9e-02        0.075     30.902        0.452       0.841
1200         0.448        0.847         24.490  9.9e-02        0.075     30.891        0.452       0.841
1300         0.445        0.848         26.531  9.8e-02        0.075     31.251        0.452       0.841
1400         0.442        0.848         28.571  9.8e-02        0.078     31.466        0.452       0.841
1500         0.439        0.850         30.612  9.8e-02        0.076     31.372        0.452       0.841
1600         0.432        0.851         32.653  9.8e-02        0.075     30.928        0.452       0.841
1700         0.431        0.853         34.694  9.8e-02        0.075     30.899        0.452       0.841
1800         0.427        0.855         36.735  9.8e-02        0.075     30.909        0.452       0.841
1900         0.427        0.854         38.776  9.8e-02        0.075     30.912        0.452       0.841
2000         0.423        0.855         40.816  9.8e-02        0.075     34.012        0.421       0.853
2100         0.422        0.855         42.857  9.7e-02        0.075     31.033        0.421       0.853
2200         0.417        0.857         44.898  9.7e-02        0.075     30.921        0.421       0.853
2300         0.418        0.856         46.939  9.7e-02        0.077     31.113        0.421       0.853
2400         0.414        0.859         48.980  9.7e-02        0.075     30.903        0.421       0.853
2500         0.412        0.858         51.020  9.7e-02        0.074     30.844        0.421       0.853
2600         0.412        0.859         53.061  9.7e-02        0.075     30.922        0.421       0.853
2700         0.409        0.860         55.102  9.7e-02        0.075     30.905        0.421       0.853
2800         0.408        0.860         57.143  9.7e-02        0.074     30.916        0.421       0.853
2900         0.407        0.860         59.184  9.6e-02        0.074     30.906        0.421       0.853
3000         0.403        0.862         61.224  9.6e-02        0.075     34.023        0.408       0.858
3100         0.405        0.862         63.265  9.6e-02        0.075     30.908        0.408       0.858
3200         0.402        0.862         65.306  9.6e-02        0.075     30.930        0.408       0.858
3300         0.402        0.862         67.347  9.6e-02        0.074     30.891        0.408       0.858
3400         0.399        0.863         69.388  9.6e-02        0.074     30.748        0.408       0.858
3500         0.399        0.863         71.429  9.6e-02        0.074     30.749        0.408       0.858
3600         0.398        0.863         73.469  9.6e-02        0.073     30.746        0.408       0.858
3700         0.396        0.863         75.510  9.5e-02        0.074     30.741        0.408       0.858
3800         0.395        0.865         77.551  9.5e-02        0.074     30.742        0.408       0.858
3900         0.396        0.864         79.592  9.5e-02        0.074     30.862        0.408       0.858
4000         0.394        0.865         81.633  9.5e-02        0.076     34.202        0.400       0.860
4100         0.397        0.863         83.673  9.5e-02        0.076     31.347        0.400       0.860
   t    train_loss    train_acc    train_epoch       lr    data_time    it_time    test_loss    test_acc
----  ------------  -----------  -------------  -------  -----------  ---------  -----------  ----------
4200         0.394        0.865         85.714  9.5e-02        0.074     30.891        0.400       0.860
4300         0.390        0.867         87.755  9.5e-02        0.075     30.903        0.400       0.860
4400         0.390        0.865         89.796  9.5e-02        0.075     30.899        0.400       0.860
4500         0.391        0.865         91.837  9.4e-02        0.075     30.899        0.400       0.860
4600         0.390        0.865         93.878  9.4e-02        0.075     30.901        0.400       0.860
4700         0.389        0.866         95.918  9.4e-02        0.075     30.902        0.400       0.860
4800         0.388        0.867         97.959  9.4e-02        0.076     30.904        0.400       0.860
4900         0.388        0.866        100.000  9.4e-02        0.075     30.858        0.400       0.860
5000         0.387        0.867        102.041  9.4e-02        0.074     34.019        0.395       0.861
5100         0.386        0.867        104.082  9.4e-02        0.075     30.978        0.395       0.861
5200         0.386        0.868        106.122  9.4e-02        0.075     30.905        0.395       0.861
5300         0.385        0.868        108.163  9.3e-02        0.075     30.908        0.395       0.861
5400         0.385        0.867        110.204  9.3e-02        0.076     31.179        0.395       0.861
5500         0.383        0.868        112.245  9.3e-02        0.076     30.918        0.395       0.861
5600         0.383        0.868        114.286  9.3e-02        0.075     30.912        0.395       0.861
5700         0.384        0.867        116.327  9.3e-02        0.075     30.919        0.395       0.861
5800         0.382        0.869        118.367  9.3e-02        0.075     30.910        0.395       0.861
5900         0.382        0.869        120.408  9.3e-02        0.075     30.904        0.395       0.861
6000         0.381        0.869        122.449  9.3e-02        0.074     34.025        0.393       0.863
6100         0.381        0.869        124.490  9.2e-02        0.075     30.912        0.393       0.863
6200         0.379        0.870        126.531  9.2e-02        0.075     30.915        0.393       0.863
6300         0.380        0.870        128.571  9.2e-02        0.076     30.906        0.393       0.863
6400         0.380        0.869        130.612  9.2e-02        0.075     30.912        0.393       0.863
6500         0.378        0.871        132.653  9.2e-02        0.075     30.911        0.393       0.863
6600         0.380        0.869        134.694  9.2e-02        0.075     30.918        0.393       0.863
6700         0.379        0.871        136.735  9.2e-02        0.075     30.912        0.393       0.863
6800         0.378        0.870        138.776  9.2e-02        0.075     30.914        0.393       0.863
6900         0.375        0.871        140.816  9.1e-02        0.075     30.907        0.393       0.863
7000         0.379        0.870        142.857  9.1e-02        0.075     34.008        0.389       0.865
7100         0.377        0.871        144.898  9.1e-02        0.075     30.910        0.389       0.865
7200         0.377        0.870        146.939  9.1e-02        0.076     30.913        0.389       0.865
7300         0.375        0.872        148.980  9.1e-02        0.075     30.912        0.389       0.865
7400         0.376        0.872        151.020  9.1e-02        0.074     30.857        0.389       0.865
7500         0.376        0.870        153.061  9.1e-02        0.077     30.914        0.389       0.865
7600         0.376        0.871        155.102  9.1e-02        0.075     30.969        0.389       0.865
7700         0.376        0.871        157.143  9.0e-02        0.074     30.840        0.389       0.865
7800         0.375        0.872        159.184  9.0e-02        0.075     30.755        0.389       0.865
7900         0.377        0.871        161.224  9.0e-02        0.074     30.754        0.389       0.865
8000         0.372        0.872        163.265  9.0e-02        0.074     33.851        0.388       0.867
8100         0.375        0.872        165.306  9.0e-02        0.075     30.758        0.388       0.867
8200         0.375        0.871        167.347  9.0e-02        0.074     30.755        0.388       0.867
   t    train_loss    train_acc    train_epoch       lr    data_time    it_time    test_loss    test_acc
----  ------------  -----------  -------------  -------  -----------  ---------  -----------  ----------
8300         0.374        0.871        169.388  9.0e-02        0.074     30.752        0.388       0.867
8400         0.376        0.871        171.429  9.0e-02        0.074     30.755        0.388       0.867
8500         0.372        0.872        173.469  8.9e-02        0.075     30.756        0.388       0.867
8600         0.373        0.872        175.510  8.9e-02        0.075     30.755        0.388       0.867
8700         0.374        0.872        177.551  8.9e-02        0.075     30.758        0.388       0.867
8800         0.372        0.872        179.592  8.9e-02        0.074     30.752        0.388       0.867
8900         0.374        0.872        181.633  8.9e-02        0.074     30.754        0.388       0.867
9000         0.371        0.873        183.673  8.9e-02        0.074     33.855        0.385       0.867
9100         0.373        0.872        185.714  8.9e-02        0.075     30.758        0.385       0.867
9200         0.371        0.872        187.755  8.9e-02        0.074     30.758        0.385       0.867
9300         0.373        0.872        189.796  8.8e-02        0.075     30.754        0.385       0.867
9400         0.372        0.873        191.837  8.8e-02        0.075     30.757        0.385       0.867
9500         0.371        0.871        193.878  8.8e-02        0.075     30.760        0.385       0.867
9600         0.373        0.872        195.918  8.8e-02        0.075     30.755        0.385       0.867
9700         0.371        0.873        197.959  8.8e-02        0.075     30.758        0.385       0.867
9800         0.371        0.873        200.000  8.8e-02        0.075     30.705        0.385       0.867
9900         0.371        0.873        202.041  8.8e-02        0.074     30.756        0.385       0.867
10000         0.369        0.874        204.082  8.8e-02        0.074     33.853        0.385       0.867
10100         0.371        0.873        206.122  8.7e-02        0.075     30.757        0.385       0.867
10200         0.370        0.874        208.163  8.7e-02        0.075     30.759        0.385       0.867
10300         0.370        0.873        210.204  8.7e-02        0.074     30.758        0.385       0.867
10400         0.367        0.874        212.245  8.7e-02        0.074     30.757        0.385       0.867
10500         0.369        0.873        214.286  8.7e-02        0.074     30.755        0.385       0.867
10600         0.369        0.874        216.327  8.7e-02        0.076     30.754        0.385       0.867
10700         0.369        0.873        218.367  8.7e-02        0.076     30.759        0.385       0.867
10800         0.368        0.874        220.408  8.7e-02        0.075     30.752        0.385       0.867
10900         0.370        0.873        222.449  8.6e-02        0.075     30.755        0.385       0.867
11000         0.370        0.873        224.490  8.6e-02        0.075     33.851        0.383       0.867
11100         0.370        0.873        226.531  8.6e-02        0.075     30.753        0.383       0.867
11200         0.367        0.875        228.571  8.6e-02        0.074     30.762        0.383       0.867
11300         0.367        0.875        230.612  8.6e-02        0.074     30.761        0.383       0.867
11400         0.369        0.873        232.653  8.6e-02        0.074     30.754        0.383       0.867
11500         0.367        0.874        234.694  8.6e-02        0.075     30.749        0.383       0.867
11600         0.369        0.874        236.735  8.6e-02        0.075     30.754        0.383       0.867
11700         0.369        0.874        238.776  8.5e-02        0.074     30.753        0.383       0.867
11800         0.367        0.874        240.816  8.5e-02        0.074     30.756        0.383       0.867
11900         0.368        0.874        242.857  8.5e-02        0.075     30.753        0.383       0.867
12000         0.367        0.874        244.898  8.5e-02        0.074     33.851        0.385       0.867
12100         0.368        0.873        246.939  8.5e-02        0.076     30.755        0.385       0.867
12200         0.367        0.874        248.980  8.5e-02        0.075     30.752        0.385       0.867
12300         0.367        0.873        251.020  8.5e-02        0.075     30.696        0.385       0.867
    t    train_loss    train_acc    train_epoch       lr    data_time    it_time    test_loss    test_acc
-----  ------------  -----------  -------------  -------  -----------  ---------  -----------  ----------
12400         0.366        0.874        253.061  8.5e-02        0.075     30.756        0.385       0.867
12500         0.367        0.874        255.102  8.4e-02        0.075     30.754        0.385       0.867
12600         0.367        0.874        257.143  8.4e-02        0.074     30.755        0.385       0.867
12700         0.367        0.875        259.184  8.4e-02        0.074     30.756        0.385       0.867
12800         0.366        0.874        261.224  8.4e-02        0.074     30.758        0.385       0.867
12900         0.367        0.874        263.265  8.4e-02        0.074     30.752        0.385       0.867
13000         0.366        0.874        265.306  8.4e-02        0.074     33.854        0.381       0.869
13100         0.367        0.873        267.347  8.4e-02        0.074     30.760        0.381       0.869
13200         0.367        0.875        269.388  8.4e-02        0.074     30.759        0.381       0.869
13300         0.364        0.876        271.429  8.3e-02        0.074     30.755        0.381       0.869
13400         0.368        0.874        273.469  8.3e-02        0.075     30.757        0.381       0.869
13500         0.366        0.873        275.510  8.3e-02        0.074     30.755        0.381       0.869
13600         0.365        0.875        277.551  8.3e-02        0.075     30.756        0.381       0.869
13700         0.364        0.875        279.592  8.3e-02        0.075     30.762        0.381       0.869
13800         0.368        0.874        281.633  8.3e-02        0.074     30.760        0.381       0.869
13900         0.364        0.875        283.673  8.3e-02        0.075     30.760        0.381       0.869
14000         0.367        0.875        285.714  8.3e-02        0.075     33.860        0.381       0.868
14100         0.364        0.875        287.755  8.2e-02        0.075     30.763        0.381       0.868
14200         0.364        0.875        289.796  8.2e-02        0.075     30.759        0.381       0.868
14300         0.364        0.876        291.837  8.2e-02        0.074     30.757        0.381       0.868
14400         0.365        0.875        293.878  8.2e-02        0.074     30.761        0.381       0.868
14500         0.365        0.874        295.918  8.2e-02        0.075     30.762        0.381       0.868
14600         0.365        0.875        297.959  8.2e-02        0.076     30.755        0.381       0.868
14700         0.363        0.876        300.000  8.2e-02        0.075     30.707        0.381       0.868
14800         0.365        0.875        302.041  8.2e-02        0.075     30.761        0.381       0.868
14900         0.366        0.874        304.082  8.1e-02        0.075     30.762        0.381       0.868
15000         0.365        0.874        306.122  8.1e-02        0.075     33.859        0.380       0.869
15100         0.366        0.874        308.163  8.1e-02        0.075     30.758        0.380       0.869
15200         0.364        0.876        310.204  8.1e-02        0.075     30.767        0.380       0.869
15300         0.365        0.875        312.245  8.1e-02        0.075     30.755        0.380       0.869
15400         0.363        0.874        314.286  8.1e-02        0.075     30.759        0.380       0.869
15500         0.365        0.875        316.327  8.1e-02        0.075     30.760        0.380       0.869
15600         0.366        0.874        318.367  8.1e-02        0.075     30.763        0.380       0.869
15700         0.365        0.874        320.408  8.0e-02        0.075     30.760        0.380       0.869
15800         0.365        0.874        322.449  8.0e-02        0.074     30.761        0.380       0.869
15900         0.365        0.874        324.490  8.0e-02        0.075     30.756        0.380       0.869
16000         0.362        0.876        326.531  8.0e-02        0.075     33.855        0.381       0.869
16100         0.366        0.874        328.571  8.0e-02        0.074     30.756        0.381       0.869
16200         0.360        0.877        330.612  8.0e-02        0.075     30.757        0.381       0.869
16300         0.364        0.874        332.653  8.0e-02        0.075     30.761        0.381       0.869
16400         0.363        0.876        334.694  8.0e-02        0.075     30.761        0.381       0.869
    t    train_loss    train_acc    train_epoch       lr    data_time    it_time    test_loss    test_acc
-----  ------------  -----------  -------------  -------  -----------  ---------  -----------  ----------
16500         0.365        0.875        336.735  7.9e-02        0.074     30.760        0.381       0.869
16600         0.365        0.875        338.776  7.9e-02        0.075     30.763        0.381       0.869
16700         0.362        0.877        340.816  7.9e-02        0.075     30.757        0.381       0.869
16800         0.364        0.874        342.857  7.9e-02        0.075     30.759        0.381       0.869
16900         0.364        0.875        344.898  7.9e-02        0.075     30.763        0.381       0.869
17000         0.364        0.876        346.939  7.9e-02        0.076     33.862        0.380       0.869
17100         0.364        0.875        348.980  7.9e-02        0.075     30.761        0.380       0.869
17200         0.364        0.876        351.020  7.9e-02        0.075     30.709        0.380       0.869
17300         0.363        0.875        353.061  7.8e-02        0.075     30.760        0.380       0.869
17400         0.361        0.876        355.102  7.8e-02        0.074     30.758        0.380       0.869
17500         0.364        0.876        357.143  7.8e-02        0.075     30.761        0.380       0.869
17600         0.362        0.876        359.184  7.8e-02        0.075     30.759        0.380       0.869
17700         0.363        0.875        361.224  7.8e-02        0.076     30.762        0.380       0.869
17800         0.364        0.875        363.265  7.8e-02        0.075     30.764        0.380       0.869
17900         0.360        0.876        365.306  7.8e-02        0.075     30.754        0.380       0.869
18000         0.363        0.875        367.347  7.8e-02        0.074     33.859        0.380       0.870
18100         0.360        0.876        369.388  7.7e-02        0.075     30.764        0.380       0.870
18200         0.363        0.875        371.429  7.7e-02        0.074     30.760        0.380       0.870
18300         0.363        0.876        373.469  7.7e-02        0.075     30.757        0.380       0.870
18400         0.364        0.875        375.510  7.7e-02        0.074     30.760        0.380       0.870
18500         0.361        0.876        377.551  7.7e-02        0.074     30.766        0.380       0.870
18600         0.363        0.875        379.592  7.7e-02        0.074     30.762        0.380       0.870
18700         0.362        0.875        381.633  7.7e-02        0.075     30.765        0.380       0.870
18800         0.362        0.875        383.673  7.7e-02        0.075     30.764        0.380       0.870
18900         0.364        0.876        385.714  7.6e-02        0.076     30.762        0.380       0.870
19000         0.362        0.875        387.755  7.6e-02        0.074     33.866        0.380       0.870
19100         0.361        0.877        389.796  7.6e-02        0.075     30.757        0.380       0.870
19200         0.362        0.875        391.837  7.6e-02        0.075     30.761        0.380       0.870
19300         0.363        0.876        393.878  7.6e-02        0.075     30.761        0.380       0.870
19400         0.361        0.877        395.918  7.6e-02        0.075     30.763        0.380       0.870
19500         0.361        0.876        397.959  7.6e-02        0.076     30.763        0.380       0.870
19600         0.363        0.876        400.000  7.6e-02        0.074     30.711        0.380       0.870
19700         0.362        0.876        402.041  7.5e-02        0.074     30.762        0.380       0.870
19800         0.362        0.876        404.082  7.5e-02        0.075     30.758        0.380       0.870
19900         0.362        0.876        406.122  7.5e-02        0.075     30.761        0.380       0.870
20000         0.362        0.876        408.163  7.5e-02        0.075     33.862        0.380       0.870
20100         0.363        0.876        410.204  7.5e-02        0.075     30.762        0.380       0.870
20200         0.362        0.876        412.245  7.5e-02        0.074     30.757        0.380       0.870
20300         0.362        0.876        414.286  7.5e-02        0.074     30.760        0.380       0.870
20400         0.362        0.876        416.327  7.5e-02        0.075     30.762        0.380       0.870
20500         0.362        0.876        418.367  7.4e-02        0.074     30.758        0.380       0.870
    t    train_loss    train_acc    train_epoch       lr    data_time    it_time    test_loss    test_acc
-----  ------------  -----------  -------------  -------  -----------  ---------  -----------  ----------
20600         0.361        0.876        420.408  7.4e-02        0.075     30.754        0.380       0.870
20700         0.361        0.877        422.449  7.4e-02        0.074     30.764        0.380       0.870
20800         0.362        0.876        424.490  7.4e-02        0.074     30.762        0.380       0.870
20900         0.361        0.876        426.531  7.4e-02        0.074     30.759        0.380       0.870
21000         0.362        0.876        428.571  7.4e-02        0.074     33.858        0.379       0.869
21100         0.361        0.876        430.612  7.4e-02        0.075     30.758        0.379       0.869
21200         0.364        0.875        432.653  7.4e-02        0.075     30.761        0.379       0.869
21300         0.360        0.876        434.694  7.3e-02        0.075     30.764        0.379       0.869
21400         0.361        0.876        436.735  7.3e-02        0.075     30.757        0.379       0.869
21500         0.360        0.875        438.776  7.3e-02        0.075     30.760        0.379       0.869
21600         0.361        0.877        440.816  7.3e-02        0.075     30.754        0.379       0.869
21700         0.361        0.877        442.857  7.3e-02        0.075     30.760        0.379       0.869
21800         0.360        0.878        444.898  7.3e-02        0.075     30.760        0.379       0.869
21900         0.364        0.875        446.939  7.3e-02        0.077     30.763        0.379       0.869
22000         0.360        0.877        448.980  7.3e-02        0.077     33.865        0.380       0.869
22100         0.361        0.877        451.020  7.2e-02        0.074     30.710        0.380       0.869
22200         0.362        0.875        453.061  7.2e-02        0.074     30.759        0.380       0.869
22300         0.360        0.876        455.102  7.2e-02        0.074     30.759        0.380       0.869
22400         0.363        0.876        457.143  7.2e-02        0.075     30.761        0.380       0.869
22500         0.360        0.876        459.184  7.2e-02        0.074     30.755        0.380       0.869
22600         0.362        0.876        461.224  7.2e-02        0.075     30.760        0.380       0.869
22700         0.362        0.876        463.265  7.2e-02        0.075     30.757        0.380       0.869
22800         0.359        0.877        465.306  7.2e-02        0.075     30.758        0.380       0.869
22900         0.361        0.876        467.347  7.1e-02        0.075     30.758        0.380       0.869
23000         0.360        0.876        469.388  7.1e-02        0.075     33.861        0.379       0.870
23100         0.359        0.878        471.429  7.1e-02        0.075     30.763        0.379       0.870
23200         0.361        0.875        473.469  7.1e-02        0.074     30.759        0.379       0.870
23300         0.362        0.876        475.510  7.1e-02        0.075     30.762        0.379       0.870
23400         0.360        0.876        477.551  7.1e-02        0.075     30.759        0.379       0.870
23500         0.361        0.876        479.592  7.1e-02        0.075     30.762        0.379       0.870
23600         0.360        0.877        481.633  7.1e-02        0.075     30.763        0.379       0.870
23700         0.360        0.876        483.673  7.0e-02        0.075     30.764        0.379       0.870
23800         0.362        0.876        485.714  7.0e-02        0.075     30.760        0.379       0.870
23900         0.361        0.876        487.755  7.0e-02        0.075     30.765        0.379       0.870
24000         0.361        0.876        489.796  7.0e-02        0.075     33.850        0.379       0.868
24100         0.360        0.877        491.837  7.0e-02        0.075     30.760        0.379       0.868
24200         0.361        0.877        493.878  7.0e-02        0.076     30.762        0.379       0.868
24300         0.361        0.877        495.918  7.0e-02        0.075     30.765        0.379       0.868
24400         0.359        0.877        497.959  7.0e-02        0.076     30.761        0.379       0.868
24500         0.362        0.876        500.000  6.9e-02        0.075     30.711        0.379       0.868
24600         0.361        0.876        502.041  6.9e-02        0.074     30.759        0.379       0.868
    t    train_loss    train_acc    train_epoch       lr    data_time    it_time    test_loss    test_acc
-----  ------------  -----------  -------------  -------  -----------  ---------  -----------  ----------
24700         0.363        0.875        504.082  6.9e-02        0.074     30.763        0.379       0.868
24800         0.360        0.877        506.122  6.9e-02        0.075     30.764        0.379       0.868
24900         0.362        0.877        508.163  6.9e-02        0.075     30.764        0.379       0.868
25000         0.361        0.876        510.204  6.9e-02        0.074     33.862        0.380       0.868
25100         0.360        0.877        512.245  6.9e-02        0.075     30.759        0.380       0.868
25200         0.361        0.877        514.286  6.9e-02        0.075     30.762        0.380       0.868
25300         0.359        0.876        516.327  6.8e-02        0.075     30.762        0.380       0.868
25400         0.362        0.875        518.367  6.8e-02        0.075     30.758        0.380       0.868
25500         0.360        0.877        520.408  6.8e-02        0.075     30.764        0.380       0.868
25600         0.359        0.877        522.449  6.8e-02        0.075     30.763        0.380       0.868
25700         0.361        0.877        524.490  6.8e-02        0.074     30.761        0.380       0.868
25800         0.358        0.878        526.531  6.8e-02        0.076     30.760        0.380       0.868
25900         0.361        0.876        528.571  6.8e-02        0.075     30.761        0.380       0.868
26000         0.359        0.877        530.612  6.8e-02        0.074     33.861        0.379       0.869
26100         0.361        0.876        532.653  6.7e-02        0.075     30.768        0.379       0.869
26200         0.358        0.878        534.694  6.7e-02        0.075     30.765        0.379       0.869
26300         0.361        0.876        536.735  6.7e-02        0.075     30.769        0.379       0.869
26400         0.361        0.875        538.776  6.7e-02        0.075     30.766        0.379       0.869
26500         0.361        0.878        540.816  6.7e-02        0.075     30.797        0.379       0.869
26600         0.359        0.877        542.857  6.7e-02        0.074     30.760        0.379       0.869
26700         0.360        0.878        544.898  6.7e-02        0.075     30.761        0.379       0.869
26800         0.360        0.877        546.939  6.7e-02        0.076     30.759        0.379       0.869
26900         0.360        0.876        548.980  6.6e-02        0.075     30.762        0.379       0.869
27000         0.360        0.876        551.020  6.6e-02        0.074     33.807        0.380       0.869
27100         0.361        0.876        553.061  6.6e-02        0.075     30.761        0.380       0.869
27200         0.360        0.877        555.102  6.6e-02        0.074     30.760        0.380       0.869
27300         0.361        0.877        557.143  6.6e-02        0.075     30.760        0.380       0.869
27400         0.363        0.876        559.184  6.6e-02        0.075     30.763        0.380       0.869
27500         0.359        0.877        561.224  6.6e-02        0.075     30.759        0.380       0.869
27600         0.361        0.876        563.265  6.6e-02        0.075     30.763        0.380       0.869
27700         0.360        0.877        565.306  6.5e-02        0.074     30.766        0.380       0.869
27800         0.360        0.878        567.347  6.5e-02        0.074     30.764        0.380       0.869
27900         0.361        0.877        569.388  6.5e-02        0.075     30.760        0.380       0.869
28000         0.360        0.877        571.429  6.5e-02        0.075     33.861        0.380       0.869
28100         0.360        0.877        573.469  6.5e-02        0.075     30.758        0.380       0.869
28200         0.362        0.876        575.510  6.5e-02        0.075     30.756        0.380       0.869
28300         0.360        0.877        577.551  6.5e-02        0.074     30.761        0.380       0.869
28400         0.358        0.877        579.592  6.5e-02        0.076     30.760        0.380       0.869
28500         0.362        0.875        581.633  6.4e-02        0.074     30.757        0.380       0.869
28600         0.360        0.877        583.673  6.4e-02        0.075     30.755        0.380       0.869
28700         0.362        0.876        585.714  6.4e-02        0.074     30.758        0.380       0.869
    t    train_loss    train_acc    train_epoch       lr    data_time    it_time    test_loss    test_acc
-----  ------------  -----------  -------------  -------  -----------  ---------  -----------  ----------
28800         0.360        0.877        587.755  6.4e-02        0.074     30.760        0.380       0.869
28900         0.360        0.877        589.796  6.4e-02        0.074     30.757        0.380       0.869
29000         0.362        0.876        591.837  6.4e-02        0.076     33.853        0.379       0.870
29100         0.359        0.876        593.878  6.4e-02        0.076     30.759        0.379       0.870
29200         0.361        0.876        595.918  6.4e-02        0.076     30.759        0.379       0.870
29300         0.361        0.877        597.959  6.3e-02        0.076     30.753        0.379       0.870
29400         0.360        0.877        600.000  6.3e-02        0.075     30.705        0.379       0.870
29500         0.359        0.877        602.041  6.3e-02        0.075     30.756        0.379       0.870
29600         0.361        0.876        604.082  6.3e-02        0.075     30.754        0.379       0.870
29700         0.358        0.877        606.122  6.3e-02        0.076     30.754        0.379       0.870
29800         0.360        0.876        608.163  6.3e-02        0.077     30.758        0.379       0.870
29900         0.362        0.875        610.204  6.3e-02        0.076     30.760        0.379       0.870
30000         0.358        0.877        612.245  6.3e-02        0.076     33.854        0.378       0.870
30100         0.360        0.876        614.286  6.2e-02        0.074     30.752        0.378       0.870
30200         0.361        0.877        616.327  6.2e-02        0.075     30.754        0.378       0.870
30300         0.362        0.876        618.367  6.2e-02        0.075     30.755        0.378       0.870
30400         0.360        0.877        620.408  6.2e-02        0.074     30.757        0.378       0.870
30500         0.360        0.876        622.449  6.2e-02        0.075     30.754        0.378       0.870
30600         0.358        0.878        624.490  6.2e-02        0.075     30.754        0.378       0.870
30700         0.359        0.877        626.531  6.2e-02        0.075     30.753        0.378       0.870
30800         0.359        0.876        628.571  6.2e-02        0.074     30.757        0.378       0.870
30900         0.360        0.877        630.612  6.1e-02        0.074     30.755        0.378       0.870
31000         0.359        0.877        632.653  6.1e-02        0.075     33.855        0.380       0.870
31100         0.358        0.878        634.694  6.1e-02        0.075     30.758        0.380       0.870
31200         0.359        0.877        636.735  6.1e-02        0.075     30.762        0.380       0.870
31300         0.361        0.876        638.776  6.1e-02        0.075     30.758        0.380       0.870
31400         0.359        0.877        640.816  6.1e-02        0.075     30.753        0.380       0.870
31500         0.360        0.877        642.857  6.1e-02        0.075     30.757        0.380       0.870
31600         0.359        0.877        644.898  6.1e-02        0.075     30.756        0.380       0.870
31700         0.360        0.877        646.939  6.0e-02        0.077     30.757        0.380       0.870
31800         0.359        0.877        648.980  6.0e-02        0.076     30.763        0.380       0.870
31900         0.360        0.876        651.020  6.0e-02        0.075     30.708        0.380       0.870
32000         0.359        0.878        653.061  6.0e-02        0.075     33.858        0.380       0.869
32100         0.360        0.876        655.102  6.0e-02        0.075     30.757        0.380       0.869
32200         0.360        0.876        657.143  6.0e-02        0.076     30.755        0.380       0.869
32300         0.359        0.877        659.184  6.0e-02        0.075     30.759        0.380       0.869
32400         0.359        0.877        661.224  6.0e-02        0.076     30.755        0.380       0.869
32500         0.359        0.877        663.265  5.9e-02        0.075     30.756        0.380       0.869
32600         0.361        0.877        665.306  5.9e-02        0.076     30.760        0.380       0.869
32700         0.361        0.876        667.347  5.9e-02        0.077     30.756        0.380       0.869
32800         0.358        0.878        669.388  5.9e-02        0.075     30.759        0.380       0.869
    t    train_loss    train_acc    train_epoch       lr    data_time    it_time    test_loss    test_acc
-----  ------------  -----------  -------------  -------  -----------  ---------  -----------  ----------
32900         0.361        0.876        671.429  5.9e-02        0.075     30.761        0.380       0.869
33000         0.359        0.877        673.469  5.9e-02        0.075     33.860        0.379       0.871
33100         0.363        0.876        675.510  5.9e-02        0.076     30.759        0.379       0.871
33200         0.360        0.876        677.551  5.9e-02        0.076     30.764        0.379       0.871
33300         0.359        0.878        679.592  5.8e-02        0.077     30.761        0.379       0.871
33400         0.362        0.875        681.633  5.8e-02        0.075     30.758        0.379       0.871
33500         0.359        0.877        683.673  5.8e-02        0.075     30.759        0.379       0.871
33600         0.360        0.876        685.714  5.8e-02        0.075     30.754        0.379       0.871
33700         0.356        0.878        687.755  5.8e-02        0.075     30.756        0.379       0.871
33800         0.359        0.878        689.796  5.8e-02        0.075     30.758        0.379       0.871
33900         0.361        0.876        691.837  5.8e-02        0.075     30.757        0.379       0.871
34000         0.357        0.877        693.878  5.8e-02        0.075     33.859        0.378       0.869
34100         0.360        0.877        695.918  5.7e-02        0.075     30.759        0.378       0.869
34200         0.359        0.877        697.959  5.7e-02        0.076     30.751        0.378       0.869
34300         0.360        0.876        700.000  5.7e-02        0.074     30.694        0.378       0.869
34400         0.359        0.877        702.041  5.7e-02        0.074     30.752        0.378       0.869
34500         0.359        0.877        704.082  5.7e-02        0.075     30.751        0.378       0.869
34600         0.360        0.877        706.122  5.7e-02        0.076     30.754        0.378       0.869
34700         0.360        0.876        708.163  5.7e-02        0.074     30.753        0.378       0.869
34800         0.361        0.875        710.204  5.7e-02        0.075     30.752        0.378       0.869
34900         0.359        0.876        712.245  5.6e-02        0.075     30.752        0.378       0.869
35000         0.358        0.878        714.286  5.6e-02        0.074     33.852        0.379       0.868
35100         0.360        0.876        716.327  5.6e-02        0.075     30.749        0.379       0.868
35200         0.359        0.878        718.367  5.6e-02        0.075     30.751        0.379       0.868
35300         0.359        0.877        720.408  5.6e-02        0.075     30.753        0.379       0.868
35400         0.358        0.877        722.449  5.6e-02        0.074     30.756        0.379       0.868
35500         0.360        0.876        724.490  5.6e-02        0.075     30.753        0.379       0.868
35600         0.359        0.877        726.531  5.6e-02        0.074     30.759        0.379       0.868
35700         0.359        0.878        728.571  5.5e-02        0.074     30.763        0.379       0.868
35800         0.361        0.876        730.612  5.5e-02        0.075     30.761        0.379       0.868
35900         0.360        0.877        732.653  5.5e-02        0.075     30.759        0.379       0.868
36000         0.360        0.877        734.694  5.5e-02        0.075     33.862        0.378       0.870
36100         0.357        0.878        736.735  5.5e-02        0.075     30.758        0.378       0.870
36200         0.361        0.876        738.776  5.5e-02        0.075     30.756        0.378       0.870
36300         0.360        0.876        740.816  5.5e-02        0.074     30.755        0.378       0.870
36400         0.359        0.877        742.857  5.5e-02        0.075     30.762        0.378       0.870
36500         0.360        0.876        744.898  5.4e-02        0.074     30.757        0.378       0.870
36600         0.361        0.876        746.939  5.4e-02        0.076     30.769        0.378       0.870
36700         0.358        0.877        748.980  5.4e-02        0.074     30.755        0.378       0.870
36800         0.360        0.877        751.020  5.4e-02        0.074     30.708        0.378       0.870
36900         0.359        0.877        753.061  5.4e-02        0.075     30.759        0.378       0.870
    t    train_loss    train_acc    train_epoch       lr    data_time    it_time    test_loss    test_acc
-----  ------------  -----------  -------------  -------  -----------  ---------  -----------  ----------
37000         0.358        0.877        755.102  5.4e-02        0.075     33.857        0.380       0.870
37100         0.359        0.877        757.143  5.4e-02        0.075     30.760        0.380       0.870
37200         0.359        0.877        759.184  5.4e-02        0.074     30.755        0.380       0.870
37300         0.360        0.877        761.224  5.3e-02        0.074     30.763        0.380       0.870
37400         0.359        0.876        763.265  5.3e-02        0.075     30.764        0.380       0.870
37500         0.358        0.877        765.306  5.3e-02        0.075     30.758        0.380       0.870
37600         0.361        0.877        767.347  5.3e-02        0.075     30.760        0.380       0.870
37700         0.359        0.877        769.388  5.3e-02        0.075     30.758        0.380       0.870
37800         0.361        0.876        771.429  5.3e-02        0.075     30.760        0.380       0.870
37900         0.358        0.878        773.469  5.3e-02        0.075     30.755        0.380       0.870
38000         0.359        0.877        775.510  5.3e-02        0.074     33.861        0.378       0.870
38100         0.360        0.876        777.551  5.2e-02        0.075     30.758        0.378       0.870
38200         0.359        0.877        779.592  5.2e-02        0.075     30.762        0.378       0.870
38300         0.358        0.878        781.633  5.2e-02        0.074     30.765        0.378       0.870
38400         0.361        0.876        783.673  5.2e-02        0.075     30.766        0.378       0.870
38500         0.360        0.876        785.714  5.2e-02        0.075     30.761        0.378       0.870
38600         0.357        0.877        787.755  5.2e-02        0.075     30.765        0.378       0.870
38700         0.361        0.876        789.796  5.2e-02        0.075     30.763        0.378       0.870
38800         0.360        0.877        791.837  5.2e-02        0.075     30.764        0.378       0.870
38900         0.360        0.877        793.878  5.1e-02        0.075     30.766        0.378       0.870
39000         0.361        0.876        795.918  5.1e-02        0.075     33.868        0.379       0.870
39100         0.359        0.877        797.959  5.1e-02        0.076     30.764        0.379       0.870
39200         0.358        0.878        800.000  5.1e-02        0.074     30.707        0.379       0.870
39300         0.358        0.878        802.041  5.1e-02        0.074     30.760        0.379       0.870
39400         0.358        0.877        804.082  5.1e-02        0.074     30.759        0.379       0.870
39500         0.361        0.876        806.122  5.1e-02        0.075     30.761        0.379       0.870
39600         0.360        0.877        808.163  5.1e-02        0.075     30.756        0.379       0.870
39700         0.358        0.877        810.204  5.0e-02        0.074     30.760        0.379       0.870
39800         0.360        0.877        812.245  5.0e-02        0.074     30.761        0.379       0.870
39900         0.361        0.876        814.286  5.0e-02        0.075     30.763        0.379       0.870
40000         0.358        0.877        816.327  5.0e-02        0.074     33.856        0.378       0.870
40100         0.361        0.876        818.367  5.0e-02        0.075     30.761        0.378       0.870
40200         0.357        0.878        820.408  5.0e-02        0.075     30.766        0.378       0.870
40300         0.359        0.877        822.449  5.0e-02        0.074     30.760        0.378       0.870
40400         0.358        0.877        824.490  5.0e-02        0.075     30.763        0.378       0.870
40500         0.360        0.877        826.531  4.9e-02        0.075     30.763        0.378       0.870
40600         0.360        0.876        828.571  4.9e-02        0.075     30.762        0.378       0.870
40700         0.358        0.877        830.612  4.9e-02        0.074     30.761        0.378       0.870
40800         0.359        0.877        832.653  4.9e-02        0.074     30.767        0.378       0.870
40900         0.358        0.878        834.694  4.9e-02        0.074     30.762        0.378       0.870
41000         0.362        0.877        836.735  4.9e-02        0.075     33.866        0.378       0.869
    t    train_loss    train_acc    train_epoch       lr    data_time    it_time    test_loss    test_acc
-----  ------------  -----------  -------------  -------  -----------  ---------  -----------  ----------
41100         0.360        0.876        838.776  4.9e-02        0.075     30.761        0.378       0.869
41200         0.358        0.877        840.816  4.9e-02        0.075     30.763        0.378       0.869
41300         0.358        0.877        842.857  4.8e-02        0.075     30.765        0.378       0.869
41400         0.359        0.876        844.898  4.8e-02        0.076     30.762        0.378       0.869
41500         0.359        0.878        846.939  4.8e-02        0.077     30.762        0.378       0.869
41600         0.360        0.876        848.980  4.8e-02        0.074     30.759        0.378       0.869
41700         0.361        0.876        851.020  4.8e-02        0.074     30.706        0.378       0.869
41800         0.361        0.877        853.061  4.8e-02        0.074     30.758        0.378       0.869
41900         0.359        0.877        855.102  4.8e-02        0.075     30.759        0.378       0.869
42000         0.358        0.877        857.143  4.8e-02        0.074     33.844        0.379       0.870
42100         0.361        0.876        859.184  4.7e-02        0.075     30.753        0.379       0.870
42200         0.358        0.877        861.224  4.7e-02        0.074     30.754        0.379       0.870
42300         0.359        0.877        863.265  4.7e-02        0.076     30.755        0.379       0.870
42400         0.358        0.877        865.306  4.7e-02        0.075     30.754        0.379       0.870
42500         0.359        0.877        867.347  4.7e-02        0.074     30.757        0.379       0.870
42600         0.360        0.878        869.388  4.7e-02        0.075     30.756        0.379       0.870
42700         0.358        0.878        871.429  4.7e-02        0.074     30.755        0.379       0.870
42800         0.356        0.878        873.469  4.7e-02        0.075     30.747        0.379       0.870
42900         0.361        0.877        875.510  4.6e-02        0.074     30.756        0.379       0.870
43000         0.359        0.876        877.551  4.6e-02        0.075     33.853        0.378       0.871
43100         0.359        0.876        879.592  4.6e-02        0.075     30.755        0.378       0.871
43200         0.359        0.877        881.633  4.6e-02        0.075     30.759        0.378       0.871
43300         0.359        0.878        883.673  4.6e-02        0.075     30.751        0.378       0.871
43400         0.359        0.877        885.714  4.6e-02        0.074     30.758        0.378       0.871
43500         0.360        0.876        887.755  4.6e-02        0.075     30.756        0.378       0.871
43600         0.359        0.877        889.796  4.6e-02        0.075     30.753        0.378       0.871
43700         0.360        0.876        891.837  4.5e-02        0.074     30.751        0.378       0.871
43800         0.358        0.877        893.878  4.5e-02        0.075     30.752        0.378       0.871
43900         0.358        0.878        895.918  4.5e-02        0.075     30.753        0.378       0.871
44000         0.359        0.877        897.959  4.5e-02        0.076     33.855        0.377       0.870
44100         0.360        0.876        900.000  4.5e-02        0.075     30.704        0.377       0.870
44200         0.358        0.877        902.041  4.5e-02        0.075     30.757        0.377       0.870
44300         0.359        0.877        904.082  4.5e-02        0.075     30.759        0.377       0.870
44400         0.360        0.877        906.122  4.5e-02        0.075     30.754        0.377       0.870
44500         0.360        0.877        908.163  4.4e-02        0.075     30.757        0.377       0.870
44600         0.359        0.878        910.204  4.4e-02        0.074     30.755        0.377       0.870
44700         0.359        0.877        912.245  4.4e-02        0.074     30.756        0.377       0.870
44800         0.359        0.878        914.286  4.4e-02        0.075     30.752        0.377       0.870
44900         0.360        0.877        916.327  4.4e-02        0.075     30.756        0.377       0.870
45000         0.359        0.877        918.367  4.4e-02        0.076     33.858        0.380       0.869
45100         0.358        0.877        920.408  4.4e-02        0.075     30.758        0.380       0.869
    t    train_loss    train_acc    train_epoch       lr    data_time    it_time    test_loss    test_acc
-----  ------------  -----------  -------------  -------  -----------  ---------  -----------  ----------
45200         0.359        0.877        922.449  4.4e-02        0.075     30.758        0.380       0.869
45300         0.358        0.877        924.490  4.3e-02        0.075     30.753        0.380       0.869
45400         0.358        0.878        926.531  4.3e-02        0.075     30.756        0.380       0.869
45500         0.361        0.877        928.571  4.3e-02        0.074     30.754        0.380       0.869
45600         0.358        0.877        930.612  4.3e-02        0.075     30.759        0.380       0.869
45700         0.357        0.878        932.653  4.3e-02        0.075     30.758        0.380       0.869
45800         0.358        0.877        934.694  4.3e-02        0.075     30.755        0.380       0.869
45900         0.361        0.876        936.735  4.3e-02        0.075     30.756        0.380       0.869
46000         0.357        0.879        938.776  4.3e-02        0.074     33.858        0.379       0.870
46100         0.358        0.877        940.816  4.2e-02        0.075     30.754        0.379       0.870
46200         0.359        0.877        942.857  4.2e-02        0.075     30.758        0.379       0.870
46300         0.357        0.878        944.898  4.2e-02        0.074     30.756        0.379       0.870
46400         0.358        0.877        946.939  4.2e-02        0.076     30.760        0.379       0.870
46500         0.359        0.877        948.980  4.2e-02        0.075     30.758        0.379       0.870
46600         0.358        0.878        951.020  4.2e-02        0.075     30.705        0.379       0.870
46700         0.360        0.877        953.061  4.2e-02        0.075     30.754        0.379       0.870
46800         0.360        0.877        955.102  4.2e-02        0.075     30.755        0.379       0.870
46900         0.360        0.877        957.143  4.1e-02        0.075     30.756        0.379       0.870
47000         0.359        0.877        959.184  4.1e-02        0.075     33.850        0.378       0.869
47100         0.359        0.878        961.224  4.1e-02        0.075     30.759        0.378       0.869
47200         0.360        0.877        963.265  4.1e-02        0.075     30.758        0.378       0.869
47300         0.359        0.877        965.306  4.1e-02        0.075     30.757        0.378       0.869
47400         0.360        0.876        967.347  4.1e-02        0.075     30.760        0.378       0.869
47500         0.358        0.877        969.388  4.1e-02        0.075     30.760        0.378       0.869
47600         0.360        0.876        971.429  4.1e-02        0.076     30.756        0.378       0.869
47700         0.361        0.876        973.469  4.0e-02        0.075     30.756        0.378       0.869
47800         0.358        0.877        975.510  4.0e-02        0.075     30.760        0.378       0.869
47900         0.359        0.877        977.551  4.0e-02        0.075     30.757        0.378       0.869
48000         0.359        0.878        979.592  4.0e-02        0.075     33.854        0.378       0.869
48100         0.359        0.878        981.633  4.0e-02        0.075     30.757        0.378       0.869
48200         0.358        0.878        983.673  4.0e-02        0.075     30.758        0.378       0.869
48300         0.360        0.876        985.714  4.0e-02        0.075     30.763        0.378       0.869
48400         0.357        0.878        987.755  4.0e-02        0.074     30.758        0.378       0.869
48500         0.359        0.878        989.796  3.9e-02        0.075     30.757        0.378       0.869
48600         0.358        0.878        991.837  3.9e-02        0.074     30.757        0.378       0.869
48700         0.359        0.876        993.878  3.9e-02        0.074     30.754        0.378       0.869
48800         0.359        0.877        995.918  3.9e-02        0.075     30.754        0.378       0.869
48900         0.359        0.877        997.959  3.9e-02        0.076     30.759        0.378       0.869
49000         0.359        0.879       1000.000  3.9e-02        0.076     33.799        0.378       0.871
49100         0.359        0.877       1002.041  3.9e-02        0.076     30.760        0.378       0.871
49200         0.358        0.877       1004.082  3.9e-02        0.076     30.754        0.378       0.871
    t    train_loss    train_acc    train_epoch       lr    data_time    it_time    test_loss    test_acc
-----  ------------  -----------  -------------  -------  -----------  ---------  -----------  ----------
49300         0.360        0.876       1006.122  3.8e-02        0.076     30.761        0.378       0.871
49400         0.358        0.877       1008.163  3.8e-02        0.076     30.757        0.378       0.871
49500         0.358        0.878       1010.204  3.8e-02        0.076     30.758        0.378       0.871
49600         0.359        0.877       1012.245  3.8e-02        0.075     30.756        0.378       0.871
49700         0.358        0.878       1014.286  3.8e-02        0.075     30.759        0.378       0.871
49800         0.360        0.877       1016.327  3.8e-02        0.075     30.755        0.378       0.871
49900         0.359        0.878       1018.367  3.8e-02        0.076     30.759        0.378       0.871
50000         0.359        0.877       1020.408  3.8e-02        0.075     33.888        0.379       0.870
50100         0.359        0.876       1022.449  3.7e-02        0.075     30.754        0.379       0.870
50200         0.359        0.876       1024.490  3.7e-02        0.075     30.757        0.379       0.870
50300         0.359        0.877       1026.531  3.7e-02        0.075     30.757        0.379       0.870
50400         0.362        0.876       1028.571  3.7e-02        0.075     30.756        0.379       0.870
50500         0.358        0.877       1030.612  3.7e-02        0.075     30.760        0.379       0.870
50600         0.359        0.877       1032.653  3.7e-02        0.075     30.757        0.379       0.870
50700         0.358        0.878       1034.694  3.7e-02        0.075     30.757        0.379       0.870
50800         0.359        0.877       1036.735  3.7e-02        0.075     30.759        0.379       0.870
50900         0.359        0.877       1038.776  3.6e-02        0.075     30.758        0.379       0.870
51000         0.360        0.876       1040.816  3.6e-02        0.075     33.854        0.378       0.871
51100         0.359        0.877       1042.857  3.6e-02        0.075     30.764        0.378       0.871
51200         0.357        0.877       1044.898  3.6e-02        0.075     30.758        0.378       0.871
51300         0.357        0.878       1046.939  3.6e-02        0.076     30.761        0.378       0.871
51400         0.359        0.877       1048.980  3.6e-02        0.075     30.753        0.378       0.871
51500         0.360        0.877       1051.020  3.6e-02        0.074     30.704        0.378       0.871
51600         0.357        0.877       1053.061  3.6e-02        0.075     30.757        0.378       0.871
51700         0.358        0.877       1055.102  3.5e-02        0.075     30.757        0.378       0.871
51800         0.359        0.877       1057.143  3.5e-02        0.075     30.760        0.378       0.871
51900         0.359        0.878       1059.184  3.5e-02        0.075     30.753        0.378       0.871
52000         0.359        0.877       1061.224  3.5e-02        0.075     33.852        0.378       0.870
52100         0.360        0.877       1063.265  3.5e-02        0.075     30.758        0.378       0.870
52200         0.358        0.877       1065.306  3.5e-02        0.076     30.761        0.378       0.870
52300         0.359        0.877       1067.347  3.5e-02        0.075     30.757        0.378       0.870
52400         0.358        0.878       1069.388  3.5e-02        0.075     30.760        0.378       0.870
52500         0.358        0.876       1071.429  3.4e-02        0.075     30.760        0.378       0.870
52600         0.360        0.877       1073.469  3.4e-02        0.075     30.758        0.378       0.870
52700         0.359        0.878       1075.510  3.4e-02        0.075     30.760        0.378       0.870
52800         0.357        0.877       1077.551  3.4e-02        0.075     30.759        0.378       0.870
52900         0.358        0.877       1079.592  3.4e-02        0.075     30.762        0.378       0.870
53000         0.359        0.877       1081.633  3.4e-02        0.075     33.894        0.378       0.869
53100         0.359        0.877       1083.673  3.4e-02        0.076     30.766        0.378       0.869
53200         0.360        0.877       1085.714  3.4e-02        0.075     30.768        0.378       0.869
53300         0.358        0.878       1087.755  3.3e-02        0.075     30.775        0.378       0.869
    t    train_loss    train_acc    train_epoch       lr    data_time    it_time    test_loss    test_acc
-----  ------------  -----------  -------------  -------  -----------  ---------  -----------  ----------
53400         0.358        0.877       1089.796  3.3e-02        0.075     30.775        0.378       0.869
53500         0.359        0.877       1091.837  3.3e-02        0.075     30.767        0.378       0.869
53600         0.359        0.878       1093.878  3.3e-02        0.075     30.768        0.378       0.869
53700         0.361        0.876       1095.918  3.3e-02        0.075     30.769        0.378       0.869
53800         0.359        0.877       1097.959  3.3e-02        0.076     30.770        0.378       0.869
53900         0.358        0.878       1100.000  3.3e-02        0.075     30.715        0.378       0.869
54000         0.359        0.877       1102.041  3.3e-02        0.075     33.902        0.378       0.869
54100         0.357        0.878       1104.082  3.2e-02        0.075     30.764        0.378       0.869
54200         0.358        0.877       1106.122  3.2e-02        0.075     30.765        0.378       0.869
54300         0.359        0.876       1108.163  3.2e-02        0.075     30.764        0.378       0.869
54400         0.357        0.878       1110.204  3.2e-02        0.076     30.762        0.378       0.869
54500         0.359        0.878       1112.245  3.2e-02        0.076     30.760        0.378       0.869
54600         0.359        0.877       1114.286  3.2e-02        0.076     30.764        0.378       0.869
54700         0.359        0.877       1116.327  3.2e-02        0.076     30.765        0.378       0.869
54800         0.358        0.878       1118.367  3.2e-02        0.075     30.760        0.378       0.869
54900         0.358        0.877       1120.408  3.1e-02        0.075     30.767        0.378       0.869
55000         0.357        0.878       1122.449  3.1e-02        0.076     33.895        0.378       0.870
55100         0.358        0.878       1124.490  3.1e-02        0.076     30.759        0.378       0.870
55200         0.358        0.877       1126.531  3.1e-02        0.076     30.767        0.378       0.870
55300         0.358        0.877       1128.571  3.1e-02        0.076     30.781        0.378       0.870
55400         0.357        0.878       1130.612  3.1e-02        0.076     30.763        0.378       0.870
55500         0.359        0.877       1132.653  3.1e-02        0.076     30.764        0.378       0.870
55600         0.360        0.876       1134.694  3.1e-02        0.076     30.760        0.378       0.870
55700         0.357        0.878       1136.735  3.0e-02        0.076     30.764        0.378       0.870
55800         0.360        0.878       1138.776  3.0e-02        0.077     30.763        0.378       0.870
55900         0.358        0.877       1140.816  3.0e-02        0.076     30.762        0.378       0.870
56000         0.359        0.877       1142.857  3.0e-02        0.076     33.854        0.379       0.870
56100         0.359        0.878       1144.898  3.0e-02        0.076     30.762        0.379       0.870
56200         0.358        0.877       1146.939  3.0e-02        0.077     30.762        0.379       0.870
56300         0.359        0.877       1148.980  3.0e-02        0.075     30.767        0.379       0.870
56400         0.359        0.877       1151.020  3.0e-02        0.075     30.713        0.379       0.870
56500         0.358        0.877       1153.061  2.9e-02        0.075     30.762        0.379       0.870
56600         0.358        0.878       1155.102  2.9e-02        0.076     30.755        0.379       0.870
56700         0.360        0.876       1157.143  2.9e-02        0.075     30.758        0.379       0.870
56800         0.359        0.877       1159.184  2.9e-02        0.076     30.760        0.379       0.870
56900         0.358        0.877       1161.224  2.9e-02        0.075     30.760        0.379       0.870
57000         0.360        0.877       1163.265  2.9e-02        0.075     33.856        0.378       0.869
57100         0.356        0.878       1165.306  2.9e-02        0.075     30.757        0.378       0.869
57200         0.360        0.877       1167.347  2.9e-02        0.076     30.755        0.378       0.869
57300         0.358        0.877       1169.388  2.8e-02        0.076     30.754        0.378       0.869
57400         0.358        0.879       1171.429  2.8e-02        0.075     30.753        0.378       0.869
    t    train_loss    train_acc    train_epoch       lr    data_time    it_time    test_loss    test_acc
-----  ------------  -----------  -------------  -------  -----------  ---------  -----------  ----------
57500         0.359        0.877       1173.469  2.8e-02        0.075     30.758        0.378       0.869
57600         0.358        0.877       1175.510  2.8e-02        0.076     30.757        0.378       0.869
57700         0.359        0.877       1177.551  2.8e-02        0.075     30.755        0.378       0.869
57800         0.359        0.877       1179.592  2.8e-02        0.075     30.758        0.378       0.869
57900         0.358        0.878       1181.633  2.8e-02        0.075     30.755        0.378       0.869
58000         0.359        0.876       1183.673  2.8e-02        0.075     33.867        0.378       0.870
58100         0.362        0.876       1185.714  2.7e-02        0.075     30.761        0.378       0.870
58200         0.360        0.876       1187.755  2.7e-02        0.075     30.756        0.378       0.870
58300         0.358        0.878       1189.796  2.7e-02        0.075     30.759        0.378       0.870
58400         0.360        0.877       1191.837  2.7e-02        0.075     30.758        0.378       0.870
58500         0.360        0.877       1193.878  2.7e-02        0.075     30.761        0.378       0.870
58600         0.357        0.878       1195.918  2.7e-02        0.076     30.765        0.378       0.870
58700         0.358        0.878       1197.959  2.7e-02        0.077     30.764        0.378       0.870
58800         0.358        0.877       1200.000  2.7e-02        0.076     30.707        0.378       0.870
58900         0.359        0.878       1202.041  2.6e-02        0.076     30.763        0.378       0.870
59000         0.358        0.878       1204.082  2.6e-02        0.076     33.854        0.379       0.870
59100         0.360        0.876       1206.122  2.6e-02        0.075     30.752        0.379       0.870
59200         0.359        0.878       1208.163  2.6e-02        0.076     30.761        0.379       0.870
59300         0.358        0.878       1210.204  2.6e-02        0.076     30.758        0.379       0.870
59400         0.358        0.876       1212.245  2.6e-02        0.077     30.759        0.379       0.870
59500         0.359        0.877       1214.286  2.6e-02        0.075     30.759        0.379       0.870
59600         0.359        0.877       1216.327  2.6e-02        0.075     30.756        0.379       0.870
59700         0.358        0.877       1218.367  2.5e-02        0.075     30.772        0.379       0.870
59800         0.359        0.877       1220.408  2.5e-02        0.076     30.761        0.379       0.870
59900         0.359        0.877       1222.449  2.5e-02        0.076     30.769        0.379       0.870
60000         0.358        0.877       1224.490  2.5e-02        0.077     33.868        0.378       0.870
60100         0.356        0.879       1226.531  2.5e-02        0.076     30.760        0.378       0.870
60200         0.358        0.878       1228.571  2.5e-02        0.075     30.757        0.378       0.870
60300         0.359        0.877       1230.612  2.5e-02        0.075     30.759        0.378       0.870
60400         0.359        0.877       1232.653  2.5e-02        0.075     30.762        0.378       0.870
60500         0.356        0.878       1234.694  2.4e-02        0.075     30.759        0.378       0.870
60600         0.360        0.877       1236.735  2.4e-02        0.076     30.755        0.378       0.870
60700         0.357        0.877       1238.776  2.4e-02        0.076     30.764        0.378       0.870
60800         0.359        0.876       1240.816  2.4e-02        0.075     30.757        0.378       0.870
60900         0.359        0.878       1242.857  2.4e-02        0.075     30.759        0.378       0.870
61000         0.359        0.877       1244.898  2.4e-02        0.075     33.858        0.378       0.870
61100         0.359        0.877       1246.939  2.4e-02        0.077     30.763        0.378       0.870
61200         0.358        0.878       1248.980  2.4e-02        0.075     30.761        0.378       0.870
61300         0.358        0.878       1251.020  2.3e-02        0.075     30.710        0.378       0.870
61400         0.358        0.878       1253.061  2.3e-02        0.075     30.767        0.378       0.870
61500         0.360        0.876       1255.102  2.3e-02        0.075     30.761        0.378       0.870
    t    train_loss    train_acc    train_epoch       lr    data_time    it_time    test_loss    test_acc
-----  ------------  -----------  -------------  -------  -----------  ---------  -----------  ----------
61600         0.359        0.876       1257.143  2.3e-02        0.075     30.762        0.378       0.870
61700         0.359        0.877       1259.184  2.3e-02        0.075     30.760        0.378       0.870
61800         0.359        0.878       1261.224  2.3e-02        0.076     30.759        0.378       0.870
61900         0.359        0.877       1263.265  2.3e-02        0.075     30.765        0.378       0.870
62000         0.358        0.877       1265.306  2.3e-02        0.076     33.864        0.378       0.870
62100         0.357        0.878       1267.347  2.2e-02        0.077     30.765        0.378       0.870
62200         0.357        0.878       1269.388  2.2e-02        0.076     30.763        0.378       0.870
62300         0.360        0.877       1271.429  2.2e-02        0.076     30.761        0.378       0.870
62400         0.358        0.877       1273.469  2.2e-02        0.077     30.765        0.378       0.870
62500         0.359        0.877       1275.510  2.2e-02        0.076     30.764        0.378       0.870
62600         0.359        0.877       1277.551  2.2e-02        0.076     30.767        0.378       0.870
62700         0.357        0.878       1279.592  2.2e-02        0.076     30.766        0.378       0.870
62800         0.358        0.877       1281.633  2.2e-02        0.077     30.769        0.378       0.870
62900         0.358        0.877       1283.673  2.1e-02        0.077     30.763        0.378       0.870
63000         0.358        0.877       1285.714  2.1e-02        0.077     33.867        0.378       0.869
63100         0.359        0.877       1287.755  2.1e-02        0.077     30.762        0.378       0.869
63200         0.359        0.877       1289.796  2.1e-02        0.077     30.764        0.378       0.869
63300         0.357        0.878       1291.837  2.1e-02        0.076     30.761        0.378       0.869
63400         0.361        0.877       1293.878  2.1e-02        0.076     30.759        0.378       0.869
63500         0.358        0.877       1295.918  2.1e-02        0.076     30.759        0.378       0.869
63600         0.360        0.876       1297.959  2.1e-02        0.077     30.762        0.378       0.869
63700         0.358        0.877       1300.000  2.0e-02        0.076     30.704        0.378       0.869
63800         0.360        0.877       1302.041  2.0e-02        0.075     30.758        0.378       0.869
63900         0.358        0.877       1304.082  2.0e-02        0.075     30.755        0.378       0.869
64000         0.358        0.878       1306.122  2.0e-02        0.075     33.858        0.378       0.870
64100         0.358        0.877       1308.163  2.0e-02        0.075     30.766        0.378       0.870
64200         0.360        0.877       1310.204  2.0e-02        0.075     30.765        0.378       0.870
64300         0.357        0.878       1312.245  2.0e-02        0.075     30.765        0.378       0.870
64400         0.360        0.876       1314.286  2.0e-02        0.075     30.769        0.378       0.870
64500         0.360        0.877       1316.327  1.9e-02        0.075     30.764        0.378       0.870
64600         0.357        0.879       1318.367  1.9e-02        0.075     30.769        0.378       0.870
64700         0.358        0.877       1320.408  1.9e-02        0.076     30.763        0.378       0.870
64800         0.359        0.876       1322.449  1.9e-02        0.075     30.763        0.378       0.870
64900         0.356        0.878       1324.490  1.9e-02        0.075     30.766        0.378       0.870
65000         0.359        0.877       1326.531  1.9e-02        0.076     33.861        0.378       0.871
65100         0.357        0.878       1328.571  1.9e-02        0.075     30.756        0.378       0.871
65200         0.360        0.876       1330.612  1.9e-02        0.075     30.759        0.378       0.871
65300         0.358        0.878       1332.653  1.8e-02        0.076     30.759        0.378       0.871
65400         0.359        0.877       1334.694  1.8e-02        0.076     30.759        0.378       0.871
65500         0.359        0.877       1336.735  1.8e-02        0.076     30.761        0.378       0.871
65600         0.358        0.878       1338.776  1.8e-02        0.076     30.758        0.378       0.871
    t    train_loss    train_acc    train_epoch       lr    data_time    it_time    test_loss    test_acc
-----  ------------  -----------  -------------  -------  -----------  ---------  -----------  ----------
65700         0.358        0.877       1340.816  1.8e-02        0.075     30.762        0.378       0.871
65800         0.359        0.877       1342.857  1.8e-02        0.076     30.759        0.378       0.871
65900         0.357        0.877       1344.898  1.8e-02        0.075     30.759        0.378       0.871
66000         0.357        0.878       1346.939  1.8e-02        0.077     33.853        0.378       0.870
66100         0.358        0.878       1348.980  1.7e-02        0.075     30.759        0.378       0.870
66200         0.358        0.877       1351.020  1.7e-02        0.075     30.704        0.378       0.870
66300         0.358        0.877       1353.061  1.7e-02        0.076     30.758        0.378       0.870
66400         0.360        0.877       1355.102  1.7e-02        0.075     30.756        0.378       0.870
66500         0.361        0.876       1357.143  1.7e-02        0.076     30.758        0.378       0.870
66600         0.358        0.878       1359.184  1.7e-02        0.075     30.758        0.378       0.870
66700         0.357        0.878       1361.224  1.7e-02        0.075     30.759        0.378       0.870
66800         0.359        0.876       1363.265  1.7e-02        0.075     30.756        0.378       0.870
66900         0.357        0.878       1365.306  1.6e-02        0.076     30.755        0.378       0.870
67000         0.359        0.877       1367.347  1.6e-02        0.075     33.860        0.378       0.870
67100         0.359        0.877       1369.388  1.6e-02        0.075     30.760        0.378       0.870
67200         0.360        0.876       1371.429  1.6e-02        0.075     30.762        0.378       0.870
67300         0.360        0.878       1373.469  1.6e-02        0.075     30.762        0.378       0.870
67400         0.358        0.877       1375.510  1.6e-02        0.075     30.763        0.378       0.870
67500         0.360        0.877       1377.551  1.6e-02        0.076     30.762        0.378       0.870
67600         0.358        0.877       1379.592  1.6e-02        0.076     30.765        0.378       0.870
67700         0.359        0.877       1381.633  1.5e-02        0.075     30.759        0.378       0.870
67800         0.357        0.877       1383.673  1.5e-02        0.076     30.762        0.378       0.870
67900         0.360        0.877       1385.714  1.5e-02        0.075     30.764        0.378       0.870
68000         0.357        0.878       1387.755  1.5e-02        0.075     33.868        0.378       0.870
68100         0.359        0.878       1389.796  1.5e-02        0.076     30.762        0.378       0.870
68200         0.358        0.877       1391.837  1.5e-02        0.075     30.760        0.378       0.870
68300         0.359        0.877       1393.878  1.5e-02        0.076     30.762        0.378       0.870
68400         0.361        0.876       1395.918  1.5e-02        0.076     30.763        0.378       0.870
68500         0.357        0.878       1397.959  1.4e-02        0.077     30.765        0.378       0.870
68600         0.358        0.878       1400.000  1.4e-02        0.075     30.713        0.378       0.870
68700         0.358        0.877       1402.041  1.4e-02        0.075     30.765        0.378       0.870
68800         0.359        0.876       1404.082  1.4e-02        0.075     30.765        0.378       0.870
68900         0.359        0.877       1406.122  1.4e-02        0.075     30.760        0.378       0.870
69000         0.359        0.877       1408.163  1.4e-02        0.075     33.862        0.378       0.870
69100         0.358        0.878       1410.204  1.4e-02        0.076     30.760        0.378       0.870
69200         0.359        0.877       1412.245  1.4e-02        0.075     30.763        0.378       0.870
69300         0.357        0.878       1414.286  1.3e-02        0.075     30.766        0.378       0.870
69400         0.358        0.878       1416.327  1.3e-02        0.075     30.764        0.378       0.870
69500         0.358        0.878       1418.367  1.3e-02        0.076     30.763        0.378       0.870
69600         0.357        0.878       1420.408  1.3e-02        0.076     30.768        0.378       0.870
69700         0.360        0.877       1422.449  1.3e-02        0.075     30.764        0.378       0.870
    t    train_loss    train_acc    train_epoch       lr    data_time    it_time    test_loss    test_acc
-----  ------------  -----------  -------------  -------  -----------  ---------  -----------  ----------
69800         0.357        0.878       1424.490  1.3e-02        0.075     30.765        0.378       0.870
69900         0.358        0.877       1426.531  1.3e-02        0.075     30.767        0.378       0.870
70000         0.360        0.877       1428.571  1.3e-02        0.075     33.863        0.378       0.870
70100         0.357        0.879       1430.612  1.2e-02        0.075     30.766        0.378       0.870
70200         0.359        0.877       1432.653  1.2e-02        0.075     30.763        0.378       0.870
70300         0.357        0.878       1434.694  1.2e-02        0.075     30.765        0.378       0.870
70400         0.358        0.877       1436.735  1.2e-02        0.075     30.763        0.378       0.870
70500         0.359        0.877       1438.776  1.2e-02        0.075     30.761        0.378       0.870
70600         0.358        0.877       1440.816  1.2e-02        0.075     30.762        0.378       0.870
70700         0.357        0.877       1442.857  1.2e-02        0.075     30.762        0.378       0.870
70800         0.359        0.878       1444.898  1.2e-02        0.075     30.764        0.378       0.870
70900         0.360        0.876       1446.939  1.1e-02        0.077     30.764        0.378       0.870
71000         0.358        0.877       1448.980  1.1e-02        0.075     33.863        0.378       0.870
71100         0.359        0.878       1451.020  1.1e-02        0.076     30.712        0.378       0.870
71200         0.359        0.877       1453.061  1.1e-02        0.075     30.758        0.378       0.870
71300         0.358        0.877       1455.102  1.1e-02        0.075     30.763        0.378       0.870
71400         0.359        0.877       1457.143  1.1e-02        0.075     30.764        0.378       0.870
71500         0.361        0.876       1459.184  1.1e-02        0.075     30.768        0.378       0.870
71600         0.357        0.877       1461.224  1.1e-02        0.075     30.758        0.378       0.870
71700         0.360        0.877       1463.265  1.0e-02        0.075     30.763        0.378       0.870
71800         0.358        0.877       1465.306  1.0e-02        0.075     30.764        0.378       0.870
71900         0.358        0.877       1467.347  1.0e-02        0.076     30.765        0.378       0.870
72000         0.359        0.878       1469.388  1.0e-02        0.075     33.859        0.378       0.870
72100         0.356        0.879       1471.429  9.9e-03        0.076     30.760        0.378       0.870
72200         0.358        0.877       1473.469  9.8e-03        0.075     30.762        0.378       0.870
72300         0.358        0.876       1475.510  9.6e-03        0.075     30.764        0.378       0.870
72400         0.358        0.877       1477.551  9.5e-03        0.075     30.766        0.378       0.870
72500         0.359        0.878       1479.592  9.4e-03        0.075     30.763        0.378       0.870
72600         0.358        0.877       1481.633  9.3e-03        0.075     30.762        0.378       0.870
72700         0.358        0.878       1483.673  9.1e-03        0.075     30.761        0.378       0.870
72800         0.360        0.877       1485.714  9.0e-03        0.075     30.763        0.378       0.870
72900         0.358        0.878       1487.755  8.9e-03        0.075     30.768        0.378       0.870
73000         0.359        0.877       1489.796  8.8e-03        0.075     33.865        0.378       0.870
73100         0.357        0.879       1491.837  8.6e-03        0.075     30.761        0.378       0.870
73200         0.356        0.878       1493.878  8.5e-03        0.076     30.765        0.378       0.870
73300         0.358        0.877       1495.918  8.4e-03        0.075     30.765        0.378       0.870
73400         0.358        0.876       1497.959  8.3e-03        0.076     30.766        0.378       0.870
73500         0.359        0.877       1500.000  8.1e-03        0.076     30.707        0.378       0.870
73600         0.358        0.878       1502.041  8.0e-03        0.075     30.764        0.378       0.870
73700         0.357        0.878       1504.082  7.9e-03        0.076     30.761        0.378       0.870
73800         0.357        0.878       1506.122  7.8e-03        0.075     30.763        0.378       0.870
    t    train_loss    train_acc    train_epoch       lr    data_time    it_time    test_loss    test_acc
-----  ------------  -----------  -------------  -------  -----------  ---------  -----------  ----------
73900         0.359        0.877       1508.163  7.6e-03        0.076     30.762        0.378       0.870
74000         0.359        0.878       1510.204  7.5e-03        0.075     33.868        0.378       0.870
74100         0.359        0.878       1512.245  7.4e-03        0.075     30.764        0.378       0.870
74200         0.358        0.876       1514.286  7.3e-03        0.076     30.761        0.378       0.870
74300         0.359        0.877       1516.327  7.1e-03        0.075     30.763        0.378       0.870
74400         0.357        0.879       1518.367  7.0e-03        0.075     30.761        0.378       0.870
74500         0.360        0.878       1520.408  6.9e-03        0.076     30.767        0.378       0.870
74600         0.359        0.877       1522.449  6.8e-03        0.076     30.763        0.378       0.870
74700         0.358        0.878       1524.490  6.6e-03        0.075     30.763        0.378       0.870
74800         0.357        0.878       1526.531  6.5e-03        0.076     30.762        0.378       0.870
74900         0.358        0.877       1528.571  6.4e-03        0.076     30.766        0.378       0.870
75000         0.358        0.877       1530.612  6.3e-03        0.076     33.865        0.378       0.870
75100         0.360        0.877       1532.653  6.1e-03        0.075     30.764        0.378       0.870
75200         0.359        0.877       1534.694  6.0e-03        0.075     30.769        0.378       0.870
75300         0.358        0.878       1536.735  5.9e-03        0.075     30.762        0.378       0.870
75400         0.359        0.878       1538.776  5.8e-03        0.076     30.760        0.378       0.870
75500         0.358        0.878       1540.816  5.6e-03        0.075     30.765        0.378       0.870
75600         0.357        0.878       1542.857  5.5e-03        0.075     30.762        0.378       0.870
75700         0.358        0.877       1544.898  5.4e-03        0.075     30.757        0.378       0.870
75800         0.360        0.877       1546.939  5.3e-03        0.077     30.766        0.378       0.870
75900         0.358        0.877       1548.980  5.1e-03        0.076     30.767        0.378       0.870
76000         0.359        0.877       1551.020  5.0e-03        0.076     33.813        0.378       0.870
76100         0.356        0.879       1553.061  4.9e-03        0.076     30.758        0.378       0.870
76200         0.359        0.877       1555.102  4.8e-03        0.075     30.762        0.378       0.870
76300         0.357        0.878       1557.143  4.6e-03        0.075     30.759        0.378       0.870
76400         0.357        0.878       1559.184  4.5e-03        0.075     30.761        0.378       0.870
76500         0.358        0.878       1561.224  4.4e-03        0.075     30.760        0.378       0.870
76600         0.360        0.877       1563.265  4.3e-03        0.075     30.758        0.378       0.870
76700         0.358        0.878       1565.306  4.1e-03        0.075     30.759        0.378       0.870
76800         0.358        0.878       1567.347  4.0e-03        0.075     30.758        0.378       0.870
76900         0.356        0.879       1569.388  3.9e-03        0.075     30.763        0.378       0.870
77000         0.362        0.876       1571.429  3.8e-03        0.075     33.855        0.378       0.870
77100         0.358        0.877       1573.469  3.6e-03        0.075     30.760        0.378       0.870
77200         0.360        0.877       1575.510  3.5e-03        0.075     30.762        0.378       0.870
77300         0.359        0.877       1577.551  3.4e-03        0.075     30.761        0.378       0.870
77400         0.357        0.878       1579.592  3.3e-03        0.075     30.757        0.378       0.870
77500         0.359        0.877       1581.633  3.1e-03        0.076     30.760        0.378       0.870
77600         0.357        0.878       1583.673  3.0e-03        0.075     30.766        0.378       0.870
77700         0.360        0.877       1585.714  2.9e-03        0.076     30.768        0.378       0.870
77800         0.360        0.877       1587.755  2.8e-03        0.075     30.763        0.378       0.870
77900         0.358        0.877       1589.796  2.6e-03        0.075     30.761        0.378       0.870
    t    train_loss    train_acc    train_epoch       lr    data_time    it_time    test_loss    test_acc
-----  ------------  -----------  -------------  -------  -----------  ---------  -----------  ----------
78000         0.355        0.878       1591.837  2.5e-03        0.075     33.854        0.378       0.870
78100         0.360        0.877       1593.878  2.4e-03        0.075     30.760        0.378       0.870
78200         0.358        0.877       1595.918  2.3e-03        0.075     30.759        0.378       0.870
78300         0.358        0.878       1597.959  2.1e-03        0.077     30.761        0.378       0.870
78400         0.357        0.878       1600.000  2.0e-03        0.075     30.706        0.378       0.870
78500         0.359        0.877       1602.041  1.9e-03        0.076     30.762        0.378       0.870
78600         0.357        0.878       1604.082  1.8e-03        0.075     30.762        0.378       0.870
78700         0.359        0.878       1606.122  1.6e-03        0.075     30.761        0.378       0.870
78800         0.358        0.877       1608.163  1.5e-03        0.075     30.758        0.378       0.870
78900         0.358        0.878       1610.204  1.4e-03        0.075     30.761        0.378       0.870
79000         0.356        0.878       1612.245  1.3e-03        0.075     33.855        0.378       0.870
79100         0.361        0.877       1614.286  1.1e-03        0.076     30.764        0.378       0.870
79200         0.357        0.878       1616.327  1.0e-03        0.075     30.770        0.378       0.870
79300         0.359        0.877       1618.367  8.8e-04        0.076     30.764        0.378       0.870
79400         0.360        0.876       1620.408  7.5e-04        0.075     30.765        0.378       0.870
79500         0.359        0.878       1622.449  6.3e-04        0.075     30.765        0.378       0.870
79600         0.357        0.878       1624.490  5.0e-04        0.076     30.764        0.378       0.870
79700         0.359        0.878       1626.531  3.8e-04        0.076     30.771        0.378       0.870
79800         0.357        0.877       1628.571  2.5e-04        0.075     30.769        0.378       0.870
79900         0.359        0.877       1630.612  1.3e-04        0.076     30.767        0.378       0.870
80000         0.359        0.877       1632.653  1.2e-06        0.075     33.863        0.378       0.869
