  t    train_loss    train_acc    train_epoch       lr    data_time    it_time
---  ------------  -----------  -------------  -------  -----------  ---------
100         0.754        0.761          2.041  1.0e-01        0.301     33.224
200         0.516        0.824          4.082  1.0e-01        0.073     29.109
300         0.480        0.836          6.122  1.0e-01        0.074     29.116
400         0.460        0.841          8.163  1.0e-01        0.074     29.144
500         0.444        0.847         10.204  9.9e-02        0.073     29.142
600         0.431        0.851         12.245  9.9e-02        0.074     29.141
700         0.422        0.854         14.286  9.9e-02        0.074     29.153
800         0.416        0.856         16.327  9.9e-02        0.073     29.143
900         0.408        0.859         18.367  9.9e-02        0.073     29.146
1000         0.405        0.860         20.408  9.9e-02        0.073     33.483        0.401       0.858
1100         0.400        0.863         22.449  9.9e-02        0.073     29.166        0.401       0.858
1200         0.396        0.863         24.490  9.9e-02        0.073     29.143        0.401       0.858
1300         0.392        0.865         26.531  9.8e-02        0.079     31.430        0.401       0.858
1400         0.387        0.866         28.571  9.8e-02        0.074     29.489        0.401       0.858
1500         0.387        0.865         30.612  9.8e-02        0.074     29.307        0.401       0.858
1600         0.381        0.868         32.653  9.8e-02        0.075     29.305        0.401       0.858
1700         0.379        0.869         34.694  9.8e-02        0.073     29.333        0.401       0.858
1800         0.375        0.870         36.735  9.8e-02        0.074     29.330        0.401       0.858
1900         0.374        0.871         38.776  9.8e-02        0.074     29.336        0.401       0.858
2000         0.374        0.871         40.816  9.8e-02        0.074     32.293        0.382       0.865
2100         0.371        0.872         42.857  9.7e-02        0.074     29.345        0.382       0.865
2200         0.369        0.872         44.898  9.7e-02        0.075     29.347        0.382       0.865
2300         0.367        0.873         46.939  9.7e-02        0.076     29.349        0.382       0.865
2400         0.365        0.873         48.980  9.7e-02        0.074     29.354        0.382       0.865
2500         0.364        0.874         51.020  9.7e-02        0.074     29.316        0.382       0.865
2600         0.363        0.874         53.061  9.7e-02        0.075     29.423        0.382       0.865
2700         0.362        0.874         55.102  9.7e-02        0.073     29.226        0.382       0.865
2800         0.359        0.875         57.143  9.7e-02        0.074     29.216        0.382       0.865
2900         0.358        0.876         59.184  9.6e-02        0.074     29.233        0.382       0.865
3000         0.357        0.876         61.224  9.6e-02        0.073     32.205        0.371       0.871
3100         0.355        0.877         63.265  9.6e-02        0.073     29.233        0.371       0.871
3200         0.356        0.876         65.306  9.6e-02        0.074     29.214        0.371       0.871
3300         0.353        0.876         67.347  9.6e-02        0.073     29.226        0.371       0.871
3400         0.356        0.876         69.388  9.6e-02        0.073     29.221        0.371       0.871
3500         0.351        0.878         71.429  9.6e-02        0.074     29.238        0.371       0.871
3600         0.352        0.879         73.469  9.6e-02        0.076     29.249        0.371       0.871
3700         0.350        0.879         75.510  9.5e-02        0.075     29.242        0.371       0.871
3800         0.349        0.878         77.551  9.5e-02        0.076     29.248        0.371       0.871
3900         0.352        0.878         79.592  9.5e-02        0.076     29.252        0.371       0.871
4000         0.348        0.880         81.633  9.5e-02        0.075     32.224        0.366       0.872
4100         0.349        0.879         83.673  9.5e-02        0.076     29.244        0.366       0.872
   t    train_loss    train_acc    train_epoch       lr    data_time    it_time    test_loss    test_acc
----  ------------  -----------  -------------  -------  -----------  ---------  -----------  ----------
4200         0.346        0.881         85.714  9.5e-02        0.076     29.239        0.366       0.872
4300         0.345        0.881         87.755  9.5e-02        0.075     29.265        0.366       0.872
4400         0.347        0.880         89.796  9.5e-02        0.074     29.276        0.366       0.872
4500         0.344        0.880         91.837  9.4e-02        0.073     29.272        0.366       0.872
4600         0.345        0.880         93.878  9.4e-02        0.074     29.254        0.366       0.872
4700         0.344        0.881         95.918  9.4e-02        0.074     29.283        0.366       0.872
4800         0.344        0.881         97.959  9.4e-02        0.076     29.259        0.366       0.872
4900         0.343        0.881        100.000  9.4e-02        0.074     29.224        0.366       0.872
5000         0.342        0.881        102.041  9.4e-02        0.075     32.258        0.362       0.874
5100         0.343        0.881        104.082  9.4e-02        0.074     29.255        0.362       0.874
5200         0.341        0.882        106.122  9.4e-02        0.074     29.250        0.362       0.874
5300         0.341        0.881        108.163  9.3e-02        0.074     29.270        0.362       0.874
5400         0.340        0.882        110.204  9.3e-02        0.076     29.273        0.362       0.874
5500         0.339        0.883        112.245  9.3e-02        0.073     29.271        0.362       0.874
5600         0.340        0.882        114.286  9.3e-02        0.076     29.240        0.362       0.874
5700         0.340        0.883        116.327  9.3e-02        0.074     29.256        0.362       0.874
5800         0.341        0.882        118.367  9.3e-02        0.074     29.274        0.362       0.874
5900         0.337        0.883        120.408  9.3e-02        0.075     29.257        0.362       0.874
6000         0.337        0.884        122.449  9.3e-02        0.074     32.239        0.360       0.873
6100         0.339        0.882        124.490  9.2e-02        0.074     29.266        0.360       0.873
6200         0.337        0.883        126.531  9.2e-02        0.074     29.256        0.360       0.873
6300         0.335        0.884        128.571  9.2e-02        0.074     29.272        0.360       0.873
6400         0.338        0.882        130.612  9.2e-02        0.074     29.233        0.360       0.873
6500         0.336        0.884        132.653  9.2e-02        0.074     29.268        0.360       0.873
6600         0.334        0.884        134.694  9.2e-02        0.075     29.261        0.360       0.873
6700         0.336        0.884        136.735  9.2e-02        0.075     29.279        0.360       0.873
6800         0.336        0.883        138.776  9.2e-02        0.075     29.245        0.360       0.873
6900         0.334        0.884        140.816  9.1e-02        0.075     29.245        0.360       0.873
7000         0.334        0.884        142.857  9.1e-02        0.074     32.247        0.360       0.873
7100         0.334        0.884        144.898  9.1e-02        0.075     29.251        0.360       0.873
7200         0.334        0.884        146.939  9.1e-02        0.076     29.262        0.360       0.873
7300         0.333        0.885        148.980  9.1e-02        0.073     29.261        0.360       0.873
7400         0.334        0.884        151.020  9.1e-02        0.074     29.216        0.360       0.873
7500         0.333        0.885        153.061  9.1e-02        0.074     29.286        0.360       0.873
7600         0.332        0.885        155.102  9.1e-02        0.074     29.254        0.360       0.873
7700         0.331        0.886        157.143  9.0e-02        0.074     29.278        0.360       0.873
7800         0.332        0.884        159.184  9.0e-02        0.074     29.257        0.360       0.873
7900         0.331        0.885        161.224  9.0e-02        0.075     29.273        0.360       0.873
8000         0.330        0.886        163.265  9.0e-02        0.074     32.228        0.356       0.874
8100         0.332        0.885        165.306  9.0e-02        0.074     29.274        0.356       0.874
8200         0.331        0.885        167.347  9.0e-02        0.075     29.262        0.356       0.874
   t    train_loss    train_acc    train_epoch       lr    data_time    it_time    test_loss    test_acc
----  ------------  -----------  -------------  -------  -----------  ---------  -----------  ----------
8300         0.332        0.885        169.388  9.0e-02        0.075     29.273        0.356       0.874
8400         0.329        0.886        171.429  9.0e-02        0.075     29.260        0.356       0.874
8500         0.330        0.886        173.469  8.9e-02        0.074     29.251        0.356       0.874
8600         0.330        0.886        175.510  8.9e-02        0.074     29.261        0.356       0.874
8700         0.331        0.886        177.551  8.9e-02        0.075     29.269        0.356       0.874
8800         0.331        0.886        179.592  8.9e-02        0.075     29.268        0.356       0.874
8900         0.330        0.886        181.633  8.9e-02        0.075     29.277        0.356       0.874
9000         0.329        0.886        183.673  8.9e-02        0.074     32.242        0.356       0.874
9100         0.328        0.885        185.714  8.9e-02        0.074     29.260        0.356       0.874
9200         0.329        0.886        187.755  8.9e-02        0.075     29.268        0.356       0.874
9300         0.328        0.886        189.796  8.8e-02        0.074     29.249        0.356       0.874
9400         0.329        0.885        191.837  8.8e-02        0.074     29.262        0.356       0.874
9500         0.331        0.884        193.878  8.8e-02        0.075     29.262        0.356       0.874
9600         0.329        0.887        195.918  8.8e-02        0.074     29.257        0.356       0.874
9700         0.329        0.886        197.959  8.8e-02        0.075     29.241        0.356       0.874
9800         0.330        0.886        200.000  8.8e-02        0.074     29.201        0.356       0.874
9900         0.329        0.886        202.041  8.8e-02        0.075     29.276        0.356       0.874
10000         0.328        0.886        204.082  8.8e-02        0.075     32.218        0.356       0.874
10100         0.328        0.887        206.122  8.7e-02        0.075     29.267        0.356       0.874
10200         0.328        0.886        208.163  8.7e-02        0.074     29.248        0.356       0.874
10300         0.327        0.887        210.204  8.7e-02        0.074     29.274        0.356       0.874
10400         0.328        0.887        212.245  8.7e-02        0.076     29.270        0.356       0.874
10500         0.327        0.886        214.286  8.7e-02        0.074     29.273        0.356       0.874
10600         0.329        0.886        216.327  8.7e-02        0.075     29.271        0.356       0.874
10700         0.325        0.886        218.367  8.7e-02        0.075     29.275        0.356       0.874
10800         0.328        0.886        220.408  8.7e-02        0.077     29.254        0.356       0.874
10900         0.327        0.886        222.449  8.6e-02        0.074     29.276        0.356       0.874
11000         0.327        0.887        224.490  8.6e-02        0.074     32.231        0.355       0.874
11100         0.325        0.888        226.531  8.6e-02        0.075     29.278        0.355       0.874
11200         0.326        0.887        228.571  8.6e-02        0.074     29.268        0.355       0.874
11300         0.325        0.887        230.612  8.6e-02        0.074     29.252        0.355       0.874
11400         0.326        0.888        232.653  8.6e-02        0.078     29.279        0.355       0.874
11500         0.325        0.888        234.694  8.6e-02        0.074     29.266        0.355       0.874
11600         0.327        0.886        236.735  8.6e-02        0.075     29.238        0.355       0.874
11700         0.326        0.887        238.776  8.5e-02        0.075     29.264        0.355       0.874
11800         0.325        0.888        240.816  8.5e-02        0.074     29.251        0.355       0.874
11900         0.325        0.887        242.857  8.5e-02        0.074     29.267        0.355       0.874
12000         0.324        0.889        244.898  8.5e-02        0.075     32.246        0.353       0.875
12100         0.325        0.888        246.939  8.5e-02        0.075     29.228        0.353       0.875
12200         0.324        0.887        248.980  8.5e-02        0.075     29.273        0.353       0.875
12300         0.326        0.888        251.020  8.5e-02        0.073     29.207        0.353       0.875
    t    train_loss    train_acc    train_epoch       lr    data_time    it_time    test_loss    test_acc
-----  ------------  -----------  -------------  -------  -----------  ---------  -----------  ----------
12400         0.324        0.889        253.061  8.5e-02        0.074     29.278        0.353       0.875
12500         0.325        0.887        255.102  8.4e-02        0.074     29.276        0.353       0.875
12600         0.326        0.887        257.143  8.4e-02        0.074     29.283        0.353       0.875
12700         0.323        0.888        259.184  8.4e-02        0.074     29.273        0.353       0.875
12800         0.324        0.887        261.224  8.4e-02        0.074     29.284        0.353       0.875
12900         0.324        0.887        263.265  8.4e-02        0.075     29.283        0.353       0.875
13000         0.324        0.887        265.306  8.4e-02        0.074     32.231        0.353       0.875
13100         0.324        0.887        267.347  8.4e-02        0.076     29.277        0.353       0.875
13200         0.324        0.888        269.388  8.4e-02        0.075     29.297        0.353       0.875
13300         0.323        0.888        271.429  8.3e-02        0.074     29.276        0.353       0.875
13400         0.324        0.889        273.469  8.3e-02        0.074     29.275        0.353       0.875
13500         0.324        0.888        275.510  8.3e-02        0.076     29.282        0.353       0.875
13600         0.323        0.888        277.551  8.3e-02        0.075     29.278        0.353       0.875
13700         0.323        0.889        279.592  8.3e-02        0.076     29.276        0.353       0.875
13800         0.323        0.888        281.633  8.3e-02        0.075     29.273        0.353       0.875
13900         0.324        0.888        283.673  8.3e-02        0.074     29.255        0.353       0.875
14000         0.324        0.887        285.714  8.3e-02        0.075     32.237        0.354       0.875
14100         0.325        0.888        287.755  8.2e-02        0.075     29.234        0.354       0.875
14200         0.323        0.889        289.796  8.2e-02        0.076     29.282        0.354       0.875
14300         0.322        0.889        291.837  8.2e-02        0.076     29.289        0.354       0.875
14400         0.323        0.888        293.878  8.2e-02        0.076     29.260        0.354       0.875
14500         0.323        0.888        295.918  8.2e-02        0.076     29.285        0.354       0.875
14600         0.324        0.888        297.959  8.2e-02        0.076     29.275        0.354       0.875
14700         0.325        0.886        300.000  8.2e-02        0.074     29.211        0.354       0.875
14800         0.324        0.888        302.041  8.2e-02        0.075     29.274        0.354       0.875
14900         0.323        0.889        304.082  8.1e-02        0.074     29.269        0.354       0.875
15000         0.323        0.887        306.122  8.1e-02        0.075     32.229        0.354       0.874
15100         0.323        0.889        308.163  8.1e-02        0.076     29.273        0.354       0.874
15200         0.322        0.889        310.204  8.1e-02        0.074     29.260        0.354       0.874
15300         0.323        0.888        312.245  8.1e-02        0.076     29.276        0.354       0.874
15400         0.325        0.888        314.286  8.1e-02        0.074     29.251        0.354       0.874
15500         0.321        0.888        316.327  8.1e-02        0.075     29.262        0.354       0.874
15600         0.322        0.888        318.367  8.1e-02        0.075     29.252        0.354       0.874
15700         0.323        0.888        320.408  8.0e-02        0.074     29.283        0.354       0.874
15800         0.323        0.888        322.449  8.0e-02        0.075     29.251        0.354       0.874
15900         0.323        0.888        324.490  8.0e-02        0.074     29.270        0.354       0.874
16000         0.323        0.888        326.531  8.0e-02        0.075     32.215        0.352       0.876
16100         0.321        0.889        328.571  8.0e-02        0.074     29.269        0.352       0.876
16200         0.323        0.887        330.612  8.0e-02        0.075     29.264        0.352       0.876
16300         0.323        0.888        332.653  8.0e-02        0.074     29.260        0.352       0.876
16400         0.323        0.889        334.694  8.0e-02        0.075     29.269        0.352       0.876
    t    train_loss    train_acc    train_epoch       lr    data_time    it_time    test_loss    test_acc
-----  ------------  -----------  -------------  -------  -----------  ---------  -----------  ----------
16500         0.322        0.889        336.735  7.9e-02        0.075     29.268        0.352       0.876
16600         0.323        0.888        338.776  7.9e-02        0.076     29.249        0.352       0.876
16700         0.320        0.890        340.816  7.9e-02        0.076     29.281        0.352       0.876
16800         0.322        0.888        342.857  7.9e-02        0.074     29.266        0.352       0.876
16900         0.322        0.889        344.898  7.9e-02        0.075     29.285        0.352       0.876
17000         0.321        0.889        346.939  7.9e-02        0.076     32.255        0.355       0.875
17100         0.322        0.889        348.980  7.9e-02        0.074     29.282        0.355       0.875
17200         0.323        0.887        351.020  7.9e-02        0.074     29.218        0.355       0.875
17300         0.322        0.888        353.061  7.8e-02        0.074     29.256        0.355       0.875
17400         0.321        0.888        355.102  7.8e-02        0.075     29.263        0.355       0.875
17500         0.322        0.889        357.143  7.8e-02        0.074     29.258        0.355       0.875
17600         0.322        0.888        359.184  7.8e-02        0.075     29.262        0.355       0.875
17700         0.324        0.887        361.224  7.8e-02        0.074     29.281        0.355       0.875
17800         0.323        0.887        363.265  7.8e-02        0.074     29.261        0.355       0.875
17900         0.322        0.889        365.306  7.8e-02        0.075     29.266        0.355       0.875
18000         0.323        0.887        367.347  7.8e-02        0.075     32.233        0.353       0.873
18100         0.323        0.889        369.388  7.7e-02        0.075     29.259        0.353       0.873
18200         0.319        0.890        371.429  7.7e-02        0.077     29.231        0.353       0.873
18300         0.322        0.889        373.469  7.7e-02        0.075     29.276        0.353       0.873
18400         0.321        0.889        375.510  7.7e-02        0.077     29.257        0.353       0.873
18500         0.321        0.888        377.551  7.7e-02        0.076     29.264        0.353       0.873
18600         0.322        0.889        379.592  7.7e-02        0.074     29.270        0.353       0.873
18700         0.321        0.889        381.633  7.7e-02        0.075     29.318        0.353       0.873
18800         0.322        0.888        383.673  7.7e-02        0.074     29.286        0.353       0.873
18900         0.320        0.888        385.714  7.6e-02        0.075     29.276        0.353       0.873
19000         0.322        0.888        387.755  7.6e-02        0.074     32.206        0.354       0.874
19100         0.320        0.890        389.796  7.6e-02        0.076     29.244        0.354       0.874
19200         0.319        0.891        391.837  7.6e-02        0.076     29.286        0.354       0.874
19300         0.319        0.889        393.878  7.6e-02        0.074     29.298        0.354       0.874
19400         0.322        0.888        395.918  7.6e-02        0.074     29.292        0.354       0.874
19500         0.321        0.889        397.959  7.6e-02        0.075     29.278        0.354       0.874
19600         0.322        0.889        400.000  7.6e-02        0.074     29.213        0.354       0.874
19700         0.322        0.889        402.041  7.5e-02        0.076     29.273        0.354       0.874
19800         0.322        0.888        404.082  7.5e-02        0.074     29.261        0.354       0.874
19900         0.321        0.889        406.122  7.5e-02        0.075     29.244        0.354       0.874
20000         0.320        0.889        408.163  7.5e-02        0.075     32.242        0.353       0.875
20100         0.322        0.889        410.204  7.5e-02        0.075     29.269        0.353       0.875
20200         0.321        0.889        412.245  7.5e-02        0.075     29.266        0.353       0.875
20300         0.324        0.888        414.286  7.5e-02        0.074     29.248        0.353       0.875
20400         0.317        0.891        416.327  7.5e-02        0.075     29.262        0.353       0.875
20500         0.320        0.890        418.367  7.4e-02        0.075     29.251        0.353       0.875
    t    train_loss    train_acc    train_epoch       lr    data_time    it_time    test_loss    test_acc
-----  ------------  -----------  -------------  -------  -----------  ---------  -----------  ----------
20600         0.322        0.889        420.408  7.4e-02        0.077     29.242        0.353       0.875
20700         0.321        0.889        422.449  7.4e-02        0.076     29.274        0.353       0.875
20800         0.322        0.889        424.490  7.4e-02        0.075     29.274        0.353       0.875
20900         0.319        0.889        426.531  7.4e-02        0.074     29.266        0.353       0.875
21000         0.323        0.887        428.571  7.4e-02        0.077     32.218        0.351       0.876
21100         0.320        0.889        430.612  7.4e-02        0.076     29.267        0.351       0.876
21200         0.322        0.889        432.653  7.4e-02        0.075     29.278        0.351       0.876
21300         0.322        0.889        434.694  7.3e-02        0.076     29.235        0.351       0.876
21400         0.320        0.889        436.735  7.3e-02        0.075     29.279        0.351       0.876
21500         0.321        0.888        438.776  7.3e-02        0.074     29.273        0.351       0.876
21600         0.324        0.888        440.816  7.3e-02        0.076     29.273        0.351       0.876
21700         0.319        0.889        442.857  7.3e-02        0.077     29.274        0.351       0.876
21800         0.322        0.888        444.898  7.3e-02        0.076     29.259        0.351       0.876
21900         0.318        0.890        446.939  7.3e-02        0.077     29.264        0.351       0.876
22000         0.320        0.890        448.980  7.3e-02        0.075     32.242        0.351       0.876
22100         0.320        0.889        451.020  7.2e-02        0.074     29.220        0.351       0.876
22200         0.321        0.888        453.061  7.2e-02        0.076     29.291        0.351       0.876
22300         0.321        0.889        455.102  7.2e-02        0.076     29.245        0.351       0.876
22400         0.320        0.891        457.143  7.2e-02        0.076     29.270        0.351       0.876
22500         0.319        0.890        459.184  7.2e-02        0.078     29.269        0.351       0.876
22600         0.320        0.889        461.224  7.2e-02        0.076     29.275        0.351       0.876
22700         0.320        0.890        463.265  7.2e-02        0.076     29.284        0.351       0.876
22800         0.321        0.888        465.306  7.2e-02        0.076     29.284        0.351       0.876
22900         0.318        0.891        467.347  7.1e-02        0.078     29.261        0.351       0.876
23000         0.320        0.889        469.388  7.1e-02        0.075     32.231        0.353       0.874
23100         0.321        0.889        471.429  7.1e-02        0.077     29.275        0.353       0.874
23200         0.320        0.889        473.469  7.1e-02        0.076     29.269        0.353       0.874
23300         0.321        0.889        475.510  7.1e-02        0.078     29.294        0.353       0.874
23400         0.320        0.889        477.551  7.1e-02        0.076     29.284        0.353       0.874
23500         0.317        0.891        479.592  7.1e-02        0.076     29.280        0.353       0.874
23600         0.322        0.887        481.633  7.1e-02        0.076     29.279        0.353       0.874
23700         0.320        0.889        483.673  7.0e-02        0.077     29.259        0.353       0.874
23800         0.320        0.890        485.714  7.0e-02        0.077     29.271        0.353       0.874
23900         0.319        0.890        487.755  7.0e-02        0.075     29.272        0.353       0.874
24000         0.321        0.888        489.796  7.0e-02        0.074     32.220        0.353       0.876
24100         0.320        0.888        491.837  7.0e-02        0.074     29.260        0.353       0.876
24200         0.322        0.890        493.878  7.0e-02        0.074     29.277        0.353       0.876
24300         0.320        0.889        495.918  7.0e-02        0.076     29.275        0.353       0.876
24400         0.322        0.889        497.959  7.0e-02        0.076     29.265        0.353       0.876
24500         0.320        0.889        500.000  6.9e-02        0.075     29.226        0.353       0.876
24600         0.321        0.889        502.041  6.9e-02        0.074     29.250        0.353       0.876
    t    train_loss    train_acc    train_epoch       lr    data_time    it_time    test_loss    test_acc
-----  ------------  -----------  -------------  -------  -----------  ---------  -----------  ----------
24700         0.319        0.889        504.082  6.9e-02        0.075     29.266        0.353       0.876
24800         0.318        0.891        506.122  6.9e-02        0.074     29.277        0.353       0.876
24900         0.317        0.890        508.163  6.9e-02        0.075     29.254        0.353       0.876
25000         0.320        0.889        510.204  6.9e-02        0.075     32.258        0.353       0.874
25100         0.321        0.888        512.245  6.9e-02        0.076     29.262        0.353       0.874
25200         0.319        0.890        514.286  6.9e-02        0.075     29.284        0.353       0.874
25300         0.319        0.890        516.327  6.8e-02        0.075     29.279        0.353       0.874
25400         0.323        0.889        518.367  6.8e-02        0.074     29.295        0.353       0.874
25500         0.320        0.889        520.408  6.8e-02        0.074     29.275        0.353       0.874
25600         0.319        0.888        522.449  6.8e-02        0.074     29.273        0.353       0.874
25700         0.320        0.890        524.490  6.8e-02        0.075     29.268        0.353       0.874
25800         0.320        0.889        526.531  6.8e-02        0.076     29.265        0.353       0.874
25900         0.321        0.889        528.571  6.8e-02        0.075     29.278        0.353       0.874
26000         0.319        0.890        530.612  6.8e-02        0.076     32.231        0.352       0.874
26100         0.319        0.890        532.653  6.7e-02        0.076     29.270        0.352       0.874
26200         0.320        0.889        534.694  6.7e-02        0.076     29.281        0.352       0.874
26300         0.318        0.891        536.735  6.7e-02        0.075     29.269        0.352       0.874
26400         0.318        0.890        538.776  6.7e-02        0.075     29.255        0.352       0.874
26500         0.320        0.889        540.816  6.7e-02        0.075     29.274        0.352       0.874
26600         0.320        0.889        542.857  6.7e-02        0.075     29.292        0.352       0.874
26700         0.320        0.889        544.898  6.7e-02        0.075     29.274        0.352       0.874
26800         0.321        0.889        546.939  6.7e-02        0.076     29.274        0.352       0.874
26900         0.318        0.890        548.980  6.6e-02        0.075     29.257        0.352       0.874
27000         0.321        0.888        551.020  6.6e-02        0.075     32.192        0.352       0.875
27100         0.318        0.890        553.061  6.6e-02        0.074     29.272        0.352       0.875
27200         0.319        0.889        555.102  6.6e-02        0.075     29.245        0.352       0.875
27300         0.319        0.890        557.143  6.6e-02        0.074     29.258        0.352       0.875
27400         0.320        0.890        559.184  6.6e-02        0.074     29.279        0.352       0.875
27500         0.320        0.889        561.224  6.6e-02        0.076     29.258        0.352       0.875
27600         0.321        0.888        563.265  6.6e-02        0.075     29.288        0.352       0.875
27700         0.318        0.890        565.306  6.5e-02        0.076     29.266        0.352       0.875
27800         0.319        0.890        567.347  6.5e-02        0.074     29.228        0.352       0.875
27900         0.320        0.890        569.388  6.5e-02        0.074     29.263        0.352       0.875
28000         0.317        0.890        571.429  6.5e-02        0.075     32.233        0.353       0.875
28100         0.318        0.890        573.469  6.5e-02        0.075     29.261        0.353       0.875
28200         0.319        0.891        575.510  6.5e-02        0.074     29.270        0.353       0.875
28300         0.322        0.889        577.551  6.5e-02        0.074     29.287        0.353       0.875
28400         0.319        0.890        579.592  6.5e-02        0.075     29.260        0.353       0.875
28500         0.320        0.889        581.633  6.4e-02        0.075     29.276        0.353       0.875
28600         0.320        0.889        583.673  6.4e-02        0.075     29.274        0.353       0.875
28700         0.319        0.889        585.714  6.4e-02        0.075     29.245        0.353       0.875
    t    train_loss    train_acc    train_epoch       lr    data_time    it_time    test_loss    test_acc
-----  ------------  -----------  -------------  -------  -----------  ---------  -----------  ----------
28800         0.319        0.889        587.755  6.4e-02        0.076     29.271        0.353       0.875
28900         0.319        0.890        589.796  6.4e-02        0.074     29.275        0.353       0.875
29000         0.321        0.888        591.837  6.4e-02        0.075     32.243        0.354       0.876
29100         0.319        0.890        593.878  6.4e-02        0.075     29.286        0.354       0.876
29200         0.318        0.889        595.918  6.4e-02        0.075     29.262        0.354       0.876
29300         0.319        0.890        597.959  6.3e-02        0.077     29.273        0.354       0.876
29400         0.320        0.889        600.000  6.3e-02        0.075     29.242        0.354       0.876
29500         0.319        0.890        602.041  6.3e-02        0.075     29.309        0.354       0.876
29600         0.319        0.890        604.082  6.3e-02        0.075     29.251        0.354       0.876
29700         0.319        0.889        606.122  6.3e-02        0.075     29.281        0.354       0.876
29800         0.320        0.890        608.163  6.3e-02        0.075     29.297        0.354       0.876
29900         0.320        0.889        610.204  6.3e-02        0.075     29.291        0.354       0.876
30000         0.319        0.890        612.245  6.3e-02        0.076     32.216        0.352       0.874
30100         0.318        0.890        614.286  6.2e-02        0.075     29.269        0.352       0.874
30200         0.318        0.890        616.327  6.2e-02        0.075     29.269        0.352       0.874
30300         0.319        0.889        618.367  6.2e-02        0.075     29.269        0.352       0.874
30400         0.320        0.889        620.408  6.2e-02        0.076     29.286        0.352       0.874
30500         0.318        0.889        622.449  6.2e-02        0.077     29.248        0.352       0.874
30600         0.320        0.890        624.490  6.2e-02        0.074     29.270        0.352       0.874
30700         0.320        0.889        626.531  6.2e-02        0.075     29.254        0.352       0.874
30800         0.318        0.891        628.571  6.2e-02        0.075     29.281        0.352       0.874
30900         0.318        0.889        630.612  6.1e-02        0.076     29.274        0.352       0.874
31000         0.319        0.890        632.653  6.1e-02        0.074     32.237        0.353       0.875
31100         0.319        0.890        634.694  6.1e-02        0.075     29.281        0.353       0.875
31200         0.320        0.890        636.735  6.1e-02        0.075     29.264        0.353       0.875
31300         0.319        0.890        638.776  6.1e-02        0.075     29.282        0.353       0.875
31400         0.320        0.889        640.816  6.1e-02        0.075     29.261        0.353       0.875
31500         0.319        0.890        642.857  6.1e-02        0.075     29.297        0.353       0.875
31600         0.319        0.889        644.898  6.1e-02        0.075     29.261        0.353       0.875
31700         0.318        0.890        646.939  6.0e-02        0.077     29.259        0.353       0.875
31800         0.319        0.889        648.980  6.0e-02        0.076     29.271        0.353       0.875
31900         0.320        0.889        651.020  6.0e-02        0.074     29.217        0.353       0.875
32000         0.319        0.889        653.061  6.0e-02        0.076     32.233        0.353       0.875
32100         0.319        0.890        655.102  6.0e-02        0.074     29.278        0.353       0.875
32200         0.318        0.890        657.143  6.0e-02        0.075     29.271        0.353       0.875
32300         0.319        0.890        659.184  6.0e-02        0.074     29.287        0.353       0.875
32400         0.319        0.890        661.224  6.0e-02        0.075     29.272        0.353       0.875
32500         0.316        0.890        663.265  5.9e-02        0.076     29.265        0.353       0.875
32600         0.321        0.890        665.306  5.9e-02        0.075     29.274        0.353       0.875
32700         0.319        0.890        667.347  5.9e-02        0.074     29.274        0.353       0.875
32800         0.320        0.889        669.388  5.9e-02        0.077     29.238        0.353       0.875
    t    train_loss    train_acc    train_epoch       lr    data_time    it_time    test_loss    test_acc
-----  ------------  -----------  -------------  -------  -----------  ---------  -----------  ----------
32900         0.316        0.890        671.429  5.9e-02        0.076     29.268        0.353       0.875
33000         0.320        0.889        673.469  5.9e-02        0.075     32.247        0.353       0.874
33100         0.318        0.890        675.510  5.9e-02        0.074     29.273        0.353       0.874
33200         0.321        0.888        677.551  5.9e-02        0.075     29.287        0.353       0.874
33300         0.319        0.890        679.592  5.8e-02        0.074     29.283        0.353       0.874
33400         0.318        0.890        681.633  5.8e-02        0.076     29.277        0.353       0.874
33500         0.318        0.889        683.673  5.8e-02        0.076     29.266        0.353       0.874
33600         0.320        0.890        685.714  5.8e-02        0.076     29.250        0.353       0.874
33700         0.315        0.891        687.755  5.8e-02        0.075     29.259        0.353       0.874
33800         0.322        0.889        689.796  5.8e-02        0.077     29.277        0.353       0.874
33900         0.318        0.889        691.837  5.8e-02        0.076     29.264        0.353       0.874
34000         0.319        0.890        693.878  5.8e-02        0.075     32.232        0.353       0.875
34100         0.319        0.889        695.918  5.7e-02        0.076     29.251        0.353       0.875
34200         0.320        0.889        697.959  5.7e-02        0.076     29.288        0.353       0.875
34300         0.319        0.890        700.000  5.7e-02        0.074     29.212        0.353       0.875
34400         0.319        0.889        702.041  5.7e-02        0.075     29.275        0.353       0.875
34500         0.318        0.890        704.082  5.7e-02        0.075     29.279        0.353       0.875
34600         0.319        0.890        706.122  5.7e-02        0.075     29.273        0.353       0.875
34700         0.318        0.890        708.163  5.7e-02        0.075     29.284        0.353       0.875
34800         0.321        0.888        710.204  5.7e-02        0.074     29.274        0.353       0.875
34900         0.320        0.889        712.245  5.6e-02        0.075     29.278        0.353       0.875
35000         0.320        0.889        714.286  5.6e-02        0.077     32.230        0.353       0.874
35100         0.319        0.891        716.327  5.6e-02        0.076     29.263        0.353       0.874
35200         0.319        0.890        718.367  5.6e-02        0.075     29.279        0.353       0.874
35300         0.317        0.891        720.408  5.6e-02        0.074     29.280        0.353       0.874
35400         0.321        0.889        722.449  5.6e-02        0.076     29.279        0.353       0.874
35500         0.320        0.889        724.490  5.6e-02        0.075     29.263        0.353       0.874
35600         0.320        0.888        726.531  5.6e-02        0.075     29.283        0.353       0.874
35700         0.318        0.890        728.571  5.5e-02        0.075     29.255        0.353       0.874
35800         0.321        0.889        730.612  5.5e-02        0.074     29.276        0.353       0.874
35900         0.319        0.890        732.653  5.5e-02        0.075     29.282        0.353       0.874
36000         0.318        0.890        734.694  5.5e-02        0.075     32.232        0.352       0.877
36100         0.319        0.889        736.735  5.5e-02        0.076     29.290        0.352       0.877
36200         0.319        0.890        738.776  5.5e-02        0.076     29.258        0.352       0.877
36300         0.318        0.890        740.816  5.5e-02        0.077     29.254        0.352       0.877
36400         0.317        0.890        742.857  5.5e-02        0.076     29.248        0.352       0.877
36500         0.317        0.891        744.898  5.4e-02        0.075     29.256        0.352       0.877
36600         0.320        0.889        746.939  5.4e-02        0.077     29.289        0.352       0.877
36700         0.319        0.890        748.980  5.4e-02        0.075     29.262        0.352       0.877
36800         0.319        0.890        751.020  5.4e-02        0.075     29.203        0.352       0.877
36900         0.318        0.890        753.061  5.4e-02        0.075     29.302        0.352       0.877
    t    train_loss    train_acc    train_epoch       lr    data_time    it_time    test_loss    test_acc
-----  ------------  -----------  -------------  -------  -----------  ---------  -----------  ----------
37000         0.319        0.890        755.102  5.4e-02        0.076     32.210        0.351       0.876
37100         0.318        0.890        757.143  5.4e-02        0.076     29.280        0.351       0.876
37200         0.320        0.889        759.184  5.4e-02        0.076     29.276        0.351       0.876
37300         0.318        0.890        761.224  5.3e-02        0.077     29.288        0.351       0.876
37400         0.317        0.890        763.265  5.3e-02        0.075     29.272        0.351       0.876
37500         0.319        0.889        765.306  5.3e-02        0.075     29.282        0.351       0.876
37600         0.317        0.890        767.347  5.3e-02        0.077     29.248        0.351       0.876
37700         0.318        0.890        769.388  5.3e-02        0.078     29.250        0.351       0.876
37800         0.321        0.890        771.429  5.3e-02        0.075     29.278        0.351       0.876
37900         0.317        0.890        773.469  5.3e-02        0.076     29.273        0.351       0.876
38000         0.317        0.890        775.510  5.3e-02        0.077     32.234        0.353       0.874
38100         0.320        0.889        777.551  5.2e-02        0.076     29.264        0.353       0.874
38200         0.319        0.890        779.592  5.2e-02        0.075     29.291        0.353       0.874
38300         0.318        0.890        781.633  5.2e-02        0.076     29.252        0.353       0.874
38400         0.319        0.889        783.673  5.2e-02        0.075     29.281        0.353       0.874
38500         0.319        0.889        785.714  5.2e-02        0.075     29.288        0.353       0.874
38600         0.318        0.890        787.755  5.2e-02        0.075     29.275        0.353       0.874
38700         0.319        0.889        789.796  5.2e-02        0.074     29.274        0.353       0.874
38800         0.319        0.891        791.837  5.2e-02        0.075     29.274        0.353       0.874
38900         0.320        0.889        793.878  5.1e-02        0.075     29.283        0.353       0.874
39000         0.319        0.889        795.918  5.1e-02        0.077     32.218        0.353       0.877
39100         0.320        0.890        797.959  5.1e-02        0.077     29.276        0.353       0.877
39200         0.318        0.890        800.000  5.1e-02        0.075     29.248        0.353       0.877
39300         0.318        0.890        802.041  5.1e-02        0.076     29.264        0.353       0.877
39400         0.319        0.890        804.082  5.1e-02        0.076     29.282        0.353       0.877
39500         0.318        0.890        806.122  5.1e-02        0.075     29.259        0.353       0.877
39600         0.319        0.890        808.163  5.1e-02        0.075     29.265        0.353       0.877
39700         0.320        0.889        810.204  5.0e-02        0.074     29.284        0.353       0.877
39800         0.318        0.890        812.245  5.0e-02        0.075     29.272        0.353       0.877
39900         0.317        0.891        814.286  5.0e-02        0.075     29.265        0.353       0.877
40000         0.318        0.890        816.327  5.0e-02        0.075     32.236        0.351       0.877
40100         0.317        0.889        818.367  5.0e-02        0.077     29.252        0.351       0.877
40200         0.319        0.890        820.408  5.0e-02        0.075     29.273        0.351       0.877
40300         0.321        0.888        822.449  5.0e-02        0.076     29.278        0.351       0.877
40400         0.319        0.890        824.490  5.0e-02        0.074     29.266        0.351       0.877
40500         0.319        0.889        826.531  4.9e-02        0.075     29.276        0.351       0.877
40600         0.318        0.890        828.571  4.9e-02        0.075     29.251        0.351       0.877
40700         0.320        0.889        830.612  4.9e-02        0.075     29.251        0.351       0.877
40800         0.318        0.891        832.653  4.9e-02        0.075     29.261        0.351       0.877
40900         0.320        0.890        834.694  4.9e-02        0.076     29.254        0.351       0.877
41000         0.317        0.890        836.735  4.9e-02        0.076     32.220        0.351       0.875
    t    train_loss    train_acc    train_epoch       lr    data_time    it_time    test_loss    test_acc
-----  ------------  -----------  -------------  -------  -----------  ---------  -----------  ----------
41100         0.317        0.891        838.776  4.9e-02        0.077     29.280        0.351       0.875
41200         0.320        0.889        840.816  4.9e-02        0.077     29.270        0.351       0.875
41300         0.318        0.890        842.857  4.8e-02        0.076     29.273        0.351       0.875
41400         0.316        0.891        844.898  4.8e-02        0.076     29.295        0.351       0.875
41500         0.321        0.890        846.939  4.8e-02        0.077     29.269        0.351       0.875
41600         0.319        0.889        848.980  4.8e-02        0.077     29.268        0.351       0.875
41700         0.320        0.890        851.020  4.8e-02        0.077     29.232        0.351       0.875
41800         0.319        0.890        853.061  4.8e-02        0.077     29.251        0.351       0.875
41900         0.317        0.890        855.102  4.8e-02        0.077     29.288        0.351       0.875
42000         0.320        0.888        857.143  4.8e-02        0.076     32.233        0.351       0.875
42100         0.318        0.891        859.184  4.7e-02        0.077     29.250        0.351       0.875
42200         0.320        0.889        861.224  4.7e-02        0.077     29.308        0.351       0.875
42300         0.317        0.890        863.265  4.7e-02        0.079     29.245        0.351       0.875
42400         0.319        0.890        865.306  4.7e-02        0.076     29.241        0.351       0.875
42500         0.318        0.890        867.347  4.7e-02        0.075     29.253        0.351       0.875
42600         0.319        0.890        869.388  4.7e-02        0.076     29.269        0.351       0.875
42700         0.318        0.889        871.429  4.7e-02        0.077     29.270        0.351       0.875
42800         0.320        0.889        873.469  4.7e-02        0.078     29.252        0.351       0.875
42900         0.318        0.890        875.510  4.6e-02        0.076     29.285        0.351       0.875
43000         0.319        0.889        877.551  4.6e-02        0.076     32.257        0.351       0.875
43100         0.319        0.890        879.592  4.6e-02        0.075     29.261        0.351       0.875
43200         0.318        0.891        881.633  4.6e-02        0.074     29.274        0.351       0.875
43300         0.319        0.891        883.673  4.6e-02        0.075     29.280        0.351       0.875
43400         0.319        0.890        885.714  4.6e-02        0.075     29.285        0.351       0.875
43500         0.318        0.891        887.755  4.6e-02        0.076     29.242        0.351       0.875
43600         0.318        0.890        889.796  4.6e-02        0.075     29.257        0.351       0.875
43700         0.318        0.890        891.837  4.5e-02        0.074     29.244        0.351       0.875
43800         0.318        0.890        893.878  4.5e-02        0.076     29.277        0.351       0.875
43900         0.319        0.889        895.918  4.5e-02        0.076     29.267        0.351       0.875
44000         0.320        0.889        897.959  4.5e-02        0.077     32.241        0.352       0.876
44100         0.318        0.889        900.000  4.5e-02        0.077     29.238        0.352       0.876
44200         0.318        0.891        902.041  4.5e-02        0.076     29.278        0.352       0.876
44300         0.318        0.891        904.082  4.5e-02        0.076     29.273        0.352       0.876
44400         0.320        0.888        906.122  4.5e-02        0.077     29.261        0.352       0.876
44500         0.320        0.889        908.163  4.4e-02        0.077     29.262        0.352       0.876
44600         0.318        0.889        910.204  4.4e-02        0.076     29.270        0.352       0.876
44700         0.319        0.890        912.245  4.4e-02        0.075     29.276        0.352       0.876
44800         0.318        0.888        914.286  4.4e-02        0.075     29.285        0.352       0.876
44900         0.319        0.890        916.327  4.4e-02        0.075     29.272        0.352       0.876
45000         0.317        0.891        918.367  4.4e-02        0.075     32.242        0.352       0.876
45100         0.318        0.890        920.408  4.4e-02        0.075     29.272        0.352       0.876
    t    train_loss    train_acc    train_epoch       lr    data_time    it_time    test_loss    test_acc
-----  ------------  -----------  -------------  -------  -----------  ---------  -----------  ----------
45200         0.318        0.890        922.449  4.4e-02        0.078     29.274        0.352       0.876
45300         0.318        0.890        924.490  4.3e-02        0.077     29.268        0.352       0.876
45400         0.315        0.890        926.531  4.3e-02        0.077     29.285        0.352       0.876
45500         0.320        0.890        928.571  4.3e-02        0.076     29.291        0.352       0.876
45600         0.319        0.890        930.612  4.3e-02        0.076     29.290        0.352       0.876
45700         0.319        0.889        932.653  4.3e-02        0.078     29.258        0.352       0.876
45800         0.318        0.889        934.694  4.3e-02        0.077     29.265        0.352       0.876
45900         0.319        0.890        936.735  4.3e-02        0.076     29.274        0.352       0.876
46000         0.315        0.891        938.776  4.3e-02        0.076     32.246        0.352       0.875
46100         0.318        0.890        940.816  4.2e-02        0.075     29.280        0.352       0.875
46200         0.319        0.889        942.857  4.2e-02        0.076     29.252        0.352       0.875
46300         0.318        0.889        944.898  4.2e-02        0.075     29.280        0.352       0.875
46400         0.319        0.890        946.939  4.2e-02        0.076     29.260        0.352       0.875
46500         0.318        0.890        948.980  4.2e-02        0.075     29.274        0.352       0.875
46600         0.318        0.890        951.020  4.2e-02        0.075     29.216        0.352       0.875
46700         0.319        0.890        953.061  4.2e-02        0.075     29.269        0.352       0.875
46800         0.319        0.890        955.102  4.2e-02        0.076     29.242        0.352       0.875
46900         0.316        0.891        957.143  4.1e-02        0.076     29.252        0.352       0.875
47000         0.319        0.889        959.184  4.1e-02        0.075     32.235        0.353       0.876
47100         0.320        0.889        961.224  4.1e-02        0.075     29.274        0.353       0.876
47200         0.318        0.889        963.265  4.1e-02        0.075     29.277        0.353       0.876
47300         0.319        0.890        965.306  4.1e-02        0.075     29.291        0.353       0.876
47400         0.317        0.890        967.347  4.1e-02        0.075     29.257        0.353       0.876
47500         0.319        0.890        969.388  4.1e-02        0.075     29.305        0.353       0.876
47600         0.319        0.889        971.429  4.1e-02        0.076     29.276        0.353       0.876
47700         0.318        0.890        973.469  4.0e-02        0.075     29.274        0.353       0.876
47800         0.319        0.889        975.510  4.0e-02        0.074     29.256        0.353       0.876
47900         0.319        0.889        977.551  4.0e-02        0.074     29.271        0.353       0.876
48000         0.317        0.891        979.592  4.0e-02        0.075     32.219        0.352       0.876
48100         0.318        0.890        981.633  4.0e-02        0.076     29.274        0.352       0.876
48200         0.319        0.890        983.673  4.0e-02        0.075     29.267        0.352       0.876
48300         0.319        0.889        985.714  4.0e-02        0.077     29.241        0.352       0.876
48400         0.318        0.890        987.755  4.0e-02        0.075     29.257        0.352       0.876
48500         0.317        0.891        989.796  3.9e-02        0.076     29.257        0.352       0.876
48600         0.318        0.890        991.837  3.9e-02        0.075     29.273        0.352       0.876
48700         0.318        0.890        993.878  3.9e-02        0.076     29.254        0.352       0.876
48800         0.318        0.889        995.918  3.9e-02        0.076     29.262        0.352       0.876
48900         0.318        0.890        997.959  3.9e-02        0.077     29.249        0.352       0.876
49000         0.318        0.890       1000.000  3.9e-02        0.076     32.187        0.351       0.876
49100         0.318        0.890       1002.041  3.9e-02        0.075     29.282        0.351       0.876
49200         0.319        0.889       1004.082  3.9e-02        0.076     29.264        0.351       0.876
    t    train_loss    train_acc    train_epoch       lr    data_time    it_time    test_loss    test_acc
-----  ------------  -----------  -------------  -------  -----------  ---------  -----------  ----------
49300         0.317        0.890       1006.122  3.8e-02        0.076     29.258        0.351       0.876
49400         0.318        0.890       1008.163  3.8e-02        0.078     29.280        0.351       0.876
49500         0.319        0.890       1010.204  3.8e-02        0.076     29.312        0.351       0.876
49600         0.320        0.890       1012.245  3.8e-02        0.077     29.268        0.351       0.876
49700         0.318        0.890       1014.286  3.8e-02        0.075     29.271        0.351       0.876
49800         0.319        0.890       1016.327  3.8e-02        0.075     29.277        0.351       0.876
49900         0.318        0.890       1018.367  3.8e-02        0.075     29.266        0.351       0.876
50000         0.319        0.890       1020.408  3.8e-02        0.076     32.286        0.353       0.875
50100         0.317        0.890       1022.449  3.7e-02        0.076     29.262        0.353       0.875
50200         0.319        0.890       1024.490  3.7e-02        0.075     29.266        0.353       0.875
50300         0.317        0.890       1026.531  3.7e-02        0.075     29.272        0.353       0.875
50400         0.318        0.890       1028.571  3.7e-02        0.075     29.282        0.353       0.875
50500         0.317        0.890       1030.612  3.7e-02        0.075     29.274        0.353       0.875
50600         0.317        0.890       1032.653  3.7e-02        0.075     29.262        0.353       0.875
50700         0.317        0.891       1034.694  3.7e-02        0.075     29.293        0.353       0.875
50800         0.318        0.890       1036.735  3.7e-02        0.077     29.249        0.353       0.875
50900         0.319        0.890       1038.776  3.6e-02        0.075     29.287        0.353       0.875
51000         0.319        0.890       1040.816  3.6e-02        0.075     32.244        0.352       0.876
51100         0.317        0.891       1042.857  3.6e-02        0.075     29.273        0.352       0.876
51200         0.318        0.891       1044.898  3.6e-02        0.076     29.273        0.352       0.876
51300         0.319        0.890       1046.939  3.6e-02        0.077     29.302        0.352       0.876
51400         0.319        0.890       1048.980  3.6e-02        0.075     29.300        0.352       0.876
51500         0.319        0.890       1051.020  3.6e-02        0.075     29.213        0.352       0.876
51600         0.317        0.890       1053.061  3.6e-02        0.077     29.297        0.352       0.876
51700         0.318        0.890       1055.102  3.5e-02        0.075     29.274        0.352       0.876
51800         0.318        0.890       1057.143  3.5e-02        0.075     29.277        0.352       0.876
51900         0.317        0.891       1059.184  3.5e-02        0.075     29.279        0.352       0.876
52000         0.317        0.890       1061.224  3.5e-02        0.075     32.245        0.351       0.876
52100         0.318        0.889       1063.265  3.5e-02        0.075     29.287        0.351       0.876
52200         0.320        0.889       1065.306  3.5e-02        0.076     29.275        0.351       0.876
52300         0.318        0.890       1067.347  3.5e-02        0.075     29.281        0.351       0.876
52400         0.319        0.890       1069.388  3.5e-02        0.074     29.298        0.351       0.876
52500         0.318        0.890       1071.429  3.4e-02        0.077     29.273        0.351       0.876
52600         0.318        0.890       1073.469  3.4e-02        0.075     29.268        0.351       0.876
52700         0.317        0.891       1075.510  3.4e-02        0.076     29.284        0.351       0.876
52800         0.319        0.889       1077.551  3.4e-02        0.078     29.258        0.351       0.876
52900         0.319        0.889       1079.592  3.4e-02        0.076     29.265        0.351       0.876
53000         0.318        0.889       1081.633  3.4e-02        0.076     32.240        0.352       0.875
53100         0.320        0.890       1083.673  3.4e-02        0.075     29.250        0.352       0.875
53200         0.318        0.890       1085.714  3.4e-02        0.076     29.266        0.352       0.875
53300         0.319        0.889       1087.755  3.3e-02        0.076     29.264        0.352       0.875
    t    train_loss    train_acc    train_epoch       lr    data_time    it_time    test_loss    test_acc
-----  ------------  -----------  -------------  -------  -----------  ---------  -----------  ----------
53400         0.318        0.890       1089.796  3.3e-02        0.074     29.272        0.352       0.875
53500         0.319        0.889       1091.837  3.3e-02        0.075     29.235        0.352       0.875
53600         0.319        0.889       1093.878  3.3e-02        0.075     29.278        0.352       0.875
53700         0.317        0.890       1095.918  3.3e-02        0.075     29.274        0.352       0.875
53800         0.319        0.890       1097.959  3.3e-02        0.076     29.275        0.352       0.875
53900         0.317        0.891       1100.000  3.3e-02        0.075     29.232        0.352       0.875
54000         0.319        0.890       1102.041  3.3e-02        0.076     32.276        0.351       0.876
54100         0.319        0.889       1104.082  3.2e-02        0.076     29.268        0.351       0.876
54200         0.317        0.890       1106.122  3.2e-02        0.076     29.299        0.351       0.876
54300         0.318        0.890       1108.163  3.2e-02        0.075     29.289        0.351       0.876
54400         0.318        0.890       1110.204  3.2e-02        0.078     29.292        0.351       0.876
54500         0.318        0.889       1112.245  3.2e-02        0.076     29.282        0.351       0.876
54600         0.316        0.891       1114.286  3.2e-02        0.076     29.253        0.351       0.876
54700         0.318        0.890       1116.327  3.2e-02        0.075     29.284        0.351       0.876
54800         0.318        0.890       1118.367  3.2e-02        0.076     29.268        0.351       0.876
54900         0.321        0.889       1120.408  3.1e-02        0.077     29.293        0.351       0.876
55000         0.315        0.892       1122.449  3.1e-02        0.075     32.281        0.350       0.876
55100         0.320        0.890       1124.490  3.1e-02        0.076     29.288        0.350       0.876
55200         0.318        0.891       1126.531  3.1e-02        0.075     29.276        0.350       0.876
55300         0.317        0.890       1128.571  3.1e-02        0.074     29.275        0.350       0.876
55400         0.319        0.890       1130.612  3.1e-02        0.076     29.274        0.350       0.876
55500         0.317        0.891       1132.653  3.1e-02        0.076     29.262        0.350       0.876
55600         0.318        0.890       1134.694  3.1e-02        0.075     29.276        0.350       0.876
55700         0.318        0.890       1136.735  3.0e-02        0.076     29.256        0.350       0.876
55800         0.319        0.890       1138.776  3.0e-02        0.077     29.271        0.350       0.876
55900         0.319        0.889       1140.816  3.0e-02        0.075     29.248        0.350       0.876
56000         0.319        0.890       1142.857  3.0e-02        0.075     32.235        0.351       0.876
56100         0.319        0.890       1144.898  3.0e-02        0.075     29.252        0.351       0.876
56200         0.320        0.890       1146.939  3.0e-02        0.079     29.242        0.351       0.876
56300         0.318        0.890       1148.980  3.0e-02        0.075     29.248        0.351       0.876
56400         0.318        0.888       1151.020  3.0e-02        0.076     29.228        0.351       0.876
56500         0.317        0.891       1153.061  2.9e-02        0.075     29.263        0.351       0.876
56600         0.317        0.891       1155.102  2.9e-02        0.076     29.246        0.351       0.876
56700         0.317        0.890       1157.143  2.9e-02        0.075     29.270        0.351       0.876
56800         0.316        0.890       1159.184  2.9e-02        0.075     29.261        0.351       0.876
56900         0.318        0.890       1161.224  2.9e-02        0.076     29.266        0.351       0.876
57000         0.318        0.891       1163.265  2.9e-02        0.075     32.245        0.352       0.875
57100         0.319        0.889       1165.306  2.9e-02        0.075     29.264        0.352       0.875
57200         0.319        0.889       1167.347  2.9e-02        0.075     29.279        0.352       0.875
57300         0.316        0.890       1169.388  2.8e-02        0.075     29.247        0.352       0.875
57400         0.318        0.890       1171.429  2.8e-02        0.077     29.249        0.352       0.875
    t    train_loss    train_acc    train_epoch       lr    data_time    it_time    test_loss    test_acc
-----  ------------  -----------  -------------  -------  -----------  ---------  -----------  ----------
57500         0.316        0.891       1173.469  2.8e-02        0.075     29.276        0.352       0.875
57600         0.319        0.889       1175.510  2.8e-02        0.077     29.281        0.352       0.875
57700         0.319        0.889       1177.551  2.8e-02        0.075     29.273        0.352       0.875
57800         0.317        0.891       1179.592  2.8e-02        0.075     29.272        0.352       0.875
57900         0.319        0.890       1181.633  2.8e-02        0.075     29.267        0.352       0.875
58000         0.317        0.890       1183.673  2.8e-02        0.076     32.250        0.351       0.875
58100         0.318        0.889       1185.714  2.7e-02        0.076     29.268        0.351       0.875
58200         0.317        0.891       1187.755  2.7e-02        0.075     29.277        0.351       0.875
58300         0.317        0.890       1189.796  2.7e-02        0.075     29.277        0.351       0.875
58400         0.318        0.889       1191.837  2.7e-02        0.076     29.285        0.351       0.875
58500         0.318        0.889       1193.878  2.7e-02        0.075     29.267        0.351       0.875
58600         0.319        0.889       1195.918  2.7e-02        0.076     29.270        0.351       0.875
58700         0.317        0.891       1197.959  2.7e-02        0.076     29.267        0.351       0.875
58800         0.318        0.890       1200.000  2.7e-02        0.077     29.236        0.351       0.875
58900         0.318        0.889       1202.041  2.6e-02        0.077     29.294        0.351       0.875
59000         0.318        0.890       1204.082  2.6e-02        0.075     32.243        0.352       0.875
59100         0.318        0.891       1206.122  2.6e-02        0.076     29.259        0.352       0.875
59200         0.318        0.890       1208.163  2.6e-02        0.075     29.292        0.352       0.875
59300         0.318        0.891       1210.204  2.6e-02        0.075     29.268        0.352       0.875
59400         0.318        0.890       1212.245  2.6e-02        0.075     29.288        0.352       0.875
59500         0.319        0.890       1214.286  2.6e-02        0.076     29.279        0.352       0.875
59600         0.317        0.891       1216.327  2.6e-02        0.075     29.266        0.352       0.875
59700         0.320        0.890       1218.367  2.5e-02        0.076     29.273        0.352       0.875
59800         0.318        0.891       1220.408  2.5e-02        0.075     29.285        0.352       0.875
59900         0.318        0.889       1222.449  2.5e-02        0.075     29.261        0.352       0.875
60000         0.319        0.889       1224.490  2.5e-02        0.078     32.216        0.352       0.875
60100         0.316        0.890       1226.531  2.5e-02        0.076     29.258        0.352       0.875
60200         0.318        0.890       1228.571  2.5e-02        0.075     29.267        0.352       0.875
60300         0.317        0.890       1230.612  2.5e-02        0.075     29.257        0.352       0.875
60400         0.317        0.891       1232.653  2.5e-02        0.075     29.265        0.352       0.875
60500         0.318        0.890       1234.694  2.4e-02        0.076     29.270        0.352       0.875
60600         0.317        0.891       1236.735  2.4e-02        0.075     29.264        0.352       0.875
60700         0.318        0.890       1238.776  2.4e-02        0.075     29.282        0.352       0.875
60800         0.318        0.890       1240.816  2.4e-02        0.076     29.289        0.352       0.875
60900         0.317        0.891       1242.857  2.4e-02        0.075     29.277        0.352       0.875
61000         0.319        0.890       1244.898  2.4e-02        0.075     32.237        0.352       0.875
61100         0.317        0.890       1246.939  2.4e-02        0.076     29.264        0.352       0.875
61200         0.318        0.890       1248.980  2.4e-02        0.075     29.267        0.352       0.875
61300         0.318        0.891       1251.020  2.3e-02        0.075     29.226        0.352       0.875
61400         0.317        0.891       1253.061  2.3e-02        0.074     29.264        0.352       0.875
61500         0.318        0.890       1255.102  2.3e-02        0.076     29.294        0.352       0.875
    t    train_loss    train_acc    train_epoch       lr    data_time    it_time    test_loss    test_acc
-----  ------------  -----------  -------------  -------  -----------  ---------  -----------  ----------
61600         0.317        0.890       1257.143  2.3e-02        0.074     29.294        0.352       0.875
61700         0.318        0.890       1259.184  2.3e-02        0.075     29.294        0.352       0.875
61800         0.318        0.890       1261.224  2.3e-02        0.075     29.273        0.352       0.875
61900         0.318        0.890       1263.265  2.3e-02        0.075     29.255        0.352       0.875
62000         0.319        0.889       1265.306  2.3e-02        0.075     32.255        0.352       0.876
62100         0.318        0.890       1267.347  2.2e-02        0.075     29.279        0.352       0.876
62200         0.317        0.891       1269.388  2.2e-02        0.075     29.277        0.352       0.876
62300         0.318        0.890       1271.429  2.2e-02        0.074     29.282        0.352       0.876
62400         0.320        0.890       1273.469  2.2e-02        0.075     29.293        0.352       0.876
62500         0.316        0.890       1275.510  2.2e-02        0.075     29.279        0.352       0.876
62600         0.317        0.890       1277.551  2.2e-02        0.075     29.283        0.352       0.876
62700         0.316        0.891       1279.592  2.2e-02        0.075     29.274        0.352       0.876
62800         0.317        0.891       1281.633  2.2e-02        0.076     29.286        0.352       0.876
62900         0.316        0.891       1283.673  2.1e-02        0.076     29.273        0.352       0.876
63000         0.320        0.890       1285.714  2.1e-02        0.075     32.239        0.352       0.875
63100         0.318        0.891       1287.755  2.1e-02        0.076     29.272        0.352       0.875
63200         0.318        0.891       1289.796  2.1e-02        0.075     29.269        0.352       0.875
63300         0.317        0.890       1291.837  2.1e-02        0.076     29.293        0.352       0.875
63400         0.317        0.890       1293.878  2.1e-02        0.075     29.280        0.352       0.875
63500         0.318        0.890       1295.918  2.1e-02        0.076     29.268        0.352       0.875
63600         0.318        0.891       1297.959  2.1e-02        0.076     29.267        0.352       0.875
63700         0.317        0.891       1300.000  2.0e-02        0.075     29.227        0.352       0.875
63800         0.319        0.890       1302.041  2.0e-02        0.075     29.266        0.352       0.875
63900         0.318        0.890       1304.082  2.0e-02        0.075     29.271        0.352       0.875
64000         0.318        0.889       1306.122  2.0e-02        0.076     32.227        0.351       0.877
64100         0.316        0.891       1308.163  2.0e-02        0.077     29.271        0.351       0.877
64200         0.320        0.890       1310.204  2.0e-02        0.075     29.265        0.351       0.877
64300         0.317        0.890       1312.245  2.0e-02        0.076     29.275        0.351       0.877
64400         0.318        0.890       1314.286  2.0e-02        0.075     29.290        0.351       0.877
64500         0.318        0.890       1316.327  1.9e-02        0.075     29.275        0.351       0.877
64600         0.318        0.891       1318.367  1.9e-02        0.075     29.272        0.351       0.877
64700         0.319        0.890       1320.408  1.9e-02        0.076     29.270        0.351       0.877
64800         0.316        0.891       1322.449  1.9e-02        0.076     29.287        0.351       0.877
64900         0.316        0.891       1324.490  1.9e-02        0.078     29.239        0.351       0.877
65000         0.319        0.889       1326.531  1.9e-02        0.076     32.232        0.352       0.876
65100         0.317        0.890       1328.571  1.9e-02        0.075     29.275        0.352       0.876
65200         0.318        0.890       1330.612  1.9e-02        0.075     29.246        0.352       0.876
65300         0.317        0.891       1332.653  1.8e-02        0.075     29.256        0.352       0.876
65400         0.318        0.891       1334.694  1.8e-02        0.075     29.273        0.352       0.876
65500         0.318        0.890       1336.735  1.8e-02        0.075     29.260        0.352       0.876
65600         0.315        0.891       1338.776  1.8e-02        0.075     29.280        0.352       0.876
    t    train_loss    train_acc    train_epoch       lr    data_time    it_time    test_loss    test_acc
-----  ------------  -----------  -------------  -------  -----------  ---------  -----------  ----------
65700         0.319        0.890       1340.816  1.8e-02        0.075     29.287        0.352       0.876
65800         0.318        0.889       1342.857  1.8e-02        0.075     29.272        0.352       0.876
65900         0.318        0.890       1344.898  1.8e-02        0.075     29.287        0.352       0.876
66000         0.319        0.890       1346.939  1.8e-02        0.077     32.283        0.352       0.876
66100         0.317        0.890       1348.980  1.7e-02        0.076     29.263        0.352       0.876
66200         0.319        0.888       1351.020  1.7e-02        0.075     29.235        0.352       0.876
66300         0.319        0.890       1353.061  1.7e-02        0.076     29.258        0.352       0.876
66400         0.317        0.890       1355.102  1.7e-02        0.075     29.288        0.352       0.876
66500         0.318        0.890       1357.143  1.7e-02        0.075     29.270        0.352       0.876
66600         0.319        0.889       1359.184  1.7e-02        0.075     29.285        0.352       0.876
66700         0.318        0.890       1361.224  1.7e-02        0.076     29.259        0.352       0.876
66800         0.319        0.889       1363.265  1.7e-02        0.076     29.280        0.352       0.876
66900         0.317        0.891       1365.306  1.6e-02        0.076     29.281        0.352       0.876
67000         0.319        0.890       1367.347  1.6e-02        0.076     32.236        0.352       0.875
67100         0.315        0.891       1369.388  1.6e-02        0.076     29.271        0.352       0.875
67200         0.318        0.890       1371.429  1.6e-02        0.075     29.253        0.352       0.875
67300         0.319        0.890       1373.469  1.6e-02        0.075     29.288        0.352       0.875
67400         0.318        0.890       1375.510  1.6e-02        0.075     29.274        0.352       0.875
67500         0.319        0.890       1377.551  1.6e-02        0.076     29.268        0.352       0.875
67600         0.318        0.889       1379.592  1.6e-02        0.075     29.285        0.352       0.875
67700         0.318        0.890       1381.633  1.5e-02        0.076     29.266        0.352       0.875
67800         0.318        0.889       1383.673  1.5e-02        0.075     29.293        0.352       0.875
67900         0.317        0.890       1385.714  1.5e-02        0.075     29.264        0.352       0.875
68000         0.315        0.891       1387.755  1.5e-02        0.076     32.257        0.352       0.875
68100         0.317        0.891       1389.796  1.5e-02        0.076     29.282        0.352       0.875
68200         0.318        0.890       1391.837  1.5e-02        0.075     29.256        0.352       0.875
68300         0.317        0.890       1393.878  1.5e-02        0.075     29.277        0.352       0.875
68400         0.317        0.891       1395.918  1.5e-02        0.078     29.284        0.352       0.875
68500         0.318        0.890       1397.959  1.4e-02        0.077     29.270        0.352       0.875
68600         0.318        0.890       1400.000  1.4e-02        0.076     29.249        0.352       0.875
68700         0.317        0.890       1402.041  1.4e-02        0.076     29.270        0.352       0.875
68800         0.318        0.890       1404.082  1.4e-02        0.076     29.277        0.352       0.875
68900         0.318        0.891       1406.122  1.4e-02        0.075     29.284        0.352       0.875
69000         0.316        0.891       1408.163  1.4e-02        0.076     32.231        0.352       0.875
69100         0.318        0.890       1410.204  1.4e-02        0.077     29.277        0.352       0.875
69200         0.317        0.891       1412.245  1.4e-02        0.076     29.286        0.352       0.875
69300         0.317        0.890       1414.286  1.3e-02        0.076     29.274        0.352       0.875
69400         0.317        0.890       1416.327  1.3e-02        0.075     29.266        0.352       0.875
69500         0.319        0.889       1418.367  1.3e-02        0.075     29.280        0.352       0.875
69600         0.317        0.890       1420.408  1.3e-02        0.075     29.275        0.352       0.875
69700         0.316        0.891       1422.449  1.3e-02        0.076     29.284        0.352       0.875
    t    train_loss    train_acc    train_epoch       lr    data_time    it_time    test_loss    test_acc
-----  ------------  -----------  -------------  -------  -----------  ---------  -----------  ----------
69800         0.316        0.891       1424.490  1.3e-02        0.076     29.265        0.352       0.875
69900         0.319        0.890       1426.531  1.3e-02        0.075     29.280        0.352       0.875
70000         0.317        0.890       1428.571  1.3e-02        0.076     32.257        0.351       0.876
70100         0.318        0.889       1430.612  1.2e-02        0.075     29.264        0.351       0.876
70200         0.317        0.891       1432.653  1.2e-02        0.076     29.302        0.351       0.876
70300         0.316        0.891       1434.694  1.2e-02        0.076     29.275        0.351       0.876
70400         0.319        0.890       1436.735  1.2e-02        0.075     29.273        0.351       0.876
70500         0.317        0.891       1438.776  1.2e-02        0.076     29.278        0.351       0.876
70600         0.316        0.890       1440.816  1.2e-02        0.075     29.270        0.351       0.876
70700         0.318        0.891       1442.857  1.2e-02        0.075     29.284        0.351       0.876
70800         0.318        0.890       1444.898  1.2e-02        0.076     29.280        0.351       0.876
70900         0.317        0.890       1446.939  1.1e-02        0.076     29.279        0.351       0.876
71000         0.317        0.890       1448.980  1.1e-02        0.075     32.274        0.351       0.876
71100         0.318        0.890       1451.020  1.1e-02        0.075     29.215        0.351       0.876
71200         0.318        0.891       1453.061  1.1e-02        0.076     29.259        0.351       0.876
71300         0.317        0.891       1455.102  1.1e-02        0.076     29.279        0.351       0.876
71400         0.317        0.890       1457.143  1.1e-02        0.075     29.282        0.351       0.876
71500         0.318        0.891       1459.184  1.1e-02        0.075     29.283        0.351       0.876
71600         0.317        0.891       1461.224  1.1e-02        0.075     29.277        0.351       0.876
71700         0.318        0.890       1463.265  1.0e-02        0.075     29.284        0.351       0.876
71800         0.318        0.890       1465.306  1.0e-02        0.078     29.257        0.351       0.876
71900         0.317        0.890       1467.347  1.0e-02        0.075     29.280        0.351       0.876
72000         0.317        0.890       1469.388  1.0e-02        0.075     32.225        0.351       0.877
72100         0.317        0.890       1471.429  9.9e-03        0.076     29.277        0.351       0.877
72200         0.317        0.891       1473.469  9.8e-03        0.075     29.302        0.351       0.877
72300         0.318        0.890       1475.510  9.6e-03        0.075     29.288        0.351       0.877
72400         0.319        0.890       1477.551  9.5e-03        0.075     29.270        0.351       0.877
72500         0.317        0.890       1479.592  9.4e-03        0.077     29.248        0.351       0.877
72600         0.318        0.890       1481.633  9.3e-03        0.076     29.281        0.351       0.877
72700         0.317        0.891       1483.673  9.1e-03        0.076     29.258        0.351       0.877
72800         0.318        0.891       1485.714  9.0e-03        0.077     29.264        0.351       0.877
72900         0.317        0.890       1487.755  8.9e-03        0.076     29.279        0.351       0.877
73000         0.316        0.890       1489.796  8.8e-03        0.076     32.247        0.352       0.876
73100         0.320        0.890       1491.837  8.6e-03        0.077     29.283        0.352       0.876
73200         0.317        0.891       1493.878  8.5e-03        0.076     29.249        0.352       0.876
73300         0.317        0.891       1495.918  8.4e-03        0.076     29.265        0.352       0.876
73400         0.317        0.890       1497.959  8.3e-03        0.077     29.263        0.352       0.876
73500         0.317        0.890       1500.000  8.1e-03        0.075     29.223        0.352       0.876
73600         0.318        0.890       1502.041  8.0e-03        0.077     29.241        0.352       0.876
73700         0.319        0.890       1504.082  7.9e-03        0.075     29.275        0.352       0.876
73800         0.316        0.891       1506.122  7.8e-03        0.075     29.282        0.352       0.876
    t    train_loss    train_acc    train_epoch       lr    data_time    it_time    test_loss    test_acc
-----  ------------  -----------  -------------  -------  -----------  ---------  -----------  ----------
73900         0.318        0.890       1508.163  7.6e-03        0.076     29.260        0.352       0.876
74000         0.318        0.890       1510.204  7.5e-03        0.077     32.253        0.351       0.876
74100         0.317        0.890       1512.245  7.4e-03        0.075     29.283        0.351       0.876
74200         0.318        0.890       1514.286  7.3e-03        0.075     29.262        0.351       0.876
74300         0.318        0.890       1516.327  7.1e-03        0.076     29.266        0.351       0.876
74400         0.319        0.890       1518.367  7.0e-03        0.075     29.284        0.351       0.876
74500         0.319        0.890       1520.408  6.9e-03        0.075     29.290        0.351       0.876
74600         0.316        0.890       1522.449  6.8e-03        0.076     29.284        0.351       0.876
74700         0.320        0.890       1524.490  6.6e-03        0.076     29.270        0.351       0.876
74800         0.315        0.891       1526.531  6.5e-03        0.076     29.270        0.351       0.876
74900         0.318        0.890       1528.571  6.4e-03        0.075     29.267        0.351       0.876
75000         0.318        0.890       1530.612  6.3e-03        0.075     32.252        0.352       0.876
75100         0.318        0.890       1532.653  6.1e-03        0.076     29.263        0.352       0.876
75200         0.317        0.890       1534.694  6.0e-03        0.076     29.279        0.352       0.876
75300         0.317        0.892       1536.735  5.9e-03        0.075     29.285        0.352       0.876
75400         0.316        0.890       1538.776  5.8e-03        0.075     29.287        0.352       0.876
75500         0.318        0.890       1540.816  5.6e-03        0.076     29.281        0.352       0.876
75600         0.317        0.891       1542.857  5.5e-03        0.076     29.282        0.352       0.876
75700         0.318        0.890       1544.898  5.4e-03        0.075     29.268        0.352       0.876
75800         0.317        0.891       1546.939  5.3e-03        0.078     29.270        0.352       0.876
75900         0.316        0.892       1548.980  5.1e-03        0.075     29.279        0.352       0.876
76000         0.317        0.890       1551.020  5.0e-03        0.076     32.202        0.352       0.875
76100         0.317        0.890       1553.061  4.9e-03        0.075     29.281        0.352       0.875
76200         0.318        0.889       1555.102  4.8e-03        0.075     29.284        0.352       0.875
76300         0.318        0.890       1557.143  4.6e-03        0.076     29.256        0.352       0.875
76400         0.317        0.892       1559.184  4.5e-03        0.075     29.288        0.352       0.875
76500         0.317        0.891       1561.224  4.4e-03        0.076     29.279        0.352       0.875
76600         0.318        0.891       1563.265  4.3e-03        0.077     29.244        0.352       0.875
76700         0.318        0.889       1565.306  4.1e-03        0.076     29.289        0.352       0.875
76800         0.317        0.891       1567.347  4.0e-03        0.077     29.284        0.352       0.875
76900         0.317        0.891       1569.388  3.9e-03        0.075     29.281        0.352       0.875
77000         0.317        0.891       1571.429  3.8e-03        0.075     32.238        0.352       0.875
77100         0.318        0.890       1573.469  3.6e-03        0.076     29.272        0.352       0.875
77200         0.317        0.890       1575.510  3.5e-03        0.075     29.279        0.352       0.875
77300         0.318        0.890       1577.551  3.4e-03        0.077     29.252        0.352       0.875
77400         0.318        0.890       1579.592  3.3e-03        0.075     29.263        0.352       0.875
77500         0.318        0.890       1581.633  3.1e-03        0.075     29.264        0.352       0.875
77600         0.317        0.890       1583.673  3.0e-03        0.076     29.281        0.352       0.875
77700         0.316        0.891       1585.714  2.9e-03        0.075     29.267        0.352       0.875
77800         0.317        0.891       1587.755  2.8e-03        0.076     29.249        0.352       0.875
77900         0.317        0.890       1589.796  2.6e-03        0.075     29.272        0.352       0.875
    t    train_loss    train_acc    train_epoch       lr    data_time    it_time    test_loss    test_acc
-----  ------------  -----------  -------------  -------  -----------  ---------  -----------  ----------
78000         0.317        0.891       1591.837  2.5e-03        0.076     32.230        0.352       0.876
78100         0.316        0.892       1593.878  2.4e-03        0.075     29.267        0.352       0.876
78200         0.317        0.890       1595.918  2.3e-03        0.077     29.274        0.352       0.876
78300         0.318        0.890       1597.959  2.1e-03        0.077     29.262        0.352       0.876
78400         0.316        0.891       1600.000  2.0e-03        0.077     29.217        0.352       0.876
78500         0.316        0.891       1602.041  1.9e-03        0.077     29.285        0.352       0.876
78600         0.318        0.890       1604.082  1.8e-03        0.076     29.262        0.352       0.876
78700         0.317        0.890       1606.122  1.6e-03        0.075     29.289        0.352       0.876
78800         0.317        0.891       1608.163  1.5e-03        0.076     29.273        0.352       0.876
78900         0.318        0.890       1610.204  1.4e-03        0.076     29.292        0.352       0.876
79000         0.317        0.890       1612.245  1.3e-03        0.075     32.242        0.352       0.876
79100         0.317        0.891       1614.286  1.1e-03        0.076     29.297        0.352       0.876
79200         0.315        0.892       1616.327  1.0e-03        0.076     29.283        0.352       0.876
79300         0.317        0.891       1618.367  8.8e-04        0.075     29.264        0.352       0.876
79400         0.317        0.890       1620.408  7.5e-04        0.076     29.271        0.352       0.876
79500         0.318        0.891       1622.449  6.3e-04        0.075     29.297        0.352       0.876
79600         0.318        0.890       1624.490  5.0e-04        0.076     29.266        0.352       0.876
79700         0.316        0.892       1626.531  3.8e-04        0.075     29.271        0.352       0.876
79800         0.316        0.891       1628.571  2.5e-04        0.075     29.272        0.352       0.876
79900         0.319        0.891       1630.612  1.3e-04        0.076     29.276        0.352       0.876
80000         0.316        0.891       1632.653  1.2e-06        0.075     32.237        0.352       0.876
