  t    train_loss    train_acc    train_epoch       lr    data_time    it_time
---  ------------  -----------  -------------  -------  -----------  ---------
100         0.782        0.735          1.020  1.0e-01        0.180     16.225
200         0.590        0.794          2.041  1.0e-01        0.039     14.588
300         0.558        0.804          3.061  1.0e-01        0.040     14.594
400         0.539        0.810          4.082  1.0e-01        0.040     14.593
500         0.521        0.817          5.102  9.9e-02        0.039     14.598
600         0.514        0.819          6.122  9.9e-02        0.040     14.602
700         0.508        0.823          7.143  9.9e-02        0.040     14.601
800         0.497        0.824          8.163  9.9e-02        0.040     14.611
900         0.493        0.826          9.184  9.9e-02        0.041     14.607
1000         0.487        0.829         10.204  9.9e-02        0.041     20.713        0.483       0.827
1100         0.487        0.828         11.224  9.9e-02        0.040     14.606        0.483       0.827
1200         0.479        0.831         12.245  9.9e-02        0.039     14.607        0.483       0.827
1300         0.476        0.832         13.265  9.8e-02        0.040     14.615        0.483       0.827
1400         0.469        0.834         14.286  9.8e-02        0.040     14.617        0.483       0.827
1500         0.472        0.833         15.306  9.8e-02        0.039     14.614        0.483       0.827
1600         0.464        0.837         16.327  9.8e-02        0.040     14.618        0.483       0.827
1700         0.461        0.839         17.347  9.8e-02        0.040     14.622        0.483       0.827
1800         0.461        0.838         18.367  9.8e-02        0.039     14.627        0.483       0.827
1900         0.461        0.838         19.388  9.8e-02        0.039     14.632        0.483       0.827
2000         0.455        0.839         20.408  9.8e-02        0.040     17.686        0.455       0.839
2100         0.455        0.840         21.429  9.7e-02        0.040     14.618        0.455       0.839
2200         0.452        0.841         22.449  9.7e-02        0.040     14.564        0.455       0.839
2300         0.449        0.841         23.469  9.7e-02        0.040     14.574        0.455       0.839
2400         0.450        0.842         24.490  9.7e-02        0.039     14.577        0.455       0.839
2500         0.450        0.841         25.510  9.7e-02        0.040     14.576        0.455       0.839
2600         0.448        0.842         26.531  9.7e-02        0.040     14.583        0.455       0.839
2700         0.444        0.844         27.551  9.7e-02        0.040     14.583        0.455       0.839
2800         0.441        0.844         28.571  9.7e-02        0.041     14.584        0.455       0.839
2900         0.441        0.846         29.592  9.6e-02        0.039     14.590        0.455       0.839
3000         0.443        0.843         30.612  9.6e-02        0.040     17.534        0.456       0.840
3100         0.438        0.844         31.633  9.6e-02        0.039     14.587        0.456       0.840
3200         0.440        0.844         32.653  9.6e-02        0.040     14.594        0.456       0.840
3300         0.436        0.846         33.673  9.6e-02        0.040     14.601        0.456       0.840
3400         0.437        0.845         34.694  9.6e-02        0.039     14.596        0.456       0.840
3500         0.435        0.846         35.714  9.6e-02        0.040     14.596        0.456       0.840
3600         0.435        0.846         36.735  9.6e-02        0.041     14.593        0.456       0.840
3700         0.433        0.848         37.755  9.5e-02        0.040     14.601        0.456       0.840
3800         0.432        0.847         38.776  9.5e-02        0.040     14.595        0.456       0.840
3900         0.432        0.850         39.796  9.5e-02        0.040     14.600        0.456       0.840
4000         0.430        0.849         40.816  9.5e-02        0.039     17.536        0.444       0.842
4100         0.431        0.847         41.837  9.5e-02        0.040     14.599        0.444       0.842
   t    train_loss    train_acc    train_epoch       lr    data_time    it_time    test_loss    test_acc
----  ------------  -----------  -------------  -------  -----------  ---------  -----------  ----------
4200         0.431        0.849         42.857  9.5e-02        0.040     14.597        0.444       0.842
4300         0.430        0.847         43.878  9.5e-02        0.040     14.608        0.444       0.842
4400         0.430        0.849         44.898  9.5e-02        0.040     14.601        0.444       0.842
4500         0.428        0.850         45.918  9.4e-02        0.040     14.607        0.444       0.842
4600         0.427        0.848         46.939  9.4e-02        0.041     14.694        0.444       0.842
4700         0.429        0.848         47.959  9.4e-02        0.041     14.839        0.444       0.842
4800         0.426        0.851         48.980  9.4e-02        0.042     14.749        0.444       0.842
4900         0.425        0.851         50.000  9.4e-02        0.056     16.636        0.444       0.842
5000         0.427        0.850         51.020  9.4e-02        0.043     17.847        0.442       0.845
5100         0.424        0.849         52.041  9.4e-02        0.040     14.662        0.442       0.845
5200         0.425        0.850         53.061  9.4e-02        0.040     14.664        0.442       0.845
5300         0.424        0.850         54.082  9.3e-02        0.040     14.658        0.442       0.845
5400         0.427        0.849         55.102  9.3e-02        0.040     14.664        0.442       0.845
5500         0.419        0.852         56.122  9.3e-02        0.040     14.665        0.442       0.845
5600         0.425        0.850         57.143  9.3e-02        0.040     14.666        0.442       0.845
5700         0.423        0.849         58.163  9.3e-02        0.040     14.666        0.442       0.845
5800         0.422        0.853         59.184  9.3e-02        0.041     14.661        0.442       0.845
5900         0.420        0.852         60.204  9.3e-02        0.041     14.661        0.442       0.845
6000         0.420        0.852         61.224  9.3e-02        0.041     17.626        0.446       0.840
6100         0.421        0.851         62.245  9.2e-02        0.041     14.662        0.446       0.840
6200         0.424        0.851         63.265  9.2e-02        0.040     14.667        0.446       0.840
6300         0.420        0.852         64.286  9.2e-02        0.040     14.664        0.446       0.840
6400         0.418        0.852         65.306  9.2e-02        0.040     14.661        0.446       0.840
6500         0.421        0.852         66.327  9.2e-02        0.040     14.667        0.446       0.840
6600         0.416        0.853         67.347  9.2e-02        0.040     14.666        0.446       0.840
6700         0.425        0.850         68.367  9.2e-02        0.040     14.653        0.446       0.840
6800         0.415        0.854         69.388  9.2e-02        0.039     14.660        0.446       0.840
6900         0.421        0.853         70.408  9.1e-02        0.040     14.658        0.446       0.840
7000         0.415        0.853         71.429  9.1e-02        0.040     17.628        0.435       0.848
7100         0.419        0.851         72.449  9.1e-02        0.041     14.752        0.435       0.848
7200         0.413        0.854         73.469  9.1e-02        0.040     14.598        0.435       0.848
7300         0.417        0.852         74.490  9.1e-02        0.039     14.605        0.435       0.848
7400         0.415        0.853         75.510  9.1e-02        0.040     14.601        0.435       0.848
7500         0.419        0.852         76.531  9.1e-02        0.040     14.595        0.435       0.848
7600         0.417        0.853         77.551  9.1e-02        0.040     14.587        0.435       0.848
7700         0.413        0.854         78.571  9.0e-02        0.040     14.597        0.435       0.848
7800         0.416        0.852         79.592  9.0e-02        0.040     14.593        0.435       0.848
7900         0.416        0.851         80.612  9.0e-02        0.040     14.598        0.435       0.848
8000         0.414        0.852         81.633  9.0e-02        0.041     17.546        0.446       0.841
8100         0.413        0.854         82.653  9.0e-02        0.040     14.597        0.446       0.841
8200         0.414        0.854         83.673  9.0e-02        0.041     14.603        0.446       0.841
   t    train_loss    train_acc    train_epoch       lr    data_time    it_time    test_loss    test_acc
----  ------------  -----------  -------------  -------  -----------  ---------  -----------  ----------
8300         0.413        0.855         84.694  9.0e-02        0.041     14.601        0.446       0.841
8400         0.417        0.853         85.714  9.0e-02        0.040     14.604        0.446       0.841
8500         0.413        0.855         86.735  8.9e-02        0.040     14.604        0.446       0.841
8600         0.413        0.854         87.755  8.9e-02        0.040     14.605        0.446       0.841
8700         0.411        0.857         88.776  8.9e-02        0.040     14.603        0.446       0.841
8800         0.416        0.852         89.796  8.9e-02        0.041     14.608        0.446       0.841
8900         0.408        0.855         90.816  8.9e-02        0.040     14.607        0.446       0.841
9000         0.413        0.854         91.837  8.9e-02        0.040     17.554        0.432       0.849
9100         0.411        0.854         92.857  8.9e-02        0.039     14.605        0.432       0.849
9200         0.411        0.855         93.878  8.9e-02        0.039     14.606        0.432       0.849
9300         0.412        0.854         94.898  8.8e-02        0.040     14.601        0.432       0.849
9400         0.410        0.857         95.918  8.8e-02        0.040     14.605        0.432       0.849
9500         0.410        0.854         96.939  8.8e-02        0.039     14.608        0.432       0.849
9600         0.409        0.856         97.959  8.8e-02        0.040     14.603        0.432       0.849
9700         0.413        0.854         98.980  8.8e-02        0.040     14.610        0.432       0.849
9800         0.416        0.853        100.000  8.8e-02        0.039     14.551        0.432       0.849
9900         0.411        0.854        101.020  8.8e-02        0.040     14.600        0.432       0.849
10000         0.412        0.855        102.041  8.8e-02        0.039     17.544        0.450       0.840
10100         0.410        0.856        103.061  8.7e-02        0.041     14.710        0.450       0.840
10200         0.409        0.855        104.082  8.7e-02        0.039     14.666        0.450       0.840
10300         0.412        0.855        105.102  8.7e-02        0.039     14.669        0.450       0.840
10400         0.410        0.854        106.122  8.7e-02        0.039     14.667        0.450       0.840
10500         0.409        0.855        107.143  8.7e-02        0.041     14.665        0.450       0.840
10600         0.411        0.854        108.163  8.7e-02        0.041     14.664        0.450       0.840
10700         0.412        0.854        109.184  8.7e-02        0.040     14.675        0.450       0.840
10800         0.412        0.855        110.204  8.7e-02        0.040     14.674        0.450       0.840
10900         0.407        0.857        111.224  8.6e-02        0.040     14.671        0.450       0.840
11000         0.407        0.857        112.245  8.6e-02        0.040     17.626        0.432       0.846
11100         0.407        0.856        113.265  8.6e-02        0.041     14.669        0.432       0.846
11200         0.412        0.854        114.286  8.6e-02        0.041     14.672        0.432       0.846
11300         0.412        0.855        115.306  8.6e-02        0.040     14.671        0.432       0.846
11400         0.404        0.857        116.327  8.6e-02        0.040     14.673        0.432       0.846
11500         0.407        0.858        117.347  8.6e-02        0.041     14.669        0.432       0.846
11600         0.407        0.855        118.367  8.6e-02        0.040     14.665        0.432       0.846
11700         0.414        0.852        119.388  8.5e-02        0.042     14.668        0.432       0.846
11800         0.412        0.854        120.408  8.5e-02        0.040     14.669        0.432       0.846
11900         0.406        0.857        121.429  8.5e-02        0.041     14.666        0.432       0.846
12000         0.408        0.855        122.449  8.5e-02        0.040     17.631        0.434       0.847
12100         0.410        0.855        123.469  8.5e-02        0.040     14.689        0.434       0.847
12200         0.407        0.856        124.490  8.5e-02        0.041     14.723        0.434       0.847
12300         0.407        0.857        125.510  8.5e-02        0.040     14.597        0.434       0.847
    t    train_loss    train_acc    train_epoch       lr    data_time    it_time    test_loss    test_acc
-----  ------------  -----------  -------------  -------  -----------  ---------  -----------  ----------
12400         0.408        0.855        126.531  8.5e-02        0.040     14.599        0.434       0.847
12500         0.408        0.855        127.551  8.4e-02        0.040     14.612        0.434       0.847
12600         0.404        0.857        128.571  8.4e-02        0.040     14.613        0.434       0.847
12700         0.412        0.853        129.592  8.4e-02        0.040     14.611        0.434       0.847
12800         0.408        0.856        130.612  8.4e-02        0.041     14.607        0.434       0.847
12900         0.407        0.855        131.633  8.4e-02        0.041     14.610        0.434       0.847
13000         0.408        0.855        132.653  8.4e-02        0.040     17.546        0.429       0.850
13100         0.405        0.857        133.673  8.4e-02        0.040     14.602        0.429       0.850
13200         0.406        0.856        134.694  8.4e-02        0.041     14.603        0.429       0.850
13300         0.403        0.858        135.714  8.3e-02        0.040     14.608        0.429       0.850
13400         0.405        0.856        136.735  8.3e-02        0.041     14.605        0.429       0.850
13500         0.409        0.857        137.755  8.3e-02        0.040     14.611        0.429       0.850
13600         0.409        0.855        138.776  8.3e-02        0.040     14.609        0.429       0.850
13700         0.406        0.857        139.796  8.3e-02        0.040     14.610        0.429       0.850
13800         0.407        0.856        140.816  8.3e-02        0.040     14.613        0.429       0.850
13900         0.402        0.858        141.837  8.3e-02        0.040     14.612        0.429       0.850
14000         0.409        0.857        142.857  8.3e-02        0.040     17.554        0.430       0.847
14100         0.405        0.857        143.878  8.2e-02        0.040     14.616        0.430       0.847
14200         0.406        0.856        144.898  8.2e-02        0.041     14.611        0.430       0.847
14300         0.405        0.856        145.918  8.2e-02        0.042     14.612        0.430       0.847
14400         0.403        0.858        146.939  8.2e-02        0.040     14.616        0.430       0.847
14500         0.405        0.856        147.959  8.2e-02        0.041     14.621        0.430       0.847
14600         0.404        0.857        148.980  8.2e-02        0.041     14.613        0.430       0.847
14700         0.409        0.854        150.000  8.2e-02        0.041     14.557        0.430       0.847
14800         0.407        0.856        151.020  8.2e-02        0.041     14.616        0.430       0.847
14900         0.409        0.856        152.041  8.1e-02        0.040     14.619        0.430       0.847
15000         0.408        0.857        153.061  8.1e-02        0.043     17.558        0.432       0.846
15100         0.406        0.856        154.082  8.1e-02        0.040     14.608        0.432       0.846
15200         0.404        0.857        155.102  8.1e-02        0.041     14.614        0.432       0.846
15300         0.404        0.857        156.122  8.1e-02        0.041     14.610        0.432       0.846
15400         0.408        0.856        157.143  8.1e-02        0.040     14.609        0.432       0.846
15500         0.405        0.858        158.163  8.1e-02        0.041     14.616        0.432       0.846
15600         0.408        0.857        159.184  8.1e-02        0.040     14.610        0.432       0.846
15700         0.404        0.857        160.204  8.0e-02        0.040     14.616        0.432       0.846
15800         0.409        0.856        161.224  8.0e-02        0.041     14.610        0.432       0.846
15900         0.407        0.855        162.245  8.0e-02        0.040     14.607        0.432       0.846
16000         0.405        0.858        163.265  8.0e-02        0.040     17.559        0.432       0.848
16100         0.404        0.859        164.286  8.0e-02        0.040     14.609        0.432       0.848
16200         0.405        0.859        165.306  8.0e-02        0.039     14.609        0.432       0.848
16300         0.404        0.859        166.327  8.0e-02        0.040     14.611        0.432       0.848
16400         0.404        0.857        167.347  8.0e-02        0.040     14.608        0.432       0.848
    t    train_loss    train_acc    train_epoch       lr    data_time    it_time    test_loss    test_acc
-----  ------------  -----------  -------------  -------  -----------  ---------  -----------  ----------
16500         0.409        0.855        168.367  7.9e-02        0.041     14.611        0.432       0.848
16600         0.406        0.856        169.388  7.9e-02        0.042     14.608        0.432       0.848
16700         0.402        0.859        170.408  7.9e-02        0.041     14.610        0.432       0.848
16800         0.406        0.857        171.429  7.9e-02        0.040     14.616        0.432       0.848
16900         0.404        0.856        172.449  7.9e-02        0.041     14.614        0.432       0.848
17000         0.408        0.855        173.469  7.9e-02        0.041     17.557        0.434       0.844
17100         0.403        0.858        174.490  7.9e-02        0.040     14.607        0.434       0.844
17200         0.405        0.857        175.510  7.9e-02        0.040     14.607        0.434       0.844
17300         0.403        0.858        176.531  7.8e-02        0.040     14.607        0.434       0.844
17400         0.405        0.857        177.551  7.8e-02        0.040     14.613        0.434       0.844
17500         0.405        0.856        178.571  7.8e-02        0.040     14.613        0.434       0.844
17600         0.406        0.856        179.592  7.8e-02        0.040     14.613        0.434       0.844
17700         0.405        0.858        180.612  7.8e-02        0.040     14.612        0.434       0.844
17800         0.403        0.856        181.633  7.8e-02        0.040     14.616        0.434       0.844
17900         0.403        0.859        182.653  7.8e-02        0.040     14.615        0.434       0.844
18000         0.406        0.856        183.673  7.8e-02        0.041     17.543        0.430       0.848
18100         0.406        0.855        184.694  7.7e-02        0.040     14.609        0.430       0.848
18200         0.402        0.857        185.714  7.7e-02        0.040     14.613        0.430       0.848
18300         0.406        0.857        186.735  7.7e-02        0.041     14.605        0.430       0.848
18400         0.404        0.857        187.755  7.7e-02        0.041     14.609        0.430       0.848
18500         0.400        0.859        188.776  7.7e-02        0.043     14.610        0.430       0.848
18600         0.402        0.858        189.796  7.7e-02        0.040     14.613        0.430       0.848
18700         0.404        0.857        190.816  7.7e-02        0.040     14.616        0.430       0.848
18800         0.404        0.857        191.837  7.7e-02        0.040     14.612        0.430       0.848
18900         0.404        0.858        192.857  7.6e-02        0.040     14.613        0.430       0.848
19000         0.403        0.858        193.878  7.6e-02        0.040     17.564        0.439       0.844
19100         0.408        0.856        194.898  7.6e-02        0.040     14.608        0.439       0.844
19200         0.402        0.858        195.918  7.6e-02        0.040     14.612        0.439       0.844
19300         0.401        0.858        196.939  7.6e-02        0.041     14.613        0.439       0.844
19400         0.402        0.858        197.959  7.6e-02        0.041     14.616        0.439       0.844
19500         0.402        0.857        198.980  7.6e-02        0.042     14.608        0.439       0.844
19600         0.402        0.858        200.000  7.6e-02        0.040     14.561        0.439       0.844
19700         0.402        0.858        201.020  7.5e-02        0.040     14.609        0.439       0.844
19800         0.404        0.857        202.041  7.5e-02        0.042     14.610        0.439       0.844
19900         0.401        0.860        203.061  7.5e-02        0.041     14.607        0.439       0.844
20000         0.402        0.858        204.082  7.5e-02        0.040     17.553        0.429       0.850
20100         0.405        0.856        205.102  7.5e-02        0.041     14.610        0.429       0.850
20200         0.404        0.858        206.122  7.5e-02        0.041     14.610        0.429       0.850
20300         0.399        0.861        207.143  7.5e-02        0.040     14.609        0.429       0.850
20400         0.403        0.858        208.163  7.5e-02        0.040     14.610        0.429       0.850
20500         0.399        0.860        209.184  7.4e-02        0.041     14.614        0.429       0.850
    t    train_loss    train_acc    train_epoch       lr    data_time    it_time    test_loss    test_acc
-----  ------------  -----------  -------------  -------  -----------  ---------  -----------  ----------
20600         0.403        0.857        210.204  7.4e-02        0.041     14.602        0.429       0.850
20700         0.401        0.859        211.224  7.4e-02        0.041     14.617        0.429       0.850
20800         0.408        0.855        212.245  7.4e-02        0.042     14.611        0.429       0.850
20900         0.405        0.857        213.265  7.4e-02        0.041     14.614        0.429       0.850
21000         0.402        0.858        214.286  7.4e-02        0.041     17.557        0.428       0.846
21100         0.408        0.856        215.306  7.4e-02        0.042     14.611        0.428       0.846
21200         0.400        0.858        216.327  7.4e-02        0.040     14.612        0.428       0.846
21300         0.403        0.858        217.347  7.3e-02        0.040     14.618        0.428       0.846
21400         0.400        0.858        218.367  7.3e-02        0.041     14.614        0.428       0.846
21500         0.403        0.857        219.388  7.3e-02        0.041     14.617        0.428       0.846
21600         0.411        0.854        220.408  7.3e-02        0.040     14.608        0.428       0.846
21700         0.399        0.861        221.429  7.3e-02        0.040     14.613        0.428       0.846
21800         0.404        0.859        222.449  7.3e-02        0.040     14.612        0.428       0.846
21900         0.404        0.857        223.469  7.3e-02        0.041     14.613        0.428       0.846
22000         0.402        0.857        224.490  7.3e-02        0.041     17.561        0.431       0.848
22100         0.397        0.860        225.510  7.2e-02        0.040     14.609        0.431       0.848
22200         0.406        0.857        226.531  7.2e-02        0.041     14.613        0.431       0.848
22300         0.405        0.857        227.551  7.2e-02        0.040     14.620        0.431       0.848
22400         0.402        0.857        228.571  7.2e-02        0.041     14.617        0.431       0.848
22500         0.400        0.858        229.592  7.2e-02        0.040     14.619        0.431       0.848
22600         0.406        0.856        230.612  7.2e-02        0.040     14.617        0.431       0.848
22700         0.399        0.859        231.633  7.2e-02        0.040     14.615        0.431       0.848
22800         0.401        0.858        232.653  7.2e-02        0.040     14.612        0.431       0.848
22900         0.406        0.856        233.673  7.1e-02        0.040     14.613        0.431       0.848
23000         0.397        0.859        234.694  7.1e-02        0.039     17.562        0.428       0.848
23100         0.406        0.856        235.714  7.1e-02        0.040     14.610        0.428       0.848
23200         0.405        0.858        236.735  7.1e-02        0.041     14.607        0.428       0.848
23300         0.402        0.858        237.755  7.1e-02        0.041     14.607        0.428       0.848
23400         0.403        0.858        238.776  7.1e-02        0.040     14.611        0.428       0.848
23500         0.400        0.859        239.796  7.1e-02        0.040     14.608        0.428       0.848
23600         0.402        0.857        240.816  7.1e-02        0.040     14.606        0.428       0.848
23700         0.402        0.858        241.837  7.0e-02        0.040     14.608        0.428       0.848
23800         0.402        0.857        242.857  7.0e-02        0.039     14.607        0.428       0.848
23900         0.402        0.857        243.878  7.0e-02        0.040     14.607        0.428       0.848
24000         0.402        0.859        244.898  7.0e-02        0.039     17.550        0.429       0.848
24100         0.402        0.858        245.918  7.0e-02        0.040     14.606        0.429       0.848
24200         0.402        0.859        246.939  7.0e-02        0.040     14.605        0.429       0.848
24300         0.404        0.858        247.959  7.0e-02        0.040     14.603        0.429       0.848
24400         0.399        0.859        248.980  7.0e-02        0.041     14.606        0.429       0.848
24500         0.404        0.856        250.000  6.9e-02        0.040     14.549        0.429       0.848
24600         0.403        0.857        251.020  6.9e-02        0.041     14.613        0.429       0.848
    t    train_loss    train_acc    train_epoch       lr    data_time    it_time    test_loss    test_acc
-----  ------------  -----------  -------------  -------  -----------  ---------  -----------  ----------
24700         0.401        0.857        252.041  6.9e-02        0.041     14.609        0.429       0.848
24800         0.399        0.861        253.061  6.9e-02        0.040     14.607        0.429       0.848
24900         0.404        0.858        254.082  6.9e-02        0.041     14.609        0.429       0.848
25000         0.402        0.859        255.102  6.9e-02        0.041     17.562        0.427       0.848
25100         0.400        0.859        256.122  6.9e-02        0.041     14.611        0.427       0.848
25200         0.403        0.857        257.143  6.9e-02        0.041     14.612        0.427       0.848
25300         0.403        0.858        258.163  6.8e-02        0.040     14.613        0.427       0.848
25400         0.404        0.857        259.184  6.8e-02        0.041     14.614        0.427       0.848
25500         0.400        0.859        260.204  6.8e-02        0.040     14.613        0.427       0.848
25600         0.403        0.858        261.224  6.8e-02        0.040     14.608        0.427       0.848
25700         0.403        0.858        262.245  6.8e-02        0.041     14.611        0.427       0.848
25800         0.400        0.858        263.265  6.8e-02        0.040     14.610        0.427       0.848
25900         0.401        0.858        264.286  6.8e-02        0.040     14.615        0.427       0.848
26000         0.400        0.857        265.306  6.8e-02        0.041     17.563        0.427       0.849
26100         0.403        0.858        266.327  6.7e-02        0.040     14.609        0.427       0.849
26200         0.397        0.860        267.347  6.7e-02        0.041     14.612        0.427       0.849
26300         0.400        0.858        268.367  6.7e-02        0.040     14.615        0.427       0.849
26400         0.402        0.859        269.388  6.7e-02        0.041     14.614        0.427       0.849
26500         0.401        0.858        270.408  6.7e-02        0.042     14.613        0.427       0.849
26600         0.404        0.857        271.429  6.7e-02        0.040     14.606        0.427       0.849
26700         0.402        0.858        272.449  6.7e-02        0.040     14.613        0.427       0.849
26800         0.399        0.858        273.469  6.7e-02        0.040     14.606        0.427       0.849
26900         0.400        0.859        274.490  6.6e-02        0.042     14.606        0.427       0.849
27000         0.404        0.858        275.510  6.6e-02        0.041     17.556        0.425       0.850
27100         0.402        0.857        276.531  6.6e-02        0.040     14.608        0.425       0.850
27200         0.396        0.860        277.551  6.6e-02        0.040     14.613        0.425       0.850
27300         0.404        0.859        278.571  6.6e-02        0.040     14.612        0.425       0.850
27400         0.398        0.861        279.592  6.6e-02        0.041     14.603        0.425       0.850
27500         0.400        0.860        280.612  6.6e-02        0.040     14.611        0.425       0.850
27600         0.406        0.857        281.633  6.6e-02        0.040     14.609        0.425       0.850
27700         0.398        0.860        282.653  6.5e-02        0.040     14.608        0.425       0.850
27800         0.403        0.856        283.673  6.5e-02        0.040     14.613        0.425       0.850
27900         0.399        0.860        284.694  6.5e-02        0.040     14.611        0.425       0.850
28000         0.403        0.858        285.714  6.5e-02        0.040     17.560        0.429       0.849
28100         0.405        0.857        286.735  6.5e-02        0.041     14.606        0.429       0.849
28200         0.402        0.857        287.755  6.5e-02        0.040     14.610        0.429       0.849
28300         0.401        0.859        288.776  6.5e-02        0.041     14.615        0.429       0.849
28400         0.401        0.857        289.796  6.5e-02        0.041     14.610        0.429       0.849
28500         0.399        0.858        290.816  6.4e-02        0.041     14.608        0.429       0.849
28600         0.398        0.860        291.837  6.4e-02        0.041     14.604        0.429       0.849
28700         0.399        0.860        292.857  6.4e-02        0.040     14.610        0.429       0.849
    t    train_loss    train_acc    train_epoch       lr    data_time    it_time    test_loss    test_acc
-----  ------------  -----------  -------------  -------  -----------  ---------  -----------  ----------
28800         0.401        0.859        293.878  6.4e-02        0.040     14.609        0.429       0.849
28900         0.398        0.860        294.898  6.4e-02        0.040     14.603        0.429       0.849
29000         0.400        0.860        295.918  6.4e-02        0.040     17.559        0.433       0.846
29100         0.400        0.858        296.939  6.4e-02        0.043     14.604        0.433       0.846
29200         0.402        0.857        297.959  6.4e-02        0.040     14.614        0.433       0.846
29300         0.401        0.858        298.980  6.3e-02        0.042     14.611        0.433       0.846
29400         0.401        0.860        300.000  6.3e-02        0.040     14.551        0.433       0.846
29500         0.400        0.859        301.020  6.3e-02        0.040     14.612        0.433       0.846
29600         0.400        0.860        302.041  6.3e-02        0.040     14.612        0.433       0.846
29700         0.399        0.860        303.061  6.3e-02        0.040     14.608        0.433       0.846
29800         0.403        0.858        304.082  6.3e-02        0.040     14.610        0.433       0.846
29900         0.402        0.857        305.102  6.3e-02        0.042     14.609        0.433       0.846
30000         0.400        0.859        306.122  6.3e-02        0.040     17.558        0.427       0.849
30100         0.401        0.859        307.143  6.2e-02        0.040     14.606        0.427       0.849
30200         0.402        0.858        308.163  6.2e-02        0.040     14.609        0.427       0.849
30300         0.399        0.859        309.184  6.2e-02        0.040     14.610        0.427       0.849
30400         0.404        0.858        310.204  6.2e-02        0.040     14.614        0.427       0.849
30500         0.400        0.859        311.224  6.2e-02        0.040     14.610        0.427       0.849
30600         0.398        0.858        312.245  6.2e-02        0.040     14.615        0.427       0.849
30700         0.401        0.858        313.265  6.2e-02        0.040     14.612        0.427       0.849
30800         0.404        0.858        314.286  6.2e-02        0.040     14.613        0.427       0.849
30900         0.398        0.860        315.306  6.1e-02        0.042     14.607        0.427       0.849
31000         0.402        0.859        316.327  6.1e-02        0.041     17.559        0.430       0.848
31100         0.402        0.859        317.347  6.1e-02        0.041     14.613        0.430       0.848
31200         0.398        0.859        318.367  6.1e-02        0.041     14.609        0.430       0.848
31300         0.404        0.857        319.388  6.1e-02        0.040     14.615        0.430       0.848
31400         0.395        0.860        320.408  6.1e-02        0.040     14.614        0.430       0.848
