  t    train_loss    train_acc    train_epoch       lr    data_time    it_time
---  ------------  -----------  -------------  -------  -----------  ---------
100         0.760        0.756          2.041  1.0e-01        0.290     34.873
200         0.525        0.821          4.082  1.0e-01        0.075     31.140
300         0.487        0.833          6.122  1.0e-01        0.075     30.875
400         0.468        0.839          8.163  1.0e-01        0.076     30.912
500         0.450        0.846         10.204  9.9e-02        0.075     30.893
600         0.440        0.849         12.245  9.9e-02        0.074     30.896
700         0.430        0.852         14.286  9.9e-02        0.074     30.892
800         0.423        0.853         16.327  9.9e-02        0.075     30.892
900         0.416        0.856         18.367  9.9e-02        0.075     30.902
1000         0.410        0.858         20.408  9.9e-02        0.075     35.334        0.407       0.859
1100         0.408        0.859         22.449  9.9e-02        0.075     30.890        0.407       0.859
1200         0.401        0.861         24.490  9.9e-02        0.074     30.906        0.407       0.859
1300         0.398        0.862         26.531  9.8e-02        0.075     30.898        0.407       0.859
1400         0.394        0.863         28.571  9.8e-02        0.074     30.978        0.407       0.859
1500         0.392        0.864         30.612  9.8e-02        0.074     30.744        0.407       0.859
1600         0.389        0.866         32.653  9.8e-02        0.074     30.744        0.407       0.859
1700         0.386        0.866         34.694  9.8e-02        0.074     30.746        0.407       0.859
1800         0.383        0.867         36.735  9.8e-02        0.074     30.745        0.407       0.859
1900         0.382        0.867         38.776  9.8e-02        0.074     30.746        0.407       0.859
2000         0.379        0.870         40.816  9.8e-02        0.074     33.851        0.386       0.867
2100         0.376        0.870         42.857  9.7e-02        0.075     30.748        0.386       0.867
2200         0.376        0.870         44.898  9.7e-02        0.074     30.749        0.386       0.867
2300         0.374        0.871         46.939  9.7e-02        0.075     30.748        0.386       0.867
2400         0.371        0.872         48.980  9.7e-02        0.074     30.748        0.386       0.867
2500         0.371        0.872         51.020  9.7e-02        0.075     30.694        0.386       0.867
2600         0.370        0.871         53.061  9.7e-02        0.075     30.747        0.386       0.867
2700         0.367        0.872         55.102  9.7e-02        0.075     30.745        0.386       0.867
2800         0.365        0.873         57.143  9.7e-02        0.075     30.744        0.386       0.867
2900         0.364        0.874         59.184  9.6e-02        0.075     30.747        0.386       0.867
3000         0.364        0.874         61.224  9.6e-02        0.075     33.840        0.375       0.869
3100         0.362        0.875         63.265  9.6e-02        0.074     30.747        0.375       0.869
3200         0.359        0.876         65.306  9.6e-02        0.074     30.747        0.375       0.869
3300         0.363        0.873         67.347  9.6e-02        0.074     30.749        0.375       0.869
3400         0.360        0.876         69.388  9.6e-02        0.074     30.745        0.375       0.869
3500         0.354        0.878         71.429  9.6e-02        0.074     30.744        0.375       0.869
3600         0.357        0.877         73.469  9.6e-02        0.074     30.746        0.375       0.869
3700         0.359        0.876         75.510  9.5e-02        0.074     30.747        0.375       0.869
3800         0.356        0.877         77.551  9.5e-02        0.074     30.750        0.375       0.869
3900         0.353        0.877         79.592  9.5e-02        0.074     30.751        0.375       0.869
4000         0.355        0.877         81.633  9.5e-02        0.074     33.848        0.369       0.869
4100         0.354        0.877         83.673  9.5e-02        0.074     30.749        0.369       0.869
   t    train_loss    train_acc    train_epoch       lr    data_time    it_time    test_loss    test_acc
----  ------------  -----------  -------------  -------  -----------  ---------  -----------  ----------
4200         0.354        0.877         85.714  9.5e-02        0.074     30.750        0.369       0.869
4300         0.352        0.878         87.755  9.5e-02        0.074     30.750        0.369       0.869
4400         0.351        0.878         89.796  9.5e-02        0.074     30.752        0.369       0.869
4500         0.353        0.878         91.837  9.4e-02        0.074     30.750        0.369       0.869
4600         0.349        0.878         93.878  9.4e-02        0.074     30.749        0.369       0.869
4700         0.349        0.880         95.918  9.4e-02        0.075     30.745        0.369       0.869
4800         0.349        0.879         97.959  9.4e-02        0.075     30.755        0.369       0.869
4900         0.347        0.879        100.000  9.4e-02        0.075     30.696        0.369       0.869
5000         0.348        0.879        102.041  9.4e-02        0.074     33.852        0.366       0.871
5100         0.348        0.879        104.082  9.4e-02        0.075     30.749        0.366       0.871
5200         0.347        0.881        106.122  9.4e-02        0.075     30.749        0.366       0.871
5300         0.346        0.880        108.163  9.3e-02        0.075     30.751        0.366       0.871
5400         0.345        0.881        110.204  9.3e-02        0.074     30.746        0.366       0.871
5500         0.346        0.881        112.245  9.3e-02        0.074     30.752        0.366       0.871
5600         0.344        0.881        114.286  9.3e-02        0.075     30.750        0.366       0.871
5700         0.345        0.881        116.327  9.3e-02        0.074     30.750        0.366       0.871
5800         0.344        0.881        118.367  9.3e-02        0.074     30.746        0.366       0.871
5900         0.344        0.881        120.408  9.3e-02        0.074     30.747        0.366       0.871
6000         0.346        0.881        122.449  9.3e-02        0.074     33.849        0.364       0.871
6100         0.342        0.881        124.490  9.2e-02        0.074     30.747        0.364       0.871
6200         0.343        0.880        126.531  9.2e-02        0.074     30.745        0.364       0.871
6300         0.341        0.883        128.571  9.2e-02        0.074     30.746        0.364       0.871
6400         0.343        0.881        130.612  9.2e-02        0.074     30.745        0.364       0.871
6500         0.341        0.882        132.653  9.2e-02        0.074     30.743        0.364       0.871
6600         0.342        0.882        134.694  9.2e-02        0.074     30.748        0.364       0.871
6700         0.340        0.882        136.735  9.2e-02        0.074     30.742        0.364       0.871
6800         0.341        0.882        138.776  9.2e-02        0.074     30.744        0.364       0.871
6900         0.340        0.882        140.816  9.1e-02        0.076     30.747        0.364       0.871
7000         0.341        0.882        142.857  9.1e-02        0.075     33.845        0.361       0.873
7100         0.339        0.882        144.898  9.1e-02        0.074     30.748        0.361       0.873
7200         0.339        0.882        146.939  9.1e-02        0.076     30.749        0.361       0.873
7300         0.340        0.881        148.980  9.1e-02        0.074     30.750        0.361       0.873
7400         0.340        0.882        151.020  9.1e-02        0.074     30.697        0.361       0.873
7500         0.340        0.883        153.061  9.1e-02        0.074     30.748        0.361       0.873
7600         0.337        0.883        155.102  9.1e-02        0.074     30.748        0.361       0.873
7700         0.336        0.883        157.143  9.0e-02        0.074     30.751        0.361       0.873
7800         0.338        0.882        159.184  9.0e-02        0.074     30.747        0.361       0.873
7900         0.338        0.883        161.224  9.0e-02        0.074     30.746        0.361       0.873
8000         0.338        0.883        163.265  9.0e-02        0.076     33.844        0.362       0.872
8100         0.338        0.883        165.306  9.0e-02        0.076     30.750        0.362       0.872
8200         0.338        0.883        167.347  9.0e-02        0.075     30.751        0.362       0.872
   t    train_loss    train_acc    train_epoch       lr    data_time    it_time    test_loss    test_acc
----  ------------  -----------  -------------  -------  -----------  ---------  -----------  ----------
8300         0.337        0.885        169.388  9.0e-02        0.076     30.750        0.362       0.872
8400         0.336        0.883        171.429  9.0e-02        0.075     30.754        0.362       0.872
8500         0.338        0.883        173.469  8.9e-02        0.075     30.752        0.362       0.872
8600         0.334        0.884        175.510  8.9e-02        0.074     30.754        0.362       0.872
8700         0.337        0.885        177.551  8.9e-02        0.075     30.753        0.362       0.872
8800         0.335        0.883        179.592  8.9e-02        0.074     30.753        0.362       0.872
8900         0.338        0.883        181.633  8.9e-02        0.074     30.752        0.362       0.872
9000         0.333        0.884        183.673  8.9e-02        0.074     33.853        0.360       0.871
9100         0.335        0.884        185.714  8.9e-02        0.075     30.753        0.360       0.871
9200         0.337        0.884        187.755  8.9e-02        0.074     30.757        0.360       0.871
9300         0.333        0.885        189.796  8.8e-02        0.074     30.754        0.360       0.871
9400         0.336        0.884        191.837  8.8e-02        0.074     30.754        0.360       0.871
9500         0.334        0.885        193.878  8.8e-02        0.074     30.754        0.360       0.871
9600         0.334        0.885        195.918  8.8e-02        0.075     30.754        0.360       0.871
9700         0.335        0.884        197.959  8.8e-02        0.075     30.749        0.360       0.871
9800         0.335        0.884        200.000  8.8e-02        0.075     30.700        0.360       0.871
9900         0.331        0.885        202.041  8.8e-02        0.074     30.751        0.360       0.871
10000         0.333        0.885        204.082  8.8e-02        0.074     33.847        0.359       0.872
10100         0.332        0.885        206.122  8.7e-02        0.075     30.744        0.359       0.872
10200         0.334        0.884        208.163  8.7e-02        0.075     30.744        0.359       0.872
10300         0.335        0.884        210.204  8.7e-02        0.074     30.746        0.359       0.872
10400         0.333        0.884        212.245  8.7e-02        0.074     30.745        0.359       0.872
10500         0.334        0.885        214.286  8.7e-02        0.074     30.742        0.359       0.872
10600         0.331        0.885        216.327  8.7e-02        0.074     30.746        0.359       0.872
10700         0.333        0.884        218.367  8.7e-02        0.074     30.746        0.359       0.872
10800         0.334        0.884        220.408  8.7e-02        0.074     30.747        0.359       0.872
10900         0.330        0.886        222.449  8.6e-02        0.074     30.750        0.359       0.872
11000         0.331        0.885        224.490  8.6e-02        0.074     33.850        0.358       0.872
11100         0.334        0.886        226.531  8.6e-02        0.074     30.746        0.358       0.872
11200         0.332        0.885        228.571  8.6e-02        0.074     30.750        0.358       0.872
11300         0.331        0.885        230.612  8.6e-02        0.075     30.745        0.358       0.872
11400         0.331        0.885        232.653  8.6e-02        0.075     30.747        0.358       0.872
11500         0.332        0.885        234.694  8.6e-02        0.075     30.747        0.358       0.872
11600         0.329        0.886        236.735  8.6e-02        0.075     30.750        0.358       0.872
11700         0.333        0.885        238.776  8.5e-02        0.075     30.752        0.358       0.872
11800         0.333        0.884        240.816  8.5e-02        0.074     30.745        0.358       0.872
11900         0.329        0.886        242.857  8.5e-02        0.075     30.750        0.358       0.872
12000         0.333        0.885        244.898  8.5e-02        0.075     33.851        0.357       0.873
12100         0.330        0.886        246.939  8.5e-02        0.076     30.748        0.357       0.873
12200         0.331        0.886        248.980  8.5e-02        0.074     30.751        0.357       0.873
12300         0.331        0.886        251.020  8.5e-02        0.075     30.696        0.357       0.873
    t    train_loss    train_acc    train_epoch       lr    data_time    it_time    test_loss    test_acc
-----  ------------  -----------  -------------  -------  -----------  ---------  -----------  ----------
12400         0.330        0.885        253.061  8.5e-02        0.074     30.751        0.357       0.873
12500         0.332        0.885        255.102  8.4e-02        0.075     30.752        0.357       0.873
12600         0.330        0.885        257.143  8.4e-02        0.074     30.753        0.357       0.873
12700         0.332        0.886        259.184  8.4e-02        0.074     30.752        0.357       0.873
12800         0.331        0.886        261.224  8.4e-02        0.074     30.747        0.357       0.873
12900         0.330        0.886        263.265  8.4e-02        0.074     30.749        0.357       0.873
13000         0.330        0.886        265.306  8.4e-02        0.075     33.847        0.356       0.872
13100         0.327        0.887        267.347  8.4e-02        0.074     30.748        0.356       0.872
13200         0.331        0.887        269.388  8.4e-02        0.075     30.746        0.356       0.872
13300         0.330        0.886        271.429  8.3e-02        0.074     30.750        0.356       0.872
13400         0.330        0.886        273.469  8.3e-02        0.075     30.746        0.356       0.872
13500         0.330        0.886        275.510  8.3e-02        0.075     30.746        0.356       0.872
13600         0.331        0.885        277.551  8.3e-02        0.074     30.746        0.356       0.872
13700         0.330        0.886        279.592  8.3e-02        0.075     30.746        0.356       0.872
13800         0.326        0.888        281.633  8.3e-02        0.075     30.749        0.356       0.872
13900         0.331        0.885        283.673  8.3e-02        0.074     30.746        0.356       0.872
14000         0.330        0.885        285.714  8.3e-02        0.075     33.845        0.358       0.872
14100         0.328        0.887        287.755  8.2e-02        0.074     30.745        0.358       0.872
14200         0.328        0.886        289.796  8.2e-02        0.075     30.747        0.358       0.872
14300         0.328        0.886        291.837  8.2e-02        0.074     30.750        0.358       0.872
14400         0.329        0.886        293.878  8.2e-02        0.075     30.748        0.358       0.872
14500         0.330        0.886        295.918  8.2e-02        0.075     30.750        0.358       0.872
14600         0.329        0.886        297.959  8.2e-02        0.076     30.743        0.358       0.872
14700         0.330        0.886        300.000  8.2e-02        0.074     30.699        0.358       0.872
14800         0.328        0.887        302.041  8.2e-02        0.075     30.744        0.358       0.872
14900         0.328        0.887        304.082  8.1e-02        0.075     30.749        0.358       0.872
15000         0.329        0.885        306.122  8.1e-02        0.074     33.854        0.355       0.873
15100         0.327        0.887        308.163  8.1e-02        0.074     30.747        0.355       0.873
15200         0.328        0.886        310.204  8.1e-02        0.074     30.753        0.355       0.873
15300         0.329        0.888        312.245  8.1e-02        0.074     30.753        0.355       0.873
15400         0.327        0.887        314.286  8.1e-02        0.075     30.751        0.355       0.873
15500         0.328        0.887        316.327  8.1e-02        0.075     30.748        0.355       0.873
15600         0.327        0.887        318.367  8.1e-02        0.077     30.752        0.355       0.873
15700         0.327        0.887        320.408  8.0e-02        0.076     30.751        0.355       0.873
15800         0.328        0.887        322.449  8.0e-02        0.075     30.751        0.355       0.873
15900         0.328        0.885        324.490  8.0e-02        0.075     30.749        0.355       0.873
16000         0.326        0.888        326.531  8.0e-02        0.075     33.846        0.356       0.871
16100         0.330        0.886        328.571  8.0e-02        0.076     30.744        0.356       0.871
16200         0.326        0.888        330.612  8.0e-02        0.075     30.745        0.356       0.871
16300         0.327        0.886        332.653  8.0e-02        0.074     30.743        0.356       0.871
16400         0.329        0.885        334.694  8.0e-02        0.074     30.746        0.356       0.871
    t    train_loss    train_acc    train_epoch       lr    data_time    it_time    test_loss    test_acc
-----  ------------  -----------  -------------  -------  -----------  ---------  -----------  ----------
16500         0.327        0.887        336.735  7.9e-02        0.075     30.745        0.356       0.871
16600         0.329        0.887        338.776  7.9e-02        0.075     30.744        0.356       0.871
16700         0.329        0.885        340.816  7.9e-02        0.075     30.748        0.356       0.871
16800         0.325        0.888        342.857  7.9e-02        0.074     30.747        0.356       0.871
16900         0.327        0.886        344.898  7.9e-02        0.074     30.747        0.356       0.871
17000         0.329        0.886        346.939  7.9e-02        0.076     33.852        0.357       0.873
17100         0.327        0.887        348.980  7.9e-02        0.075     30.749        0.357       0.873
17200         0.328        0.887        351.020  7.9e-02        0.074     30.693        0.357       0.873
17300         0.327        0.887        353.061  7.8e-02        0.076     30.746        0.357       0.873
17400         0.327        0.886        355.102  7.8e-02        0.074     30.746        0.357       0.873
17500         0.325        0.887        357.143  7.8e-02        0.075     30.745        0.357       0.873
17600         0.328        0.887        359.184  7.8e-02        0.075     30.748        0.357       0.873
17700         0.327        0.887        361.224  7.8e-02        0.074     30.748        0.357       0.873
17800         0.326        0.887        363.265  7.8e-02        0.075     30.748        0.357       0.873
17900         0.328        0.886        365.306  7.8e-02        0.075     30.748        0.357       0.873
18000         0.325        0.887        367.347  7.8e-02        0.075     33.847        0.355       0.873
18100         0.328        0.887        369.388  7.7e-02        0.074     30.744        0.355       0.873
18200         0.328        0.886        371.429  7.7e-02        0.074     30.750        0.355       0.873
18300         0.327        0.887        373.469  7.7e-02        0.075     30.750        0.355       0.873
18400         0.325        0.888        375.510  7.7e-02        0.075     30.750        0.355       0.873
18500         0.327        0.887        377.551  7.7e-02        0.074     30.748        0.355       0.873
18600         0.328        0.886        379.592  7.7e-02        0.075     30.747        0.355       0.873
18700         0.325        0.888        381.633  7.7e-02        0.074     30.745        0.355       0.873
18800         0.327        0.888        383.673  7.7e-02        0.074     30.749        0.355       0.873
18900         0.326        0.887        385.714  7.6e-02        0.074     30.749        0.355       0.873
19000         0.327        0.888        387.755  7.6e-02        0.074     33.851        0.356       0.872
19100         0.327        0.886        389.796  7.6e-02        0.075     30.753        0.356       0.872
19200         0.325        0.887        391.837  7.6e-02        0.075     30.750        0.356       0.872
19300         0.327        0.887        393.878  7.6e-02        0.074     30.749        0.356       0.872
19400         0.327        0.887        395.918  7.6e-02        0.075     30.747        0.356       0.872
19500         0.327        0.886        397.959  7.6e-02        0.076     30.748        0.356       0.872
19600         0.326        0.887        400.000  7.6e-02        0.074     30.696        0.356       0.872
19700         0.327        0.888        402.041  7.5e-02        0.075     30.748        0.356       0.872
19800         0.327        0.887        404.082  7.5e-02        0.075     30.747        0.356       0.872
19900         0.326        0.888        406.122  7.5e-02        0.074     30.743        0.356       0.872
20000         0.326        0.887        408.163  7.5e-02        0.075     33.848        0.356       0.873
20100         0.327        0.886        410.204  7.5e-02        0.075     30.746        0.356       0.873
20200         0.326        0.887        412.245  7.5e-02        0.074     30.741        0.356       0.873
20300         0.327        0.886        414.286  7.5e-02        0.075     30.747        0.356       0.873
20400         0.327        0.888        416.327  7.5e-02        0.075     30.744        0.356       0.873
20500         0.329        0.885        418.367  7.4e-02        0.075     30.748        0.356       0.873
    t    train_loss    train_acc    train_epoch       lr    data_time    it_time    test_loss    test_acc
-----  ------------  -----------  -------------  -------  -----------  ---------  -----------  ----------
20600         0.325        0.887        420.408  7.4e-02        0.075     30.748        0.356       0.873
20700         0.327        0.887        422.449  7.4e-02        0.074     30.749        0.356       0.873
20800         0.327        0.887        424.490  7.4e-02        0.074     30.745        0.356       0.873
20900         0.325        0.888        426.531  7.4e-02        0.075     30.746        0.356       0.873
21000         0.326        0.887        428.571  7.4e-02        0.075     33.847        0.356       0.873
21100         0.328        0.886        430.612  7.4e-02        0.076     30.747        0.356       0.873
21200         0.324        0.887        432.653  7.4e-02        0.075     30.743        0.356       0.873
21300         0.327        0.886        434.694  7.3e-02        0.075     30.750        0.356       0.873
21400         0.326        0.887        436.735  7.3e-02        0.075     30.746        0.356       0.873
21500         0.326        0.887        438.776  7.3e-02        0.074     30.743        0.356       0.873
21600         0.325        0.888        440.816  7.3e-02        0.075     30.749        0.356       0.873
21700         0.326        0.887        442.857  7.3e-02        0.075     30.750        0.356       0.873
21800         0.326        0.887        444.898  7.3e-02        0.074     30.752        0.356       0.873
21900         0.325        0.887        446.939  7.3e-02        0.076     30.752        0.356       0.873
22000         0.324        0.888        448.980  7.3e-02        0.074     33.850        0.355       0.873
22100         0.327        0.888        451.020  7.2e-02        0.075     30.695        0.355       0.873
22200         0.326        0.887        453.061  7.2e-02        0.074     30.750        0.355       0.873
22300         0.326        0.887        455.102  7.2e-02        0.074     30.749        0.355       0.873
22400         0.325        0.887        457.143  7.2e-02        0.074     30.750        0.355       0.873
22500         0.325        0.888        459.184  7.2e-02        0.075     30.745        0.355       0.873
22600         0.327        0.887        461.224  7.2e-02        0.074     30.743        0.355       0.873
22700         0.325        0.887        463.265  7.2e-02        0.075     30.745        0.355       0.873
22800         0.327        0.886        465.306  7.2e-02        0.075     30.742        0.355       0.873
22900         0.326        0.888        467.347  7.1e-02        0.075     30.746        0.355       0.873
23000         0.326        0.887        469.388  7.1e-02        0.075     33.839        0.356       0.873
23100         0.324        0.888        471.429  7.1e-02        0.075     30.743        0.356       0.873
23200         0.325        0.887        473.469  7.1e-02        0.075     30.744        0.356       0.873
23300         0.326        0.887        475.510  7.1e-02        0.075     30.743        0.356       0.873
23400         0.327        0.886        477.551  7.1e-02        0.075     30.742        0.356       0.873
23500         0.325        0.889        479.592  7.1e-02        0.075     30.741        0.356       0.873
23600         0.324        0.888        481.633  7.1e-02        0.076     30.743        0.356       0.873
23700         0.326        0.887        483.673  7.0e-02        0.074     30.740        0.356       0.873
23800         0.324        0.888        485.714  7.0e-02        0.074     30.743        0.356       0.873
23900         0.326        0.888        487.755  7.0e-02        0.075     30.745        0.356       0.873
24000         0.325        0.887        489.796  7.0e-02        0.074     33.843        0.356       0.873
24100         0.328        0.887        491.837  7.0e-02        0.075     30.743        0.356       0.873
24200         0.325        0.887        493.878  7.0e-02        0.074     30.751        0.356       0.873
24300         0.325        0.888        495.918  7.0e-02        0.076     30.747        0.356       0.873
24400         0.324        0.888        497.959  7.0e-02        0.076     30.753        0.356       0.873
24500         0.326        0.888        500.000  6.9e-02        0.075     30.697        0.356       0.873
24600         0.325        0.887        502.041  6.9e-02        0.075     30.754        0.356       0.873
    t    train_loss    train_acc    train_epoch       lr    data_time    it_time    test_loss    test_acc
-----  ------------  -----------  -------------  -------  -----------  ---------  -----------  ----------
24700         0.325        0.888        504.082  6.9e-02        0.075     30.747        0.356       0.873
24800         0.324        0.888        506.122  6.9e-02        0.075     30.755        0.356       0.873
24900         0.326        0.887        508.163  6.9e-02        0.075     30.750        0.356       0.873
25000         0.326        0.888        510.204  6.9e-02        0.075     33.850        0.356       0.874
25100         0.324        0.889        512.245  6.9e-02        0.075     30.748        0.356       0.874
25200         0.324        0.888        514.286  6.9e-02        0.075     30.753        0.356       0.874
25300         0.327        0.887        516.327  6.8e-02        0.075     30.751        0.356       0.874
25400         0.325        0.887        518.367  6.8e-02        0.075     30.754        0.356       0.874
25500         0.326        0.887        520.408  6.8e-02        0.075     30.749        0.356       0.874
25600         0.324        0.889        522.449  6.8e-02        0.075     30.751        0.356       0.874
25700         0.324        0.887        524.490  6.8e-02        0.075     30.751        0.356       0.874
25800         0.325        0.887        526.531  6.8e-02        0.075     30.745        0.356       0.874
25900         0.327        0.888        528.571  6.8e-02        0.075     30.747        0.356       0.874
26000         0.325        0.887        530.612  6.8e-02        0.075     33.849        0.354       0.872
26100         0.324        0.888        532.653  6.7e-02        0.075     30.748        0.354       0.872
26200         0.328        0.887        534.694  6.7e-02        0.075     30.743        0.354       0.872
26300         0.325        0.888        536.735  6.7e-02        0.075     30.748        0.354       0.872
26400         0.324        0.887        538.776  6.7e-02        0.075     30.747        0.354       0.872
26500         0.325        0.888        540.816  6.7e-02        0.075     30.744        0.354       0.872
26600         0.325        0.888        542.857  6.7e-02        0.075     30.745        0.354       0.872
26700         0.322        0.889        544.898  6.7e-02        0.076     30.741        0.354       0.872
26800         0.324        0.888        546.939  6.7e-02        0.076     30.745        0.354       0.872
26900         0.325        0.887        548.980  6.6e-02        0.075     30.749        0.354       0.872
27000         0.326        0.887        551.020  6.6e-02        0.074     33.790        0.354       0.873
27100         0.326        0.887        553.061  6.6e-02        0.075     30.748        0.354       0.873
27200         0.325        0.888        555.102  6.6e-02        0.075     30.745        0.354       0.873
27300         0.325        0.887        557.143  6.6e-02        0.075     30.751        0.354       0.873
27400         0.325        0.888        559.184  6.6e-02        0.075     30.748        0.354       0.873
27500         0.325        0.888        561.224  6.6e-02        0.075     30.750        0.354       0.873
27600         0.327        0.887        563.265  6.6e-02        0.075     30.749        0.354       0.873
27700         0.324        0.889        565.306  6.5e-02        0.075     30.751        0.354       0.873
27800         0.323        0.889        567.347  6.5e-02        0.075     30.750        0.354       0.873
27900         0.326        0.888        569.388  6.5e-02        0.075     30.752        0.354       0.873
28000         0.325        0.888        571.429  6.5e-02        0.075     33.853        0.354       0.873
28100         0.325        0.887        573.469  6.5e-02        0.076     30.748        0.354       0.873
28200         0.324        0.888        575.510  6.5e-02        0.075     30.748        0.354       0.873
28300         0.326        0.887        577.551  6.5e-02        0.075     30.751        0.354       0.873
28400         0.321        0.890        579.592  6.5e-02        0.075     30.749        0.354       0.873
28500         0.325        0.887        581.633  6.4e-02        0.075     30.749        0.354       0.873
28600         0.325        0.888        583.673  6.4e-02        0.075     30.752        0.354       0.873
28700         0.326        0.887        585.714  6.4e-02        0.075     30.752        0.354       0.873
    t    train_loss    train_acc    train_epoch       lr    data_time    it_time    test_loss    test_acc
-----  ------------  -----------  -------------  -------  -----------  ---------  -----------  ----------
28800         0.324        0.889        587.755  6.4e-02        0.075     30.751        0.354       0.873
28900         0.324        0.888        589.796  6.4e-02        0.075     30.751        0.354       0.873
29000         0.326        0.888        591.837  6.4e-02        0.075     33.852        0.355       0.873
29100         0.324        0.888        593.878  6.4e-02        0.075     30.750        0.355       0.873
29200         0.326        0.887        595.918  6.4e-02        0.075     30.751        0.355       0.873
29300         0.324        0.888        597.959  6.3e-02        0.076     30.751        0.355       0.873
29400         0.325        0.889        600.000  6.3e-02        0.075     30.697        0.355       0.873
29500         0.326        0.887        602.041  6.3e-02        0.075     30.747        0.355       0.873
29600         0.324        0.888        604.082  6.3e-02        0.075     30.747        0.355       0.873
29700         0.324        0.889        606.122  6.3e-02        0.075     30.742        0.355       0.873
29800         0.326        0.887        608.163  6.3e-02        0.075     30.748        0.355       0.873
29900         0.325        0.888        610.204  6.3e-02        0.075     30.744        0.355       0.873
30000         0.324        0.888        612.245  6.3e-02        0.075     33.852        0.354       0.873
30100         0.325        0.887        614.286  6.2e-02        0.075     30.746        0.354       0.873
30200         0.323        0.889        616.327  6.2e-02        0.076     30.740        0.354       0.873
30300         0.324        0.888        618.367  6.2e-02        0.075     30.742        0.354       0.873
30400         0.323        0.889        620.408  6.2e-02        0.075     30.736        0.354       0.873
30500         0.326        0.887        622.449  6.2e-02        0.075     30.743        0.354       0.873
30600         0.322        0.889        624.490  6.2e-02        0.075     30.740        0.354       0.873
30700         0.323        0.888        626.531  6.2e-02        0.075     30.744        0.354       0.873
30800         0.323        0.888        628.571  6.2e-02        0.075     30.745        0.354       0.873
30900         0.324        0.888        630.612  6.1e-02        0.075     30.746        0.354       0.873
31000         0.326        0.887        632.653  6.1e-02        0.075     33.844        0.354       0.872
31100         0.325        0.887        634.694  6.1e-02        0.075     30.743        0.354       0.872
31200         0.324        0.888        636.735  6.1e-02        0.075     30.742        0.354       0.872
31300         0.325        0.888        638.776  6.1e-02        0.075     30.746        0.354       0.872
31400         0.325        0.888        640.816  6.1e-02        0.075     30.747        0.354       0.872
31500         0.323        0.888        642.857  6.1e-02        0.075     30.747        0.354       0.872
31600         0.327        0.888        644.898  6.1e-02        0.076     30.743        0.354       0.872
31700         0.324        0.888        646.939  6.0e-02        0.076     30.749        0.354       0.872
31800         0.324        0.888        648.980  6.0e-02        0.075     30.749        0.354       0.872
31900         0.324        0.887        651.020  6.0e-02        0.075     30.696        0.354       0.872
32000         0.324        0.889        653.061  6.0e-02        0.075     33.854        0.354       0.874
32100         0.327        0.887        655.102  6.0e-02        0.075     30.749        0.354       0.874
32200         0.325        0.889        657.143  6.0e-02        0.075     30.745        0.354       0.874
32300         0.324        0.887        659.184  6.0e-02        0.075     30.748        0.354       0.874
32400         0.323        0.888        661.224  6.0e-02        0.075     30.748        0.354       0.874
32500         0.323        0.888        663.265  5.9e-02        0.075     30.748        0.354       0.874
32600         0.325        0.887        665.306  5.9e-02        0.075     30.746        0.354       0.874
32700         0.323        0.889        667.347  5.9e-02        0.075     30.741        0.354       0.874
32800         0.325        0.887        669.388  5.9e-02        0.075     30.743        0.354       0.874
    t    train_loss    train_acc    train_epoch       lr    data_time    it_time    test_loss    test_acc
-----  ------------  -----------  -------------  -------  -----------  ---------  -----------  ----------
32900         0.327        0.887        671.429  5.9e-02        0.075     30.748        0.354       0.874
33000         0.324        0.887        673.469  5.9e-02        0.075     33.846        0.356       0.872
33100         0.326        0.888        675.510  5.9e-02        0.075     30.749        0.356       0.872
33200         0.323        0.888        677.551  5.9e-02        0.075     30.748        0.356       0.872
33300         0.324        0.888        679.592  5.8e-02        0.075     30.749        0.356       0.872
33400         0.323        0.889        681.633  5.8e-02        0.075     30.747        0.356       0.872
33500         0.324        0.888        683.673  5.8e-02        0.075     30.744        0.356       0.872
33600         0.327        0.887        685.714  5.8e-02        0.075     30.746        0.356       0.872
33700         0.322        0.888        687.755  5.8e-02        0.074     30.748        0.356       0.872
33800         0.325        0.887        689.796  5.8e-02        0.075     30.747        0.356       0.872
33900         0.323        0.889        691.837  5.8e-02        0.075     30.746        0.356       0.872
34000         0.326        0.887        693.878  5.8e-02        0.075     33.853        0.355       0.872
34100         0.325        0.888        695.918  5.7e-02        0.075     30.747        0.355       0.872
34200         0.323        0.888        697.959  5.7e-02        0.076     30.750        0.355       0.872
34300         0.323        0.888        700.000  5.7e-02        0.075     30.699        0.355       0.872
34400         0.325        0.888        702.041  5.7e-02        0.075     30.750        0.355       0.872
34500         0.324        0.887        704.082  5.7e-02        0.076     30.748        0.355       0.872
34600         0.324        0.889        706.122  5.7e-02        0.076     30.746        0.355       0.872
34700         0.324        0.888        708.163  5.7e-02        0.075     30.747        0.355       0.872
34800         0.322        0.889        710.204  5.7e-02        0.075     30.750        0.355       0.872
34900         0.324        0.887        712.245  5.6e-02        0.075     30.751        0.355       0.872
35000         0.325        0.887        714.286  5.6e-02        0.074     33.851        0.355       0.872
35100         0.322        0.889        716.327  5.6e-02        0.075     30.749        0.355       0.872
35200         0.324        0.888        718.367  5.6e-02        0.075     30.752        0.355       0.872
35300         0.324        0.888        720.408  5.6e-02        0.075     30.751        0.355       0.872
35400         0.324        0.888        722.449  5.6e-02        0.074     30.749        0.355       0.872
35500         0.326        0.887        724.490  5.6e-02        0.075     30.754        0.355       0.872
35600         0.323        0.889        726.531  5.6e-02        0.076     30.752        0.355       0.872
35700         0.323        0.888        728.571  5.5e-02        0.075     30.751        0.355       0.872
35800         0.325        0.887        730.612  5.5e-02        0.075     30.750        0.355       0.872
35900         0.324        0.888        732.653  5.5e-02        0.075     30.751        0.355       0.872
36000         0.323        0.889        734.694  5.5e-02        0.075     33.847        0.354       0.873
36100         0.325        0.888        736.735  5.5e-02        0.075     30.751        0.354       0.873
36200         0.323        0.888        738.776  5.5e-02        0.075     30.753        0.354       0.873
36300         0.323        0.889        740.816  5.5e-02        0.076     30.752        0.354       0.873
36400         0.325        0.888        742.857  5.5e-02        0.075     30.751        0.354       0.873
36500         0.323        0.889        744.898  5.4e-02        0.075     30.753        0.354       0.873
36600         0.325        0.888        746.939  5.4e-02        0.077     30.750        0.354       0.873
36700         0.324        0.888        748.980  5.4e-02        0.076     30.752        0.354       0.873
36800         0.323        0.888        751.020  5.4e-02        0.075     30.700        0.354       0.873
36900         0.322        0.889        753.061  5.4e-02        0.075     30.752        0.354       0.873
    t    train_loss    train_acc    train_epoch       lr    data_time    it_time    test_loss    test_acc
-----  ------------  -----------  -------------  -------  -----------  ---------  -----------  ----------
37000         0.326        0.888        755.102  5.4e-02        0.075     33.848        0.354       0.873
37100         0.322        0.889        757.143  5.4e-02        0.076     30.747        0.354       0.873
37200         0.326        0.887        759.184  5.4e-02        0.075     30.750        0.354       0.873
37300         0.324        0.889        761.224  5.3e-02        0.076     30.745        0.354       0.873
37400         0.322        0.888        763.265  5.3e-02        0.075     30.743        0.354       0.873
37500         0.324        0.888        765.306  5.3e-02        0.075     30.750        0.354       0.873
37600         0.325        0.888        767.347  5.3e-02        0.075     30.746        0.354       0.873
37700         0.322        0.889        769.388  5.3e-02        0.075     30.746        0.354       0.873
37800         0.326        0.887        771.429  5.3e-02        0.075     30.747        0.354       0.873
37900         0.324        0.888        773.469  5.3e-02        0.075     30.744        0.354       0.873
38000         0.325        0.888        775.510  5.3e-02        0.075     33.847        0.353       0.873
38100         0.326        0.888        777.551  5.2e-02        0.075     30.747        0.353       0.873
38200         0.323        0.888        779.592  5.2e-02        0.075     30.751        0.353       0.873
38300         0.325        0.888        781.633  5.2e-02        0.075     30.754        0.353       0.873
38400         0.325        0.888        783.673  5.2e-02        0.075     30.746        0.353       0.873
38500         0.324        0.888        785.714  5.2e-02        0.076     30.747        0.353       0.873
38600         0.325        0.887        787.755  5.2e-02        0.076     30.749        0.353       0.873
38700         0.324        0.888        789.796  5.2e-02        0.075     30.751        0.353       0.873
38800         0.323        0.889        791.837  5.2e-02        0.075     30.745        0.353       0.873
38900         0.322        0.889        793.878  5.1e-02        0.075     30.752        0.353       0.873
39000         0.324        0.888        795.918  5.1e-02        0.076     33.851        0.354       0.873
39100         0.322        0.889        797.959  5.1e-02        0.076     30.750        0.354       0.873
39200         0.324        0.888        800.000  5.1e-02        0.075     30.697        0.354       0.873
39300         0.323        0.888        802.041  5.1e-02        0.076     30.749        0.354       0.873
39400         0.325        0.887        804.082  5.1e-02        0.075     30.750        0.354       0.873
39500         0.322        0.889        806.122  5.1e-02        0.075     30.750        0.354       0.873
39600         0.324        0.888        808.163  5.1e-02        0.075     30.750        0.354       0.873
39700         0.324        0.888        810.204  5.0e-02        0.075     30.750        0.354       0.873
39800         0.324        0.888        812.245  5.0e-02        0.075     30.747        0.354       0.873
39900         0.324        0.889        814.286  5.0e-02        0.075     30.747        0.354       0.873
40000         0.323        0.888        816.327  5.0e-02        0.074     33.849        0.354       0.873
40100         0.322        0.889        818.367  5.0e-02        0.075     30.741        0.354       0.873
40200         0.325        0.888        820.408  5.0e-02        0.076     30.741        0.354       0.873
40300         0.324        0.888        822.449  5.0e-02        0.075     30.738        0.354       0.873
40400         0.322        0.888        824.490  5.0e-02        0.075     30.738        0.354       0.873
40500         0.324        0.887        826.531  4.9e-02        0.075     30.740        0.354       0.873
40600         0.326        0.888        828.571  4.9e-02        0.075     30.739        0.354       0.873
40700         0.323        0.889        830.612  4.9e-02        0.075     30.737        0.354       0.873
40800         0.323        0.888        832.653  4.9e-02        0.075     30.740        0.354       0.873
40900         0.324        0.888        834.694  4.9e-02        0.075     30.740        0.354       0.873
41000         0.324        0.889        836.735  4.9e-02        0.075     33.845        0.355       0.872
    t    train_loss    train_acc    train_epoch       lr    data_time    it_time    test_loss    test_acc
-----  ------------  -----------  -------------  -------  -----------  ---------  -----------  ----------
41100         0.324        0.888        838.776  4.9e-02        0.075     30.744        0.355       0.872
41200         0.324        0.888        840.816  4.9e-02        0.075     30.745        0.355       0.872
41300         0.324        0.888        842.857  4.8e-02        0.075     30.740        0.355       0.872
41400         0.323        0.888        844.898  4.8e-02        0.075     30.747        0.355       0.872
41500         0.325        0.888        846.939  4.8e-02        0.077     30.744        0.355       0.872
41600         0.323        0.889        848.980  4.8e-02        0.075     30.750        0.355       0.872
41700         0.324        0.889        851.020  4.8e-02        0.075     30.696        0.355       0.872
41800         0.323        0.889        853.061  4.8e-02        0.076     30.751        0.355       0.872
41900         0.321        0.889        855.102  4.8e-02        0.075     30.750        0.355       0.872
42000         0.325        0.888        857.143  4.8e-02        0.075     33.851        0.354       0.873
42100         0.323        0.888        859.184  4.7e-02        0.075     30.747        0.354       0.873
42200         0.322        0.889        861.224  4.7e-02        0.076     30.751        0.354       0.873
42300         0.325        0.887        863.265  4.7e-02        0.075     30.748        0.354       0.873
42400         0.324        0.889        865.306  4.7e-02        0.076     30.749        0.354       0.873
42500         0.323        0.888        867.347  4.7e-02        0.075     30.748        0.354       0.873
42600         0.325        0.888        869.388  4.7e-02        0.076     30.748        0.354       0.873
42700         0.324        0.888        871.429  4.7e-02        0.075     30.750        0.354       0.873
42800         0.323        0.888        873.469  4.7e-02        0.076     30.749        0.354       0.873
42900         0.322        0.888        875.510  4.6e-02        0.075     30.748        0.354       0.873
43000         0.324        0.888        877.551  4.6e-02        0.076     33.847        0.354       0.873
43100         0.321        0.888        879.592  4.6e-02        0.076     30.744        0.354       0.873
43200         0.326        0.888        881.633  4.6e-02        0.075     30.746        0.354       0.873
43300         0.323        0.889        883.673  4.6e-02        0.076     30.741        0.354       0.873
43400         0.324        0.888        885.714  4.6e-02        0.075     30.741        0.354       0.873
43500         0.323        0.889        887.755  4.6e-02        0.075     30.734        0.354       0.873
43600         0.323        0.888        889.796  4.6e-02        0.075     30.735        0.354       0.873
43700         0.325        0.888        891.837  4.5e-02        0.075     30.739        0.354       0.873
43800         0.324        0.888        893.878  4.5e-02        0.075     30.742        0.354       0.873
43900         0.325        0.888        895.918  4.5e-02        0.075     30.734        0.354       0.873
44000         0.324        0.888        897.959  4.5e-02        0.076     33.840        0.354       0.874
44100         0.324        0.888        900.000  4.5e-02        0.075     30.690        0.354       0.874
44200         0.323        0.889        902.041  4.5e-02        0.075     30.744        0.354       0.874
44300         0.323        0.889        904.082  4.5e-02        0.075     30.741        0.354       0.874
44400         0.324        0.888        906.122  4.5e-02        0.075     30.746        0.354       0.874
44500         0.323        0.888        908.163  4.4e-02        0.075     30.748        0.354       0.874
44600         0.324        0.888        910.204  4.4e-02        0.075     30.747        0.354       0.874
44700         0.322        0.890        912.245  4.4e-02        0.075     30.750        0.354       0.874
44800         0.323        0.888        914.286  4.4e-02        0.075     30.748        0.354       0.874
44900         0.325        0.888        916.327  4.4e-02        0.076     30.750        0.354       0.874
45000         0.324        0.888        918.367  4.4e-02        0.076     33.852        0.354       0.873
45100         0.327        0.887        920.408  4.4e-02        0.076     30.750        0.354       0.873
    t    train_loss    train_acc    train_epoch       lr    data_time    it_time    test_loss    test_acc
-----  ------------  -----------  -------------  -------  -----------  ---------  -----------  ----------
45200         0.325        0.887        922.449  4.4e-02        0.075     30.750        0.354       0.873
45300         0.325        0.888        924.490  4.3e-02        0.075     30.749        0.354       0.873
45400         0.321        0.890        926.531  4.3e-02        0.076     30.750        0.354       0.873
45500         0.325        0.888        928.571  4.3e-02        0.075     30.748        0.354       0.873
45600         0.323        0.889        930.612  4.3e-02        0.075     30.750        0.354       0.873
45700         0.323        0.890        932.653  4.3e-02        0.075     30.751        0.354       0.873
45800         0.323        0.888        934.694  4.3e-02        0.075     30.752        0.354       0.873
45900         0.322        0.889        936.735  4.3e-02        0.075     30.754        0.354       0.873
46000         0.327        0.886        938.776  4.3e-02        0.076     33.849        0.353       0.873
46100         0.323        0.889        940.816  4.2e-02        0.075     30.753        0.353       0.873
46200         0.322        0.889        942.857  4.2e-02        0.075     30.752        0.353       0.873
46300         0.324        0.888        944.898  4.2e-02        0.075     30.752        0.353       0.873
46400         0.325        0.888        946.939  4.2e-02        0.076     30.749        0.353       0.873
46500         0.324        0.889        948.980  4.2e-02        0.075     30.754        0.353       0.873
46600         0.324        0.889        951.020  4.2e-02        0.075     30.693        0.353       0.873
46700         0.325        0.887        953.061  4.2e-02        0.075     30.748        0.353       0.873
46800         0.323        0.888        955.102  4.2e-02        0.075     30.743        0.353       0.873
46900         0.323        0.888        957.143  4.1e-02        0.075     30.748        0.353       0.873
47000         0.323        0.889        959.184  4.1e-02        0.075     33.846        0.355       0.872
47100         0.322        0.889        961.224  4.1e-02        0.075     30.744        0.355       0.872
47200         0.324        0.888        963.265  4.1e-02        0.076     30.744        0.355       0.872
47300         0.325        0.887        965.306  4.1e-02        0.075     30.750        0.355       0.872
47400         0.324        0.888        967.347  4.1e-02        0.075     30.746        0.355       0.872
47500         0.323        0.888        969.388  4.1e-02        0.075     30.747        0.355       0.872
47600         0.324        0.888        971.429  4.1e-02        0.075     30.745        0.355       0.872
47700         0.323        0.889        973.469  4.0e-02        0.075     30.746        0.355       0.872
47800         0.323        0.889        975.510  4.0e-02        0.075     30.749        0.355       0.872
47900         0.324        0.888        977.551  4.0e-02        0.075     30.745        0.355       0.872
48000         0.324        0.888        979.592  4.0e-02        0.076     33.845        0.354       0.873
48100         0.323        0.888        981.633  4.0e-02        0.075     30.750        0.354       0.873
48200         0.321        0.889        983.673  4.0e-02        0.076     30.746        0.354       0.873
48300         0.325        0.887        985.714  4.0e-02        0.075     30.752        0.354       0.873
48400         0.325        0.888        987.755  4.0e-02        0.075     30.749        0.354       0.873
48500         0.324        0.888        989.796  3.9e-02        0.075     30.750        0.354       0.873
48600         0.322        0.889        991.837  3.9e-02        0.075     30.752        0.354       0.873
48700         0.326        0.888        993.878  3.9e-02        0.075     30.750        0.354       0.873
48800         0.323        0.888        995.918  3.9e-02        0.076     30.753        0.354       0.873
48900         0.325        0.889        997.959  3.9e-02        0.077     30.746        0.354       0.873
49000         0.323        0.888       1000.000  3.9e-02        0.075     33.804        0.354       0.873
49100         0.324        0.888       1002.041  3.9e-02        0.075     30.750        0.354       0.873
49200         0.322        0.890       1004.082  3.9e-02        0.075     30.753        0.354       0.873
    t    train_loss    train_acc    train_epoch       lr    data_time    it_time    test_loss    test_acc
-----  ------------  -----------  -------------  -------  -----------  ---------  -----------  ----------
49300         0.324        0.887       1006.122  3.8e-02        0.075     30.746        0.354       0.873
49400         0.323        0.889       1008.163  3.8e-02        0.075     30.749        0.354       0.873
49500         0.322        0.888       1010.204  3.8e-02        0.076     30.749        0.354       0.873
49600         0.326        0.888       1012.245  3.8e-02        0.075     30.747        0.354       0.873
49700         0.323        0.889       1014.286  3.8e-02        0.075     30.745        0.354       0.873
49800         0.323        0.888       1016.327  3.8e-02        0.075     30.747        0.354       0.873
49900         0.322        0.888       1018.367  3.8e-02        0.075     30.751        0.354       0.873
50000         0.324        0.888       1020.408  3.8e-02        0.075     33.852        0.354       0.872
50100         0.322        0.888       1022.449  3.7e-02        0.076     30.750        0.354       0.872
50200         0.325        0.887       1024.490  3.7e-02        0.075     30.743        0.354       0.872
50300         0.322        0.889       1026.531  3.7e-02        0.075     30.750        0.354       0.872
50400         0.324        0.888       1028.571  3.7e-02        0.075     30.751        0.354       0.872
50500         0.323        0.888       1030.612  3.7e-02        0.075     30.749        0.354       0.872
50600         0.325        0.887       1032.653  3.7e-02        0.075     30.747        0.354       0.872
50700         0.324        0.889       1034.694  3.7e-02        0.075     30.747        0.354       0.872
50800         0.323        0.888       1036.735  3.7e-02        0.075     30.750        0.354       0.872
50900         0.322        0.889       1038.776  3.6e-02        0.075     30.747        0.354       0.872
51000         0.323        0.888       1040.816  3.6e-02        0.075     33.843        0.353       0.873
51100         0.324        0.889       1042.857  3.6e-02        0.075     30.744        0.353       0.873
51200         0.323        0.888       1044.898  3.6e-02        0.075     30.745        0.353       0.873
51300         0.323        0.889       1046.939  3.6e-02        0.077     30.749        0.353       0.873
51400         0.323        0.888       1048.980  3.6e-02        0.075     30.741        0.353       0.873
51500         0.323        0.889       1051.020  3.6e-02        0.075     30.687        0.353       0.873
51600         0.324        0.889       1053.061  3.6e-02        0.075     30.740        0.353       0.873
51700         0.324        0.888       1055.102  3.5e-02        0.075     30.747        0.353       0.873
51800         0.323        0.889       1057.143  3.5e-02        0.075     30.747        0.353       0.873
51900         0.323        0.890       1059.184  3.5e-02        0.075     30.750        0.353       0.873
52000         0.324        0.889       1061.224  3.5e-02        0.075     33.847        0.354       0.873
52100         0.326        0.888       1063.265  3.5e-02        0.075     30.748        0.354       0.873
52200         0.324        0.889       1065.306  3.5e-02        0.075     30.749        0.354       0.873
52300         0.324        0.888       1067.347  3.5e-02        0.075     30.747        0.354       0.873
52400         0.324        0.888       1069.388  3.5e-02        0.075     30.745        0.354       0.873
52500         0.323        0.889       1071.429  3.4e-02        0.075     30.744        0.354       0.873
52600         0.324        0.888       1073.469  3.4e-02        0.076     30.746        0.354       0.873
52700         0.323        0.889       1075.510  3.4e-02        0.075     30.752        0.354       0.873
52800         0.322        0.889       1077.551  3.4e-02        0.075     30.751        0.354       0.873
52900         0.323        0.889       1079.592  3.4e-02        0.075     30.744        0.354       0.873
53000         0.324        0.888       1081.633  3.4e-02        0.076     33.848        0.354       0.874
53100         0.325        0.889       1083.673  3.4e-02        0.075     30.751        0.354       0.874
53200         0.321        0.888       1085.714  3.4e-02        0.075     30.749        0.354       0.874
53300         0.324        0.888       1087.755  3.3e-02        0.075     30.753        0.354       0.874
    t    train_loss    train_acc    train_epoch       lr    data_time    it_time    test_loss    test_acc
-----  ------------  -----------  -------------  -------  -----------  ---------  -----------  ----------
53400         0.322        0.889       1089.796  3.3e-02        0.075     30.752        0.354       0.874
53500         0.321        0.890       1091.837  3.3e-02        0.075     30.749        0.354       0.874
53600         0.324        0.888       1093.878  3.3e-02        0.075     30.751        0.354       0.874
53700         0.323        0.889       1095.918  3.3e-02        0.076     30.755        0.354       0.874
53800         0.323        0.888       1097.959  3.3e-02        0.076     30.752        0.354       0.874
53900         0.322        0.888       1100.000  3.3e-02        0.076     30.700        0.354       0.874
54000         0.323        0.888       1102.041  3.3e-02        0.076     33.881        0.354       0.874
54100         0.323        0.889       1104.082  3.2e-02        0.076     30.750        0.354       0.874
54200         0.322        0.889       1106.122  3.2e-02        0.075     30.752        0.354       0.874
54300         0.322        0.889       1108.163  3.2e-02        0.075     30.753        0.354       0.874
54400         0.324        0.888       1110.204  3.2e-02        0.075     30.751        0.354       0.874
54500         0.323        0.888       1112.245  3.2e-02        0.075     30.753        0.354       0.874
54600         0.325        0.888       1114.286  3.2e-02        0.075     30.753        0.354       0.874
54700         0.322        0.889       1116.327  3.2e-02        0.075     30.748        0.354       0.874
54800         0.325        0.888       1118.367  3.2e-02        0.077     30.748        0.354       0.874
54900         0.321        0.890       1120.408  3.1e-02        0.075     30.749        0.354       0.874
55000         0.325        0.887       1122.449  3.1e-02        0.075     33.881        0.354       0.873
55100         0.322        0.890       1124.490  3.1e-02        0.076     30.741        0.354       0.873
55200         0.322        0.889       1126.531  3.1e-02        0.075     30.743        0.354       0.873
55300         0.324        0.889       1128.571  3.1e-02        0.075     30.766        0.354       0.873
55400         0.324        0.888       1130.612  3.1e-02        0.076     30.739        0.354       0.873
55500         0.322        0.889       1132.653  3.1e-02        0.076     30.741        0.354       0.873
55600         0.325        0.888       1134.694  3.1e-02        0.076     30.737        0.354       0.873
55700         0.324        0.888       1136.735  3.0e-02        0.075     30.743        0.354       0.873
55800         0.323        0.889       1138.776  3.0e-02        0.075     30.738        0.354       0.873
55900         0.325        0.887       1140.816  3.0e-02        0.075     30.740        0.354       0.873
56000         0.322        0.889       1142.857  3.0e-02        0.075     33.846        0.354       0.873
56100         0.324        0.887       1144.898  3.0e-02        0.075     30.740        0.354       0.873
56200         0.324        0.889       1146.939  3.0e-02        0.077     30.746        0.354       0.873
56300         0.324        0.889       1148.980  3.0e-02        0.075     30.748        0.354       0.873
56400         0.324        0.888       1151.020  3.0e-02        0.075     30.694        0.354       0.873
56500         0.323        0.888       1153.061  2.9e-02        0.075     30.746        0.354       0.873
56600         0.322        0.890       1155.102  2.9e-02        0.075     30.744        0.354       0.873
56700         0.322        0.889       1157.143  2.9e-02        0.075     30.746        0.354       0.873
56800         0.322        0.889       1159.184  2.9e-02        0.076     30.748        0.354       0.873
56900         0.323        0.889       1161.224  2.9e-02        0.075     30.749        0.354       0.873
57000         0.323        0.887       1163.265  2.9e-02        0.075     33.847        0.354       0.873
57100         0.320        0.890       1165.306  2.9e-02        0.075     30.746        0.354       0.873
57200         0.324        0.887       1167.347  2.9e-02        0.075     30.748        0.354       0.873
57300         0.324        0.888       1169.388  2.8e-02        0.076     30.749        0.354       0.873
57400         0.323        0.888       1171.429  2.8e-02        0.075     30.746        0.354       0.873
    t    train_loss    train_acc    train_epoch       lr    data_time    it_time    test_loss    test_acc
-----  ------------  -----------  -------------  -------  -----------  ---------  -----------  ----------
57500         0.324        0.887       1173.469  2.8e-02        0.075     30.742        0.354       0.873
57600         0.322        0.889       1175.510  2.8e-02        0.075     30.750        0.354       0.873
57700         0.325        0.888       1177.551  2.8e-02        0.076     30.749        0.354       0.873
57800         0.324        0.887       1179.592  2.8e-02        0.075     30.745        0.354       0.873
57900         0.323        0.888       1181.633  2.8e-02        0.076     30.748        0.354       0.873
58000         0.322        0.889       1183.673  2.8e-02        0.075     33.858        0.354       0.872
58100         0.323        0.888       1185.714  2.7e-02        0.076     30.750        0.354       0.872
58200         0.321        0.889       1187.755  2.7e-02        0.075     30.747        0.354       0.872
58300         0.321        0.890       1189.796  2.7e-02        0.075     30.746        0.354       0.872
58400         0.324        0.889       1191.837  2.7e-02        0.075     30.748        0.354       0.872
58500         0.321        0.889       1193.878  2.7e-02        0.075     30.748        0.354       0.872
58600         0.324        0.888       1195.918  2.7e-02        0.076     30.745        0.354       0.872
58700         0.323        0.888       1197.959  2.7e-02        0.076     30.747        0.354       0.872
58800         0.322        0.889       1200.000  2.7e-02        0.075     30.690        0.354       0.872
58900         0.323        0.888       1202.041  2.6e-02        0.075     30.740        0.354       0.872
59000         0.324        0.888       1204.082  2.6e-02        0.075     33.848        0.353       0.873
59100         0.323        0.889       1206.122  2.6e-02        0.075     30.744        0.353       0.873
59200         0.324        0.889       1208.163  2.6e-02        0.075     30.742        0.353       0.873
59300         0.328        0.887       1210.204  2.6e-02        0.075     30.744        0.353       0.873
59400         0.321        0.889       1212.245  2.6e-02        0.075     30.736        0.353       0.873
59500         0.325        0.888       1214.286  2.6e-02        0.075     30.742        0.353       0.873
59600         0.323        0.888       1216.327  2.6e-02        0.075     30.742        0.353       0.873
59700         0.322        0.889       1218.367  2.5e-02        0.076     30.742        0.353       0.873
59800         0.325        0.888       1220.408  2.5e-02        0.076     30.749        0.353       0.873
59900         0.324        0.888       1222.449  2.5e-02        0.075     30.746        0.353       0.873
60000         0.323        0.889       1224.490  2.5e-02        0.075     33.848        0.354       0.872
60100         0.323        0.889       1226.531  2.5e-02        0.077     30.747        0.354       0.872
60200         0.322        0.889       1228.571  2.5e-02        0.077     30.746        0.354       0.872
60300         0.322        0.888       1230.612  2.5e-02        0.076     30.749        0.354       0.872
60400         0.323        0.889       1232.653  2.5e-02        0.076     30.747        0.354       0.872
60500         0.323        0.888       1234.694  2.4e-02        0.075     30.750        0.354       0.872
60600         0.323        0.888       1236.735  2.4e-02        0.075     30.753        0.354       0.872
60700         0.324        0.888       1238.776  2.4e-02        0.075     30.752        0.354       0.872
60800         0.321        0.889       1240.816  2.4e-02        0.076     30.751        0.354       0.872
60900         0.325        0.888       1242.857  2.4e-02        0.075     30.748        0.354       0.872
61000         0.322        0.889       1244.898  2.4e-02        0.075     33.847        0.354       0.873
61100         0.324        0.888       1246.939  2.4e-02        0.077     30.753        0.354       0.873
61200         0.321        0.889       1248.980  2.4e-02        0.075     30.750        0.354       0.873
61300         0.323        0.889       1251.020  2.3e-02        0.075     30.697        0.354       0.873
61400         0.322        0.890       1253.061  2.3e-02        0.075     30.751        0.354       0.873
61500         0.323        0.888       1255.102  2.3e-02        0.075     30.752        0.354       0.873
    t    train_loss    train_acc    train_epoch       lr    data_time    it_time    test_loss    test_acc
-----  ------------  -----------  -------------  -------  -----------  ---------  -----------  ----------
61600         0.325        0.888       1257.143  2.3e-02        0.075     30.749        0.354       0.873
61700         0.322        0.889       1259.184  2.3e-02        0.075     30.754        0.354       0.873
61800         0.323        0.888       1261.224  2.3e-02        0.076     30.752        0.354       0.873
61900         0.324        0.888       1263.265  2.3e-02        0.075     30.753        0.354       0.873
62000         0.324        0.888       1265.306  2.3e-02        0.075     33.853        0.354       0.873
62100         0.323        0.888       1267.347  2.2e-02        0.075     30.748        0.354       0.873
62200         0.321        0.889       1269.388  2.2e-02        0.075     30.748        0.354       0.873
62300         0.323        0.888       1271.429  2.2e-02        0.075     30.749        0.354       0.873
62400         0.322        0.889       1273.469  2.2e-02        0.075     30.745        0.354       0.873
62500         0.323        0.888       1275.510  2.2e-02        0.075     30.746        0.354       0.873
62600         0.323        0.889       1277.551  2.2e-02        0.075     30.744        0.354       0.873
62700         0.322        0.888       1279.592  2.2e-02        0.076     30.746        0.354       0.873
62800         0.324        0.888       1281.633  2.2e-02        0.076     30.744        0.354       0.873
62900         0.323        0.889       1283.673  2.1e-02        0.075     30.741        0.354       0.873
63000         0.323        0.889       1285.714  2.1e-02        0.075     33.850        0.354       0.872
63100         0.322        0.889       1287.755  2.1e-02        0.076     30.745        0.354       0.872
63200         0.323        0.889       1289.796  2.1e-02        0.076     30.748        0.354       0.872
63300         0.322        0.889       1291.837  2.1e-02        0.075     30.749        0.354       0.872
63400         0.325        0.888       1293.878  2.1e-02        0.075     30.748        0.354       0.872
63500         0.324        0.889       1295.918  2.1e-02        0.076     30.748        0.354       0.872
63600         0.322        0.889       1297.959  2.1e-02        0.077     30.753        0.354       0.872
63700         0.323        0.889       1300.000  2.0e-02        0.076     30.694        0.354       0.872
63800         0.323        0.888       1302.041  2.0e-02        0.075     30.750        0.354       0.872
63900         0.323        0.889       1304.082  2.0e-02        0.075     30.748        0.354       0.872
64000         0.323        0.888       1306.122  2.0e-02        0.075     33.845        0.354       0.873
64100         0.323        0.888       1308.163  2.0e-02        0.075     30.752        0.354       0.873
64200         0.322        0.889       1310.204  2.0e-02        0.075     30.743        0.354       0.873
64300         0.325        0.888       1312.245  2.0e-02        0.075     30.743        0.354       0.873
64400         0.323        0.889       1314.286  2.0e-02        0.076     30.754        0.354       0.873
64500         0.321        0.889       1316.327  1.9e-02        0.076     30.749        0.354       0.873
64600         0.325        0.888       1318.367  1.9e-02        0.075     30.748        0.354       0.873
64700         0.322        0.889       1320.408  1.9e-02        0.076     30.748        0.354       0.873
64800         0.323        0.888       1322.449  1.9e-02        0.076     30.749        0.354       0.873
64900         0.323        0.888       1324.490  1.9e-02        0.075     30.749        0.354       0.873
65000         0.324        0.888       1326.531  1.9e-02        0.075     33.848        0.353       0.873
65100         0.322        0.888       1328.571  1.9e-02        0.075     30.752        0.353       0.873
65200         0.326        0.887       1330.612  1.9e-02        0.075     30.751        0.353       0.873
65300         0.322        0.889       1332.653  1.8e-02        0.076     30.751        0.353       0.873
65400         0.322        0.889       1334.694  1.8e-02        0.075     30.752        0.353       0.873
65500         0.325        0.888       1336.735  1.8e-02        0.076     30.751        0.353       0.873
65600         0.322        0.889       1338.776  1.8e-02        0.076     30.747        0.353       0.873
    t    train_loss    train_acc    train_epoch       lr    data_time    it_time    test_loss    test_acc
-----  ------------  -----------  -------------  -------  -----------  ---------  -----------  ----------
65700         0.324        0.889       1340.816  1.8e-02        0.075     30.756        0.353       0.873
65800         0.323        0.889       1342.857  1.8e-02        0.075     30.753        0.353       0.873
65900         0.322        0.888       1344.898  1.8e-02        0.075     30.754        0.353       0.873
66000         0.324        0.888       1346.939  1.8e-02        0.077     33.855        0.354       0.873
66100         0.324        0.889       1348.980  1.7e-02        0.075     30.750        0.354       0.873
66200         0.322        0.889       1351.020  1.7e-02        0.075     30.703        0.354       0.873
66300         0.324        0.889       1353.061  1.7e-02        0.076     30.757        0.354       0.873
66400         0.325        0.888       1355.102  1.7e-02        0.076     30.755        0.354       0.873
66500         0.320        0.890       1357.143  1.7e-02        0.075     30.754        0.354       0.873
66600         0.323        0.889       1359.184  1.7e-02        0.075     30.755        0.354       0.873
66700         0.324        0.888       1361.224  1.7e-02        0.076     30.754        0.354       0.873
66800         0.322        0.889       1363.265  1.7e-02        0.075     30.758        0.354       0.873
66900         0.322        0.889       1365.306  1.6e-02        0.077     30.751        0.354       0.873
67000         0.321        0.889       1367.347  1.6e-02        0.075     33.851        0.354       0.873
67100         0.323        0.888       1369.388  1.6e-02        0.075     30.749        0.354       0.873
67200         0.322        0.889       1371.429  1.6e-02        0.075     30.752        0.354       0.873
67300         0.323        0.889       1373.469  1.6e-02        0.076     30.751        0.354       0.873
67400         0.321        0.890       1375.510  1.6e-02        0.076     30.750        0.354       0.873
67500         0.322        0.889       1377.551  1.6e-02        0.076     30.752        0.354       0.873
67600         0.324        0.888       1379.592  1.6e-02        0.075     30.745        0.354       0.873
67700         0.322        0.891       1381.633  1.5e-02        0.076     30.749        0.354       0.873
67800         0.322        0.888       1383.673  1.5e-02        0.075     30.751        0.354       0.873
67900         0.324        0.888       1385.714  1.5e-02        0.076     30.745        0.354       0.873
68000         0.323        0.889       1387.755  1.5e-02        0.075     33.844        0.354       0.873
68100         0.321        0.889       1389.796  1.5e-02        0.075     30.749        0.354       0.873
68200         0.323        0.889       1391.837  1.5e-02        0.075     30.748        0.354       0.873
68300         0.323        0.888       1393.878  1.5e-02        0.075     30.752        0.354       0.873
68400         0.324        0.888       1395.918  1.5e-02        0.075     30.750        0.354       0.873
68500         0.322        0.888       1397.959  1.4e-02        0.077     30.753        0.354       0.873
68600         0.322        0.889       1400.000  1.4e-02        0.075     30.696        0.354       0.873
68700         0.322        0.889       1402.041  1.4e-02        0.075     30.752        0.354       0.873
68800         0.323        0.888       1404.082  1.4e-02        0.075     30.749        0.354       0.873
68900         0.321        0.890       1406.122  1.4e-02        0.076     30.746        0.354       0.873
69000         0.323        0.889       1408.163  1.4e-02        0.076     33.853        0.354       0.873
69100         0.321        0.889       1410.204  1.4e-02        0.076     30.749        0.354       0.873
69200         0.323        0.888       1412.245  1.4e-02        0.075     30.755        0.354       0.873
69300         0.323        0.888       1414.286  1.3e-02        0.075     30.753        0.354       0.873
69400         0.323        0.888       1416.327  1.3e-02        0.075     30.754        0.354       0.873
69500         0.320        0.889       1418.367  1.3e-02        0.076     30.753        0.354       0.873
69600         0.324        0.888       1420.408  1.3e-02        0.075     30.754        0.354       0.873
69700         0.320        0.889       1422.449  1.3e-02        0.076     30.752        0.354       0.873
    t    train_loss    train_acc    train_epoch       lr    data_time    it_time    test_loss    test_acc
-----  ------------  -----------  -------------  -------  -----------  ---------  -----------  ----------
69800         0.323        0.888       1424.490  1.3e-02        0.076     30.753        0.354       0.873
69900         0.322        0.889       1426.531  1.3e-02        0.075     30.751        0.354       0.873
70000         0.322        0.890       1428.571  1.3e-02        0.076     33.850        0.353       0.873
70100         0.322        0.888       1430.612  1.2e-02        0.075     30.751        0.353       0.873
70200         0.323        0.889       1432.653  1.2e-02        0.075     30.749        0.353       0.873
70300         0.323        0.889       1434.694  1.2e-02        0.075     30.748        0.353       0.873
70400         0.323        0.889       1436.735  1.2e-02        0.075     30.742        0.353       0.873
70500         0.324        0.888       1438.776  1.2e-02        0.075     30.748        0.353       0.873
70600         0.323        0.889       1440.816  1.2e-02        0.076     30.750        0.353       0.873
70700         0.322        0.889       1442.857  1.2e-02        0.076     30.748        0.353       0.873
70800         0.321        0.889       1444.898  1.2e-02        0.075     30.747        0.353       0.873
70900         0.322        0.889       1446.939  1.1e-02        0.077     30.750        0.353       0.873
71000         0.322        0.890       1448.980  1.1e-02        0.075     33.847        0.354       0.873
71100         0.323        0.888       1451.020  1.1e-02        0.077     30.695        0.354       0.873
71200         0.321        0.890       1453.061  1.1e-02        0.076     30.748        0.354       0.873
71300         0.323        0.889       1455.102  1.1e-02        0.076     30.747        0.354       0.873
71400         0.324        0.888       1457.143  1.1e-02        0.077     30.750        0.354       0.873
71500         0.322        0.889       1459.184  1.1e-02        0.076     30.747        0.354       0.873
71600         0.323        0.889       1461.224  1.1e-02        0.075     30.747        0.354       0.873
71700         0.325        0.889       1463.265  1.0e-02        0.076     30.748        0.354       0.873
71800         0.323        0.888       1465.306  1.0e-02        0.076     30.754        0.354       0.873
71900         0.322        0.889       1467.347  1.0e-02        0.075     30.748        0.354       0.873
72000         0.324        0.888       1469.388  1.0e-02        0.075     33.854        0.354       0.873
72100         0.323        0.887       1471.429  9.9e-03        0.075     30.750        0.354       0.873
72200         0.325        0.888       1473.469  9.8e-03        0.075     30.748        0.354       0.873
72300         0.323        0.889       1475.510  9.6e-03        0.076     30.749        0.354       0.873
72400         0.324        0.888       1477.551  9.5e-03        0.076     30.746        0.354       0.873
72500         0.322        0.890       1479.592  9.4e-03        0.076     30.750        0.354       0.873
72600         0.321        0.888       1481.633  9.3e-03        0.075     30.752        0.354       0.873
72700         0.322        0.890       1483.673  9.1e-03        0.076     30.749        0.354       0.873
72800         0.322        0.890       1485.714  9.0e-03        0.076     30.751        0.354       0.873
72900         0.326        0.886       1487.755  8.9e-03        0.076     30.753        0.354       0.873
73000         0.323        0.888       1489.796  8.8e-03        0.076     33.860        0.354       0.873
73100         0.323        0.889       1491.837  8.6e-03        0.076     30.752        0.354       0.873
73200         0.321        0.890       1493.878  8.5e-03        0.076     30.753        0.354       0.873
73300         0.323        0.889       1495.918  8.4e-03        0.076     30.745        0.354       0.873
73400         0.323        0.888       1497.959  8.3e-03        0.078     30.749        0.354       0.873
73500         0.323        0.889       1500.000  8.1e-03        0.076     30.699        0.354       0.873
73600         0.322        0.889       1502.041  8.0e-03        0.076     30.752        0.354       0.873
73700         0.322        0.889       1504.082  7.9e-03        0.076     30.754        0.354       0.873
73800         0.324        0.888       1506.122  7.8e-03        0.076     30.749        0.354       0.873
    t    train_loss    train_acc    train_epoch       lr    data_time    it_time    test_loss    test_acc
-----  ------------  -----------  -------------  -------  -----------  ---------  -----------  ----------
73900         0.322        0.890       1508.163  7.6e-03        0.076     30.750        0.354       0.873
74000         0.323        0.888       1510.204  7.5e-03        0.076     33.849        0.354       0.873
74100         0.322        0.890       1512.245  7.4e-03        0.076     30.751        0.354       0.873
74200         0.323        0.889       1514.286  7.3e-03        0.075     30.749        0.354       0.873
74300         0.323        0.888       1516.327  7.1e-03        0.076     30.750        0.354       0.873
74400         0.321        0.890       1518.367  7.0e-03        0.075     30.752        0.354       0.873
74500         0.322        0.889       1520.408  6.9e-03        0.076     30.750        0.354       0.873
74600         0.324        0.889       1522.449  6.8e-03        0.076     30.746        0.354       0.873
74700         0.323        0.888       1524.490  6.6e-03        0.075     30.745        0.354       0.873
74800         0.323        0.889       1526.531  6.5e-03        0.075     30.746        0.354       0.873
74900         0.321        0.888       1528.571  6.4e-03        0.075     30.746        0.354       0.873
75000         0.323        0.888       1530.612  6.3e-03        0.075     33.845        0.354       0.874
75100         0.324        0.888       1532.653  6.1e-03        0.076     30.746        0.354       0.874
75200         0.322        0.890       1534.694  6.0e-03        0.075     30.750        0.354       0.874
75300         0.322        0.889       1536.735  5.9e-03        0.075     30.751        0.354       0.874
75400         0.322        0.889       1538.776  5.8e-03        0.076     30.754        0.354       0.874
75500         0.324        0.888       1540.816  5.6e-03        0.076     30.748        0.354       0.874
75600         0.322        0.888       1542.857  5.5e-03        0.075     30.747        0.354       0.874
75700         0.321        0.890       1544.898  5.4e-03        0.075     30.747        0.354       0.874
75800         0.323        0.889       1546.939  5.3e-03        0.077     30.754        0.354       0.874
75900         0.321        0.890       1548.980  5.1e-03        0.075     30.749        0.354       0.874
76000         0.323        0.889       1551.020  5.0e-03        0.075     33.801        0.354       0.874
76100         0.324        0.888       1553.061  4.9e-03        0.077     30.754        0.354       0.874
76200         0.321        0.889       1555.102  4.8e-03        0.076     30.749        0.354       0.874
76300         0.323        0.889       1557.143  4.6e-03        0.076     30.753        0.354       0.874
76400         0.321        0.889       1559.184  4.5e-03        0.075     30.751        0.354       0.874
76500         0.323        0.888       1561.224  4.4e-03        0.075     30.750        0.354       0.874
76600         0.324        0.888       1563.265  4.3e-03        0.076     30.752        0.354       0.874
76700         0.320        0.890       1565.306  4.1e-03        0.077     30.756        0.354       0.874
76800         0.322        0.888       1567.347  4.0e-03        0.077     30.752        0.354       0.874
76900         0.323        0.890       1569.388  3.9e-03        0.077     30.751        0.354       0.874
77000         0.324        0.888       1571.429  3.8e-03        0.077     33.848        0.354       0.873
77100         0.324        0.888       1573.469  3.6e-03        0.077     30.752        0.354       0.873
77200         0.324        0.888       1575.510  3.5e-03        0.077     30.750        0.354       0.873
77300         0.323        0.888       1577.551  3.4e-03        0.078     30.747        0.354       0.873
77400         0.322        0.889       1579.592  3.3e-03        0.077     30.746        0.354       0.873
77500         0.324        0.889       1581.633  3.1e-03        0.076     30.745        0.354       0.873
77600         0.320        0.890       1583.673  3.0e-03        0.075     30.743        0.354       0.873
77700         0.324        0.889       1585.714  2.9e-03        0.075     30.746        0.354       0.873
77800         0.320        0.889       1587.755  2.8e-03        0.076     30.746        0.354       0.873
77900         0.323        0.889       1589.796  2.6e-03        0.076     30.747        0.354       0.873
    t    train_loss    train_acc    train_epoch       lr    data_time    it_time    test_loss    test_acc
-----  ------------  -----------  -------------  -------  -----------  ---------  -----------  ----------
78000         0.323        0.889       1591.837  2.5e-03        0.076     33.852        0.354       0.874
78100         0.319        0.889       1593.878  2.4e-03        0.076     30.743        0.354       0.874
78200         0.323        0.889       1595.918  2.3e-03        0.076     30.748        0.354       0.874
78300         0.320        0.890       1597.959  2.1e-03        0.077     30.751        0.354       0.874
78400         0.323        0.889       1600.000  2.0e-03        0.075     30.693        0.354       0.874
78500         0.322        0.888       1602.041  1.9e-03        0.075     30.747        0.354       0.874
78600         0.323        0.889       1604.082  1.8e-03        0.075     30.748        0.354       0.874
78700         0.323        0.889       1606.122  1.6e-03        0.075     30.748        0.354       0.874
78800         0.324        0.888       1608.163  1.5e-03        0.076     30.751        0.354       0.874
78900         0.321        0.889       1610.204  1.4e-03        0.076     30.749        0.354       0.874
79000         0.323        0.888       1612.245  1.3e-03        0.076     33.857        0.354       0.873
79100         0.323        0.889       1614.286  1.1e-03        0.077     30.755        0.354       0.873
79200         0.321        0.889       1616.327  1.0e-03        0.075     30.755        0.354       0.873
79300         0.323        0.888       1618.367  8.8e-04        0.075     30.748        0.354       0.873
79400         0.323        0.889       1620.408  7.5e-04        0.075     30.747        0.354       0.873
79500         0.320        0.889       1622.449  6.3e-04        0.075     30.743        0.354       0.873
79600         0.324        0.889       1624.490  5.0e-04        0.076     30.751        0.354       0.873
79700         0.324        0.888       1626.531  3.8e-04        0.075     30.754        0.354       0.873
79800         0.321        0.889       1628.571  2.5e-04        0.075     30.748        0.354       0.873
79900         0.322        0.889       1630.612  1.3e-04        0.075     30.752        0.354       0.873
80000         0.321        0.889       1632.653  1.2e-06        0.076     33.847        0.354       0.874
