  t    train_loss    train_acc    train_epoch       lr    data_time    it_time
---  ------------  -----------  -------------  -------  -----------  ---------
100         0.762        0.757          2.041  1.0e-01        0.280     32.702
200         0.523        0.823          4.082  1.0e-01        0.074     29.196
300         0.485        0.835          6.122  1.0e-01        0.075     29.209
400         0.459        0.844          8.163  1.0e-01        0.074     29.212
500         0.444        0.849         10.204  9.9e-02        0.074     29.228
600         0.432        0.852         12.245  9.9e-02        0.075     29.222
700         0.424        0.854         14.286  9.9e-02        0.074     29.221
800         0.417        0.857         16.327  9.9e-02        0.076     29.225
900         0.409        0.859         18.367  9.9e-02        0.075     29.229
1000         0.403        0.863         20.408  9.9e-02        0.075     33.539        0.397       0.859
1100         0.399        0.863         22.449  9.9e-02        0.075     29.328        0.397       0.859
1200         0.392        0.865         24.490  9.9e-02        0.074     29.146        0.397       0.859
1300         0.390        0.867         26.531  9.8e-02        0.076     29.310        0.397       0.859
1400         0.387        0.868         28.571  9.8e-02        0.075     29.262        0.397       0.859
1500         0.385        0.868         30.612  9.8e-02        0.074     29.259        0.397       0.859
1600         0.380        0.870         32.653  9.8e-02        0.075     29.268        0.397       0.859
1700         0.379        0.870         34.694  9.8e-02        0.075     29.259        0.397       0.859
1800         0.376        0.870         36.735  9.8e-02        0.076     29.280        0.397       0.859
1900         0.370        0.874         38.776  9.8e-02        0.075     29.272        0.397       0.859
2000         0.371        0.873         40.816  9.8e-02        0.075     32.229        0.376       0.866
2100         0.368        0.873         42.857  9.7e-02        0.075     29.288        0.376       0.866
2200         0.367        0.873         44.898  9.7e-02        0.075     29.287        0.376       0.866
2300         0.366        0.874         46.939  9.7e-02        0.076     29.383        0.376       0.866
2400         0.364        0.876         48.980  9.7e-02        0.075     29.310        0.376       0.866
2500         0.361        0.876         51.020  9.7e-02        0.077     29.803        0.376       0.866
2600         0.357        0.877         53.061  9.7e-02        0.076     29.548        0.376       0.866
2700         0.359        0.876         55.102  9.7e-02        0.074     29.096        0.376       0.866
2800         0.357        0.877         57.143  9.7e-02        0.075     29.101        0.376       0.866
2900         0.356        0.878         59.184  9.6e-02        0.074     29.102        0.376       0.866
3000         0.356        0.877         61.224  9.6e-02        0.074     32.022        0.362       0.872
3100         0.353        0.879         63.265  9.6e-02        0.074     29.097        0.362       0.872
3200         0.351        0.880         65.306  9.6e-02        0.075     29.095        0.362       0.872
3300         0.353        0.879         67.347  9.6e-02        0.075     29.091        0.362       0.872
3400         0.350        0.879         69.388  9.6e-02        0.074     29.103        0.362       0.872
3500         0.350        0.879         71.429  9.6e-02        0.074     29.095        0.362       0.872
3600         0.347        0.880         73.469  9.6e-02        0.075     29.214        0.362       0.872
3700         0.348        0.880         75.510  9.5e-02        0.074     28.970        0.362       0.872
3800         0.346        0.881         77.551  9.5e-02        0.074     29.030        0.362       0.872
3900         0.347        0.880         79.592  9.5e-02        0.076     29.775        0.362       0.872
4000         0.345        0.881         81.633  9.5e-02        0.074     32.036        0.356       0.875
4100         0.343        0.882         83.673  9.5e-02        0.075     29.095        0.356       0.875
   t    train_loss    train_acc    train_epoch       lr    data_time    it_time    test_loss    test_acc
----  ------------  -----------  -------------  -------  -----------  ---------  -----------  ----------
4200         0.343        0.881         85.714  9.5e-02        0.075     29.098        0.356       0.875
4300         0.343        0.882         87.755  9.5e-02        0.074     29.101        0.356       0.875
4400         0.342        0.883         89.796  9.5e-02        0.075     29.113        0.356       0.875
4500         0.343        0.882         91.837  9.4e-02        0.074     29.107        0.356       0.875
4600         0.340        0.883         93.878  9.4e-02        0.074     29.098        0.356       0.875
4700         0.339        0.883         95.918  9.4e-02        0.075     29.100        0.356       0.875
4800         0.341        0.882         97.959  9.4e-02        0.076     29.104        0.356       0.875
4900         0.339        0.884        100.000  9.4e-02        0.074     29.053        0.356       0.875
5000         0.338        0.884        102.041  9.4e-02        0.075     32.057        0.352       0.877
5100         0.338        0.884        104.082  9.4e-02        0.075     28.961        0.352       0.877
5200         0.336        0.884        106.122  9.4e-02        0.076     29.464        0.352       0.877
5300         0.339        0.883        108.163  9.3e-02        0.074     29.205        0.352       0.877
5400         0.335        0.884        110.204  9.3e-02        0.075     29.099        0.352       0.877
5500         0.335        0.885        112.245  9.3e-02        0.074     29.097        0.352       0.877
5600         0.335        0.884        114.286  9.3e-02        0.074     29.086        0.352       0.877
5700         0.336        0.884        116.327  9.3e-02        0.074     29.095        0.352       0.877
5800         0.334        0.885        118.367  9.3e-02        0.076     29.502        0.352       0.877
5900         0.334        0.885        120.408  9.3e-02        0.074     29.110        0.352       0.877
6000         0.333        0.885        122.449  9.3e-02        0.075     32.028        0.348       0.880
6100         0.334        0.885        124.490  9.2e-02        0.075     29.130        0.348       0.880
6200         0.332        0.885        126.531  9.2e-02        0.074     29.103        0.348       0.880
6300         0.333        0.886        128.571  9.2e-02        0.074     29.102        0.348       0.880
6400         0.335        0.884        130.612  9.2e-02        0.074     29.107        0.348       0.880
6500         0.331        0.886        132.653  9.2e-02        0.074     29.098        0.348       0.880
6600         0.330        0.887        134.694  9.2e-02        0.074     29.110        0.348       0.880
6700         0.332        0.885        136.735  9.2e-02        0.074     29.103        0.348       0.880
6800         0.331        0.886        138.776  9.2e-02        0.074     29.096        0.348       0.880
6900         0.332        0.885        140.816  9.1e-02        0.074     29.102        0.348       0.880
7000         0.330        0.887        142.857  9.1e-02        0.074     32.044        0.346       0.878
7100         0.329        0.886        144.898  9.1e-02        0.075     29.170        0.346       0.878
7200         0.331        0.885        146.939  9.1e-02        0.076     29.042        0.346       0.878
7300         0.329        0.886        148.980  9.1e-02        0.074     28.972        0.346       0.878
7400         0.330        0.886        151.020  9.1e-02        0.074     28.919        0.346       0.878
7500         0.328        0.887        153.061  9.1e-02        0.074     28.960        0.346       0.878
7600         0.329        0.887        155.102  9.1e-02        0.074     28.968        0.346       0.878
7700         0.328        0.887        157.143  9.0e-02        0.075     28.981        0.346       0.878
7800         0.328        0.888        159.184  9.0e-02        0.074     28.954        0.346       0.878
7900         0.327        0.887        161.224  9.0e-02        0.074     28.973        0.346       0.878
8000         0.327        0.888        163.265  9.0e-02        0.074     31.901        0.345       0.880
8100         0.327        0.886        165.306  9.0e-02        0.074     28.970        0.345       0.880
8200         0.328        0.887        167.347  9.0e-02        0.075     28.960        0.345       0.880
   t    train_loss    train_acc    train_epoch       lr    data_time    it_time    test_loss    test_acc
----  ------------  -----------  -------------  -------  -----------  ---------  -----------  ----------
8300         0.326        0.888        169.388  9.0e-02        0.076     28.965        0.345       0.880
8400         0.327        0.888        171.429  9.0e-02        0.079     29.658        0.345       0.880
8500         0.327        0.888        173.469  8.9e-02        0.076     29.249        0.345       0.880
8600         0.325        0.887        175.510  8.9e-02        0.075     29.092        0.345       0.880
8700         0.326        0.887        177.551  8.9e-02        0.075     29.103        0.345       0.880
8800         0.325        0.888        179.592  8.9e-02        0.074     29.103        0.345       0.880
8900         0.325        0.888        181.633  8.9e-02        0.074     29.103        0.345       0.880
9000         0.326        0.888        183.673  8.9e-02        0.074     32.041        0.344       0.880
9100         0.327        0.888        185.714  8.9e-02        0.074     29.111        0.344       0.880
9200         0.323        0.889        187.755  8.9e-02        0.075     29.206        0.344       0.880
9300         0.327        0.887        189.796  8.8e-02        0.075     29.109        0.344       0.880
9400         0.324        0.889        191.837  8.8e-02        0.076     29.100        0.344       0.880
9500         0.325        0.888        193.878  8.8e-02        0.075     29.101        0.344       0.880
9600         0.324        0.888        195.918  8.8e-02        0.075     29.103        0.344       0.880
9700         0.322        0.889        197.959  8.8e-02        0.076     29.101        0.344       0.880
9800         0.323        0.889        200.000  8.8e-02        0.074     29.053        0.344       0.880
9900         0.323        0.888        202.041  8.8e-02        0.074     29.100        0.344       0.880
10000         0.323        0.889        204.082  8.8e-02        0.074     32.045        0.343       0.880
10100         0.326        0.887        206.122  8.7e-02        0.075     29.098        0.343       0.880
10200         0.323        0.888        208.163  8.7e-02        0.075     29.101        0.343       0.880
10300         0.323        0.889        210.204  8.7e-02        0.075     29.172        0.343       0.880
10400         0.323        0.889        212.245  8.7e-02        0.074     28.972        0.343       0.880
10500         0.322        0.889        214.286  8.7e-02        0.075     28.961        0.343       0.880
10600         0.324        0.888        216.327  8.7e-02        0.074     28.966        0.343       0.880
10700         0.322        0.890        218.367  8.7e-02        0.075     29.382        0.343       0.880
10800         0.324        0.888        220.408  8.7e-02        0.075     29.131        0.343       0.880
10900         0.322        0.889        222.449  8.6e-02        0.074     29.105        0.343       0.880
11000         0.321        0.890        224.490  8.6e-02        0.075     32.037        0.342       0.881
11100         0.322        0.889        226.531  8.6e-02        0.074     29.110        0.342       0.881
11200         0.324        0.889        228.571  8.6e-02        0.074     29.101        0.342       0.881
11300         0.321        0.890        230.612  8.6e-02        0.074     29.097        0.342       0.881
11400         0.322        0.890        232.653  8.6e-02        0.074     29.093        0.342       0.881
11500         0.322        0.890        234.694  8.6e-02        0.074     29.092        0.342       0.881
11600         0.320        0.890        236.735  8.6e-02        0.074     29.096        0.342       0.881
11700         0.322        0.889        238.776  8.5e-02        0.075     29.094        0.342       0.881
11800         0.321        0.890        240.816  8.5e-02        0.074     29.089        0.342       0.881
11900         0.323        0.888        242.857  8.5e-02        0.074     29.110        0.342       0.881
12000         0.321        0.889        244.898  8.5e-02        0.075     32.041        0.342       0.880
12100         0.322        0.888        246.939  8.5e-02        0.076     29.221        0.342       0.880
12200         0.321        0.890        248.980  8.5e-02        0.074     28.968        0.342       0.880
12300         0.322        0.888        251.020  8.5e-02        0.074     28.919        0.342       0.880
    t    train_loss    train_acc    train_epoch       lr    data_time    it_time    test_loss    test_acc
-----  ------------  -----------  -------------  -------  -----------  ---------  -----------  ----------
12400         0.320        0.891        253.061  8.5e-02        0.074     28.977        0.342       0.880
12500         0.321        0.889        255.102  8.4e-02        0.075     28.955        0.342       0.880
12600         0.321        0.889        257.143  8.4e-02        0.074     28.974        0.342       0.880
12700         0.320        0.890        259.184  8.4e-02        0.074     28.955        0.342       0.880
12800         0.319        0.890        261.224  8.4e-02        0.074     28.962        0.342       0.880
12900         0.321        0.890        263.265  8.4e-02        0.074     28.966        0.342       0.880
13000         0.320        0.890        265.306  8.4e-02        0.074     31.898        0.340       0.882
13100         0.321        0.889        267.347  8.4e-02        0.074     28.974        0.340       0.882
13200         0.319        0.891        269.388  8.4e-02        0.074     28.951        0.340       0.882
13300         0.321        0.889        271.429  8.3e-02        0.074     28.956        0.340       0.882
13400         0.319        0.890        273.469  8.3e-02        0.075     28.964        0.340       0.882
13500         0.319        0.890        275.510  8.3e-02        0.074     28.979        0.340       0.882
13600         0.319        0.891        277.551  8.3e-02        0.075     28.950        0.340       0.882
13700         0.320        0.889        279.592  8.3e-02        0.074     28.963        0.340       0.882
13800         0.317        0.890        281.633  8.3e-02        0.074     28.962        0.340       0.882
13900         0.321        0.889        283.673  8.3e-02        0.074     28.962        0.340       0.882
14000         0.319        0.890        285.714  8.3e-02        0.074     31.886        0.342       0.881
14100         0.319        0.890        287.755  8.2e-02        0.076     28.967        0.342       0.881
14200         0.320        0.890        289.796  8.2e-02        0.074     28.964        0.342       0.881
14300         0.320        0.891        291.837  8.2e-02        0.074     28.961        0.342       0.881
14400         0.320        0.890        293.878  8.2e-02        0.075     28.954        0.342       0.881
14500         0.319        0.890        295.918  8.2e-02        0.074     28.943        0.342       0.881
14600         0.319        0.890        297.959  8.2e-02        0.076     28.955        0.342       0.881
14700         0.319        0.891        300.000  8.2e-02        0.074     28.916        0.342       0.881
14800         0.318        0.890        302.041  8.2e-02        0.074     28.968        0.342       0.881
14900         0.317        0.892        304.082  8.1e-02        0.075     28.965        0.342       0.881
15000         0.319        0.890        306.122  8.1e-02        0.075     31.888        0.341       0.882
15100         0.318        0.890        308.163  8.1e-02        0.075     28.960        0.341       0.882
15200         0.319        0.890        310.204  8.1e-02        0.075     28.962        0.341       0.882
15300         0.318        0.890        312.245  8.1e-02        0.074     28.951        0.341       0.882
15400         0.317        0.891        314.286  8.1e-02        0.074     28.967        0.341       0.882
15500         0.318        0.891        316.327  8.1e-02        0.074     28.978        0.341       0.882
15600         0.320        0.890        318.367  8.1e-02        0.074     28.967        0.341       0.882
15700         0.318        0.890        320.408  8.0e-02        0.074     28.974        0.341       0.882
15800         0.318        0.891        322.449  8.0e-02        0.075     28.966        0.341       0.882
15900         0.320        0.890        324.490  8.0e-02        0.074     28.978        0.341       0.882
16000         0.318        0.890        326.531  8.0e-02        0.075     31.887        0.340       0.881
16100         0.317        0.891        328.571  8.0e-02        0.075     28.969        0.340       0.881
16200         0.318        0.890        330.612  8.0e-02        0.077     30.178        0.340       0.881
16300         0.320        0.890        332.653  8.0e-02        0.078     30.002        0.340       0.881
16400         0.316        0.892        334.694  8.0e-02        0.075     29.094        0.340       0.881
    t    train_loss    train_acc    train_epoch       lr    data_time    it_time    test_loss    test_acc
-----  ------------  -----------  -------------  -------  -----------  ---------  -----------  ----------
16500         0.319        0.890        336.735  7.9e-02        0.075     29.101        0.340       0.881
16600         0.320        0.890        338.776  7.9e-02        0.075     29.098        0.340       0.881
16700         0.316        0.891        340.816  7.9e-02        0.075     29.103        0.340       0.881
16800         0.318        0.891        342.857  7.9e-02        0.074     29.102        0.340       0.881
16900         0.317        0.892        344.898  7.9e-02        0.074     29.095        0.340       0.881
17000         0.317        0.891        346.939  7.9e-02        0.076     32.031        0.339       0.882
17100         0.317        0.892        348.980  7.9e-02        0.075     29.092        0.339       0.882
17200         0.317        0.891        351.020  7.9e-02        0.074     29.051        0.339       0.882
17300         0.317        0.892        353.061  7.8e-02        0.075     29.206        0.339       0.882
17400         0.318        0.891        355.102  7.8e-02        0.074     28.967        0.339       0.882
17500         0.319        0.890        357.143  7.8e-02        0.074     28.965        0.339       0.882
17600         0.317        0.891        359.184  7.8e-02        0.074     28.969        0.339       0.882
17700         0.317        0.891        361.224  7.8e-02        0.074     28.969        0.339       0.882
17800         0.319        0.891        363.265  7.8e-02        0.075     28.964        0.339       0.882
17900         0.317        0.891        365.306  7.8e-02        0.076     28.969        0.339       0.882
18000         0.317        0.892        367.347  7.8e-02        0.075     31.905        0.339       0.882
18100         0.316        0.892        369.388  7.7e-02        0.074     28.967        0.339       0.882
18200         0.320        0.890        371.429  7.7e-02        0.074     28.977        0.339       0.882
18300         0.316        0.892        373.469  7.7e-02        0.074     28.980        0.339       0.882
18400         0.318        0.891        375.510  7.7e-02        0.075     28.984        0.339       0.882
18500         0.319        0.890        377.551  7.7e-02        0.075     28.944        0.339       0.882
18600         0.315        0.891        379.592  7.7e-02        0.075     28.963        0.339       0.882
18700         0.318        0.891        381.633  7.7e-02        0.074     28.967        0.339       0.882
18800         0.315        0.891        383.673  7.7e-02        0.075     28.999        0.339       0.882
18900         0.316        0.891        385.714  7.6e-02        0.074     28.958        0.339       0.882
19000         0.319        0.890        387.755  7.6e-02        0.075     31.879        0.338       0.883
19100         0.316        0.892        389.796  7.6e-02        0.074     28.974        0.338       0.883
19200         0.317        0.892        391.837  7.6e-02        0.075     28.967        0.338       0.883
19300         0.315        0.891        393.878  7.6e-02        0.074     28.968        0.338       0.883
19400         0.317        0.891        395.918  7.6e-02        0.075     28.961        0.338       0.883
19500         0.316        0.891        397.959  7.6e-02        0.075     28.943        0.338       0.883
19600         0.318        0.890        400.000  7.6e-02        0.074     28.998        0.338       0.883
19700         0.318        0.891        402.041  7.5e-02        0.079     30.172        0.338       0.883
19800         0.317        0.891        404.082  7.5e-02        0.075     29.107        0.338       0.883
19900         0.316        0.891        406.122  7.5e-02        0.075     29.101        0.338       0.883
20000         0.316        0.891        408.163  7.5e-02        0.075     32.046        0.339       0.882
20100         0.316        0.892        410.204  7.5e-02        0.075     29.102        0.339       0.882
20200         0.317        0.890        412.245  7.5e-02        0.075     29.097        0.339       0.882
20300         0.318        0.891        414.286  7.5e-02        0.076     29.376        0.339       0.882
20400         0.317        0.890        416.327  7.5e-02        0.075     29.109        0.339       0.882
20500         0.314        0.893        418.367  7.4e-02        0.075     29.107        0.339       0.882
    t    train_loss    train_acc    train_epoch       lr    data_time    it_time    test_loss    test_acc
-----  ------------  -----------  -------------  -------  -----------  ---------  -----------  ----------
20600         0.318        0.890        420.408  7.4e-02        0.074     29.104        0.339       0.882
20700         0.316        0.891        422.449  7.4e-02        0.075     29.095        0.339       0.882
20800         0.316        0.891        424.490  7.4e-02        0.074     29.101        0.339       0.882
20900         0.319        0.890        426.531  7.4e-02        0.075     29.097        0.339       0.882
21000         0.316        0.892        428.571  7.4e-02        0.075     32.042        0.339       0.882
21100         0.314        0.892        430.612  7.4e-02        0.075     29.101        0.339       0.882
21200         0.317        0.891        432.653  7.4e-02        0.074     29.092        0.339       0.882
21300         0.316        0.891        434.694  7.3e-02        0.075     29.205        0.339       0.882
21400         0.317        0.890        436.735  7.3e-02        0.074     28.977        0.339       0.882
21500         0.317        0.890        438.776  7.3e-02        0.074     28.968        0.339       0.882
21600         0.316        0.892        440.816  7.3e-02        0.074     28.973        0.339       0.882
21700         0.316        0.891        442.857  7.3e-02        0.074     28.978        0.339       0.882
21800         0.317        0.891        444.898  7.3e-02        0.075     29.134        0.339       0.882
21900         0.314        0.893        446.939  7.3e-02        0.077     29.091        0.339       0.882
22000         0.316        0.891        448.980  7.3e-02        0.075     32.041        0.340       0.881
22100         0.316        0.892        451.020  7.2e-02        0.075     29.058        0.340       0.881
22200         0.316        0.892        453.061  7.2e-02        0.075     29.097        0.340       0.881
22300         0.316        0.892        455.102  7.2e-02        0.075     29.098        0.340       0.881
22400         0.316        0.891        457.143  7.2e-02        0.076     29.089        0.340       0.881
22500         0.317        0.891        459.184  7.2e-02        0.075     29.105        0.340       0.881
22600         0.315        0.892        461.224  7.2e-02        0.075     29.091        0.340       0.881
22700         0.314        0.892        463.265  7.2e-02        0.075     29.095        0.340       0.881
22800         0.316        0.892        465.306  7.2e-02        0.075     29.106        0.340       0.881
22900         0.316        0.891        467.347  7.1e-02        0.076     29.271        0.340       0.881
23000         0.317        0.890        469.388  7.1e-02        0.075     32.042        0.338       0.884
23100         0.316        0.892        471.429  7.1e-02        0.085     33.587        0.338       0.884
23200         0.317        0.890        473.469  7.1e-02        0.076     29.510        0.338       0.884
23300         0.314        0.892        475.510  7.1e-02        0.075     29.098        0.338       0.884
23400         0.316        0.891        477.551  7.1e-02        0.075     29.088        0.338       0.884
23500         0.315        0.893        479.592  7.1e-02        0.075     29.090        0.338       0.884
23600         0.316        0.891        481.633  7.1e-02        0.075     29.099        0.338       0.884
23700         0.317        0.892        483.673  7.0e-02        0.076     29.096        0.338       0.884
23800         0.316        0.892        485.714  7.0e-02        0.075     29.253        0.338       0.884
23900         0.313        0.893        487.755  7.0e-02        0.076     29.345        0.338       0.884
24000         0.317        0.891        489.796  7.0e-02        0.075     32.302        0.339       0.881
24100         0.313        0.893        491.837  7.0e-02        0.076     29.342        0.339       0.881
24200         0.314        0.892        493.878  7.0e-02        0.076     29.330        0.339       0.881
24300         0.316        0.892        495.918  7.0e-02        0.076     29.337        0.339       0.881
24400         0.316        0.892        497.959  7.0e-02        0.077     29.323        0.339       0.881
24500         0.315        0.892        500.000  6.9e-02        0.085     33.642        0.339       0.881
24600         0.316        0.891        502.041  6.9e-02        0.076     29.482        0.339       0.881
    t    train_loss    train_acc    train_epoch       lr    data_time    it_time    test_loss    test_acc
-----  ------------  -----------  -------------  -------  -----------  ---------  -----------  ----------
24700         0.315        0.891        504.082  6.9e-02        0.075     29.088        0.339       0.881
24800         0.315        0.891        506.122  6.9e-02        0.075     29.093        0.339       0.881
24900         0.316        0.891        508.163  6.9e-02        0.075     29.086        0.339       0.881
25000         0.316        0.892        510.204  6.9e-02        0.075     32.044        0.338       0.884
25100         0.314        0.892        512.245  6.9e-02        0.075     29.100        0.338       0.884
25200         0.315        0.892        514.286  6.9e-02        0.075     29.099        0.338       0.884
25300         0.315        0.893        516.327  6.8e-02        0.075     29.110        0.338       0.884
25400         0.316        0.891        518.367  6.8e-02        0.075     29.099        0.338       0.884
25500         0.315        0.892        520.408  6.8e-02        0.075     29.114        0.338       0.884
25600         0.315        0.892        522.449  6.8e-02        0.076     29.191        0.338       0.884
25700         0.316        0.892        524.490  6.8e-02        0.075     28.971        0.338       0.884
25800         0.315        0.892        526.531  6.8e-02        0.075     28.968        0.338       0.884
25900         0.314        0.892        528.571  6.8e-02        0.075     28.957        0.338       0.884
26000         0.316        0.890        530.612  6.8e-02        0.075     31.986        0.338       0.882
26100         0.316        0.891        532.653  6.7e-02        0.076     29.118        0.338       0.882
26200         0.316        0.891        534.694  6.7e-02        0.075     29.103        0.338       0.882
26300         0.315        0.891        536.735  6.7e-02        0.075     29.106        0.338       0.882
26400         0.316        0.892        538.776  6.7e-02        0.075     29.106        0.338       0.882
26500         0.314        0.893        540.816  6.7e-02        0.077     29.092        0.338       0.882
26600         0.315        0.893        542.857  6.7e-02        0.075     29.114        0.338       0.882
26700         0.315        0.892        544.898  6.7e-02        0.075     29.091        0.338       0.882
26800         0.315        0.892        546.939  6.7e-02        0.076     29.113        0.338       0.882
26900         0.316        0.892        548.980  6.6e-02        0.076     29.109        0.338       0.882
27000         0.315        0.892        551.020  6.6e-02        0.075     31.988        0.338       0.881
27100         0.315        0.892        553.061  6.6e-02        0.076     29.195        0.338       0.881
27200         0.314        0.892        555.102  6.6e-02        0.076     29.102        0.338       0.881
27300         0.317        0.891        557.143  6.6e-02        0.076     29.094        0.338       0.881
27400         0.316        0.891        559.184  6.6e-02        0.075     29.105        0.338       0.881
27500         0.316        0.891        561.224  6.6e-02        0.075     29.103        0.338       0.881
27600         0.316        0.890        563.265  6.6e-02        0.075     29.106        0.338       0.881
27700         0.314        0.893        565.306  6.5e-02        0.075     29.095        0.338       0.881
27800         0.315        0.891        567.347  6.5e-02        0.076     29.107        0.338       0.881
27900         0.315        0.892        569.388  6.5e-02        0.075     29.091        0.338       0.881
28000         0.315        0.892        571.429  6.5e-02        0.075     32.036        0.338       0.881
28100         0.313        0.893        573.469  6.5e-02        0.076     29.103        0.338       0.881
28200         0.317        0.891        575.510  6.5e-02        0.075     29.100        0.338       0.881
28300         0.315        0.892        577.551  6.5e-02        0.075     29.103        0.338       0.881
28400         0.313        0.891        579.592  6.5e-02        0.075     29.093        0.338       0.881
28500         0.314        0.893        581.633  6.4e-02        0.075     29.095        0.338       0.881
28600         0.314        0.892        583.673  6.4e-02        0.076     29.100        0.338       0.881
28700         0.316        0.891        585.714  6.4e-02        0.076     29.097        0.338       0.881
    t    train_loss    train_acc    train_epoch       lr    data_time    it_time    test_loss    test_acc
-----  ------------  -----------  -------------  -------  -----------  ---------  -----------  ----------
28800         0.314        0.892        587.755  6.4e-02        0.076     29.099        0.338       0.881
28900         0.316        0.892        589.796  6.4e-02        0.075     29.096        0.338       0.881
29000         0.315        0.891        591.837  6.4e-02        0.075     32.040        0.339       0.883
29100         0.315        0.891        593.878  6.4e-02        0.075     29.108        0.339       0.883
29200         0.314        0.892        595.918  6.4e-02        0.075     29.158        0.339       0.883
29300         0.314        0.892        597.959  6.3e-02        0.078     29.848        0.339       0.883
29400         0.316        0.891        600.000  6.3e-02        0.075     29.048        0.339       0.883
29500         0.315        0.892        602.041  6.3e-02        0.075     29.097        0.339       0.883
29600         0.316        0.892        604.082  6.3e-02        0.075     29.096        0.339       0.883
29700         0.313        0.893        606.122  6.3e-02        0.075     29.095        0.339       0.883
29800         0.315        0.892        608.163  6.3e-02        0.075     29.094        0.339       0.883
29900         0.314        0.892        610.204  6.3e-02        0.075     29.103        0.339       0.883
30000         0.313        0.892        612.245  6.3e-02        0.076     32.043        0.339       0.882
30100         0.316        0.891        614.286  6.2e-02        0.075     29.094        0.339       0.882
30200         0.317        0.890        616.327  6.2e-02        0.075     29.111        0.339       0.882
30300         0.315        0.892        618.367  6.2e-02        0.075     29.181        0.339       0.882
30400         0.316        0.891        620.408  6.2e-02        0.075     29.102        0.339       0.882
30500         0.316        0.891        622.449  6.2e-02        0.075     29.094        0.339       0.882
30600         0.314        0.892        624.490  6.2e-02        0.075     29.104        0.339       0.882
30700         0.314        0.892        626.531  6.2e-02        0.075     29.102        0.339       0.882
30800         0.315        0.892        628.571  6.2e-02        0.075     29.105        0.339       0.882
30900         0.316        0.891        630.612  6.1e-02        0.075     29.104        0.339       0.882
31000         0.315        0.892        632.653  6.1e-02        0.075     32.033        0.339       0.882
31100         0.315        0.892        634.694  6.1e-02        0.075     29.091        0.339       0.882
31200         0.314        0.892        636.735  6.1e-02        0.075     29.103        0.339       0.882
31300         0.318        0.891        638.776  6.1e-02        0.075     29.095        0.339       0.882
31400         0.313        0.893        640.816  6.1e-02        0.075     29.086        0.339       0.882
31500         0.315        0.892        642.857  6.1e-02        0.076     29.148        0.339       0.882
31600         0.313        0.892        644.898  6.1e-02        0.074     28.968        0.339       0.882
31700         0.315        0.891        646.939  6.0e-02        0.076     28.967        0.339       0.882
31800         0.315        0.892        648.980  6.0e-02        0.074     28.966        0.339       0.882
31900         0.315        0.891        651.020  6.0e-02        0.074     28.932        0.339       0.882
32000         0.315        0.891        653.061  6.0e-02        0.075     31.906        0.338       0.883
32100         0.316        0.892        655.102  6.0e-02        0.074     28.977        0.338       0.883
32200         0.314        0.891        657.143  6.0e-02        0.075     28.961        0.338       0.883
32300         0.315        0.891        659.184  6.0e-02        0.075     28.965        0.338       0.883
32400         0.315        0.892        661.224  6.0e-02        0.074     28.966        0.338       0.883
32500         0.315        0.891        663.265  5.9e-02        0.074     28.961        0.338       0.883
32600         0.316        0.892        665.306  5.9e-02        0.075     28.964        0.338       0.883
32700         0.314        0.892        667.347  5.9e-02        0.075     28.938        0.338       0.883
32800         0.315        0.892        669.388  5.9e-02        0.075     28.971        0.338       0.883
    t    train_loss    train_acc    train_epoch       lr    data_time    it_time    test_loss    test_acc
-----  ------------  -----------  -------------  -------  -----------  ---------  -----------  ----------
32900         0.315        0.891        671.429  5.9e-02        0.075     28.981        0.338       0.883
33000         0.315        0.892        673.469  5.9e-02        0.075     31.905        0.337       0.882
33100         0.315        0.890        675.510  5.9e-02        0.076     29.209        0.337       0.882
33200         0.315        0.891        677.551  5.9e-02        0.075     29.097        0.337       0.882
33300         0.315        0.892        679.592  5.8e-02        0.075     29.092        0.337       0.882
33400         0.314        0.892        681.633  5.8e-02        0.075     29.097        0.337       0.882
33500         0.314        0.893        683.673  5.8e-02        0.077     29.089        0.337       0.882
33600         0.314        0.892        685.714  5.8e-02        0.075     29.095        0.337       0.882
33700         0.314        0.893        687.755  5.8e-02        0.075     29.102        0.337       0.882
33800         0.314        0.893        689.796  5.8e-02        0.075     29.099        0.337       0.882
33900         0.314        0.893        691.837  5.8e-02        0.075     29.098        0.337       0.882
34000         0.315        0.892        693.878  5.8e-02        0.075     32.047        0.338       0.882
34100         0.315        0.892        695.918  5.7e-02        0.076     29.170        0.338       0.882
34200         0.314        0.893        697.959  5.7e-02        0.076     29.060        0.338       0.882
34300         0.312        0.892        700.000  5.7e-02        0.075     28.930        0.338       0.882
34400         0.315        0.892        702.041  5.7e-02        0.076     28.968        0.338       0.882
34500         0.315        0.892        704.082  5.7e-02        0.075     28.979        0.338       0.882
34600         0.313        0.893        706.122  5.7e-02        0.076     28.987        0.338       0.882
34700         0.314        0.891        708.163  5.7e-02        0.075     28.975        0.338       0.882
34800         0.315        0.893        710.204  5.7e-02        0.075     28.983        0.338       0.882
34900         0.314        0.892        712.245  5.6e-02        0.076     28.975        0.338       0.882
35000         0.315        0.892        714.286  5.6e-02        0.075     31.884        0.338       0.882
35100         0.317        0.891        716.327  5.6e-02        0.075     28.972        0.338       0.882
35200         0.315        0.892        718.367  5.6e-02        0.075     28.940        0.338       0.882
35300         0.314        0.892        720.408  5.6e-02        0.075     28.950        0.338       0.882
35400         0.313        0.893        722.449  5.6e-02        0.077     28.977        0.338       0.882
35500         0.314        0.893        724.490  5.6e-02        0.076     28.982        0.338       0.882
35600         0.313        0.892        726.531  5.6e-02        0.075     28.942        0.338       0.882
35700         0.315        0.891        728.571  5.5e-02        0.075     28.946        0.338       0.882
35800         0.314        0.893        730.612  5.5e-02        0.075     28.951        0.338       0.882
35900         0.314        0.892        732.653  5.5e-02        0.075     28.978        0.338       0.882
36000         0.314        0.892        734.694  5.5e-02        0.075     31.885        0.338       0.882
36100         0.314        0.892        736.735  5.5e-02        0.075     28.984        0.338       0.882
36200         0.314        0.892        738.776  5.5e-02        0.075     28.965        0.338       0.882
36300         0.314        0.892        740.816  5.5e-02        0.075     28.958        0.338       0.882
36400         0.314        0.892        742.857  5.5e-02        0.075     28.961        0.338       0.882
36500         0.314        0.892        744.898  5.4e-02        0.075     28.968        0.338       0.882
36600         0.316        0.891        746.939  5.4e-02        0.077     29.162        0.338       0.882
36700         0.314        0.892        748.980  5.4e-02        0.079     30.670        0.338       0.882
36800         0.313        0.893        751.020  5.4e-02        0.075     29.047        0.338       0.882
36900         0.314        0.892        753.061  5.4e-02        0.075     29.101        0.338       0.882
    t    train_loss    train_acc    train_epoch       lr    data_time    it_time    test_loss    test_acc
-----  ------------  -----------  -------------  -------  -----------  ---------  -----------  ----------
37000         0.313        0.893        755.102  5.4e-02        0.076     32.053        0.339       0.881
37100         0.313        0.892        757.143  5.4e-02        0.075     29.317        0.339       0.881
37200         0.315        0.892        759.184  5.4e-02        0.075     29.350        0.339       0.881
37300         0.313        0.893        761.224  5.3e-02        0.076     29.333        0.339       0.881
37400         0.314        0.892        763.265  5.3e-02        0.076     29.353        0.339       0.881
37500         0.314        0.892        765.306  5.3e-02        0.076     29.347        0.339       0.881
37600         0.314        0.892        767.347  5.3e-02        0.076     29.335        0.339       0.881
37700         0.314        0.892        769.388  5.3e-02        0.077     29.328        0.339       0.881
37800         0.315        0.891        771.429  5.3e-02        0.076     29.354        0.339       0.881
37900         0.313        0.893        773.469  5.3e-02        0.076     29.341        0.339       0.881
38000         0.317        0.890        775.510  5.3e-02        0.076     32.300        0.339       0.882
38100         0.315        0.891        777.551  5.2e-02        0.076     29.424        0.339       0.882
38200         0.314        0.891        779.592  5.2e-02        0.076     29.217        0.339       0.882
38300         0.312        0.893        781.633  5.2e-02        0.075     29.221        0.339       0.882
38400         0.315        0.892        783.673  5.2e-02        0.075     29.203        0.339       0.882
38500         0.314        0.892        785.714  5.2e-02        0.076     29.194        0.339       0.882
38600         0.313        0.893        787.755  5.2e-02        0.075     29.198        0.339       0.882
38700         0.315        0.891        789.796  5.2e-02        0.076     29.201        0.339       0.882
38800         0.315        0.893        791.837  5.2e-02        0.075     29.204        0.339       0.882
38900         0.314        0.891        793.878  5.1e-02        0.075     29.299        0.339       0.882
39000         0.315        0.892        795.918  5.1e-02        0.077     32.308        0.339       0.882
39100         0.314        0.893        797.959  5.1e-02        0.083     32.132        0.339       0.882
39200         0.315        0.892        800.000  5.1e-02        0.078     29.695        0.339       0.882
39300         0.313        0.892        802.041  5.1e-02        0.076     29.344        0.339       0.882
39400         0.317        0.891        804.082  5.1e-02        0.076     29.343        0.339       0.882
39500         0.314        0.892        806.122  5.1e-02        0.076     29.335        0.339       0.882
39600         0.313        0.892        808.163  5.1e-02        0.076     29.342        0.339       0.882
39700         0.315        0.891        810.204  5.0e-02        0.076     29.351        0.339       0.882
39800         0.316        0.892        812.245  5.0e-02        0.076     29.335        0.339       0.882
39900         0.313        0.893        814.286  5.0e-02        0.076     29.344        0.339       0.882
40000         0.313        0.893        816.327  5.0e-02        0.077     32.302        0.338       0.882
40100         0.315        0.891        818.367  5.0e-02        0.076     29.333        0.338       0.882
40200         0.313        0.893        820.408  5.0e-02        0.076     29.362        0.338       0.882
40300         0.313        0.894        822.449  5.0e-02        0.075     29.200        0.338       0.882
40400         0.316        0.892        824.490  5.0e-02        0.075     29.201        0.338       0.882
40500         0.313        0.893        826.531  4.9e-02        0.076     29.199        0.338       0.882
40600         0.313        0.893        828.571  4.9e-02        0.075     29.213        0.338       0.882
40700         0.315        0.891        830.612  4.9e-02        0.075     29.202        0.338       0.882
40800         0.314        0.893        832.653  4.9e-02        0.076     29.199        0.338       0.882
40900         0.313        0.892        834.694  4.9e-02        0.075     29.204        0.338       0.882
41000         0.315        0.892        836.735  4.9e-02        0.075     32.157        0.339       0.882
    t    train_loss    train_acc    train_epoch       lr    data_time    it_time    test_loss    test_acc
-----  ------------  -----------  -------------  -------  -----------  ---------  -----------  ----------
41100         0.313        0.892        838.776  4.9e-02        0.076     29.199        0.339       0.882
41200         0.315        0.892        840.816  4.9e-02        0.076     29.201        0.339       0.882
41300         0.313        0.892        842.857  4.8e-02        0.075     29.207        0.339       0.882
41400         0.315        0.892        844.898  4.8e-02        0.076     29.203        0.339       0.882
41500         0.315        0.892        846.939  4.8e-02        0.077     29.243        0.339       0.882
41600         0.314        0.893        848.980  4.8e-02        0.075     29.204        0.339       0.882
41700         0.315        0.891        851.020  4.8e-02        0.076     29.173        0.339       0.882
41800         0.314        0.892        853.061  4.8e-02        0.075     29.205        0.339       0.882
41900         0.315        0.892        855.102  4.8e-02        0.075     29.203        0.339       0.882
42000         0.313        0.893        857.143  4.8e-02        0.075     32.293        0.338       0.881
42100         0.314        0.893        859.184  4.7e-02        0.081     30.440        0.338       0.881
