  t    train_loss    train_acc    train_epoch       lr    data_time    it_time
---  ------------  -----------  -------------  -------  -----------  ---------
100         0.776        0.756          2.041  1.0e-01        0.277     32.774
200         0.527        0.821          4.082  1.0e-01        0.074     29.168
300         0.492        0.832          6.122  1.0e-01        0.079     30.874
400         0.467        0.839          8.163  1.0e-01        0.074     29.062
500         0.456        0.844         10.204  9.9e-02        0.074     29.072
600         0.439        0.850         12.245  9.9e-02        0.074     29.080
700         0.432        0.851         14.286  9.9e-02        0.074     29.067
800         0.426        0.853         16.327  9.9e-02        0.074     29.074
900         0.419        0.857         18.367  9.9e-02        0.074     29.085
1000         0.413        0.858         20.408  9.9e-02        0.074     33.378        0.413       0.858
1100         0.406        0.860         22.449  9.9e-02        0.074     29.084        0.413       0.858
1200         0.402        0.862         24.490  9.9e-02        0.074     29.081        0.413       0.858
1300         0.400        0.863         26.531  9.8e-02        0.074     29.180        0.413       0.858
1400         0.397        0.864         28.571  9.8e-02        0.073     29.084        0.413       0.858
1500         0.391        0.866         30.612  9.8e-02        0.073     29.084        0.413       0.858
1600         0.390        0.866         32.653  9.8e-02        0.073     29.080        0.413       0.858
1700         0.391        0.866         34.694  9.8e-02        0.073     29.088        0.413       0.858
1800         0.384        0.868         36.735  9.8e-02        0.073     29.079        0.413       0.858
1900         0.381        0.868         38.776  9.8e-02        0.074     29.076        0.413       0.858
2000         0.381        0.869         40.816  9.8e-02        0.074     32.014        0.389       0.868
2100         0.378        0.871         42.857  9.7e-02        0.074     29.067        0.389       0.868
2200         0.377        0.871         44.898  9.7e-02        0.074     29.072        0.389       0.868
2300         0.376        0.871         46.939  9.7e-02        0.075     29.078        0.389       0.868
2400         0.373        0.872         48.980  9.7e-02        0.074     29.124        0.389       0.868
2500         0.373        0.871         51.020  9.7e-02        0.073     28.899        0.389       0.868
2600         0.368        0.873         53.061  9.7e-02        0.073     28.926        0.389       0.868
2700         0.369        0.873         55.102  9.7e-02        0.073     28.964        0.389       0.868
2800         0.368        0.873         57.143  9.7e-02        0.073     28.943        0.389       0.868
2900         0.366        0.873         59.184  9.6e-02        0.073     28.967        0.389       0.868
3000         0.365        0.874         61.224  9.6e-02        0.073     31.874        0.381       0.869
3100         0.363        0.874         63.265  9.6e-02        0.074     28.956        0.381       0.869
3200         0.361        0.876         65.306  9.6e-02        0.073     28.954        0.381       0.869
3300         0.363        0.875         67.347  9.6e-02        0.073     28.925        0.381       0.869
3400         0.360        0.875         69.388  9.6e-02        0.073     28.938        0.381       0.869
3500         0.360        0.876         71.429  9.6e-02        0.073     28.943        0.381       0.869
3600         0.357        0.877         73.469  9.6e-02        0.073     28.955        0.381       0.869
3700         0.358        0.878         75.510  9.5e-02        0.073     28.984        0.381       0.869
3800         0.358        0.876         77.551  9.5e-02        0.073     28.944        0.381       0.869
3900         0.357        0.877         79.592  9.5e-02        0.074     28.965        0.381       0.869
4000         0.356        0.877         81.633  9.5e-02        0.073     31.860        0.372       0.873
4100         0.354        0.878         83.673  9.5e-02        0.074     28.941        0.372       0.873
   t    train_loss    train_acc    train_epoch       lr    data_time    it_time    test_loss    test_acc
----  ------------  -----------  -------------  -------  -----------  ---------  -----------  ----------
4200         0.352        0.879         85.714  9.5e-02        0.073     28.943        0.372       0.873
4300         0.353        0.878         87.755  9.5e-02        0.073     28.953        0.372       0.873
4400         0.354        0.878         89.796  9.5e-02        0.073     28.940        0.372       0.873
4500         0.352        0.878         91.837  9.4e-02        0.073     28.957        0.372       0.873
4600         0.350        0.879         93.878  9.4e-02        0.073     28.923        0.372       0.873
4700         0.351        0.879         95.918  9.4e-02        0.074     28.939        0.372       0.873
4800         0.350        0.879         97.959  9.4e-02        0.074     28.951        0.372       0.873
4900         0.349        0.880        100.000  9.4e-02        0.073     28.916        0.372       0.873
5000         0.350        0.879        102.041  9.4e-02        0.073     31.895        0.369       0.873
5100         0.349        0.881        104.082  9.4e-02        0.073     28.952        0.369       0.873
5200         0.347        0.881        106.122  9.4e-02        0.073     28.964        0.369       0.873
5300         0.346        0.880        108.163  9.3e-02        0.074     28.943        0.369       0.873
5400         0.347        0.880        110.204  9.3e-02        0.073     28.948        0.369       0.873
5500         0.346        0.881        112.245  9.3e-02        0.073     28.944        0.369       0.873
5600         0.347        0.881        114.286  9.3e-02        0.073     28.964        0.369       0.873
5700         0.344        0.882        116.327  9.3e-02        0.073     28.952        0.369       0.873
5800         0.345        0.881        118.367  9.3e-02        0.073     28.958        0.369       0.873
5900         0.343        0.881        120.408  9.3e-02        0.073     29.030        0.369       0.873
6000         0.344        0.881        122.449  9.3e-02        0.076     32.563        0.366       0.874
6100         0.343        0.882        124.490  9.2e-02        0.074     29.082        0.366       0.874
6200         0.342        0.883        126.531  9.2e-02        0.074     29.090        0.366       0.874
6300         0.342        0.882        128.571  9.2e-02        0.075     29.083        0.366       0.874
6400         0.342        0.882        130.612  9.2e-02        0.074     29.089        0.366       0.874
6500         0.344        0.882        132.653  9.2e-02        0.074     29.086        0.366       0.874
6600         0.342        0.882        134.694  9.2e-02        0.074     29.089        0.366       0.874
6700         0.342        0.882        136.735  9.2e-02        0.075     29.081        0.366       0.874
6800         0.342        0.882        138.776  9.2e-02        0.075     29.082        0.366       0.874
6900         0.340        0.883        140.816  9.1e-02        0.074     29.076        0.366       0.874
7000         0.341        0.884        142.857  9.1e-02        0.074     32.051        0.364       0.873
7100         0.340        0.883        144.898  9.1e-02        0.074     29.062        0.364       0.873
7200         0.339        0.883        146.939  9.1e-02        0.075     28.946        0.364       0.873
7300         0.338        0.884        148.980  9.1e-02        0.074     28.946        0.364       0.873
7400         0.341        0.882        151.020  9.1e-02        0.074     28.890        0.364       0.873
7500         0.340        0.882        153.061  9.1e-02        0.073     28.936        0.364       0.873
7600         0.339        0.883        155.102  9.1e-02        0.074     28.943        0.364       0.873
7700         0.337        0.884        157.143  9.0e-02        0.074     28.968        0.364       0.873
7800         0.338        0.884        159.184  9.0e-02        0.074     28.943        0.364       0.873
7900         0.338        0.885        161.224  9.0e-02        0.073     28.945        0.364       0.873
8000         0.339        0.883        163.265  9.0e-02        0.073     31.893        0.362       0.874
8100         0.337        0.884        165.306  9.0e-02        0.075     29.383        0.362       0.874
8200         0.335        0.885        167.347  9.0e-02        0.074     29.081        0.362       0.874
   t    train_loss    train_acc    train_epoch       lr    data_time    it_time    test_loss    test_acc
----  ------------  -----------  -------------  -------  -----------  ---------  -----------  ----------
8300         0.338        0.883        169.388  9.0e-02        0.074     29.091        0.362       0.874
8400         0.336        0.885        171.429  9.0e-02        0.074     29.086        0.362       0.874
8500         0.336        0.885        173.469  8.9e-02        0.074     29.087        0.362       0.874
8600         0.337        0.883        175.510  8.9e-02        0.074     29.081        0.362       0.874
8700         0.334        0.885        177.551  8.9e-02        0.074     29.078        0.362       0.874
8800         0.338        0.883        179.592  8.9e-02        0.074     29.081        0.362       0.874
8900         0.337        0.883        181.633  8.9e-02        0.074     29.074        0.362       0.874
9000         0.334        0.885        183.673  8.9e-02        0.074     32.014        0.361       0.874
9100         0.335        0.884        185.714  8.9e-02        0.074     29.072        0.361       0.874
9200         0.335        0.884        187.755  8.9e-02        0.074     29.150        0.361       0.874
9300         0.335        0.885        189.796  8.8e-02        0.074     29.077        0.361       0.874
9400         0.336        0.884        191.837  8.8e-02        0.074     29.073        0.361       0.874
9500         0.332        0.886        193.878  8.8e-02        0.074     29.081        0.361       0.874
9600         0.336        0.884        195.918  8.8e-02        0.074     29.076        0.361       0.874
9700         0.335        0.885        197.959  8.8e-02        0.075     29.083        0.361       0.874
9800         0.334        0.885        200.000  8.8e-02        0.074     29.027        0.361       0.874
9900         0.334        0.883        202.041  8.8e-02        0.074     29.080        0.361       0.874
10000         0.335        0.884        204.082  8.8e-02        0.074     31.998        0.360       0.874
10100         0.333        0.885        206.122  8.7e-02        0.074     29.084        0.360       0.874
10200         0.334        0.884        208.163  8.7e-02        0.074     29.149        0.360       0.874
10300         0.332        0.886        210.204  8.7e-02        0.075     29.074        0.360       0.874
10400         0.335        0.884        212.245  8.7e-02        0.074     29.078        0.360       0.874
10500         0.334        0.884        214.286  8.7e-02        0.074     29.077        0.360       0.874
10600         0.334        0.885        216.327  8.7e-02        0.074     29.085        0.360       0.874
10700         0.333        0.885        218.367  8.7e-02        0.076     29.733        0.360       0.874
10800         0.333        0.885        220.408  8.7e-02        0.074     29.085        0.360       0.874
10900         0.332        0.885        222.449  8.6e-02        0.074     29.082        0.360       0.874
11000         0.333        0.885        224.490  8.6e-02        0.074     32.025        0.360       0.875
11100         0.335        0.885        226.531  8.6e-02        0.074     29.074        0.360       0.875
11200         0.333        0.885        228.571  8.6e-02        0.074     29.090        0.360       0.875
11300         0.332        0.885        230.612  8.6e-02        0.074     29.077        0.360       0.875
11400         0.332        0.886        232.653  8.6e-02        0.074     29.076        0.360       0.875
11500         0.331        0.886        234.694  8.6e-02        0.074     29.087        0.360       0.875
11600         0.331        0.885        236.735  8.6e-02        0.074     29.077        0.360       0.875
11700         0.332        0.886        238.776  8.5e-02        0.075     29.136        0.360       0.875
11800         0.333        0.885        240.816  8.5e-02        0.074     29.036        0.360       0.875
11900         0.330        0.885        242.857  8.5e-02        0.074     28.949        0.360       0.875
12000         0.330        0.887        244.898  8.5e-02        0.074     31.868        0.358       0.875
12100         0.331        0.886        246.939  8.5e-02        0.075     28.940        0.358       0.875
12200         0.331        0.887        248.980  8.5e-02        0.074     28.939        0.358       0.875
12300         0.331        0.886        251.020  8.5e-02        0.073     28.913        0.358       0.875
    t    train_loss    train_acc    train_epoch       lr    data_time    it_time    test_loss    test_acc
-----  ------------  -----------  -------------  -------  -----------  ---------  -----------  ----------
12400         0.331        0.886        253.061  8.5e-02        0.074     28.976        0.358       0.875
12500         0.332        0.885        255.102  8.4e-02        0.073     28.944        0.358       0.875
12600         0.330        0.886        257.143  8.4e-02        0.074     28.966        0.358       0.875
12700         0.328        0.887        259.184  8.4e-02        0.074     28.944        0.358       0.875
12800         0.331        0.886        261.224  8.4e-02        0.073     28.968        0.358       0.875
12900         0.331        0.886        263.265  8.4e-02        0.074     28.963        0.358       0.875
13000         0.331        0.886        265.306  8.4e-02        0.074     31.881        0.358       0.876
13100         0.329        0.886        267.347  8.4e-02        0.074     28.935        0.358       0.876
13200         0.331        0.886        269.388  8.4e-02        0.073     28.943        0.358       0.876
13300         0.331        0.886        271.429  8.3e-02        0.073     28.963        0.358       0.876
13400         0.329        0.887        273.469  8.3e-02        0.074     28.952        0.358       0.876
13500         0.330        0.886        275.510  8.3e-02        0.074     28.975        0.358       0.876
13600         0.331        0.886        277.551  8.3e-02        0.074     28.947        0.358       0.876
13700         0.329        0.887        279.592  8.3e-02        0.074     28.961        0.358       0.876
13800         0.330        0.886        281.633  8.3e-02        0.074     28.971        0.358       0.876
13900         0.330        0.886        283.673  8.3e-02        0.074     28.962        0.358       0.876
14000         0.330        0.886        285.714  8.3e-02        0.074     31.881        0.358       0.875
14100         0.331        0.886        287.755  8.2e-02        0.074     28.972        0.358       0.875
14200         0.329        0.887        289.796  8.2e-02        0.074     28.978        0.358       0.875
14300         0.330        0.886        291.837  8.2e-02        0.074     28.965        0.358       0.875
14400         0.329        0.886        293.878  8.2e-02        0.073     28.945        0.358       0.875
14500         0.328        0.887        295.918  8.2e-02        0.074     28.969        0.358       0.875
14600         0.329        0.887        297.959  8.2e-02        0.075     28.963        0.358       0.875
14700         0.328        0.887        300.000  8.2e-02        0.074     28.927        0.358       0.875
14800         0.330        0.886        302.041  8.2e-02        0.074     28.969        0.358       0.875
14900         0.330        0.887        304.082  8.1e-02        0.074     28.962        0.358       0.875
15000         0.328        0.887        306.122  8.1e-02        0.074     31.878        0.357       0.875
15100         0.330        0.886        308.163  8.1e-02        0.074     28.976        0.357       0.875
15200         0.327        0.887        310.204  8.1e-02        0.074     28.960        0.357       0.875
15300         0.328        0.888        312.245  8.1e-02        0.074     28.943        0.357       0.875
15400         0.329        0.887        314.286  8.1e-02        0.074     28.929        0.357       0.875
15500         0.330        0.886        316.327  8.1e-02        0.074     28.963        0.357       0.875
15600         0.327        0.887        318.367  8.1e-02        0.074     28.969        0.357       0.875
15700         0.327        0.888        320.408  8.0e-02        0.074     28.969        0.357       0.875
15800         0.330        0.885        322.449  8.0e-02        0.074     28.946        0.357       0.875
15900         0.327        0.887        324.490  8.0e-02        0.075     28.907        0.357       0.875
16000         0.329        0.886        326.531  8.0e-02        0.074     31.859        0.359       0.875
16100         0.328        0.886        328.571  8.0e-02        0.074     28.953        0.359       0.875
16200         0.326        0.888        330.612  8.0e-02        0.073     28.940        0.359       0.875
16300         0.329        0.887        332.653  8.0e-02        0.074     28.939        0.359       0.875
16400         0.329        0.887        334.694  8.0e-02        0.074     28.968        0.359       0.875
    t    train_loss    train_acc    train_epoch       lr    data_time    it_time    test_loss    test_acc
-----  ------------  -----------  -------------  -------  -----------  ---------  -----------  ----------
16500         0.328        0.887        336.735  7.9e-02        0.074     28.971        0.359       0.875
16600         0.328        0.887        338.776  7.9e-02        0.074     28.963        0.359       0.875
16700         0.328        0.887        340.816  7.9e-02        0.074     28.949        0.359       0.875
16800         0.326        0.889        342.857  7.9e-02        0.075     28.947        0.359       0.875
16900         0.327        0.887        344.898  7.9e-02        0.074     28.922        0.359       0.875
17000         0.329        0.886        346.939  7.9e-02        0.075     31.884        0.356       0.875
17100         0.328        0.888        348.980  7.9e-02        0.074     28.965        0.356       0.875
17200         0.326        0.888        351.020  7.9e-02        0.074     28.871        0.356       0.875
17300         0.328        0.887        353.061  7.8e-02        0.076     29.932        0.356       0.875
17400         0.326        0.887        355.102  7.8e-02        0.078     30.787        0.356       0.875
17500         0.329        0.887        357.143  7.8e-02        0.076     29.303        0.356       0.875
17600         0.328        0.887        359.184  7.8e-02        0.075     29.294        0.356       0.875
17700         0.327        0.887        361.224  7.8e-02        0.075     29.295        0.356       0.875
17800         0.327        0.887        363.265  7.8e-02        0.074     29.306        0.356       0.875
17900         0.328        0.886        365.306  7.8e-02        0.075     29.293        0.356       0.875
18000         0.328        0.887        367.347  7.8e-02        0.078     32.741        0.356       0.876
18100         0.327        0.888        369.388  7.7e-02        0.078     30.110        0.356       0.876
18200         0.326        0.889        371.429  7.7e-02        0.078     30.105        0.356       0.876
18300         0.328        0.887        373.469  7.7e-02        0.074     29.082        0.356       0.876
18400         0.326        0.889        375.510  7.7e-02        0.074     29.073        0.356       0.876
18500         0.327        0.888        377.551  7.7e-02        0.075     29.074        0.356       0.876
18600         0.327        0.888        379.592  7.7e-02        0.074     29.090        0.356       0.876
18700         0.327        0.887        381.633  7.7e-02        0.075     29.071        0.356       0.876
18800         0.327        0.888        383.673  7.7e-02        0.075     29.081        0.356       0.876
18900         0.326        0.889        385.714  7.6e-02        0.074     29.080        0.356       0.876
19000         0.328        0.887        387.755  7.6e-02        0.074     32.015        0.356       0.876
19100         0.326        0.888        389.796  7.6e-02        0.074     29.083        0.356       0.876
19200         0.326        0.889        391.837  7.6e-02        0.074     29.092        0.356       0.876
19300         0.328        0.888        393.878  7.6e-02        0.074     29.089        0.356       0.876
19400         0.327        0.887        395.918  7.6e-02        0.074     28.951        0.356       0.876
19500         0.327        0.887        397.959  7.6e-02        0.075     28.957        0.356       0.876
19600         0.326        0.888        400.000  7.6e-02        0.074     28.908        0.356       0.876
19700         0.326        0.888        402.041  7.5e-02        0.074     28.971        0.356       0.876
19800         0.327        0.888        404.082  7.5e-02        0.074     28.945        0.356       0.876
19900         0.326        0.888        406.122  7.5e-02        0.074     28.940        0.356       0.876
20000         0.327        0.887        408.163  7.5e-02        0.074     31.861        0.354       0.876
20100         0.327        0.888        410.204  7.5e-02        0.074     28.932        0.354       0.876
20200         0.325        0.888        412.245  7.5e-02        0.074     28.958        0.354       0.876
20300         0.325        0.888        414.286  7.5e-02        0.074     28.961        0.354       0.876
20400         0.325        0.887        416.327  7.5e-02        0.074     28.956        0.354       0.876
20500         0.327        0.887        418.367  7.4e-02        0.074     28.948        0.354       0.876
    t    train_loss    train_acc    train_epoch       lr    data_time    it_time    test_loss    test_acc
-----  ------------  -----------  -------------  -------  -----------  ---------  -----------  ----------
20600         0.326        0.888        420.408  7.4e-02        0.074     28.966        0.354       0.876
20700         0.326        0.888        422.449  7.4e-02        0.074     28.944        0.354       0.876
20800         0.327        0.888        424.490  7.4e-02        0.074     29.342        0.354       0.876
20900         0.323        0.889        426.531  7.4e-02        0.076     29.204        0.354       0.876
21000         0.329        0.887        428.571  7.4e-02        0.074     32.013        0.357       0.876
21100         0.327        0.887        430.612  7.4e-02        0.074     29.081        0.357       0.876
21200         0.325        0.888        432.653  7.4e-02        0.076     29.450        0.357       0.876
21300         0.327        0.887        434.694  7.3e-02        0.075     29.170        0.357       0.876
21400         0.326        0.888        436.735  7.3e-02        0.082     30.091        0.357       0.876
21500         0.325        0.888        438.776  7.3e-02        0.080     29.804        0.357       0.876
21600         0.326        0.888        440.816  7.3e-02        0.078     29.668        0.357       0.876
21700         0.325        0.889        442.857  7.3e-02        0.079     29.774        0.357       0.876
21800         0.327        0.888        444.898  7.3e-02        0.080     29.931        0.357       0.876
21900         0.325        0.888        446.939  7.3e-02        0.078     29.482        0.357       0.876
22000         0.326        0.888        448.980  7.3e-02        0.078     32.859        0.355       0.876
22100         0.324        0.889        451.020  7.2e-02        0.077     29.442        0.355       0.876
22200         0.326        0.888        453.061  7.2e-02        0.079     29.791        0.355       0.876
22300         0.326        0.887        455.102  7.2e-02        0.082     31.849        0.355       0.876
22400         0.327        0.887        457.143  7.2e-02        0.078     29.466        0.355       0.876
22500         0.324        0.889        459.184  7.2e-02        0.077     29.313        0.355       0.876
22600         0.325        0.887        461.224  7.2e-02        0.078     29.328        0.355       0.876
22700         0.326        0.888        463.265  7.2e-02        0.077     29.318        0.355       0.876
22800         0.324        0.888        465.306  7.2e-02        0.076     29.329        0.355       0.876
22900         0.328        0.885        467.347  7.1e-02        0.076     29.341        0.355       0.876
23000         0.327        0.888        469.388  7.1e-02        0.076     32.285        0.354       0.877
23100         0.326        0.888        471.429  7.1e-02        0.076     29.332        0.354       0.877
23200         0.326        0.888        473.469  7.1e-02        0.076     29.336        0.354       0.877
23300         0.326        0.888        475.510  7.1e-02        0.077     29.323        0.354       0.877
23400         0.323        0.889        477.551  7.1e-02        0.077     29.462        0.354       0.877
23500         0.326        0.888        479.592  7.1e-02        0.076     29.173        0.354       0.877
23600         0.326        0.888        481.633  7.1e-02        0.075     29.166        0.354       0.877
23700         0.325        0.889        483.673  7.0e-02        0.075     29.158        0.354       0.877
23800         0.326        0.888        485.714  7.0e-02        0.075     29.175        0.354       0.877
23900         0.324        0.889        487.755  7.0e-02        0.075     29.184        0.354       0.877
24000         0.326        0.887        489.796  7.0e-02        0.076     32.095        0.357       0.876
24100         0.324        0.888        491.837  7.0e-02        0.075     29.171        0.357       0.876
24200         0.325        0.887        493.878  7.0e-02        0.076     29.138        0.357       0.876
24300         0.326        0.888        495.918  7.0e-02        0.076     29.149        0.357       0.876
24400         0.326        0.888        497.959  7.0e-02        0.078     29.163        0.357       0.876
24500         0.326        0.888        500.000  6.9e-02        0.076     29.104        0.357       0.876
24600         0.325        0.888        502.041  6.9e-02        0.076     29.181        0.357       0.876
    t    train_loss    train_acc    train_epoch       lr    data_time    it_time    test_loss    test_acc
-----  ------------  -----------  -------------  -------  -----------  ---------  -----------  ----------
24700         0.325        0.888        504.082  6.9e-02        0.075     29.159        0.357       0.876
24800         0.324        0.889        506.122  6.9e-02        0.076     29.177        0.357       0.876
24900         0.325        0.888        508.163  6.9e-02        0.077     29.165        0.357       0.876
25000         0.324        0.889        510.204  6.9e-02        0.077     32.119        0.356       0.876
25100         0.327        0.888        512.245  6.9e-02        0.075     29.131        0.356       0.876
25200         0.323        0.889        514.286  6.9e-02        0.075     29.150        0.356       0.876
25300         0.325        0.888        516.327  6.8e-02        0.075     29.165        0.356       0.876
25400         0.326        0.887        518.367  6.8e-02        0.076     29.179        0.356       0.876
25500         0.325        0.888        520.408  6.8e-02        0.075     29.131        0.356       0.876
25600         0.325        0.888        522.449  6.8e-02        0.076     29.170        0.356       0.876
25700         0.324        0.890        524.490  6.8e-02        0.075     29.164        0.356       0.876
25800         0.328        0.886        526.531  6.8e-02        0.076     29.177        0.356       0.876
25900         0.322        0.889        528.571  6.8e-02        0.075     29.143        0.356       0.876
26000         0.328        0.886        530.612  6.8e-02        0.075     32.107        0.356       0.875
26100         0.326        0.888        532.653  6.7e-02        0.075     29.134        0.356       0.875
26200         0.324        0.889        534.694  6.7e-02        0.075     29.144        0.356       0.875
26300         0.327        0.888        536.735  6.7e-02        0.075     29.157        0.356       0.875
26400         0.322        0.889        538.776  6.7e-02        0.075     29.159        0.356       0.875
26500         0.325        0.888        540.816  6.7e-02        0.075     29.151        0.356       0.875
26600         0.325        0.889        542.857  6.7e-02        0.076     29.183        0.356       0.875
26700         0.324        0.889        544.898  6.7e-02        0.076     29.179        0.356       0.875
26800         0.325        0.888        546.939  6.7e-02        0.076     29.149        0.356       0.875
26900         0.323        0.889        548.980  6.6e-02        0.075     29.188        0.356       0.875
27000         0.325        0.888        551.020  6.6e-02        0.075     32.059        0.358       0.874
27100         0.326        0.887        553.061  6.6e-02        0.075     29.149        0.358       0.874
27200         0.325        0.887        555.102  6.6e-02        0.075     29.187        0.358       0.874
27300         0.326        0.888        557.143  6.6e-02        0.076     29.168        0.358       0.874
27400         0.322        0.889        559.184  6.6e-02        0.075     29.173        0.358       0.874
27500         0.325        0.888        561.224  6.6e-02        0.075     29.180        0.358       0.874
27600         0.326        0.888        563.265  6.6e-02        0.075     29.166        0.358       0.874
27700         0.325        0.888        565.306  6.5e-02        0.076     29.146        0.358       0.874
27800         0.326        0.888        567.347  6.5e-02        0.076     29.181        0.358       0.874
27900         0.326        0.888        569.388  6.5e-02        0.076     29.161        0.358       0.874
28000         0.325        0.888        571.429  6.5e-02        0.075     32.092        0.355       0.876
28100         0.323        0.889        573.469  6.5e-02        0.079     30.084        0.355       0.876
28200         0.326        0.888        575.510  6.5e-02        0.076     29.370        0.355       0.876
28300         0.324        0.888        577.551  6.5e-02        0.077     29.350        0.355       0.876
28400         0.324        0.888        579.592  6.5e-02        0.079     29.472        0.355       0.876
28500         0.326        0.887        581.633  6.4e-02        0.077     29.124        0.355       0.876
28600         0.322        0.890        583.673  6.4e-02        0.077     29.110        0.355       0.876
28700         0.324        0.888        585.714  6.4e-02        0.077     29.109        0.355       0.876
    t    train_loss    train_acc    train_epoch       lr    data_time    it_time    test_loss    test_acc
-----  ------------  -----------  -------------  -------  -----------  ---------  -----------  ----------
28800         0.325        0.888        587.755  6.4e-02        0.078     29.105        0.355       0.876
28900         0.326        0.888        589.796  6.4e-02        0.077     29.106        0.355       0.876
29000         0.324        0.890        591.837  6.4e-02        0.076     32.052        0.354       0.876
29100         0.324        0.889        593.878  6.4e-02        0.076     29.109        0.354       0.876
29200         0.326        0.888        595.918  6.4e-02        0.077     29.103        0.354       0.876
29300         0.325        0.888        597.959  6.3e-02        0.076     29.106        0.354       0.876
29400         0.326        0.888        600.000  6.3e-02        0.076     29.055        0.354       0.876
29500         0.326        0.888        602.041  6.3e-02        0.076     29.123        0.354       0.876
29600         0.325        0.888        604.082  6.3e-02        0.075     28.949        0.354       0.876
29700         0.325        0.888        606.122  6.3e-02        0.075     28.958        0.354       0.876
29800         0.324        0.889        608.163  6.3e-02        0.075     28.949        0.354       0.876
29900         0.325        0.888        610.204  6.3e-02        0.075     28.964        0.354       0.876
30000         0.323        0.889        612.245  6.3e-02        0.076     31.879        0.353       0.876
30100         0.326        0.887        614.286  6.2e-02        0.075     28.955        0.353       0.876
30200         0.325        0.888        616.327  6.2e-02        0.075     28.932        0.353       0.876
30300         0.325        0.889        618.367  6.2e-02        0.075     28.942        0.353       0.876
30400         0.325        0.889        620.408  6.2e-02        0.075     28.967        0.353       0.876
30500         0.322        0.890        622.449  6.2e-02        0.074     28.960        0.353       0.876
30600         0.326        0.887        624.490  6.2e-02        0.075     28.961        0.353       0.876
30700         0.322        0.890        626.531  6.2e-02        0.075     28.974        0.353       0.876
30800         0.326        0.888        628.571  6.2e-02        0.074     28.975        0.353       0.876
30900         0.324        0.888        630.612  6.1e-02        0.075     28.963        0.353       0.876
31000         0.323        0.888        632.653  6.1e-02        0.075     31.890        0.354       0.876
31100         0.326        0.888        634.694  6.1e-02        0.075     28.941        0.354       0.876
31200         0.324        0.888        636.735  6.1e-02        0.075     28.945        0.354       0.876
31300         0.325        0.888        638.776  6.1e-02        0.076     28.933        0.354       0.876
31400         0.323        0.890        640.816  6.1e-02        0.075     28.957        0.354       0.876
31500         0.326        0.887        642.857  6.1e-02        0.075     28.963        0.354       0.876
31600         0.323        0.888        644.898  6.1e-02        0.075     28.966        0.354       0.876
31700         0.325        0.888        646.939  6.0e-02        0.077     28.945        0.354       0.876
31800         0.324        0.888        648.980  6.0e-02        0.075     28.980        0.354       0.876
31900         0.325        0.888        651.020  6.0e-02        0.076     28.894        0.354       0.876
32000         0.324        0.888        653.061  6.0e-02        0.075     31.867        0.356       0.875
32100         0.324        0.889        655.102  6.0e-02        0.075     28.951        0.356       0.875
32200         0.325        0.888        657.143  6.0e-02        0.075     28.944        0.356       0.875
32300         0.323        0.889        659.184  6.0e-02        0.075     28.941        0.356       0.875
32400         0.325        0.888        661.224  6.0e-02        0.075     28.928        0.356       0.875
32500         0.324        0.889        663.265  5.9e-02        0.075     28.947        0.356       0.875
32600         0.327        0.887        665.306  5.9e-02        0.075     28.939        0.356       0.875
32700         0.325        0.889        667.347  5.9e-02        0.075     28.983        0.356       0.875
32800         0.323        0.889        669.388  5.9e-02        0.075     28.942        0.356       0.875
    t    train_loss    train_acc    train_epoch       lr    data_time    it_time    test_loss    test_acc
-----  ------------  -----------  -------------  -------  -----------  ---------  -----------  ----------
32900         0.323        0.889        671.429  5.9e-02        0.075     28.963        0.356       0.875
33000         0.323        0.889        673.469  5.9e-02        0.075     31.884        0.356       0.876
33100         0.324        0.889        675.510  5.9e-02        0.075     28.971        0.356       0.876
33200         0.324        0.888        677.551  5.9e-02        0.075     28.947        0.356       0.876
33300         0.324        0.888        679.592  5.8e-02        0.075     28.981        0.356       0.876
33400         0.325        0.889        681.633  5.8e-02        0.075     28.925        0.356       0.876
33500         0.326        0.888        683.673  5.8e-02        0.075     28.947        0.356       0.876
33600         0.325        0.888        685.714  5.8e-02        0.076     28.935        0.356       0.876
33700         0.324        0.889        687.755  5.8e-02        0.075     28.952        0.356       0.876
33800         0.323        0.890        689.796  5.8e-02        0.075     28.958        0.356       0.876
33900         0.324        0.888        691.837  5.8e-02        0.075     28.961        0.356       0.876
34000         0.325        0.888        693.878  5.8e-02        0.075     31.874        0.356       0.877
34100         0.324        0.889        695.918  5.7e-02        0.076     28.965        0.356       0.877
34200         0.324        0.889        697.959  5.7e-02        0.076     28.940        0.356       0.877
34300         0.325        0.888        700.000  5.7e-02        0.075     28.905        0.356       0.877
34400         0.324        0.889        702.041  5.7e-02        0.075     28.957        0.356       0.877
34500         0.324        0.890        704.082  5.7e-02        0.075     28.962        0.356       0.877
34600         0.325        0.888        706.122  5.7e-02        0.075     28.961        0.356       0.877
34700         0.325        0.888        708.163  5.7e-02        0.075     28.963        0.356       0.877
34800         0.324        0.889        710.204  5.7e-02        0.074     28.948        0.356       0.877
34900         0.325        0.888        712.245  5.6e-02        0.075     28.956        0.356       0.877
35000         0.325        0.888        714.286  5.6e-02        0.076     31.882        0.356       0.877
35100         0.324        0.888        716.327  5.6e-02        0.075     28.932        0.356       0.877
35200         0.326        0.887        718.367  5.6e-02        0.075     28.944        0.356       0.877
35300         0.322        0.890        720.408  5.6e-02        0.075     28.934        0.356       0.877
35400         0.325        0.888        722.449  5.6e-02        0.076     28.937        0.356       0.877
35500         0.322        0.889        724.490  5.6e-02        0.075     28.955        0.356       0.877
35600         0.326        0.888        726.531  5.6e-02        0.075     28.955        0.356       0.877
35700         0.322        0.890        728.571  5.5e-02        0.075     28.964        0.356       0.877
35800         0.327        0.888        730.612  5.5e-02        0.075     28.959        0.356       0.877
35900         0.323        0.889        732.653  5.5e-02        0.075     28.974        0.356       0.877
36000         0.325        0.889        734.694  5.5e-02        0.075     31.874        0.355       0.876
36100         0.326        0.888        736.735  5.5e-02        0.075     28.927        0.355       0.876
36200         0.322        0.889        738.776  5.5e-02        0.075     28.968        0.355       0.876
36300         0.327        0.887        740.816  5.5e-02        0.075     28.942        0.355       0.876
36400         0.324        0.889        742.857  5.5e-02        0.075     28.972        0.355       0.876
36500         0.324        0.889        744.898  5.4e-02        0.075     28.977        0.355       0.876
36600         0.324        0.890        746.939  5.4e-02        0.076     28.953        0.355       0.876
36700         0.324        0.889        748.980  5.4e-02        0.075     28.971        0.355       0.876
36800         0.324        0.888        751.020  5.4e-02        0.075     28.924        0.355       0.876
36900         0.323        0.889        753.061  5.4e-02        0.075     28.963        0.355       0.876
    t    train_loss    train_acc    train_epoch       lr    data_time    it_time    test_loss    test_acc
-----  ------------  -----------  -------------  -------  -----------  ---------  -----------  ----------
37000         0.324        0.889        755.102  5.4e-02        0.075     31.887        0.355       0.876
37100         0.326        0.888        757.143  5.4e-02        0.075     28.967        0.355       0.876
37200         0.324        0.889        759.184  5.4e-02        0.075     28.968        0.355       0.876
37300         0.324        0.888        761.224  5.3e-02        0.075     28.960        0.355       0.876
37400         0.322        0.889        763.265  5.3e-02        0.075     28.952        0.355       0.876
37500         0.326        0.888        765.306  5.3e-02        0.075     28.960        0.355       0.876
37600         0.324        0.889        767.347  5.3e-02        0.075     28.943        0.355       0.876
37700         0.324        0.888        769.388  5.3e-02        0.075     28.950        0.355       0.876
37800         0.325        0.889        771.429  5.3e-02        0.075     28.985        0.355       0.876
37900         0.323        0.888        773.469  5.3e-02        0.075     28.941        0.355       0.876
38000         0.323        0.889        775.510  5.3e-02        0.075     31.882        0.355       0.876
38100         0.323        0.890        777.551  5.2e-02        0.075     28.973        0.355       0.876
38200         0.325        0.889        779.592  5.2e-02        0.075     28.959        0.355       0.876
38300         0.324        0.889        781.633  5.2e-02        0.076     28.964        0.355       0.876
38400         0.323        0.888        783.673  5.2e-02        0.076     28.950        0.355       0.876
38500         0.324        0.889        785.714  5.2e-02        0.075     28.945        0.355       0.876
38600         0.322        0.890        787.755  5.2e-02        0.075     28.967        0.355       0.876
38700         0.325        0.888        789.796  5.2e-02        0.075     28.964        0.355       0.876
38800         0.324        0.889        791.837  5.2e-02        0.075     28.962        0.355       0.876
38900         0.324        0.889        793.878  5.1e-02        0.075     28.964        0.355       0.876
39000         0.324        0.889        795.918  5.1e-02        0.075     31.854        0.355       0.876
39100         0.324        0.889        797.959  5.1e-02        0.076     28.930        0.355       0.876
39200         0.323        0.888        800.000  5.1e-02        0.075     28.892        0.355       0.876
39300         0.324        0.889        802.041  5.1e-02        0.075     28.962        0.355       0.876
39400         0.323        0.888        804.082  5.1e-02        0.075     28.961        0.355       0.876
39500         0.326        0.888        806.122  5.1e-02        0.075     28.941        0.355       0.876
39600         0.324        0.889        808.163  5.1e-02        0.075     28.956        0.355       0.876
39700         0.325        0.888        810.204  5.0e-02        0.075     28.940        0.355       0.876
39800         0.322        0.889        812.245  5.0e-02        0.075     28.959        0.355       0.876
39900         0.324        0.888        814.286  5.0e-02        0.075     28.966        0.355       0.876
40000         0.324        0.889        816.327  5.0e-02        0.075     31.858        0.355       0.875
40100         0.323        0.889        818.367  5.0e-02        0.075     28.958        0.355       0.875
40200         0.324        0.888        820.408  5.0e-02        0.076     28.962        0.355       0.875
40300         0.323        0.889        822.449  5.0e-02        0.076     28.947        0.355       0.875
40400         0.324        0.889        824.490  5.0e-02        0.075     28.943        0.355       0.875
40500         0.325        0.888        826.531  4.9e-02        0.075     28.942        0.355       0.875
40600         0.325        0.888        828.571  4.9e-02        0.075     28.962        0.355       0.875
40700         0.324        0.888        830.612  4.9e-02        0.074     28.968        0.355       0.875
40800         0.324        0.888        832.653  4.9e-02        0.075     28.947        0.355       0.875
40900         0.325        0.888        834.694  4.9e-02        0.075     28.940        0.355       0.875
41000         0.323        0.888        836.735  4.9e-02        0.075     31.885        0.355       0.875
    t    train_loss    train_acc    train_epoch       lr    data_time    it_time    test_loss    test_acc
-----  ------------  -----------  -------------  -------  -----------  ---------  -----------  ----------
41100         0.325        0.888        838.776  4.9e-02        0.075     28.971        0.355       0.875
41200         0.323        0.889        840.816  4.9e-02        0.075     28.945        0.355       0.875
41300         0.326        0.888        842.857  4.8e-02        0.075     28.938        0.355       0.875
41400         0.324        0.890        844.898  4.8e-02        0.075     28.948        0.355       0.875
41500         0.323        0.889        846.939  4.8e-02        0.076     28.970        0.355       0.875
41600         0.324        0.888        848.980  4.8e-02        0.075     28.941        0.355       0.875
41700         0.325        0.887        851.020  4.8e-02        0.075     28.908        0.355       0.875
41800         0.324        0.889        853.061  4.8e-02        0.076     28.948        0.355       0.875
41900         0.324        0.889        855.102  4.8e-02        0.075     28.925        0.355       0.875
42000         0.325        0.887        857.143  4.8e-02        0.075     31.895        0.356       0.875
42100         0.324        0.889        859.184  4.7e-02        0.075     28.939        0.356       0.875
42200         0.324        0.888        861.224  4.7e-02        0.075     28.938        0.356       0.875
42300         0.323        0.889        863.265  4.7e-02        0.075     28.967        0.356       0.875
42400         0.325        0.888        865.306  4.7e-02        0.075     28.965        0.356       0.875
42500         0.324        0.889        867.347  4.7e-02        0.075     28.939        0.356       0.875
42600         0.323        0.890        869.388  4.7e-02        0.075     28.968        0.356       0.875
42700         0.323        0.888        871.429  4.7e-02        0.075     28.961        0.356       0.875
42800         0.324        0.889        873.469  4.7e-02        0.076     28.959        0.356       0.875
42900         0.326        0.887        875.510  4.6e-02        0.075     28.961        0.356       0.875
43000         0.325        0.887        877.551  4.6e-02        0.076     31.866        0.355       0.876
43100         0.322        0.890        879.592  4.6e-02        0.075     28.966        0.355       0.876
43200         0.323        0.889        881.633  4.6e-02        0.075     28.943        0.355       0.876
43300         0.324        0.889        883.673  4.6e-02        0.075     28.945        0.355       0.876
43400         0.323        0.889        885.714  4.6e-02        0.075     28.939        0.355       0.876
43500         0.325        0.888        887.755  4.6e-02        0.075     28.957        0.355       0.876
43600         0.322        0.889        889.796  4.6e-02        0.075     28.938        0.355       0.876
43700         0.324        0.888        891.837  4.5e-02        0.075     28.945        0.355       0.876
43800         0.325        0.890        893.878  4.5e-02        0.075     28.962        0.355       0.876
43900         0.323        0.889        895.918  4.5e-02        0.076     28.963        0.355       0.876
44000         0.322        0.888        897.959  4.5e-02        0.077     31.845        0.355       0.875
44100         0.323        0.889        900.000  4.5e-02        0.075     28.922        0.355       0.875
44200         0.324        0.888        902.041  4.5e-02        0.075     28.943        0.355       0.875
44300         0.323        0.889        904.082  4.5e-02        0.075     28.973        0.355       0.875
44400         0.324        0.888        906.122  4.5e-02        0.075     28.960        0.355       0.875
44500         0.324        0.888        908.163  4.4e-02        0.076     28.962        0.355       0.875
44600         0.322        0.889        910.204  4.4e-02        0.075     28.951        0.355       0.875
44700         0.324        0.888        912.245  4.4e-02        0.076     28.977        0.355       0.875
44800         0.323        0.889        914.286  4.4e-02        0.075     28.945        0.355       0.875
44900         0.324        0.889        916.327  4.4e-02        0.075     28.977        0.355       0.875
45000         0.324        0.889        918.367  4.4e-02        0.075     31.893        0.354       0.876
45100         0.323        0.889        920.408  4.4e-02        0.075     28.957        0.354       0.876
    t    train_loss    train_acc    train_epoch       lr    data_time    it_time    test_loss    test_acc
-----  ------------  -----------  -------------  -------  -----------  ---------  -----------  ----------
45200         0.325        0.888        922.449  4.4e-02        0.075     28.946        0.354       0.876
45300         0.323        0.888        924.490  4.3e-02        0.075     28.967        0.354       0.876
45400         0.322        0.889        926.531  4.3e-02        0.075     28.958        0.354       0.876
45500         0.324        0.889        928.571  4.3e-02        0.076     28.963        0.354       0.876
45600         0.326        0.888        930.612  4.3e-02        0.075     28.922        0.354       0.876
45700         0.323        0.889        932.653  4.3e-02        0.075     28.931        0.354       0.876
45800         0.322        0.888        934.694  4.3e-02        0.075     28.946        0.354       0.876
45900         0.327        0.887        936.735  4.3e-02        0.075     28.955        0.354       0.876
46000         0.324        0.888        938.776  4.3e-02        0.075     31.872        0.354       0.876
46100         0.321        0.889        940.816  4.2e-02        0.076     28.928        0.354       0.876
46200         0.324        0.890        942.857  4.2e-02        0.075     28.951        0.354       0.876
46300         0.326        0.888        944.898  4.2e-02        0.076     28.975        0.354       0.876
46400         0.322        0.889        946.939  4.2e-02        0.077     28.983        0.354       0.876
46500         0.323        0.889        948.980  4.2e-02        0.075     28.963        0.354       0.876
46600         0.324        0.889        951.020  4.2e-02        0.076     28.911        0.354       0.876
46700         0.322        0.889        953.061  4.2e-02        0.076     28.945        0.354       0.876
46800         0.323        0.889        955.102  4.2e-02        0.075     28.889        0.354       0.876
46900         0.323        0.889        957.143  4.1e-02        0.076     28.977        0.354       0.876
47000         0.325        0.888        959.184  4.1e-02        0.076     31.871        0.354       0.876
47100         0.322        0.889        961.224  4.1e-02        0.075     28.942        0.354       0.876
47200         0.323        0.889        963.265  4.1e-02        0.075     28.965        0.354       0.876
47300         0.324        0.889        965.306  4.1e-02        0.075     28.942        0.354       0.876
47400         0.323        0.889        967.347  4.1e-02        0.075     28.940        0.354       0.876
47500         0.324        0.889        969.388  4.1e-02        0.075     28.946        0.354       0.876
47600         0.324        0.889        971.429  4.1e-02        0.075     28.964        0.354       0.876
47700         0.325        0.888        973.469  4.0e-02        0.075     28.929        0.354       0.876
47800         0.324        0.888        975.510  4.0e-02        0.075     28.962        0.354       0.876
47900         0.323        0.890        977.551  4.0e-02        0.075     28.977        0.354       0.876
48000         0.323        0.889        979.592  4.0e-02        0.075     31.879        0.356       0.876
48100         0.325        0.888        981.633  4.0e-02        0.076     28.938        0.356       0.876
48200         0.322        0.891        983.673  4.0e-02        0.075     28.958        0.356       0.876
48300         0.325        0.888        985.714  4.0e-02        0.075     28.964        0.356       0.876
48400         0.323        0.889        987.755  4.0e-02        0.075     28.964        0.356       0.876
48500         0.323        0.889        989.796  3.9e-02        0.075     28.958        0.356       0.876
48600         0.324        0.888        991.837  3.9e-02        0.075     28.946        0.356       0.876
48700         0.325        0.889        993.878  3.9e-02        0.076     28.962        0.356       0.876
48800         0.324        0.888        995.918  3.9e-02        0.076     28.932        0.356       0.876
48900         0.324        0.890        997.959  3.9e-02        0.076     28.959        0.356       0.876
49000         0.323        0.889       1000.000  3.9e-02        0.075     31.815        0.355       0.875
49100         0.323        0.890       1002.041  3.9e-02        0.075     28.942        0.355       0.875
49200         0.324        0.888       1004.082  3.9e-02        0.075     28.952        0.355       0.875
    t    train_loss    train_acc    train_epoch       lr    data_time    it_time    test_loss    test_acc
-----  ------------  -----------  -------------  -------  -----------  ---------  -----------  ----------
49300         0.325        0.888       1006.122  3.8e-02        0.075     28.947        0.355       0.875
49400         0.322        0.889       1008.163  3.8e-02        0.075     28.973        0.355       0.875
49500         0.324        0.889       1010.204  3.8e-02        0.075     28.963        0.355       0.875
49600         0.324        0.888       1012.245  3.8e-02        0.075     28.922        0.355       0.875
49700         0.324        0.889       1014.286  3.8e-02        0.075     28.941        0.355       0.875
49800         0.323        0.889       1016.327  3.8e-02        0.076     28.968        0.355       0.875
49900         0.324        0.890       1018.367  3.8e-02        0.076     28.941        0.355       0.875
50000         0.324        0.889       1020.408  3.8e-02        0.075     31.906        0.354       0.876
50100         0.321        0.888       1022.449  3.7e-02        0.075     28.967        0.354       0.876
50200         0.324        0.888       1024.490  3.7e-02        0.075     28.949        0.354       0.876
50300         0.326        0.888       1026.531  3.7e-02        0.075     28.944        0.354       0.876
50400         0.324        0.889       1028.571  3.7e-02        0.076     28.963        0.354       0.876
50500         0.323        0.888       1030.612  3.7e-02        0.075     28.962        0.354       0.876
50600         0.324        0.889       1032.653  3.7e-02        0.075     28.943        0.354       0.876
50700         0.324        0.889       1034.694  3.7e-02        0.075     28.926        0.354       0.876
50800         0.324        0.888       1036.735  3.7e-02        0.075     28.932        0.354       0.876
50900         0.324        0.889       1038.776  3.6e-02        0.075     28.948        0.354       0.876
51000         0.324        0.889       1040.816  3.6e-02        0.076     31.854        0.355       0.875
51100         0.322        0.889       1042.857  3.6e-02        0.075     28.929        0.355       0.875
51200         0.324        0.888       1044.898  3.6e-02        0.075     28.941        0.355       0.875
51300         0.323        0.888       1046.939  3.6e-02        0.077     28.959        0.355       0.875
51400         0.323        0.888       1048.980  3.6e-02        0.075     28.940        0.355       0.875
51500         0.324        0.889       1051.020  3.6e-02        0.075     28.908        0.355       0.875
51600         0.324        0.889       1053.061  3.6e-02        0.075     28.924        0.355       0.875
51700         0.324        0.889       1055.102  3.5e-02        0.075     28.965        0.355       0.875
51800         0.322        0.890       1057.143  3.5e-02        0.076     28.947        0.355       0.875
51900         0.324        0.889       1059.184  3.5e-02        0.075     28.961        0.355       0.875
52000         0.322        0.890       1061.224  3.5e-02        0.075     31.851        0.355       0.875
52100         0.323        0.888       1063.265  3.5e-02        0.076     28.924        0.355       0.875
52200         0.323        0.888       1065.306  3.5e-02        0.075     28.968        0.355       0.875
52300         0.322        0.889       1067.347  3.5e-02        0.076     28.957        0.355       0.875
52400         0.324        0.888       1069.388  3.5e-02        0.076     28.962        0.355       0.875
52500         0.323        0.889       1071.429  3.4e-02        0.075     28.959        0.355       0.875
52600         0.323        0.890       1073.469  3.4e-02        0.075     28.965        0.355       0.875
52700         0.321        0.889       1075.510  3.4e-02        0.075     28.947        0.355       0.875
52800         0.324        0.888       1077.551  3.4e-02        0.075     28.959        0.355       0.875
52900         0.322        0.890       1079.592  3.4e-02        0.075     28.937        0.355       0.875
53000         0.323        0.889       1081.633  3.4e-02        0.075     31.871        0.355       0.876
53100         0.324        0.888       1083.673  3.4e-02        0.075     28.947        0.355       0.876
53200         0.324        0.888       1085.714  3.4e-02        0.075     28.945        0.355       0.876
53300         0.323        0.889       1087.755  3.3e-02        0.075     28.927        0.355       0.876
    t    train_loss    train_acc    train_epoch       lr    data_time    it_time    test_loss    test_acc
-----  ------------  -----------  -------------  -------  -----------  ---------  -----------  ----------
53400         0.323        0.889       1089.796  3.3e-02        0.075     28.975        0.355       0.876
53500         0.324        0.889       1091.837  3.3e-02        0.075     28.938        0.355       0.876
53600         0.323        0.889       1093.878  3.3e-02        0.075     28.974        0.355       0.876
53700         0.323        0.888       1095.918  3.3e-02        0.076     28.925        0.355       0.876
53800         0.324        0.888       1097.959  3.3e-02        0.076     28.968        0.355       0.876
53900         0.323        0.889       1100.000  3.3e-02        0.075     28.901        0.355       0.876
54000         0.323        0.889       1102.041  3.3e-02        0.077     31.899        0.354       0.876
54100         0.322        0.888       1104.082  3.2e-02        0.076     28.966        0.354       0.876
54200         0.323        0.889       1106.122  3.2e-02        0.075     28.970        0.354       0.876
54300         0.324        0.889       1108.163  3.2e-02        0.076     28.946        0.354       0.876
54400         0.321        0.890       1110.204  3.2e-02        0.076     28.955        0.354       0.876
54500         0.326        0.888       1112.245  3.2e-02        0.075     28.949        0.354       0.876
54600         0.323        0.888       1114.286  3.2e-02        0.075     28.973        0.354       0.876
54700         0.324        0.888       1116.327  3.2e-02        0.075     28.967        0.354       0.876
54800         0.324        0.889       1118.367  3.2e-02        0.075     28.942        0.354       0.876
54900         0.323        0.889       1120.408  3.1e-02        0.075     28.961        0.354       0.876
55000         0.324        0.889       1122.449  3.1e-02        0.076     31.898        0.354       0.876
55100         0.322        0.890       1124.490  3.1e-02        0.076     28.952        0.354       0.876
55200         0.324        0.888       1126.531  3.1e-02        0.075     28.967        0.354       0.876
55300         0.323        0.888       1128.571  3.1e-02        0.075     28.958        0.354       0.876
55400         0.323        0.888       1130.612  3.1e-02        0.077     28.959        0.354       0.876
55500         0.326        0.888       1132.653  3.1e-02        0.075     28.964        0.354       0.876
55600         0.322        0.890       1134.694  3.1e-02        0.076     28.964        0.354       0.876
55700         0.325        0.889       1136.735  3.0e-02        0.076     28.945        0.354       0.876
55800         0.321        0.890       1138.776  3.0e-02        0.076     28.960        0.354       0.876
55900         0.323        0.890       1140.816  3.0e-02        0.077     28.962        0.354       0.876
56000         0.324        0.889       1142.857  3.0e-02        0.075     31.871        0.355       0.876
56100         0.323        0.890       1144.898  3.0e-02        0.076     28.957        0.355       0.876
56200         0.323        0.889       1146.939  3.0e-02        0.077     28.962        0.355       0.876
56300         0.324        0.889       1148.980  3.0e-02        0.076     28.952        0.355       0.876
56400         0.324        0.890       1151.020  3.0e-02        0.076     28.927        0.355       0.876
56500         0.322        0.890       1153.061  2.9e-02        0.075     28.956        0.355       0.876
56600         0.324        0.888       1155.102  2.9e-02        0.075     28.963        0.355       0.876
56700         0.322        0.889       1157.143  2.9e-02        0.075     28.962        0.355       0.876
56800         0.323        0.890       1159.184  2.9e-02        0.075     28.922        0.355       0.876
56900         0.324        0.888       1161.224  2.9e-02        0.075     28.933        0.355       0.876
57000         0.324        0.887       1163.265  2.9e-02        0.076     31.852        0.354       0.876
57100         0.320        0.890       1165.306  2.9e-02        0.075     28.950        0.354       0.876
57200         0.325        0.888       1167.347  2.9e-02        0.075     28.921        0.354       0.876
57300         0.324        0.888       1169.388  2.8e-02        0.076     28.941        0.354       0.876
57400         0.322        0.889       1171.429  2.8e-02        0.075     28.968        0.354       0.876
    t    train_loss    train_acc    train_epoch       lr    data_time    it_time    test_loss    test_acc
-----  ------------  -----------  -------------  -------  -----------  ---------  -----------  ----------
57500         0.326        0.887       1173.469  2.8e-02        0.074     28.965        0.354       0.876
57600         0.321        0.890       1175.510  2.8e-02        0.076     28.945        0.354       0.876
57700         0.324        0.889       1177.551  2.8e-02        0.075     28.963        0.354       0.876
57800         0.324        0.889       1179.592  2.8e-02        0.075     28.961        0.354       0.876
57900         0.325        0.888       1181.633  2.8e-02        0.075     28.972        0.354       0.876
58000         0.318        0.891       1183.673  2.8e-02        0.076     31.871        0.355       0.877
58100         0.324        0.887       1185.714  2.7e-02        0.075     28.937        0.355       0.877
58200         0.323        0.889       1187.755  2.7e-02        0.075     28.948        0.355       0.877
58300         0.323        0.889       1189.796  2.7e-02        0.075     28.947        0.355       0.877
58400         0.324        0.889       1191.837  2.7e-02        0.075     28.963        0.355       0.877
58500         0.324        0.888       1193.878  2.7e-02        0.075     28.962        0.355       0.877
58600         0.323        0.890       1195.918  2.7e-02        0.076     28.980        0.355       0.877
58700         0.322        0.889       1197.959  2.7e-02        0.077     28.974        0.355       0.877
58800         0.323        0.889       1200.000  2.7e-02        0.076     28.926        0.355       0.877
58900         0.325        0.887       1202.041  2.6e-02        0.076     28.974        0.355       0.877
59000         0.323        0.889       1204.082  2.6e-02        0.075     31.878        0.355       0.876
59100         0.324        0.888       1206.122  2.6e-02        0.075     28.950        0.355       0.876
59200         0.323        0.889       1208.163  2.6e-02        0.076     28.965        0.355       0.876
59300         0.323        0.889       1210.204  2.6e-02        0.075     28.959        0.355       0.876
59400         0.322        0.890       1212.245  2.6e-02        0.076     28.946        0.355       0.876
59500         0.324        0.889       1214.286  2.6e-02        0.075     28.964        0.355       0.876
59600         0.324        0.888       1216.327  2.6e-02        0.075     28.958        0.355       0.876
59700         0.322        0.890       1218.367  2.5e-02        0.076     28.968        0.355       0.876
59800         0.323        0.889       1220.408  2.5e-02        0.076     28.949        0.355       0.876
59900         0.324        0.889       1222.449  2.5e-02        0.075     28.954        0.355       0.876
60000         0.323        0.890       1224.490  2.5e-02        0.075     31.872        0.355       0.877
60100         0.324        0.888       1226.531  2.5e-02        0.075     28.935        0.355       0.877
60200         0.323        0.889       1228.571  2.5e-02        0.075     28.954        0.355       0.877
60300         0.324        0.888       1230.612  2.5e-02        0.076     28.961        0.355       0.877
60400         0.325        0.889       1232.653  2.5e-02        0.076     28.950        0.355       0.877
60500         0.323        0.889       1234.694  2.4e-02        0.075     28.935        0.355       0.877
60600         0.323        0.889       1236.735  2.4e-02        0.075     28.967        0.355       0.877
60700         0.323        0.890       1238.776  2.4e-02        0.075     28.935        0.355       0.877
60800         0.324        0.889       1240.816  2.4e-02        0.076     28.947        0.355       0.877
60900         0.324        0.888       1242.857  2.4e-02        0.075     28.966        0.355       0.877
61000         0.323        0.890       1244.898  2.4e-02        0.076     31.878        0.354       0.876
61100         0.321        0.890       1246.939  2.4e-02        0.079     28.932        0.354       0.876
61200         0.324        0.889       1248.980  2.4e-02        0.077     28.935        0.354       0.876
61300         0.323        0.889       1251.020  2.3e-02        0.076     28.891        0.354       0.876
61400         0.322        0.889       1253.061  2.3e-02        0.076     28.958        0.354       0.876
61500         0.324        0.888       1255.102  2.3e-02        0.076     28.945        0.354       0.876
    t    train_loss    train_acc    train_epoch       lr    data_time    it_time    test_loss    test_acc
-----  ------------  -----------  -------------  -------  -----------  ---------  -----------  ----------
61600         0.322        0.889       1257.143  2.3e-02        0.076     28.966        0.354       0.876
61700         0.324        0.888       1259.184  2.3e-02        0.077     28.942        0.354       0.876
61800         0.321        0.890       1261.224  2.3e-02        0.076     28.957        0.354       0.876
61900         0.322        0.889       1263.265  2.3e-02        0.076     28.948        0.354       0.876
62000         0.324        0.889       1265.306  2.3e-02        0.077     31.853        0.355       0.876
62100         0.324        0.889       1267.347  2.2e-02        0.075     28.960        0.355       0.876
62200         0.324        0.889       1269.388  2.2e-02        0.075     28.957        0.355       0.876
62300         0.323        0.888       1271.429  2.2e-02        0.076     28.952        0.355       0.876
62400         0.324        0.888       1273.469  2.2e-02        0.075     28.919        0.355       0.876
62500         0.323        0.889       1275.510  2.2e-02        0.077     28.944        0.355       0.876
62600         0.322        0.890       1277.551  2.2e-02        0.075     28.963        0.355       0.876
62700         0.324        0.889       1279.592  2.2e-02        0.075     28.939        0.355       0.876
62800         0.323        0.889       1281.633  2.2e-02        0.076     28.972        0.355       0.876
62900         0.323        0.889       1283.673  2.1e-02        0.075     28.976        0.355       0.876
63000         0.322        0.889       1285.714  2.1e-02        0.075     31.851        0.354       0.875
63100         0.321        0.889       1287.755  2.1e-02        0.075     28.950        0.354       0.875
63200         0.322        0.889       1289.796  2.1e-02        0.076     28.938        0.354       0.875
63300         0.323        0.889       1291.837  2.1e-02        0.075     28.963        0.354       0.875
63400         0.324        0.888       1293.878  2.1e-02        0.075     28.976        0.354       0.875
63500         0.323        0.889       1295.918  2.1e-02        0.075     28.971        0.354       0.875
63600         0.323        0.889       1297.959  2.1e-02        0.078     28.963        0.354       0.875
63700         0.324        0.888       1300.000  2.0e-02        0.075     28.911        0.354       0.875
63800         0.323        0.889       1302.041  2.0e-02        0.075     28.971        0.354       0.875
63900         0.323        0.889       1304.082  2.0e-02        0.075     28.949        0.354       0.875
64000         0.322        0.890       1306.122  2.0e-02        0.076     31.863        0.355       0.877
64100         0.324        0.889       1308.163  2.0e-02        0.075     28.934        0.355       0.877
64200         0.324        0.889       1310.204  2.0e-02        0.075     28.954        0.355       0.877
64300         0.324        0.889       1312.245  2.0e-02        0.077     28.969        0.355       0.877
64400         0.320        0.890       1314.286  2.0e-02        0.075     28.947        0.355       0.877
64500         0.324        0.888       1316.327  1.9e-02        0.076     28.939        0.355       0.877
64600         0.323        0.889       1318.367  1.9e-02        0.075     28.958        0.355       0.877
64700         0.323        0.889       1320.408  1.9e-02        0.075     28.944        0.355       0.877
64800         0.323        0.889       1322.449  1.9e-02        0.075     28.961        0.355       0.877
64900         0.322        0.890       1324.490  1.9e-02        0.075     28.928        0.355       0.877
65000         0.324        0.888       1326.531  1.9e-02        0.076     31.885        0.354       0.877
65100         0.323        0.890       1328.571  1.9e-02        0.076     28.942        0.354       0.877
65200         0.324        0.888       1330.612  1.9e-02        0.075     28.954        0.354       0.877
65300         0.325        0.888       1332.653  1.8e-02        0.075     28.957        0.354       0.877
65400         0.323        0.889       1334.694  1.8e-02        0.076     28.968        0.354       0.877
65500         0.323        0.890       1336.735  1.8e-02        0.076     28.946        0.354       0.877
65600         0.323        0.888       1338.776  1.8e-02        0.075     28.961        0.354       0.877
    t    train_loss    train_acc    train_epoch       lr    data_time    it_time    test_loss    test_acc
-----  ------------  -----------  -------------  -------  -----------  ---------  -----------  ----------
65700         0.322        0.889       1340.816  1.8e-02        0.075     28.962        0.354       0.877
65800         0.324        0.888       1342.857  1.8e-02        0.076     28.958        0.354       0.877
65900         0.324        0.888       1344.898  1.8e-02        0.075     28.944        0.354       0.877
66000         0.323        0.890       1346.939  1.8e-02        0.077     31.894        0.354       0.875
66100         0.323        0.888       1348.980  1.7e-02        0.075     28.953        0.354       0.875
66200         0.323        0.889       1351.020  1.7e-02        0.075     28.900        0.354       0.875
66300         0.323        0.889       1353.061  1.7e-02        0.075     28.955        0.354       0.875
66400         0.322        0.889       1355.102  1.7e-02        0.075     28.960        0.354       0.875
66500         0.323        0.889       1357.143  1.7e-02        0.075     28.961        0.354       0.875
66600         0.324        0.888       1359.184  1.7e-02        0.075     28.944        0.354       0.875
66700         0.321        0.890       1361.224  1.7e-02        0.076     28.960        0.354       0.875
66800         0.325        0.888       1363.265  1.7e-02        0.076     28.979        0.354       0.875
66900         0.324        0.889       1365.306  1.6e-02        0.075     28.943        0.354       0.875
67000         0.322        0.889       1367.347  1.6e-02        0.076     31.890        0.354       0.876
67100         0.323        0.888       1369.388  1.6e-02        0.075     28.975        0.354       0.876
67200         0.323        0.889       1371.429  1.6e-02        0.075     28.960        0.354       0.876
67300         0.324        0.888       1373.469  1.6e-02        0.075     28.948        0.354       0.876
67400         0.325        0.889       1375.510  1.6e-02        0.076     28.962        0.354       0.876
67500         0.323        0.889       1377.551  1.6e-02        0.076     28.929        0.354       0.876
67600         0.322        0.889       1379.592  1.6e-02        0.075     28.972        0.354       0.876
67700         0.323        0.889       1381.633  1.5e-02        0.075     28.930        0.354       0.876
67800         0.321        0.890       1383.673  1.5e-02        0.076     28.977        0.354       0.876
67900         0.324        0.888       1385.714  1.5e-02        0.075     28.936        0.354       0.876
68000         0.323        0.889       1387.755  1.5e-02        0.076     31.881        0.354       0.876
68100         0.323        0.889       1389.796  1.5e-02        0.075     28.976        0.354       0.876
68200         0.323        0.890       1391.837  1.5e-02        0.076     28.945        0.354       0.876
68300         0.323        0.889       1393.878  1.5e-02        0.076     28.970        0.354       0.876
68400         0.324        0.889       1395.918  1.5e-02        0.076     28.968        0.354       0.876
68500         0.323        0.890       1397.959  1.4e-02        0.077     28.974        0.354       0.876
68600         0.324        0.888       1400.000  1.4e-02        0.076     28.934        0.354       0.876
68700         0.322        0.889       1402.041  1.4e-02        0.076     28.927        0.354       0.876
68800         0.323        0.889       1404.082  1.4e-02        0.075     28.941        0.354       0.876
68900         0.324        0.888       1406.122  1.4e-02        0.076     28.955        0.354       0.876
69000         0.323        0.889       1408.163  1.4e-02        0.075     31.853        0.354       0.876
69100         0.324        0.888       1410.204  1.4e-02        0.076     28.961        0.354       0.876
69200         0.323        0.889       1412.245  1.4e-02        0.076     28.965        0.354       0.876
69300         0.323        0.890       1414.286  1.3e-02        0.075     28.953        0.354       0.876
69400         0.322        0.890       1416.327  1.3e-02        0.076     28.967        0.354       0.876
69500         0.323        0.888       1418.367  1.3e-02        0.076     28.972        0.354       0.876
69600         0.322        0.889       1420.408  1.3e-02        0.075     28.964        0.354       0.876
69700         0.324        0.889       1422.449  1.3e-02        0.075     28.944        0.354       0.876
    t    train_loss    train_acc    train_epoch       lr    data_time    it_time    test_loss    test_acc
-----  ------------  -----------  -------------  -------  -----------  ---------  -----------  ----------
69800         0.324        0.889       1424.490  1.3e-02        0.076     28.941        0.354       0.876
69900         0.324        0.889       1426.531  1.3e-02        0.076     28.941        0.354       0.876
70000         0.324        0.889       1428.571  1.3e-02        0.075     31.869        0.354       0.877
70100         0.323        0.889       1430.612  1.2e-02        0.076     28.942        0.354       0.877
70200         0.321        0.889       1432.653  1.2e-02        0.076     28.966        0.354       0.877
70300         0.324        0.889       1434.694  1.2e-02        0.075     28.966        0.354       0.877
70400         0.324        0.890       1436.735  1.2e-02        0.075     28.942        0.354       0.877
70500         0.322        0.889       1438.776  1.2e-02        0.075     28.941        0.354       0.877
70600         0.321        0.890       1440.816  1.2e-02        0.076     28.941        0.354       0.877
70700         0.324        0.889       1442.857  1.2e-02        0.076     28.943        0.354       0.877
70800         0.323        0.889       1444.898  1.2e-02        0.075     28.943        0.354       0.877
70900         0.322        0.890       1446.939  1.1e-02        0.077     28.969        0.354       0.877
71000         0.322        0.889       1448.980  1.1e-02        0.076     31.855        0.354       0.876
71100         0.322        0.890       1451.020  1.1e-02        0.076     28.907        0.354       0.876
71200         0.322        0.890       1453.061  1.1e-02        0.075     28.938        0.354       0.876
71300         0.324        0.888       1455.102  1.1e-02        0.076     28.958        0.354       0.876
71400         0.322        0.890       1457.143  1.1e-02        0.075     28.966        0.354       0.876
71500         0.323        0.889       1459.184  1.1e-02        0.076     28.947        0.354       0.876
71600         0.322        0.890       1461.224  1.1e-02        0.075     28.960        0.354       0.876
71700         0.325        0.888       1463.265  1.0e-02        0.075     28.976        0.354       0.876
71800         0.322        0.889       1465.306  1.0e-02        0.075     28.944        0.354       0.876
71900         0.323        0.889       1467.347  1.0e-02        0.075     28.945        0.354       0.876
72000         0.325        0.888       1469.388  1.0e-02        0.076     31.867        0.353       0.877
72100         0.323        0.889       1471.429  9.9e-03        0.076     28.979        0.353       0.877
72200         0.323        0.889       1473.469  9.8e-03        0.075     28.940        0.353       0.877
72300         0.322        0.890       1475.510  9.6e-03        0.075     28.964        0.353       0.877
72400         0.321        0.889       1477.551  9.5e-03        0.077     28.957        0.353       0.877
72500         0.324        0.889       1479.592  9.4e-03        0.075     28.960        0.353       0.877
72600         0.320        0.890       1481.633  9.3e-03        0.077     28.952        0.353       0.877
72700         0.326        0.888       1483.673  9.1e-03        0.075     28.943        0.353       0.877
72800         0.320        0.891       1485.714  9.0e-03        0.076     28.940        0.353       0.877
72900         0.323        0.889       1487.755  8.9e-03        0.077     28.951        0.353       0.877
73000         0.323        0.889       1489.796  8.8e-03        0.076     31.890        0.354       0.876
73100         0.323        0.889       1491.837  8.6e-03        0.075     28.973        0.354       0.876
73200         0.323        0.890       1493.878  8.5e-03        0.076     28.981        0.354       0.876
73300         0.323        0.889       1495.918  8.4e-03        0.076     28.981        0.354       0.876
73400         0.323        0.889       1497.959  8.3e-03        0.076     28.959        0.354       0.876
73500         0.324        0.889       1500.000  8.1e-03        0.075     28.932        0.354       0.876
73600         0.323        0.889       1502.041  8.0e-03        0.075     28.943        0.354       0.876
73700         0.323        0.889       1504.082  7.9e-03        0.075     28.978        0.354       0.876
73800         0.320        0.890       1506.122  7.8e-03        0.075     28.977        0.354       0.876
    t    train_loss    train_acc    train_epoch       lr    data_time    it_time    test_loss    test_acc
-----  ------------  -----------  -------------  -------  -----------  ---------  -----------  ----------
73900         0.323        0.889       1508.163  7.6e-03        0.075     28.942        0.354       0.876
74000         0.325        0.888       1510.204  7.5e-03        0.075     31.879        0.354       0.876
74100         0.321        0.890       1512.245  7.4e-03        0.076     28.986        0.354       0.876
74200         0.323        0.889       1514.286  7.3e-03        0.076     28.941        0.354       0.876
74300         0.323        0.889       1516.327  7.1e-03        0.076     28.946        0.354       0.876
74400         0.323        0.888       1518.367  7.0e-03        0.075     28.966        0.354       0.876
74500         0.324        0.888       1520.408  6.9e-03        0.075     28.977        0.354       0.876
74600         0.323        0.889       1522.449  6.8e-03        0.076     28.955        0.354       0.876
74700         0.321        0.890       1524.490  6.6e-03        0.076     28.968        0.354       0.876
74800         0.324        0.889       1526.531  6.5e-03        0.076     28.931        0.354       0.876
74900         0.322        0.888       1528.571  6.4e-03        0.075     28.934        0.354       0.876
75000         0.325        0.888       1530.612  6.3e-03        0.076     31.870        0.354       0.876
75100         0.322        0.890       1532.653  6.1e-03        0.076     28.953        0.354       0.876
75200         0.323        0.889       1534.694  6.0e-03        0.075     28.955        0.354       0.876
75300         0.321        0.889       1536.735  5.9e-03        0.076     28.956        0.354       0.876
75400         0.322        0.889       1538.776  5.8e-03        0.075     28.964        0.354       0.876
75500         0.323        0.890       1540.816  5.6e-03        0.076     28.965        0.354       0.876
75600         0.323        0.889       1542.857  5.5e-03        0.076     28.956        0.354       0.876
75700         0.324        0.888       1544.898  5.4e-03        0.076     28.983        0.354       0.876
75800         0.322        0.890       1546.939  5.3e-03        0.077     28.963        0.354       0.876
75900         0.324        0.889       1548.980  5.1e-03        0.076     28.958        0.354       0.876
76000         0.322        0.889       1551.020  5.0e-03        0.075     31.805        0.354       0.876
76100         0.322        0.889       1553.061  4.9e-03        0.076     28.963        0.354       0.876
76200         0.324        0.889       1555.102  4.8e-03        0.076     28.954        0.354       0.876
76300         0.322        0.889       1557.143  4.6e-03        0.075     28.942        0.354       0.876
76400         0.321        0.890       1559.184  4.5e-03        0.076     28.967        0.354       0.876
76500         0.324        0.888       1561.224  4.4e-03        0.076     28.978        0.354       0.876
76600         0.321        0.890       1563.265  4.3e-03        0.076     28.954        0.354       0.876
76700         0.323        0.890       1565.306  4.1e-03        0.075     28.966        0.354       0.876
76800         0.323        0.888       1567.347  4.0e-03        0.075     28.951        0.354       0.876
76900         0.323        0.889       1569.388  3.9e-03        0.076     28.955        0.354       0.876
77000         0.322        0.889       1571.429  3.8e-03        0.076     31.881        0.354       0.876
77100         0.324        0.888       1573.469  3.6e-03        0.075     28.961        0.354       0.876
77200         0.322        0.890       1575.510  3.5e-03        0.076     28.966        0.354       0.876
77300         0.323        0.889       1577.551  3.4e-03        0.075     28.933        0.354       0.876
77400         0.323        0.889       1579.592  3.3e-03        0.077     28.954        0.354       0.876
77500         0.319        0.890       1581.633  3.1e-03        0.076     28.941        0.354       0.876
77600         0.323        0.889       1583.673  3.0e-03        0.076     28.963        0.354       0.876
77700         0.323        0.890       1585.714  2.9e-03        0.076     28.952        0.354       0.876
77800         0.324        0.888       1587.755  2.8e-03        0.076     28.953        0.354       0.876
77900         0.322        0.889       1589.796  2.6e-03        0.075     28.961        0.354       0.876
    t    train_loss    train_acc    train_epoch       lr    data_time    it_time    test_loss    test_acc
-----  ------------  -----------  -------------  -------  -----------  ---------  -----------  ----------
78000         0.321        0.890       1591.837  2.5e-03        0.075     31.870        0.354       0.876
78100         0.325        0.887       1593.878  2.4e-03        0.076     28.954        0.354       0.876
78200         0.322        0.890       1595.918  2.3e-03        0.076     28.956        0.354       0.876
78300         0.322        0.889       1597.959  2.1e-03        0.077     28.971        0.354       0.876
78400         0.324        0.889       1600.000  2.0e-03        0.075     28.878        0.354       0.876
78500         0.323        0.889       1602.041  1.9e-03        0.076     28.959        0.354       0.876
78600         0.323        0.889       1604.082  1.8e-03        0.075     28.960        0.354       0.876
78700         0.322        0.890       1606.122  1.6e-03        0.075     28.958        0.354       0.876
78800         0.323        0.889       1608.163  1.5e-03        0.075     28.942        0.354       0.876
78900         0.323        0.888       1610.204  1.4e-03        0.075     28.951        0.354       0.876
79000         0.323        0.890       1612.245  1.3e-03        0.075     31.849        0.354       0.876
79100         0.322        0.889       1614.286  1.1e-03        0.076     28.960        0.354       0.876
79200         0.322        0.889       1616.327  1.0e-03        0.076     28.958        0.354       0.876
79300         0.323        0.889       1618.367  8.8e-04        0.076     28.966        0.354       0.876
79400         0.322        0.891       1620.408  7.5e-04        0.076     28.942        0.354       0.876
79500         0.323        0.890       1622.449  6.3e-04        0.077     28.949        0.354       0.876
79600         0.322        0.889       1624.490  5.0e-04        0.076     28.970        0.354       0.876
79700         0.323        0.890       1626.531  3.8e-04        0.077     28.952        0.354       0.876
79800         0.324        0.888       1628.571  2.5e-04        0.076     28.956        0.354       0.876
79900         0.320        0.890       1630.612  1.3e-04        0.076     28.934        0.354       0.876
80000         0.321        0.890       1632.653  1.2e-06        0.075     31.887        0.354       0.876
