  t    train_loss    train_acc    train_epoch       lr    data_time    it_time
---  ------------  -----------  -------------  -------  -----------  ---------
100         0.863        0.733          2.041  1.0e-01        0.307     34.888
200         0.589        0.801          4.082  1.0e-01        0.077     31.106
300         0.543        0.816          6.122  1.0e-01        0.077     30.945
400         0.517        0.825          8.163  1.0e-01        0.076     30.901
500         0.498        0.830         10.204  9.9e-02        0.076     30.912
600         0.483        0.835         12.245  9.9e-02        0.076     30.902
700         0.475        0.839         14.286  9.9e-02        0.077     30.909
800         0.465        0.842         16.327  9.9e-02        0.076     30.922
900         0.458        0.844         18.367  9.9e-02        0.076     30.915
1000         0.454        0.844         20.408  9.9e-02        0.078     35.434        0.440       0.846
1100         0.447        0.847         22.449  9.9e-02        0.076     30.908        0.440       0.846
1200         0.443        0.849         24.490  9.9e-02        0.076     30.971        0.440       0.846
1300         0.438        0.850         26.531  9.8e-02        0.077     30.966        0.440       0.846
1400         0.432        0.852         28.571  9.8e-02        0.076     30.918        0.440       0.846
1500         0.430        0.852         30.612  9.8e-02        0.076     31.060        0.440       0.846
1600         0.427        0.854         32.653  9.8e-02        0.076     30.920        0.440       0.846
1700         0.424        0.855         34.694  9.8e-02        0.076     30.905        0.440       0.846
1800         0.424        0.855         36.735  9.8e-02        0.076     30.907        0.440       0.846
1900         0.418        0.856         38.776  9.8e-02        0.076     30.909        0.440       0.846
2000         0.415        0.857         40.816  9.8e-02        0.076     34.038        0.413       0.857
2100         0.415        0.857         42.857  9.7e-02        0.076     30.911        0.413       0.857
2200         0.411        0.858         44.898  9.7e-02        0.077     30.916        0.413       0.857
2300         0.411        0.858         46.939  9.7e-02        0.077     30.907        0.413       0.857
2400         0.407        0.860         48.980  9.7e-02        0.076     30.916        0.413       0.857
2500         0.409        0.860         51.020  9.7e-02        0.076     30.856        0.413       0.857
2600         0.404        0.861         53.061  9.7e-02        0.076     30.910        0.413       0.857
2700         0.405        0.861         55.102  9.7e-02        0.076     30.905        0.413       0.857
2800         0.402        0.862         57.143  9.7e-02        0.076     30.909        0.413       0.857
2900         0.399        0.863         59.184  9.6e-02        0.076     30.913        0.413       0.857
3000         0.401        0.863         61.224  9.6e-02        0.076     34.052        0.402       0.859
3100         0.399        0.863         63.265  9.6e-02        0.077     30.909        0.402       0.859
3200         0.396        0.864         65.306  9.6e-02        0.076     30.907        0.402       0.859
3300         0.396        0.863         67.347  9.6e-02        0.077     31.014        0.402       0.859
3400         0.396        0.864         69.388  9.6e-02        0.076     30.777        0.402       0.859
3500         0.393        0.865         71.429  9.6e-02        0.075     30.757        0.402       0.859
3600         0.390        0.866         73.469  9.6e-02        0.075     30.754        0.402       0.859
3700         0.393        0.865         75.510  9.5e-02        0.075     30.758        0.402       0.859
3800         0.389        0.866         77.551  9.5e-02        0.075     30.761        0.402       0.859
3900         0.392        0.864         79.592  9.5e-02        0.075     30.760        0.402       0.859
4000         0.388        0.867         81.633  9.5e-02        0.075     33.878        0.391       0.864
4100         0.387        0.867         83.673  9.5e-02        0.076     30.758        0.391       0.864
   t    train_loss    train_acc    train_epoch       lr    data_time    it_time    test_loss    test_acc
----  ------------  -----------  -------------  -------  -----------  ---------  -----------  ----------
4200         0.388        0.866         85.714  9.5e-02        0.075     30.759        0.391       0.864
4300         0.386        0.868         87.755  9.5e-02        0.075     30.760        0.391       0.864
4400         0.386        0.867         89.796  9.5e-02        0.075     30.755        0.391       0.864
4500         0.384        0.869         91.837  9.4e-02        0.075     30.758        0.391       0.864
4600         0.385        0.868         93.878  9.4e-02        0.076     30.760        0.391       0.864
4700         0.384        0.867         95.918  9.4e-02        0.076     30.757        0.391       0.864
4800         0.383        0.869         97.959  9.4e-02        0.077     30.761        0.391       0.864
4900         0.382        0.868        100.000  9.4e-02        0.076     30.696        0.391       0.864
5000         0.382        0.869        102.041  9.4e-02        0.075     33.879        0.387       0.867
5100         0.380        0.869        104.082  9.4e-02        0.076     30.752        0.387       0.867
5200         0.380        0.869        106.122  9.4e-02        0.076     30.750        0.387       0.867
5300         0.382        0.869        108.163  9.3e-02        0.076     30.754        0.387       0.867
5400         0.379        0.869        110.204  9.3e-02        0.075     30.751        0.387       0.867
5500         0.382        0.869        112.245  9.3e-02        0.075     30.751        0.387       0.867
5600         0.376        0.871        114.286  9.3e-02        0.077     30.754        0.387       0.867
5700         0.377        0.871        116.327  9.3e-02        0.075     30.750        0.387       0.867
5800         0.380        0.869        118.367  9.3e-02        0.076     30.750        0.387       0.867
5900         0.377        0.870        120.408  9.3e-02        0.076     30.751        0.387       0.867
6000         0.377        0.871        122.449  9.3e-02        0.076     33.865        0.384       0.867
6100         0.376        0.871        124.490  9.2e-02        0.076     30.754        0.384       0.867
6200         0.376        0.871        126.531  9.2e-02        0.075     30.755        0.384       0.867
6300         0.374        0.871        128.571  9.2e-02        0.075     30.754        0.384       0.867
6400         0.377        0.870        130.612  9.2e-02        0.076     30.757        0.384       0.867
6500         0.374        0.872        132.653  9.2e-02        0.076     30.758        0.384       0.867
6600         0.373        0.872        134.694  9.2e-02        0.076     30.757        0.384       0.867
6700         0.376        0.870        136.735  9.2e-02        0.075     30.759        0.384       0.867
6800         0.374        0.871        138.776  9.2e-02        0.076     30.756        0.384       0.867
6900         0.375        0.872        140.816  9.1e-02        0.075     30.758        0.384       0.867
7000         0.373        0.871        142.857  9.1e-02        0.076     33.876        0.380       0.869
7100         0.374        0.871        144.898  9.1e-02        0.076     30.754        0.380       0.869
7200         0.372        0.873        146.939  9.1e-02        0.077     30.757        0.380       0.869
7300         0.373        0.872        148.980  9.1e-02        0.076     30.761        0.380       0.869
7400         0.371        0.872        151.020  9.1e-02        0.076     30.702        0.380       0.869
7500         0.372        0.874        153.061  9.1e-02        0.075     30.759        0.380       0.869
7600         0.371        0.873        155.102  9.1e-02        0.075     30.753        0.380       0.869
7700         0.371        0.873        157.143  9.0e-02        0.076     30.754        0.380       0.869
7800         0.371        0.873        159.184  9.0e-02        0.076     30.757        0.380       0.869
7900         0.370        0.873        161.224  9.0e-02        0.076     30.753        0.380       0.869
8000         0.370        0.873        163.265  9.0e-02        0.076     33.875        0.379       0.868
8100         0.369        0.872        165.306  9.0e-02        0.076     30.754        0.379       0.868
8200         0.368        0.875        167.347  9.0e-02        0.075     30.755        0.379       0.868
   t    train_loss    train_acc    train_epoch       lr    data_time    it_time    test_loss    test_acc
----  ------------  -----------  -------------  -------  -----------  ---------  -----------  ----------
8300         0.368        0.873        169.388  9.0e-02        0.075     30.749        0.379       0.868
8400         0.369        0.874        171.429  9.0e-02        0.076     30.752        0.379       0.868
8500         0.368        0.874        173.469  8.9e-02        0.076     30.750        0.379       0.868
8600         0.367        0.874        175.510  8.9e-02        0.075     30.753        0.379       0.868
8700         0.370        0.873        177.551  8.9e-02        0.076     30.751        0.379       0.868
8800         0.370        0.873        179.592  8.9e-02        0.076     30.753        0.379       0.868
8900         0.368        0.873        181.633  8.9e-02        0.076     30.751        0.379       0.868
9000         0.368        0.873        183.673  8.9e-02        0.075     33.881        0.378       0.868
9100         0.368        0.874        185.714  8.9e-02        0.077     30.759        0.378       0.868
9200         0.366        0.875        187.755  8.9e-02        0.076     30.755        0.378       0.868
9300         0.366        0.874        189.796  8.8e-02        0.076     30.752        0.378       0.868
9400         0.367        0.873        191.837  8.8e-02        0.077     30.759        0.378       0.868
9500         0.369        0.873        193.878  8.8e-02        0.076     30.761        0.378       0.868
9600         0.364        0.875        195.918  8.8e-02        0.077     30.758        0.378       0.868
9700         0.368        0.874        197.959  8.8e-02        0.076     30.757        0.378       0.868
9800         0.367        0.873        200.000  8.8e-02        0.076     30.705        0.378       0.868
9900         0.366        0.875        202.041  8.8e-02        0.076     30.759        0.378       0.868
10000         0.365        0.875        204.082  8.8e-02        0.076     33.880        0.378       0.868
10100         0.368        0.874        206.122  8.7e-02        0.075     30.754        0.378       0.868
10200         0.366        0.874        208.163  8.7e-02        0.076     30.761        0.378       0.868
10300         0.365        0.875        210.204  8.7e-02        0.077     30.754        0.378       0.868
10400         0.364        0.875        212.245  8.7e-02        0.076     30.760        0.378       0.868
10500         0.365        0.875        214.286  8.7e-02        0.076     30.758        0.378       0.868
10600         0.365        0.875        216.327  8.7e-02        0.077     30.751        0.378       0.868
10700         0.364        0.875        218.367  8.7e-02        0.076     30.751        0.378       0.868
10800         0.367        0.874        220.408  8.7e-02        0.076     30.753        0.378       0.868
10900         0.365        0.875        222.449  8.6e-02        0.076     30.744        0.378       0.868
11000         0.365        0.875        224.490  8.6e-02        0.077     33.878        0.376       0.869
11100         0.363        0.875        226.531  8.6e-02        0.076     30.754        0.376       0.869
11200         0.364        0.875        228.571  8.6e-02        0.076     30.753        0.376       0.869
11300         0.362        0.875        230.612  8.6e-02        0.076     30.758        0.376       0.869
11400         0.363        0.876        232.653  8.6e-02        0.076     30.755        0.376       0.869
11500         0.363        0.876        234.694  8.6e-02        0.076     30.753        0.376       0.869
11600         0.364        0.875        236.735  8.6e-02        0.076     30.751        0.376       0.869
11700         0.364        0.875        238.776  8.5e-02        0.076     30.748        0.376       0.869
11800         0.364        0.876        240.816  8.5e-02        0.077     30.752        0.376       0.869
11900         0.364        0.876        242.857  8.5e-02        0.076     30.755        0.376       0.869
12000         0.362        0.876        244.898  8.5e-02        0.076     33.877        0.375       0.870
12100         0.364        0.875        246.939  8.5e-02        0.077     30.754        0.375       0.870
12200         0.364        0.875        248.980  8.5e-02        0.075     30.757        0.375       0.870
12300         0.364        0.875        251.020  8.5e-02        0.075     30.701        0.375       0.870
    t    train_loss    train_acc    train_epoch       lr    data_time    it_time    test_loss    test_acc
-----  ------------  -----------  -------------  -------  -----------  ---------  -----------  ----------
12400         0.363        0.875        253.061  8.5e-02        0.076     30.757        0.375       0.870
12500         0.361        0.876        255.102  8.4e-02        0.076     30.758        0.375       0.870
12600         0.361        0.876        257.143  8.4e-02        0.077     30.753        0.375       0.870
12700         0.363        0.876        259.184  8.4e-02        0.076     30.757        0.375       0.870
12800         0.361        0.876        261.224  8.4e-02        0.076     30.760        0.375       0.870
12900         0.363        0.876        263.265  8.4e-02        0.075     30.756        0.375       0.870
13000         0.364        0.875        265.306  8.4e-02        0.076     33.879        0.375       0.867
13100         0.360        0.876        267.347  8.4e-02        0.076     30.756        0.375       0.867
13200         0.363        0.876        269.388  8.4e-02        0.075     30.759        0.375       0.867
13300         0.362        0.875        271.429  8.3e-02        0.076     30.761        0.375       0.867
13400         0.362        0.876        273.469  8.3e-02        0.076     30.758        0.375       0.867
13500         0.364        0.875        275.510  8.3e-02        0.077     30.756        0.375       0.867
13600         0.361        0.876        277.551  8.3e-02        0.076     30.755        0.375       0.867
13700         0.361        0.877        279.592  8.3e-02        0.077     30.756        0.375       0.867
13800         0.360        0.877        281.633  8.3e-02        0.076     30.760        0.375       0.867
13900         0.359        0.876        283.673  8.3e-02        0.076     30.757        0.375       0.867
14000         0.361        0.876        285.714  8.3e-02        0.075     33.876        0.375       0.870
14100         0.362        0.876        287.755  8.2e-02        0.076     30.753        0.375       0.870
14200         0.359        0.877        289.796  8.2e-02        0.076     30.750        0.375       0.870
14300         0.363        0.877        291.837  8.2e-02        0.076     30.755        0.375       0.870
14400         0.361        0.876        293.878  8.2e-02        0.076     30.749        0.375       0.870
14500         0.359        0.877        295.918  8.2e-02        0.077     30.752        0.375       0.870
14600         0.361        0.876        297.959  8.2e-02        0.077     30.757        0.375       0.870
14700         0.360        0.877        300.000  8.2e-02        0.075     30.702        0.375       0.870
14800         0.361        0.876        302.041  8.2e-02        0.076     30.757        0.375       0.870
14900         0.360        0.877        304.082  8.1e-02        0.076     30.755        0.375       0.870
15000         0.359        0.878        306.122  8.1e-02        0.076     33.878        0.375       0.869
15100         0.361        0.876        308.163  8.1e-02        0.077     30.754        0.375       0.869
15200         0.362        0.876        310.204  8.1e-02        0.076     30.759        0.375       0.869
15300         0.359        0.876        312.245  8.1e-02        0.076     30.757        0.375       0.869
15400         0.361        0.876        314.286  8.1e-02        0.076     30.753        0.375       0.869
15500         0.359        0.878        316.327  8.1e-02        0.076     30.754        0.375       0.869
15600         0.359        0.878        318.367  8.1e-02        0.077     30.758        0.375       0.869
15700         0.360        0.878        320.408  8.0e-02        0.076     30.759        0.375       0.869
15800         0.360        0.877        322.449  8.0e-02        0.076     30.754        0.375       0.869
15900         0.358        0.878        324.490  8.0e-02        0.077     30.755        0.375       0.869
16000         0.360        0.876        326.531  8.0e-02        0.076     33.884        0.375       0.869
16100         0.359        0.878        328.571  8.0e-02        0.077     30.753        0.375       0.869
16200         0.360        0.876        330.612  8.0e-02        0.076     30.756        0.375       0.869
16300         0.358        0.877        332.653  8.0e-02        0.076     30.753        0.375       0.869
16400         0.362        0.875        334.694  8.0e-02        0.076     30.754        0.375       0.869
    t    train_loss    train_acc    train_epoch       lr    data_time    it_time    test_loss    test_acc
-----  ------------  -----------  -------------  -------  -----------  ---------  -----------  ----------
16500         0.360        0.877        336.735  7.9e-02        0.076     30.756        0.375       0.869
16600         0.360        0.877        338.776  7.9e-02        0.076     30.752        0.375       0.869
16700         0.359        0.877        340.816  7.9e-02        0.076     30.755        0.375       0.869
16800         0.359        0.877        342.857  7.9e-02        0.076     30.753        0.375       0.869
16900         0.360        0.876        344.898  7.9e-02        0.076     30.747        0.375       0.869
17000         0.360        0.877        346.939  7.9e-02        0.078     33.877        0.373       0.870
17100         0.360        0.877        348.980  7.9e-02        0.077     30.750        0.373       0.870
17200         0.360        0.876        351.020  7.9e-02        0.077     30.695        0.373       0.870
17300         0.360        0.875        353.061  7.8e-02        0.076     30.749        0.373       0.870
17400         0.358        0.877        355.102  7.8e-02        0.076     30.750        0.373       0.870
17500         0.359        0.877        357.143  7.8e-02        0.075     30.749        0.373       0.870
17600         0.358        0.877        359.184  7.8e-02        0.076     30.749        0.373       0.870
17700         0.359        0.877        361.224  7.8e-02        0.076     30.753        0.373       0.870
17800         0.359        0.878        363.265  7.8e-02        0.076     30.751        0.373       0.870
17900         0.360        0.877        365.306  7.8e-02        0.076     30.754        0.373       0.870
18000         0.357        0.877        367.347  7.8e-02        0.076     33.875        0.372       0.869
18100         0.361        0.876        369.388  7.7e-02        0.075     30.751        0.372       0.869
18200         0.357        0.877        371.429  7.7e-02        0.077     30.752        0.372       0.869
18300         0.358        0.878        373.469  7.7e-02        0.075     30.753        0.372       0.869
18400         0.360        0.877        375.510  7.7e-02        0.076     30.758        0.372       0.869
18500         0.360        0.877        377.551  7.7e-02        0.076     30.753        0.372       0.869
18600         0.358        0.878        379.592  7.7e-02        0.076     30.758        0.372       0.869
18700         0.357        0.878        381.633  7.7e-02        0.076     30.766        0.372       0.869
18800         0.360        0.877        383.673  7.7e-02        0.076     30.757        0.372       0.869
18900         0.357        0.878        385.714  7.6e-02        0.076     30.757        0.372       0.869
19000         0.359        0.877        387.755  7.6e-02        0.076     33.877        0.372       0.869
19100         0.357        0.878        389.796  7.6e-02        0.076     30.759        0.372       0.869
19200         0.359        0.876        391.837  7.6e-02        0.076     30.758        0.372       0.869
19300         0.359        0.878        393.878  7.6e-02        0.077     30.758        0.372       0.869
19400         0.359        0.876        395.918  7.6e-02        0.076     30.757        0.372       0.869
19500         0.358        0.877        397.959  7.6e-02        0.077     30.761        0.372       0.869
19600         0.360        0.876        400.000  7.6e-02        0.076     30.704        0.372       0.869
19700         0.358        0.877        402.041  7.5e-02        0.076     30.759        0.372       0.869
19800         0.359        0.877        404.082  7.5e-02        0.076     30.756        0.372       0.869
19900         0.356        0.879        406.122  7.5e-02        0.077     30.749        0.372       0.869
20000         0.358        0.877        408.163  7.5e-02        0.076     33.876        0.373       0.869
20100         0.358        0.877        410.204  7.5e-02        0.077     30.751        0.373       0.869
20200         0.358        0.877        412.245  7.5e-02        0.077     30.749        0.373       0.869
20300         0.357        0.877        414.286  7.5e-02        0.076     30.748        0.373       0.869
20400         0.359        0.877        416.327  7.5e-02        0.076     30.747        0.373       0.869
20500         0.359        0.877        418.367  7.4e-02        0.076     30.751        0.373       0.869
    t    train_loss    train_acc    train_epoch       lr    data_time    it_time    test_loss    test_acc
-----  ------------  -----------  -------------  -------  -----------  ---------  -----------  ----------
20600         0.357        0.877        420.408  7.4e-02        0.076     30.748        0.373       0.869
20700         0.359        0.878        422.449  7.4e-02        0.076     30.751        0.373       0.869
20800         0.357        0.878        424.490  7.4e-02        0.076     30.751        0.373       0.869
20900         0.357        0.877        426.531  7.4e-02        0.076     30.753        0.373       0.869
21000         0.359        0.878        428.571  7.4e-02        0.076     33.880        0.372       0.871
21100         0.357        0.878        430.612  7.4e-02        0.076     30.754        0.372       0.871
21200         0.358        0.877        432.653  7.4e-02        0.076     30.751        0.372       0.871
21300         0.357        0.878        434.694  7.3e-02        0.076     30.754        0.372       0.871
21400         0.360        0.877        436.735  7.3e-02        0.077     30.753        0.372       0.871
21500         0.357        0.877        438.776  7.3e-02        0.076     30.756        0.372       0.871
21600         0.357        0.878        440.816  7.3e-02        0.077     30.753        0.372       0.871
21700         0.359        0.877        442.857  7.3e-02        0.077     30.758        0.372       0.871
21800         0.355        0.878        444.898  7.3e-02        0.076     30.759        0.372       0.871
21900         0.357        0.877        446.939  7.3e-02        0.078     30.762        0.372       0.871
22000         0.357        0.879        448.980  7.3e-02        0.076     33.871        0.373       0.869
22100         0.356        0.878        451.020  7.2e-02        0.076     30.705        0.373       0.869
22200         0.356        0.878        453.061  7.2e-02        0.078     30.754        0.373       0.869
22300         0.358        0.877        455.102  7.2e-02        0.077     30.758        0.373       0.869
22400         0.357        0.877        457.143  7.2e-02        0.077     30.752        0.373       0.869
22500         0.356        0.879        459.184  7.2e-02        0.078     30.757        0.373       0.869
22600         0.357        0.877        461.224  7.2e-02        0.076     30.754        0.373       0.869
22700         0.357        0.877        463.265  7.2e-02        0.076     30.752        0.373       0.869
22800         0.357        0.878        465.306  7.2e-02        0.077     30.755        0.373       0.869
22900         0.358        0.877        467.347  7.1e-02        0.076     30.753        0.373       0.869
23000         0.357        0.877        469.388  7.1e-02        0.076     33.871        0.372       0.871
23100         0.357        0.878        471.429  7.1e-02        0.076     30.750        0.372       0.871
23200         0.357        0.877        473.469  7.1e-02        0.077     30.749        0.372       0.871
23300         0.358        0.878        475.510  7.1e-02        0.076     30.746        0.372       0.871
23400         0.356        0.877        477.551  7.1e-02        0.076     30.745        0.372       0.871
23500         0.359        0.877        479.592  7.1e-02        0.077     30.749        0.372       0.871
23600         0.356        0.878        481.633  7.1e-02        0.076     30.747        0.372       0.871
23700         0.357        0.878        483.673  7.0e-02        0.076     30.748        0.372       0.871
23800         0.355        0.878        485.714  7.0e-02        0.077     30.749        0.372       0.871
23900         0.358        0.877        487.755  7.0e-02        0.076     30.753        0.372       0.871
24000         0.355        0.878        489.796  7.0e-02        0.076     33.880        0.373       0.869
24100         0.358        0.877        491.837  7.0e-02        0.076     30.750        0.373       0.869
24200         0.356        0.877        493.878  7.0e-02        0.076     30.751        0.373       0.869
24300         0.356        0.878        495.918  7.0e-02        0.077     30.756        0.373       0.869
24400         0.356        0.878        497.959  7.0e-02        0.077     30.757        0.373       0.869
24500         0.357        0.878        500.000  6.9e-02        0.076     30.700        0.373       0.869
24600         0.356        0.878        502.041  6.9e-02        0.077     30.758        0.373       0.869
    t    train_loss    train_acc    train_epoch       lr    data_time    it_time    test_loss    test_acc
-----  ------------  -----------  -------------  -------  -----------  ---------  -----------  ----------
24700         0.358        0.877        504.082  6.9e-02        0.077     30.760        0.373       0.869
24800         0.358        0.878        506.122  6.9e-02        0.077     30.754        0.373       0.869
24900         0.358        0.877        508.163  6.9e-02        0.076     30.748        0.373       0.869
25000         0.357        0.878        510.204  6.9e-02        0.077     33.870        0.375       0.869
25100         0.358        0.878        512.245  6.9e-02        0.076     30.754        0.375       0.869
25200         0.358        0.878        514.286  6.9e-02        0.075     30.752        0.375       0.869
25300         0.356        0.878        516.327  6.8e-02        0.077     30.753        0.375       0.869
25400         0.354        0.879        518.367  6.8e-02        0.077     30.756        0.375       0.869
25500         0.358        0.877        520.408  6.8e-02        0.077     30.757        0.375       0.869
25600         0.357        0.877        522.449  6.8e-02        0.076     30.751        0.375       0.869
25700         0.356        0.880        524.490  6.8e-02        0.076     30.753        0.375       0.869
25800         0.355        0.878        526.531  6.8e-02        0.077     30.746        0.375       0.869
25900         0.358        0.877        528.571  6.8e-02        0.077     30.750        0.375       0.869
26000         0.354        0.879        530.612  6.8e-02        0.077     33.870        0.374       0.869
26100         0.356        0.878        532.653  6.7e-02        0.076     30.742        0.374       0.869
26200         0.357        0.879        534.694  6.7e-02        0.077     30.750        0.374       0.869
26300         0.355        0.879        536.735  6.7e-02        0.076     30.751        0.374       0.869
26400         0.359        0.877        538.776  6.7e-02        0.076     30.749        0.374       0.869
26500         0.356        0.879        540.816  6.7e-02        0.076     30.750        0.374       0.869
26600         0.357        0.878        542.857  6.7e-02        0.076     30.752        0.374       0.869
26700         0.358        0.877        544.898  6.7e-02        0.077     30.747        0.374       0.869
26800         0.357        0.878        546.939  6.7e-02        0.080     30.756        0.374       0.869
26900         0.355        0.879        548.980  6.6e-02        0.077     30.752        0.374       0.869
27000         0.356        0.878        551.020  6.6e-02        0.076     33.831        0.372       0.870
27100         0.355        0.878        553.061  6.6e-02        0.076     30.759        0.372       0.870
27200         0.357        0.878        555.102  6.6e-02        0.077     30.756        0.372       0.870
27300         0.356        0.879        557.143  6.6e-02        0.077     30.750        0.372       0.870
27400         0.356        0.879        559.184  6.6e-02        0.076     30.751        0.372       0.870
27500         0.355        0.879        561.224  6.6e-02        0.077     30.753        0.372       0.870
27600         0.358        0.878        563.265  6.6e-02        0.076     30.752        0.372       0.870
27700         0.357        0.878        565.306  6.5e-02        0.076     30.754        0.372       0.870
27800         0.355        0.878        567.347  6.5e-02        0.076     30.751        0.372       0.870
27900         0.355        0.879        569.388  6.5e-02        0.076     30.751        0.372       0.870
28000         0.357        0.877        571.429  6.5e-02        0.077     33.871        0.372       0.870
28100         0.357        0.878        573.469  6.5e-02        0.077     30.751        0.372       0.870
28200         0.357        0.878        575.510  6.5e-02        0.076     30.752        0.372       0.870
28300         0.357        0.878        577.551  6.5e-02        0.077     30.745        0.372       0.870
28400         0.355        0.879        579.592  6.5e-02        0.076     30.745        0.372       0.870
28500         0.356        0.879        581.633  6.4e-02        0.076     30.747        0.372       0.870
28600         0.354        0.879        583.673  6.4e-02        0.076     30.749        0.372       0.870
28700         0.356        0.878        585.714  6.4e-02        0.076     30.749        0.372       0.870
    t    train_loss    train_acc    train_epoch       lr    data_time    it_time    test_loss    test_acc
-----  ------------  -----------  -------------  -------  -----------  ---------  -----------  ----------
28800         0.357        0.877        587.755  6.4e-02        0.077     30.748        0.372       0.870
28900         0.356        0.878        589.796  6.4e-02        0.076     30.747        0.372       0.870
29000         0.355        0.879        591.837  6.4e-02        0.077     33.865        0.372       0.869
29100         0.354        0.878        593.878  6.4e-02        0.076     30.748        0.372       0.869
29200         0.357        0.879        595.918  6.4e-02        0.077     30.744        0.372       0.869
29300         0.358        0.878        597.959  6.3e-02        0.078     30.751        0.372       0.869
29400         0.357        0.878        600.000  6.3e-02        0.077     30.695        0.372       0.869
29500         0.356        0.877        602.041  6.3e-02        0.077     30.752        0.372       0.869
29600         0.357        0.878        604.082  6.3e-02        0.076     30.756        0.372       0.869
29700         0.358        0.877        606.122  6.3e-02        0.077     30.751        0.372       0.869
29800         0.356        0.879        608.163  6.3e-02        0.076     30.750        0.372       0.869
29900         0.357        0.879        610.204  6.3e-02        0.076     30.750        0.372       0.869
30000         0.355        0.880        612.245  6.3e-02        0.076     33.879        0.372       0.870
30100         0.357        0.878        614.286  6.2e-02        0.076     30.756        0.372       0.870
30200         0.355        0.879        616.327  6.2e-02        0.076     30.756        0.372       0.870
30300         0.357        0.878        618.367  6.2e-02        0.077     30.757        0.372       0.870
30400         0.357        0.877        620.408  6.2e-02        0.076     30.751        0.372       0.870
30500         0.356        0.878        622.449  6.2e-02        0.076     30.756        0.372       0.870
30600         0.355        0.878        624.490  6.2e-02        0.078     30.757        0.372       0.870
30700         0.358        0.879        626.531  6.2e-02        0.078     30.757        0.372       0.870
30800         0.357        0.877        628.571  6.2e-02        0.076     30.756        0.372       0.870
30900         0.355        0.878        630.612  6.1e-02        0.076     30.757        0.372       0.870
31000         0.357        0.877        632.653  6.1e-02        0.076     33.881        0.373       0.869
31100         0.356        0.878        634.694  6.1e-02        0.077     30.756        0.373       0.869
31200         0.355        0.879        636.735  6.1e-02        0.077     30.757        0.373       0.869
31300         0.355        0.878        638.776  6.1e-02        0.077     30.753        0.373       0.869
31400         0.356        0.878        640.816  6.1e-02        0.078     30.759        0.373       0.869
31500         0.356        0.878        642.857  6.1e-02        0.079     30.757        0.373       0.869
31600         0.354        0.879        644.898  6.1e-02        0.077     30.755        0.373       0.869
31700         0.358        0.878        646.939  6.0e-02        0.079     30.756        0.373       0.869
31800         0.356        0.878        648.980  6.0e-02        0.076     30.755        0.373       0.869
31900         0.355        0.879        651.020  6.0e-02        0.077     30.699        0.373       0.869
32000         0.355        0.879        653.061  6.0e-02        0.076     33.870        0.372       0.869
32100         0.356        0.878        655.102  6.0e-02        0.077     30.749        0.372       0.869
32200         0.355        0.878        657.143  6.0e-02        0.076     30.753        0.372       0.869
32300         0.356        0.879        659.184  6.0e-02        0.077     30.750        0.372       0.869
32400         0.355        0.879        661.224  6.0e-02        0.077     30.757        0.372       0.869
32500         0.357        0.878        663.265  5.9e-02        0.076     30.752        0.372       0.869
32600         0.356        0.879        665.306  5.9e-02        0.077     30.756        0.372       0.869
32700         0.356        0.879        667.347  5.9e-02        0.076     30.754        0.372       0.869
32800         0.354        0.879        669.388  5.9e-02        0.077     30.757        0.372       0.869
    t    train_loss    train_acc    train_epoch       lr    data_time    it_time    test_loss    test_acc
-----  ------------  -----------  -------------  -------  -----------  ---------  -----------  ----------
32900         0.358        0.878        671.429  5.9e-02        0.076     30.755        0.372       0.869
33000         0.356        0.877        673.469  5.9e-02        0.077     33.879        0.371       0.869
33100         0.356        0.879        675.510  5.9e-02        0.076     30.755        0.371       0.869
33200         0.356        0.879        677.551  5.9e-02        0.078     30.752        0.371       0.869
33300         0.355        0.878        679.592  5.8e-02        0.076     30.760        0.371       0.869
33400         0.354        0.879        681.633  5.8e-02        0.076     30.758        0.371       0.869
33500         0.357        0.878        683.673  5.8e-02        0.076     30.757        0.371       0.869
33600         0.356        0.879        685.714  5.8e-02        0.077     30.757        0.371       0.869
33700         0.355        0.879        687.755  5.8e-02        0.076     30.755        0.371       0.869
33800         0.357        0.878        689.796  5.8e-02        0.076     30.756        0.371       0.869
33900         0.356        0.878        691.837  5.8e-02        0.076     30.757        0.371       0.869
34000         0.356        0.879        693.878  5.8e-02        0.076     33.881        0.371       0.870
34100         0.354        0.878        695.918  5.7e-02        0.077     30.757        0.371       0.870
34200         0.356        0.878        697.959  5.7e-02        0.077     30.757        0.371       0.870
34300         0.356        0.878        700.000  5.7e-02        0.076     30.701        0.371       0.870
34400         0.356        0.878        702.041  5.7e-02        0.076     30.754        0.371       0.870
34500         0.354        0.880        704.082  5.7e-02        0.076     30.754        0.371       0.870
34600         0.357        0.878        706.122  5.7e-02        0.077     30.748        0.371       0.870
34700         0.358        0.877        708.163  5.7e-02        0.076     30.753        0.371       0.870
34800         0.354        0.878        710.204  5.7e-02        0.077     30.751        0.371       0.870
34900         0.355        0.878        712.245  5.6e-02        0.076     30.754        0.371       0.870
35000         0.357        0.878        714.286  5.6e-02        0.077     33.871        0.372       0.870
35100         0.354        0.878        716.327  5.6e-02        0.076     30.753        0.372       0.870
35200         0.355        0.878        718.367  5.6e-02        0.076     30.748        0.372       0.870
35300         0.355        0.878        720.408  5.6e-02        0.076     30.753        0.372       0.870
35400         0.354        0.878        722.449  5.6e-02        0.076     30.755        0.372       0.870
35500         0.353        0.880        724.490  5.6e-02        0.076     30.750        0.372       0.870
35600         0.356        0.879        726.531  5.6e-02        0.076     30.755        0.372       0.870
35700         0.359        0.876        728.571  5.5e-02        0.077     30.754        0.372       0.870
35800         0.356        0.878        730.612  5.5e-02        0.077     30.755        0.372       0.870
35900         0.354        0.879        732.653  5.5e-02        0.077     30.751        0.372       0.870
36000         0.357        0.877        734.694  5.5e-02        0.076     33.876        0.372       0.871
36100         0.355        0.879        736.735  5.5e-02        0.076     30.753        0.372       0.871
36200         0.356        0.877        738.776  5.5e-02        0.077     30.752        0.372       0.871
36300         0.355        0.878        740.816  5.5e-02        0.076     30.763        0.372       0.871
36400         0.354        0.879        742.857  5.5e-02        0.076     30.754        0.372       0.871
36500         0.356        0.879        744.898  5.4e-02        0.076     30.758        0.372       0.871
36600         0.356        0.878        746.939  5.4e-02        0.078     30.754        0.372       0.871
36700         0.357        0.878        748.980  5.4e-02        0.077     30.759        0.372       0.871
36800         0.355        0.879        751.020  5.4e-02        0.077     30.708        0.372       0.871
36900         0.355        0.879        753.061  5.4e-02        0.077     30.759        0.372       0.871
    t    train_loss    train_acc    train_epoch       lr    data_time    it_time    test_loss    test_acc
-----  ------------  -----------  -------------  -------  -----------  ---------  -----------  ----------
37000         0.357        0.878        755.102  5.4e-02        0.078     33.875        0.372       0.870
37100         0.354        0.879        757.143  5.4e-02        0.077     30.760        0.372       0.870
37200         0.357        0.878        759.184  5.4e-02        0.077     30.752        0.372       0.870
37300         0.355        0.878        761.224  5.3e-02        0.078     30.754        0.372       0.870
37400         0.356        0.878        763.265  5.3e-02        0.078     30.757        0.372       0.870
37500         0.354        0.879        765.306  5.3e-02        0.078     30.749        0.372       0.870
37600         0.355        0.878        767.347  5.3e-02        0.078     30.752        0.372       0.870
37700         0.357        0.877        769.388  5.3e-02        0.076     30.752        0.372       0.870
37800         0.355        0.878        771.429  5.3e-02        0.077     30.755        0.372       0.870
37900         0.355        0.879        773.469  5.3e-02        0.076     30.755        0.372       0.870
38000         0.353        0.879        775.510  5.3e-02        0.076     33.867        0.371       0.870
38100         0.355        0.879        777.551  5.2e-02        0.077     30.750        0.371       0.870
38200         0.355        0.879        779.592  5.2e-02        0.078     30.756        0.371       0.870
38300         0.357        0.878        781.633  5.2e-02        0.077     30.755        0.371       0.870
38400         0.354        0.878        783.673  5.2e-02        0.077     30.750        0.371       0.870
38500         0.356        0.879        785.714  5.2e-02        0.076     30.756        0.371       0.870
38600         0.354        0.879        787.755  5.2e-02        0.076     30.755        0.371       0.870
38700         0.355        0.878        789.796  5.2e-02        0.076     30.754        0.371       0.870
38800         0.356        0.878        791.837  5.2e-02        0.076     30.760        0.371       0.870
38900         0.355        0.879        793.878  5.1e-02        0.078     30.755        0.371       0.870
39000         0.356        0.878        795.918  5.1e-02        0.077     33.885        0.372       0.871
39100         0.357        0.879        797.959  5.1e-02        0.078     30.755        0.372       0.871
39200         0.355        0.879        800.000  5.1e-02        0.076     30.703        0.372       0.871
39300         0.356        0.879        802.041  5.1e-02        0.077     30.760        0.372       0.871
39400         0.354        0.880        804.082  5.1e-02        0.076     30.754        0.372       0.871
39500         0.355        0.879        806.122  5.1e-02        0.076     30.752        0.372       0.871
39600         0.356        0.878        808.163  5.1e-02        0.077     30.755        0.372       0.871
39700         0.354        0.879        810.204  5.0e-02        0.076     30.757        0.372       0.871
39800         0.355        0.878        812.245  5.0e-02        0.077     30.756        0.372       0.871
39900         0.356        0.878        814.286  5.0e-02        0.077     30.758        0.372       0.871
40000         0.356        0.878        816.327  5.0e-02        0.076     33.879        0.372       0.869
40100         0.354        0.880        818.367  5.0e-02        0.078     30.757        0.372       0.869
40200         0.355        0.878        820.408  5.0e-02        0.078     30.753        0.372       0.869
40300         0.355        0.879        822.449  5.0e-02        0.077     30.755        0.372       0.869
40400         0.355        0.879        824.490  5.0e-02        0.077     30.756        0.372       0.869
40500         0.353        0.879        826.531  4.9e-02        0.076     30.757        0.372       0.869
40600         0.357        0.878        828.571  4.9e-02        0.077     30.748        0.372       0.869
40700         0.355        0.879        830.612  4.9e-02        0.077     30.752        0.372       0.869
40800         0.357        0.877        832.653  4.9e-02        0.077     30.752        0.372       0.869
40900         0.355        0.879        834.694  4.9e-02        0.077     30.755        0.372       0.869
41000         0.356        0.877        836.735  4.9e-02        0.076     33.877        0.372       0.870
    t    train_loss    train_acc    train_epoch       lr    data_time    it_time    test_loss    test_acc
-----  ------------  -----------  -------------  -------  -----------  ---------  -----------  ----------
41100         0.354        0.879        838.776  4.9e-02        0.077     30.753        0.372       0.870
41200         0.354        0.880        840.816  4.9e-02        0.077     30.753        0.372       0.870
41300         0.356        0.878        842.857  4.8e-02        0.077     30.752        0.372       0.870
41400         0.356        0.877        844.898  4.8e-02        0.077     30.756        0.372       0.870
41500         0.354        0.879        846.939  4.8e-02        0.078     30.758        0.372       0.870
41600         0.354        0.878        848.980  4.8e-02        0.077     30.753        0.372       0.870
41700         0.354        0.879        851.020  4.8e-02        0.076     30.703        0.372       0.870
41800         0.354        0.879        853.061  4.8e-02        0.077     30.759        0.372       0.870
41900         0.357        0.877        855.102  4.8e-02        0.077     30.751        0.372       0.870
42000         0.354        0.879        857.143  4.8e-02        0.077     33.877        0.371       0.869
42100         0.356        0.878        859.184  4.7e-02        0.077     30.760        0.371       0.869
42200         0.355        0.878        861.224  4.7e-02        0.076     30.756        0.371       0.869
42300         0.355        0.878        863.265  4.7e-02        0.078     30.755        0.371       0.869
42400         0.355        0.878        865.306  4.7e-02        0.076     30.758        0.371       0.869
42500         0.356        0.878        867.347  4.7e-02        0.076     30.760        0.371       0.869
42600         0.356        0.878        869.388  4.7e-02        0.077     30.757        0.371       0.869
42700         0.354        0.879        871.429  4.7e-02        0.076     30.760        0.371       0.869
42800         0.357        0.878        873.469  4.7e-02        0.077     30.752        0.371       0.869
42900         0.356        0.878        875.510  4.6e-02        0.077     30.758        0.371       0.869
43000         0.354        0.879        877.551  4.6e-02        0.076     33.875        0.372       0.870
43100         0.355        0.878        879.592  4.6e-02        0.077     30.757        0.372       0.870
43200         0.355        0.879        881.633  4.6e-02        0.076     30.755        0.372       0.870
43300         0.354        0.878        883.673  4.6e-02        0.077     30.753        0.372       0.870
43400         0.354        0.878        885.714  4.6e-02        0.077     30.754        0.372       0.870
43500         0.356        0.878        887.755  4.6e-02        0.078     30.755        0.372       0.870
43600         0.355        0.878        889.796  4.6e-02        0.078     30.757        0.372       0.870
43700         0.355        0.879        891.837  4.5e-02        0.077     30.751        0.372       0.870
43800         0.356        0.878        893.878  4.5e-02        0.078     30.751        0.372       0.870
43900         0.355        0.878        895.918  4.5e-02        0.078     30.755        0.372       0.870
44000         0.355        0.878        897.959  4.5e-02        0.077     33.866        0.372       0.870
44100         0.356        0.877        900.000  4.5e-02        0.077     30.696        0.372       0.870
44200         0.355        0.878        902.041  4.5e-02        0.078     30.743        0.372       0.870
44300         0.355        0.879        904.082  4.5e-02        0.077     30.750        0.372       0.870
44400         0.353        0.879        906.122  4.5e-02        0.077     30.747        0.372       0.870
44500         0.355        0.879        908.163  4.4e-02        0.076     30.749        0.372       0.870
44600         0.355        0.878        910.204  4.4e-02        0.078     30.749        0.372       0.870
44700         0.354        0.878        912.245  4.4e-02        0.077     30.755        0.372       0.870
44800         0.354        0.879        914.286  4.4e-02        0.077     30.749        0.372       0.870
44900         0.356        0.879        916.327  4.4e-02        0.079     30.756        0.372       0.870
45000         0.355        0.878        918.367  4.4e-02        0.078     33.879        0.371       0.869
45100         0.357        0.876        920.408  4.4e-02        0.078     30.758        0.371       0.869
    t    train_loss    train_acc    train_epoch       lr    data_time    it_time    test_loss    test_acc
-----  ------------  -----------  -------------  -------  -----------  ---------  -----------  ----------
45200         0.354        0.880        922.449  4.4e-02        0.078     30.754        0.371       0.869
45300         0.356        0.877        924.490  4.3e-02        0.077     30.753        0.371       0.869
45400         0.355        0.878        926.531  4.3e-02        0.077     30.757        0.371       0.869
45500         0.355        0.879        928.571  4.3e-02        0.077     30.753        0.371       0.869
45600         0.354        0.879        930.612  4.3e-02        0.077     30.754        0.371       0.869
45700         0.355        0.878        932.653  4.3e-02        0.077     30.753        0.371       0.869
45800         0.355        0.879        934.694  4.3e-02        0.077     30.759        0.371       0.869
45900         0.355        0.878        936.735  4.3e-02        0.077     30.750        0.371       0.869
46000         0.354        0.879        938.776  4.3e-02        0.077     33.876        0.372       0.870
46100         0.356        0.878        940.816  4.2e-02        0.077     30.751        0.372       0.870
46200         0.357        0.879        942.857  4.2e-02        0.076     30.751        0.372       0.870
46300         0.355        0.879        944.898  4.2e-02        0.076     30.747        0.372       0.870
46400         0.353        0.879        946.939  4.2e-02        0.078     30.748        0.372       0.870
46500         0.354        0.879        948.980  4.2e-02        0.079     30.748        0.372       0.870
46600         0.356        0.879        951.020  4.2e-02        0.078     30.696        0.372       0.870
46700         0.354        0.879        953.061  4.2e-02        0.077     30.749        0.372       0.870
46800         0.354        0.879        955.102  4.2e-02        0.077     30.745        0.372       0.870
46900         0.356        0.879        957.143  4.1e-02        0.077     30.749        0.372       0.870
47000         0.353        0.879        959.184  4.1e-02        0.077     33.870        0.371       0.870
47100         0.356        0.879        961.224  4.1e-02        0.077     30.754        0.371       0.870
47200         0.354        0.879        963.265  4.1e-02        0.076     30.756        0.371       0.870
47300         0.356        0.879        965.306  4.1e-02        0.076     30.754        0.371       0.870
47400         0.353        0.879        967.347  4.1e-02        0.077     30.758        0.371       0.870
47500         0.354        0.878        969.388  4.1e-02        0.076     30.758        0.371       0.870
47600         0.354        0.879        971.429  4.1e-02        0.077     30.755        0.371       0.870
47700         0.354        0.879        973.469  4.0e-02        0.076     30.754        0.371       0.870
47800         0.356        0.878        975.510  4.0e-02        0.076     30.752        0.371       0.870
47900         0.355        0.877        977.551  4.0e-02        0.077     30.756        0.371       0.870
48000         0.354        0.879        979.592  4.0e-02        0.077     33.885        0.371       0.870
48100         0.357        0.878        981.633  4.0e-02        0.076     30.759        0.371       0.870
48200         0.354        0.879        983.673  4.0e-02        0.077     30.755        0.371       0.870
48300         0.355        0.879        985.714  4.0e-02        0.077     30.766        0.371       0.870
48400         0.356        0.878        987.755  4.0e-02        0.076     30.760        0.371       0.870
48500         0.353        0.879        989.796  3.9e-02        0.076     30.763        0.371       0.870
48600         0.357        0.878        991.837  3.9e-02        0.076     30.763        0.371       0.870
48700         0.355        0.878        993.878  3.9e-02        0.077     30.765        0.371       0.870
48800         0.356        0.878        995.918  3.9e-02        0.077     30.766        0.371       0.870
48900         0.354        0.878        997.959  3.9e-02        0.077     30.758        0.371       0.870
49000         0.355        0.879       1000.000  3.9e-02        0.077     33.833        0.371       0.871
49100         0.356        0.879       1002.041  3.9e-02        0.077     30.754        0.371       0.871
49200         0.355        0.879       1004.082  3.9e-02        0.077     30.747        0.371       0.871
    t    train_loss    train_acc    train_epoch       lr    data_time    it_time    test_loss    test_acc
-----  ------------  -----------  -------------  -------  -----------  ---------  -----------  ----------
49300         0.354        0.878       1006.122  3.8e-02        0.076     30.750        0.371       0.871
49400         0.354        0.880       1008.163  3.8e-02        0.077     30.753        0.371       0.871
49500         0.353        0.880       1010.204  3.8e-02        0.076     30.750        0.371       0.871
49600         0.354        0.879       1012.245  3.8e-02        0.078     30.746        0.371       0.871
49700         0.356        0.879       1014.286  3.8e-02        0.077     30.747        0.371       0.871
49800         0.355        0.879       1016.327  3.8e-02        0.077     30.751        0.371       0.871
49900         0.355        0.878       1018.367  3.8e-02        0.078     30.750        0.371       0.871
50000         0.354        0.879       1020.408  3.8e-02        0.076     33.907        0.372       0.870
50100         0.355        0.879       1022.449  3.7e-02        0.077     30.755        0.372       0.870
50200         0.355        0.879       1024.490  3.7e-02        0.076     30.751        0.372       0.870
50300         0.356        0.878       1026.531  3.7e-02        0.077     30.752        0.372       0.870
50400         0.353        0.879       1028.571  3.7e-02        0.077     30.755        0.372       0.870
50500         0.356        0.879       1030.612  3.7e-02        0.077     30.751        0.372       0.870
50600         0.353        0.880       1032.653  3.7e-02        0.077     30.760        0.372       0.870
50700         0.356        0.878       1034.694  3.7e-02        0.078     30.761        0.372       0.870
50800         0.354        0.878       1036.735  3.7e-02        0.078     30.757        0.372       0.870
50900         0.356        0.878       1038.776  3.6e-02        0.078     30.754        0.372       0.870
51000         0.355        0.878       1040.816  3.6e-02        0.078     33.879        0.372       0.869
51100         0.354        0.879       1042.857  3.6e-02        0.078     30.759        0.372       0.869
51200         0.354        0.879       1044.898  3.6e-02        0.078     30.761        0.372       0.869
51300         0.356        0.878       1046.939  3.6e-02        0.080     30.756        0.372       0.869
51400         0.355        0.878       1048.980  3.6e-02        0.078     30.758        0.372       0.869
51500         0.355        0.878       1051.020  3.6e-02        0.077     30.708        0.372       0.869
51600         0.356        0.878       1053.061  3.6e-02        0.077     30.755        0.372       0.869
51700         0.356        0.879       1055.102  3.5e-02        0.078     30.757        0.372       0.869
51800         0.353        0.879       1057.143  3.5e-02        0.079     30.758        0.372       0.869
51900         0.355        0.879       1059.184  3.5e-02        0.080     30.758        0.372       0.869
52000         0.354        0.879       1061.224  3.5e-02        0.078     33.876        0.371       0.870
52100         0.354        0.878       1063.265  3.5e-02        0.079     30.755        0.371       0.870
52200         0.356        0.878       1065.306  3.5e-02        0.078     30.748        0.371       0.870
52300         0.354        0.879       1067.347  3.5e-02        0.078     30.756        0.371       0.870
52400         0.355        0.879       1069.388  3.5e-02        0.078     30.758        0.371       0.870
52500         0.355        0.879       1071.429  3.4e-02        0.078     30.753        0.371       0.870
52600         0.355        0.878       1073.469  3.4e-02        0.076     30.753        0.371       0.870
52700         0.353        0.879       1075.510  3.4e-02        0.076     30.748        0.371       0.870
52800         0.354        0.879       1077.551  3.4e-02        0.077     30.750        0.371       0.870
52900         0.354        0.879       1079.592  3.4e-02        0.077     30.748        0.371       0.870
53000         0.356        0.878       1081.633  3.4e-02        0.078     33.906        0.371       0.869
53100         0.355        0.878       1083.673  3.4e-02        0.077     30.754        0.371       0.869
53200         0.355        0.879       1085.714  3.4e-02        0.077     30.750        0.371       0.869
53300         0.355        0.879       1087.755  3.3e-02        0.076     30.752        0.371       0.869
    t    train_loss    train_acc    train_epoch       lr    data_time    it_time    test_loss    test_acc
-----  ------------  -----------  -------------  -------  -----------  ---------  -----------  ----------
53400         0.354        0.879       1089.796  3.3e-02        0.076     30.756        0.371       0.869
53500         0.355        0.879       1091.837  3.3e-02        0.077     30.750        0.371       0.869
53600         0.355        0.879       1093.878  3.3e-02        0.078     30.754        0.371       0.869
53700         0.355        0.878       1095.918  3.3e-02        0.078     30.758        0.371       0.869
53800         0.355        0.879       1097.959  3.3e-02        0.078     30.754        0.371       0.869
53900         0.354        0.880       1100.000  3.3e-02        0.077     30.704        0.371       0.869
54000         0.355        0.878       1102.041  3.3e-02        0.076     33.903        0.371       0.870
54100         0.354        0.879       1104.082  3.2e-02        0.078     30.757        0.371       0.870
54200         0.355        0.878       1106.122  3.2e-02        0.077     30.760        0.371       0.870
54300         0.356        0.879       1108.163  3.2e-02        0.078     30.759        0.371       0.870
54400         0.355        0.878       1110.204  3.2e-02        0.078     30.749        0.371       0.870
54500         0.356        0.878       1112.245  3.2e-02        0.077     30.758        0.371       0.870
54600         0.353        0.880       1114.286  3.2e-02        0.078     30.755        0.371       0.870
54700         0.354        0.879       1116.327  3.2e-02        0.077     30.756        0.371       0.870
54800         0.355        0.878       1118.367  3.2e-02        0.078     30.756        0.371       0.870
54900         0.355        0.878       1120.408  3.1e-02        0.077     30.759        0.371       0.870
55000         0.355        0.879       1122.449  3.1e-02        0.077     33.910        0.371       0.870
55100         0.355        0.878       1124.490  3.1e-02        0.077     30.753        0.371       0.870
55200         0.353        0.879       1126.531  3.1e-02        0.077     30.757        0.371       0.870
55300         0.355        0.878       1128.571  3.1e-02        0.077     30.773        0.371       0.870
55400         0.356        0.878       1130.612  3.1e-02        0.078     30.756        0.371       0.870
55500         0.353        0.880       1132.653  3.1e-02        0.078     30.752        0.371       0.870
55600         0.355        0.879       1134.694  3.1e-02        0.078     30.752        0.371       0.870
55700         0.356        0.878       1136.735  3.0e-02        0.078     30.750        0.371       0.870
55800         0.354        0.880       1138.776  3.0e-02        0.078     30.752        0.371       0.870
55900         0.353        0.879       1140.816  3.0e-02        0.078     30.753        0.371       0.870
56000         0.356        0.877       1142.857  3.0e-02        0.077     33.869        0.372       0.870
56100         0.355        0.879       1144.898  3.0e-02        0.077     30.752        0.372       0.870
56200         0.356        0.878       1146.939  3.0e-02        0.079     30.753        0.372       0.870
56300         0.355        0.879       1148.980  3.0e-02        0.077     30.750        0.372       0.870
56400         0.353        0.879       1151.020  3.0e-02        0.077     30.698        0.372       0.870
56500         0.354        0.879       1153.061  2.9e-02        0.077     30.754        0.372       0.870
56600         0.354        0.879       1155.102  2.9e-02        0.077     30.757        0.372       0.870
56700         0.355        0.878       1157.143  2.9e-02        0.076     30.758        0.372       0.870
56800         0.354        0.878       1159.184  2.9e-02        0.076     30.752        0.372       0.870
56900         0.354        0.879       1161.224  2.9e-02        0.077     30.755        0.372       0.870
57000         0.353        0.879       1163.265  2.9e-02        0.078     33.875        0.371       0.869
57100         0.356        0.878       1165.306  2.9e-02        0.076     30.758        0.371       0.869
57200         0.353        0.879       1167.347  2.9e-02        0.076     30.753        0.371       0.869
57300         0.354        0.879       1169.388  2.8e-02        0.077     30.757        0.371       0.869
57400         0.356        0.879       1171.429  2.8e-02        0.077     30.756        0.371       0.869
    t    train_loss    train_acc    train_epoch       lr    data_time    it_time    test_loss    test_acc
-----  ------------  -----------  -------------  -------  -----------  ---------  -----------  ----------
57500         0.354        0.879       1173.469  2.8e-02        0.077     30.759        0.371       0.869
57600         0.355        0.878       1175.510  2.8e-02        0.077     30.756        0.371       0.869
57700         0.353        0.879       1177.551  2.8e-02        0.077     30.760        0.371       0.869
57800         0.354        0.879       1179.592  2.8e-02        0.076     30.762        0.371       0.869
57900         0.357        0.878       1181.633  2.8e-02        0.077     30.759        0.371       0.869
58000         0.355        0.879       1183.673  2.8e-02        0.077     33.881        0.371       0.870
58100         0.355        0.879       1185.714  2.7e-02        0.076     30.755        0.371       0.870
58200         0.354        0.879       1187.755  2.7e-02        0.076     30.755        0.371       0.870
58300         0.353        0.879       1189.796  2.7e-02        0.077     30.759        0.371       0.870
58400         0.355        0.879       1191.837  2.7e-02        0.077     30.758        0.371       0.870
58500         0.355        0.878       1193.878  2.7e-02        0.076     30.756        0.371       0.870
58600         0.355        0.880       1195.918  2.7e-02        0.077     30.753        0.371       0.870
58700         0.354        0.879       1197.959  2.7e-02        0.079     30.757        0.371       0.870
58800         0.356        0.878       1200.000  2.7e-02        0.077     30.704        0.371       0.870
58900         0.354        0.879       1202.041  2.6e-02        0.077     30.754        0.371       0.870
59000         0.354        0.879       1204.082  2.6e-02        0.078     33.877        0.371       0.869
59100         0.354        0.879       1206.122  2.6e-02        0.078     30.756        0.371       0.869
59200         0.354        0.880       1208.163  2.6e-02        0.078     30.754        0.371       0.869
59300         0.356        0.879       1210.204  2.6e-02        0.079     30.756        0.371       0.869
59400         0.356        0.879       1212.245  2.6e-02        0.078     30.757        0.371       0.869
59500         0.353        0.879       1214.286  2.6e-02        0.078     30.760        0.371       0.869
59600         0.355        0.879       1216.327  2.6e-02        0.077     30.755        0.371       0.869
59700         0.355        0.879       1218.367  2.5e-02        0.076     30.758        0.371       0.869
59800         0.354        0.879       1220.408  2.5e-02        0.077     30.756        0.371       0.869
59900         0.355        0.880       1222.449  2.5e-02        0.076     30.759        0.371       0.869
60000         0.356        0.878       1224.490  2.5e-02        0.077     33.883        0.372       0.870
60100         0.354        0.880       1226.531  2.5e-02        0.077     30.757        0.372       0.870
60200         0.355        0.879       1228.571  2.5e-02        0.076     30.756        0.372       0.870
60300         0.353        0.880       1230.612  2.5e-02        0.077     30.757        0.372       0.870
60400         0.354        0.880       1232.653  2.5e-02        0.077     30.762        0.372       0.870
60500         0.355        0.878       1234.694  2.4e-02        0.078     30.755        0.372       0.870
60600         0.354        0.878       1236.735  2.4e-02        0.078     30.759        0.372       0.870
60700         0.353        0.879       1238.776  2.4e-02        0.078     30.763        0.372       0.870
60800         0.353        0.879       1240.816  2.4e-02        0.078     30.758        0.372       0.870
60900         0.354        0.879       1242.857  2.4e-02        0.076     30.760        0.372       0.870
61000         0.352        0.880       1244.898  2.4e-02        0.077     33.883        0.371       0.870
61100         0.354        0.880       1246.939  2.4e-02        0.079     30.762        0.371       0.870
61200         0.355        0.879       1248.980  2.4e-02        0.076     30.761        0.371       0.870
61300         0.355        0.879       1251.020  2.3e-02        0.077     30.706        0.371       0.870
61400         0.356        0.878       1253.061  2.3e-02        0.077     30.755        0.371       0.870
61500         0.354        0.878       1255.102  2.3e-02        0.077     30.761        0.371       0.870
    t    train_loss    train_acc    train_epoch       lr    data_time    it_time    test_loss    test_acc
-----  ------------  -----------  -------------  -------  -----------  ---------  -----------  ----------
61600         0.354        0.879       1257.143  2.3e-02        0.077     30.758        0.371       0.870
61700         0.355        0.878       1259.184  2.3e-02        0.077     30.758        0.371       0.870
61800         0.352        0.879       1261.224  2.3e-02        0.077     30.759        0.371       0.870
61900         0.355        0.879       1263.265  2.3e-02        0.078     30.760        0.371       0.870
62000         0.355        0.878       1265.306  2.3e-02        0.077     33.881        0.371       0.870
62100         0.353        0.881       1267.347  2.2e-02        0.077     30.745        0.371       0.870
62200         0.354        0.879       1269.388  2.2e-02        0.077     30.747        0.371       0.870
62300         0.356        0.878       1271.429  2.2e-02        0.077     30.751        0.371       0.870
62400         0.352        0.880       1273.469  2.2e-02        0.077     30.747        0.371       0.870
62500         0.355        0.878       1275.510  2.2e-02        0.077     30.747        0.371       0.870
62600         0.355        0.879       1277.551  2.2e-02        0.078     30.749        0.371       0.870
62700         0.353        0.880       1279.592  2.2e-02        0.077     30.750        0.371       0.870
62800         0.355        0.879       1281.633  2.2e-02        0.077     30.747        0.371       0.870
62900         0.353        0.879       1283.673  2.1e-02        0.077     30.752        0.371       0.870
63000         0.356        0.879       1285.714  2.1e-02        0.077     33.877        0.370       0.869
63100         0.355        0.879       1287.755  2.1e-02        0.077     30.758        0.370       0.869
63200         0.356        0.878       1289.796  2.1e-02        0.077     30.755        0.370       0.869
63300         0.353        0.880       1291.837  2.1e-02        0.077     30.762        0.370       0.869
63400         0.355        0.879       1293.878  2.1e-02        0.076     30.760        0.370       0.869
63500         0.354        0.878       1295.918  2.1e-02        0.078     30.759        0.370       0.869
63600         0.354        0.879       1297.959  2.1e-02        0.078     30.756        0.370       0.869
63700         0.352        0.879       1300.000  2.0e-02        0.077     30.706        0.370       0.869
63800         0.354        0.878       1302.041  2.0e-02        0.077     30.757        0.370       0.869
63900         0.355        0.878       1304.082  2.0e-02        0.077     30.758        0.370       0.869
64000         0.353        0.878       1306.122  2.0e-02        0.077     33.882        0.371       0.869
64100         0.356        0.878       1308.163  2.0e-02        0.077     30.757        0.371       0.869
64200         0.354        0.879       1310.204  2.0e-02        0.077     30.761        0.371       0.869
64300         0.354        0.879       1312.245  2.0e-02        0.077     30.753        0.371       0.869
64400         0.353        0.878       1314.286  2.0e-02        0.077     30.761        0.371       0.869
64500         0.354        0.879       1316.327  1.9e-02        0.078     30.758        0.371       0.869
64600         0.355        0.877       1318.367  1.9e-02        0.077     30.755        0.371       0.869
64700         0.356        0.878       1320.408  1.9e-02        0.076     30.759        0.371       0.869
64800         0.356        0.878       1322.449  1.9e-02        0.077     30.755        0.371       0.869
64900         0.354        0.879       1324.490  1.9e-02        0.078     30.753        0.371       0.869
65000         0.354        0.880       1326.531  1.9e-02        0.077     33.881        0.371       0.869
65100         0.354        0.879       1328.571  1.9e-02        0.077     30.755        0.371       0.869
65200         0.354        0.880       1330.612  1.9e-02        0.078     30.754        0.371       0.869
65300         0.354        0.878       1332.653  1.8e-02        0.077     30.751        0.371       0.869
65400         0.354        0.877       1334.694  1.8e-02        0.077     30.753        0.371       0.869
65500         0.353        0.879       1336.735  1.8e-02        0.077     30.754        0.371       0.869
65600         0.354        0.879       1338.776  1.8e-02        0.078     30.754        0.371       0.869
    t    train_loss    train_acc    train_epoch       lr    data_time    it_time    test_loss    test_acc
-----  ------------  -----------  -------------  -------  -----------  ---------  -----------  ----------
65700         0.353        0.880       1340.816  1.8e-02        0.077     30.752        0.371       0.869
65800         0.355        0.879       1342.857  1.8e-02        0.077     30.756        0.371       0.869
65900         0.353        0.879       1344.898  1.8e-02        0.077     30.757        0.371       0.869
66000         0.355        0.879       1346.939  1.8e-02        0.079     33.878        0.371       0.871
66100         0.354        0.879       1348.980  1.7e-02        0.078     30.755        0.371       0.871
66200         0.355        0.878       1351.020  1.7e-02        0.078     30.710        0.371       0.871
66300         0.355        0.878       1353.061  1.7e-02        0.078     30.758        0.371       0.871
66400         0.354        0.878       1355.102  1.7e-02        0.078     30.759        0.371       0.871
66500         0.355        0.879       1357.143  1.7e-02        0.079     30.760        0.371       0.871
66600         0.354        0.879       1359.184  1.7e-02        0.078     30.760        0.371       0.871
66700         0.354        0.879       1361.224  1.7e-02        0.077     30.755        0.371       0.871
66800         0.355        0.878       1363.265  1.7e-02        0.077     30.761        0.371       0.871
66900         0.355        0.879       1365.306  1.6e-02        0.077     30.764        0.371       0.871
67000         0.357        0.879       1367.347  1.6e-02        0.077     33.882        0.371       0.870
67100         0.353        0.880       1369.388  1.6e-02        0.078     30.761        0.371       0.870
67200         0.357        0.878       1371.429  1.6e-02        0.077     30.763        0.371       0.870
67300         0.354        0.879       1373.469  1.6e-02        0.077     30.760        0.371       0.870
67400         0.353        0.879       1375.510  1.6e-02        0.079     30.760        0.371       0.870
67500         0.354        0.880       1377.551  1.6e-02        0.078     30.757        0.371       0.870
67600         0.355        0.878       1379.592  1.6e-02        0.078     30.756        0.371       0.870
67700         0.354        0.880       1381.633  1.5e-02        0.078     30.756        0.371       0.870
67800         0.355        0.879       1383.673  1.5e-02        0.078     30.753        0.371       0.870
67900         0.355        0.879       1385.714  1.5e-02        0.077     30.752        0.371       0.870
68000         0.355        0.879       1387.755  1.5e-02        0.077     33.875        0.371       0.870
68100         0.355        0.878       1389.796  1.5e-02        0.077     30.748        0.371       0.870
68200         0.355        0.878       1391.837  1.5e-02        0.077     30.746        0.371       0.870
68300         0.355        0.879       1393.878  1.5e-02        0.077     30.750        0.371       0.870
68400         0.353        0.880       1395.918  1.5e-02        0.078     30.744        0.371       0.870
68500         0.355        0.879       1397.959  1.4e-02        0.078     30.752        0.371       0.870
68600         0.353        0.879       1400.000  1.4e-02        0.077     30.694        0.371       0.870
68700         0.354        0.879       1402.041  1.4e-02        0.077     30.750        0.371       0.870
68800         0.356        0.877       1404.082  1.4e-02        0.078     30.751        0.371       0.870
68900         0.354        0.879       1406.122  1.4e-02        0.077     30.751        0.371       0.870
69000         0.353        0.880       1408.163  1.4e-02        0.076     33.878        0.371       0.871
69100         0.353        0.880       1410.204  1.4e-02        0.077     30.752        0.371       0.871
69200         0.354        0.879       1412.245  1.4e-02        0.077     30.755        0.371       0.871
69300         0.354        0.881       1414.286  1.3e-02        0.077     30.753        0.371       0.871
69400         0.354        0.879       1416.327  1.3e-02        0.077     30.753        0.371       0.871
69500         0.354        0.880       1418.367  1.3e-02        0.077     30.764        0.371       0.871
69600         0.353        0.878       1420.408  1.3e-02        0.077     30.757        0.371       0.871
69700         0.357        0.879       1422.449  1.3e-02        0.077     30.756        0.371       0.871
    t    train_loss    train_acc    train_epoch       lr    data_time    it_time    test_loss    test_acc
-----  ------------  -----------  -------------  -------  -----------  ---------  -----------  ----------
69800         0.353        0.879       1424.490  1.3e-02        0.076     30.753        0.371       0.871
69900         0.352        0.880       1426.531  1.3e-02        0.077     30.758        0.371       0.871
70000         0.354        0.879       1428.571  1.3e-02        0.077     33.886        0.371       0.870
70100         0.352        0.880       1430.612  1.2e-02        0.078     30.760        0.371       0.870
70200         0.358        0.878       1432.653  1.2e-02        0.077     30.756        0.371       0.870
70300         0.356        0.878       1434.694  1.2e-02        0.077     30.754        0.371       0.870
70400         0.352        0.880       1436.735  1.2e-02        0.077     30.760        0.371       0.870
70500         0.354        0.879       1438.776  1.2e-02        0.077     30.759        0.371       0.870
70600         0.356        0.878       1440.816  1.2e-02        0.077     30.756        0.371       0.870
70700         0.352        0.879       1442.857  1.2e-02        0.077     30.757        0.371       0.870
70800         0.353        0.879       1444.898  1.2e-02        0.078     30.761        0.371       0.870
70900         0.354        0.878       1446.939  1.1e-02        0.078     30.758        0.371       0.870
71000         0.355        0.879       1448.980  1.1e-02        0.077     33.876        0.371       0.870
71100         0.352        0.880       1451.020  1.1e-02        0.076     30.700        0.371       0.870
71200         0.355        0.879       1453.061  1.1e-02        0.076     30.751        0.371       0.870
71300         0.357        0.878       1455.102  1.1e-02        0.076     30.744        0.371       0.870
71400         0.353        0.879       1457.143  1.1e-02        0.076     30.740        0.371       0.870
71500         0.351        0.880       1459.184  1.1e-02        0.076     30.750        0.371       0.870
71600         0.357        0.877       1461.224  1.1e-02        0.076     30.750        0.371       0.870
71700         0.353        0.879       1463.265  1.0e-02        0.077     30.749        0.371       0.870
71800         0.355        0.879       1465.306  1.0e-02        0.076     30.751        0.371       0.870
71900         0.352        0.879       1467.347  1.0e-02        0.077     30.752        0.371       0.870
72000         0.356        0.878       1469.388  1.0e-02        0.077     33.875        0.371       0.871
72100         0.353        0.879       1471.429  9.9e-03        0.077     30.754        0.371       0.871
72200         0.356        0.880       1473.469  9.8e-03        0.078     30.750        0.371       0.871
72300         0.352        0.879       1475.510  9.6e-03        0.077     30.748        0.371       0.871
72400         0.355        0.880       1477.551  9.5e-03        0.077     30.754        0.371       0.871
72500         0.355        0.879       1479.592  9.4e-03        0.077     30.757        0.371       0.871
72600         0.354        0.879       1481.633  9.3e-03        0.077     30.760        0.371       0.871
72700         0.355        0.878       1483.673  9.1e-03        0.077     30.755        0.371       0.871
72800         0.355        0.878       1485.714  9.0e-03        0.077     30.755        0.371       0.871
72900         0.356        0.878       1487.755  8.9e-03        0.077     30.754        0.371       0.871
73000         0.354        0.878       1489.796  8.8e-03        0.077     33.883        0.371       0.870
73100         0.354        0.879       1491.837  8.6e-03        0.077     30.753        0.371       0.870
73200         0.355        0.879       1493.878  8.5e-03        0.076     30.752        0.371       0.870
73300         0.354        0.878       1495.918  8.4e-03        0.078     30.759        0.371       0.870
73400         0.354        0.879       1497.959  8.3e-03        0.078     30.758        0.371       0.870
73500         0.353        0.880       1500.000  8.1e-03        0.077     30.707        0.371       0.870
73600         0.353        0.879       1502.041  8.0e-03        0.077     30.751        0.371       0.870
73700         0.354        0.879       1504.082  7.9e-03        0.077     30.752        0.371       0.870
73800         0.354        0.878       1506.122  7.8e-03        0.077     30.755        0.371       0.870
    t    train_loss    train_acc    train_epoch       lr    data_time    it_time    test_loss    test_acc
-----  ------------  -----------  -------------  -------  -----------  ---------  -----------  ----------
73900         0.352        0.880       1508.163  7.6e-03        0.077     30.751        0.371       0.870
74000         0.356        0.877       1510.204  7.5e-03        0.078     33.877        0.371       0.870
74100         0.354        0.879       1512.245  7.4e-03        0.077     30.747        0.371       0.870
74200         0.353        0.880       1514.286  7.3e-03        0.077     30.748        0.371       0.870
74300         0.353        0.879       1516.327  7.1e-03        0.077     30.754        0.371       0.870
74400         0.353        0.879       1518.367  7.0e-03        0.077     30.748        0.371       0.870
74500         0.355        0.879       1520.408  6.9e-03        0.077     30.752        0.371       0.870
74600         0.352        0.879       1522.449  6.8e-03        0.076     30.746        0.371       0.870
74700         0.353        0.880       1524.490  6.6e-03        0.077     30.750        0.371       0.870
74800         0.356        0.878       1526.531  6.5e-03        0.077     30.750        0.371       0.870
74900         0.355        0.878       1528.571  6.4e-03        0.077     30.747        0.371       0.870
75000         0.352        0.880       1530.612  6.3e-03        0.077     33.877        0.371       0.870
75100         0.355        0.879       1532.653  6.1e-03        0.077     30.748        0.371       0.870
75200         0.354        0.879       1534.694  6.0e-03        0.077     30.751        0.371       0.870
75300         0.355        0.879       1536.735  5.9e-03        0.077     30.754        0.371       0.870
75400         0.354        0.879       1538.776  5.8e-03        0.077     30.752        0.371       0.870
75500         0.355        0.879       1540.816  5.6e-03        0.078     30.751        0.371       0.870
75600         0.356        0.878       1542.857  5.5e-03        0.077     30.756        0.371       0.870
75700         0.353        0.879       1544.898  5.4e-03        0.077     30.759        0.371       0.870
75800         0.355        0.878       1546.939  5.3e-03        0.079     30.755        0.371       0.870
75900         0.353        0.878       1548.980  5.1e-03        0.077     30.756        0.371       0.870
76000         0.355        0.879       1551.020  5.0e-03        0.078     33.826        0.371       0.870
76100         0.353        0.879       1553.061  4.9e-03        0.079     30.757        0.371       0.870
76200         0.353        0.879       1555.102  4.8e-03        0.078     30.754        0.371       0.870
76300         0.356        0.878       1557.143  4.6e-03        0.078     30.752        0.371       0.870
76400         0.355        0.878       1559.184  4.5e-03        0.078     30.758        0.371       0.870
76500         0.353        0.879       1561.224  4.4e-03        0.078     30.754        0.371       0.870
76600         0.356        0.879       1563.265  4.3e-03        0.078     30.759        0.371       0.870
76700         0.352        0.879       1565.306  4.1e-03        0.079     30.757        0.371       0.870
76800         0.354        0.878       1567.347  4.0e-03        0.078     30.758        0.371       0.870
76900         0.355        0.879       1569.388  3.9e-03        0.078     30.752        0.371       0.870
77000         0.352        0.881       1571.429  3.8e-03        0.077     33.873        0.371       0.870
77100         0.355        0.878       1573.469  3.6e-03        0.078     30.753        0.371       0.870
77200         0.351        0.880       1575.510  3.5e-03        0.079     30.753        0.371       0.870
77300         0.354        0.879       1577.551  3.4e-03        0.078     30.750        0.371       0.870
77400         0.356        0.878       1579.592  3.3e-03        0.079     30.747        0.371       0.870
77500         0.355        0.878       1581.633  3.1e-03        0.079     30.745        0.371       0.870
77600         0.353        0.879       1583.673  3.0e-03        0.078     30.750        0.371       0.870
77700         0.352        0.880       1585.714  2.9e-03        0.077     30.752        0.371       0.870
77800         0.355        0.879       1587.755  2.8e-03        0.077     30.749        0.371       0.870
77900         0.354        0.879       1589.796  2.6e-03        0.077     30.748        0.371       0.870
    t    train_loss    train_acc    train_epoch       lr    data_time    it_time    test_loss    test_acc
-----  ------------  -----------  -------------  -------  -----------  ---------  -----------  ----------
78000         0.355        0.879       1591.837  2.5e-03        0.077     33.869        0.371       0.870
78100         0.353        0.880       1593.878  2.4e-03        0.077     30.746        0.371       0.870
78200         0.354        0.879       1595.918  2.3e-03        0.078     30.750        0.371       0.870
78300         0.354        0.880       1597.959  2.1e-03        0.079     30.747        0.371       0.870
78400         0.354        0.879       1600.000  2.0e-03        0.076     30.697        0.371       0.870
78500         0.355        0.879       1602.041  1.9e-03        0.078     30.751        0.371       0.870
78600         0.356        0.878       1604.082  1.8e-03        0.076     30.751        0.371       0.870
78700         0.356        0.878       1606.122  1.6e-03        0.077     30.750        0.371       0.870
78800         0.354        0.879       1608.163  1.5e-03        0.077     30.752        0.371       0.870
78900         0.354        0.878       1610.204  1.4e-03        0.077     30.757        0.371       0.870
79000         0.354        0.880       1612.245  1.3e-03        0.077     33.880        0.371       0.870
79100         0.353        0.880       1614.286  1.1e-03        0.078     30.762        0.371       0.870
79200         0.353        0.879       1616.327  1.0e-03        0.077     30.754        0.371       0.870
79300         0.354        0.879       1618.367  8.8e-04        0.077     30.758        0.371       0.870
79400         0.354        0.879       1620.408  7.5e-04        0.077     30.759        0.371       0.870
79500         0.356        0.878       1622.449  6.3e-04        0.077     30.756        0.371       0.870
79600         0.353        0.879       1624.490  5.0e-04        0.077     30.760        0.371       0.870
79700         0.354        0.879       1626.531  3.8e-04        0.077     30.762        0.371       0.870
79800         0.353        0.879       1628.571  2.5e-04        0.077     30.753        0.371       0.870
79900         0.355        0.879       1630.612  1.3e-04        0.077     30.752        0.371       0.870
80000         0.354        0.879       1632.653  1.2e-06        0.077     33.872        0.371       0.870
