  t    train_loss    train_acc    train_epoch       lr    data_time    it_time
---  ------------  -----------  -------------  -------  -----------  ---------
100         0.805        0.751          2.041  1.0e-01        0.291     33.556
200         0.545        0.816          4.082  1.0e-01        0.076     29.473
300         0.501        0.829          6.122  1.0e-01        0.073     28.892
400         0.479        0.836          8.163  1.0e-01        0.075     29.112
500         0.461        0.843         10.204  9.9e-02        0.074     29.051
600         0.449        0.846         12.245  9.9e-02        0.073     28.891
700         0.441        0.849         14.286  9.9e-02        0.073     28.902
800         0.432        0.852         16.327  9.9e-02        0.073     28.893
900         0.424        0.855         18.367  9.9e-02        0.074     28.911
1000         0.421        0.856         20.408  9.9e-02        0.074     33.308        0.415       0.853
1100         0.415        0.857         22.449  9.9e-02        0.074     29.032        0.415       0.853
1200         0.410        0.859         24.490  9.9e-02        0.073     28.952        0.415       0.853
1300         0.406        0.860         26.531  9.8e-02        0.073     28.919        0.415       0.853
1400         0.401        0.862         28.571  9.8e-02        0.073     28.910        0.415       0.853
1500         0.396        0.864         30.612  9.8e-02        0.073     28.914        0.415       0.853
1600         0.397        0.863         32.653  9.8e-02        0.073     28.903        0.415       0.853
1700         0.393        0.865         34.694  9.8e-02        0.073     28.910        0.415       0.853
1800         0.391        0.865         36.735  9.8e-02        0.074     28.911        0.415       0.853
1900         0.390        0.865         38.776  9.8e-02        0.073     28.906        0.415       0.853
2000         0.387        0.867         40.816  9.8e-02        0.073     31.838        0.390       0.864
2100         0.383        0.868         42.857  9.7e-02        0.073     28.902        0.390       0.864
2200         0.382        0.870         44.898  9.7e-02        0.073     28.915        0.390       0.864
2300         0.382        0.868         46.939  9.7e-02        0.074     28.906        0.390       0.864
2400         0.378        0.870         48.980  9.7e-02        0.073     28.903        0.390       0.864
2500         0.378        0.870         51.020  9.7e-02        0.073     28.851        0.390       0.864
2600         0.376        0.871         53.061  9.7e-02        0.073     28.961        0.390       0.864
2700         0.371        0.872         55.102  9.7e-02        0.073     28.814        0.390       0.864
2800         0.373        0.871         57.143  9.7e-02        0.073     28.806        0.390       0.864
2900         0.370        0.873         59.184  9.6e-02        0.073     28.777        0.390       0.864
3000         0.373        0.871         61.224  9.6e-02        0.073     31.729        0.378       0.869
3100         0.367        0.873         63.265  9.6e-02        0.073     28.798        0.378       0.869
3200         0.370        0.872         65.306  9.6e-02        0.073     28.799        0.378       0.869
3300         0.365        0.875         67.347  9.6e-02        0.073     28.806        0.378       0.869
3400         0.368        0.873         69.388  9.6e-02        0.073     28.806        0.378       0.869
3500         0.364        0.875         71.429  9.6e-02        0.073     28.781        0.378       0.869
3600         0.364        0.875         73.469  9.6e-02        0.073     28.810        0.378       0.869
3700         0.365        0.875         75.510  9.5e-02        0.074     28.794        0.378       0.869
3800         0.363        0.875         77.551  9.5e-02        0.073     28.794        0.378       0.869
3900         0.361        0.876         79.592  9.5e-02        0.073     28.797        0.378       0.869
4000         0.361        0.875         81.633  9.5e-02        0.073     31.724        0.373       0.871
4100         0.359        0.876         83.673  9.5e-02        0.073     28.789        0.373       0.871
   t    train_loss    train_acc    train_epoch       lr    data_time    it_time    test_loss    test_acc
----  ------------  -----------  -------------  -------  -----------  ---------  -----------  ----------
4200         0.359        0.876         85.714  9.5e-02        0.073     28.796        0.373       0.871
4300         0.358        0.877         87.755  9.5e-02        0.073     28.806        0.373       0.871
4400         0.358        0.877         89.796  9.5e-02        0.073     28.798        0.373       0.871
4500         0.357        0.877         91.837  9.4e-02        0.073     28.802        0.373       0.871
4600         0.356        0.878         93.878  9.4e-02        0.073     28.805        0.373       0.871
4700         0.358        0.877         95.918  9.4e-02        0.073     28.782        0.373       0.871
4800         0.354        0.878         97.959  9.4e-02        0.074     28.797        0.373       0.871
4900         0.355        0.878        100.000  9.4e-02        0.073     28.756        0.373       0.871
5000         0.355        0.878        102.041  9.4e-02        0.073     31.705        0.369       0.873
5100         0.354        0.878        104.082  9.4e-02        0.073     28.771        0.369       0.873
5200         0.353        0.878        106.122  9.4e-02        0.073     28.790        0.369       0.873
5300         0.353        0.879        108.163  9.3e-02        0.073     28.816        0.369       0.873
5400         0.353        0.878        110.204  9.3e-02        0.073     28.811        0.369       0.873
5500         0.352        0.879        112.245  9.3e-02        0.074     28.804        0.369       0.873
5600         0.352        0.878        114.286  9.3e-02        0.073     28.773        0.369       0.873
5700         0.349        0.879        116.327  9.3e-02        0.074     28.792        0.369       0.873
5800         0.353        0.878        118.367  9.3e-02        0.073     28.805        0.369       0.873
5900         0.351        0.879        120.408  9.3e-02        0.073     28.808        0.369       0.873
6000         0.349        0.879        122.449  9.3e-02        0.073     31.783        0.364       0.873
6100         0.348        0.879        124.490  9.2e-02        0.075     29.667        0.364       0.873
6200         0.349        0.880        126.531  9.2e-02        0.076     30.017        0.364       0.873
6300         0.347        0.882        128.571  9.2e-02        0.073     29.061        0.364       0.873
6400         0.347        0.880        130.612  9.2e-02        0.073     28.912        0.364       0.873
6500         0.350        0.879        132.653  9.2e-02        0.073     28.912        0.364       0.873
6600         0.348        0.879        134.694  9.2e-02        0.073     28.905        0.364       0.873
6700         0.344        0.880        136.735  9.2e-02        0.073     28.922        0.364       0.873
6800         0.349        0.880        138.776  9.2e-02        0.073     28.911        0.364       0.873
6900         0.344        0.882        140.816  9.1e-02        0.073     28.913        0.364       0.873
7000         0.345        0.881        142.857  9.1e-02        0.074     31.839        0.363       0.873
7100         0.346        0.882        144.898  9.1e-02        0.076     29.921        0.363       0.873
7200         0.345        0.882        146.939  9.1e-02        0.075     28.904        0.363       0.873
7300         0.345        0.881        148.980  9.1e-02        0.074     28.922        0.363       0.873
7400         0.344        0.881        151.020  9.1e-02        0.073     28.853        0.363       0.873
7500         0.344        0.881        153.061  9.1e-02        0.075     29.290        0.363       0.873
7600         0.345        0.881        155.102  9.1e-02        0.074     28.913        0.363       0.873
7700         0.345        0.881        157.143  9.0e-02        0.074     28.948        0.363       0.873
7800         0.343        0.882        159.184  9.0e-02        0.073     28.905        0.363       0.873
7900         0.345        0.882        161.224  9.0e-02        0.073     28.920        0.363       0.873
8000         0.341        0.882        163.265  9.0e-02        0.074     32.063        0.360       0.876
8100         0.342        0.882        165.306  9.0e-02        0.074     28.911        0.360       0.876
8200         0.343        0.882        167.347  9.0e-02        0.074     28.920        0.360       0.876
   t    train_loss    train_acc    train_epoch       lr    data_time    it_time    test_loss    test_acc
----  ------------  -----------  -------------  -------  -----------  ---------  -----------  ----------
8300         0.342        0.882        169.388  9.0e-02        0.074     28.923        0.360       0.876
8400         0.342        0.883        171.429  9.0e-02        0.074     28.910        0.360       0.876
8500         0.342        0.882        173.469  8.9e-02        0.076     29.803        0.360       0.876
8600         0.340        0.884        175.510  8.9e-02        0.074     28.921        0.360       0.876
8700         0.343        0.882        177.551  8.9e-02        0.074     28.914        0.360       0.876
8800         0.339        0.884        179.592  8.9e-02        0.073     28.910        0.360       0.876
8900         0.341        0.882        181.633  8.9e-02        0.074     28.923        0.360       0.876
9000         0.341        0.882        183.673  8.9e-02        0.074     31.901        0.361       0.875
9100         0.340        0.883        185.714  8.9e-02        0.073     29.115        0.361       0.875
9200         0.339        0.884        187.755  8.9e-02        0.073     28.911        0.361       0.875
9300         0.341        0.882        189.796  8.8e-02        0.074     28.912        0.361       0.875
9400         0.339        0.884        191.837  8.8e-02        0.074     28.918        0.361       0.875
9500         0.341        0.883        193.878  8.8e-02        0.074     28.917        0.361       0.875
9600         0.338        0.884        195.918  8.8e-02        0.074     28.920        0.361       0.875
9700         0.340        0.883        197.959  8.8e-02        0.075     28.916        0.361       0.875
9800         0.339        0.883        200.000  8.8e-02        0.074     28.854        0.361       0.875
9900         0.339        0.883        202.041  8.8e-02        0.074     28.922        0.361       0.875
10000         0.340        0.882        204.082  8.8e-02        0.073     31.849        0.360       0.876
10100         0.338        0.884        206.122  8.7e-02        0.074     29.038        0.360       0.876
10200         0.340        0.884        208.163  8.7e-02        0.073     28.890        0.360       0.876
10300         0.339        0.883        210.204  8.7e-02        0.077     30.135        0.360       0.876
10400         0.339        0.883        212.245  8.7e-02        0.073     28.917        0.360       0.876
10500         0.338        0.883        214.286  8.7e-02        0.075     28.906        0.360       0.876
10600         0.338        0.884        216.327  8.7e-02        0.073     28.927        0.360       0.876
10700         0.337        0.884        218.367  8.7e-02        0.074     28.915        0.360       0.876
10800         0.336        0.884        220.408  8.7e-02        0.074     28.914        0.360       0.876
10900         0.339        0.883        222.449  8.6e-02        0.073     28.914        0.360       0.876
11000         0.338        0.883        224.490  8.6e-02        0.074     31.850        0.358       0.875
11100         0.337        0.885        226.531  8.6e-02        0.074     28.919        0.358       0.875
11200         0.341        0.883        228.571  8.6e-02        0.075     28.914        0.358       0.875
11300         0.336        0.884        230.612  8.6e-02        0.074     28.920        0.358       0.875
11400         0.337        0.883        232.653  8.6e-02        0.074     28.972        0.358       0.875
11500         0.336        0.884        234.694  8.6e-02        0.073     28.813        0.358       0.875
11600         0.338        0.883        236.735  8.6e-02        0.073     28.819        0.358       0.875
11700         0.335        0.885        238.776  8.5e-02        0.073     28.781        0.358       0.875
11800         0.338        0.884        240.816  8.5e-02        0.073     28.784        0.358       0.875
11900         0.337        0.884        242.857  8.5e-02        0.073     28.786        0.358       0.875
12000         0.336        0.884        244.898  8.5e-02        0.073     31.698        0.356       0.876
12100         0.336        0.884        246.939  8.5e-02        0.075     28.801        0.356       0.876
12200         0.336        0.885        248.980  8.5e-02        0.073     28.809        0.356       0.876
12300         0.337        0.884        251.020  8.5e-02        0.073     28.757        0.356       0.876
    t    train_loss    train_acc    train_epoch       lr    data_time    it_time    test_loss    test_acc
-----  ------------  -----------  -------------  -------  -----------  ---------  -----------  ----------
12400         0.337        0.884        253.061  8.5e-02        0.073     28.799        0.356       0.876
12500         0.336        0.884        255.102  8.4e-02        0.073     28.826        0.356       0.876
12600         0.337        0.884        257.143  8.4e-02        0.073     28.787        0.356       0.876
12700         0.334        0.885        259.184  8.4e-02        0.073     28.821        0.356       0.876
12800         0.336        0.885        261.224  8.4e-02        0.073     28.801        0.356       0.876
12900         0.335        0.885        263.265  8.4e-02        0.073     28.782        0.356       0.876
13000         0.334        0.885        265.306  8.4e-02        0.074     31.733        0.357       0.875
13100         0.335        0.884        267.347  8.4e-02        0.073     28.785        0.357       0.875
13200         0.338        0.883        269.388  8.4e-02        0.073     28.807        0.357       0.875
13300         0.334        0.886        271.429  8.3e-02        0.073     28.798        0.357       0.875
13400         0.336        0.884        273.469  8.3e-02        0.073     28.806        0.357       0.875
13500         0.336        0.884        275.510  8.3e-02        0.074     28.781        0.357       0.875
13600         0.334        0.885        277.551  8.3e-02        0.074     28.807        0.357       0.875
13700         0.334        0.885        279.592  8.3e-02        0.075     28.807        0.357       0.875
13800         0.338        0.883        281.633  8.3e-02        0.074     28.793        0.357       0.875
13900         0.333        0.886        283.673  8.3e-02        0.074     28.800        0.357       0.875
14000         0.335        0.885        285.714  8.3e-02        0.073     31.723        0.358       0.875
14100         0.335        0.885        287.755  8.2e-02        0.073     28.787        0.358       0.875
14200         0.333        0.885        289.796  8.2e-02        0.073     28.804        0.358       0.875
14300         0.335        0.886        291.837  8.2e-02        0.073     28.802        0.358       0.875
14400         0.335        0.885        293.878  8.2e-02        0.074     28.793        0.358       0.875
14500         0.335        0.885        295.918  8.2e-02        0.074     28.806        0.358       0.875
14600         0.333        0.886        297.959  8.2e-02        0.075     28.805        0.358       0.875
14700         0.334        0.886        300.000  8.2e-02        0.073     28.732        0.358       0.875
14800         0.334        0.886        302.041  8.2e-02        0.074     28.800        0.358       0.875
14900         0.333        0.885        304.082  8.1e-02        0.073     28.777        0.358       0.875
15000         0.334        0.884        306.122  8.1e-02        0.074     31.705        0.355       0.877
15100         0.333        0.886        308.163  8.1e-02        0.074     28.779        0.355       0.877
15200         0.334        0.885        310.204  8.1e-02        0.073     28.803        0.355       0.877
15300         0.332        0.886        312.245  8.1e-02        0.073     28.790        0.355       0.877
15400         0.334        0.885        314.286  8.1e-02        0.073     28.778        0.355       0.877
15500         0.334        0.885        316.327  8.1e-02        0.074     28.785        0.355       0.877
15600         0.332        0.886        318.367  8.1e-02        0.074     28.790        0.355       0.877
15700         0.333        0.885        320.408  8.0e-02        0.073     28.802        0.355       0.877
15800         0.332        0.886        322.449  8.0e-02        0.073     28.806        0.355       0.877
15900         0.334        0.886        324.490  8.0e-02        0.074     28.804        0.355       0.877
16000         0.331        0.886        326.531  8.0e-02        0.074     31.707        0.357       0.876
16100         0.334        0.885        328.571  8.0e-02        0.073     28.807        0.357       0.876
16200         0.336        0.885        330.612  8.0e-02        0.073     28.789        0.357       0.876
16300         0.331        0.887        332.653  8.0e-02        0.074     28.776        0.357       0.876
16400         0.333        0.886        334.694  8.0e-02        0.074     28.789        0.357       0.876
    t    train_loss    train_acc    train_epoch       lr    data_time    it_time    test_loss    test_acc
-----  ------------  -----------  -------------  -------  -----------  ---------  -----------  ----------
16500         0.332        0.887        336.735  7.9e-02        0.073     28.794        0.357       0.876
16600         0.334        0.885        338.776  7.9e-02        0.073     28.795        0.357       0.876
16700         0.334        0.885        340.816  7.9e-02        0.073     28.796        0.357       0.876
16800         0.333        0.885        342.857  7.9e-02        0.075     28.788        0.357       0.876
16900         0.334        0.885        344.898  7.9e-02        0.074     28.789        0.357       0.876
17000         0.334        0.885        346.939  7.9e-02        0.075     31.724        0.355       0.877
17100         0.333        0.886        348.980  7.9e-02        0.074     28.788        0.355       0.877
17200         0.332        0.885        351.020  7.9e-02        0.074     28.754        0.355       0.877
17300         0.333        0.886        353.061  7.8e-02        0.073     28.777        0.355       0.877
17400         0.334        0.886        355.102  7.8e-02        0.073     28.790        0.355       0.877
17500         0.332        0.887        357.143  7.8e-02        0.074     28.759        0.355       0.877
17600         0.332        0.886        359.184  7.8e-02        0.074     28.813        0.355       0.877
17700         0.333        0.886        361.224  7.8e-02        0.074     28.795        0.355       0.877
17800         0.333        0.885        363.265  7.8e-02        0.074     28.785        0.355       0.877
17900         0.332        0.885        365.306  7.8e-02        0.074     28.785        0.355       0.877
18000         0.332        0.886        367.347  7.8e-02        0.074     31.698        0.355       0.875
18100         0.333        0.886        369.388  7.7e-02        0.074     28.803        0.355       0.875
18200         0.330        0.886        371.429  7.7e-02        0.073     28.765        0.355       0.875
18300         0.334        0.886        373.469  7.7e-02        0.074     28.794        0.355       0.875
18400         0.332        0.886        375.510  7.7e-02        0.073     28.802        0.355       0.875
18500         0.332        0.885        377.551  7.7e-02        0.074     28.786        0.355       0.875
18600         0.332        0.885        379.592  7.7e-02        0.073     28.801        0.355       0.875
18700         0.332        0.885        381.633  7.7e-02        0.073     28.786        0.355       0.875
18800         0.332        0.885        383.673  7.7e-02        0.074     28.803        0.355       0.875
18900         0.332        0.886        385.714  7.6e-02        0.074     28.804        0.355       0.875
19000         0.335        0.885        387.755  7.6e-02        0.074     31.677        0.355       0.877
19100         0.331        0.886        389.796  7.6e-02        0.074     28.794        0.355       0.877
19200         0.331        0.886        391.837  7.6e-02        0.074     28.784        0.355       0.877
19300         0.333        0.887        393.878  7.6e-02        0.073     28.777        0.355       0.877
19400         0.333        0.884        395.918  7.6e-02        0.074     28.786        0.355       0.877
19500         0.332        0.885        397.959  7.6e-02        0.074     28.786        0.355       0.877
19600         0.333        0.886        400.000  7.6e-02        0.073     28.723        0.355       0.877
19700         0.331        0.887        402.041  7.5e-02        0.073     28.786        0.355       0.877
19800         0.332        0.886        404.082  7.5e-02        0.073     28.773        0.355       0.877
19900         0.332        0.886        406.122  7.5e-02        0.075     28.792        0.355       0.877
20000         0.333        0.886        408.163  7.5e-02        0.073     31.694        0.354       0.877
20100         0.333        0.886        410.204  7.5e-02        0.074     28.781        0.354       0.877
20200         0.332        0.887        412.245  7.5e-02        0.074     28.787        0.354       0.877
20300         0.330        0.886        414.286  7.5e-02        0.074     28.803        0.354       0.877
20400         0.333        0.885        416.327  7.5e-02        0.073     28.789        0.354       0.877
20500         0.332        0.886        418.367  7.4e-02        0.074     28.797        0.354       0.877
    t    train_loss    train_acc    train_epoch       lr    data_time    it_time    test_loss    test_acc
-----  ------------  -----------  -------------  -------  -----------  ---------  -----------  ----------
20600         0.332        0.885        420.408  7.4e-02        0.074     28.801        0.354       0.877
20700         0.330        0.887        422.449  7.4e-02        0.073     28.804        0.354       0.877
20800         0.331        0.885        424.490  7.4e-02        0.073     28.807        0.354       0.877
20900         0.330        0.887        426.531  7.4e-02        0.074     28.794        0.354       0.877
21000         0.330        0.887        428.571  7.4e-02        0.073     31.707        0.356       0.877
21100         0.333        0.885        430.612  7.4e-02        0.074     28.796        0.356       0.877
21200         0.333        0.885        432.653  7.4e-02        0.074     28.806        0.356       0.877
21300         0.328        0.888        434.694  7.3e-02        0.074     28.804        0.356       0.877
21400         0.331        0.886        436.735  7.3e-02        0.074     28.785        0.356       0.877
21500         0.331        0.886        438.776  7.3e-02        0.075     28.776        0.356       0.877
21600         0.331        0.886        440.816  7.3e-02        0.073     28.807        0.356       0.877
21700         0.331        0.886        442.857  7.3e-02        0.074     28.877        0.356       0.877
21800         0.331        0.886        444.898  7.3e-02        0.074     28.863        0.356       0.877
21900         0.331        0.885        446.939  7.3e-02        0.076     28.782        0.356       0.877
22000         0.333        0.885        448.980  7.3e-02        0.074     31.756        0.355       0.876
22100         0.331        0.886        451.020  7.2e-02        0.074     28.732        0.355       0.876
22200         0.330        0.887        453.061  7.2e-02        0.076     29.310        0.355       0.876
22300         0.330        0.887        455.102  7.2e-02        0.075     28.902        0.355       0.876
22400         0.331        0.886        457.143  7.2e-02        0.075     28.903        0.355       0.876
22500         0.331        0.886        459.184  7.2e-02        0.080     30.508        0.355       0.876
22600         0.331        0.886        461.224  7.2e-02        0.074     28.892        0.355       0.876
22700         0.330        0.886        463.265  7.2e-02        0.074     28.896        0.355       0.876
22800         0.333        0.886        465.306  7.2e-02        0.074     28.908        0.355       0.876
22900         0.329        0.886        467.347  7.1e-02        0.074     28.908        0.355       0.876
23000         0.332        0.885        469.388  7.1e-02        0.075     31.827        0.354       0.877
23100         0.331        0.886        471.429  7.1e-02        0.074     28.920        0.354       0.877
23200         0.331        0.887        473.469  7.1e-02        0.075     29.242        0.354       0.877
23300         0.332        0.886        475.510  7.1e-02        0.074     28.899        0.354       0.877
23400         0.330        0.886        477.551  7.1e-02        0.074     28.902        0.354       0.877
23500         0.331        0.886        479.592  7.1e-02        0.074     28.911        0.354       0.877
23600         0.330        0.887        481.633  7.1e-02        0.074     28.902        0.354       0.877
23700         0.331        0.886        483.673  7.0e-02        0.074     28.902        0.354       0.877
23800         0.331        0.887        485.714  7.0e-02        0.074     28.912        0.354       0.877
23900         0.329        0.887        487.755  7.0e-02        0.074     28.902        0.354       0.877
24000         0.333        0.885        489.796  7.0e-02        0.074     31.832        0.354       0.877
24100         0.329        0.887        491.837  7.0e-02        0.074     28.889        0.354       0.877
24200         0.329        0.887        493.878  7.0e-02        0.074     29.012        0.354       0.877
24300         0.332        0.886        495.918  7.0e-02        0.075     28.798        0.354       0.877
24400         0.330        0.887        497.959  7.0e-02        0.075     28.787        0.354       0.877
24500         0.330        0.887        500.000  6.9e-02        0.074     28.733        0.354       0.877
24600         0.331        0.886        502.041  6.9e-02        0.074     28.789        0.354       0.877
    t    train_loss    train_acc    train_epoch       lr    data_time    it_time    test_loss    test_acc
-----  ------------  -----------  -------------  -------  -----------  ---------  -----------  ----------
24700         0.332        0.886        504.082  6.9e-02        0.074     28.782        0.354       0.877
24800         0.331        0.885        506.122  6.9e-02        0.074     28.786        0.354       0.877
24900         0.331        0.887        508.163  6.9e-02        0.074     28.787        0.354       0.877
25000         0.331        0.886        510.204  6.9e-02        0.074     31.690        0.355       0.876
25100         0.331        0.886        512.245  6.9e-02        0.073     28.784        0.355       0.876
25200         0.330        0.887        514.286  6.9e-02        0.073     28.841        0.355       0.876
25300         0.330        0.888        516.327  6.8e-02        0.076     29.533        0.355       0.876
25400         0.333        0.885        518.367  6.8e-02        0.074     28.911        0.355       0.876
25500         0.328        0.887        520.408  6.8e-02        0.074     28.902        0.355       0.876
25600         0.333        0.885        522.449  6.8e-02        0.074     28.910        0.355       0.876
25700         0.328        0.887        524.490  6.8e-02        0.074     28.903        0.355       0.876
25800         0.332        0.886        526.531  6.8e-02        0.074     28.901        0.355       0.876
25900         0.329        0.887        528.571  6.8e-02        0.074     28.901        0.355       0.876
26000         0.330        0.887        530.612  6.8e-02        0.074     31.830        0.353       0.877
26100         0.330        0.886        532.653  6.7e-02        0.074     28.910        0.353       0.877
26200         0.331        0.886        534.694  6.7e-02        0.074     28.894        0.353       0.877
26300         0.330        0.886        536.735  6.7e-02        0.074     28.902        0.353       0.877
26400         0.331        0.887        538.776  6.7e-02        0.074     28.988        0.353       0.877
26500         0.329        0.888        540.816  6.7e-02        0.074     28.795        0.353       0.877
26600         0.330        0.886        542.857  6.7e-02        0.073     28.798        0.353       0.877
26700         0.330        0.887        544.898  6.7e-02        0.074     28.785        0.353       0.877
26800         0.332        0.886        546.939  6.7e-02        0.075     28.782        0.353       0.877
26900         0.329        0.886        548.980  6.6e-02        0.074     28.800        0.353       0.877
27000         0.330        0.886        551.020  6.6e-02        0.074     31.642        0.354       0.877
27100         0.330        0.886        553.061  6.6e-02        0.074     28.806        0.354       0.877
27200         0.330        0.886        555.102  6.6e-02        0.074     28.808        0.354       0.877
27300         0.329        0.886        557.143  6.6e-02        0.074     28.776        0.354       0.877
27400         0.330        0.887        559.184  6.6e-02        0.074     28.786        0.354       0.877
27500         0.330        0.886        561.224  6.6e-02        0.074     28.802        0.354       0.877
27600         0.329        0.887        563.265  6.6e-02        0.074     28.775        0.354       0.877
27700         0.329        0.887        565.306  6.5e-02        0.074     28.793        0.354       0.877
27800         0.332        0.886        567.347  6.5e-02        0.074     28.787        0.354       0.877
27900         0.330        0.888        569.388  6.5e-02        0.074     28.794        0.354       0.877
28000         0.331        0.886        571.429  6.5e-02        0.074     31.702        0.356       0.876
28100         0.330        0.886        573.469  6.5e-02        0.075     28.794        0.356       0.876
28200         0.331        0.886        575.510  6.5e-02        0.074     29.085        0.356       0.876
28300         0.331        0.887        577.551  6.5e-02        0.075     29.129        0.356       0.876
28400         0.330        0.886        579.592  6.5e-02        0.076     29.119        0.356       0.876
28500         0.330        0.886        581.633  6.4e-02        0.075     29.119        0.356       0.876
28600         0.330        0.887        583.673  6.4e-02        0.074     29.111        0.356       0.876
28700         0.333        0.886        585.714  6.4e-02        0.075     29.126        0.356       0.876
    t    train_loss    train_acc    train_epoch       lr    data_time    it_time    test_loss    test_acc
-----  ------------  -----------  -------------  -------  -----------  ---------  -----------  ----------
28800         0.330        0.887        587.755  6.4e-02        0.076     29.129        0.356       0.876
28900         0.329        0.886        589.796  6.4e-02        0.075     29.130        0.356       0.876
29000         0.331        0.886        591.837  6.4e-02        0.074     32.075        0.354       0.877
29100         0.328        0.888        593.878  6.4e-02        0.075     29.118        0.354       0.877
29200         0.331        0.886        595.918  6.4e-02        0.075     29.122        0.354       0.877
29300         0.330        0.887        597.959  6.3e-02        0.079     29.813        0.354       0.877
29400         0.330        0.886        600.000  6.3e-02        0.074     28.846        0.354       0.877
29500         0.331        0.886        602.041  6.3e-02        0.074     28.888        0.354       0.877
29600         0.330        0.886        604.082  6.3e-02        0.074     28.890        0.354       0.877
29700         0.330        0.886        606.122  6.3e-02        0.074     28.900        0.354       0.877
29800         0.329        0.887        608.163  6.3e-02        0.075     28.899        0.354       0.877
29900         0.331        0.886        610.204  6.3e-02        0.074     28.892        0.354       0.877
30000         0.329        0.887        612.245  6.3e-02        0.074     31.825        0.354       0.877
30100         0.328        0.888        614.286  6.2e-02        0.074     28.904        0.354       0.877
30200         0.331        0.887        616.327  6.2e-02        0.075     28.908        0.354       0.877
30300         0.330        0.886        618.367  6.2e-02        0.074     28.909        0.354       0.877
30400         0.330        0.887        620.408  6.2e-02        0.074     28.921        0.354       0.877
30500         0.332        0.886        622.449  6.2e-02        0.074     28.900        0.354       0.877
30600         0.328        0.888        624.490  6.2e-02        0.076     29.238        0.354       0.877
30700         0.330        0.887        626.531  6.2e-02        0.077     29.031        0.354       0.877
30800         0.329        0.887        628.571  6.2e-02        0.081     29.728        0.354       0.877
30900         0.330        0.887        630.612  6.1e-02        0.080     29.718        0.354       0.877
31000         0.330        0.887        632.653  6.1e-02        0.080     32.724        0.354       0.876
31100         0.328        0.887        634.694  6.1e-02        0.080     29.894        0.354       0.876
31200         0.331        0.886        636.735  6.1e-02        0.079     29.545        0.354       0.876
31300         0.331        0.886        638.776  6.1e-02        0.077     29.414        0.354       0.876
31400         0.329        0.887        640.816  6.1e-02        0.075     28.951        0.354       0.876
31500         0.330        0.887        642.857  6.1e-02        0.076     28.932        0.354       0.876
31600         0.329        0.887        644.898  6.1e-02        0.075     28.931        0.354       0.876
31700         0.330        0.886        646.939  6.0e-02        0.076     28.936        0.354       0.876
31800         0.330        0.887        648.980  6.0e-02        0.075     28.939        0.354       0.876
31900         0.329        0.887        651.020  6.0e-02        0.075     28.886        0.354       0.876
32000         0.329        0.887        653.061  6.0e-02        0.075     31.876        0.355       0.876
32100         0.333        0.886        655.102  6.0e-02        0.075     28.943        0.355       0.876
32200         0.329        0.886        657.143  6.0e-02        0.075     28.929        0.355       0.876
32300         0.330        0.886        659.184  6.0e-02        0.075     28.949        0.355       0.876
32400         0.329        0.886        661.224  6.0e-02        0.076     28.999        0.355       0.876
32500         0.329        0.888        663.265  5.9e-02        0.075     28.938        0.355       0.876
32600         0.331        0.887        665.306  5.9e-02        0.075     28.931        0.355       0.876
32700         0.329        0.887        667.347  5.9e-02        0.075     28.941        0.355       0.876
32800         0.330        0.886        669.388  5.9e-02        0.075     28.934        0.355       0.876
    t    train_loss    train_acc    train_epoch       lr    data_time    it_time    test_loss    test_acc
-----  ------------  -----------  -------------  -------  -----------  ---------  -----------  ----------
32900         0.328        0.887        671.429  5.9e-02        0.076     28.989        0.355       0.876
33000         0.329        0.888        673.469  5.9e-02        0.076     31.868        0.353       0.877
33100         0.330        0.887        675.510  5.9e-02        0.076     28.938        0.353       0.877
33200         0.331        0.886        677.551  5.9e-02        0.075     28.942        0.353       0.877
33300         0.328        0.887        679.592  5.8e-02        0.075     28.942        0.353       0.877
33400         0.329        0.887        681.633  5.8e-02        0.076     28.941        0.353       0.877
33500         0.328        0.887        683.673  5.8e-02        0.078     29.655        0.353       0.877
33600         0.328        0.887        685.714  5.8e-02        0.075     28.892        0.353       0.877
33700         0.331        0.885        687.755  5.8e-02        0.075     28.890        0.353       0.877
33800         0.327        0.888        689.796  5.8e-02        0.076     28.890        0.353       0.877
33900         0.329        0.886        691.837  5.8e-02        0.075     28.891        0.353       0.877
34000         0.330        0.887        693.878  5.8e-02        0.075     31.822        0.354       0.878
34100         0.329        0.887        695.918  5.7e-02        0.076     28.898        0.354       0.878
34200         0.330        0.887        697.959  5.7e-02        0.076     28.891        0.354       0.878
34300         0.330        0.887        700.000  5.7e-02        0.075     28.840        0.354       0.878
34400         0.329        0.888        702.041  5.7e-02        0.076     28.943        0.354       0.878
34500         0.329        0.887        704.082  5.7e-02        0.075     28.939        0.354       0.878
34600         0.329        0.887        706.122  5.7e-02        0.075     28.940        0.354       0.878
34700         0.329        0.886        708.163  5.7e-02        0.075     28.940        0.354       0.878
34800         0.329        0.887        710.204  5.7e-02        0.075     28.939        0.354       0.878
34900         0.331        0.886        712.245  5.6e-02        0.075     28.933        0.354       0.878
35000         0.327        0.887        714.286  5.6e-02        0.075     31.869        0.354       0.877
35100         0.329        0.887        716.327  5.6e-02        0.076     29.059        0.354       0.877
35200         0.328        0.888        718.367  5.6e-02        0.075     28.945        0.354       0.877
35300         0.330        0.887        720.408  5.6e-02        0.075     28.941        0.354       0.877
35400         0.330        0.886        722.449  5.6e-02        0.077     28.945        0.354       0.877
35500         0.329        0.886        724.490  5.6e-02        0.075     28.933        0.354       0.877
35600         0.330        0.887        726.531  5.6e-02        0.075     28.944        0.354       0.877
35700         0.329        0.886        728.571  5.5e-02        0.076     28.937        0.354       0.877
35800         0.330        0.887        730.612  5.5e-02        0.076     28.937        0.354       0.877
35900         0.330        0.887        732.653  5.5e-02        0.076     28.939        0.354       0.877
36000         0.328        0.887        734.694  5.5e-02        0.076     31.871        0.355       0.876
36100         0.330        0.888        736.735  5.5e-02        0.075     28.938        0.355       0.876
36200         0.329        0.887        738.776  5.5e-02        0.076     29.192        0.355       0.876
36300         0.328        0.887        740.816  5.5e-02        0.075     28.942        0.355       0.876
36400         0.330        0.887        742.857  5.5e-02        0.075     28.937        0.355       0.876
36500         0.329        0.887        744.898  5.4e-02        0.075     28.936        0.355       0.876
36600         0.329        0.887        746.939  5.4e-02        0.076     28.938        0.355       0.876
36700         0.329        0.887        748.980  5.4e-02        0.075     28.933        0.355       0.876
36800         0.329        0.887        751.020  5.4e-02        0.076     28.886        0.355       0.876
36900         0.331        0.885        753.061  5.4e-02        0.075     28.937        0.355       0.876
    t    train_loss    train_acc    train_epoch       lr    data_time    it_time    test_loss    test_acc
-----  ------------  -----------  -------------  -------  -----------  ---------  -----------  ----------
37000         0.330        0.887        755.102  5.4e-02        0.075     31.866        0.355       0.877
37100         0.330        0.887        757.143  5.4e-02        0.076     28.932        0.355       0.877
37200         0.329        0.886        759.184  5.4e-02        0.077     29.053        0.355       0.877
37300         0.328        0.888        761.224  5.3e-02        0.075     28.795        0.355       0.877
37400         0.328        0.888        763.265  5.3e-02        0.074     28.789        0.355       0.877
37500         0.332        0.886        765.306  5.3e-02        0.074     28.799        0.355       0.877
37600         0.329        0.887        767.347  5.3e-02        0.075     28.803        0.355       0.877
37700         0.331        0.886        769.388  5.3e-02        0.075     28.781        0.355       0.877
37800         0.329        0.887        771.429  5.3e-02        0.075     28.861        0.355       0.877
37900         0.330        0.886        773.469  5.3e-02        0.076     29.294        0.355       0.877
38000         0.330        0.887        775.510  5.3e-02        0.075     31.871        0.355       0.877
38100         0.330        0.886        777.551  5.2e-02        0.075     28.945        0.355       0.877
38200         0.330        0.887        779.592  5.2e-02        0.075     28.945        0.355       0.877
38300         0.328        0.887        781.633  5.2e-02        0.076     28.929        0.355       0.877
38400         0.331        0.886        783.673  5.2e-02        0.075     28.942        0.355       0.877
38500         0.331        0.886        785.714  5.2e-02        0.075     28.942        0.355       0.877
38600         0.329        0.886        787.755  5.2e-02        0.075     28.941        0.355       0.877
38700         0.329        0.887        789.796  5.2e-02        0.075     28.924        0.355       0.877
38800         0.329        0.887        791.837  5.2e-02        0.076     29.179        0.355       0.877
38900         0.328        0.888        793.878  5.1e-02        0.075     28.934        0.355       0.877
39000         0.331        0.886        795.918  5.1e-02        0.076     31.853        0.353       0.877
39100         0.328        0.887        797.959  5.1e-02        0.077     28.946        0.353       0.877
39200         0.329        0.886        800.000  5.1e-02        0.075     28.876        0.353       0.877
39300         0.330        0.886        802.041  5.1e-02        0.076     28.930        0.353       0.877
39400         0.330        0.886        804.082  5.1e-02        0.075     28.920        0.353       0.877
39500         0.330        0.887        806.122  5.1e-02        0.076     28.940        0.353       0.877
39600         0.329        0.885        808.163  5.1e-02        0.076     29.134        0.353       0.877
39700         0.328        0.887        810.204  5.0e-02        0.075     29.163        0.353       0.877
39800         0.331        0.886        812.245  5.0e-02        0.076     29.150        0.353       0.877
39900         0.330        0.886        814.286  5.0e-02        0.076     29.136        0.353       0.877
40000         0.329        0.886        816.327  5.0e-02        0.076     32.105        0.354       0.878
40100         0.329        0.888        818.367  5.0e-02        0.076     29.150        0.354       0.878
40200         0.328        0.888        820.408  5.0e-02        0.077     29.144        0.354       0.878
40300         0.331        0.886        822.449  5.0e-02        0.076     29.162        0.354       0.878
40400         0.329        0.887        824.490  5.0e-02        0.076     29.164        0.354       0.878
40500         0.329        0.888        826.531  4.9e-02        0.077     29.166        0.354       0.878
40600         0.331        0.886        828.571  4.9e-02        0.078     29.284        0.354       0.878
40700         0.329        0.887        830.612  4.9e-02        0.077     29.002        0.354       0.878
40800         0.330        0.887        832.653  4.9e-02        0.075     28.984        0.354       0.878
40900         0.327        0.888        834.694  4.9e-02        0.075     28.976        0.354       0.878
41000         0.331        0.886        836.735  4.9e-02        0.076     31.922        0.354       0.876
    t    train_loss    train_acc    train_epoch       lr    data_time    it_time    test_loss    test_acc
-----  ------------  -----------  -------------  -------  -----------  ---------  -----------  ----------
41100         0.329        0.887        838.776  4.9e-02        0.080     31.055        0.354       0.876
41200         0.330        0.887        840.816  4.9e-02        0.081     31.650        0.354       0.876
41300         0.329        0.886        842.857  4.8e-02        0.075     28.891        0.354       0.876
41400         0.329        0.887        844.898  4.8e-02        0.075     28.890        0.354       0.876
41500         0.330        0.886        846.939  4.8e-02        0.077     28.892        0.354       0.876
41600         0.329        0.887        848.980  4.8e-02        0.075     28.889        0.354       0.876
41700         0.330        0.887        851.020  4.8e-02        0.075     28.842        0.354       0.876
41800         0.329        0.887        853.061  4.8e-02        0.076     28.892        0.354       0.876
41900         0.330        0.887        855.102  4.8e-02        0.075     28.892        0.354       0.876
42000         0.328        0.888        857.143  4.8e-02        0.075     31.837        0.354       0.876
42100         0.330        0.886        859.184  4.7e-02        0.076     28.944        0.354       0.876
42200         0.329        0.887        861.224  4.7e-02        0.075     28.939        0.354       0.876
42300         0.331        0.885        863.265  4.7e-02        0.076     28.936        0.354       0.876
42400         0.329        0.888        865.306  4.7e-02        0.075     28.934        0.354       0.876
42500         0.326        0.889        867.347  4.7e-02        0.075     28.942        0.354       0.876
42600         0.328        0.888        869.388  4.7e-02        0.075     28.935        0.354       0.876
42700         0.330        0.886        871.429  4.7e-02        0.075     28.943        0.354       0.876
42800         0.330        0.887        873.469  4.7e-02        0.076     28.945        0.354       0.876
42900         0.330        0.887        875.510  4.6e-02        0.076     28.944        0.354       0.876
43000         0.329        0.887        877.551  4.6e-02        0.076     31.876        0.353       0.878
43100         0.329        0.886        879.592  4.6e-02        0.076     29.056        0.353       0.878
43200         0.328        0.887        881.633  4.6e-02        0.075     28.810        0.353       0.878
43300         0.330        0.886        883.673  4.6e-02        0.075     28.803        0.353       0.878
43400         0.327        0.887        885.714  4.6e-02        0.075     28.807        0.353       0.878
43500         0.328        0.887        887.755  4.6e-02        0.076     28.795        0.353       0.878
43600         0.329        0.887        889.796  4.6e-02        0.076     28.817        0.353       0.878
43700         0.331        0.886        891.837  4.5e-02        0.076     28.826        0.353       0.878
43800         0.330        0.886        893.878  4.5e-02        0.075     28.786        0.353       0.878
43900         0.328        0.887        895.918  4.5e-02        0.075     28.788        0.353       0.878
44000         0.329        0.887        897.959  4.5e-02        0.077     31.693        0.353       0.876
44100         0.330        0.886        900.000  4.5e-02        0.076     28.726        0.353       0.876
44200         0.328        0.888        902.041  4.5e-02        0.076     28.791        0.353       0.876
44300         0.328        0.887        904.082  4.5e-02        0.075     28.773        0.353       0.876
44400         0.331        0.886        906.122  4.5e-02        0.075     28.780        0.353       0.876
44500         0.330        0.887        908.163  4.4e-02        0.075     28.784        0.353       0.876
44600         0.330        0.887        910.204  4.4e-02        0.075     28.794        0.353       0.876
44700         0.328        0.888        912.245  4.4e-02        0.075     28.788        0.353       0.876
44800         0.330        0.885        914.286  4.4e-02        0.075     28.778        0.353       0.876
44900         0.328        0.887        916.327  4.4e-02        0.075     28.779        0.353       0.876
45000         0.328        0.887        918.367  4.4e-02        0.075     31.702        0.354       0.877
45100         0.330        0.887        920.408  4.4e-02        0.075     28.783        0.354       0.877
    t    train_loss    train_acc    train_epoch       lr    data_time    it_time    test_loss    test_acc
-----  ------------  -----------  -------------  -------  -----------  ---------  -----------  ----------
45200         0.330        0.886        922.449  4.4e-02        0.075     28.794        0.354       0.877
45300         0.327        0.887        924.490  4.3e-02        0.075     28.804        0.354       0.877
45400         0.330        0.887        926.531  4.3e-02        0.075     28.802        0.354       0.877
45500         0.329        0.887        928.571  4.3e-02        0.075     28.781        0.354       0.877
45600         0.330        0.887        930.612  4.3e-02        0.075     28.787        0.354       0.877
45700         0.329        0.887        932.653  4.3e-02        0.075     28.808        0.354       0.877
45800         0.329        0.886        934.694  4.3e-02        0.075     28.777        0.354       0.877
45900         0.329        0.887        936.735  4.3e-02        0.075     28.779        0.354       0.877
46000         0.329        0.887        938.776  4.3e-02        0.075     31.690        0.354       0.877
46100         0.330        0.886        940.816  4.2e-02        0.075     28.788        0.354       0.877
46200         0.328        0.887        942.857  4.2e-02        0.075     28.804        0.354       0.877
46300         0.329        0.887        944.898  4.2e-02        0.075     28.782        0.354       0.877
46400         0.329        0.888        946.939  4.2e-02        0.076     28.809        0.354       0.877
46500         0.329        0.887        948.980  4.2e-02        0.075     28.790        0.354       0.877
46600         0.328        0.887        951.020  4.2e-02        0.075     28.739        0.354       0.877
46700         0.331        0.886        953.061  4.2e-02        0.075     28.779        0.354       0.877
46800         0.328        0.887        955.102  4.2e-02        0.075     28.786        0.354       0.877
46900         0.329        0.888        957.143  4.1e-02        0.074     28.811        0.354       0.877
47000         0.329        0.887        959.184  4.1e-02        0.076     31.691        0.353       0.876
47100         0.330        0.887        961.224  4.1e-02        0.075     28.798        0.353       0.876
47200         0.328        0.888        963.265  4.1e-02        0.074     28.784        0.353       0.876
47300         0.329        0.887        965.306  4.1e-02        0.075     28.804        0.353       0.876
47400         0.329        0.887        967.347  4.1e-02        0.075     28.807        0.353       0.876
47500         0.326        0.888        969.388  4.1e-02        0.075     28.781        0.353       0.876
47600         0.329        0.886        971.429  4.1e-02        0.075     28.791        0.353       0.876
47700         0.330        0.886        973.469  4.0e-02        0.075     28.792        0.353       0.876
47800         0.330        0.887        975.510  4.0e-02        0.075     28.804        0.353       0.876
47900         0.328        0.888        977.551  4.0e-02        0.075     28.786        0.353       0.876
48000         0.328        0.887        979.592  4.0e-02        0.075     31.710        0.353       0.877
48100         0.329        0.887        981.633  4.0e-02        0.075     28.782        0.353       0.877
48200         0.328        0.886        983.673  4.0e-02        0.076     28.781        0.353       0.877
48300         0.330        0.886        985.714  4.0e-02        0.075     28.780        0.353       0.877
48400         0.330        0.886        987.755  4.0e-02        0.075     28.789        0.353       0.877
48500         0.328        0.888        989.796  3.9e-02        0.075     28.802        0.353       0.877
48600         0.328        0.887        991.837  3.9e-02        0.075     28.798        0.353       0.877
48700         0.331        0.886        993.878  3.9e-02        0.075     28.783        0.353       0.877
48800         0.328        0.887        995.918  3.9e-02        0.075     28.784        0.353       0.877
48900         0.329        0.887        997.959  3.9e-02        0.076     28.777        0.353       0.877
49000         0.328        0.888       1000.000  3.9e-02        0.075     31.647        0.354       0.877
49100         0.329        0.887       1002.041  3.9e-02        0.075     28.798        0.354       0.877
49200         0.328        0.887       1004.082  3.9e-02        0.075     28.793        0.354       0.877
    t    train_loss    train_acc    train_epoch       lr    data_time    it_time    test_loss    test_acc
-----  ------------  -----------  -------------  -------  -----------  ---------  -----------  ----------
49300         0.330        0.887       1006.122  3.8e-02        0.074     28.795        0.354       0.877
49400         0.330        0.887       1008.163  3.8e-02        0.074     28.783        0.354       0.877
49500         0.328        0.887       1010.204  3.8e-02        0.075     28.799        0.354       0.877
49600         0.330        0.887       1012.245  3.8e-02        0.074     28.796        0.354       0.877
49700         0.329        0.887       1014.286  3.8e-02        0.074     28.804        0.354       0.877
49800         0.328        0.887       1016.327  3.8e-02        0.074     28.793        0.354       0.877
49900         0.330        0.887       1018.367  3.8e-02        0.075     28.775        0.354       0.877
50000         0.328        0.887       1020.408  3.8e-02        0.074     31.715        0.355       0.877
50100         0.327        0.888       1022.449  3.7e-02        0.075     28.772        0.355       0.877
50200         0.330        0.887       1024.490  3.7e-02        0.075     28.798        0.355       0.877
50300         0.327        0.888       1026.531  3.7e-02        0.075     28.800        0.355       0.877
50400         0.330        0.886       1028.571  3.7e-02        0.075     28.769        0.355       0.877
50500         0.330        0.886       1030.612  3.7e-02        0.074     28.791        0.355       0.877
50600         0.328        0.888       1032.653  3.7e-02        0.074     28.779        0.355       0.877
50700         0.329        0.888       1034.694  3.7e-02        0.075     28.759        0.355       0.877
50800         0.327        0.888       1036.735  3.7e-02        0.075     28.795        0.355       0.877
50900         0.329        0.886       1038.776  3.6e-02        0.074     28.790        0.355       0.877
51000         0.327        0.887       1040.816  3.6e-02        0.075     31.709        0.353       0.877
51100         0.329        0.887       1042.857  3.6e-02        0.075     28.789        0.353       0.877
51200         0.328        0.887       1044.898  3.6e-02        0.075     28.800        0.353       0.877
51300         0.328        0.886       1046.939  3.6e-02        0.077     28.783        0.353       0.877
51400         0.329        0.887       1048.980  3.6e-02        0.075     28.800        0.353       0.877
51500         0.329        0.887       1051.020  3.6e-02        0.074     28.730        0.353       0.877
51600         0.329        0.887       1053.061  3.6e-02        0.074     28.796        0.353       0.877
51700         0.329        0.886       1055.102  3.5e-02        0.075     28.781        0.353       0.877
51800         0.329        0.886       1057.143  3.5e-02        0.075     28.810        0.353       0.877
51900         0.328        0.888       1059.184  3.5e-02        0.075     28.776        0.353       0.877
52000         0.331        0.886       1061.224  3.5e-02        0.075     31.684        0.354       0.877
52100         0.327        0.888       1063.265  3.5e-02        0.074     28.806        0.354       0.877
52200         0.330        0.886       1065.306  3.5e-02        0.075     28.802        0.354       0.877
52300         0.327        0.887       1067.347  3.5e-02        0.075     28.820        0.354       0.877
52400         0.328        0.887       1069.388  3.5e-02        0.075     28.785        0.354       0.877
52500         0.331        0.887       1071.429  3.4e-02        0.075     28.779        0.354       0.877
52600         0.327        0.888       1073.469  3.4e-02        0.075     28.798        0.354       0.877
52700         0.330        0.887       1075.510  3.4e-02        0.075     28.786        0.354       0.877
52800         0.328        0.887       1077.551  3.4e-02        0.077     29.241        0.354       0.877
52900         0.330        0.886       1079.592  3.4e-02        0.079     30.325        0.354       0.877
53000         0.327        0.888       1081.633  3.4e-02        0.076     32.115        0.354       0.877
53100         0.327        0.887       1083.673  3.4e-02        0.075     29.160        0.354       0.877
53200         0.330        0.887       1085.714  3.4e-02        0.077     29.146        0.354       0.877
53300         0.328        0.887       1087.755  3.3e-02        0.077     29.151        0.354       0.877
    t    train_loss    train_acc    train_epoch       lr    data_time    it_time    test_loss    test_acc
-----  ------------  -----------  -------------  -------  -----------  ---------  -----------  ----------
53400         0.331        0.886       1089.796  3.3e-02        0.076     29.163        0.354       0.877
53500         0.331        0.887       1091.837  3.3e-02        0.076     29.170        0.354       0.877
53600         0.329        0.887       1093.878  3.3e-02        0.076     29.158        0.354       0.877
53700         0.328        0.887       1095.918  3.3e-02        0.076     29.166        0.354       0.877
53800         0.329        0.887       1097.959  3.3e-02        0.077     29.171        0.354       0.877
53900         0.328        0.887       1100.000  3.3e-02        0.077     29.202        0.354       0.877
54000         0.329        0.888       1102.041  3.3e-02        0.076     31.982        0.354       0.877
54100         0.328        0.887       1104.082  3.2e-02        0.076     29.021        0.354       0.877
54200         0.330        0.887       1106.122  3.2e-02        0.075     29.009        0.354       0.877
54300         0.327        0.888       1108.163  3.2e-02        0.075     29.015        0.354       0.877
54400         0.330        0.887       1110.204  3.2e-02        0.077     29.324        0.354       0.877
54500         0.328        0.888       1112.245  3.2e-02        0.077     29.177        0.354       0.877
54600         0.329        0.888       1114.286  3.2e-02        0.076     29.168        0.354       0.877
54700         0.329        0.886       1116.327  3.2e-02        0.076     29.159        0.354       0.877
54800         0.327        0.888       1118.367  3.2e-02        0.076     29.161        0.354       0.877
54900         0.328        0.887       1120.408  3.1e-02        0.077     29.171        0.354       0.877
55000         0.326        0.889       1122.449  3.1e-02        0.076     32.142        0.355       0.876
55100         0.330        0.886       1124.490  3.1e-02        0.076     29.181        0.355       0.876
55200         0.328        0.887       1126.531  3.1e-02        0.078     29.166        0.355       0.876
55300         0.327        0.887       1128.571  3.1e-02        0.077     29.184        0.355       0.876
55400         0.329        0.886       1130.612  3.1e-02        0.077     29.184        0.355       0.876
55500         0.331        0.886       1132.653  3.1e-02        0.077     29.165        0.355       0.876
55600         0.327        0.888       1134.694  3.1e-02        0.077     29.011        0.355       0.876
55700         0.327        0.888       1136.735  3.0e-02        0.075     28.981        0.355       0.876
55800         0.328        0.887       1138.776  3.0e-02        0.076     29.016        0.355       0.876
55900         0.330        0.886       1140.816  3.0e-02        0.075     28.983        0.355       0.876
56000         0.327        0.887       1142.857  3.0e-02        0.077     31.938        0.353       0.877
56100         0.329        0.887       1144.898  3.0e-02        0.076     29.008        0.353       0.877
56200         0.329        0.888       1146.939  3.0e-02        0.078     28.985        0.353       0.877
56300         0.330        0.887       1148.980  3.0e-02        0.077     29.025        0.353       0.877
56400         0.327        0.888       1151.020  3.0e-02        0.076     28.930        0.353       0.877
56500         0.330        0.886       1153.061  2.9e-02        0.075     28.999        0.353       0.877
56600         0.327        0.887       1155.102  2.9e-02        0.075     28.998        0.353       0.877
56700         0.328        0.888       1157.143  2.9e-02        0.075     28.996        0.353       0.877
56800         0.329        0.888       1159.184  2.9e-02        0.077     29.006        0.353       0.877
56900         0.328        0.887       1161.224  2.9e-02        0.076     28.972        0.353       0.877
57000         0.328        0.887       1163.265  2.9e-02        0.075     31.921        0.354       0.877
57100         0.328        0.887       1165.306  2.9e-02        0.076     28.981        0.354       0.877
57200         0.328        0.888       1167.347  2.9e-02        0.075     29.002        0.354       0.877
57300         0.331        0.887       1169.388  2.8e-02        0.075     28.999        0.354       0.877
57400         0.326        0.888       1171.429  2.8e-02        0.075     28.993        0.354       0.877
    t    train_loss    train_acc    train_epoch       lr    data_time    it_time    test_loss    test_acc
-----  ------------  -----------  -------------  -------  -----------  ---------  -----------  ----------
57500         0.329        0.887       1173.469  2.8e-02        0.075     28.981        0.354       0.877
57600         0.328        0.887       1175.510  2.8e-02        0.075     29.008        0.354       0.877
57700         0.329        0.887       1177.551  2.8e-02        0.076     29.003        0.354       0.877
57800         0.327        0.888       1179.592  2.8e-02        0.075     29.002        0.354       0.877
57900         0.329        0.887       1181.633  2.8e-02        0.076     29.013        0.354       0.877
58000         0.330        0.886       1183.673  2.8e-02        0.075     31.958        0.354       0.877
58100         0.329        0.888       1185.714  2.7e-02        0.076     28.990        0.354       0.877
58200         0.331        0.886       1187.755  2.7e-02        0.076     29.010        0.354       0.877
58300         0.328        0.888       1189.796  2.7e-02        0.075     28.985        0.354       0.877
58400         0.328        0.887       1191.837  2.7e-02        0.076     29.223        0.354       0.877
58500         0.329        0.887       1193.878  2.7e-02        0.076     29.174        0.354       0.877
58600         0.328        0.887       1195.918  2.7e-02        0.076     29.179        0.354       0.877
58700         0.328        0.888       1197.959  2.7e-02        0.078     29.184        0.354       0.877
58800         0.328        0.887       1200.000  2.7e-02        0.076     29.107        0.354       0.877
58900         0.328        0.887       1202.041  2.6e-02        0.076     29.171        0.354       0.877
59000         0.328        0.887       1204.082  2.6e-02        0.077     32.106        0.354       0.877
59100         0.329        0.886       1206.122  2.6e-02        0.076     29.172        0.354       0.877
59200         0.331        0.886       1208.163  2.6e-02        0.076     29.159        0.354       0.877
59300         0.328        0.887       1210.204  2.6e-02        0.075     29.167        0.354       0.877
59400         0.328        0.887       1212.245  2.6e-02        0.076     29.173        0.354       0.877
59500         0.326        0.888       1214.286  2.6e-02        0.076     29.181        0.354       0.877
59600         0.330        0.886       1216.327  2.6e-02        0.075     29.004        0.354       0.877
59700         0.329        0.886       1218.367  2.5e-02        0.075     29.011        0.354       0.877
59800         0.329        0.887       1220.408  2.5e-02        0.075     28.983        0.354       0.877
59900         0.327        0.888       1222.449  2.5e-02        0.076     28.980        0.354       0.877
60000         0.329        0.887       1224.490  2.5e-02        0.076     31.941        0.353       0.876
60100         0.328        0.887       1226.531  2.5e-02        0.076     28.959        0.353       0.876
60200         0.327        0.887       1228.571  2.5e-02        0.075     29.004        0.353       0.876
60300         0.329        0.887       1230.612  2.5e-02        0.076     28.972        0.353       0.876
60400         0.327        0.887       1232.653  2.5e-02        0.076     29.000        0.353       0.876
60500         0.331        0.885       1234.694  2.4e-02        0.075     28.988        0.353       0.876
60600         0.329        0.887       1236.735  2.4e-02        0.076     28.974        0.353       0.876
60700         0.328        0.887       1238.776  2.4e-02        0.076     28.980        0.353       0.876
60800         0.330        0.886       1240.816  2.4e-02        0.076     29.009        0.353       0.876
60900         0.328        0.888       1242.857  2.4e-02        0.075     29.000        0.353       0.876
61000         0.328        0.888       1244.898  2.4e-02        0.075     31.935        0.354       0.877
61100         0.329        0.887       1246.939  2.4e-02        0.077     28.983        0.354       0.877
61200         0.330        0.886       1248.980  2.4e-02        0.075     28.977        0.354       0.877
61300         0.328        0.887       1251.020  2.3e-02        0.075     28.927        0.354       0.877
61400         0.328        0.888       1253.061  2.3e-02        0.075     29.000        0.354       0.877
61500         0.328        0.887       1255.102  2.3e-02        0.075     28.992        0.354       0.877
    t    train_loss    train_acc    train_epoch       lr    data_time    it_time    test_loss    test_acc
-----  ------------  -----------  -------------  -------  -----------  ---------  -----------  ----------
61600         0.326        0.888       1257.143  2.3e-02        0.075     28.963        0.354       0.877
61700         0.331        0.886       1259.184  2.3e-02        0.075     28.987        0.354       0.877
61800         0.327        0.888       1261.224  2.3e-02        0.076     29.017        0.354       0.877
61900         0.325        0.888       1263.265  2.3e-02        0.075     29.007        0.354       0.877
62000         0.328        0.887       1265.306  2.3e-02        0.076     31.931        0.354       0.877
62100         0.328        0.888       1267.347  2.2e-02        0.076     29.011        0.354       0.877
62200         0.328        0.887       1269.388  2.2e-02        0.075     28.995        0.354       0.877
62300         0.328        0.886       1271.429  2.2e-02        0.075     28.967        0.354       0.877
62400         0.329        0.887       1273.469  2.2e-02        0.075     29.018        0.354       0.877
62500         0.327        0.887       1275.510  2.2e-02        0.077     29.011        0.354       0.877
62600         0.328        0.888       1277.551  2.2e-02        0.076     29.014        0.354       0.877
62700         0.328        0.887       1279.592  2.2e-02        0.076     29.005        0.354       0.877
62800         0.327        0.887       1281.633  2.2e-02        0.076     29.010        0.354       0.877
62900         0.328        0.887       1283.673  2.1e-02        0.077     29.015        0.354       0.877
63000         0.328        0.888       1285.714  2.1e-02        0.075     31.953        0.353       0.877
63100         0.329        0.886       1287.755  2.1e-02        0.075     29.004        0.353       0.877
63200         0.329        0.887       1289.796  2.1e-02        0.076     28.986        0.353       0.877
63300         0.328        0.887       1291.837  2.1e-02        0.077     28.994        0.353       0.877
63400         0.329        0.887       1293.878  2.1e-02        0.078     28.984        0.353       0.877
63500         0.328        0.887       1295.918  2.1e-02        0.077     28.995        0.353       0.877
63600         0.329        0.888       1297.959  2.1e-02        0.078     29.006        0.353       0.877
63700         0.329        0.887       1300.000  2.0e-02        0.076     28.944        0.353       0.877
63800         0.329        0.887       1302.041  2.0e-02        0.078     29.005        0.353       0.877
63900         0.329        0.887       1304.082  2.0e-02        0.075     29.012        0.353       0.877
64000         0.327        0.887       1306.122  2.0e-02        0.075     31.920        0.353       0.876
64100         0.328        0.887       1308.163  2.0e-02        0.078     29.010        0.353       0.876
64200         0.328        0.888       1310.204  2.0e-02        0.076     29.000        0.353       0.876
64300         0.330        0.887       1312.245  2.0e-02        0.075     28.999        0.353       0.876
64400         0.328        0.888       1314.286  2.0e-02        0.075     28.997        0.353       0.876
64500         0.327        0.888       1316.327  1.9e-02        0.076     28.998        0.353       0.876
64600         0.329        0.887       1318.367  1.9e-02        0.074     28.978        0.353       0.876
64700         0.330        0.888       1320.408  1.9e-02        0.075     29.004        0.353       0.876
64800         0.327        0.887       1322.449  1.9e-02        0.076     28.972        0.353       0.876
64900         0.330        0.886       1324.490  1.9e-02        0.076     28.984        0.353       0.876
65000         0.329        0.888       1326.531  1.9e-02        0.076     31.910        0.354       0.877
65100         0.327        0.889       1328.571  1.9e-02        0.075     28.972        0.354       0.877
65200         0.330        0.887       1330.612  1.9e-02        0.076     28.989        0.354       0.877
65300         0.329        0.887       1332.653  1.8e-02        0.076     28.991        0.354       0.877
65400         0.328        0.887       1334.694  1.8e-02        0.075     29.005        0.354       0.877
65500         0.328        0.887       1336.735  1.8e-02        0.076     28.989        0.354       0.877
65600         0.329        0.887       1338.776  1.8e-02        0.076     28.984        0.354       0.877
    t    train_loss    train_acc    train_epoch       lr    data_time    it_time    test_loss    test_acc
-----  ------------  -----------  -------------  -------  -----------  ---------  -----------  ----------
65700         0.331        0.886       1340.816  1.8e-02        0.075     29.000        0.354       0.877
65800         0.327        0.888       1342.857  1.8e-02        0.076     28.994        0.354       0.877
65900         0.329        0.887       1344.898  1.8e-02        0.076     28.997        0.354       0.877
66000         0.327        0.888       1346.939  1.8e-02        0.078     31.946        0.353       0.877
66100         0.328        0.886       1348.980  1.7e-02        0.075     29.022        0.353       0.877
66200         0.329        0.886       1351.020  1.7e-02        0.076     28.942        0.353       0.877
66300         0.328        0.887       1353.061  1.7e-02        0.076     29.003        0.353       0.877
66400         0.328        0.887       1355.102  1.7e-02        0.076     29.012        0.353       0.877
66500         0.330        0.887       1357.143  1.7e-02        0.075     28.995        0.353       0.877
66600         0.327        0.888       1359.184  1.7e-02        0.076     29.010        0.353       0.877
66700         0.329        0.888       1361.224  1.7e-02        0.075     28.999        0.353       0.877
66800         0.329        0.886       1363.265  1.7e-02        0.075     29.016        0.353       0.877
66900         0.329        0.886       1365.306  1.6e-02        0.075     28.991        0.353       0.877
67000         0.327        0.887       1367.347  1.6e-02        0.075     31.949        0.354       0.877
67100         0.328        0.887       1369.388  1.6e-02        0.076     29.005        0.354       0.877
67200         0.331        0.886       1371.429  1.6e-02        0.075     28.992        0.354       0.877
67300         0.327        0.888       1373.469  1.6e-02        0.076     28.977        0.354       0.877
67400         0.326        0.889       1375.510  1.6e-02        0.076     29.005        0.354       0.877
67500         0.328        0.887       1377.551  1.6e-02        0.078     28.999        0.354       0.877
67600         0.327        0.887       1379.592  1.6e-02        0.077     29.020        0.354       0.877
67700         0.330        0.887       1381.633  1.5e-02        0.078     29.021        0.354       0.877
67800         0.327        0.887       1383.673  1.5e-02        0.076     29.000        0.354       0.877
67900         0.329        0.886       1385.714  1.5e-02        0.075     29.003        0.354       0.877
68000         0.328        0.887       1387.755  1.5e-02        0.076     31.922        0.354       0.877
68100         0.329        0.886       1389.796  1.5e-02        0.076     29.001        0.354       0.877
68200         0.328        0.889       1391.837  1.5e-02        0.075     29.007        0.354       0.877
68300         0.328        0.888       1393.878  1.5e-02        0.075     28.992        0.354       0.877
68400         0.328        0.887       1395.918  1.5e-02        0.076     28.996        0.354       0.877
68500         0.327        0.887       1397.959  1.4e-02        0.078     28.973        0.354       0.877
68600         0.330        0.886       1400.000  1.4e-02        0.076     28.949        0.354       0.877
68700         0.328        0.887       1402.041  1.4e-02        0.076     29.003        0.354       0.877
68800         0.329        0.888       1404.082  1.4e-02        0.076     28.986        0.354       0.877
68900         0.327        0.887       1406.122  1.4e-02        0.075     29.001        0.354       0.877
69000         0.328        0.888       1408.163  1.4e-02        0.077     31.926        0.353       0.877
69100         0.329        0.887       1410.204  1.4e-02        0.076     28.992        0.353       0.877
69200         0.329        0.887       1412.245  1.4e-02        0.076     28.985        0.353       0.877
69300         0.329        0.887       1414.286  1.3e-02        0.075     28.990        0.353       0.877
69400         0.329        0.887       1416.327  1.3e-02        0.075     28.984        0.353       0.877
69500         0.328        0.888       1418.367  1.3e-02        0.077     28.995        0.353       0.877
69600         0.326        0.888       1420.408  1.3e-02        0.075     28.991        0.353       0.877
69700         0.329        0.887       1422.449  1.3e-02        0.075     28.973        0.353       0.877
    t    train_loss    train_acc    train_epoch       lr    data_time    it_time    test_loss    test_acc
-----  ------------  -----------  -------------  -------  -----------  ---------  -----------  ----------
69800         0.329        0.887       1424.490  1.3e-02        0.077     28.989        0.353       0.877
69900         0.326        0.888       1426.531  1.3e-02        0.075     28.998        0.353       0.877
70000         0.328        0.887       1428.571  1.3e-02        0.076     31.949        0.353       0.877
70100         0.328        0.887       1430.612  1.2e-02        0.076     29.007        0.353       0.877
70200         0.328        0.887       1432.653  1.2e-02        0.074     28.975        0.353       0.877
70300         0.328        0.887       1434.694  1.2e-02        0.076     29.016        0.353       0.877
70400         0.330        0.887       1436.735  1.2e-02        0.075     28.989        0.353       0.877
70500         0.328        0.888       1438.776  1.2e-02        0.075     28.977        0.353       0.877
70600         0.330        0.886       1440.816  1.2e-02        0.077     29.005        0.353       0.877
70700         0.328        0.888       1442.857  1.2e-02        0.076     29.012        0.353       0.877
70800         0.328        0.886       1444.898  1.2e-02        0.076     28.997        0.353       0.877
70900         0.328        0.888       1446.939  1.1e-02        0.076     29.021        0.353       0.877
71000         0.328        0.886       1448.980  1.1e-02        0.076     31.964        0.354       0.877
71100         0.328        0.887       1451.020  1.1e-02        0.075     28.974        0.354       0.877
71200         0.325        0.889       1453.061  1.1e-02        0.076     29.010        0.354       0.877
71300         0.329        0.887       1455.102  1.1e-02        0.076     29.027        0.354       0.877
71400         0.327        0.888       1457.143  1.1e-02        0.077     28.994        0.354       0.877
71500         0.329        0.887       1459.184  1.1e-02        0.076     29.018        0.354       0.877
71600         0.328        0.888       1461.224  1.1e-02        0.078     29.005        0.354       0.877
71700         0.328        0.887       1463.265  1.0e-02        0.077     29.001        0.354       0.877
71800         0.328        0.887       1465.306  1.0e-02        0.076     29.003        0.354       0.877
71900         0.330        0.887       1467.347  1.0e-02        0.075     29.000        0.354       0.877
72000         0.328        0.887       1469.388  1.0e-02        0.076     31.974        0.354       0.877
72100         0.328        0.888       1471.429  9.9e-03        0.076     29.022        0.354       0.877
72200         0.328        0.887       1473.469  9.8e-03        0.076     29.022        0.354       0.877
72300         0.328        0.887       1475.510  9.6e-03        0.076     29.009        0.354       0.877
72400         0.328        0.887       1477.551  9.5e-03        0.076     28.997        0.354       0.877
72500         0.328        0.887       1479.592  9.4e-03        0.076     29.003        0.354       0.877
72600         0.328        0.887       1481.633  9.3e-03        0.075     29.000        0.354       0.877
72700         0.328        0.888       1483.673  9.1e-03        0.076     28.983        0.354       0.877
72800         0.330        0.886       1485.714  9.0e-03        0.075     28.979        0.354       0.877
72900         0.327        0.887       1487.755  8.9e-03        0.077     29.017        0.354       0.877
73000         0.329        0.888       1489.796  8.8e-03        0.077     31.932        0.353       0.877
73100         0.329        0.888       1491.837  8.6e-03        0.075     28.995        0.353       0.877
73200         0.327        0.889       1493.878  8.5e-03        0.075     29.004        0.353       0.877
73300         0.328        0.886       1495.918  8.4e-03        0.076     29.020        0.353       0.877
73400         0.328        0.887       1497.959  8.3e-03        0.076     28.990        0.353       0.877
73500         0.329        0.888       1500.000  8.1e-03        0.075     28.930        0.353       0.877
73600         0.328        0.886       1502.041  8.0e-03        0.075     28.982        0.353       0.877
73700         0.330        0.887       1504.082  7.9e-03        0.076     28.993        0.353       0.877
73800         0.327        0.888       1506.122  7.8e-03        0.076     29.006        0.353       0.877
    t    train_loss    train_acc    train_epoch       lr    data_time    it_time    test_loss    test_acc
-----  ------------  -----------  -------------  -------  -----------  ---------  -----------  ----------
73900         0.327        0.887       1508.163  7.6e-03        0.076     28.990        0.353       0.877
74000         0.328        0.887       1510.204  7.5e-03        0.076     31.949        0.353       0.877
74100         0.329        0.887       1512.245  7.4e-03        0.075     29.008        0.353       0.877
74200         0.328        0.887       1514.286  7.3e-03        0.075     29.004        0.353       0.877
74300         0.330        0.887       1516.327  7.1e-03        0.077     28.980        0.353       0.877
74400         0.328        0.887       1518.367  7.0e-03        0.076     28.999        0.353       0.877
74500         0.327        0.888       1520.408  6.9e-03        0.075     28.988        0.353       0.877
74600         0.329        0.887       1522.449  6.8e-03        0.075     28.976        0.353       0.877
74700         0.327        0.888       1524.490  6.6e-03        0.076     28.978        0.353       0.877
74800         0.329        0.887       1526.531  6.5e-03        0.075     29.000        0.353       0.877
74900         0.329        0.886       1528.571  6.4e-03        0.075     29.014        0.353       0.877
75000         0.329        0.887       1530.612  6.3e-03        0.076     31.917        0.354       0.877
75100         0.328        0.888       1532.653  6.1e-03        0.075     28.973        0.354       0.877
75200         0.329        0.887       1534.694  6.0e-03        0.075     29.011        0.354       0.877
75300         0.329        0.887       1536.735  5.9e-03        0.075     28.985        0.354       0.877
75400         0.328        0.887       1538.776  5.8e-03        0.075     29.010        0.354       0.877
75500         0.330        0.887       1540.816  5.6e-03        0.076     28.990        0.354       0.877
75600         0.328        0.888       1542.857  5.5e-03        0.075     28.997        0.354       0.877
75700         0.327        0.889       1544.898  5.4e-03        0.076     29.018        0.354       0.877
75800         0.329        0.887       1546.939  5.3e-03        0.077     29.011        0.354       0.877
75900         0.329        0.888       1548.980  5.1e-03        0.077     28.989        0.354       0.877
76000         0.328        0.887       1551.020  5.0e-03        0.075     31.899        0.353       0.877
76100         0.328        0.887       1553.061  4.9e-03        0.075     29.019        0.353       0.877
76200         0.326        0.888       1555.102  4.8e-03        0.077     29.038        0.353       0.877
76300         0.329        0.887       1557.143  4.6e-03        0.075     28.983        0.353       0.877
76400         0.328        0.887       1559.184  4.5e-03        0.076     29.004        0.353       0.877
76500         0.329        0.887       1561.224  4.4e-03        0.076     29.009        0.353       0.877
76600         0.327        0.887       1563.265  4.3e-03        0.076     29.018        0.353       0.877
76700         0.330        0.886       1565.306  4.1e-03        0.076     29.018        0.353       0.877
76800         0.327        0.888       1567.347  4.0e-03        0.076     28.978        0.353       0.877
76900         0.330        0.887       1569.388  3.9e-03        0.077     28.979        0.353       0.877
77000         0.329        0.886       1571.429  3.8e-03        0.075     31.947        0.353       0.877
77100         0.327        0.887       1573.469  3.6e-03        0.076     29.012        0.353       0.877
77200         0.328        0.888       1575.510  3.5e-03        0.075     28.981        0.353       0.877
77300         0.327        0.888       1577.551  3.4e-03        0.076     28.998        0.353       0.877
77400         0.327        0.888       1579.592  3.3e-03        0.076     29.017        0.353       0.877
77500         0.326        0.889       1581.633  3.1e-03        0.076     28.968        0.353       0.877
77600         0.329        0.887       1583.673  3.0e-03        0.076     28.993        0.353       0.877
77700         0.329        0.886       1585.714  2.9e-03        0.076     29.002        0.353       0.877
77800         0.329        0.887       1587.755  2.8e-03        0.076     28.999        0.353       0.877
77900         0.328        0.887       1589.796  2.6e-03        0.076     29.008        0.353       0.877
    t    train_loss    train_acc    train_epoch       lr    data_time    it_time    test_loss    test_acc
-----  ------------  -----------  -------------  -------  -----------  ---------  -----------  ----------
78000         0.327        0.888       1591.837  2.5e-03        0.075     31.927        0.353       0.877
78100         0.330        0.886       1593.878  2.4e-03        0.077     28.985        0.353       0.877
78200         0.328        0.887       1595.918  2.3e-03        0.076     28.999        0.353       0.877
78300         0.329        0.887       1597.959  2.1e-03        0.077     28.998        0.353       0.877
78400         0.327        0.888       1600.000  2.0e-03        0.075     28.972        0.353       0.877
78500         0.329        0.887       1602.041  1.9e-03        0.076     28.966        0.353       0.877
78600         0.328        0.887       1604.082  1.8e-03        0.077     28.997        0.353       0.877
78700         0.327        0.887       1606.122  1.6e-03        0.078     28.995        0.353       0.877
78800         0.328        0.887       1608.163  1.5e-03        0.077     28.992        0.353       0.877
78900         0.326        0.889       1610.204  1.4e-03        0.075     29.025        0.353       0.877
79000         0.328        0.887       1612.245  1.3e-03        0.076     31.947        0.353       0.877
79100         0.328        0.887       1614.286  1.1e-03        0.076     29.007        0.353       0.877
79200         0.325        0.888       1616.327  1.0e-03        0.076     29.017        0.353       0.877
79300         0.330        0.887       1618.367  8.8e-04        0.075     28.983        0.353       0.877
79400         0.329        0.886       1620.408  7.5e-04        0.077     29.012        0.353       0.877
79500         0.326        0.888       1622.449  6.3e-04        0.075     29.001        0.353       0.877
79600         0.330        0.886       1624.490  5.0e-04        0.075     29.003        0.353       0.877
79700         0.327        0.888       1626.531  3.8e-04        0.076     29.017        0.353       0.877
79800         0.329        0.887       1628.571  2.5e-04        0.077     29.014        0.353       0.877
79900         0.327        0.887       1630.612  1.3e-04        0.075     29.014        0.353       0.877
80000         0.329        0.887       1632.653  1.2e-06        0.075     31.922        0.353       0.877
