  t    train_loss    train_acc    train_epoch       lr    data_time    it_time
---  ------------  -----------  -------------  -------  -----------  ---------
100         0.782        0.747          2.041  1.0e-01        0.289     34.259
200         0.544        0.813          4.082  1.0e-01        0.073     30.999
300         0.504        0.828          6.122  1.0e-01        0.073     31.001
400         0.484        0.833          8.163  1.0e-01        0.075     30.998
500         0.470        0.839         10.204  9.9e-02        0.076     31.308
600         0.453        0.845         12.245  9.9e-02        0.074     30.886
700         0.446        0.847         14.286  9.9e-02        0.074     30.872
800         0.439        0.848         16.327  9.9e-02        0.074     30.879
900         0.429        0.852         18.367  9.9e-02        0.074     30.878
1000         0.427        0.853         20.408  9.9e-02        0.074     35.332        0.427       0.854
1100         0.421        0.855         22.449  9.9e-02        0.074     30.887        0.427       0.854
1200         0.415        0.857         24.490  9.9e-02        0.073     30.882        0.427       0.854
1300         0.414        0.858         26.531  9.8e-02        0.073     30.880        0.427       0.854
1400         0.409        0.858         28.571  9.8e-02        0.074     30.874        0.427       0.854
1500         0.405        0.861         30.612  9.8e-02        0.073     30.967        0.427       0.854
1600         0.402        0.861         32.653  9.8e-02        0.073     30.795        0.427       0.854
1700         0.401        0.862         34.694  9.8e-02        0.073     30.745        0.427       0.854
1800         0.398        0.863         36.735  9.8e-02        0.073     30.742        0.427       0.854
1900         0.396        0.864         38.776  9.8e-02        0.073     30.747        0.427       0.854
2000         0.392        0.865         40.816  9.8e-02        0.073     33.858        0.400       0.861
2100         0.391        0.866         42.857  9.7e-02        0.074     30.745        0.400       0.861
2200         0.390        0.866         44.898  9.7e-02        0.073     30.748        0.400       0.861
2300         0.387        0.867         46.939  9.7e-02        0.075     30.747        0.400       0.861
2400         0.384        0.869         48.980  9.7e-02        0.073     30.746        0.400       0.861
2500         0.385        0.867         51.020  9.7e-02        0.073     30.700        0.400       0.861
2600         0.383        0.868         53.061  9.7e-02        0.073     30.751        0.400       0.861
2700         0.381        0.869         55.102  9.7e-02        0.073     30.751        0.400       0.861
2800         0.381        0.868         57.143  9.7e-02        0.073     30.754        0.400       0.861
2900         0.382        0.868         59.184  9.6e-02        0.074     30.751        0.400       0.861
3000         0.375        0.870         61.224  9.6e-02        0.073     33.864        0.387       0.864
3100         0.378        0.870         63.265  9.6e-02        0.074     30.750        0.387       0.864
3200         0.375        0.870         65.306  9.6e-02        0.074     30.753        0.387       0.864
3300         0.372        0.871         67.347  9.6e-02        0.073     30.753        0.387       0.864
3400         0.374        0.871         69.388  9.6e-02        0.073     30.752        0.387       0.864
3500         0.372        0.872         71.429  9.6e-02        0.074     30.752        0.387       0.864
3600         0.370        0.873         73.469  9.6e-02        0.073     30.752        0.387       0.864
3700         0.371        0.873         75.510  9.5e-02        0.073     30.750        0.387       0.864
3800         0.372        0.871         77.551  9.5e-02        0.074     30.745        0.387       0.864
3900         0.369        0.873         79.592  9.5e-02        0.073     30.751        0.387       0.864
4000         0.370        0.873         81.633  9.5e-02        0.074     33.863        0.381       0.868
4100         0.368        0.872         83.673  9.5e-02        0.074     30.745        0.381       0.868
   t    train_loss    train_acc    train_epoch       lr    data_time    it_time    test_loss    test_acc
----  ------------  -----------  -------------  -------  -----------  ---------  -----------  ----------
4200         0.366        0.874         85.714  9.5e-02        0.073     30.751        0.381       0.868
4300         0.366        0.874         87.755  9.5e-02        0.074     30.746        0.381       0.868
4400         0.366        0.874         89.796  9.5e-02        0.073     30.752        0.381       0.868
4500         0.364        0.875         91.837  9.4e-02        0.074     30.752        0.381       0.868
4600         0.366        0.874         93.878  9.4e-02        0.074     30.753        0.381       0.868
4700         0.365        0.874         95.918  9.4e-02        0.074     30.750        0.381       0.868
4800         0.362        0.876         97.959  9.4e-02        0.075     30.755        0.381       0.868
4900         0.361        0.876        100.000  9.4e-02        0.073     30.701        0.381       0.868
5000         0.361        0.875        102.041  9.4e-02        0.073     33.874        0.378       0.869
5100         0.362        0.876        104.082  9.4e-02        0.074     30.751        0.378       0.869
5200         0.363        0.875        106.122  9.4e-02        0.073     30.752        0.378       0.869
5300         0.360        0.876        108.163  9.3e-02        0.074     30.745        0.378       0.869
5400         0.358        0.877        110.204  9.3e-02        0.074     30.749        0.378       0.869
5500         0.358        0.877        112.245  9.3e-02        0.073     30.747        0.378       0.869
5600         0.358        0.876        114.286  9.3e-02        0.074     30.750        0.378       0.869
5700         0.357        0.878        116.327  9.3e-02        0.074     30.749        0.378       0.869
5800         0.357        0.877        118.367  9.3e-02        0.073     30.747        0.378       0.869
5900         0.359        0.877        120.408  9.3e-02        0.074     30.744        0.378       0.869
6000         0.358        0.876        122.449  9.3e-02        0.074     33.866        0.376       0.867
6100         0.357        0.877        124.490  9.2e-02        0.074     30.749        0.376       0.867
6200         0.358        0.877        126.531  9.2e-02        0.073     30.746        0.376       0.867
6300         0.357        0.877        128.571  9.2e-02        0.074     30.750        0.376       0.867
6400         0.354        0.878        130.612  9.2e-02        0.073     30.751        0.376       0.867
6500         0.353        0.879        132.653  9.2e-02        0.074     30.749        0.376       0.867
6600         0.354        0.877        134.694  9.2e-02        0.073     30.752        0.376       0.867
6700         0.355        0.877        136.735  9.2e-02        0.075     31.339        0.376       0.867
6800         0.355        0.878        138.776  9.2e-02        0.074     30.882        0.376       0.867
6900         0.355        0.878        140.816  9.1e-02        0.075     30.886        0.376       0.867
7000         0.354        0.878        142.857  9.1e-02        0.074     34.015        0.373       0.869
7100         0.354        0.877        144.898  9.1e-02        0.075     30.883        0.373       0.869
7200         0.352        0.878        146.939  9.1e-02        0.075     30.885        0.373       0.869
7300         0.352        0.878        148.980  9.1e-02        0.074     30.880        0.373       0.869
7400         0.351        0.879        151.020  9.1e-02        0.074     30.830        0.373       0.869
7500         0.352        0.879        153.061  9.1e-02        0.074     30.891        0.373       0.869
7600         0.350        0.879        155.102  9.1e-02        0.073     30.884        0.373       0.869
7700         0.351        0.880        157.143  9.0e-02        0.074     30.969        0.373       0.869
7800         0.350        0.879        159.184  9.0e-02        0.073     30.807        0.373       0.869
7900         0.350        0.880        161.224  9.0e-02        0.074     30.748        0.373       0.869
8000         0.351        0.879        163.265  9.0e-02        0.074     33.868        0.371       0.870
8100         0.352        0.879        165.306  9.0e-02        0.074     30.750        0.371       0.870
8200         0.348        0.879        167.347  9.0e-02        0.073     30.748        0.371       0.870
   t    train_loss    train_acc    train_epoch       lr    data_time    it_time    test_loss    test_acc
----  ------------  -----------  -------------  -------  -----------  ---------  -----------  ----------
8300         0.349        0.879        169.388  9.0e-02        0.073     30.747        0.371       0.870
8400         0.349        0.879        171.429  9.0e-02        0.074     30.749        0.371       0.870
8500         0.349        0.879        173.469  8.9e-02        0.074     30.745        0.371       0.870
8600         0.349        0.880        175.510  8.9e-02        0.073     30.747        0.371       0.870
8700         0.348        0.880        177.551  8.9e-02        0.074     30.746        0.371       0.870
8800         0.351        0.879        179.592  8.9e-02        0.073     30.748        0.371       0.870
8900         0.349        0.881        181.633  8.9e-02        0.074     30.744        0.371       0.870
9000         0.347        0.880        183.673  8.9e-02        0.073     33.869        0.370       0.870
9100         0.351        0.879        185.714  8.9e-02        0.074     30.743        0.370       0.870
9200         0.347        0.880        187.755  8.9e-02        0.073     30.744        0.370       0.870
9300         0.346        0.881        189.796  8.8e-02        0.074     30.742        0.370       0.870
9400         0.347        0.881        191.837  8.8e-02        0.074     30.744        0.370       0.870
9500         0.348        0.880        193.878  8.8e-02        0.074     30.742        0.370       0.870
9600         0.347        0.881        195.918  8.8e-02        0.074     30.747        0.370       0.870
9700         0.347        0.880        197.959  8.8e-02        0.074     30.742        0.370       0.870
9800         0.348        0.880        200.000  8.8e-02        0.073     30.696        0.370       0.870
9900         0.347        0.880        202.041  8.8e-02        0.074     30.747        0.370       0.870
10000         0.346        0.881        204.082  8.8e-02        0.074     33.867        0.369       0.871
10100         0.348        0.880        206.122  8.7e-02        0.074     30.749        0.369       0.871
10200         0.346        0.881        208.163  8.7e-02        0.074     30.748        0.369       0.871
10300         0.346        0.880        210.204  8.7e-02        0.073     30.749        0.369       0.871
10400         0.346        0.880        212.245  8.7e-02        0.074     30.751        0.369       0.871
10500         0.346        0.881        214.286  8.7e-02        0.074     30.749        0.369       0.871
10600         0.346        0.880        216.327  8.7e-02        0.074     30.749        0.369       0.871
10700         0.344        0.882        218.367  8.7e-02        0.074     30.753        0.369       0.871
10800         0.346        0.880        220.408  8.7e-02        0.073     30.749        0.369       0.871
10900         0.347        0.881        222.449  8.6e-02        0.074     30.750        0.369       0.871
11000         0.346        0.881        224.490  8.6e-02        0.074     33.868        0.369       0.871
11100         0.343        0.883        226.531  8.6e-02        0.074     30.751        0.369       0.871
11200         0.346        0.880        228.571  8.6e-02        0.074     30.749        0.369       0.871
11300         0.345        0.881        230.612  8.6e-02        0.073     30.750        0.369       0.871
11400         0.343        0.882        232.653  8.6e-02        0.074     30.751        0.369       0.871
11500         0.343        0.882        234.694  8.6e-02        0.074     30.751        0.369       0.871
11600         0.345        0.880        236.735  8.6e-02        0.074     30.748        0.369       0.871
11700         0.347        0.880        238.776  8.5e-02        0.074     30.747        0.369       0.871
11800         0.342        0.882        240.816  8.5e-02        0.074     30.747        0.369       0.871
11900         0.344        0.881        242.857  8.5e-02        0.074     30.747        0.369       0.871
12000         0.344        0.882        244.898  8.5e-02        0.074     33.869        0.367       0.872
12100         0.344        0.881        246.939  8.5e-02        0.075     30.752        0.367       0.872
12200         0.345        0.882        248.980  8.5e-02        0.074     30.751        0.367       0.872
12300         0.344        0.882        251.020  8.5e-02        0.073     30.700        0.367       0.872
    t    train_loss    train_acc    train_epoch       lr    data_time    it_time    test_loss    test_acc
-----  ------------  -----------  -------------  -------  -----------  ---------  -----------  ----------
12400         0.344        0.881        253.061  8.5e-02        0.074     30.745        0.367       0.872
12500         0.342        0.882        255.102  8.4e-02        0.074     30.749        0.367       0.872
12600         0.345        0.882        257.143  8.4e-02        0.074     30.750        0.367       0.872
12700         0.345        0.882        259.184  8.4e-02        0.074     30.750        0.367       0.872
12800         0.342        0.883        261.224  8.4e-02        0.074     30.752        0.367       0.872
12900         0.344        0.882        263.265  8.4e-02        0.074     30.752        0.367       0.872
13000         0.342        0.883        265.306  8.4e-02        0.074     33.872        0.367       0.872
13100         0.343        0.882        267.347  8.4e-02        0.074     30.759        0.367       0.872
13200         0.342        0.882        269.388  8.4e-02        0.074     30.762        0.367       0.872
13300         0.343        0.881        271.429  8.3e-02        0.074     30.756        0.367       0.872
13400         0.343        0.882        273.469  8.3e-02        0.074     30.758        0.367       0.872
13500         0.343        0.883        275.510  8.3e-02        0.074     30.760        0.367       0.872
13600         0.343        0.883        277.551  8.3e-02        0.074     30.760        0.367       0.872
13700         0.341        0.883        279.592  8.3e-02        0.074     30.758        0.367       0.872
13800         0.344        0.882        281.633  8.3e-02        0.074     30.754        0.367       0.872
13900         0.340        0.883        283.673  8.3e-02        0.074     30.755        0.367       0.872
14000         0.344        0.881        285.714  8.3e-02        0.073     33.877        0.368       0.870
14100         0.342        0.882        287.755  8.2e-02        0.074     30.750        0.368       0.870
14200         0.342        0.882        289.796  8.2e-02        0.074     30.746        0.368       0.870
14300         0.341        0.882        291.837  8.2e-02        0.075     30.748        0.368       0.870
14400         0.341        0.884        293.878  8.2e-02        0.074     30.745        0.368       0.870
14500         0.342        0.883        295.918  8.2e-02        0.075     30.751        0.368       0.870
14600         0.345        0.881        297.959  8.2e-02        0.075     30.747        0.368       0.870
14700         0.342        0.881        300.000  8.2e-02        0.073     30.698        0.368       0.870
14800         0.342        0.881        302.041  8.2e-02        0.074     30.752        0.368       0.870
14900         0.340        0.883        304.082  8.1e-02        0.074     30.749        0.368       0.870
15000         0.342        0.882        306.122  8.1e-02        0.074     33.870        0.368       0.871
15100         0.342        0.883        308.163  8.1e-02        0.074     30.755        0.368       0.871
15200         0.341        0.883        310.204  8.1e-02        0.074     30.755        0.368       0.871
15300         0.342        0.881        312.245  8.1e-02        0.075     30.751        0.368       0.871
15400         0.341        0.883        314.286  8.1e-02        0.075     30.750        0.368       0.871
15500         0.339        0.884        316.327  8.1e-02        0.074     30.754        0.368       0.871
15600         0.341        0.882        318.367  8.1e-02        0.075     30.753        0.368       0.871
15700         0.340        0.883        320.408  8.0e-02        0.075     30.753        0.368       0.871
15800         0.341        0.883        322.449  8.0e-02        0.074     30.756        0.368       0.871
15900         0.342        0.883        324.490  8.0e-02        0.074     30.754        0.368       0.871
16000         0.341        0.882        326.531  8.0e-02        0.074     33.869        0.367       0.871
16100         0.341        0.882        328.571  8.0e-02        0.074     30.747        0.367       0.871
16200         0.339        0.883        330.612  8.0e-02        0.074     30.749        0.367       0.871
16300         0.339        0.883        332.653  8.0e-02        0.074     30.749        0.367       0.871
16400         0.343        0.882        334.694  8.0e-02        0.074     30.748        0.367       0.871
    t    train_loss    train_acc    train_epoch       lr    data_time    it_time    test_loss    test_acc
-----  ------------  -----------  -------------  -------  -----------  ---------  -----------  ----------
16500         0.339        0.883        336.735  7.9e-02        0.075     30.746        0.367       0.871
16600         0.341        0.883        338.776  7.9e-02        0.074     30.745        0.367       0.871
16700         0.340        0.883        340.816  7.9e-02        0.074     30.749        0.367       0.871
16800         0.342        0.881        342.857  7.9e-02        0.074     30.748        0.367       0.871
16900         0.340        0.883        344.898  7.9e-02        0.074     30.747        0.367       0.871
17000         0.341        0.882        346.939  7.9e-02        0.075     33.863        0.367       0.870
17100         0.340        0.883        348.980  7.9e-02        0.073     30.742        0.367       0.870
17200         0.339        0.884        351.020  7.9e-02        0.074     30.695        0.367       0.870
17300         0.340        0.883        353.061  7.8e-02        0.075     30.747        0.367       0.870
17400         0.341        0.883        355.102  7.8e-02        0.074     30.752        0.367       0.870
17500         0.338        0.884        357.143  7.8e-02        0.074     30.750        0.367       0.870
17600         0.339        0.883        359.184  7.8e-02        0.074     30.754        0.367       0.870
17700         0.340        0.882        361.224  7.8e-02        0.074     30.746        0.367       0.870
17800         0.340        0.884        363.265  7.8e-02        0.075     30.754        0.367       0.870
17900         0.341        0.881        365.306  7.8e-02        0.074     30.753        0.367       0.870
18000         0.340        0.883        367.347  7.8e-02        0.074     33.872        0.366       0.872
18100         0.340        0.884        369.388  7.7e-02        0.074     30.751        0.366       0.872
18200         0.340        0.883        371.429  7.7e-02        0.074     30.753        0.366       0.872
18300         0.340        0.883        373.469  7.7e-02        0.075     30.754        0.366       0.872
18400         0.339        0.883        375.510  7.7e-02        0.074     30.752        0.366       0.872
18500         0.340        0.883        377.551  7.7e-02        0.074     30.753        0.366       0.872
18600         0.338        0.883        379.592  7.7e-02        0.074     30.752        0.366       0.872
18700         0.340        0.883        381.633  7.7e-02        0.074     30.752        0.366       0.872
18800         0.339        0.883        383.673  7.7e-02        0.074     30.751        0.366       0.872
18900         0.341        0.882        385.714  7.6e-02        0.075     30.747        0.366       0.872
19000         0.339        0.883        387.755  7.6e-02        0.074     33.865        0.366       0.872
19100         0.340        0.883        389.796  7.6e-02        0.074     30.750        0.366       0.872
19200         0.339        0.884        391.837  7.6e-02        0.074     30.747        0.366       0.872
19300         0.339        0.883        393.878  7.6e-02        0.074     30.750        0.366       0.872
19400         0.340        0.883        395.918  7.6e-02        0.074     30.752        0.366       0.872
19500         0.339        0.883        397.959  7.6e-02        0.076     30.748        0.366       0.872
19600         0.339        0.884        400.000  7.6e-02        0.074     30.700        0.366       0.872
19700         0.339        0.884        402.041  7.5e-02        0.074     30.752        0.366       0.872
19800         0.340        0.883        404.082  7.5e-02        0.074     30.750        0.366       0.872
19900         0.339        0.883        406.122  7.5e-02        0.074     30.750        0.366       0.872
20000         0.339        0.883        408.163  7.5e-02        0.075     33.860        0.367       0.872
20100         0.339        0.883        410.204  7.5e-02        0.074     30.751        0.367       0.872
20200         0.340        0.883        412.245  7.5e-02        0.074     30.749        0.367       0.872
20300         0.339        0.883        414.286  7.5e-02        0.074     30.753        0.367       0.872
20400         0.339        0.884        416.327  7.5e-02        0.074     30.750        0.367       0.872
20500         0.340        0.883        418.367  7.4e-02        0.074     30.751        0.367       0.872
    t    train_loss    train_acc    train_epoch       lr    data_time    it_time    test_loss    test_acc
-----  ------------  -----------  -------------  -------  -----------  ---------  -----------  ----------
20600         0.340        0.883        420.408  7.4e-02        0.074     30.745        0.367       0.872
20700         0.340        0.883        422.449  7.4e-02        0.074     30.751        0.367       0.872
20800         0.340        0.883        424.490  7.4e-02        0.074     30.752        0.367       0.872
20900         0.339        0.883        426.531  7.4e-02        0.074     30.884        0.367       0.872
21000         0.339        0.884        428.571  7.4e-02        0.084     37.301        0.365       0.870
21100         0.337        0.884        430.612  7.4e-02        0.074     30.981        0.365       0.870
21200         0.341        0.883        432.653  7.4e-02        0.076     31.438        0.365       0.870
21300         0.338        0.884        434.694  7.3e-02        0.082     33.055        0.365       0.870
21400         0.338        0.883        436.735  7.3e-02        0.079     32.858        0.365       0.870
21500         0.340        0.883        438.776  7.3e-02        0.074     30.882        0.365       0.870
21600         0.340        0.883        440.816  7.3e-02        0.075     30.881        0.365       0.870
21700         0.338        0.883        442.857  7.3e-02        0.074     30.884        0.365       0.870
21800         0.337        0.884        444.898  7.3e-02        0.074     30.888        0.365       0.870
21900         0.340        0.883        446.939  7.3e-02        0.076     30.886        0.365       0.870
22000         0.339        0.883        448.980  7.3e-02        0.074     34.016        0.366       0.872
22100         0.339        0.883        451.020  7.2e-02        0.075     30.828        0.366       0.872
22200         0.339        0.883        453.061  7.2e-02        0.075     30.881        0.366       0.872
22300         0.338        0.884        455.102  7.2e-02        0.074     30.877        0.366       0.872
22400         0.339        0.883        457.143  7.2e-02        0.075     30.935        0.366       0.872
22500         0.338        0.883        459.184  7.2e-02        0.074     30.750        0.366       0.872
22600         0.336        0.885        461.224  7.2e-02        0.074     30.743        0.366       0.872
22700         0.341        0.881        463.265  7.2e-02        0.074     30.749        0.366       0.872
22800         0.337        0.884        465.306  7.2e-02        0.074     30.747        0.366       0.872
22900         0.340        0.882        467.347  7.1e-02        0.075     30.750        0.366       0.872
23000         0.338        0.884        469.388  7.1e-02        0.074     33.868        0.365       0.871
23100         0.337        0.884        471.429  7.1e-02        0.074     30.748        0.365       0.871
23200         0.339        0.883        473.469  7.1e-02        0.074     30.747        0.365       0.871
23300         0.339        0.883        475.510  7.1e-02        0.074     30.754        0.365       0.871
23400         0.339        0.883        477.551  7.1e-02        0.075     30.749        0.365       0.871
23500         0.337        0.884        479.592  7.1e-02        0.074     30.748        0.365       0.871
23600         0.338        0.883        481.633  7.1e-02        0.074     30.749        0.365       0.871
23700         0.340        0.883        483.673  7.0e-02        0.074     30.751        0.365       0.871
23800         0.337        0.885        485.714  7.0e-02        0.076     30.753        0.365       0.871
23900         0.336        0.884        487.755  7.0e-02        0.076     30.751        0.365       0.871
24000         0.338        0.883        489.796  7.0e-02        0.075     33.876        0.366       0.872
24100         0.340        0.883        491.837  7.0e-02        0.075     30.753        0.366       0.872
24200         0.337        0.884        493.878  7.0e-02        0.075     30.753        0.366       0.872
24300         0.338        0.884        495.918  7.0e-02        0.075     30.750        0.366       0.872
24400         0.340        0.882        497.959  7.0e-02        0.076     30.746        0.366       0.872
24500         0.339        0.883        500.000  6.9e-02        0.076     30.700        0.366       0.872
24600         0.338        0.884        502.041  6.9e-02        0.075     30.751        0.366       0.872
    t    train_loss    train_acc    train_epoch       lr    data_time    it_time    test_loss    test_acc
-----  ------------  -----------  -------------  -------  -----------  ---------  -----------  ----------
24700         0.337        0.884        504.082  6.9e-02        0.074     30.750        0.366       0.872
24800         0.340        0.882        506.122  6.9e-02        0.073     30.750        0.366       0.872
24900         0.337        0.884        508.163  6.9e-02        0.074     30.747        0.366       0.872
25000         0.339        0.884        510.204  6.9e-02        0.074     33.868        0.365       0.871
25100         0.338        0.884        512.245  6.9e-02        0.074     30.746        0.365       0.871
25200         0.337        0.884        514.286  6.9e-02        0.074     30.747        0.365       0.871
25300         0.338        0.884        516.327  6.8e-02        0.075     30.742        0.365       0.871
25400         0.337        0.884        518.367  6.8e-02        0.074     30.744        0.365       0.871
25500         0.339        0.882        520.408  6.8e-02        0.074     30.738        0.365       0.871
25600         0.337        0.883        522.449  6.8e-02        0.074     30.748        0.365       0.871
25700         0.339        0.883        524.490  6.8e-02        0.074     30.748        0.365       0.871
25800         0.336        0.885        526.531  6.8e-02        0.075     30.748        0.365       0.871
25900         0.337        0.884        528.571  6.8e-02        0.074     30.745        0.365       0.871
26000         0.339        0.884        530.612  6.8e-02        0.074     33.870        0.365       0.872
26100         0.340        0.883        532.653  6.7e-02        0.074     30.745        0.365       0.872
26200         0.337        0.884        534.694  6.7e-02        0.075     30.745        0.365       0.872
26300         0.338        0.884        536.735  6.7e-02        0.074     30.753        0.365       0.872
26400         0.339        0.884        538.776  6.7e-02        0.074     30.752        0.365       0.872
26500         0.336        0.885        540.816  6.7e-02        0.074     30.745        0.365       0.872
26600         0.338        0.883        542.857  6.7e-02        0.075     30.756        0.365       0.872
26700         0.339        0.883        544.898  6.7e-02        0.074     30.755        0.365       0.872
26800         0.336        0.885        546.939  6.7e-02        0.076     30.753        0.365       0.872
26900         0.338        0.883        548.980  6.6e-02        0.074     30.752        0.365       0.872
27000         0.337        0.884        551.020  6.6e-02        0.075     33.821        0.365       0.873
27100         0.338        0.883        553.061  6.6e-02        0.074     30.755        0.365       0.873
27200         0.338        0.883        555.102  6.6e-02        0.074     30.754        0.365       0.873
27300         0.339        0.883        557.143  6.6e-02        0.074     30.752        0.365       0.873
27400         0.336        0.884        559.184  6.6e-02        0.074     30.754        0.365       0.873
27500         0.338        0.884        561.224  6.6e-02        0.075     30.751        0.365       0.873
27600         0.335        0.885        563.265  6.6e-02        0.074     30.750        0.365       0.873
27700         0.338        0.883        565.306  6.5e-02        0.075     30.744        0.365       0.873
27800         0.340        0.883        567.347  6.5e-02        0.074     30.746        0.365       0.873
27900         0.337        0.883        569.388  6.5e-02        0.074     30.744        0.365       0.873
28000         0.338        0.883        571.429  6.5e-02        0.074     33.859        0.365       0.871
28100         0.337        0.884        573.469  6.5e-02        0.074     30.745        0.365       0.871
28200         0.338        0.884        575.510  6.5e-02        0.075     30.844        0.365       0.871
28300         0.337        0.883        577.551  6.5e-02        0.077     31.657        0.365       0.871
28400         0.337        0.885        579.592  6.5e-02        0.077     31.232        0.365       0.871
28500         0.337        0.884        581.633  6.4e-02        0.075     30.883        0.365       0.871
28600         0.341        0.882        583.673  6.4e-02        0.075     30.872        0.365       0.871
28700         0.338        0.885        585.714  6.4e-02        0.075     30.888        0.365       0.871
    t    train_loss    train_acc    train_epoch       lr    data_time    it_time    test_loss    test_acc
-----  ------------  -----------  -------------  -------  -----------  ---------  -----------  ----------
28800         0.337        0.884        587.755  6.4e-02        0.075     30.882        0.365       0.871
28900         0.337        0.884        589.796  6.4e-02        0.074     30.881        0.365       0.871
29000         0.338        0.883        591.837  6.4e-02        0.076     34.023        0.364       0.872
29100         0.336        0.883        593.878  6.4e-02        0.074     30.880        0.364       0.872
29200         0.338        0.883        595.918  6.4e-02        0.075     30.891        0.364       0.872
29300         0.338        0.883        597.959  6.3e-02        0.076     30.892        0.364       0.872
29400         0.338        0.885        600.000  6.3e-02        0.077     30.856        0.364       0.872
29500         0.339        0.883        602.041  6.3e-02        0.075     30.756        0.364       0.872
29600         0.338        0.885        604.082  6.3e-02        0.074     30.759        0.364       0.872
29700         0.338        0.884        606.122  6.3e-02        0.075     30.757        0.364       0.872
29800         0.338        0.884        608.163  6.3e-02        0.074     30.755        0.364       0.872
29900         0.337        0.884        610.204  6.3e-02        0.075     30.763        0.364       0.872
30000         0.337        0.883        612.245  6.3e-02        0.074     33.884        0.365       0.871
30100         0.338        0.883        614.286  6.2e-02        0.074     30.764        0.365       0.871
30200         0.337        0.884        616.327  6.2e-02        0.075     30.762        0.365       0.871
30300         0.336        0.884        618.367  6.2e-02        0.075     30.766        0.365       0.871
30400         0.338        0.883        620.408  6.2e-02        0.075     30.759        0.365       0.871
30500         0.336        0.885        622.449  6.2e-02        0.074     30.763        0.365       0.871
30600         0.337        0.883        624.490  6.2e-02        0.075     30.763        0.365       0.871
30700         0.337        0.884        626.531  6.2e-02        0.076     30.758        0.365       0.871
30800         0.339        0.882        628.571  6.2e-02        0.074     30.762        0.365       0.871
30900         0.335        0.885        630.612  6.1e-02        0.075     30.766        0.365       0.871
31000         0.337        0.883        632.653  6.1e-02        0.074     33.886        0.367       0.872
31100         0.339        0.883        634.694  6.1e-02        0.075     30.765        0.367       0.872
31200         0.337        0.884        636.735  6.1e-02        0.075     30.849        0.367       0.872
31300         0.340        0.882        638.776  6.1e-02        0.077     31.689        0.367       0.872
31400         0.335        0.885        640.816  6.1e-02        0.075     30.888        0.367       0.872
31500         0.338        0.884        642.857  6.1e-02        0.074     30.888        0.367       0.872
31600         0.338        0.883        644.898  6.1e-02        0.074     30.897        0.367       0.872
31700         0.338        0.884        646.939  6.0e-02        0.076     30.891        0.367       0.872
31800         0.338        0.884        648.980  6.0e-02        0.074     30.886        0.367       0.872
31900         0.336        0.884        651.020  6.0e-02        0.074     30.837        0.367       0.872
32000         0.337        0.884        653.061  6.0e-02        0.074     34.024        0.365       0.871
32100         0.337        0.884        655.102  6.0e-02        0.075     30.899        0.365       0.871
32200         0.337        0.884        657.143  6.0e-02        0.074     30.906        0.365       0.871
32300         0.338        0.885        659.184  6.0e-02        0.075     30.896        0.365       0.871
32400         0.338        0.883        661.224  6.0e-02        0.074     30.757        0.365       0.871
32500         0.337        0.885        663.265  5.9e-02        0.074     30.760        0.365       0.871
32600         0.338        0.883        665.306  5.9e-02        0.074     30.757        0.365       0.871
32700         0.335        0.885        667.347  5.9e-02        0.074     30.764        0.365       0.871
32800         0.337        0.884        669.388  5.9e-02        0.076     31.667        0.365       0.871
    t    train_loss    train_acc    train_epoch       lr    data_time    it_time    test_loss    test_acc
-----  ------------  -----------  -------------  -------  -----------  ---------  -----------  ----------
32900         0.338        0.883        671.429  5.9e-02        0.075     30.897        0.365       0.871
33000         0.338        0.885        673.469  5.9e-02        0.074     34.024        0.365       0.873
33100         0.335        0.886        675.510  5.9e-02        0.075     30.902        0.365       0.873
33200         0.339        0.883        677.551  5.9e-02        0.075     30.891        0.365       0.873
33300         0.337        0.884        679.592  5.8e-02        0.075     30.888        0.365       0.873
33400         0.335        0.885        681.633  5.8e-02        0.075     30.890        0.365       0.873
33500         0.337        0.884        683.673  5.8e-02        0.076     30.889        0.365       0.873
33600         0.338        0.884        685.714  5.8e-02        0.074     30.898        0.365       0.873
33700         0.337        0.883        687.755  5.8e-02        0.075     30.891        0.365       0.873
33800         0.336        0.884        689.796  5.8e-02        0.075     31.010        0.365       0.873
33900         0.337        0.884        691.837  5.8e-02        0.075     30.763        0.365       0.873
34000         0.339        0.883        693.878  5.8e-02        0.074     33.885        0.365       0.873
34100         0.337        0.885        695.918  5.7e-02        0.075     30.767        0.365       0.873
34200         0.336        0.885        697.959  5.7e-02        0.075     30.763        0.365       0.873
34300         0.335        0.885        700.000  5.7e-02        0.075     30.714        0.365       0.873
34400         0.338        0.883        702.041  5.7e-02        0.074     30.769        0.365       0.873
34500         0.336        0.884        704.082  5.7e-02        0.075     30.763        0.365       0.873
34600         0.336        0.884        706.122  5.7e-02        0.074     30.765        0.365       0.873
34700         0.337        0.884        708.163  5.7e-02        0.074     30.763        0.365       0.873
34800         0.338        0.883        710.204  5.7e-02        0.076     30.934        0.365       0.873
34900         0.339        0.882        712.245  5.6e-02        0.074     30.956        0.365       0.873
35000         0.337        0.885        714.286  5.6e-02        0.077     34.742        0.367       0.872
35100         0.338        0.883        716.327  5.6e-02        0.076     31.197        0.367       0.872
35200         0.337        0.883        718.367  5.6e-02        0.074     30.887        0.367       0.872
35300         0.337        0.883        720.408  5.6e-02        0.074     30.891        0.367       0.872
35400         0.337        0.884        722.449  5.6e-02        0.074     30.892        0.367       0.872
35500         0.339        0.883        724.490  5.6e-02        0.074     30.888        0.367       0.872
35600         0.337        0.885        726.531  5.6e-02        0.075     30.891        0.367       0.872
35700         0.337        0.884        728.571  5.5e-02        0.074     30.891        0.367       0.872
35800         0.338        0.883        730.612  5.5e-02        0.074     30.886        0.367       0.872
35900         0.336        0.885        732.653  5.5e-02        0.075     30.893        0.367       0.872
36000         0.338        0.883        734.694  5.5e-02        0.074     34.028        0.365       0.873
36100         0.336        0.885        736.735  5.5e-02        0.076     30.916        0.365       0.873
36200         0.337        0.884        738.776  5.5e-02        0.075     30.831        0.365       0.873
36300         0.336        0.884        740.816  5.5e-02        0.075     31.028        0.365       0.873
36400         0.336        0.884        742.857  5.5e-02        0.085     36.090        0.365       0.873
36500         0.336        0.884        744.898  5.4e-02        0.082     33.806        0.365       0.873
36600         0.338        0.883        746.939  5.4e-02        0.077     31.003        0.365       0.873
36700         0.336        0.885        748.980  5.4e-02        0.079     32.349        0.365       0.873
36800         0.336        0.885        751.020  5.4e-02        0.075     30.837        0.365       0.873
36900         0.338        0.883        753.061  5.4e-02        0.075     30.891        0.365       0.873
    t    train_loss    train_acc    train_epoch       lr    data_time    it_time    test_loss    test_acc
-----  ------------  -----------  -------------  -------  -----------  ---------  -----------  ----------
37000         0.336        0.884        755.102  5.4e-02        0.074     34.014        0.366       0.872
37100         0.336        0.883        757.143  5.4e-02        0.075     30.890        0.366       0.872
37200         0.338        0.883        759.184  5.4e-02        0.076     30.966        0.366       0.872
37300         0.338        0.884        761.224  5.3e-02        0.079     32.842        0.366       0.872
37400         0.336        0.884        763.265  5.3e-02        0.080     32.109        0.366       0.872
37500         0.337        0.884        765.306  5.3e-02        0.077     31.155        0.366       0.872
37600         0.337        0.884        767.347  5.3e-02        0.077     32.017        0.366       0.872
37700         0.337        0.884        769.388  5.3e-02        0.075     30.893        0.366       0.872
37800         0.335        0.885        771.429  5.3e-02        0.075     30.889        0.366       0.872
37900         0.336        0.884        773.469  5.3e-02        0.074     30.891        0.366       0.872
38000         0.338        0.883        775.510  5.3e-02        0.075     34.024        0.365       0.872
38100         0.338        0.884        777.551  5.2e-02        0.075     30.893        0.365       0.872
38200         0.336        0.885        779.592  5.2e-02        0.074     30.897        0.365       0.872
38300         0.339        0.884        781.633  5.2e-02        0.074     30.891        0.365       0.872
38400         0.338        0.884        783.673  5.2e-02        0.074     30.889        0.365       0.872
38500         0.337        0.885        785.714  5.2e-02        0.075     30.894        0.365       0.872
38600         0.338        0.884        787.755  5.2e-02        0.075     30.888        0.365       0.872
38700         0.338        0.883        789.796  5.2e-02        0.074     30.893        0.365       0.872
38800         0.337        0.885        791.837  5.2e-02        0.074     30.892        0.365       0.872
38900         0.337        0.885        793.878  5.1e-02        0.075     30.985        0.365       0.872
39000         0.338        0.884        795.918  5.1e-02        0.074     33.885        0.365       0.872
39100         0.337        0.884        797.959  5.1e-02        0.075     30.770        0.365       0.872
39200         0.337        0.884        800.000  5.1e-02        0.074     30.716        0.365       0.872
39300         0.337        0.884        802.041  5.1e-02        0.074     30.768        0.365       0.872
39400         0.338        0.883        804.082  5.1e-02        0.074     30.768        0.365       0.872
39500         0.336        0.884        806.122  5.1e-02        0.075     30.771        0.365       0.872
39600         0.337        0.883        808.163  5.1e-02        0.076     30.765        0.365       0.872
39700         0.336        0.884        810.204  5.0e-02        0.074     30.767        0.365       0.872
39800         0.337        0.884        812.245  5.0e-02        0.075     30.766        0.365       0.872
39900         0.337        0.884        814.286  5.0e-02        0.075     30.766        0.365       0.872
40000         0.338        0.884        816.327  5.0e-02        0.074     33.889        0.364       0.871
40100         0.337        0.884        818.367  5.0e-02        0.076     31.236        0.364       0.871
40200         0.337        0.884        820.408  5.0e-02        0.076     31.366        0.364       0.871
40300         0.336        0.884        822.449  5.0e-02        0.076     31.431        0.364       0.871
40400         0.338        0.884        824.490  5.0e-02        0.075     31.497        0.364       0.871
40500         0.337        0.884        826.531  4.9e-02        0.076     31.101        0.364       0.871
40600         0.335        0.884        828.571  4.9e-02        0.075     31.103        0.364       0.871
40700         0.337        0.884        830.612  4.9e-02        0.076     31.106        0.364       0.871
40800         0.336        0.885        832.653  4.9e-02        0.075     31.105        0.364       0.871
40900         0.337        0.885        834.694  4.9e-02        0.075     31.103        0.364       0.871
41000         0.336        0.884        836.735  4.9e-02        0.076     34.264        0.365       0.872
    t    train_loss    train_acc    train_epoch       lr    data_time    it_time    test_loss    test_acc
-----  ------------  -----------  -------------  -------  -----------  ---------  -----------  ----------
41100         0.339        0.884        838.776  4.9e-02        0.076     31.446        0.365       0.872
41200         0.338        0.884        840.816  4.9e-02        0.075     31.125        0.365       0.872
41300         0.336        0.883        842.857  4.8e-02        0.076     31.116        0.365       0.872
41400         0.336        0.884        844.898  4.8e-02        0.076     31.117        0.365       0.872
41500         0.336        0.884        846.939  4.8e-02        0.077     31.114        0.365       0.872
41600         0.336        0.884        848.980  4.8e-02        0.075     31.120        0.365       0.872
41700         0.337        0.883        851.020  4.8e-02        0.075     31.057        0.365       0.872
41800         0.336        0.884        853.061  4.8e-02        0.075     31.116        0.365       0.872
41900         0.335        0.886        855.102  4.8e-02        0.076     31.117        0.365       0.872
42000         0.337        0.884        857.143  4.8e-02        0.076     34.273        0.364       0.872
42100         0.337        0.883        859.184  4.7e-02        0.076     31.208        0.364       0.872
42200         0.337        0.884        861.224  4.7e-02        0.075     30.979        0.364       0.872
42300         0.337        0.885        863.265  4.7e-02        0.075     30.982        0.364       0.872
42400         0.339        0.882        865.306  4.7e-02        0.075     30.982        0.364       0.872
42500         0.336        0.884        867.347  4.7e-02        0.074     30.981        0.364       0.872
42600         0.337        0.884        869.388  4.7e-02        0.075     30.977        0.364       0.872
42700         0.336        0.884        871.429  4.7e-02        0.075     30.981        0.364       0.872
42800         0.339        0.883        873.469  4.7e-02        0.075     30.983        0.364       0.872
42900         0.337        0.884        875.510  4.6e-02        0.075     30.984        0.364       0.872
43000         0.339        0.883        877.551  4.6e-02        0.075     34.128        0.367       0.872
43100         0.337        0.884        879.592  4.6e-02        0.075     30.980        0.367       0.872
43200         0.334        0.886        881.633  4.6e-02        0.075     30.980        0.367       0.872
43300         0.337        0.885        883.673  4.6e-02        0.075     30.983        0.367       0.872
43400         0.337        0.884        885.714  4.6e-02        0.076     30.985        0.367       0.872
43500         0.338        0.883        887.755  4.6e-02        0.075     30.980        0.367       0.872
43600         0.336        0.884        889.796  4.6e-02        0.075     30.976        0.367       0.872
43700         0.338        0.884        891.837  4.5e-02        0.074     30.982        0.367       0.872
43800         0.338        0.883        893.878  4.5e-02        0.075     30.981        0.367       0.872
43900         0.336        0.884        895.918  4.5e-02        0.075     30.979        0.367       0.872
44000         0.337        0.884        897.959  4.5e-02        0.076     34.120        0.364       0.872
44100         0.337        0.884        900.000  4.5e-02        0.075     30.915        0.364       0.872
44200         0.337        0.884        902.041  4.5e-02        0.074     30.973        0.364       0.872
44300         0.336        0.884        904.082  4.5e-02        0.075     30.973        0.364       0.872
44400         0.334        0.885        906.122  4.5e-02        0.075     30.979        0.364       0.872
44500         0.337        0.884        908.163  4.4e-02        0.075     30.976        0.364       0.872
44600         0.335        0.885        910.204  4.4e-02        0.076     30.973        0.364       0.872
44700         0.336        0.884        912.245  4.4e-02        0.075     30.975        0.364       0.872
44800         0.336        0.884        914.286  4.4e-02        0.075     30.975        0.364       0.872
44900         0.338        0.884        916.327  4.4e-02        0.074     30.973        0.364       0.872
45000         0.336        0.885        918.367  4.4e-02        0.074     34.122        0.366       0.872
45100         0.336        0.885        920.408  4.4e-02        0.075     30.973        0.366       0.872
    t    train_loss    train_acc    train_epoch       lr    data_time    it_time    test_loss    test_acc
-----  ------------  -----------  -------------  -------  -----------  ---------  -----------  ----------
45200         0.336        0.884        922.449  4.4e-02        0.075     30.975        0.366       0.872
45300         0.337        0.884        924.490  4.3e-02        0.075     30.981        0.366       0.872
45400         0.337        0.885        926.531  4.3e-02        0.077     30.983        0.366       0.872
45500         0.338        0.884        928.571  4.3e-02        0.076     30.981        0.366       0.872
45600         0.336        0.885        930.612  4.3e-02        0.075     30.984        0.366       0.872
45700         0.335        0.885        932.653  4.3e-02        0.075     30.980        0.366       0.872
45800         0.338        0.883        934.694  4.3e-02        0.075     30.984        0.366       0.872
45900         0.337        0.884        936.735  4.3e-02        0.075     30.982        0.366       0.872
46000         0.338        0.883        938.776  4.3e-02        0.076     34.114        0.365       0.873
46100         0.336        0.884        940.816  4.2e-02        0.075     30.989        0.365       0.873
46200         0.337        0.884        942.857  4.2e-02        0.076     30.982        0.365       0.873
46300         0.336        0.885        944.898  4.2e-02        0.075     30.986        0.365       0.873
46400         0.337        0.884        946.939  4.2e-02        0.077     30.981        0.365       0.873
46500         0.334        0.884        948.980  4.2e-02        0.075     30.983        0.365       0.873
46600         0.337        0.885        951.020  4.2e-02        0.075     30.931        0.365       0.873
46700         0.338        0.883        953.061  4.2e-02        0.075     30.980        0.365       0.873
46800         0.337        0.884        955.102  4.2e-02        0.075     30.980        0.365       0.873
46900         0.336        0.884        957.143  4.1e-02        0.075     30.980        0.365       0.873
47000         0.335        0.885        959.184  4.1e-02        0.074     34.129        0.366       0.873
47100         0.339        0.884        961.224  4.1e-02        0.075     30.983        0.366       0.873
47200         0.335        0.885        963.265  4.1e-02        0.075     30.973        0.366       0.873
47300         0.338        0.885        965.306  4.1e-02        0.075     30.980        0.366       0.873
47400         0.337        0.883        967.347  4.1e-02        0.074     30.977        0.366       0.873
47500         0.337        0.884        969.388  4.1e-02        0.075     30.979        0.366       0.873
47600         0.336        0.885        971.429  4.1e-02        0.075     30.976        0.366       0.873
47700         0.339        0.884        973.469  4.0e-02        0.075     30.969        0.366       0.873
47800         0.335        0.885        975.510  4.0e-02        0.075     30.963        0.366       0.873
47900         0.335        0.886        977.551  4.0e-02        0.076     30.967        0.366       0.873
48000         0.336        0.884        979.592  4.0e-02        0.077     34.104        0.365       0.873
48100         0.336        0.885        981.633  4.0e-02        0.076     30.963        0.365       0.873
48200         0.337        0.884        983.673  4.0e-02        0.076     30.961        0.365       0.873
48300         0.337        0.885        985.714  4.0e-02        0.076     30.959        0.365       0.873
48400         0.335        0.886        987.755  4.0e-02        0.076     30.957        0.365       0.873
48500         0.336        0.884        989.796  3.9e-02        0.077     30.956        0.365       0.873
48600         0.337        0.884        991.837  3.9e-02        0.077     30.961        0.365       0.873
48700         0.335        0.885        993.878  3.9e-02        0.075     30.965        0.365       0.873
48800         0.335        0.885        995.918  3.9e-02        0.076     30.962        0.365       0.873
48900         0.338        0.884        997.959  3.9e-02        0.077     30.963        0.365       0.873
49000         0.336        0.884       1000.000  3.9e-02        0.076     34.051        0.365       0.873
49100         0.336        0.884       1002.041  3.9e-02        0.076     30.962        0.365       0.873
49200         0.337        0.884       1004.082  3.9e-02        0.075     30.966        0.365       0.873
    t    train_loss    train_acc    train_epoch       lr    data_time    it_time    test_loss    test_acc
-----  ------------  -----------  -------------  -------  -----------  ---------  -----------  ----------
49300         0.335        0.885       1006.122  3.8e-02        0.076     30.965        0.365       0.873
49400         0.337        0.885       1008.163  3.8e-02        0.076     30.979        0.365       0.873
49500         0.337        0.883       1010.204  3.8e-02        0.076     30.978        0.365       0.873
49600         0.337        0.884       1012.245  3.8e-02        0.075     30.970        0.365       0.873
49700         0.336        0.885       1014.286  3.8e-02        0.076     30.971        0.365       0.873
49800         0.337        0.885       1016.327  3.8e-02        0.076     30.971        0.365       0.873
49900         0.338        0.884       1018.367  3.8e-02        0.077     30.973        0.365       0.873
50000         0.335        0.885       1020.408  3.8e-02        0.076     34.142        0.366       0.872
50100         0.336        0.885       1022.449  3.7e-02        0.076     30.966        0.366       0.872
50200         0.337        0.884       1024.490  3.7e-02        0.075     30.969        0.366       0.872
50300         0.337        0.884       1026.531  3.7e-02        0.077     30.966        0.366       0.872
50400         0.338        0.883       1028.571  3.7e-02        0.076     30.963        0.366       0.872
50500         0.336        0.884       1030.612  3.7e-02        0.076     30.967        0.366       0.872
50600         0.335        0.884       1032.653  3.7e-02        0.076     30.967        0.366       0.872
50700         0.335        0.885       1034.694  3.7e-02        0.077     30.973        0.366       0.872
50800         0.338        0.883       1036.735  3.7e-02        0.078     30.971        0.366       0.872
50900         0.335        0.885       1038.776  3.6e-02        0.076     30.979        0.366       0.872
51000         0.338        0.884       1040.816  3.6e-02        0.077     34.110        0.364       0.873
51100         0.334        0.885       1042.857  3.6e-02        0.077     30.980        0.364       0.873
51200         0.336        0.884       1044.898  3.6e-02        0.076     30.979        0.364       0.873
51300         0.336        0.885       1046.939  3.6e-02        0.077     30.983        0.364       0.873
51400         0.337        0.884       1048.980  3.6e-02        0.074     30.971        0.364       0.873
51500         0.337        0.884       1051.020  3.6e-02        0.076     30.926        0.364       0.873
51600         0.336        0.884       1053.061  3.6e-02        0.075     30.970        0.364       0.873
51700         0.336        0.884       1055.102  3.5e-02        0.075     30.977        0.364       0.873
51800         0.337        0.885       1057.143  3.5e-02        0.075     30.979        0.364       0.873
51900         0.336        0.885       1059.184  3.5e-02        0.075     30.976        0.364       0.873
52000         0.338        0.883       1061.224  3.5e-02        0.075     34.120        0.365       0.872
52100         0.337        0.885       1063.265  3.5e-02        0.075     30.976        0.365       0.872
52200         0.336        0.884       1065.306  3.5e-02        0.075     30.971        0.365       0.872
52300         0.336        0.883       1067.347  3.5e-02        0.075     30.972        0.365       0.872
52400         0.336        0.884       1069.388  3.5e-02        0.076     30.968        0.365       0.872
52500         0.336        0.884       1071.429  3.4e-02        0.075     30.969        0.365       0.872
52600         0.336        0.883       1073.469  3.4e-02        0.076     30.965        0.365       0.872
52700         0.336        0.885       1075.510  3.4e-02        0.075     30.968        0.365       0.872
52800         0.336        0.885       1077.551  3.4e-02        0.076     30.967        0.365       0.872
52900         0.335        0.885       1079.592  3.4e-02        0.075     30.966        0.365       0.872
53000         0.335        0.884       1081.633  3.4e-02        0.075     34.147        0.365       0.872
53100         0.335        0.885       1083.673  3.4e-02        0.076     30.965        0.365       0.872
53200         0.337        0.884       1085.714  3.4e-02        0.074     30.969        0.365       0.872
53300         0.337        0.884       1087.755  3.3e-02        0.075     30.972        0.365       0.872
    t    train_loss    train_acc    train_epoch       lr    data_time    it_time    test_loss    test_acc
-----  ------------  -----------  -------------  -------  -----------  ---------  -----------  ----------
53400         0.334        0.885       1089.796  3.3e-02        0.075     30.970        0.365       0.872
53500         0.337        0.884       1091.837  3.3e-02        0.076     30.979        0.365       0.872
53600         0.335        0.885       1093.878  3.3e-02        0.076     30.980        0.365       0.872
53700         0.337        0.884       1095.918  3.3e-02        0.077     30.977        0.365       0.872
53800         0.334        0.886       1097.959  3.3e-02        0.076     30.974        0.365       0.872
53900         0.336        0.884       1100.000  3.3e-02        0.076     30.927        0.365       0.872
54000         0.337        0.883       1102.041  3.3e-02        0.075     34.152        0.366       0.873
54100         0.336        0.884       1104.082  3.2e-02        0.075     30.973        0.366       0.873
54200         0.335        0.885       1106.122  3.2e-02        0.076     30.977        0.366       0.873
54300         0.338        0.884       1108.163  3.2e-02        0.075     30.981        0.366       0.873
54400         0.335        0.885       1110.204  3.2e-02        0.076     30.970        0.366       0.873
54500         0.335        0.886       1112.245  3.2e-02        0.075     30.975        0.366       0.873
54600         0.337        0.885       1114.286  3.2e-02        0.075     30.975        0.366       0.873
54700         0.336        0.884       1116.327  3.2e-02        0.075     30.970        0.366       0.873
54800         0.338        0.884       1118.367  3.2e-02        0.075     30.971        0.366       0.873
54900         0.335        0.884       1120.408  3.1e-02        0.075     30.962        0.366       0.873
55000         0.336        0.884       1122.449  3.1e-02        0.075     34.142        0.364       0.873
55100         0.337        0.884       1124.490  3.1e-02        0.075     30.965        0.364       0.873
55200         0.336        0.885       1126.531  3.1e-02        0.075     30.976        0.364       0.873
55300         0.335        0.885       1128.571  3.1e-02        0.077     30.988        0.364       0.873
55400         0.335        0.885       1130.612  3.1e-02        0.075     30.965        0.364       0.873
55500         0.337        0.884       1132.653  3.1e-02        0.075     30.974        0.364       0.873
55600         0.337        0.884       1134.694  3.1e-02        0.075     30.969        0.364       0.873
55700         0.334        0.885       1136.735  3.0e-02        0.075     30.970        0.364       0.873
55800         0.338        0.885       1138.776  3.0e-02        0.075     30.967        0.364       0.873
55900         0.336        0.885       1140.816  3.0e-02        0.075     30.974        0.364       0.873
56000         0.338        0.884       1142.857  3.0e-02        0.074     34.115        0.364       0.872
56100         0.335        0.884       1144.898  3.0e-02        0.075     30.979        0.364       0.872
56200         0.338        0.884       1146.939  3.0e-02        0.077     30.971        0.364       0.872
56300         0.336        0.884       1148.980  3.0e-02        0.075     30.968        0.364       0.872
56400         0.335        0.885       1151.020  3.0e-02        0.076     30.918        0.364       0.872
56500         0.335        0.884       1153.061  2.9e-02        0.075     30.966        0.364       0.872
56600         0.336        0.885       1155.102  2.9e-02        0.075     30.970        0.364       0.872
56700         0.337        0.884       1157.143  2.9e-02        0.074     30.970        0.364       0.872
56800         0.336        0.885       1159.184  2.9e-02        0.075     30.973        0.364       0.872
56900         0.337        0.884       1161.224  2.9e-02        0.075     30.971        0.364       0.872
57000         0.336        0.884       1163.265  2.9e-02        0.074     34.115        0.364       0.872
57100         0.336        0.884       1165.306  2.9e-02        0.076     30.969        0.364       0.872
57200         0.337        0.883       1167.347  2.9e-02        0.074     30.974        0.364       0.872
57300         0.337        0.884       1169.388  2.8e-02        0.075     30.972        0.364       0.872
57400         0.336        0.885       1171.429  2.8e-02        0.075     30.965        0.364       0.872
    t    train_loss    train_acc    train_epoch       lr    data_time    it_time    test_loss    test_acc
-----  ------------  -----------  -------------  -------  -----------  ---------  -----------  ----------
57500         0.335        0.886       1173.469  2.8e-02        0.075     30.969        0.364       0.872
57600         0.336        0.885       1175.510  2.8e-02        0.075     30.976        0.364       0.872
57700         0.335        0.884       1177.551  2.8e-02        0.075     30.978        0.364       0.872
57800         0.336        0.884       1179.592  2.8e-02        0.075     30.976        0.364       0.872
57900         0.336        0.884       1181.633  2.8e-02        0.076     30.982        0.364       0.872
58000         0.337        0.884       1183.673  2.8e-02        0.075     34.125        0.364       0.872
58100         0.336        0.884       1185.714  2.7e-02        0.075     30.971        0.364       0.872
58200         0.336        0.884       1187.755  2.7e-02        0.076     30.973        0.364       0.872
58300         0.336        0.885       1189.796  2.7e-02        0.076     30.972        0.364       0.872
58400         0.336        0.885       1191.837  2.7e-02        0.075     30.969        0.364       0.872
58500         0.336        0.885       1193.878  2.7e-02        0.075     30.971        0.364       0.872
58600         0.336        0.884       1195.918  2.7e-02        0.075     30.972        0.364       0.872
58700         0.337        0.884       1197.959  2.7e-02        0.077     30.964        0.364       0.872
58800         0.336        0.884       1200.000  2.7e-02        0.075     30.915        0.364       0.872
58900         0.335        0.886       1202.041  2.6e-02        0.075     30.971        0.364       0.872
59000         0.337        0.885       1204.082  2.6e-02        0.075     34.111        0.365       0.872
59100         0.335        0.885       1206.122  2.6e-02        0.075     30.970        0.365       0.872
59200         0.334        0.885       1208.163  2.6e-02        0.075     30.978        0.365       0.872
59300         0.337        0.884       1210.204  2.6e-02        0.075     30.979        0.365       0.872
59400         0.335        0.885       1212.245  2.6e-02        0.075     30.976        0.365       0.872
59500         0.336        0.884       1214.286  2.6e-02        0.075     30.976        0.365       0.872
59600         0.337        0.884       1216.327  2.6e-02        0.075     30.974        0.365       0.872
59700         0.334        0.885       1218.367  2.5e-02        0.075     30.980        0.365       0.872
59800         0.337        0.884       1220.408  2.5e-02        0.075     30.976        0.365       0.872
59900         0.336        0.885       1222.449  2.5e-02        0.075     30.978        0.365       0.872
60000         0.335        0.884       1224.490  2.5e-02        0.075     34.127        0.364       0.873
60100         0.337        0.884       1226.531  2.5e-02        0.076     30.975        0.364       0.873
60200         0.336        0.883       1228.571  2.5e-02        0.075     30.982        0.364       0.873
60300         0.335        0.884       1230.612  2.5e-02        0.075     30.973        0.364       0.873
60400         0.338        0.884       1232.653  2.5e-02        0.075     30.969        0.364       0.873
60500         0.336        0.884       1234.694  2.4e-02        0.075     30.968        0.364       0.873
60600         0.337        0.883       1236.735  2.4e-02        0.075     30.972        0.364       0.873
60700         0.337        0.884       1238.776  2.4e-02        0.075     30.967        0.364       0.873
60800         0.336        0.885       1240.816  2.4e-02        0.075     30.968        0.364       0.873
60900         0.336        0.885       1242.857  2.4e-02        0.075     30.966        0.364       0.873
61000         0.337        0.885       1244.898  2.4e-02        0.075     34.110        0.365       0.872
61100         0.336        0.884       1246.939  2.4e-02        0.078     30.967        0.365       0.872
61200         0.336        0.885       1248.980  2.4e-02        0.075     30.958        0.365       0.872
61300         0.337        0.884       1251.020  2.3e-02        0.075     30.913        0.365       0.872
61400         0.337        0.884       1253.061  2.3e-02        0.075     30.963        0.365       0.872
61500         0.334        0.885       1255.102  2.3e-02        0.075     30.961        0.365       0.872
    t    train_loss    train_acc    train_epoch       lr    data_time    it_time    test_loss    test_acc
-----  ------------  -----------  -------------  -------  -----------  ---------  -----------  ----------
61600         0.336        0.884       1257.143  2.3e-02        0.075     30.966        0.365       0.872
61700         0.334        0.884       1259.184  2.3e-02        0.075     30.970        0.365       0.872
61800         0.336        0.884       1261.224  2.3e-02        0.075     30.974        0.365       0.872
61900         0.335        0.886       1263.265  2.3e-02        0.075     30.970        0.365       0.872
62000         0.336        0.884       1265.306  2.3e-02        0.076     34.112        0.364       0.873
62100         0.335        0.885       1267.347  2.2e-02        0.075     30.974        0.364       0.873
62200         0.338        0.884       1269.388  2.2e-02        0.075     30.974        0.364       0.873
62300         0.337        0.884       1271.429  2.2e-02        0.075     30.975        0.364       0.873
62400         0.337        0.884       1273.469  2.2e-02        0.074     30.967        0.364       0.873
62500         0.335        0.886       1275.510  2.2e-02        0.075     30.980        0.364       0.873
62600         0.337        0.884       1277.551  2.2e-02        0.075     30.985        0.364       0.873
62700         0.334        0.886       1279.592  2.2e-02        0.075     30.974        0.364       0.873
62800         0.337        0.883       1281.633  2.2e-02        0.075     30.971        0.364       0.873
62900         0.336        0.884       1283.673  2.1e-02        0.075     30.972        0.364       0.873
63000         0.337        0.884       1285.714  2.1e-02        0.075     34.110        0.364       0.872
63100         0.334        0.885       1287.755  2.1e-02        0.077     30.973        0.364       0.872
63200         0.335        0.885       1289.796  2.1e-02        0.076     30.978        0.364       0.872
63300         0.336        0.885       1291.837  2.1e-02        0.075     30.978        0.364       0.872
63400         0.336        0.884       1293.878  2.1e-02        0.076     30.975        0.364       0.872
63500         0.334        0.885       1295.918  2.1e-02        0.075     30.982        0.364       0.872
63600         0.337        0.885       1297.959  2.1e-02        0.077     30.980        0.364       0.872
63700         0.335        0.884       1300.000  2.0e-02        0.075     30.929        0.364       0.872
63800         0.336        0.884       1302.041  2.0e-02        0.076     30.981        0.364       0.872
63900         0.337        0.884       1304.082  2.0e-02        0.075     30.978        0.364       0.872
64000         0.335        0.886       1306.122  2.0e-02        0.075     34.117        0.364       0.873
64100         0.336        0.884       1308.163  2.0e-02        0.075     30.977        0.364       0.873
64200         0.336        0.885       1310.204  2.0e-02        0.075     30.978        0.364       0.873
64300         0.336        0.884       1312.245  2.0e-02        0.076     30.969        0.364       0.873
64400         0.335        0.885       1314.286  2.0e-02        0.075     30.966        0.364       0.873
64500         0.337        0.884       1316.327  1.9e-02        0.075     30.958        0.364       0.873
64600         0.335        0.885       1318.367  1.9e-02        0.076     30.962        0.364       0.873
64700         0.336        0.884       1320.408  1.9e-02        0.076     30.963        0.364       0.873
64800         0.335        0.884       1322.449  1.9e-02        0.076     30.962        0.364       0.873
64900         0.336        0.885       1324.490  1.9e-02        0.076     30.963        0.364       0.873
65000         0.337        0.883       1326.531  1.9e-02        0.077     34.106        0.364       0.873
65100         0.335        0.885       1328.571  1.9e-02        0.076     30.961        0.364       0.873
65200         0.335        0.885       1330.612  1.9e-02        0.076     30.968        0.364       0.873
65300         0.335        0.885       1332.653  1.8e-02        0.076     30.968        0.364       0.873
65400         0.339        0.884       1334.694  1.8e-02        0.077     30.969        0.364       0.873
65500         0.335        0.886       1336.735  1.8e-02        0.076     30.968        0.364       0.873
65600         0.336        0.885       1338.776  1.8e-02        0.075     30.965        0.364       0.873
    t    train_loss    train_acc    train_epoch       lr    data_time    it_time    test_loss    test_acc
-----  ------------  -----------  -------------  -------  -----------  ---------  -----------  ----------
65700         0.336        0.883       1340.816  1.8e-02        0.075     30.967        0.364       0.873
65800         0.335        0.885       1342.857  1.8e-02        0.075     30.974        0.364       0.873
65900         0.337        0.884       1344.898  1.8e-02        0.075     30.978        0.364       0.873
66000         0.335        0.884       1346.939  1.8e-02        0.077     34.120        0.365       0.873
66100         0.337        0.884       1348.980  1.7e-02        0.075     30.976        0.365       0.873
66200         0.335        0.885       1351.020  1.7e-02        0.075     30.929        0.365       0.873
66300         0.337        0.885       1353.061  1.7e-02        0.076     30.976        0.365       0.873
66400         0.336        0.885       1355.102  1.7e-02        0.075     30.984        0.365       0.873
66500         0.336        0.884       1357.143  1.7e-02        0.076     30.979        0.365       0.873
66600         0.336        0.885       1359.184  1.7e-02        0.075     30.980        0.365       0.873
66700         0.335        0.885       1361.224  1.7e-02        0.075     30.979        0.365       0.873
66800         0.336        0.884       1363.265  1.7e-02        0.075     30.978        0.365       0.873
66900         0.336        0.885       1365.306  1.6e-02        0.075     30.973        0.365       0.873
67000         0.336        0.885       1367.347  1.6e-02        0.075     34.111        0.365       0.873
67100         0.337        0.884       1369.388  1.6e-02        0.075     30.971        0.365       0.873
67200         0.334        0.886       1371.429  1.6e-02        0.075     30.974        0.365       0.873
67300         0.333        0.885       1373.469  1.6e-02        0.076     30.971        0.365       0.873
67400         0.334        0.885       1375.510  1.6e-02        0.075     30.974        0.365       0.873
67500         0.339        0.883       1377.551  1.6e-02        0.075     30.973        0.365       0.873
67600         0.335        0.884       1379.592  1.6e-02        0.075     30.973        0.365       0.873
67700         0.336        0.885       1381.633  1.5e-02        0.075     30.976        0.365       0.873
67800         0.335        0.885       1383.673  1.5e-02        0.075     30.975        0.365       0.873
67900         0.337        0.884       1385.714  1.5e-02        0.076     30.973        0.365       0.873
68000         0.333        0.885       1387.755  1.5e-02        0.076     34.116        0.364       0.873
68100         0.336        0.885       1389.796  1.5e-02        0.075     30.973        0.364       0.873
68200         0.335        0.885       1391.837  1.5e-02        0.075     30.973        0.364       0.873
68300         0.336        0.885       1393.878  1.5e-02        0.075     30.972        0.364       0.873
68400         0.336        0.885       1395.918  1.5e-02        0.076     30.976        0.364       0.873
68500         0.335        0.885       1397.959  1.4e-02        0.077     30.973        0.364       0.873
68600         0.337        0.885       1400.000  1.4e-02        0.076     30.914        0.364       0.873
68700         0.336        0.883       1402.041  1.4e-02        0.076     30.962        0.364       0.873
68800         0.337        0.885       1404.082  1.4e-02        0.075     30.974        0.364       0.873
68900         0.336        0.885       1406.122  1.4e-02        0.075     30.968        0.364       0.873
69000         0.336        0.884       1408.163  1.4e-02        0.075     34.111        0.364       0.873
69100         0.335        0.885       1410.204  1.4e-02        0.075     30.967        0.364       0.873
69200         0.336        0.884       1412.245  1.4e-02        0.075     30.965        0.364       0.873
69300         0.336        0.884       1414.286  1.3e-02        0.075     30.968        0.364       0.873
69400         0.335        0.885       1416.327  1.3e-02        0.075     30.962        0.364       0.873
69500         0.337        0.884       1418.367  1.3e-02        0.076     30.967        0.364       0.873
69600         0.334        0.885       1420.408  1.3e-02        0.075     30.967        0.364       0.873
69700         0.337        0.884       1422.449  1.3e-02        0.075     30.965        0.364       0.873
    t    train_loss    train_acc    train_epoch       lr    data_time    it_time    test_loss    test_acc
-----  ------------  -----------  -------------  -------  -----------  ---------  -----------  ----------
69800         0.336        0.884       1424.490  1.3e-02        0.075     30.966        0.364       0.873
69900         0.335        0.885       1426.531  1.3e-02        0.075     30.981        0.364       0.873
70000         0.335        0.884       1428.571  1.3e-02        0.075     34.127        0.364       0.873
70100         0.336        0.884       1430.612  1.2e-02        0.075     30.980        0.364       0.873
70200         0.337        0.884       1432.653  1.2e-02        0.074     30.979        0.364       0.873
70300         0.335        0.884       1434.694  1.2e-02        0.075     30.979        0.364       0.873
70400         0.335        0.885       1436.735  1.2e-02        0.075     30.977        0.364       0.873
70500         0.335        0.885       1438.776  1.2e-02        0.075     30.979        0.364       0.873
70600         0.333        0.885       1440.816  1.2e-02        0.075     30.976        0.364       0.873
70700         0.336        0.884       1442.857  1.2e-02        0.076     30.977        0.364       0.873
70800         0.335        0.884       1444.898  1.2e-02        0.075     30.972        0.364       0.873
70900         0.336        0.885       1446.939  1.1e-02        0.077     30.977        0.364       0.873
71000         0.334        0.885       1448.980  1.1e-02        0.075     34.116        0.364       0.873
71100         0.335        0.885       1451.020  1.1e-02        0.075     30.914        0.364       0.873
71200         0.336        0.884       1453.061  1.1e-02        0.075     30.967        0.364       0.873
71300         0.335        0.884       1455.102  1.1e-02        0.077     30.972        0.364       0.873
71400         0.337        0.885       1457.143  1.1e-02        0.077     30.968        0.364       0.873
71500         0.335        0.885       1459.184  1.1e-02        0.076     30.971        0.364       0.873
71600         0.335        0.885       1461.224  1.1e-02        0.076     30.976        0.364       0.873
71700         0.338        0.884       1463.265  1.0e-02        0.077     30.973        0.364       0.873
71800         0.335        0.885       1465.306  1.0e-02        0.077     30.971        0.364       0.873
71900         0.337        0.884       1467.347  1.0e-02        0.076     30.972        0.364       0.873
72000         0.335        0.885       1469.388  1.0e-02        0.077     34.119        0.364       0.873
72100         0.336        0.885       1471.429  9.9e-03        0.077     30.979        0.364       0.873
72200         0.338        0.883       1473.469  9.8e-03        0.076     30.976        0.364       0.873
72300         0.335        0.884       1475.510  9.6e-03        0.076     30.976        0.364       0.873
72400         0.333        0.885       1477.551  9.5e-03        0.078     30.973        0.364       0.873
72500         0.338        0.885       1479.592  9.4e-03        0.076     30.966        0.364       0.873
72600         0.335        0.885       1481.633  9.3e-03        0.075     30.974        0.364       0.873
72700         0.335        0.885       1483.673  9.1e-03        0.076     30.966        0.364       0.873
72800         0.336        0.886       1485.714  9.0e-03        0.076     30.964        0.364       0.873
72900         0.337        0.884       1487.755  8.9e-03        0.077     30.967        0.364       0.873
73000         0.336        0.885       1489.796  8.8e-03        0.076     34.112        0.364       0.872
73100         0.336        0.884       1491.837  8.6e-03        0.077     30.969        0.364       0.872
73200         0.336        0.885       1493.878  8.5e-03        0.077     30.968        0.364       0.872
73300         0.335        0.885       1495.918  8.4e-03        0.076     30.963        0.364       0.872
73400         0.336        0.884       1497.959  8.3e-03        0.077     30.963        0.364       0.872
73500         0.337        0.883       1500.000  8.1e-03        0.075     30.912        0.364       0.872
73600         0.334        0.884       1502.041  8.0e-03        0.075     30.965        0.364       0.872
73700         0.335        0.885       1504.082  7.9e-03        0.075     30.961        0.364       0.872
73800         0.336        0.884       1506.122  7.8e-03        0.075     30.964        0.364       0.872
    t    train_loss    train_acc    train_epoch       lr    data_time    it_time    test_loss    test_acc
-----  ------------  -----------  -------------  -------  -----------  ---------  -----------  ----------
73900         0.335        0.885       1508.163  7.6e-03        0.076     30.965        0.364       0.872
74000         0.335        0.885       1510.204  7.5e-03        0.077     34.106        0.364       0.873
74100         0.335        0.884       1512.245  7.4e-03        0.077     30.966        0.364       0.873
74200         0.336        0.884       1514.286  7.3e-03        0.076     30.965        0.364       0.873
74300         0.335        0.886       1516.327  7.1e-03        0.075     30.962        0.364       0.873
74400         0.336        0.885       1518.367  7.0e-03        0.074     30.964        0.364       0.873
74500         0.336        0.885       1520.408  6.9e-03        0.075     30.967        0.364       0.873
74600         0.336        0.885       1522.449  6.8e-03        0.075     30.972        0.364       0.873
74700         0.334        0.885       1524.490  6.6e-03        0.075     30.971        0.364       0.873
74800         0.337        0.884       1526.531  6.5e-03        0.075     30.967        0.364       0.873
74900         0.335        0.884       1528.571  6.4e-03        0.076     30.968        0.364       0.873
75000         0.336        0.885       1530.612  6.3e-03        0.075     34.115        0.364       0.872
75100         0.333        0.886       1532.653  6.1e-03        0.076     30.971        0.364       0.872
75200         0.335        0.885       1534.694  6.0e-03        0.075     30.976        0.364       0.872
75300         0.338        0.883       1536.735  5.9e-03        0.076     30.973        0.364       0.872
75400         0.337        0.884       1538.776  5.8e-03        0.075     30.977        0.364       0.872
75500         0.336        0.885       1540.816  5.6e-03        0.075     30.978        0.364       0.872
75600         0.335        0.884       1542.857  5.5e-03        0.076     30.969        0.364       0.872
75700         0.336        0.885       1544.898  5.4e-03        0.075     30.975        0.364       0.872
75800         0.335        0.885       1546.939  5.3e-03        0.076     30.983        0.364       0.872
75900         0.335        0.885       1548.980  5.1e-03        0.075     30.974        0.364       0.872
76000         0.334        0.886       1551.020  5.0e-03        0.076     34.067        0.364       0.873
76100         0.335        0.885       1553.061  4.9e-03        0.075     30.972        0.364       0.873
76200         0.335        0.884       1555.102  4.8e-03        0.076     30.972        0.364       0.873
76300         0.335        0.885       1557.143  4.6e-03        0.075     30.978        0.364       0.873
76400         0.337        0.884       1559.184  4.5e-03        0.075     30.974        0.364       0.873
76500         0.336        0.885       1561.224  4.4e-03        0.075     30.975        0.364       0.873
76600         0.337        0.884       1563.265  4.3e-03        0.075     30.972        0.364       0.873
76700         0.335        0.885       1565.306  4.1e-03        0.077     30.969        0.364       0.873
76800         0.334        0.885       1567.347  4.0e-03        0.076     30.965        0.364       0.873
76900         0.335        0.885       1569.388  3.9e-03        0.076     30.961        0.364       0.873
77000         0.336        0.884       1571.429  3.8e-03        0.076     34.114        0.364       0.873
77100         0.337        0.884       1573.469  3.6e-03        0.077     30.960        0.364       0.873
77200         0.336        0.884       1575.510  3.5e-03        0.076     30.961        0.364       0.873
77300         0.334        0.885       1577.551  3.4e-03        0.076     30.963        0.364       0.873
77400         0.336        0.884       1579.592  3.3e-03        0.076     30.966        0.364       0.873
77500         0.335        0.886       1581.633  3.1e-03        0.075     30.960        0.364       0.873
77600         0.336        0.884       1583.673  3.0e-03        0.076     30.960        0.364       0.873
77700         0.336        0.884       1585.714  2.9e-03        0.077     30.965        0.364       0.873
77800         0.337        0.885       1587.755  2.8e-03        0.075     30.966        0.364       0.873
77900         0.335        0.885       1589.796  2.6e-03        0.076     30.965        0.364       0.873
    t    train_loss    train_acc    train_epoch       lr    data_time    it_time    test_loss    test_acc
-----  ------------  -----------  -------------  -------  -----------  ---------  -----------  ----------
78000         0.335        0.884       1591.837  2.5e-03        0.075     34.111        0.364       0.873
78100         0.334        0.885       1593.878  2.4e-03        0.077     30.971        0.364       0.873
78200         0.337        0.883       1595.918  2.3e-03        0.076     30.977        0.364       0.873
78300         0.336        0.885       1597.959  2.1e-03        0.076     30.974        0.364       0.873
78400         0.335        0.885       1600.000  2.0e-03        0.075     30.920        0.364       0.873
78500         0.335        0.886       1602.041  1.9e-03        0.075     30.975        0.364       0.873
78600         0.337        0.884       1604.082  1.8e-03        0.075     30.977        0.364       0.873
78700         0.334        0.885       1606.122  1.6e-03        0.076     30.974        0.364       0.873
78800         0.337        0.884       1608.163  1.5e-03        0.075     30.974        0.364       0.873
78900         0.336        0.884       1610.204  1.4e-03        0.075     30.979        0.364       0.873
79000         0.335        0.885       1612.245  1.3e-03        0.075     34.113        0.364       0.873
79100         0.334        0.885       1614.286  1.1e-03        0.075     30.977        0.364       0.873
79200         0.336        0.885       1616.327  1.0e-03        0.077     30.972        0.364       0.873
79300         0.336        0.885       1618.367  8.8e-04        0.075     30.976        0.364       0.873
79400         0.336        0.886       1620.408  7.5e-04        0.075     30.970        0.364       0.873
79500         0.335        0.885       1622.449  6.3e-04        0.075     30.973        0.364       0.873
79600         0.335        0.885       1624.490  5.0e-04        0.075     30.976        0.364       0.873
79700         0.334        0.885       1626.531  3.8e-04        0.075     30.979        0.364       0.873
79800         0.337        0.884       1628.571  2.5e-04        0.076     30.977        0.364       0.873
79900         0.335        0.885       1630.612  1.3e-04        0.075     30.975        0.364       0.873
80000         0.337        0.884       1632.653  1.2e-06        0.075     34.120        0.364       0.873
