  t    train_loss    train_acc    train_epoch       lr    data_time    it_time
---  ------------  -----------  -------------  -------  -----------  ---------
100         0.744        0.759          2.041  1.0e-01        0.301     32.554
200         0.514        0.826          4.082  1.0e-01        0.076     29.620
300         0.477        0.838          6.122  1.0e-01        0.074     29.130
400         0.457        0.845          8.163  1.0e-01        0.074     29.056
500         0.443        0.849         10.204  9.9e-02        0.075     29.700
600         0.430        0.853         12.245  9.9e-02        0.075     29.482
700         0.422        0.855         14.286  9.9e-02        0.075     29.095
800         0.413        0.859         16.327  9.9e-02        0.076     29.099
900         0.405        0.862         18.367  9.9e-02        0.075     29.160
1000         0.404        0.862         20.408  9.9e-02        0.075     33.428        0.398       0.863
1100         0.395        0.864         22.449  9.9e-02        0.076     29.736        0.398       0.863
1200         0.395        0.864         24.490  9.9e-02        0.077     29.482        0.398       0.863
1300         0.390        0.867         26.531  9.8e-02        0.076     29.108        0.398       0.863
1400         0.386        0.867         28.571  9.8e-02        0.075     29.089        0.398       0.863
1500         0.384        0.869         30.612  9.8e-02        0.076     29.097        0.398       0.863
1600         0.377        0.871         32.653  9.8e-02        0.075     29.100        0.398       0.863
1700         0.377        0.871         34.694  9.8e-02        0.076     29.099        0.398       0.863
1800         0.376        0.870         36.735  9.8e-02        0.075     29.084        0.398       0.863
1900         0.371        0.873         38.776  9.8e-02        0.076     29.097        0.398       0.863
2000         0.369        0.874         40.816  9.8e-02        0.076     32.050        0.374       0.871
2100         0.370        0.874         42.857  9.7e-02        0.076     29.092        0.374       0.871
2200         0.367        0.874         44.898  9.7e-02        0.077     29.194        0.374       0.871
2300         0.365        0.875         46.939  9.7e-02        0.077     28.996        0.374       0.871
2400         0.363        0.875         48.980  9.7e-02        0.076     28.965        0.374       0.871
2500         0.362        0.875         51.020  9.7e-02        0.075     28.917        0.374       0.871
2600         0.359        0.875         53.061  9.7e-02        0.075     28.932        0.374       0.871
2700         0.357        0.878         55.102  9.7e-02        0.075     28.951        0.374       0.871
2800         0.357        0.877         57.143  9.7e-02        0.074     28.962        0.374       0.871
2900         0.356        0.877         59.184  9.6e-02        0.074     28.943        0.374       0.871
3000         0.356        0.877         61.224  9.6e-02        0.075     31.909        0.363       0.873
3100         0.352        0.879         63.265  9.6e-02        0.076     28.944        0.363       0.873
3200         0.354        0.878         65.306  9.6e-02        0.076     28.951        0.363       0.873
3300         0.351        0.879         67.347  9.6e-02        0.076     28.962        0.363       0.873
3400         0.350        0.879         69.388  9.6e-02        0.074     28.962        0.363       0.873
3500         0.348        0.880         71.429  9.6e-02        0.074     28.963        0.363       0.873
3600         0.347        0.881         73.469  9.6e-02        0.074     28.961        0.363       0.873
3700         0.347        0.881         75.510  9.5e-02        0.074     28.972        0.363       0.873
3800         0.350        0.879         77.551  9.5e-02        0.074     28.938        0.363       0.873
3900         0.345        0.882         79.592  9.5e-02        0.075     28.949        0.363       0.873
4000         0.345        0.881         81.633  9.5e-02        0.074     31.909        0.357       0.876
4100         0.345        0.881         83.673  9.5e-02        0.074     28.964        0.357       0.876
   t    train_loss    train_acc    train_epoch       lr    data_time    it_time    test_loss    test_acc
----  ------------  -----------  -------------  -------  -----------  ---------  -----------  ----------
4200         0.344        0.882         85.714  9.5e-02        0.074     28.965        0.357       0.876
4300         0.342        0.882         87.755  9.5e-02        0.074     28.982        0.357       0.876
4400         0.343        0.882         89.796  9.5e-02        0.075     28.967        0.357       0.876
4500         0.342        0.882         91.837  9.4e-02        0.074     28.979        0.357       0.876
4600         0.341        0.882         93.878  9.4e-02        0.075     28.959        0.357       0.876
4700         0.340        0.883         95.918  9.4e-02        0.075     28.966        0.357       0.876
4800         0.340        0.883         97.959  9.4e-02        0.076     28.984        0.357       0.876
4900         0.340        0.883        100.000  9.4e-02        0.074     28.925        0.357       0.876
5000         0.339        0.883        102.041  9.4e-02        0.074     31.893        0.353       0.876
5100         0.338        0.884        104.082  9.4e-02        0.075     28.971        0.353       0.876
5200         0.337        0.885        106.122  9.4e-02        0.074     28.974        0.353       0.876
5300         0.337        0.884        108.163  9.3e-02        0.074     28.946        0.353       0.876
5400         0.338        0.883        110.204  9.3e-02        0.075     28.960        0.353       0.876
5500         0.336        0.884        112.245  9.3e-02        0.074     28.947        0.353       0.876
5600         0.336        0.884        114.286  9.3e-02        0.074     28.970        0.353       0.876
5700         0.335        0.884        116.327  9.3e-02        0.074     28.963        0.353       0.876
5800         0.334        0.885        118.367  9.3e-02        0.074     28.984        0.353       0.876
5900         0.338        0.884        120.408  9.3e-02        0.074     28.961        0.353       0.876
6000         0.334        0.885        122.449  9.3e-02        0.075     31.918        0.349       0.878
6100         0.332        0.886        124.490  9.2e-02        0.075     28.944        0.349       0.878
6200         0.333        0.886        126.531  9.2e-02        0.074     28.950        0.349       0.878
6300         0.333        0.886        128.571  9.2e-02        0.074     28.947        0.349       0.878
6400         0.333        0.885        130.612  9.2e-02        0.074     28.951        0.349       0.878
6500         0.333        0.886        132.653  9.2e-02        0.075     28.944        0.349       0.878
6600         0.331        0.886        134.694  9.2e-02        0.074     28.965        0.349       0.878
6700         0.331        0.887        136.735  9.2e-02        0.074     28.940        0.349       0.878
6800         0.334        0.885        138.776  9.2e-02        0.075     28.967        0.349       0.878
6900         0.331        0.885        140.816  9.1e-02        0.074     28.947        0.349       0.878
7000         0.332        0.885        142.857  9.1e-02        0.075     31.922        0.351       0.877
7100         0.329        0.886        144.898  9.1e-02        0.075     28.968        0.351       0.877
7200         0.331        0.887        146.939  9.1e-02        0.075     28.962        0.351       0.877
7300         0.329        0.887        148.980  9.1e-02        0.074     28.960        0.351       0.877
7400         0.329        0.886        151.020  9.1e-02        0.074     28.899        0.351       0.877
7500         0.329        0.886        153.061  9.1e-02        0.074     28.938        0.351       0.877
7600         0.330        0.886        155.102  9.1e-02        0.074     28.954        0.351       0.877
7700         0.328        0.887        157.143  9.0e-02        0.074     28.944        0.351       0.877
7800         0.326        0.888        159.184  9.0e-02        0.074     28.962        0.351       0.877
7900         0.328        0.887        161.224  9.0e-02        0.074     28.930        0.351       0.877
8000         0.328        0.888        163.265  9.0e-02        0.074     31.878        0.347       0.878
8100         0.327        0.888        165.306  9.0e-02        0.075     28.974        0.347       0.878
8200         0.325        0.888        167.347  9.0e-02        0.074     28.966        0.347       0.878
   t    train_loss    train_acc    train_epoch       lr    data_time    it_time    test_loss    test_acc
----  ------------  -----------  -------------  -------  -----------  ---------  -----------  ----------
8300         0.327        0.887        169.388  9.0e-02        0.075     28.966        0.347       0.878
8400         0.327        0.888        171.429  9.0e-02        0.075     28.965        0.347       0.878
8500         0.327        0.888        173.469  8.9e-02        0.075     28.956        0.347       0.878
8600         0.326        0.888        175.510  8.9e-02        0.074     28.946        0.347       0.878
8700         0.328        0.888        177.551  8.9e-02        0.075     28.967        0.347       0.878
8800         0.327        0.887        179.592  8.9e-02        0.074     28.963        0.347       0.878
8900         0.328        0.887        181.633  8.9e-02        0.075     28.954        0.347       0.878
9000         0.328        0.887        183.673  8.9e-02        0.074     31.905        0.348       0.879
9100         0.325        0.888        185.714  8.9e-02        0.075     28.981        0.348       0.879
9200         0.325        0.887        187.755  8.9e-02        0.075     28.962        0.348       0.879
9300         0.326        0.888        189.796  8.8e-02        0.074     28.962        0.348       0.879
9400         0.325        0.889        191.837  8.8e-02        0.075     28.949        0.348       0.879
9500         0.324        0.889        193.878  8.8e-02        0.074     28.968        0.348       0.879
9600         0.326        0.888        195.918  8.8e-02        0.075     28.979        0.348       0.879
9700         0.324        0.889        197.959  8.8e-02        0.075     28.969        0.348       0.879
9800         0.324        0.889        200.000  8.8e-02        0.075     28.912        0.348       0.879
9900         0.324        0.888        202.041  8.8e-02        0.075     28.944        0.348       0.879
10000         0.325        0.888        204.082  8.8e-02        0.075     31.904        0.346       0.881
10100         0.325        0.888        206.122  8.7e-02        0.075     28.972        0.346       0.881
10200         0.324        0.888        208.163  8.7e-02        0.075     28.961        0.346       0.881
10300         0.325        0.888        210.204  8.7e-02        0.075     28.958        0.346       0.881
10400         0.322        0.889        212.245  8.7e-02        0.074     28.966        0.346       0.881
10500         0.323        0.889        214.286  8.7e-02        0.074     28.959        0.346       0.881
10600         0.322        0.889        216.327  8.7e-02        0.075     28.967        0.346       0.881
10700         0.324        0.888        218.367  8.7e-02        0.075     28.947        0.346       0.881
10800         0.322        0.889        220.408  8.7e-02        0.074     28.964        0.346       0.881
10900         0.324        0.889        222.449  8.6e-02        0.076     28.945        0.346       0.881
11000         0.322        0.890        224.490  8.6e-02        0.075     31.890        0.345       0.880
11100         0.323        0.888        226.531  8.6e-02        0.075     28.945        0.345       0.880
11200         0.322        0.890        228.571  8.6e-02        0.075     28.942        0.345       0.880
11300         0.323        0.888        230.612  8.6e-02        0.075     28.963        0.345       0.880
11400         0.323        0.889        232.653  8.6e-02        0.075     28.950        0.345       0.880
11500         0.322        0.889        234.694  8.6e-02        0.074     28.966        0.345       0.880
11600         0.323        0.888        236.735  8.6e-02        0.075     28.963        0.345       0.880
11700         0.322        0.889        238.776  8.5e-02        0.075     28.964        0.345       0.880
11800         0.320        0.890        240.816  8.5e-02        0.075     28.941        0.345       0.880
11900         0.323        0.889        242.857  8.5e-02        0.075     28.950        0.345       0.880
12000         0.320        0.890        244.898  8.5e-02        0.075     31.911        0.343       0.881
12100         0.322        0.888        246.939  8.5e-02        0.076     28.979        0.343       0.881
12200         0.320        0.890        248.980  8.5e-02        0.075     28.966        0.343       0.881
12300         0.323        0.889        251.020  8.5e-02        0.075     28.930        0.343       0.881
    t    train_loss    train_acc    train_epoch       lr    data_time    it_time    test_loss    test_acc
-----  ------------  -----------  -------------  -------  -----------  ---------  -----------  ----------
12400         0.321        0.889        253.061  8.5e-02        0.075     28.980        0.343       0.881
12500         0.322        0.889        255.102  8.4e-02        0.074     28.963        0.343       0.881
12600         0.321        0.890        257.143  8.4e-02        0.074     28.965        0.343       0.881
12700         0.320        0.890        259.184  8.4e-02        0.075     28.980        0.343       0.881
12800         0.320        0.890        261.224  8.4e-02        0.075     28.960        0.343       0.881
12900         0.321        0.891        263.265  8.4e-02        0.074     28.962        0.343       0.881
13000         0.321        0.890        265.306  8.4e-02        0.075     31.902        0.344       0.881
13100         0.321        0.889        267.347  8.4e-02        0.075     28.966        0.344       0.881
13200         0.321        0.890        269.388  8.4e-02        0.075     28.971        0.344       0.881
13300         0.321        0.890        271.429  8.3e-02        0.075     28.965        0.344       0.881
13400         0.320        0.890        273.469  8.3e-02        0.075     28.964        0.344       0.881
13500         0.319        0.890        275.510  8.3e-02        0.075     28.967        0.344       0.881
13600         0.321        0.889        277.551  8.3e-02        0.075     28.973        0.344       0.881
13700         0.321        0.890        279.592  8.3e-02        0.075     28.951        0.344       0.881
13800         0.318        0.890        281.633  8.3e-02        0.075     28.946        0.344       0.881
13900         0.319        0.890        283.673  8.3e-02        0.075     28.960        0.344       0.881
14000         0.319        0.890        285.714  8.3e-02        0.075     31.914        0.344       0.880
14100         0.319        0.890        287.755  8.2e-02        0.075     28.957        0.344       0.880
14200         0.321        0.890        289.796  8.2e-02        0.075     28.947        0.344       0.880
14300         0.320        0.890        291.837  8.2e-02        0.075     28.961        0.344       0.880
14400         0.319        0.890        293.878  8.2e-02        0.075     28.969        0.344       0.880
14500         0.319        0.891        295.918  8.2e-02        0.075     28.966        0.344       0.880
14600         0.320        0.891        297.959  8.2e-02        0.076     28.961        0.344       0.880
14700         0.320        0.890        300.000  8.2e-02        0.075     28.918        0.344       0.880
14800         0.318        0.890        302.041  8.2e-02        0.075     28.978        0.344       0.880
14900         0.320        0.890        304.082  8.1e-02        0.076     28.946        0.344       0.880
15000         0.320        0.889        306.122  8.1e-02        0.075     31.903        0.343       0.881
15100         0.317        0.891        308.163  8.1e-02        0.075     28.930        0.343       0.881
15200         0.320        0.890        310.204  8.1e-02        0.075     28.957        0.343       0.881
15300         0.317        0.890        312.245  8.1e-02        0.075     28.951        0.343       0.881
15400         0.320        0.890        314.286  8.1e-02        0.075     28.982        0.343       0.881
15500         0.319        0.890        316.327  8.1e-02        0.075     28.960        0.343       0.881
15600         0.321        0.889        318.367  8.1e-02        0.075     28.946        0.343       0.881
15700         0.320        0.889        320.408  8.0e-02        0.075     28.968        0.343       0.881
15800         0.319        0.890        322.449  8.0e-02        0.075     28.964        0.343       0.881
15900         0.316        0.891        324.490  8.0e-02        0.075     28.962        0.343       0.881
16000         0.319        0.890        326.531  8.0e-02        0.076     31.931        0.342       0.882
16100         0.319        0.891        328.571  8.0e-02        0.075     28.981        0.342       0.882
16200         0.320        0.889        330.612  8.0e-02        0.075     28.978        0.342       0.882
16300         0.316        0.891        332.653  8.0e-02        0.075     28.963        0.342       0.882
16400         0.319        0.890        334.694  8.0e-02        0.075     28.950        0.342       0.882
    t    train_loss    train_acc    train_epoch       lr    data_time    it_time    test_loss    test_acc
-----  ------------  -----------  -------------  -------  -----------  ---------  -----------  ----------
16500         0.318        0.891        336.735  7.9e-02        0.076     28.978        0.342       0.882
16600         0.319        0.891        338.776  7.9e-02        0.075     28.961        0.342       0.882
16700         0.317        0.891        340.816  7.9e-02        0.075     28.963        0.342       0.882
16800         0.317        0.892        342.857  7.9e-02        0.075     28.963        0.342       0.882
16900         0.320        0.890        344.898  7.9e-02        0.075     28.968        0.342       0.882
17000         0.320        0.889        346.939  7.9e-02        0.077     31.909        0.342       0.882
17100         0.316        0.892        348.980  7.9e-02        0.075     28.962        0.342       0.882
17200         0.318        0.890        351.020  7.9e-02        0.075     28.914        0.342       0.882
17300         0.319        0.891        353.061  7.8e-02        0.076     28.965        0.342       0.882
17400         0.317        0.891        355.102  7.8e-02        0.075     28.980        0.342       0.882
17500         0.317        0.891        357.143  7.8e-02        0.075     28.962        0.342       0.882
17600         0.317        0.890        359.184  7.8e-02        0.075     28.963        0.342       0.882
17700         0.319        0.890        361.224  7.8e-02        0.075     28.964        0.342       0.882
17800         0.318        0.891        363.265  7.8e-02        0.075     28.962        0.342       0.882
17900         0.316        0.891        365.306  7.8e-02        0.075     28.942        0.342       0.882
18000         0.317        0.891        367.347  7.8e-02        0.075     31.907        0.342       0.882
18100         0.318        0.889        369.388  7.7e-02        0.075     28.967        0.342       0.882
18200         0.318        0.890        371.429  7.7e-02        0.074     28.947        0.342       0.882
18300         0.317        0.892        373.469  7.7e-02        0.075     28.976        0.342       0.882
18400         0.319        0.891        375.510  7.7e-02        0.075     28.947        0.342       0.882
18500         0.317        0.891        377.551  7.7e-02        0.075     28.971        0.342       0.882
18600         0.317        0.892        379.592  7.7e-02        0.075     28.962        0.342       0.882
18700         0.316        0.892        381.633  7.7e-02        0.075     28.977        0.342       0.882
18800         0.319        0.890        383.673  7.7e-02        0.075     28.964        0.342       0.882
18900         0.318        0.891        385.714  7.6e-02        0.075     28.964        0.342       0.882
19000         0.319        0.890        387.755  7.6e-02        0.075     31.929        0.343       0.882
19100         0.320        0.889        389.796  7.6e-02        0.075     28.964        0.343       0.882
19200         0.316        0.891        391.837  7.6e-02        0.076     28.965        0.343       0.882
19300         0.317        0.890        393.878  7.6e-02        0.075     28.973        0.343       0.882
19400         0.317        0.891        395.918  7.6e-02        0.076     28.952        0.343       0.882
19500         0.316        0.891        397.959  7.6e-02        0.076     28.948        0.343       0.882
19600         0.318        0.890        400.000  7.6e-02        0.076     28.893        0.343       0.882
19700         0.316        0.891        402.041  7.5e-02        0.075     28.980        0.343       0.882
19800         0.317        0.891        404.082  7.5e-02        0.075     28.975        0.343       0.882
19900         0.316        0.891        406.122  7.5e-02        0.075     28.968        0.343       0.882
20000         0.318        0.890        408.163  7.5e-02        0.075     31.915        0.342       0.881
20100         0.316        0.891        410.204  7.5e-02        0.075     28.957        0.342       0.881
20200         0.317        0.890        412.245  7.5e-02        0.075     28.984        0.342       0.881
20300         0.319        0.890        414.286  7.5e-02        0.075     28.973        0.342       0.881
20400         0.318        0.891        416.327  7.5e-02        0.075     28.968        0.342       0.881
20500         0.317        0.890        418.367  7.4e-02        0.075     28.964        0.342       0.881
    t    train_loss    train_acc    train_epoch       lr    data_time    it_time    test_loss    test_acc
-----  ------------  -----------  -------------  -------  -----------  ---------  -----------  ----------
20600         0.317        0.891        420.408  7.4e-02        0.075     28.960        0.342       0.881
20700         0.317        0.891        422.449  7.4e-02        0.075     28.967        0.342       0.881
20800         0.317        0.891        424.490  7.4e-02        0.075     28.948        0.342       0.881
20900         0.315        0.892        426.531  7.4e-02        0.075     28.974        0.342       0.881
21000         0.317        0.890        428.571  7.4e-02        0.075     31.914        0.342       0.881
21100         0.319        0.891        430.612  7.4e-02        0.076     28.948        0.342       0.881
21200         0.315        0.892        432.653  7.4e-02        0.075     28.957        0.342       0.881
21300         0.319        0.890        434.694  7.3e-02        0.076     28.962        0.342       0.881
21400         0.316        0.892        436.735  7.3e-02        0.075     28.950        0.342       0.881
21500         0.318        0.890        438.776  7.3e-02        0.075     28.963        0.342       0.881
21600         0.316        0.892        440.816  7.3e-02        0.075     28.960        0.342       0.881
21700         0.317        0.891        442.857  7.3e-02        0.075     28.979        0.342       0.881
21800         0.318        0.891        444.898  7.3e-02        0.075     28.965        0.342       0.881
21900         0.317        0.891        446.939  7.3e-02        0.077     28.949        0.342       0.881
22000         0.315        0.892        448.980  7.3e-02        0.075     31.920        0.342       0.882
22100         0.318        0.892        451.020  7.2e-02        0.075     28.920        0.342       0.882
22200         0.316        0.892        453.061  7.2e-02        0.076     28.956        0.342       0.882
22300         0.317        0.891        455.102  7.2e-02        0.075     28.963        0.342       0.882
22400         0.316        0.891        457.143  7.2e-02        0.075     28.966        0.342       0.882
22500         0.316        0.891        459.184  7.2e-02        0.076     28.944        0.342       0.882
22600         0.317        0.891        461.224  7.2e-02        0.076     28.962        0.342       0.882
22700         0.317        0.890        463.265  7.2e-02        0.075     28.960        0.342       0.882
22800         0.317        0.890        465.306  7.2e-02        0.075     28.964        0.342       0.882
22900         0.315        0.892        467.347  7.1e-02        0.075     28.966        0.342       0.882
23000         0.316        0.891        469.388  7.1e-02        0.075     31.871        0.341       0.883
23100         0.316        0.891        471.429  7.1e-02        0.075     28.958        0.341       0.883
23200         0.316        0.891        473.469  7.1e-02        0.075     28.963        0.341       0.883
23300         0.320        0.890        475.510  7.1e-02        0.075     28.968        0.341       0.883
23400         0.316        0.891        477.551  7.1e-02        0.075     28.978        0.341       0.883
23500         0.317        0.891        479.592  7.1e-02        0.075     28.965        0.341       0.883
23600         0.316        0.892        481.633  7.1e-02        0.075     28.960        0.341       0.883
23700         0.314        0.892        483.673  7.0e-02        0.075     28.944        0.341       0.883
23800         0.317        0.892        485.714  7.0e-02        0.075     28.966        0.341       0.883
23900         0.315        0.891        487.755  7.0e-02        0.075     28.945        0.341       0.883
24000         0.315        0.892        489.796  7.0e-02        0.075     31.926        0.343       0.880
24100         0.317        0.892        491.837  7.0e-02        0.075     28.963        0.343       0.880
24200         0.316        0.891        493.878  7.0e-02        0.075     28.964        0.343       0.880
24300         0.317        0.891        495.918  7.0e-02        0.076     28.981        0.343       0.880
24400         0.316        0.891        497.959  7.0e-02        0.076     28.964        0.343       0.880
24500         0.317        0.891        500.000  6.9e-02        0.076     28.903        0.343       0.880
24600         0.316        0.892        502.041  6.9e-02        0.076     28.973        0.343       0.880
    t    train_loss    train_acc    train_epoch       lr    data_time    it_time    test_loss    test_acc
-----  ------------  -----------  -------------  -------  -----------  ---------  -----------  ----------
24700         0.316        0.892        504.082  6.9e-02        0.076     28.963        0.343       0.880
24800         0.316        0.891        506.122  6.9e-02        0.076     28.979        0.343       0.880
24900         0.315        0.892        508.163  6.9e-02        0.076     28.962        0.343       0.880
25000         0.317        0.892        510.204  6.9e-02        0.075     31.903        0.342       0.882
25100         0.316        0.891        512.245  6.9e-02        0.076     28.969        0.342       0.882
25200         0.316        0.891        514.286  6.9e-02        0.075     28.964        0.342       0.882
25300         0.315        0.893        516.327  6.8e-02        0.076     28.961        0.342       0.882
25400         0.317        0.891        518.367  6.8e-02        0.075     28.944        0.342       0.882
25500         0.317        0.891        520.408  6.8e-02        0.076     28.968        0.342       0.882
25600         0.316        0.891        522.449  6.8e-02        0.076     28.936        0.342       0.882
25700         0.315        0.891        524.490  6.8e-02        0.076     28.970        0.342       0.882
25800         0.317        0.890        526.531  6.8e-02        0.076     28.982        0.342       0.882
25900         0.317        0.891        528.571  6.8e-02        0.076     28.964        0.342       0.882
26000         0.315        0.891        530.612  6.8e-02        0.075     31.904        0.341       0.881
26100         0.316        0.891        532.653  6.7e-02        0.075     28.950        0.341       0.881
26200         0.316        0.891        534.694  6.7e-02        0.076     28.957        0.341       0.881
26300         0.316        0.891        536.735  6.7e-02        0.076     28.943        0.341       0.881
26400         0.315        0.892        538.776  6.7e-02        0.075     28.966        0.341       0.881
26500         0.317        0.891        540.816  6.7e-02        0.075     28.964        0.341       0.881
26600         0.317        0.891        542.857  6.7e-02        0.076     28.962        0.341       0.881
26700         0.314        0.892        544.898  6.7e-02        0.076     28.967        0.341       0.881
26800         0.315        0.891        546.939  6.7e-02        0.076     28.964        0.341       0.881
26900         0.316        0.891        548.980  6.6e-02        0.075     28.974        0.341       0.881
27000         0.316        0.892        551.020  6.6e-02        0.075     31.852        0.342       0.882
27100         0.316        0.892        553.061  6.6e-02        0.075     28.972        0.342       0.882
27200         0.315        0.892        555.102  6.6e-02        0.075     28.961        0.342       0.882
27300         0.316        0.891        557.143  6.6e-02        0.075     28.959        0.342       0.882
27400         0.316        0.892        559.184  6.6e-02        0.075     28.964        0.342       0.882
27500         0.317        0.891        561.224  6.6e-02        0.075     28.973        0.342       0.882
27600         0.315        0.892        563.265  6.6e-02        0.076     28.955        0.342       0.882
27700         0.315        0.892        565.306  6.5e-02        0.076     28.986        0.342       0.882
27800         0.317        0.892        567.347  6.5e-02        0.076     28.964        0.342       0.882
27900         0.315        0.893        569.388  6.5e-02        0.075     28.978        0.342       0.882
28000         0.314        0.891        571.429  6.5e-02        0.075     31.907        0.341       0.881
28100         0.314        0.894        573.469  6.5e-02        0.076     28.961        0.341       0.881
28200         0.317        0.891        575.510  6.5e-02        0.076     28.963        0.341       0.881
28300         0.317        0.891        577.551  6.5e-02        0.075     28.963        0.341       0.881
28400         0.315        0.891        579.592  6.5e-02        0.075     28.966        0.341       0.881
28500         0.315        0.892        581.633  6.4e-02        0.076     28.979        0.341       0.881
28600         0.317        0.891        583.673  6.4e-02        0.076     28.963        0.341       0.881
28700         0.317        0.891        585.714  6.4e-02        0.075     28.963        0.341       0.881
    t    train_loss    train_acc    train_epoch       lr    data_time    it_time    test_loss    test_acc
-----  ------------  -----------  -------------  -------  -----------  ---------  -----------  ----------
28800         0.316        0.892        587.755  6.4e-02        0.075     28.929        0.341       0.881
28900         0.316        0.891        589.796  6.4e-02        0.076     28.976        0.341       0.881
29000         0.317        0.891        591.837  6.4e-02        0.076     31.864        0.341       0.881
29100         0.314        0.892        593.878  6.4e-02        0.076     28.961        0.341       0.881
29200         0.316        0.891        595.918  6.4e-02        0.076     28.939        0.341       0.881
29300         0.316        0.890        597.959  6.3e-02        0.077     28.957        0.341       0.881
29400         0.315        0.892        600.000  6.3e-02        0.077     28.915        0.341       0.881
29500         0.313        0.892        602.041  6.3e-02        0.076     28.961        0.341       0.881
29600         0.315        0.892        604.082  6.3e-02        0.076     28.978        0.341       0.881
29700         0.315        0.891        606.122  6.3e-02        0.075     28.972        0.341       0.881
29800         0.317        0.891        608.163  6.3e-02        0.075     28.965        0.341       0.881
29900         0.315        0.892        610.204  6.3e-02        0.075     28.974        0.341       0.881
30000         0.315        0.892        612.245  6.3e-02        0.075     31.908        0.342       0.882
30100         0.314        0.893        614.286  6.2e-02        0.076     28.984        0.342       0.882
30200         0.315        0.891        616.327  6.2e-02        0.077     28.961        0.342       0.882
30300         0.316        0.892        618.367  6.2e-02        0.077     28.962        0.342       0.882
30400         0.314        0.893        620.408  6.2e-02        0.076     28.966        0.342       0.882
30500         0.316        0.891        622.449  6.2e-02        0.075     28.980        0.342       0.882
30600         0.316        0.892        624.490  6.2e-02        0.075     28.979        0.342       0.882
30700         0.317        0.891        626.531  6.2e-02        0.075     28.963        0.342       0.882
30800         0.314        0.892        628.571  6.2e-02        0.075     28.934        0.342       0.882
30900         0.317        0.892        630.612  6.1e-02        0.076     28.957        0.342       0.882
31000         0.315        0.891        632.653  6.1e-02        0.076     31.924        0.340       0.882
31100         0.316        0.891        634.694  6.1e-02        0.075     28.963        0.340       0.882
31200         0.316        0.892        636.735  6.1e-02        0.075     28.964        0.340       0.882
31300         0.315        0.892        638.776  6.1e-02        0.076     28.975        0.340       0.882
31400         0.316        0.891        640.816  6.1e-02        0.075     28.950        0.340       0.882
31500         0.316        0.890        642.857  6.1e-02        0.075     28.977        0.340       0.882
31600         0.316        0.891        644.898  6.1e-02        0.075     28.945        0.340       0.882
31700         0.316        0.890        646.939  6.0e-02        0.077     28.972        0.340       0.882
31800         0.314        0.893        648.980  6.0e-02        0.076     28.963        0.340       0.882
31900         0.314        0.892        651.020  6.0e-02        0.075     28.908        0.340       0.882
32000         0.315        0.891        653.061  6.0e-02        0.075     31.916        0.340       0.883
32100         0.315        0.891        655.102  6.0e-02        0.076     28.964        0.340       0.883
32200         0.314        0.893        657.143  6.0e-02        0.075     28.964        0.340       0.883
32300         0.315        0.892        659.184  6.0e-02        0.076     28.968        0.340       0.883
32400         0.316        0.892        661.224  6.0e-02        0.075     28.982        0.340       0.883
32500         0.316        0.892        663.265  5.9e-02        0.076     28.962        0.340       0.883
32600         0.314        0.892        665.306  5.9e-02        0.075     28.959        0.340       0.883
32700         0.316        0.892        667.347  5.9e-02        0.075     28.961        0.340       0.883
32800         0.314        0.893        669.388  5.9e-02        0.076     28.964        0.340       0.883
    t    train_loss    train_acc    train_epoch       lr    data_time    it_time    test_loss    test_acc
-----  ------------  -----------  -------------  -------  -----------  ---------  -----------  ----------
32900         0.315        0.893        671.429  5.9e-02        0.076     28.962        0.340       0.883
33000         0.315        0.891        673.469  5.9e-02        0.075     31.902        0.341       0.882
33100         0.316        0.892        675.510  5.9e-02        0.075     28.972        0.341       0.882
33200         0.317        0.891        677.551  5.9e-02        0.075     28.946        0.341       0.882
33300         0.316        0.891        679.592  5.8e-02        0.075     28.961        0.341       0.882
33400         0.313        0.892        681.633  5.8e-02        0.075     28.946        0.341       0.882
33500         0.318        0.890        683.673  5.8e-02        0.075     28.965        0.341       0.882
33600         0.314        0.893        685.714  5.8e-02        0.075     28.974        0.341       0.882
33700         0.315        0.892        687.755  5.8e-02        0.075     28.930        0.341       0.882
33800         0.314        0.892        689.796  5.8e-02        0.075     28.961        0.341       0.882
33900         0.315        0.892        691.837  5.8e-02        0.076     28.967        0.341       0.882
34000         0.316        0.892        693.878  5.8e-02        0.076     31.899        0.341       0.882
34100         0.315        0.893        695.918  5.7e-02        0.076     28.967        0.341       0.882
34200         0.314        0.893        697.959  5.7e-02        0.077     28.967        0.341       0.882
34300         0.316        0.891        700.000  5.7e-02        0.075     28.917        0.341       0.882
34400         0.315        0.891        702.041  5.7e-02        0.075     28.980        0.341       0.882
34500         0.315        0.891        704.082  5.7e-02        0.075     28.963        0.341       0.882
34600         0.314        0.893        706.122  5.7e-02        0.075     28.970        0.341       0.882
34700         0.317        0.891        708.163  5.7e-02        0.076     28.949        0.341       0.882
34800         0.315        0.892        710.204  5.7e-02        0.075     28.962        0.341       0.882
34900         0.314        0.892        712.245  5.6e-02        0.075     28.962        0.341       0.882
35000         0.315        0.892        714.286  5.6e-02        0.075     31.903        0.341       0.882
35100         0.315        0.892        716.327  5.6e-02        0.075     28.967        0.341       0.882
35200         0.314        0.891        718.367  5.6e-02        0.075     28.962        0.341       0.882
35300         0.315        0.892        720.408  5.6e-02        0.075     28.954        0.341       0.882
35400         0.314        0.892        722.449  5.6e-02        0.076     28.975        0.341       0.882
35500         0.316        0.891        724.490  5.6e-02        0.075     28.962        0.341       0.882
35600         0.317        0.891        726.531  5.6e-02        0.075     28.931        0.341       0.882
35700         0.315        0.892        728.571  5.5e-02        0.075     28.972        0.341       0.882
35800         0.316        0.891        730.612  5.5e-02        0.075     28.944        0.341       0.882
35900         0.313        0.893        732.653  5.5e-02        0.076     28.946        0.341       0.882
36000         0.315        0.891        734.694  5.5e-02        0.076     31.873        0.342       0.882
36100         0.314        0.892        736.735  5.5e-02        0.076     28.981        0.342       0.882
36200         0.313        0.893        738.776  5.5e-02        0.076     28.943        0.342       0.882
36300         0.313        0.891        740.816  5.5e-02        0.075     28.976        0.342       0.882
36400         0.315        0.891        742.857  5.5e-02        0.076     28.959        0.342       0.882
36500         0.314        0.893        744.898  5.4e-02        0.075     28.963        0.342       0.882
36600         0.314        0.892        746.939  5.4e-02        0.077     28.972        0.342       0.882
36700         0.314        0.892        748.980  5.4e-02        0.076     28.942        0.342       0.882
36800         0.315        0.892        751.020  5.4e-02        0.075     28.918        0.342       0.882
36900         0.314        0.892        753.061  5.4e-02        0.077     28.959        0.342       0.882
    t    train_loss    train_acc    train_epoch       lr    data_time    it_time    test_loss    test_acc
-----  ------------  -----------  -------------  -------  -----------  ---------  -----------  ----------
37000         0.314        0.892        755.102  5.4e-02        0.076     31.903        0.342       0.882
37100         0.315        0.891        757.143  5.4e-02        0.075     28.964        0.342       0.882
37200         0.315        0.892        759.184  5.4e-02        0.076     28.953        0.342       0.882
37300         0.315        0.891        761.224  5.3e-02        0.076     28.972        0.342       0.882
37400         0.316        0.891        763.265  5.3e-02        0.077     28.963        0.342       0.882
37500         0.313        0.892        765.306  5.3e-02        0.076     28.965        0.342       0.882
37600         0.315        0.891        767.347  5.3e-02        0.075     28.956        0.342       0.882
37700         0.315        0.892        769.388  5.3e-02        0.075     28.966        0.342       0.882
37800         0.315        0.891        771.429  5.3e-02        0.075     28.978        0.342       0.882
37900         0.317        0.891        773.469  5.3e-02        0.075     28.963        0.342       0.882
38000         0.315        0.892        775.510  5.3e-02        0.076     31.910        0.342       0.882
38100         0.316        0.891        777.551  5.2e-02        0.076     28.979        0.342       0.882
38200         0.313        0.893        779.592  5.2e-02        0.075     28.944        0.342       0.882
38300         0.315        0.892        781.633  5.2e-02        0.076     28.954        0.342       0.882
38400         0.316        0.892        783.673  5.2e-02        0.075     28.970        0.342       0.882
38500         0.315        0.892        785.714  5.2e-02        0.076     28.959        0.342       0.882
38600         0.315        0.893        787.755  5.2e-02        0.075     28.955        0.342       0.882
38700         0.317        0.890        789.796  5.2e-02        0.075     28.956        0.342       0.882
38800         0.317        0.891        791.837  5.2e-02        0.075     28.960        0.342       0.882
38900         0.315        0.892        793.878  5.1e-02        0.076     28.966        0.342       0.882
39000         0.315        0.891        795.918  5.1e-02        0.076     31.891        0.340       0.882
39100         0.314        0.892        797.959  5.1e-02        0.078     28.936        0.340       0.882
39200         0.315        0.892        800.000  5.1e-02        0.076     28.938        0.340       0.882
39300         0.315        0.892        802.041  5.1e-02        0.076     28.975        0.340       0.882
39400         0.315        0.892        804.082  5.1e-02        0.075     28.974        0.340       0.882
39500         0.315        0.892        806.122  5.1e-02        0.075     28.967        0.340       0.882
39600         0.314        0.892        808.163  5.1e-02        0.076     28.961        0.340       0.882
39700         0.314        0.891        810.204  5.0e-02        0.075     28.969        0.340       0.882
39800         0.315        0.891        812.245  5.0e-02        0.076     28.960        0.340       0.882
39900         0.314        0.892        814.286  5.0e-02        0.076     28.968        0.340       0.882
40000         0.316        0.892        816.327  5.0e-02        0.075     31.900        0.341       0.881
40100         0.315        0.891        818.367  5.0e-02        0.076     28.982        0.341       0.881
40200         0.315        0.892        820.408  5.0e-02        0.075     28.963        0.341       0.881
40300         0.317        0.890        822.449  5.0e-02        0.076     28.953        0.341       0.881
40400         0.316        0.892        824.490  5.0e-02        0.076     28.970        0.341       0.881
40500         0.314        0.892        826.531  4.9e-02        0.075     28.941        0.341       0.881
40600         0.316        0.891        828.571  4.9e-02        0.075     28.970        0.341       0.881
40700         0.313        0.892        830.612  4.9e-02        0.075     28.945        0.341       0.881
40800         0.315        0.892        832.653  4.9e-02        0.075     28.938        0.341       0.881
40900         0.314        0.892        834.694  4.9e-02        0.077     28.967        0.341       0.881
41000         0.316        0.891        836.735  4.9e-02        0.075     31.908        0.342       0.882
    t    train_loss    train_acc    train_epoch       lr    data_time    it_time    test_loss    test_acc
-----  ------------  -----------  -------------  -------  -----------  ---------  -----------  ----------
41100         0.314        0.892        838.776  4.9e-02        0.076     28.978        0.342       0.882
41200         0.314        0.893        840.816  4.9e-02        0.075     28.962        0.342       0.882
41300         0.315        0.892        842.857  4.8e-02        0.075     28.965        0.342       0.882
41400         0.314        0.891        844.898  4.8e-02        0.076     28.981        0.342       0.882
41500         0.313        0.892        846.939  4.8e-02        0.077     28.950        0.342       0.882
41600         0.315        0.891        848.980  4.8e-02        0.076     28.979        0.342       0.882
41700         0.314        0.891        851.020  4.8e-02        0.075     28.927        0.342       0.882
41800         0.315        0.891        853.061  4.8e-02        0.075     28.979        0.342       0.882
41900         0.315        0.891        855.102  4.8e-02        0.075     28.961        0.342       0.882
42000         0.316        0.892        857.143  4.8e-02        0.076     31.904        0.341       0.882
42100         0.314        0.892        859.184  4.7e-02        0.076     28.968        0.341       0.882
42200         0.317        0.891        861.224  4.7e-02        0.076     28.962        0.341       0.882
42300         0.312        0.893        863.265  4.7e-02        0.076     28.958        0.341       0.882
42400         0.314        0.892        865.306  4.7e-02        0.075     28.946        0.341       0.882
42500         0.315        0.893        867.347  4.7e-02        0.076     28.955        0.341       0.882
42600         0.316        0.892        869.388  4.7e-02        0.076     28.976        0.341       0.882
42700         0.315        0.892        871.429  4.7e-02        0.076     28.956        0.341       0.882
42800         0.312        0.893        873.469  4.7e-02        0.076     28.965        0.341       0.882
42900         0.316        0.891        875.510  4.6e-02        0.076     28.949        0.341       0.882
43000         0.314        0.893        877.551  4.6e-02        0.077     31.918        0.341       0.882
43100         0.314        0.892        879.592  4.6e-02        0.078     28.965        0.341       0.882
43200         0.314        0.893        881.633  4.6e-02        0.077     28.961        0.341       0.882
43300         0.314        0.892        883.673  4.6e-02        0.077     28.943        0.341       0.882
43400         0.315        0.893        885.714  4.6e-02        0.077     28.963        0.341       0.882
43500         0.314        0.892        887.755  4.6e-02        0.077     28.971        0.341       0.882
43600         0.312        0.893        889.796  4.6e-02        0.076     28.969        0.341       0.882
43700         0.314        0.892        891.837  4.5e-02        0.076     28.964        0.341       0.882
43800         0.315        0.891        893.878  4.5e-02        0.077     28.966        0.341       0.882
43900         0.313        0.893        895.918  4.5e-02        0.077     28.946        0.341       0.882
44000         0.315        0.892        897.959  4.5e-02        0.077     31.935        0.341       0.882
44100         0.314        0.892        900.000  4.5e-02        0.076     28.902        0.341       0.882
44200         0.315        0.891        902.041  4.5e-02        0.076     28.965        0.341       0.882
44300         0.314        0.893        904.082  4.5e-02        0.076     28.977        0.341       0.882
44400         0.315        0.892        906.122  4.5e-02        0.076     28.960        0.341       0.882
44500         0.315        0.891        908.163  4.4e-02        0.076     28.961        0.341       0.882
44600         0.317        0.891        910.204  4.4e-02        0.076     28.965        0.341       0.882
44700         0.316        0.891        912.245  4.4e-02        0.076     28.946        0.341       0.882
44800         0.315        0.892        914.286  4.4e-02        0.076     28.979        0.341       0.882
44900         0.315        0.892        916.327  4.4e-02        0.075     28.963        0.341       0.882
45000         0.315        0.891        918.367  4.4e-02        0.076     31.901        0.342       0.881
45100         0.315        0.892        920.408  4.4e-02        0.076     28.966        0.342       0.881
    t    train_loss    train_acc    train_epoch       lr    data_time    it_time    test_loss    test_acc
-----  ------------  -----------  -------------  -------  -----------  ---------  -----------  ----------
45200         0.315        0.892        922.449  4.4e-02        0.076     28.965        0.342       0.881
45300         0.315        0.893        924.490  4.3e-02        0.076     28.958        0.342       0.881
45400         0.313        0.892        926.531  4.3e-02        0.076     28.965        0.342       0.881
45500         0.316        0.891        928.571  4.3e-02        0.075     28.961        0.342       0.881
45600         0.314        0.892        930.612  4.3e-02        0.076     28.963        0.342       0.881
45700         0.315        0.891        932.653  4.3e-02        0.076     28.968        0.342       0.881
45800         0.314        0.892        934.694  4.3e-02        0.076     28.975        0.342       0.881
45900         0.314        0.892        936.735  4.3e-02        0.076     28.963        0.342       0.881
46000         0.315        0.891        938.776  4.3e-02        0.076     31.905        0.341       0.882
46100         0.315        0.892        940.816  4.2e-02        0.076     28.958        0.341       0.882
46200         0.315        0.892        942.857  4.2e-02        0.076     28.979        0.341       0.882
46300         0.314        0.892        944.898  4.2e-02        0.076     28.947        0.341       0.882
46400         0.315        0.891        946.939  4.2e-02        0.077     28.967        0.341       0.882
46500         0.315        0.891        948.980  4.2e-02        0.075     28.982        0.341       0.882
46600         0.314        0.891        951.020  4.2e-02        0.076     28.925        0.341       0.882
46700         0.314        0.892        953.061  4.2e-02        0.076     28.943        0.341       0.882
46800         0.314        0.892        955.102  4.2e-02        0.076     28.954        0.341       0.882
46900         0.315        0.891        957.143  4.1e-02        0.076     28.972        0.341       0.882
47000         0.316        0.892        959.184  4.1e-02        0.075     31.904        0.342       0.881
47100         0.314        0.892        961.224  4.1e-02        0.076     28.979        0.342       0.881
47200         0.313        0.893        963.265  4.1e-02        0.075     28.971        0.342       0.881
47300         0.315        0.892        965.306  4.1e-02        0.076     28.978        0.342       0.881
47400         0.313        0.893        967.347  4.1e-02        0.076     28.950        0.342       0.881
47500         0.314        0.892        969.388  4.1e-02        0.076     28.991        0.342       0.881
47600         0.313        0.894        971.429  4.1e-02        0.076     28.976        0.342       0.881
47700         0.315        0.892        973.469  4.0e-02        0.076     28.967        0.342       0.881
47800         0.317        0.891        975.510  4.0e-02        0.076     28.952        0.342       0.881
47900         0.313        0.892        977.551  4.0e-02        0.076     28.972        0.342       0.881
48000         0.315        0.893        979.592  4.0e-02        0.075     31.926        0.341       0.882
48100         0.314        0.892        981.633  4.0e-02        0.076     28.963        0.341       0.882
48200         0.315        0.892        983.673  4.0e-02        0.075     28.962        0.341       0.882
48300         0.313        0.893        985.714  4.0e-02        0.076     28.963        0.341       0.882
48400         0.317        0.891        987.755  4.0e-02        0.077     28.982        0.341       0.882
48500         0.314        0.892        989.796  3.9e-02        0.076     28.982        0.341       0.882
48600         0.315        0.892        991.837  3.9e-02        0.076     28.979        0.341       0.882
48700         0.315        0.892        993.878  3.9e-02        0.076     28.980        0.341       0.882
48800         0.315        0.891        995.918  3.9e-02        0.076     28.961        0.341       0.882
48900         0.316        0.891        997.959  3.9e-02        0.077     28.965        0.341       0.882
49000         0.316        0.892       1000.000  3.9e-02        0.075     31.869        0.340       0.882
49100         0.314        0.892       1002.041  3.9e-02        0.075     28.959        0.340       0.882
49200         0.314        0.892       1004.082  3.9e-02        0.076     28.969        0.340       0.882
    t    train_loss    train_acc    train_epoch       lr    data_time    it_time    test_loss    test_acc
-----  ------------  -----------  -------------  -------  -----------  ---------  -----------  ----------
49300         0.315        0.891       1006.122  3.8e-02        0.076     28.938        0.340       0.882
49400         0.314        0.891       1008.163  3.8e-02        0.076     28.965        0.340       0.882
49500         0.315        0.891       1010.204  3.8e-02        0.076     28.980        0.340       0.882
49600         0.313        0.892       1012.245  3.8e-02        0.076     28.963        0.340       0.882
49700         0.314        0.893       1014.286  3.8e-02        0.076     28.961        0.340       0.882
49800         0.316        0.891       1016.327  3.8e-02        0.076     28.944        0.340       0.882
49900         0.315        0.893       1018.367  3.8e-02        0.075     28.931        0.340       0.882
50000         0.313        0.892       1020.408  3.8e-02        0.076     31.883        0.341       0.882
50100         0.314        0.892       1022.449  3.7e-02        0.077     28.964        0.341       0.882
50200         0.315        0.892       1024.490  3.7e-02        0.075     28.968        0.341       0.882
50300         0.316        0.891       1026.531  3.7e-02        0.077     28.982        0.341       0.882
50400         0.313        0.893       1028.571  3.7e-02        0.077     28.981        0.341       0.882
50500         0.313        0.893       1030.612  3.7e-02        0.077     28.975        0.341       0.882
50600         0.314        0.893       1032.653  3.7e-02        0.077     28.964        0.341       0.882
50700         0.315        0.892       1034.694  3.7e-02        0.076     28.943        0.341       0.882
50800         0.314        0.892       1036.735  3.7e-02        0.076     28.960        0.341       0.882
50900         0.315        0.892       1038.776  3.6e-02        0.076     28.964        0.341       0.882
51000         0.313        0.892       1040.816  3.6e-02        0.076     31.911        0.340       0.882
51100         0.316        0.891       1042.857  3.6e-02        0.076     28.958        0.340       0.882
51200         0.316        0.891       1044.898  3.6e-02        0.075     28.961        0.340       0.882
51300         0.315        0.891       1046.939  3.6e-02        0.077     28.962        0.340       0.882
51400         0.314        0.893       1048.980  3.6e-02        0.076     28.950        0.340       0.882
51500         0.315        0.891       1051.020  3.6e-02        0.075     28.931        0.340       0.882
51600         0.313        0.892       1053.061  3.6e-02        0.076     28.962        0.340       0.882
51700         0.315        0.891       1055.102  3.5e-02        0.077     28.977        0.340       0.882
51800         0.314        0.893       1057.143  3.5e-02        0.076     28.968        0.340       0.882
51900         0.316        0.892       1059.184  3.5e-02        0.076     28.976        0.340       0.882
52000         0.315        0.891       1061.224  3.5e-02        0.075     31.919        0.340       0.881
52100         0.312        0.893       1063.265  3.5e-02        0.076     28.966        0.340       0.881
52200         0.315        0.892       1065.306  3.5e-02        0.075     28.975        0.340       0.881
52300         0.313        0.892       1067.347  3.5e-02        0.076     28.966        0.340       0.881
52400         0.313        0.893       1069.388  3.5e-02        0.076     28.983        0.340       0.881
52500         0.314        0.892       1071.429  3.4e-02        0.077     28.961        0.340       0.881
52600         0.316        0.891       1073.469  3.4e-02        0.076     28.964        0.340       0.881
52700         0.315        0.892       1075.510  3.4e-02        0.075     28.954        0.340       0.881
52800         0.315        0.891       1077.551  3.4e-02        0.076     28.970        0.340       0.881
52900         0.316        0.891       1079.592  3.4e-02        0.076     28.962        0.340       0.881
53000         0.313        0.891       1081.633  3.4e-02        0.076     31.922        0.341       0.881
53100         0.317        0.892       1083.673  3.4e-02        0.076     28.966        0.341       0.881
53200         0.311        0.893       1085.714  3.4e-02        0.076     28.970        0.341       0.881
53300         0.316        0.892       1087.755  3.3e-02        0.076     28.972        0.341       0.881
    t    train_loss    train_acc    train_epoch       lr    data_time    it_time    test_loss    test_acc
-----  ------------  -----------  -------------  -------  -----------  ---------  -----------  ----------
53400         0.313        0.893       1089.796  3.3e-02        0.076     28.942        0.341       0.881
53500         0.314        0.892       1091.837  3.3e-02        0.075     28.942        0.341       0.881
53600         0.314        0.893       1093.878  3.3e-02        0.076     28.966        0.341       0.881
53700         0.316        0.892       1095.918  3.3e-02        0.076     28.961        0.341       0.881
53800         0.313        0.893       1097.959  3.3e-02        0.077     28.943        0.341       0.881
53900         0.315        0.892       1100.000  3.3e-02        0.076     28.931        0.341       0.881
54000         0.313        0.893       1102.041  3.3e-02        0.076     31.966        0.342       0.882
54100         0.313        0.893       1104.082  3.2e-02        0.076     28.938        0.342       0.882
54200         0.314        0.891       1106.122  3.2e-02        0.076     28.964        0.342       0.882
54300         0.315        0.892       1108.163  3.2e-02        0.076     28.964        0.342       0.882
54400         0.315        0.892       1110.204  3.2e-02        0.076     28.955        0.342       0.882
54500         0.315        0.892       1112.245  3.2e-02        0.075     28.950        0.342       0.882
54600         0.314        0.892       1114.286  3.2e-02        0.076     28.972        0.342       0.882
54700         0.316        0.891       1116.327  3.2e-02        0.076     28.965        0.342       0.882
54800         0.314        0.891       1118.367  3.2e-02        0.076     28.984        0.342       0.882
54900         0.313        0.893       1120.408  3.1e-02        0.076     28.975        0.342       0.882
55000         0.315        0.891       1122.449  3.1e-02        0.076     31.917        0.341       0.882
55100         0.314        0.892       1124.490  3.1e-02        0.076     28.967        0.341       0.882
55200         0.313        0.893       1126.531  3.1e-02        0.077     28.964        0.341       0.882
55300         0.314        0.892       1128.571  3.1e-02        0.076     28.945        0.341       0.882
55400         0.317        0.891       1130.612  3.1e-02        0.075     28.965        0.341       0.882
55500         0.314        0.892       1132.653  3.1e-02        0.075     28.980        0.341       0.882
55600         0.315        0.892       1134.694  3.1e-02        0.076     28.942        0.341       0.882
55700         0.315        0.892       1136.735  3.0e-02        0.077     28.982        0.341       0.882
55800         0.315        0.891       1138.776  3.0e-02        0.076     28.960        0.341       0.882
55900         0.314        0.893       1140.816  3.0e-02        0.076     28.968        0.341       0.882
56000         0.313        0.892       1142.857  3.0e-02        0.075     31.900        0.341       0.882
56100         0.316        0.892       1144.898  3.0e-02        0.075     28.965        0.341       0.882
56200         0.315        0.891       1146.939  3.0e-02        0.078     28.944        0.341       0.882
56300         0.312        0.894       1148.980  3.0e-02        0.076     28.963        0.341       0.882
56400         0.315        0.893       1151.020  3.0e-02        0.076     28.931        0.341       0.882
56500         0.314        0.893       1153.061  2.9e-02        0.077     28.956        0.341       0.882
56600         0.314        0.892       1155.102  2.9e-02        0.075     28.960        0.341       0.882
56700         0.315        0.892       1157.143  2.9e-02        0.075     28.959        0.341       0.882
56800         0.313        0.892       1159.184  2.9e-02        0.076     28.965        0.341       0.882
56900         0.316        0.892       1161.224  2.9e-02        0.076     28.949        0.341       0.882
57000         0.315        0.891       1163.265  2.9e-02        0.076     31.883        0.341       0.882
57100         0.314        0.892       1165.306  2.9e-02        0.076     28.960        0.341       0.882
57200         0.316        0.891       1167.347  2.9e-02        0.076     28.966        0.341       0.882
57300         0.313        0.893       1169.388  2.8e-02        0.076     28.964        0.341       0.882
57400         0.314        0.892       1171.429  2.8e-02        0.076     28.975        0.341       0.882
    t    train_loss    train_acc    train_epoch       lr    data_time    it_time    test_loss    test_acc
-----  ------------  -----------  -------------  -------  -----------  ---------  -----------  ----------
57500         0.316        0.892       1173.469  2.8e-02        0.076     28.965        0.341       0.882
57600         0.311        0.893       1175.510  2.8e-02        0.076     28.955        0.341       0.882
57700         0.316        0.892       1177.551  2.8e-02        0.076     28.943        0.341       0.882
57800         0.312        0.894       1179.592  2.8e-02        0.076     28.968        0.341       0.882
57900         0.314        0.892       1181.633  2.8e-02        0.076     28.965        0.341       0.882
58000         0.315        0.892       1183.673  2.8e-02        0.076     31.915        0.341       0.882
58100         0.313        0.892       1185.714  2.7e-02        0.077     28.954        0.341       0.882
58200         0.317        0.890       1187.755  2.7e-02        0.075     28.971        0.341       0.882
58300         0.312        0.894       1189.796  2.7e-02        0.076     28.963        0.341       0.882
58400         0.316        0.892       1191.837  2.7e-02        0.076     28.940        0.341       0.882
58500         0.316        0.891       1193.878  2.7e-02        0.076     28.968        0.341       0.882
58600         0.314        0.892       1195.918  2.7e-02        0.076     28.982        0.341       0.882
58700         0.314        0.892       1197.959  2.7e-02        0.077     28.961        0.341       0.882
58800         0.315        0.891       1200.000  2.7e-02        0.076     28.912        0.341       0.882
58900         0.314        0.892       1202.041  2.6e-02        0.076     28.964        0.341       0.882
59000         0.312        0.892       1204.082  2.6e-02        0.075     31.913        0.341       0.881
59100         0.314        0.893       1206.122  2.6e-02        0.076     28.965        0.341       0.881
59200         0.314        0.892       1208.163  2.6e-02        0.076     28.941        0.341       0.881
59300         0.313        0.892       1210.204  2.6e-02        0.076     28.967        0.341       0.881
59400         0.314        0.892       1212.245  2.6e-02        0.076     28.956        0.341       0.881
59500         0.314        0.893       1214.286  2.6e-02        0.076     28.945        0.341       0.881
59600         0.314        0.893       1216.327  2.6e-02        0.076     28.948        0.341       0.881
59700         0.316        0.892       1218.367  2.5e-02        0.076     28.946        0.341       0.881
59800         0.314        0.892       1220.408  2.5e-02        0.076     28.980        0.341       0.881
59900         0.313        0.893       1222.449  2.5e-02        0.076     28.963        0.341       0.881
60000         0.315        0.892       1224.490  2.5e-02        0.076     31.900        0.341       0.882
60100         0.315        0.891       1226.531  2.5e-02        0.076     28.960        0.341       0.882
60200         0.315        0.891       1228.571  2.5e-02        0.076     28.965        0.341       0.882
60300         0.314        0.891       1230.612  2.5e-02        0.076     28.961        0.341       0.882
60400         0.315        0.892       1232.653  2.5e-02        0.076     28.980        0.341       0.882
60500         0.313        0.892       1234.694  2.4e-02        0.076     28.956        0.341       0.882
60600         0.315        0.892       1236.735  2.4e-02        0.076     28.970        0.341       0.882
60700         0.314        0.893       1238.776  2.4e-02        0.076     28.957        0.341       0.882
60800         0.314        0.892       1240.816  2.4e-02        0.076     28.949        0.341       0.882
60900         0.315        0.892       1242.857  2.4e-02        0.076     28.965        0.341       0.882
61000         0.314        0.892       1244.898  2.4e-02        0.076     31.921        0.340       0.882
61100         0.315        0.892       1246.939  2.4e-02        0.078     28.959        0.340       0.882
61200         0.314        0.892       1248.980  2.4e-02        0.076     28.964        0.340       0.882
61300         0.314        0.892       1251.020  2.3e-02        0.077     28.926        0.340       0.882
61400         0.314        0.892       1253.061  2.3e-02        0.076     28.960        0.340       0.882
61500         0.314        0.892       1255.102  2.3e-02        0.075     28.965        0.340       0.882
    t    train_loss    train_acc    train_epoch       lr    data_time    it_time    test_loss    test_acc
-----  ------------  -----------  -------------  -------  -----------  ---------  -----------  ----------
61600         0.312        0.893       1257.143  2.3e-02        0.075     28.947        0.340       0.882
61700         0.314        0.893       1259.184  2.3e-02        0.076     28.983        0.340       0.882
61800         0.315        0.891       1261.224  2.3e-02        0.076     28.952        0.340       0.882
61900         0.313        0.893       1263.265  2.3e-02        0.076     28.968        0.340       0.882
62000         0.315        0.892       1265.306  2.3e-02        0.076     31.895        0.342       0.882
62100         0.313        0.893       1267.347  2.2e-02        0.076     28.952        0.342       0.882
62200         0.314        0.892       1269.388  2.2e-02        0.076     28.962        0.342       0.882
62300         0.313        0.893       1271.429  2.2e-02        0.076     28.968        0.342       0.882
62400         0.314        0.893       1273.469  2.2e-02        0.076     28.974        0.342       0.882
62500         0.313        0.892       1275.510  2.2e-02        0.076     28.964        0.342       0.882
62600         0.314        0.892       1277.551  2.2e-02        0.076     28.979        0.342       0.882
62700         0.314        0.893       1279.592  2.2e-02        0.076     28.961        0.342       0.882
62800         0.314        0.893       1281.633  2.2e-02        0.076     28.962        0.342       0.882
62900         0.314        0.892       1283.673  2.1e-02        0.076     28.962        0.342       0.882
63000         0.315        0.891       1285.714  2.1e-02        0.076     31.887        0.341       0.882
63100         0.315        0.892       1287.755  2.1e-02        0.077     28.965        0.341       0.882
63200         0.315        0.893       1289.796  2.1e-02        0.076     28.961        0.341       0.882
63300         0.313        0.893       1291.837  2.1e-02        0.076     28.920        0.341       0.882
63400         0.315        0.891       1293.878  2.1e-02        0.075     28.969        0.341       0.882
63500         0.313        0.893       1295.918  2.1e-02        0.076     28.944        0.341       0.882
63600         0.314        0.892       1297.959  2.1e-02        0.077     28.982        0.341       0.882
63700         0.316        0.891       1300.000  2.0e-02        0.076     28.906        0.341       0.882
63800         0.313        0.892       1302.041  2.0e-02        0.076     28.969        0.341       0.882
63900         0.314        0.892       1304.082  2.0e-02        0.076     28.978        0.341       0.882
64000         0.315        0.892       1306.122  2.0e-02        0.076     31.909        0.341       0.881
64100         0.314        0.893       1308.163  2.0e-02        0.076     28.956        0.341       0.881
64200         0.314        0.892       1310.204  2.0e-02        0.076     28.965        0.341       0.881
64300         0.315        0.892       1312.245  2.0e-02        0.076     28.945        0.341       0.881
64400         0.314        0.893       1314.286  2.0e-02        0.075     28.944        0.341       0.881
64500         0.315        0.892       1316.327  1.9e-02        0.076     28.956        0.341       0.881
64600         0.312        0.893       1318.367  1.9e-02        0.076     28.943        0.341       0.881
64700         0.316        0.892       1320.408  1.9e-02        0.077     28.966        0.341       0.881
64800         0.313        0.893       1322.449  1.9e-02        0.076     28.961        0.341       0.881
64900         0.315        0.892       1324.490  1.9e-02        0.076     28.962        0.341       0.881
65000         0.314        0.893       1326.531  1.9e-02        0.076     31.905        0.341       0.881
65100         0.313        0.893       1328.571  1.9e-02        0.076     28.949        0.341       0.881
65200         0.317        0.891       1330.612  1.9e-02        0.076     28.956        0.341       0.881
65300         0.313        0.893       1332.653  1.8e-02        0.076     28.967        0.341       0.881
65400         0.315        0.892       1334.694  1.8e-02        0.076     28.978        0.341       0.881
65500         0.313        0.894       1336.735  1.8e-02        0.076     28.964        0.341       0.881
65600         0.315        0.892       1338.776  1.8e-02        0.076     28.927        0.341       0.881
    t    train_loss    train_acc    train_epoch       lr    data_time    it_time    test_loss    test_acc
-----  ------------  -----------  -------------  -------  -----------  ---------  -----------  ----------
65700         0.314        0.892       1340.816  1.8e-02        0.076     28.946        0.341       0.881
65800         0.315        0.892       1342.857  1.8e-02        0.075     28.950        0.341       0.881
65900         0.310        0.894       1344.898  1.8e-02        0.075     28.969        0.341       0.881
66000         0.314        0.892       1346.939  1.8e-02        0.078     31.885        0.341       0.882
66100         0.314        0.893       1348.980  1.7e-02        0.076     28.963        0.341       0.882
66200         0.313        0.892       1351.020  1.7e-02        0.076     28.916        0.341       0.882
66300         0.314        0.892       1353.061  1.7e-02        0.075     28.945        0.341       0.882
66400         0.314        0.893       1355.102  1.7e-02        0.076     28.978        0.341       0.882
66500         0.315        0.891       1357.143  1.7e-02        0.076     28.979        0.341       0.882
66600         0.315        0.892       1359.184  1.7e-02        0.076     28.968        0.341       0.882
66700         0.313        0.894       1361.224  1.7e-02        0.076     28.956        0.341       0.882
66800         0.313        0.892       1363.265  1.7e-02        0.076     28.957        0.341       0.882
66900         0.314        0.891       1365.306  1.6e-02        0.076     28.965        0.341       0.882
67000         0.313        0.892       1367.347  1.6e-02        0.077     31.902        0.341       0.881
67100         0.314        0.893       1369.388  1.6e-02        0.076     28.971        0.341       0.881
67200         0.314        0.892       1371.429  1.6e-02        0.075     28.960        0.341       0.881
67300         0.315        0.892       1373.469  1.6e-02        0.076     28.943        0.341       0.881
67400         0.314        0.892       1375.510  1.6e-02        0.076     28.978        0.341       0.881
67500         0.315        0.891       1377.551  1.6e-02        0.075     28.948        0.341       0.881
67600         0.314        0.892       1379.592  1.6e-02        0.075     28.978        0.341       0.881
67700         0.315        0.891       1381.633  1.5e-02        0.075     28.961        0.341       0.881
67800         0.313        0.892       1383.673  1.5e-02        0.076     28.965        0.341       0.881
67900         0.315        0.892       1385.714  1.5e-02        0.076     28.955        0.341       0.881
68000         0.313        0.893       1387.755  1.5e-02        0.076     31.904        0.342       0.882
68100         0.314        0.892       1389.796  1.5e-02        0.076     28.971        0.342       0.882
68200         0.314        0.892       1391.837  1.5e-02        0.076     28.975        0.342       0.882
68300         0.316        0.891       1393.878  1.5e-02        0.076     28.982        0.342       0.882
68400         0.315        0.892       1395.918  1.5e-02        0.076     28.956        0.342       0.882
68500         0.314        0.892       1397.959  1.4e-02        0.077     28.971        0.342       0.882
68600         0.314        0.892       1400.000  1.4e-02        0.076     28.929        0.342       0.882
68700         0.314        0.892       1402.041  1.4e-02        0.076     28.977        0.342       0.882
68800         0.312        0.892       1404.082  1.4e-02        0.076     28.959        0.342       0.882
68900         0.316        0.892       1406.122  1.4e-02        0.076     28.967        0.342       0.882
69000         0.312        0.893       1408.163  1.4e-02        0.076     31.885        0.341       0.881
69100         0.314        0.893       1410.204  1.4e-02        0.077     28.977        0.341       0.881
69200         0.315        0.892       1412.245  1.4e-02        0.076     28.979        0.341       0.881
69300         0.314        0.893       1414.286  1.3e-02        0.076     28.973        0.341       0.881
69400         0.314        0.891       1416.327  1.3e-02        0.076     28.964        0.341       0.881
69500         0.313        0.893       1418.367  1.3e-02        0.076     28.946        0.341       0.881
69600         0.315        0.892       1420.408  1.3e-02        0.076     28.955        0.341       0.881
69700         0.312        0.893       1422.449  1.3e-02        0.077     28.969        0.341       0.881
    t    train_loss    train_acc    train_epoch       lr    data_time    it_time    test_loss    test_acc
-----  ------------  -----------  -------------  -------  -----------  ---------  -----------  ----------
69800         0.315        0.892       1424.490  1.3e-02        0.076     28.962        0.341       0.881
69900         0.313        0.892       1426.531  1.3e-02        0.076     28.963        0.341       0.881
70000         0.313        0.891       1428.571  1.3e-02        0.076     31.905        0.341       0.882
70100         0.314        0.892       1430.612  1.2e-02        0.076     28.958        0.341       0.882
70200         0.312        0.893       1432.653  1.2e-02        0.076     28.963        0.341       0.882
70300         0.313        0.893       1434.694  1.2e-02        0.076     28.966        0.341       0.882
70400         0.314        0.893       1436.735  1.2e-02        0.076     28.960        0.341       0.882
70500         0.315        0.892       1438.776  1.2e-02        0.076     28.953        0.341       0.882
70600         0.315        0.892       1440.816  1.2e-02        0.076     28.963        0.341       0.882
70700         0.315        0.892       1442.857  1.2e-02        0.076     28.964        0.341       0.882
70800         0.314        0.891       1444.898  1.2e-02        0.075     28.956        0.341       0.882
70900         0.315        0.892       1446.939  1.1e-02        0.077     28.970        0.341       0.882
71000         0.314        0.892       1448.980  1.1e-02        0.076     31.903        0.341       0.882
71100         0.314        0.893       1451.020  1.1e-02        0.076     28.909        0.341       0.882
71200         0.315        0.893       1453.061  1.1e-02        0.076     28.962        0.341       0.882
71300         0.312        0.893       1455.102  1.1e-02        0.076     28.962        0.341       0.882
71400         0.314        0.893       1457.143  1.1e-02        0.076     28.962        0.341       0.882
71500         0.313        0.892       1459.184  1.1e-02        0.077     28.959        0.341       0.882
71600         0.314        0.891       1461.224  1.1e-02        0.077     28.945        0.341       0.882
71700         0.316        0.891       1463.265  1.0e-02        0.076     28.960        0.341       0.882
71800         0.315        0.891       1465.306  1.0e-02        0.076     28.962        0.341       0.882
71900         0.313        0.893       1467.347  1.0e-02        0.076     28.963        0.341       0.882
72000         0.313        0.893       1469.388  1.0e-02        0.076     31.903        0.341       0.882
72100         0.314        0.891       1471.429  9.9e-03        0.076     28.958        0.341       0.882
72200         0.313        0.893       1473.469  9.8e-03        0.076     28.966        0.341       0.882
72300         0.315        0.892       1475.510  9.6e-03        0.076     28.956        0.341       0.882
72400         0.312        0.893       1477.551  9.5e-03        0.075     28.963        0.341       0.882
72500         0.315        0.893       1479.592  9.4e-03        0.076     28.961        0.341       0.882
72600         0.313        0.893       1481.633  9.3e-03        0.076     28.953        0.341       0.882
72700         0.314        0.892       1483.673  9.1e-03        0.076     28.957        0.341       0.882
72800         0.315        0.892       1485.714  9.0e-03        0.076     28.953        0.341       0.882
72900         0.313        0.893       1487.755  8.9e-03        0.077     28.969        0.341       0.882
73000         0.313        0.892       1489.796  8.8e-03        0.076     31.881        0.341       0.882
73100         0.315        0.892       1491.837  8.6e-03        0.077     28.967        0.341       0.882
73200         0.314        0.893       1493.878  8.5e-03        0.076     28.941        0.341       0.882
73300         0.313        0.893       1495.918  8.4e-03        0.077     28.961        0.341       0.882
73400         0.314        0.892       1497.959  8.3e-03        0.077     28.965        0.341       0.882
73500         0.314        0.892       1500.000  8.1e-03        0.076     28.899        0.341       0.882
73600         0.313        0.893       1502.041  8.0e-03        0.076     28.956        0.341       0.882
73700         0.313        0.893       1504.082  7.9e-03        0.076     28.941        0.341       0.882
73800         0.313        0.892       1506.122  7.8e-03        0.077     28.965        0.341       0.882
    t    train_loss    train_acc    train_epoch       lr    data_time    it_time    test_loss    test_acc
-----  ------------  -----------  -------------  -------  -----------  ---------  -----------  ----------
73900         0.313        0.892       1508.163  7.6e-03        0.076     28.955        0.341       0.882
74000         0.315        0.892       1510.204  7.5e-03        0.077     31.922        0.341       0.882
74100         0.312        0.892       1512.245  7.4e-03        0.076     28.946        0.341       0.882
74200         0.315        0.892       1514.286  7.3e-03        0.076     28.944        0.341       0.882
74300         0.315        0.891       1516.327  7.1e-03        0.076     28.963        0.341       0.882
74400         0.312        0.894       1518.367  7.0e-03        0.076     28.975        0.341       0.882
74500         0.316        0.893       1520.408  6.9e-03        0.076     28.951        0.341       0.882
74600         0.312        0.892       1522.449  6.8e-03        0.076     28.955        0.341       0.882
74700         0.315        0.892       1524.490  6.6e-03        0.075     28.962        0.341       0.882
74800         0.313        0.892       1526.531  6.5e-03        0.076     28.977        0.341       0.882
74900         0.313        0.892       1528.571  6.4e-03        0.076     28.986        0.341       0.882
75000         0.315        0.892       1530.612  6.3e-03        0.076     31.900        0.341       0.881
75100         0.314        0.892       1532.653  6.1e-03        0.076     28.965        0.341       0.881
75200         0.315        0.891       1534.694  6.0e-03        0.076     28.937        0.341       0.881
75300         0.312        0.894       1536.735  5.9e-03        0.076     28.951        0.341       0.881
75400         0.317        0.891       1538.776  5.8e-03        0.076     28.959        0.341       0.881
75500         0.312        0.893       1540.816  5.6e-03        0.076     28.948        0.341       0.881
75600         0.313        0.892       1542.857  5.5e-03        0.076     28.978        0.341       0.881
75700         0.315        0.891       1544.898  5.4e-03        0.076     28.984        0.341       0.881
75800         0.314        0.892       1546.939  5.3e-03        0.077     28.956        0.341       0.881
75900         0.313        0.891       1548.980  5.1e-03        0.076     28.960        0.341       0.881
76000         0.315        0.892       1551.020  5.0e-03        0.076     31.870        0.341       0.882
76100         0.314        0.892       1553.061  4.9e-03        0.076     28.952        0.341       0.882
76200         0.314        0.892       1555.102  4.8e-03        0.077     28.973        0.341       0.882
76300         0.313        0.892       1557.143  4.6e-03        0.076     28.946        0.341       0.882
76400         0.314        0.892       1559.184  4.5e-03        0.075     28.977        0.341       0.882
76500         0.315        0.891       1561.224  4.4e-03        0.076     28.948        0.341       0.882
76600         0.313        0.892       1563.265  4.3e-03        0.076     28.973        0.341       0.882
76700         0.314        0.893       1565.306  4.1e-03        0.076     28.967        0.341       0.882
76800         0.314        0.892       1567.347  4.0e-03        0.075     28.961        0.341       0.882
76900         0.314        0.892       1569.388  3.9e-03        0.075     28.953        0.341       0.882
77000         0.314        0.892       1571.429  3.8e-03        0.075     31.913        0.341       0.881
77100         0.313        0.892       1573.469  3.6e-03        0.076     28.962        0.341       0.881
77200         0.314        0.892       1575.510  3.5e-03        0.076     28.979        0.341       0.881
77300         0.314        0.892       1577.551  3.4e-03        0.077     28.957        0.341       0.881
77400         0.313        0.892       1579.592  3.3e-03        0.077     28.958        0.341       0.881
77500         0.315        0.892       1581.633  3.1e-03        0.076     28.968        0.341       0.881
77600         0.314        0.892       1583.673  3.0e-03        0.076     28.959        0.341       0.881
77700         0.313        0.893       1585.714  2.9e-03        0.076     28.955        0.341       0.881
77800         0.314        0.892       1587.755  2.8e-03        0.076     28.945        0.341       0.881
77900         0.316        0.891       1589.796  2.6e-03        0.076     28.953        0.341       0.881
    t    train_loss    train_acc    train_epoch       lr    data_time    it_time    test_loss    test_acc
-----  ------------  -----------  -------------  -------  -----------  ---------  -----------  ----------
78000         0.313        0.892       1591.837  2.5e-03        0.076     31.910        0.341       0.881
78100         0.314        0.892       1593.878  2.4e-03        0.076     28.972        0.341       0.881
78200         0.313        0.892       1595.918  2.3e-03        0.076     28.967        0.341       0.881
78300         0.314        0.893       1597.959  2.1e-03        0.077     28.975        0.341       0.881
78400         0.313        0.893       1600.000  2.0e-03        0.076     28.916        0.341       0.881
78500         0.314        0.892       1602.041  1.9e-03        0.076     28.976        0.341       0.881
78600         0.313        0.892       1604.082  1.8e-03        0.076     28.961        0.341       0.881
78700         0.313        0.893       1606.122  1.6e-03        0.076     28.975        0.341       0.881
78800         0.315        0.893       1608.163  1.5e-03        0.076     28.960        0.341       0.881
78900         0.311        0.893       1610.204  1.4e-03        0.076     28.942        0.341       0.881
79000         0.313        0.892       1612.245  1.3e-03        0.076     31.902        0.341       0.882
79100         0.314        0.892       1614.286  1.1e-03        0.076     28.962        0.341       0.882
79200         0.314        0.892       1616.327  1.0e-03        0.076     28.948        0.341       0.882
79300         0.315        0.891       1618.367  8.8e-04        0.076     28.955        0.341       0.882
79400         0.311        0.894       1620.408  7.5e-04        0.077     28.960        0.341       0.882
79500         0.315        0.892       1622.449  6.3e-04        0.076     28.947        0.341       0.882
79600         0.313        0.893       1624.490  5.0e-04        0.076     28.973        0.341       0.882
79700         0.315        0.891       1626.531  3.8e-04        0.077     28.964        0.341       0.882
79800         0.315        0.892       1628.571  2.5e-04        0.076     28.965        0.341       0.882
79900         0.312        0.893       1630.612  1.3e-04        0.075     28.959        0.341       0.882
80000         0.312        0.893       1632.653  1.2e-06        0.076     31.927        0.341       0.882
