  t    train_loss    train_acc    train_epoch       lr    data_time    it_time
---  ------------  -----------  -------------  -------  -----------  ---------
100         0.751        0.762          2.041  1.0e-01        0.282     33.598
200         0.515        0.824          4.082  1.0e-01        0.079     29.517
300         0.478        0.836          6.122  1.0e-01        0.076     29.161
400         0.457        0.843          8.163  1.0e-01        0.076     29.109
500         0.442        0.849         10.204  9.9e-02        0.076     29.117
600         0.430        0.852         12.245  9.9e-02        0.076     29.125
700         0.420        0.856         14.286  9.9e-02        0.076     29.127
800         0.417        0.857         16.327  9.9e-02        0.077     29.139
900         0.406        0.860         18.367  9.9e-02        0.076     29.127
1000         0.406        0.859         20.408  9.9e-02        0.076     33.426        0.397       0.864
1100         0.395        0.864         22.449  9.9e-02        0.076     29.119        0.397       0.864
1200         0.393        0.865         24.490  9.9e-02        0.076     29.420        0.397       0.864
1300         0.393        0.864         26.531  9.8e-02        0.080     29.689        0.397       0.864
1400         0.386        0.867         28.571  9.8e-02        0.079     29.777        0.397       0.864
1500         0.384        0.867         30.612  9.8e-02        0.078     29.547        0.397       0.864
1600         0.382        0.868         32.653  9.8e-02        0.078     29.746        0.397       0.864
1700         0.379        0.870         34.694  9.8e-02        0.080     29.973        0.397       0.864
1800         0.374        0.871         36.735  9.8e-02        0.079     29.768        0.397       0.864
1900         0.375        0.871         38.776  9.8e-02        0.075     29.155        0.397       0.864
2000         0.372        0.871         40.816  9.8e-02        0.075     32.061        0.371       0.872
2100         0.367        0.873         42.857  9.7e-02        0.076     29.344        0.371       0.872
2200         0.365        0.875         44.898  9.7e-02        0.075     29.129        0.371       0.872
2300         0.366        0.874         46.939  9.7e-02        0.076     29.123        0.371       0.872
2400         0.364        0.875         48.980  9.7e-02        0.076     29.137        0.371       0.872
2500         0.363        0.876         51.020  9.7e-02        0.075     29.072        0.371       0.872
2600         0.358        0.876         53.061  9.7e-02        0.075     29.127        0.371       0.872
2700         0.359        0.875         55.102  9.7e-02        0.075     29.125        0.371       0.872
2800         0.355        0.877         57.143  9.7e-02        0.075     29.127        0.371       0.872
2900         0.355        0.878         59.184  9.6e-02        0.076     29.123        0.371       0.872
3000         0.358        0.876         61.224  9.6e-02        0.076     32.072        0.363       0.873
3100         0.354        0.878         63.265  9.6e-02        0.076     29.215        0.363       0.873
3200         0.354        0.878         65.306  9.6e-02        0.075     28.995        0.363       0.873
3300         0.352        0.879         67.347  9.6e-02        0.074     28.966        0.363       0.873
3400         0.352        0.878         69.388  9.6e-02        0.074     28.971        0.363       0.873
3500         0.352        0.879         71.429  9.6e-02        0.074     28.967        0.363       0.873
3600         0.349        0.879         73.469  9.6e-02        0.074     28.964        0.363       0.873
3700         0.347        0.879         75.510  9.5e-02        0.075     28.963        0.363       0.873
3800         0.346        0.880         77.551  9.5e-02        0.074     28.963        0.363       0.873
3900         0.349        0.879         79.592  9.5e-02        0.074     28.966        0.363       0.873
4000         0.344        0.882         81.633  9.5e-02        0.074     31.887        0.358       0.875
4100         0.345        0.881         83.673  9.5e-02        0.075     28.986        0.358       0.875
   t    train_loss    train_acc    train_epoch       lr    data_time    it_time    test_loss    test_acc
----  ------------  -----------  -------------  -------  -----------  ---------  -----------  ----------
4200         0.346        0.881         85.714  9.5e-02        0.075     28.967        0.358       0.875
4300         0.342        0.882         87.755  9.5e-02        0.074     28.961        0.358       0.875
4400         0.345        0.881         89.796  9.5e-02        0.074     28.950        0.358       0.875
4500         0.343        0.882         91.837  9.4e-02        0.074     28.979        0.358       0.875
4600         0.342        0.883         93.878  9.4e-02        0.075     28.977        0.358       0.875
4700         0.341        0.883         95.918  9.4e-02        0.075     28.964        0.358       0.875
4800         0.341        0.882         97.959  9.4e-02        0.075     28.968        0.358       0.875
4900         0.339        0.883        100.000  9.4e-02        0.075     28.909        0.358       0.875
5000         0.338        0.883        102.041  9.4e-02        0.076     31.951        0.352       0.877
5100         0.339        0.884        104.082  9.4e-02        0.075     28.977        0.352       0.877
5200         0.337        0.884        106.122  9.4e-02        0.075     28.980        0.352       0.877
5300         0.339        0.883        108.163  9.3e-02        0.075     28.983        0.352       0.877
5400         0.338        0.883        110.204  9.3e-02        0.075     28.978        0.352       0.877
5500         0.335        0.884        112.245  9.3e-02        0.075     28.975        0.352       0.877
5600         0.337        0.885        114.286  9.3e-02        0.075     28.975        0.352       0.877
5700         0.338        0.883        116.327  9.3e-02        0.075     28.973        0.352       0.877
5800         0.334        0.884        118.367  9.3e-02        0.074     28.969        0.352       0.877
5900         0.334        0.885        120.408  9.3e-02        0.075     28.962        0.352       0.877
6000         0.337        0.884        122.449  9.3e-02        0.075     31.911        0.350       0.877
6100         0.335        0.885        124.490  9.2e-02        0.075     29.055        0.350       0.877
6200         0.335        0.885        126.531  9.2e-02        0.080     30.429        0.350       0.877
6300         0.334        0.885        128.571  9.2e-02        0.078     29.631        0.350       0.877
6400         0.334        0.884        130.612  9.2e-02        0.077     29.338        0.350       0.877
6500         0.333        0.885        132.653  9.2e-02        0.076     29.355        0.350       0.877
6600         0.333        0.885        134.694  9.2e-02        0.075     29.354        0.350       0.877
6700         0.332        0.885        136.735  9.2e-02        0.076     29.346        0.350       0.877
6800         0.333        0.885        138.776  9.2e-02        0.076     29.345        0.350       0.877
6900         0.331        0.886        140.816  9.1e-02        0.076     29.339        0.350       0.877
7000         0.331        0.885        142.857  9.1e-02        0.076     32.275        0.347       0.878
7100         0.332        0.885        144.898  9.1e-02        0.076     29.346        0.347       0.878
7200         0.329        0.887        146.939  9.1e-02        0.077     29.346        0.347       0.878
7300         0.329        0.887        148.980  9.1e-02        0.077     29.332        0.347       0.878
7400         0.331        0.886        151.020  9.1e-02        0.076     29.274        0.347       0.878
7500         0.329        0.887        153.061  9.1e-02        0.077     29.328        0.347       0.878
7600         0.331        0.885        155.102  9.1e-02        0.077     29.335        0.347       0.878
7700         0.329        0.887        157.143  9.0e-02        0.077     29.333        0.347       0.878
7800         0.328        0.888        159.184  9.0e-02        0.077     29.434        0.347       0.878
7900         0.329        0.887        161.224  9.0e-02        0.075     29.173        0.347       0.878
8000         0.329        0.887        163.265  9.0e-02        0.075     32.124        0.347       0.879
8100         0.329        0.887        165.306  9.0e-02        0.075     29.206        0.347       0.879
8200         0.328        0.887        167.347  9.0e-02        0.075     29.191        0.347       0.879
   t    train_loss    train_acc    train_epoch       lr    data_time    it_time    test_loss    test_acc
----  ------------  -----------  -------------  -------  -----------  ---------  -----------  ----------
8300         0.328        0.886        169.388  9.0e-02        0.075     29.188        0.347       0.879
8400         0.328        0.887        171.429  9.0e-02        0.076     29.194        0.347       0.879
8500         0.327        0.887        173.469  8.9e-02        0.076     29.191        0.347       0.879
8600         0.329        0.886        175.510  8.9e-02        0.075     29.203        0.347       0.879
8700         0.328        0.887        177.551  8.9e-02        0.075     29.194        0.347       0.879
8800         0.327        0.888        179.592  8.9e-02        0.074     29.197        0.347       0.879
8900         0.327        0.888        181.633  8.9e-02        0.076     29.198        0.347       0.879
9000         0.330        0.887        183.673  8.9e-02        0.075     32.143        0.345       0.879
9100         0.325        0.888        185.714  8.9e-02        0.076     29.192        0.345       0.879
9200         0.324        0.889        187.755  8.9e-02        0.076     29.190        0.345       0.879
9300         0.327        0.887        189.796  8.8e-02        0.076     29.198        0.345       0.879
9400         0.327        0.888        191.837  8.8e-02        0.076     29.194        0.345       0.879
9500         0.326        0.888        193.878  8.8e-02        0.076     29.188        0.345       0.879
9600         0.325        0.889        195.918  8.8e-02        0.075     29.190        0.345       0.879
9700         0.325        0.888        197.959  8.8e-02        0.076     29.199        0.345       0.879
9800         0.325        0.888        200.000  8.8e-02        0.077     29.127        0.345       0.879
9900         0.324        0.888        202.041  8.8e-02        0.076     29.195        0.345       0.879
10000         0.325        0.887        204.082  8.8e-02        0.076     32.129        0.344       0.880
10100         0.327        0.887        206.122  8.7e-02        0.075     29.184        0.344       0.880
10200         0.323        0.889        208.163  8.7e-02        0.075     29.199        0.344       0.880
10300         0.324        0.889        210.204  8.7e-02        0.075     29.198        0.344       0.880
10400         0.326        0.887        212.245  8.7e-02        0.075     29.187        0.344       0.880
10500         0.326        0.887        214.286  8.7e-02        0.075     29.192        0.344       0.880
10600         0.323        0.889        216.327  8.7e-02        0.076     29.184        0.344       0.880
10700         0.326        0.888        218.367  8.7e-02        0.074     29.190        0.344       0.880
10800         0.324        0.889        220.408  8.7e-02        0.076     29.186        0.344       0.880
10900         0.325        0.889        222.449  8.6e-02        0.076     29.195        0.344       0.880
11000         0.323        0.888        224.490  8.6e-02        0.076     32.142        0.343       0.880
11100         0.322        0.890        226.531  8.6e-02        0.075     29.191        0.343       0.880
11200         0.324        0.888        228.571  8.6e-02        0.076     29.179        0.343       0.880
11300         0.323        0.888        230.612  8.6e-02        0.076     29.186        0.343       0.880
11400         0.324        0.889        232.653  8.6e-02        0.077     29.184        0.343       0.880
11500         0.322        0.889        234.694  8.6e-02        0.075     29.196        0.343       0.880
11600         0.323        0.889        236.735  8.6e-02        0.075     29.189        0.343       0.880
11700         0.321        0.890        238.776  8.5e-02        0.075     29.196        0.343       0.880
11800         0.325        0.888        240.816  8.5e-02        0.075     29.191        0.343       0.880
11900         0.321        0.890        242.857  8.5e-02        0.076     29.185        0.343       0.880
12000         0.323        0.889        244.898  8.5e-02        0.075     32.128        0.344       0.879
12100         0.320        0.890        246.939  8.5e-02        0.077     29.193        0.344       0.879
12200         0.323        0.888        248.980  8.5e-02        0.076     29.181        0.344       0.879
12300         0.324        0.888        251.020  8.5e-02        0.076     29.134        0.344       0.879
    t    train_loss    train_acc    train_epoch       lr    data_time    it_time    test_loss    test_acc
-----  ------------  -----------  -------------  -------  -----------  ---------  -----------  ----------
12400         0.321        0.890        253.061  8.5e-02        0.075     29.191        0.344       0.879
12500         0.322        0.890        255.102  8.4e-02        0.075     29.206        0.344       0.879
12600         0.323        0.889        257.143  8.4e-02        0.075     29.205        0.344       0.879
12700         0.323        0.889        259.184  8.4e-02        0.075     29.203        0.344       0.879
12800         0.320        0.890        261.224  8.4e-02        0.075     29.203        0.344       0.879
12900         0.320        0.890        263.265  8.4e-02        0.076     29.205        0.344       0.879
13000         0.322        0.889        265.306  8.4e-02        0.075     32.159        0.344       0.880
13100         0.320        0.890        267.347  8.4e-02        0.076     29.205        0.344       0.880
13200         0.324        0.889        269.388  8.4e-02        0.076     29.193        0.344       0.880
13300         0.320        0.889        271.429  8.3e-02        0.076     29.201        0.344       0.880
13400         0.321        0.889        273.469  8.3e-02        0.075     29.211        0.344       0.880
13500         0.322        0.888        275.510  8.3e-02        0.076     29.207        0.344       0.880
13600         0.320        0.890        277.551  8.3e-02        0.075     29.209        0.344       0.880
13700         0.323        0.889        279.592  8.3e-02        0.076     29.200        0.344       0.880
13800         0.319        0.891        281.633  8.3e-02        0.075     29.203        0.344       0.880
13900         0.321        0.890        283.673  8.3e-02        0.076     29.199        0.344       0.880
14000         0.322        0.889        285.714  8.3e-02        0.076     32.133        0.341       0.882
14100         0.320        0.890        287.755  8.2e-02        0.075     29.186        0.341       0.882
14200         0.320        0.890        289.796  8.2e-02        0.075     29.195        0.341       0.882
14300         0.319        0.890        291.837  8.2e-02        0.076     29.187        0.341       0.882
14400         0.322        0.889        293.878  8.2e-02        0.075     29.195        0.341       0.882
14500         0.319        0.891        295.918  8.2e-02        0.076     29.202        0.341       0.882
14600         0.320        0.890        297.959  8.2e-02        0.077     29.204        0.341       0.882
14700         0.321        0.890        300.000  8.2e-02        0.076     29.148        0.341       0.882
14800         0.320        0.890        302.041  8.2e-02        0.075     29.197        0.341       0.882
14900         0.320        0.891        304.082  8.1e-02        0.076     29.212        0.341       0.882
15000         0.319        0.891        306.122  8.1e-02        0.075     32.148        0.343       0.880
15100         0.320        0.890        308.163  8.1e-02        0.076     29.203        0.343       0.880
15200         0.320        0.889        310.204  8.1e-02        0.075     29.196        0.343       0.880
15300         0.319        0.890        312.245  8.1e-02        0.075     29.204        0.343       0.880
15400         0.320        0.890        314.286  8.1e-02        0.075     29.188        0.343       0.880
15500         0.320        0.889        316.327  8.1e-02        0.076     29.188        0.343       0.880
15600         0.320        0.890        318.367  8.1e-02        0.076     29.188        0.343       0.880
15700         0.319        0.890        320.408  8.0e-02        0.076     29.199        0.343       0.880
15800         0.319        0.890        322.449  8.0e-02        0.077     29.186        0.343       0.880
15900         0.319        0.891        324.490  8.0e-02        0.076     29.195        0.343       0.880
16000         0.319        0.890        326.531  8.0e-02        0.076     32.136        0.343       0.880
16100         0.318        0.891        328.571  8.0e-02        0.076     29.195        0.343       0.880
16200         0.321        0.890        330.612  8.0e-02        0.076     29.187        0.343       0.880
16300         0.320        0.890        332.653  8.0e-02        0.076     29.201        0.343       0.880
16400         0.318        0.890        334.694  8.0e-02        0.075     29.185        0.343       0.880
    t    train_loss    train_acc    train_epoch       lr    data_time    it_time    test_loss    test_acc
-----  ------------  -----------  -------------  -------  -----------  ---------  -----------  ----------
16500         0.319        0.890        336.735  7.9e-02        0.076     29.190        0.343       0.880
16600         0.320        0.890        338.776  7.9e-02        0.077     29.192        0.343       0.880
16700         0.320        0.889        340.816  7.9e-02        0.076     29.205        0.343       0.880
16800         0.319        0.889        342.857  7.9e-02        0.075     29.213        0.343       0.880
16900         0.320        0.890        344.898  7.9e-02        0.077     29.196        0.343       0.880
17000         0.318        0.891        346.939  7.9e-02        0.076     32.153        0.343       0.881
17100         0.320        0.890        348.980  7.9e-02        0.075     29.196        0.343       0.881
17200         0.319        0.890        351.020  7.9e-02        0.076     29.136        0.343       0.881
17300         0.319        0.891        353.061  7.8e-02        0.076     29.195        0.343       0.881
17400         0.320        0.891        355.102  7.8e-02        0.075     29.204        0.343       0.881
17500         0.318        0.891        357.143  7.8e-02        0.075     29.197        0.343       0.881
17600         0.319        0.891        359.184  7.8e-02        0.076     29.192        0.343       0.881
17700         0.319        0.889        361.224  7.8e-02        0.076     29.193        0.343       0.881
17800         0.318        0.891        363.265  7.8e-02        0.075     29.199        0.343       0.881
17900         0.317        0.891        365.306  7.8e-02        0.076     29.194        0.343       0.881
18000         0.318        0.892        367.347  7.8e-02        0.076     32.145        0.341       0.882
18100         0.316        0.893        369.388  7.7e-02        0.077     29.201        0.341       0.882
18200         0.320        0.890        371.429  7.7e-02        0.075     29.198        0.341       0.882
18300         0.318        0.892        373.469  7.7e-02        0.076     29.202        0.341       0.882
18400         0.319        0.892        375.510  7.7e-02        0.076     29.191        0.341       0.882
18500         0.318        0.890        377.551  7.7e-02        0.076     29.202        0.341       0.882
18600         0.318        0.890        379.592  7.7e-02        0.076     29.202        0.341       0.882
18700         0.319        0.891        381.633  7.7e-02        0.076     29.202        0.341       0.882
18800         0.318        0.891        383.673  7.7e-02        0.076     29.195        0.341       0.882
18900         0.317        0.892        385.714  7.6e-02        0.075     29.201        0.341       0.882
19000         0.317        0.891        387.755  7.6e-02        0.075     32.141        0.341       0.882
19100         0.317        0.892        389.796  7.6e-02        0.076     29.197        0.341       0.882
19200         0.318        0.890        391.837  7.6e-02        0.075     29.197        0.341       0.882
19300         0.317        0.891        393.878  7.6e-02        0.075     29.195        0.341       0.882
19400         0.320        0.890        395.918  7.6e-02        0.076     29.205        0.341       0.882
19500         0.318        0.891        397.959  7.6e-02        0.077     29.195        0.341       0.882
19600         0.318        0.891        400.000  7.6e-02        0.076     29.131        0.341       0.882
19700         0.318        0.890        402.041  7.5e-02        0.075     29.184        0.341       0.882
19800         0.316        0.891        404.082  7.5e-02        0.076     29.198        0.341       0.882
19900         0.318        0.890        406.122  7.5e-02        0.075     29.187        0.341       0.882
20000         0.319        0.890        408.163  7.5e-02        0.076     32.133        0.342       0.881
20100         0.319        0.890        410.204  7.5e-02        0.076     29.195        0.342       0.881
20200         0.316        0.891        412.245  7.5e-02        0.075     29.195        0.342       0.881
20300         0.317        0.891        414.286  7.5e-02        0.075     29.195        0.342       0.881
20400         0.319        0.891        416.327  7.5e-02        0.076     29.180        0.342       0.881
20500         0.319        0.891        418.367  7.4e-02        0.075     29.186        0.342       0.881
    t    train_loss    train_acc    train_epoch       lr    data_time    it_time    test_loss    test_acc
-----  ------------  -----------  -------------  -------  -----------  ---------  -----------  ----------
20600         0.317        0.890        420.408  7.4e-02        0.076     29.187        0.342       0.881
20700         0.319        0.891        422.449  7.4e-02        0.075     29.203        0.342       0.881
20800         0.318        0.891        424.490  7.4e-02        0.075     29.212        0.342       0.881
20900         0.316        0.892        426.531  7.4e-02        0.077     29.195        0.342       0.881
21000         0.318        0.890        428.571  7.4e-02        0.076     32.144        0.342       0.881
21100         0.317        0.890        430.612  7.4e-02        0.076     29.199        0.342       0.881
21200         0.318        0.891        432.653  7.4e-02        0.075     29.203        0.342       0.881
21300         0.317        0.892        434.694  7.3e-02        0.077     29.199        0.342       0.881
21400         0.318        0.891        436.735  7.3e-02        0.076     29.193        0.342       0.881
21500         0.315        0.892        438.776  7.3e-02        0.077     29.203        0.342       0.881
21600         0.319        0.890        440.816  7.3e-02        0.075     29.203        0.342       0.881
21700         0.317        0.892        442.857  7.3e-02        0.075     29.190        0.342       0.881
21800         0.317        0.891        444.898  7.3e-02        0.077     29.192        0.342       0.881
21900         0.317        0.891        446.939  7.3e-02        0.077     29.198        0.342       0.881
22000         0.317        0.891        448.980  7.3e-02        0.075     32.151        0.339       0.881
22100         0.317        0.890        451.020  7.2e-02        0.075     29.159        0.339       0.881
22200         0.318        0.891        453.061  7.2e-02        0.075     29.190        0.339       0.881
22300         0.317        0.891        455.102  7.2e-02        0.075     29.194        0.339       0.881
22400         0.316        0.891        457.143  7.2e-02        0.076     29.211        0.339       0.881
22500         0.317        0.891        459.184  7.2e-02        0.075     29.202        0.339       0.881
22600         0.317        0.891        461.224  7.2e-02        0.075     29.200        0.339       0.881
22700         0.318        0.890        463.265  7.2e-02        0.077     29.204        0.339       0.881
22800         0.316        0.891        465.306  7.2e-02        0.075     29.191        0.339       0.881
22900         0.316        0.892        467.347  7.1e-02        0.076     29.192        0.339       0.881
23000         0.317        0.891        469.388  7.1e-02        0.076     32.145        0.340       0.881
23100         0.319        0.890        471.429  7.1e-02        0.075     29.203        0.340       0.881
23200         0.316        0.892        473.469  7.1e-02        0.077     29.193        0.340       0.881
23300         0.317        0.890        475.510  7.1e-02        0.076     29.192        0.340       0.881
23400         0.319        0.891        477.551  7.1e-02        0.076     29.189        0.340       0.881
23500         0.316        0.893        479.592  7.1e-02        0.076     29.195        0.340       0.881
23600         0.316        0.892        481.633  7.1e-02        0.075     29.190        0.340       0.881
23700         0.319        0.890        483.673  7.0e-02        0.076     29.184        0.340       0.881
23800         0.315        0.893        485.714  7.0e-02        0.076     29.188        0.340       0.881
23900         0.317        0.891        487.755  7.0e-02        0.076     29.183        0.340       0.881
24000         0.317        0.891        489.796  7.0e-02        0.076     32.117        0.344       0.878
24100         0.317        0.892        491.837  7.0e-02        0.077     29.177        0.344       0.878
24200         0.317        0.891        493.878  7.0e-02        0.076     29.185        0.344       0.878
24300         0.317        0.891        495.918  7.0e-02        0.076     29.203        0.344       0.878
24400         0.316        0.891        497.959  7.0e-02        0.077     29.193        0.344       0.878
24500         0.317        0.891        500.000  6.9e-02        0.075     29.133        0.344       0.878
24600         0.316        0.892        502.041  6.9e-02        0.075     29.189        0.344       0.878
    t    train_loss    train_acc    train_epoch       lr    data_time    it_time    test_loss    test_acc
-----  ------------  -----------  -------------  -------  -----------  ---------  -----------  ----------
24700         0.316        0.891        504.082  6.9e-02        0.075     29.189        0.344       0.878
24800         0.319        0.890        506.122  6.9e-02        0.075     29.204        0.344       0.878
24900         0.316        0.892        508.163  6.9e-02        0.075     29.206        0.344       0.878
25000         0.314        0.892        510.204  6.9e-02        0.075     32.153        0.340       0.881
25100         0.318        0.890        512.245  6.9e-02        0.075     29.195        0.340       0.881
25200         0.320        0.891        514.286  6.9e-02        0.075     29.204        0.340       0.881
25300         0.315        0.892        516.327  6.8e-02        0.076     29.198        0.340       0.881
25400         0.316        0.892        518.367  6.8e-02        0.076     29.199        0.340       0.881
25500         0.318        0.890        520.408  6.8e-02        0.075     29.209        0.340       0.881
25600         0.315        0.891        522.449  6.8e-02        0.076     29.210        0.340       0.881
25700         0.318        0.891        524.490  6.8e-02        0.075     29.205        0.340       0.881
25800         0.316        0.892        526.531  6.8e-02        0.075     29.209        0.340       0.881
25900         0.315        0.892        528.571  6.8e-02        0.075     29.202        0.340       0.881
26000         0.318        0.891        530.612  6.8e-02        0.075     32.147        0.341       0.881
26100         0.318        0.890        532.653  6.7e-02        0.077     29.189        0.341       0.881
26200         0.316        0.892        534.694  6.7e-02        0.076     29.185        0.341       0.881
26300         0.317        0.892        536.735  6.7e-02        0.076     29.188        0.341       0.881
26400         0.316        0.892        538.776  6.7e-02        0.077     29.199        0.341       0.881
26500         0.318        0.891        540.816  6.7e-02        0.077     29.191        0.341       0.881
26600         0.315        0.892        542.857  6.7e-02        0.077     29.192        0.341       0.881
26700         0.317        0.891        544.898  6.7e-02        0.076     29.195        0.341       0.881
26800         0.317        0.891        546.939  6.7e-02        0.078     29.190        0.341       0.881
26900         0.316        0.892        548.980  6.6e-02        0.077     29.195        0.341       0.881
27000         0.316        0.892        551.020  6.6e-02        0.075     32.085        0.341       0.881
27100         0.316        0.891        553.061  6.6e-02        0.076     29.191        0.341       0.881
27200         0.316        0.892        555.102  6.6e-02        0.076     29.202        0.341       0.881
27300         0.317        0.892        557.143  6.6e-02        0.076     29.191        0.341       0.881
27400         0.317        0.891        559.184  6.6e-02        0.077     29.191        0.341       0.881
27500         0.314        0.892        561.224  6.6e-02        0.076     29.208        0.341       0.881
27600         0.318        0.890        563.265  6.6e-02        0.076     29.188        0.341       0.881
27700         0.314        0.892        565.306  6.5e-02        0.076     29.189        0.341       0.881
27800         0.317        0.892        567.347  6.5e-02        0.076     29.196        0.341       0.881
27900         0.316        0.891        569.388  6.5e-02        0.075     29.194        0.341       0.881
28000         0.317        0.892        571.429  6.5e-02        0.076     32.142        0.341       0.881
28100         0.316        0.892        573.469  6.5e-02        0.076     29.180        0.341       0.881
28200         0.317        0.891        575.510  6.5e-02        0.076     29.188        0.341       0.881
28300         0.314        0.892        577.551  6.5e-02        0.075     29.190        0.341       0.881
28400         0.319        0.890        579.592  6.5e-02        0.076     29.193        0.341       0.881
28500         0.315        0.892        581.633  6.4e-02        0.076     29.192        0.341       0.881
28600         0.316        0.891        583.673  6.4e-02        0.075     29.188        0.341       0.881
28700         0.315        0.893        585.714  6.4e-02        0.077     29.189        0.341       0.881
    t    train_loss    train_acc    train_epoch       lr    data_time    it_time    test_loss    test_acc
-----  ------------  -----------  -------------  -------  -----------  ---------  -----------  ----------
28800         0.316        0.891        587.755  6.4e-02        0.076     29.180        0.341       0.881
28900         0.317        0.892        589.796  6.4e-02        0.075     29.203        0.341       0.881
29000         0.316        0.891        591.837  6.4e-02        0.076     32.140        0.342       0.879
29100         0.316        0.892        593.878  6.4e-02        0.075     29.205        0.342       0.879
29200         0.317        0.891        595.918  6.4e-02        0.075     29.194        0.342       0.879
29300         0.315        0.892        597.959  6.3e-02        0.078     29.193        0.342       0.879
29400         0.316        0.891        600.000  6.3e-02        0.075     29.152        0.342       0.879
29500         0.316        0.891        602.041  6.3e-02        0.076     29.192        0.342       0.879
29600         0.318        0.891        604.082  6.3e-02        0.076     29.205        0.342       0.879
29700         0.317        0.892        606.122  6.3e-02        0.076     29.189        0.342       0.879
29800         0.317        0.892        608.163  6.3e-02        0.076     29.201        0.342       0.879
29900         0.314        0.893        610.204  6.3e-02        0.077     29.197        0.342       0.879
30000         0.317        0.891        612.245  6.3e-02        0.075     32.131        0.340       0.882
30100         0.316        0.892        614.286  6.2e-02        0.076     29.193        0.340       0.882
30200         0.316        0.892        616.327  6.2e-02        0.076     29.197        0.340       0.882
30300         0.316        0.892        618.367  6.2e-02        0.076     29.191        0.340       0.882
30400         0.316        0.892        620.408  6.2e-02        0.075     29.196        0.340       0.882
30500         0.316        0.891        622.449  6.2e-02        0.076     29.195        0.340       0.882
30600         0.316        0.892        624.490  6.2e-02        0.075     29.207        0.340       0.882
30700         0.318        0.891        626.531  6.2e-02        0.077     29.202        0.340       0.882
30800         0.315        0.892        628.571  6.2e-02        0.076     29.189        0.340       0.882
30900         0.316        0.892        630.612  6.1e-02        0.075     29.190        0.340       0.882
31000         0.316        0.892        632.653  6.1e-02        0.076     32.153        0.341       0.881
31100         0.315        0.892        634.694  6.1e-02        0.076     29.200        0.341       0.881
31200         0.319        0.891        636.735  6.1e-02        0.077     29.201        0.341       0.881
31300         0.315        0.892        638.776  6.1e-02        0.077     29.191        0.341       0.881
31400         0.315        0.892        640.816  6.1e-02        0.076     29.187        0.341       0.881
31500         0.316        0.892        642.857  6.1e-02        0.077     29.211        0.341       0.881
31600         0.316        0.892        644.898  6.1e-02        0.077     29.186        0.341       0.881
31700         0.317        0.891        646.939  6.0e-02        0.077     29.206        0.341       0.881
31800         0.317        0.892        648.980  6.0e-02        0.076     29.184        0.341       0.881
31900         0.316        0.892        651.020  6.0e-02        0.076     29.133        0.341       0.881
32000         0.315        0.891        653.061  6.0e-02        0.076     32.125        0.341       0.880
32100         0.315        0.893        655.102  6.0e-02        0.076     29.180        0.341       0.880
32200         0.315        0.892        657.143  6.0e-02        0.076     29.186        0.341       0.880
32300         0.316        0.892        659.184  6.0e-02        0.076     29.188        0.341       0.880
32400         0.315        0.893        661.224  6.0e-02        0.077     29.188        0.341       0.880
32500         0.317        0.892        663.265  5.9e-02        0.076     29.191        0.341       0.880
32600         0.316        0.891        665.306  5.9e-02        0.076     29.193        0.341       0.880
32700         0.317        0.891        667.347  5.9e-02        0.075     29.191        0.341       0.880
32800         0.314        0.893        669.388  5.9e-02        0.076     29.181        0.341       0.880
    t    train_loss    train_acc    train_epoch       lr    data_time    it_time    test_loss    test_acc
-----  ------------  -----------  -------------  -------  -----------  ---------  -----------  ----------
32900         0.317        0.891        671.429  5.9e-02        0.076     29.183        0.341       0.880
33000         0.318        0.890        673.469  5.9e-02        0.076     32.138        0.340       0.882
33100         0.317        0.891        675.510  5.9e-02        0.076     29.194        0.340       0.882
33200         0.314        0.892        677.551  5.9e-02        0.076     29.192        0.340       0.882
33300         0.315        0.891        679.592  5.8e-02        0.076     29.197        0.340       0.882
33400         0.315        0.892        681.633  5.8e-02        0.076     29.188        0.340       0.882
33500         0.315        0.892        683.673  5.8e-02        0.077     29.184        0.340       0.882
33600         0.317        0.891        685.714  5.8e-02        0.079     29.188        0.340       0.882
33700         0.316        0.891        687.755  5.8e-02        0.076     29.203        0.340       0.882
33800         0.316        0.892        689.796  5.8e-02        0.076     29.189        0.340       0.882
33900         0.315        0.892        691.837  5.8e-02        0.076     29.199        0.340       0.882
34000         0.317        0.891        693.878  5.8e-02        0.077     32.144        0.341       0.881
34100         0.315        0.892        695.918  5.7e-02        0.077     29.203        0.341       0.881
34200         0.316        0.891        697.959  5.7e-02        0.078     29.195        0.341       0.881
34300         0.316        0.891        700.000  5.7e-02        0.076     29.142        0.341       0.881
34400         0.318        0.891        702.041  5.7e-02        0.076     29.196        0.341       0.881
34500         0.315        0.893        704.082  5.7e-02        0.076     29.192        0.341       0.881
34600         0.314        0.892        706.122  5.7e-02        0.076     29.207        0.341       0.881
34700         0.316        0.891        708.163  5.7e-02        0.075     29.199        0.341       0.881
34800         0.317        0.892        710.204  5.7e-02        0.076     29.208        0.341       0.881
34900         0.314        0.892        712.245  5.6e-02        0.076     29.210        0.341       0.881
35000         0.315        0.892        714.286  5.6e-02        0.076     32.151        0.341       0.880
35100         0.316        0.891        716.327  5.6e-02        0.076     29.195        0.341       0.880
35200         0.313        0.893        718.367  5.6e-02        0.076     29.202        0.341       0.880
35300         0.316        0.892        720.408  5.6e-02        0.076     29.206        0.341       0.880
35400         0.313        0.892        722.449  5.6e-02        0.075     29.196        0.341       0.880
35500         0.315        0.893        724.490  5.6e-02        0.076     29.190        0.341       0.880
35600         0.316        0.892        726.531  5.6e-02        0.076     29.197        0.341       0.880
35700         0.315        0.893        728.571  5.5e-02        0.075     29.198        0.341       0.880
35800         0.316        0.892        730.612  5.5e-02        0.077     29.187        0.341       0.880
35900         0.315        0.893        732.653  5.5e-02        0.077     29.175        0.341       0.880
36000         0.315        0.892        734.694  5.5e-02        0.076     32.138        0.341       0.881
36100         0.315        0.893        736.735  5.5e-02        0.076     29.176        0.341       0.881
36200         0.314        0.892        738.776  5.5e-02        0.076     29.177        0.341       0.881
36300         0.317        0.891        740.816  5.5e-02        0.076     29.186        0.341       0.881
36400         0.316        0.891        742.857  5.5e-02        0.076     29.183        0.341       0.881
36500         0.316        0.891        744.898  5.4e-02        0.075     29.190        0.341       0.881
36600         0.315        0.892        746.939  5.4e-02        0.077     29.195        0.341       0.881
36700         0.315        0.892        748.980  5.4e-02        0.076     29.183        0.341       0.881
36800         0.317        0.892        751.020  5.4e-02        0.076     29.134        0.341       0.881
36900         0.315        0.892        753.061  5.4e-02        0.076     29.182        0.341       0.881
    t    train_loss    train_acc    train_epoch       lr    data_time    it_time    test_loss    test_acc
-----  ------------  -----------  -------------  -------  -----------  ---------  -----------  ----------
37000         0.317        0.891        755.102  5.4e-02        0.076     32.139        0.340       0.881
37100         0.316        0.892        757.143  5.4e-02        0.076     29.193        0.340       0.881
37200         0.315        0.892        759.184  5.4e-02        0.076     29.204        0.340       0.881
37300         0.314        0.891        761.224  5.3e-02        0.075     29.203        0.340       0.881
37400         0.312        0.892        763.265  5.3e-02        0.076     29.203        0.340       0.881
37500         0.316        0.892        765.306  5.3e-02        0.076     29.190        0.340       0.881
37600         0.314        0.893        767.347  5.3e-02        0.075     29.196        0.340       0.881
37700         0.317        0.891        769.388  5.3e-02        0.076     29.199        0.340       0.881
37800         0.315        0.893        771.429  5.3e-02        0.076     29.198        0.340       0.881
37900         0.316        0.890        773.469  5.3e-02        0.075     29.197        0.340       0.881
38000         0.314        0.893        775.510  5.3e-02        0.076     32.145        0.341       0.881
38100         0.316        0.892        777.551  5.2e-02        0.076     29.205        0.341       0.881
38200         0.316        0.893        779.592  5.2e-02        0.075     29.207        0.341       0.881
38300         0.317        0.891        781.633  5.2e-02        0.076     29.204        0.341       0.881
38400         0.316        0.892        783.673  5.2e-02        0.076     29.190        0.341       0.881
38500         0.317        0.891        785.714  5.2e-02        0.076     29.196        0.341       0.881
38600         0.316        0.891        787.755  5.2e-02        0.077     29.203        0.341       0.881
38700         0.315        0.891        789.796  5.2e-02        0.076     29.202        0.341       0.881
38800         0.316        0.892        791.837  5.2e-02        0.076     29.212        0.341       0.881
38900         0.316        0.892        793.878  5.1e-02        0.076     29.200        0.341       0.881
39000         0.315        0.893        795.918  5.1e-02        0.076     32.148        0.342       0.880
39100         0.314        0.892        797.959  5.1e-02        0.077     29.190        0.342       0.880
39200         0.315        0.892        800.000  5.1e-02        0.075     29.130        0.342       0.880
39300         0.316        0.891        802.041  5.1e-02        0.077     29.181        0.342       0.880
39400         0.314        0.892        804.082  5.1e-02        0.077     29.193        0.342       0.880
39500         0.316        0.892        806.122  5.1e-02        0.075     29.194        0.342       0.880
39600         0.314        0.892        808.163  5.1e-02        0.076     29.190        0.342       0.880
39700         0.316        0.891        810.204  5.0e-02        0.077     29.196        0.342       0.880
39800         0.314        0.893        812.245  5.0e-02        0.076     29.195        0.342       0.880
39900         0.314        0.892        814.286  5.0e-02        0.077     29.192        0.342       0.880
40000         0.318        0.890        816.327  5.0e-02        0.076     32.139        0.340       0.881
40100         0.313        0.893        818.367  5.0e-02        0.076     29.188        0.340       0.881
40200         0.316        0.892        820.408  5.0e-02        0.076     29.193        0.340       0.881
40300         0.314        0.892        822.449  5.0e-02        0.076     29.184        0.340       0.881
40400         0.316        0.892        824.490  5.0e-02        0.077     29.188        0.340       0.881
40500         0.316        0.891        826.531  4.9e-02        0.076     29.194        0.340       0.881
40600         0.315        0.892        828.571  4.9e-02        0.076     29.181        0.340       0.881
40700         0.314        0.892        830.612  4.9e-02        0.076     29.198        0.340       0.881
40800         0.317        0.891        832.653  4.9e-02        0.077     29.182        0.340       0.881
40900         0.314        0.892        834.694  4.9e-02        0.076     29.189        0.340       0.881
41000         0.315        0.892        836.735  4.9e-02        0.077     32.143        0.340       0.881
    t    train_loss    train_acc    train_epoch       lr    data_time    it_time    test_loss    test_acc
-----  ------------  -----------  -------------  -------  -----------  ---------  -----------  ----------
41100         0.316        0.892        838.776  4.9e-02        0.076     29.190        0.340       0.881
41200         0.315        0.891        840.816  4.9e-02        0.076     29.189        0.340       0.881
41300         0.315        0.891        842.857  4.8e-02        0.076     29.200        0.340       0.881
41400         0.314        0.893        844.898  4.8e-02        0.076     29.202        0.340       0.881
41500         0.315        0.891        846.939  4.8e-02        0.078     29.196        0.340       0.881
41600         0.316        0.892        848.980  4.8e-02        0.077     29.203        0.340       0.881
41700         0.315        0.891        851.020  4.8e-02        0.076     29.139        0.340       0.881
41800         0.315        0.892        853.061  4.8e-02        0.077     29.190        0.340       0.881
41900         0.315        0.892        855.102  4.8e-02        0.076     29.197        0.340       0.881
42000         0.315        0.892        857.143  4.8e-02        0.076     32.160        0.341       0.881
42100         0.315        0.892        859.184  4.7e-02        0.076     29.200        0.341       0.881
42200         0.314        0.893        861.224  4.7e-02        0.076     29.198        0.341       0.881
42300         0.316        0.891        863.265  4.7e-02        0.076     29.180        0.341       0.881
42400         0.316        0.892        865.306  4.7e-02        0.076     29.189        0.341       0.881
42500         0.316        0.892        867.347  4.7e-02        0.075     29.186        0.341       0.881
42600         0.315        0.892        869.388  4.7e-02        0.077     29.187        0.341       0.881
42700         0.316        0.892        871.429  4.7e-02        0.076     29.194        0.341       0.881
42800         0.315        0.892        873.469  4.7e-02        0.077     29.203        0.341       0.881
42900         0.316        0.891        875.510  4.6e-02        0.076     29.197        0.341       0.881
43000         0.315        0.893        877.551  4.6e-02        0.076     32.151        0.340       0.881
43100         0.317        0.891        879.592  4.6e-02        0.076     29.198        0.340       0.881
43200         0.315        0.892        881.633  4.6e-02        0.076     29.209        0.340       0.881
43300         0.316        0.892        883.673  4.6e-02        0.076     29.198        0.340       0.881
43400         0.316        0.893        885.714  4.6e-02        0.077     29.185        0.340       0.881
43500         0.314        0.892        887.755  4.6e-02        0.076     29.190        0.340       0.881
43600         0.316        0.892        889.796  4.6e-02        0.076     29.205        0.340       0.881
43700         0.316        0.891        891.837  4.5e-02        0.077     29.193        0.340       0.881
43800         0.314        0.892        893.878  4.5e-02        0.076     29.206        0.340       0.881
43900         0.315        0.892        895.918  4.5e-02        0.076     29.214        0.340       0.881
44000         0.314        0.892        897.959  4.5e-02        0.076     32.160        0.342       0.880
44100         0.316        0.892        900.000  4.5e-02        0.076     29.128        0.342       0.880
44200         0.315        0.892        902.041  4.5e-02        0.076     29.190        0.342       0.880
44300         0.315        0.892        904.082  4.5e-02        0.076     29.185        0.342       0.880
44400         0.314        0.892        906.122  4.5e-02        0.075     29.195        0.342       0.880
44500         0.314        0.892        908.163  4.4e-02        0.076     29.199        0.342       0.880
44600         0.316        0.891        910.204  4.4e-02        0.077     29.187        0.342       0.880
44700         0.315        0.892        912.245  4.4e-02        0.077     29.195        0.342       0.880
44800         0.317        0.891        914.286  4.4e-02        0.075     29.191        0.342       0.880
44900         0.313        0.892        916.327  4.4e-02        0.077     29.186        0.342       0.880
45000         0.315        0.892        918.367  4.4e-02        0.076     32.146        0.340       0.882
45100         0.317        0.890        920.408  4.4e-02        0.076     29.194        0.340       0.882
    t    train_loss    train_acc    train_epoch       lr    data_time    it_time    test_loss    test_acc
-----  ------------  -----------  -------------  -------  -----------  ---------  -----------  ----------
45200         0.314        0.892        922.449  4.4e-02        0.077     29.191        0.340       0.882
45300         0.315        0.892        924.490  4.3e-02        0.076     29.199        0.340       0.882
45400         0.316        0.893        926.531  4.3e-02        0.075     29.207        0.340       0.882
45500         0.316        0.891        928.571  4.3e-02        0.076     29.202        0.340       0.882
45600         0.316        0.892        930.612  4.3e-02        0.077     29.199        0.340       0.882
45700         0.314        0.893        932.653  4.3e-02        0.076     29.193        0.340       0.882
45800         0.316        0.891        934.694  4.3e-02        0.076     29.196        0.340       0.882
45900         0.314        0.892        936.735  4.3e-02        0.076     29.195        0.340       0.882
46000         0.315        0.891        938.776  4.3e-02        0.077     32.129        0.340       0.882
46100         0.315        0.892        940.816  4.2e-02        0.076     29.200        0.340       0.882
46200         0.316        0.891        942.857  4.2e-02        0.076     29.190        0.340       0.882
46300         0.316        0.892        944.898  4.2e-02        0.077     29.193        0.340       0.882
46400         0.315        0.892        946.939  4.2e-02        0.078     29.193        0.340       0.882
46500         0.315        0.892        948.980  4.2e-02        0.076     29.190        0.340       0.882
46600         0.314        0.893        951.020  4.2e-02        0.076     29.145        0.340       0.882
46700         0.316        0.892        953.061  4.2e-02        0.075     29.195        0.340       0.882
46800         0.315        0.892        955.102  4.2e-02        0.077     29.191        0.340       0.882
46900         0.316        0.892        957.143  4.1e-02        0.076     29.202        0.340       0.882
47000         0.316        0.892        959.184  4.1e-02        0.077     32.130        0.340       0.881
47100         0.314        0.893        961.224  4.1e-02        0.076     29.190        0.340       0.881
47200         0.315        0.892        963.265  4.1e-02        0.076     29.202        0.340       0.881
47300         0.314        0.893        965.306  4.1e-02        0.077     29.197        0.340       0.881
47400         0.317        0.891        967.347  4.1e-02        0.076     29.199        0.340       0.881
47500         0.316        0.892        969.388  4.1e-02        0.075     29.204        0.340       0.881
47600         0.314        0.893        971.429  4.1e-02        0.077     29.182        0.340       0.881
47700         0.314        0.893        973.469  4.0e-02        0.076     29.195        0.340       0.881
47800         0.315        0.891        975.510  4.0e-02        0.076     29.207        0.340       0.881
47900         0.314        0.892        977.551  4.0e-02        0.076     29.189        0.340       0.881
48000         0.316        0.891        979.592  4.0e-02        0.076     32.148        0.341       0.881
48100         0.314        0.893        981.633  4.0e-02        0.076     29.195        0.341       0.881
48200         0.315        0.892        983.673  4.0e-02        0.076     29.195        0.341       0.881
48300         0.316        0.891        985.714  4.0e-02        0.078     29.190        0.341       0.881
48400         0.316        0.892        987.755  4.0e-02        0.076     29.188        0.341       0.881
48500         0.314        0.892        989.796  3.9e-02        0.076     29.185        0.341       0.881
48600         0.314        0.893        991.837  3.9e-02        0.077     29.184        0.341       0.881
48700         0.316        0.891        993.878  3.9e-02        0.076     29.189        0.341       0.881
48800         0.314        0.892        995.918  3.9e-02        0.078     29.181        0.341       0.881
48900         0.317        0.890        997.959  3.9e-02        0.077     29.187        0.341       0.881
49000         0.315        0.891       1000.000  3.9e-02        0.077     32.072        0.341       0.880
49100         0.316        0.891       1002.041  3.9e-02        0.076     29.185        0.341       0.880
49200         0.316        0.891       1004.082  3.9e-02        0.076     29.191        0.341       0.880
    t    train_loss    train_acc    train_epoch       lr    data_time    it_time    test_loss    test_acc
-----  ------------  -----------  -------------  -------  -----------  ---------  -----------  ----------
49300         0.315        0.891       1006.122  3.8e-02        0.076     29.182        0.341       0.880
49400         0.315        0.891       1008.163  3.8e-02        0.076     29.203        0.341       0.880
49500         0.315        0.893       1010.204  3.8e-02        0.076     29.203        0.341       0.880
49600         0.315        0.892       1012.245  3.8e-02        0.076     29.196        0.341       0.880
49700         0.316        0.891       1014.286  3.8e-02        0.076     29.183        0.341       0.880
49800         0.314        0.893       1016.327  3.8e-02        0.077     29.192        0.341       0.880
49900         0.317        0.891       1018.367  3.8e-02        0.076     29.204        0.341       0.880
50000         0.315        0.891       1020.408  3.8e-02        0.077     32.154        0.342       0.881
50100         0.315        0.893       1022.449  3.7e-02        0.077     29.195        0.342       0.881
50200         0.315        0.892       1024.490  3.7e-02        0.076     29.207        0.342       0.881
50300         0.314        0.892       1026.531  3.7e-02        0.076     29.209        0.342       0.881
50400         0.315        0.892       1028.571  3.7e-02        0.076     29.194        0.342       0.881
50500         0.317        0.891       1030.612  3.7e-02        0.076     29.202        0.342       0.881
50600         0.314        0.892       1032.653  3.7e-02        0.076     29.214        0.342       0.881
50700         0.316        0.892       1034.694  3.7e-02        0.077     29.201        0.342       0.881
50800         0.315        0.892       1036.735  3.7e-02        0.076     29.200        0.342       0.881
50900         0.316        0.891       1038.776  3.6e-02        0.077     29.198        0.342       0.881
51000         0.316        0.891       1040.816  3.6e-02        0.076     32.145        0.341       0.880
51100         0.316        0.891       1042.857  3.6e-02        0.076     29.201        0.341       0.880
51200         0.314        0.892       1044.898  3.6e-02        0.076     29.203        0.341       0.880
51300         0.316        0.892       1046.939  3.6e-02        0.077     29.211        0.341       0.880
51400         0.315        0.891       1048.980  3.6e-02        0.076     29.207        0.341       0.880
51500         0.316        0.892       1051.020  3.6e-02        0.076     29.156        0.341       0.880
51600         0.315        0.893       1053.061  3.6e-02        0.076     29.207        0.341       0.880
51700         0.315        0.892       1055.102  3.5e-02        0.076     29.209        0.341       0.880
51800         0.316        0.893       1057.143  3.5e-02        0.076     29.206        0.341       0.880
51900         0.314        0.892       1059.184  3.5e-02        0.076     29.202        0.341       0.880
52000         0.317        0.892       1061.224  3.5e-02        0.076     32.145        0.341       0.881
52100         0.314        0.893       1063.265  3.5e-02        0.077     29.198        0.341       0.881
52200         0.313        0.893       1065.306  3.5e-02        0.076     29.203        0.341       0.881
52300         0.317        0.891       1067.347  3.5e-02        0.077     29.195        0.341       0.881
52400         0.314        0.892       1069.388  3.5e-02        0.075     29.191        0.341       0.881
52500         0.315        0.892       1071.429  3.4e-02        0.077     29.187        0.341       0.881
52600         0.315        0.892       1073.469  3.4e-02        0.076     29.192        0.341       0.881
52700         0.316        0.892       1075.510  3.4e-02        0.077     29.189        0.341       0.881
52800         0.314        0.893       1077.551  3.4e-02        0.076     29.196        0.341       0.881
52900         0.317        0.891       1079.592  3.4e-02        0.076     29.192        0.341       0.881
53000         0.316        0.892       1081.633  3.4e-02        0.076     32.138        0.341       0.882
53100         0.317        0.891       1083.673  3.4e-02        0.076     29.183        0.341       0.882
53200         0.314        0.893       1085.714  3.4e-02        0.077     29.180        0.341       0.882
53300         0.316        0.891       1087.755  3.3e-02        0.077     29.192        0.341       0.882
    t    train_loss    train_acc    train_epoch       lr    data_time    it_time    test_loss    test_acc
-----  ------------  -----------  -------------  -------  -----------  ---------  -----------  ----------
53400         0.316        0.891       1089.796  3.3e-02        0.077     29.186        0.341       0.882
53500         0.315        0.892       1091.837  3.3e-02        0.076     29.197        0.341       0.882
53600         0.316        0.891       1093.878  3.3e-02        0.077     29.199        0.341       0.882
53700         0.316        0.891       1095.918  3.3e-02        0.076     29.204        0.341       0.882
53800         0.313        0.892       1097.959  3.3e-02        0.077     29.207        0.341       0.882
53900         0.315        0.892       1100.000  3.3e-02        0.076     29.152        0.341       0.882
54000         0.313        0.892       1102.041  3.3e-02        0.076     32.190        0.341       0.880
54100         0.316        0.892       1104.082  3.2e-02        0.076     29.197        0.341       0.880
54200         0.314        0.892       1106.122  3.2e-02        0.076     29.211        0.341       0.880
54300         0.316        0.892       1108.163  3.2e-02        0.076     29.201        0.341       0.880
54400         0.313        0.894       1110.204  3.2e-02        0.076     29.203        0.341       0.880
54500         0.316        0.891       1112.245  3.2e-02        0.076     29.209        0.341       0.880
54600         0.315        0.891       1114.286  3.2e-02        0.077     29.206        0.341       0.880
54700         0.315        0.892       1116.327  3.2e-02        0.076     29.213        0.341       0.880
54800         0.316        0.892       1118.367  3.2e-02        0.076     29.206        0.341       0.880
54900         0.314        0.892       1120.408  3.1e-02        0.077     29.199        0.341       0.880
55000         0.313        0.893       1122.449  3.1e-02        0.076     32.193        0.341       0.881
55100         0.317        0.891       1124.490  3.1e-02        0.077     29.202        0.341       0.881
55200         0.315        0.892       1126.531  3.1e-02        0.078     29.205        0.341       0.881
55300         0.314        0.893       1128.571  3.1e-02        0.076     29.214        0.341       0.881
55400         0.314        0.893       1130.612  3.1e-02        0.076     29.199        0.341       0.881
55500         0.315        0.892       1132.653  3.1e-02        0.076     29.207        0.341       0.881
55600         0.317        0.891       1134.694  3.1e-02        0.077     29.191        0.341       0.881
55700         0.312        0.892       1136.735  3.0e-02        0.077     29.198        0.341       0.881
55800         0.314        0.892       1138.776  3.0e-02        0.076     29.196        0.341       0.881
55900         0.315        0.892       1140.816  3.0e-02        0.076     29.203        0.341       0.881
56000         0.313        0.893       1142.857  3.0e-02        0.076     32.154        0.340       0.881
56100         0.315        0.892       1144.898  3.0e-02        0.076     29.193        0.340       0.881
56200         0.313        0.894       1146.939  3.0e-02        0.078     29.201        0.340       0.881
56300         0.315        0.891       1148.980  3.0e-02        0.076     29.193        0.340       0.881
56400         0.315        0.892       1151.020  3.0e-02        0.076     29.134        0.340       0.881
56500         0.315        0.893       1153.061  2.9e-02        0.077     29.188        0.340       0.881
56600         0.315        0.892       1155.102  2.9e-02        0.076     29.197        0.340       0.881
56700         0.316        0.891       1157.143  2.9e-02        0.076     29.193        0.340       0.881
56800         0.315        0.891       1159.184  2.9e-02        0.077     29.195        0.340       0.881
56900         0.317        0.892       1161.224  2.9e-02        0.078     29.197        0.340       0.881
57000         0.316        0.891       1163.265  2.9e-02        0.077     32.136        0.341       0.881
57100         0.315        0.892       1165.306  2.9e-02        0.076     29.195        0.341       0.881
57200         0.314        0.892       1167.347  2.9e-02        0.076     29.190        0.341       0.881
57300         0.312        0.893       1169.388  2.8e-02        0.077     29.187        0.341       0.881
57400         0.316        0.892       1171.429  2.8e-02        0.076     29.195        0.341       0.881
    t    train_loss    train_acc    train_epoch       lr    data_time    it_time    test_loss    test_acc
-----  ------------  -----------  -------------  -------  -----------  ---------  -----------  ----------
57500         0.313        0.892       1173.469  2.8e-02        0.076     29.196        0.341       0.881
57600         0.314        0.892       1175.510  2.8e-02        0.077     29.201        0.341       0.881
57700         0.316        0.892       1177.551  2.8e-02        0.076     29.213        0.341       0.881
57800         0.315        0.893       1179.592  2.8e-02        0.077     29.203        0.341       0.881
57900         0.315        0.892       1181.633  2.8e-02        0.077     29.207        0.341       0.881
58000         0.316        0.892       1183.673  2.8e-02        0.076     32.161        0.341       0.881
58100         0.314        0.893       1185.714  2.7e-02        0.076     29.209        0.341       0.881
58200         0.315        0.893       1187.755  2.7e-02        0.076     29.214        0.341       0.881
58300         0.313        0.892       1189.796  2.7e-02        0.076     29.201        0.341       0.881
58400         0.315        0.892       1191.837  2.7e-02        0.076     29.207        0.341       0.881
58500         0.315        0.892       1193.878  2.7e-02        0.076     29.221        0.341       0.881
58600         0.314        0.892       1195.918  2.7e-02        0.077     29.211        0.341       0.881
58700         0.316        0.891       1197.959  2.7e-02        0.078     29.210        0.341       0.881
58800         0.315        0.892       1200.000  2.7e-02        0.076     29.149        0.341       0.881
58900         0.315        0.892       1202.041  2.6e-02        0.076     29.204        0.341       0.881
59000         0.314        0.893       1204.082  2.6e-02        0.076     32.152        0.340       0.881
59100         0.315        0.892       1206.122  2.6e-02        0.076     29.207        0.340       0.881
59200         0.316        0.892       1208.163  2.6e-02        0.076     29.203        0.340       0.881
59300         0.314        0.892       1210.204  2.6e-02        0.076     29.203        0.340       0.881
59400         0.314        0.892       1212.245  2.6e-02        0.076     29.195        0.340       0.881
59500         0.315        0.893       1214.286  2.6e-02        0.076     29.194        0.340       0.881
59600         0.316        0.892       1216.327  2.6e-02        0.076     29.205        0.340       0.881
59700         0.314        0.893       1218.367  2.5e-02        0.077     29.199        0.340       0.881
59800         0.315        0.892       1220.408  2.5e-02        0.076     29.196        0.340       0.881
59900         0.312        0.894       1222.449  2.5e-02        0.076     29.206        0.340       0.881
60000         0.317        0.891       1224.490  2.5e-02        0.077     32.153        0.341       0.881
60100         0.314        0.892       1226.531  2.5e-02        0.077     29.197        0.341       0.881
60200         0.315        0.891       1228.571  2.5e-02        0.076     29.193        0.341       0.881
60300         0.315        0.892       1230.612  2.5e-02        0.076     29.201        0.341       0.881
60400         0.312        0.893       1232.653  2.5e-02        0.077     29.205        0.341       0.881
60500         0.316        0.892       1234.694  2.4e-02        0.077     29.199        0.341       0.881
60600         0.315        0.892       1236.735  2.4e-02        0.076     29.195        0.341       0.881
60700         0.315        0.892       1238.776  2.4e-02        0.076     29.205        0.341       0.881
60800         0.314        0.893       1240.816  2.4e-02        0.076     29.208        0.341       0.881
60900         0.312        0.894       1242.857  2.4e-02        0.076     29.194        0.341       0.881
61000         0.314        0.892       1244.898  2.4e-02        0.076     32.154        0.341       0.881
61100         0.314        0.891       1246.939  2.4e-02        0.078     29.211        0.341       0.881
61200         0.315        0.893       1248.980  2.4e-02        0.077     29.193        0.341       0.881
61300         0.313        0.893       1251.020  2.3e-02        0.076     29.137        0.341       0.881
61400         0.314        0.893       1253.061  2.3e-02        0.076     29.200        0.341       0.881
61500         0.314        0.892       1255.102  2.3e-02        0.076     29.215        0.341       0.881
    t    train_loss    train_acc    train_epoch       lr    data_time    it_time    test_loss    test_acc
-----  ------------  -----------  -------------  -------  -----------  ---------  -----------  ----------
61600         0.315        0.892       1257.143  2.3e-02        0.076     29.196        0.341       0.881
61700         0.315        0.892       1259.184  2.3e-02        0.075     29.211        0.341       0.881
61800         0.314        0.893       1261.224  2.3e-02        0.076     29.205        0.341       0.881
61900         0.315        0.891       1263.265  2.3e-02        0.076     29.197        0.341       0.881
62000         0.314        0.893       1265.306  2.3e-02        0.077     32.149        0.341       0.881
62100         0.316        0.892       1267.347  2.2e-02        0.077     29.207        0.341       0.881
62200         0.314        0.893       1269.388  2.2e-02        0.076     29.198        0.341       0.881
62300         0.315        0.892       1271.429  2.2e-02        0.076     29.198        0.341       0.881
62400         0.315        0.892       1273.469  2.2e-02        0.076     29.211        0.341       0.881
62500         0.314        0.892       1275.510  2.2e-02        0.076     29.201        0.341       0.881
62600         0.314        0.892       1277.551  2.2e-02        0.077     29.189        0.341       0.881
62700         0.313        0.893       1279.592  2.2e-02        0.075     29.211        0.341       0.881
62800         0.314        0.893       1281.633  2.2e-02        0.076     29.202        0.341       0.881
62900         0.314        0.892       1283.673  2.1e-02        0.076     29.205        0.341       0.881
63000         0.315        0.893       1285.714  2.1e-02        0.076     32.161        0.341       0.881
63100         0.314        0.893       1287.755  2.1e-02        0.077     29.186        0.341       0.881
63200         0.315        0.892       1289.796  2.1e-02        0.077     29.195        0.341       0.881
63300         0.314        0.893       1291.837  2.1e-02        0.078     29.201        0.341       0.881
63400         0.315        0.893       1293.878  2.1e-02        0.076     29.206        0.341       0.881
63500         0.315        0.892       1295.918  2.1e-02        0.077     29.195        0.341       0.881
63600         0.316        0.891       1297.959  2.1e-02        0.078     29.199        0.341       0.881
63700         0.315        0.891       1300.000  2.0e-02        0.076     29.154        0.341       0.881
63800         0.314        0.893       1302.041  2.0e-02        0.076     29.197        0.341       0.881
63900         0.316        0.892       1304.082  2.0e-02        0.077     29.201        0.341       0.881
64000         0.315        0.891       1306.122  2.0e-02        0.077     32.155        0.341       0.881
64100         0.315        0.892       1308.163  2.0e-02        0.077     29.216        0.341       0.881
64200         0.314        0.893       1310.204  2.0e-02        0.076     29.203        0.341       0.881
64300         0.313        0.892       1312.245  2.0e-02        0.076     29.206        0.341       0.881
64400         0.315        0.892       1314.286  2.0e-02        0.077     29.197        0.341       0.881
64500         0.316        0.891       1316.327  1.9e-02        0.076     29.205        0.341       0.881
64600         0.314        0.893       1318.367  1.9e-02        0.076     29.206        0.341       0.881
64700         0.316        0.892       1320.408  1.9e-02        0.076     29.203        0.341       0.881
64800         0.313        0.894       1322.449  1.9e-02        0.076     29.202        0.341       0.881
64900         0.316        0.892       1324.490  1.9e-02        0.075     29.190        0.341       0.881
65000         0.316        0.893       1326.531  1.9e-02        0.077     32.159        0.341       0.881
65100         0.313        0.893       1328.571  1.9e-02        0.077     29.196        0.341       0.881
65200         0.315        0.892       1330.612  1.9e-02        0.077     29.203        0.341       0.881
65300         0.315        0.893       1332.653  1.8e-02        0.078     29.206        0.341       0.881
65400         0.316        0.891       1334.694  1.8e-02        0.077     29.198        0.341       0.881
65500         0.316        0.892       1336.735  1.8e-02        0.078     29.194        0.341       0.881
65600         0.315        0.891       1338.776  1.8e-02        0.078     29.198        0.341       0.881
    t    train_loss    train_acc    train_epoch       lr    data_time    it_time    test_loss    test_acc
-----  ------------  -----------  -------------  -------  -----------  ---------  -----------  ----------
65700         0.316        0.892       1340.816  1.8e-02        0.076     29.193        0.341       0.881
65800         0.315        0.892       1342.857  1.8e-02        0.077     29.210        0.341       0.881
65900         0.313        0.893       1344.898  1.8e-02        0.076     29.209        0.341       0.881
66000         0.314        0.892       1346.939  1.8e-02        0.078     32.153        0.341       0.882
66100         0.315        0.892       1348.980  1.7e-02        0.076     29.191        0.341       0.882
66200         0.315        0.891       1351.020  1.7e-02        0.076     29.140        0.341       0.882
66300         0.315        0.892       1353.061  1.7e-02        0.076     29.201        0.341       0.882
66400         0.314        0.892       1355.102  1.7e-02        0.077     29.203        0.341       0.882
66500         0.315        0.891       1357.143  1.7e-02        0.077     29.194        0.341       0.882
66600         0.313        0.893       1359.184  1.7e-02        0.077     29.199        0.341       0.882
66700         0.313        0.893       1361.224  1.7e-02        0.076     29.204        0.341       0.882
66800         0.315        0.892       1363.265  1.7e-02        0.076     29.199        0.341       0.882
66900         0.314        0.892       1365.306  1.6e-02        0.076     29.204        0.341       0.882
67000         0.315        0.892       1367.347  1.6e-02        0.077     32.140        0.340       0.881
67100         0.314        0.893       1369.388  1.6e-02        0.076     29.203        0.340       0.881
67200         0.316        0.891       1371.429  1.6e-02        0.076     29.194        0.340       0.881
67300         0.314        0.892       1373.469  1.6e-02        0.076     29.202        0.340       0.881
67400         0.316        0.892       1375.510  1.6e-02        0.076     29.202        0.340       0.881
67500         0.313        0.893       1377.551  1.6e-02        0.076     29.207        0.340       0.881
67600         0.315        0.892       1379.592  1.6e-02        0.077     29.201        0.340       0.881
67700         0.315        0.892       1381.633  1.5e-02        0.077     29.202        0.340       0.881
67800         0.313        0.893       1383.673  1.5e-02        0.077     29.209        0.340       0.881
67900         0.317        0.892       1385.714  1.5e-02        0.076     29.210        0.340       0.881
68000         0.313        0.893       1387.755  1.5e-02        0.076     32.159        0.340       0.881
68100         0.315        0.892       1389.796  1.5e-02        0.077     29.196        0.340       0.881
68200         0.314        0.892       1391.837  1.5e-02        0.076     29.206        0.340       0.881
68300         0.314        0.893       1393.878  1.5e-02        0.076     29.203        0.340       0.881
68400         0.314        0.893       1395.918  1.5e-02        0.078     29.191        0.340       0.881
68500         0.315        0.891       1397.959  1.4e-02        0.076     29.216        0.340       0.881
68600         0.314        0.892       1400.000  1.4e-02        0.077     29.136        0.340       0.881
68700         0.315        0.893       1402.041  1.4e-02        0.076     29.194        0.340       0.881
68800         0.312        0.893       1404.082  1.4e-02        0.076     29.193        0.340       0.881
68900         0.315        0.892       1406.122  1.4e-02        0.076     29.205        0.340       0.881
69000         0.315        0.892       1408.163  1.4e-02        0.077     32.147        0.340       0.881
69100         0.313        0.893       1410.204  1.4e-02        0.076     29.203        0.340       0.881
69200         0.316        0.892       1412.245  1.4e-02        0.076     29.188        0.340       0.881
69300         0.314        0.892       1414.286  1.3e-02        0.076     29.186        0.340       0.881
69400         0.317        0.892       1416.327  1.3e-02        0.076     29.191        0.340       0.881
69500         0.313        0.892       1418.367  1.3e-02        0.076     29.195        0.340       0.881
69600         0.315        0.892       1420.408  1.3e-02        0.076     29.191        0.340       0.881
69700         0.313        0.893       1422.449  1.3e-02        0.076     29.190        0.340       0.881
    t    train_loss    train_acc    train_epoch       lr    data_time    it_time    test_loss    test_acc
-----  ------------  -----------  -------------  -------  -----------  ---------  -----------  ----------
69800         0.314        0.892       1424.490  1.3e-02        0.077     29.174        0.340       0.881
69900         0.317        0.891       1426.531  1.3e-02        0.076     29.189        0.340       0.881
70000         0.314        0.893       1428.571  1.3e-02        0.076     32.134        0.340       0.881
70100         0.314        0.892       1430.612  1.2e-02        0.076     29.200        0.340       0.881
70200         0.313        0.892       1432.653  1.2e-02        0.076     29.199        0.340       0.881
70300         0.316        0.892       1434.694  1.2e-02        0.077     29.201        0.340       0.881
70400         0.312        0.893       1436.735  1.2e-02        0.075     29.207        0.340       0.881
70500         0.315        0.892       1438.776  1.2e-02        0.077     29.202        0.340       0.881
70600         0.314        0.891       1440.816  1.2e-02        0.076     29.208        0.340       0.881
70700         0.315        0.892       1442.857  1.2e-02        0.076     29.210        0.340       0.881
70800         0.314        0.893       1444.898  1.2e-02        0.076     29.210        0.340       0.881
70900         0.313        0.893       1446.939  1.1e-02        0.077     29.205        0.340       0.881
71000         0.316        0.891       1448.980  1.1e-02        0.076     32.155        0.340       0.881
71100         0.314        0.892       1451.020  1.1e-02        0.076     29.151        0.340       0.881
71200         0.313        0.893       1453.061  1.1e-02        0.076     29.199        0.340       0.881
71300         0.314        0.893       1455.102  1.1e-02        0.076     29.204        0.340       0.881
71400         0.315        0.892       1457.143  1.1e-02        0.076     29.202        0.340       0.881
71500         0.314        0.893       1459.184  1.1e-02        0.076     29.200        0.340       0.881
71600         0.315        0.892       1461.224  1.1e-02        0.078     29.207        0.340       0.881
71700         0.314        0.892       1463.265  1.0e-02        0.076     29.209        0.340       0.881
71800         0.314        0.892       1465.306  1.0e-02        0.077     29.206        0.340       0.881
71900         0.314        0.893       1467.347  1.0e-02        0.076     29.208        0.340       0.881
72000         0.313        0.893       1469.388  1.0e-02        0.077     32.144        0.340       0.882
72100         0.316        0.892       1471.429  9.9e-03        0.077     29.216        0.340       0.882
72200         0.313        0.893       1473.469  9.8e-03        0.077     29.204        0.340       0.882
72300         0.315        0.892       1475.510  9.6e-03        0.076     29.217        0.340       0.882
72400         0.312        0.894       1477.551  9.5e-03        0.076     29.212        0.340       0.882
72500         0.315        0.893       1479.592  9.4e-03        0.076     29.204        0.340       0.882
72600         0.314        0.893       1481.633  9.3e-03        0.076     29.220        0.340       0.882
72700         0.314        0.892       1483.673  9.1e-03        0.077     29.194        0.340       0.882
72800         0.315        0.892       1485.714  9.0e-03        0.077     29.195        0.340       0.882
72900         0.314        0.892       1487.755  8.9e-03        0.076     29.201        0.340       0.882
73000         0.315        0.892       1489.796  8.8e-03        0.077     32.135        0.340       0.881
73100         0.314        0.893       1491.837  8.6e-03        0.076     29.194        0.340       0.881
73200         0.314        0.892       1493.878  8.5e-03        0.076     29.213        0.340       0.881
73300         0.314        0.892       1495.918  8.4e-03        0.077     29.202        0.340       0.881
73400         0.315        0.892       1497.959  8.3e-03        0.078     29.186        0.340       0.881
73500         0.314        0.892       1500.000  8.1e-03        0.076     29.134        0.340       0.881
73600         0.315        0.891       1502.041  8.0e-03        0.076     29.197        0.340       0.881
73700         0.315        0.892       1504.082  7.9e-03        0.075     29.194        0.340       0.881
73800         0.316        0.892       1506.122  7.8e-03        0.076     29.202        0.340       0.881
    t    train_loss    train_acc    train_epoch       lr    data_time    it_time    test_loss    test_acc
-----  ------------  -----------  -------------  -------  -----------  ---------  -----------  ----------
73900         0.314        0.892       1508.163  7.6e-03        0.077     29.199        0.340       0.881
74000         0.314        0.892       1510.204  7.5e-03        0.076     32.142        0.340       0.881
74100         0.314        0.893       1512.245  7.4e-03        0.076     29.204        0.340       0.881
74200         0.314        0.893       1514.286  7.3e-03        0.076     29.198        0.340       0.881
74300         0.313        0.892       1516.327  7.1e-03        0.075     29.197        0.340       0.881
74400         0.316        0.892       1518.367  7.0e-03        0.076     29.205        0.340       0.881
74500         0.314        0.892       1520.408  6.9e-03        0.076     29.203        0.340       0.881
74600         0.313        0.892       1522.449  6.8e-03        0.076     29.209        0.340       0.881
74700         0.315        0.891       1524.490  6.6e-03        0.076     29.195        0.340       0.881
74800         0.313        0.893       1526.531  6.5e-03        0.078     29.200        0.340       0.881
74900         0.313        0.892       1528.571  6.4e-03        0.076     29.203        0.340       0.881
75000         0.316        0.892       1530.612  6.3e-03        0.076     32.160        0.341       0.881
75100         0.314        0.892       1532.653  6.1e-03        0.077     29.199        0.341       0.881
75200         0.313        0.893       1534.694  6.0e-03        0.076     29.201        0.341       0.881
75300         0.314        0.892       1536.735  5.9e-03        0.076     29.204        0.341       0.881
75400         0.314        0.893       1538.776  5.8e-03        0.077     29.201        0.341       0.881
75500         0.314        0.893       1540.816  5.6e-03        0.075     29.208        0.341       0.881
75600         0.313        0.892       1542.857  5.5e-03        0.077     29.203        0.341       0.881
75700         0.312        0.893       1544.898  5.4e-03        0.076     29.219        0.341       0.881
75800         0.315        0.892       1546.939  5.3e-03        0.078     29.200        0.341       0.881
75900         0.313        0.893       1548.980  5.1e-03        0.077     29.211        0.341       0.881
76000         0.315        0.892       1551.020  5.0e-03        0.077     32.088        0.340       0.881
76100         0.312        0.893       1553.061  4.9e-03        0.076     29.208        0.340       0.881
76200         0.314        0.892       1555.102  4.8e-03        0.076     29.206        0.340       0.881
76300         0.314        0.892       1557.143  4.6e-03        0.076     29.192        0.340       0.881
76400         0.313        0.893       1559.184  4.5e-03        0.076     29.192        0.340       0.881
76500         0.316        0.893       1561.224  4.4e-03        0.077     29.199        0.340       0.881
76600         0.314        0.893       1563.265  4.3e-03        0.077     29.205        0.340       0.881
76700         0.313        0.893       1565.306  4.1e-03        0.077     29.186        0.340       0.881
76800         0.315        0.891       1567.347  4.0e-03        0.075     29.193        0.340       0.881
76900         0.314        0.893       1569.388  3.9e-03        0.077     29.178        0.340       0.881
77000         0.315        0.893       1571.429  3.8e-03        0.077     32.124        0.340       0.882
77100         0.315        0.891       1573.469  3.6e-03        0.076     29.192        0.340       0.882
77200         0.315        0.892       1575.510  3.5e-03        0.076     29.195        0.340       0.882
77300         0.315        0.892       1577.551  3.4e-03        0.076     29.180        0.340       0.882
77400         0.315        0.892       1579.592  3.3e-03        0.077     29.190        0.340       0.882
77500         0.312        0.894       1581.633  3.1e-03        0.076     29.197        0.340       0.882
77600         0.315        0.892       1583.673  3.0e-03        0.077     29.187        0.340       0.882
77700         0.316        0.891       1585.714  2.9e-03        0.078     29.189        0.340       0.882
77800         0.314        0.893       1587.755  2.8e-03        0.076     29.199        0.340       0.882
77900         0.313        0.892       1589.796  2.6e-03        0.076     29.193        0.340       0.882
    t    train_loss    train_acc    train_epoch       lr    data_time    it_time    test_loss    test_acc
-----  ------------  -----------  -------------  -------  -----------  ---------  -----------  ----------
78000         0.314        0.893       1591.837  2.5e-03        0.076     32.139        0.340       0.881
78100         0.315        0.891       1593.878  2.4e-03        0.077     29.198        0.340       0.881
78200         0.314        0.892       1595.918  2.3e-03        0.076     29.191        0.340       0.881
78300         0.313        0.892       1597.959  2.1e-03        0.078     29.209        0.340       0.881
78400         0.315        0.892       1600.000  2.0e-03        0.076     29.150        0.340       0.881
78500         0.314        0.893       1602.041  1.9e-03        0.076     29.206        0.340       0.881
78600         0.314        0.892       1604.082  1.8e-03        0.076     29.211        0.340       0.881
78700         0.313        0.893       1606.122  1.6e-03        0.077     29.201        0.340       0.881
78800         0.313        0.892       1608.163  1.5e-03        0.077     29.207        0.340       0.881
78900         0.313        0.892       1610.204  1.4e-03        0.076     29.215        0.340       0.881
79000         0.314        0.891       1612.245  1.3e-03        0.076     32.150        0.340       0.881
79100         0.315        0.892       1614.286  1.1e-03        0.076     29.196        0.340       0.881
79200         0.313        0.893       1616.327  1.0e-03        0.077     29.215        0.340       0.881
79300         0.315        0.892       1618.367  8.8e-04        0.076     29.219        0.340       0.881
79400         0.314        0.892       1620.408  7.5e-04        0.076     29.199        0.340       0.881
79500         0.311        0.894       1622.449  6.3e-04        0.076     29.221        0.340       0.881
79600         0.316        0.892       1624.490  5.0e-04        0.076     29.219        0.340       0.881
79700         0.312        0.892       1626.531  3.8e-04        0.077     29.198        0.340       0.881
79800         0.315        0.892       1628.571  2.5e-04        0.076     29.205        0.340       0.881
79900         0.314        0.893       1630.612  1.3e-04        0.076     29.201        0.340       0.881
80000         0.313        0.893       1632.653  1.2e-06        0.075     32.153        0.340       0.881
