  t    train_loss    train_acc    train_epoch       lr    data_time    it_time
---  ------------  -----------  -------------  -------  -----------  ---------
100         0.754        0.761          2.041  1.0e-01        0.286     32.882
200         0.517        0.824          4.082  1.0e-01        0.074     29.205
300         0.479        0.836          6.122  1.0e-01        0.074     29.216
400         0.456        0.843          8.163  1.0e-01        0.074     29.217
500         0.445        0.847         10.204  9.9e-02        0.075     29.668
600         0.432        0.851         12.245  9.9e-02        0.073     29.071
700         0.423        0.854         14.286  9.9e-02        0.073     29.067
800         0.416        0.857         16.327  9.9e-02        0.073     29.063
900         0.408        0.860         18.367  9.9e-02        0.073     29.067
1000         0.405        0.861         20.408  9.9e-02        0.073     33.393        0.397       0.863
1100         0.398        0.863         22.449  9.9e-02        0.074     29.068        0.397       0.863
1200         0.398        0.863         24.490  9.9e-02        0.073     29.062        0.397       0.863
1300         0.391        0.864         26.531  9.8e-02        0.073     29.064        0.397       0.863
1400         0.390        0.865         28.571  9.8e-02        0.074     29.493        0.397       0.863
1500         0.383        0.867         30.612  9.8e-02        0.074     29.089        0.397       0.863
1600         0.385        0.867         32.653  9.8e-02        0.074     29.099        0.397       0.863
1700         0.378        0.869         34.694  9.8e-02        0.074     29.099        0.397       0.863
1800         0.379        0.869         36.735  9.8e-02        0.073     29.096        0.397       0.863
1900         0.373        0.871         38.776  9.8e-02        0.074     29.096        0.397       0.863
2000         0.373        0.871         40.816  9.8e-02        0.073     32.031        0.376       0.869
2100         0.371        0.872         42.857  9.7e-02        0.074     29.108        0.376       0.869
2200         0.370        0.872         44.898  9.7e-02        0.073     29.095        0.376       0.869
2300         0.368        0.872         46.939  9.7e-02        0.076     29.103        0.376       0.869
2400         0.366        0.873         48.980  9.7e-02        0.074     29.093        0.376       0.869
2500         0.366        0.872         51.020  9.7e-02        0.073     29.121        0.376       0.869
2600         0.363        0.875         53.061  9.7e-02        0.074     29.022        0.376       0.869
2700         0.361        0.876         55.102  9.7e-02        0.073     28.966        0.376       0.869
2800         0.360        0.876         57.143  9.7e-02        0.073     28.972        0.376       0.869
2900         0.358        0.877         59.184  9.6e-02        0.073     28.981        0.376       0.869
3000         0.359        0.876         61.224  9.6e-02        0.074     31.887        0.368       0.872
3100         0.357        0.876         63.265  9.6e-02        0.073     28.979        0.368       0.872
3200         0.356        0.877         65.306  9.6e-02        0.073     28.945        0.368       0.872
3300         0.356        0.877         67.347  9.6e-02        0.073     28.964        0.368       0.872
3400         0.353        0.877         69.388  9.6e-02        0.073     28.980        0.368       0.872
3500         0.354        0.878         71.429  9.6e-02        0.073     28.965        0.368       0.872
3600         0.351        0.878         73.469  9.6e-02        0.075     29.621        0.368       0.872
3700         0.350        0.880         75.510  9.5e-02        0.074     29.063        0.368       0.872
3800         0.351        0.879         77.551  9.5e-02        0.074     29.056        0.368       0.872
3900         0.347        0.881         79.592  9.5e-02        0.073     29.065        0.368       0.872
4000         0.347        0.879         81.633  9.5e-02        0.073     32.003        0.361       0.875
4100         0.347        0.880         83.673  9.5e-02        0.074     29.056        0.361       0.875
   t    train_loss    train_acc    train_epoch       lr    data_time    it_time    test_loss    test_acc
----  ------------  -----------  -------------  -------  -----------  ---------  -----------  ----------
4200         0.347        0.880         85.714  9.5e-02        0.074     29.057        0.361       0.875
4300         0.347        0.880         87.755  9.5e-02        0.073     29.064        0.361       0.875
4400         0.346        0.881         89.796  9.5e-02        0.075     29.410        0.361       0.875
4500         0.344        0.881         91.837  9.4e-02        0.073     29.057        0.361       0.875
4600         0.344        0.881         93.878  9.4e-02        0.073     29.062        0.361       0.875
4700         0.344        0.880         95.918  9.4e-02        0.073     29.062        0.361       0.875
4800         0.341        0.882         97.959  9.4e-02        0.074     29.069        0.361       0.875
4900         0.342        0.882        100.000  9.4e-02        0.073     29.007        0.361       0.875
5000         0.341        0.881        102.041  9.4e-02        0.074     32.001        0.357       0.876
5100         0.342        0.882        104.082  9.4e-02        0.075     29.064        0.357       0.876
5200         0.341        0.882        106.122  9.4e-02        0.074     29.057        0.357       0.876
5300         0.341        0.882        108.163  9.3e-02        0.073     29.062        0.357       0.876
5400         0.341        0.882        110.204  9.3e-02        0.074     29.133        0.357       0.876
5500         0.342        0.881        112.245  9.3e-02        0.073     29.021        0.357       0.876
5600         0.339        0.882        114.286  9.3e-02        0.074     28.953        0.357       0.876
5700         0.339        0.883        116.327  9.3e-02        0.073     28.944        0.357       0.876
5800         0.338        0.883        118.367  9.3e-02        0.074     28.962        0.357       0.876
5900         0.337        0.884        120.408  9.3e-02        0.073     28.970        0.357       0.876
6000         0.337        0.884        122.449  9.3e-02        0.073     31.890        0.357       0.876
6100         0.337        0.884        124.490  9.2e-02        0.074     28.944        0.357       0.876
6200         0.338        0.883        126.531  9.2e-02        0.073     28.963        0.357       0.876
6300         0.337        0.883        128.571  9.2e-02        0.073     28.929        0.357       0.876
6400         0.336        0.883        130.612  9.2e-02        0.073     28.960        0.357       0.876
6500         0.336        0.884        132.653  9.2e-02        0.073     28.931        0.357       0.876
6600         0.336        0.883        134.694  9.2e-02        0.074     28.939        0.357       0.876
6700         0.336        0.885        136.735  9.2e-02        0.073     28.955        0.357       0.876
6800         0.335        0.885        138.776  9.2e-02        0.073     28.938        0.357       0.876
6900         0.335        0.884        140.816  9.1e-02        0.074     28.968        0.357       0.876
7000         0.335        0.884        142.857  9.1e-02        0.075     32.234        0.355       0.876
7100         0.334        0.884        144.898  9.1e-02        0.075     29.210        0.355       0.876
7200         0.334        0.884        146.939  9.1e-02        0.075     29.148        0.355       0.876
7300         0.333        0.884        148.980  9.1e-02        0.074     29.091        0.355       0.876
7400         0.332        0.886        151.020  9.1e-02        0.074     29.048        0.355       0.876
7500         0.333        0.885        153.061  9.1e-02        0.074     29.092        0.355       0.876
7600         0.333        0.886        155.102  9.1e-02        0.074     29.087        0.355       0.876
7700         0.335        0.884        157.143  9.0e-02        0.074     29.104        0.355       0.876
7800         0.333        0.885        159.184  9.0e-02        0.073     29.095        0.355       0.876
7900         0.331        0.885        161.224  9.0e-02        0.074     29.090        0.355       0.876
8000         0.330        0.886        163.265  9.0e-02        0.074     32.029        0.351       0.877
8100         0.334        0.886        165.306  9.0e-02        0.075     29.092        0.351       0.877
8200         0.329        0.886        167.347  9.0e-02        0.074     29.093        0.351       0.877
   t    train_loss    train_acc    train_epoch       lr    data_time    it_time    test_loss    test_acc
----  ------------  -----------  -------------  -------  -----------  ---------  -----------  ----------
8300         0.331        0.885        169.388  9.0e-02        0.074     29.200        0.351       0.877
8400         0.333        0.886        171.429  9.0e-02        0.073     28.978        0.351       0.877
8500         0.331        0.885        173.469  8.9e-02        0.074     28.961        0.351       0.877
8600         0.330        0.885        175.510  8.9e-02        0.074     28.963        0.351       0.877
8700         0.330        0.886        177.551  8.9e-02        0.075     28.947        0.351       0.877
8800         0.330        0.886        179.592  8.9e-02        0.074     28.970        0.351       0.877
8900         0.331        0.886        181.633  8.9e-02        0.073     28.954        0.351       0.877
9000         0.328        0.887        183.673  8.9e-02        0.073     31.872        0.353       0.877
9100         0.329        0.886        185.714  8.9e-02        0.074     28.962        0.353       0.877
9200         0.330        0.886        187.755  8.9e-02        0.074     28.960        0.353       0.877
9300         0.329        0.886        189.796  8.8e-02        0.074     28.968        0.353       0.877
9400         0.329        0.887        191.837  8.8e-02        0.074     28.964        0.353       0.877
9500         0.327        0.887        193.878  8.8e-02        0.074     28.963        0.353       0.877
9600         0.329        0.886        195.918  8.8e-02        0.074     28.965        0.353       0.877
9700         0.329        0.886        197.959  8.8e-02        0.075     28.968        0.353       0.877
9800         0.330        0.886        200.000  8.8e-02        0.074     28.936        0.353       0.877
9900         0.329        0.886        202.041  8.8e-02        0.074     28.978        0.353       0.877
10000         0.329        0.886        204.082  8.8e-02        0.074     32.288        0.349       0.878
10100         0.328        0.887        206.122  8.7e-02        0.074     29.341        0.349       0.878
10200         0.327        0.887        208.163  8.7e-02        0.074     29.100        0.349       0.878
10300         0.327        0.887        210.204  8.7e-02        0.074     29.096        0.349       0.878
10400         0.327        0.887        212.245  8.7e-02        0.074     29.096        0.349       0.878
10500         0.328        0.887        214.286  8.7e-02        0.074     29.098        0.349       0.878
10600         0.326        0.887        216.327  8.7e-02        0.074     29.097        0.349       0.878
10700         0.328        0.887        218.367  8.7e-02        0.074     29.105        0.349       0.878
10800         0.330        0.885        220.408  8.7e-02        0.074     29.092        0.349       0.878
10900         0.323        0.888        222.449  8.6e-02        0.074     29.097        0.349       0.878
11000         0.327        0.886        224.490  8.6e-02        0.074     32.040        0.349       0.876
11100         0.324        0.888        226.531  8.6e-02        0.074     29.200        0.349       0.876
11200         0.328        0.886        228.571  8.6e-02        0.073     28.968        0.349       0.876
11300         0.326        0.888        230.612  8.6e-02        0.073     28.971        0.349       0.876
11400         0.328        0.887        232.653  8.6e-02        0.074     28.968        0.349       0.876
11500         0.325        0.888        234.694  8.6e-02        0.074     28.965        0.349       0.876
11600         0.328        0.886        236.735  8.6e-02        0.073     28.966        0.349       0.876
11700         0.327        0.887        238.776  8.5e-02        0.073     28.946        0.349       0.876
11800         0.327        0.887        240.816  8.5e-02        0.073     28.955        0.349       0.876
11900         0.325        0.888        242.857  8.5e-02        0.074     28.959        0.349       0.876
12000         0.325        0.888        244.898  8.5e-02        0.073     31.904        0.349       0.880
12100         0.326        0.887        246.939  8.5e-02        0.075     28.969        0.349       0.880
12200         0.325        0.888        248.980  8.5e-02        0.074     28.960        0.349       0.880
12300         0.326        0.889        251.020  8.5e-02        0.074     28.908        0.349       0.880
    t    train_loss    train_acc    train_epoch       lr    data_time    it_time    test_loss    test_acc
-----  ------------  -----------  -------------  -------  -----------  ---------  -----------  ----------
12400         0.325        0.887        253.061  8.5e-02        0.074     28.967        0.349       0.880
12500         0.325        0.889        255.102  8.4e-02        0.073     28.983        0.349       0.880
12600         0.323        0.887        257.143  8.4e-02        0.073     28.974        0.349       0.880
12700         0.324        0.888        259.184  8.4e-02        0.074     28.938        0.349       0.880
12800         0.326        0.888        261.224  8.4e-02        0.074     28.978        0.349       0.880
12900         0.323        0.888        263.265  8.4e-02        0.074     28.944        0.349       0.880
13000         0.325        0.888        265.306  8.4e-02        0.074     31.894        0.346       0.879
13100         0.322        0.889        267.347  8.4e-02        0.074     28.978        0.346       0.879
13200         0.327        0.888        269.388  8.4e-02        0.076     29.769        0.346       0.879
13300         0.322        0.889        271.429  8.3e-02        0.074     29.101        0.346       0.879
13400         0.325        0.887        273.469  8.3e-02        0.074     29.100        0.346       0.879
13500         0.321        0.890        275.510  8.3e-02        0.074     29.089        0.346       0.879
13600         0.326        0.887        277.551  8.3e-02        0.074     29.090        0.346       0.879
13700         0.324        0.889        279.592  8.3e-02        0.074     29.103        0.346       0.879
13800         0.324        0.887        281.633  8.3e-02        0.074     29.108        0.346       0.879
13900         0.324        0.888        283.673  8.3e-02        0.074     29.107        0.346       0.879
14000         0.321        0.889        285.714  8.3e-02        0.074     32.042        0.349       0.878
14100         0.325        0.887        287.755  8.2e-02        0.074     29.085        0.349       0.878
14200         0.326        0.887        289.796  8.2e-02        0.074     29.111        0.349       0.878
14300         0.321        0.888        291.837  8.2e-02        0.073     29.102        0.349       0.878
14400         0.323        0.889        293.878  8.2e-02        0.074     29.095        0.349       0.878
14500         0.324        0.888        295.918  8.2e-02        0.074     29.102        0.349       0.878
14600         0.324        0.888        297.959  8.2e-02        0.075     29.478        0.349       0.878
14700         0.323        0.889        300.000  8.2e-02        0.073     29.015        0.349       0.878
14800         0.322        0.889        302.041  8.2e-02        0.075     29.064        0.349       0.878
14900         0.325        0.887        304.082  8.1e-02        0.073     29.074        0.349       0.878
15000         0.322        0.889        306.122  8.1e-02        0.074     32.001        0.348       0.878
15100         0.325        0.888        308.163  8.1e-02        0.074     29.062        0.348       0.878
15200         0.322        0.889        310.204  8.1e-02        0.074     29.059        0.348       0.878
15300         0.321        0.889        312.245  8.1e-02        0.074     29.067        0.348       0.878
15400         0.323        0.889        314.286  8.1e-02        0.074     29.067        0.348       0.878
15500         0.323        0.888        316.327  8.1e-02        0.073     29.066        0.348       0.878
15600         0.322        0.890        318.367  8.1e-02        0.074     29.167        0.348       0.878
15700         0.323        0.890        320.408  8.0e-02        0.074     28.962        0.348       0.878
15800         0.322        0.888        322.449  8.0e-02        0.074     28.955        0.348       0.878
15900         0.322        0.889        324.490  8.0e-02        0.074     28.972        0.348       0.878
16000         0.322        0.889        326.531  8.0e-02        0.074     31.891        0.348       0.877
16100         0.323        0.890        328.571  8.0e-02        0.074     28.949        0.348       0.877
16200         0.323        0.888        330.612  8.0e-02        0.073     28.978        0.348       0.877
16300         0.320        0.890        332.653  8.0e-02        0.073     28.940        0.348       0.877
16400         0.320        0.889        334.694  8.0e-02        0.074     28.930        0.348       0.877
    t    train_loss    train_acc    train_epoch       lr    data_time    it_time    test_loss    test_acc
-----  ------------  -----------  -------------  -------  -----------  ---------  -----------  ----------
16500         0.320        0.889        336.735  7.9e-02        0.074     28.948        0.348       0.877
16600         0.322        0.889        338.776  7.9e-02        0.074     28.963        0.348       0.877
16700         0.323        0.888        340.816  7.9e-02        0.074     28.966        0.348       0.877
16800         0.319        0.890        342.857  7.9e-02        0.074     28.950        0.348       0.877
16900         0.321        0.889        344.898  7.9e-02        0.074     28.958        0.348       0.877
17000         0.322        0.887        346.939  7.9e-02        0.076     31.875        0.351       0.877
17100         0.320        0.890        348.980  7.9e-02        0.078     29.707        0.351       0.877
17200         0.322        0.889        351.020  7.9e-02        0.076     29.041        0.351       0.877
17300         0.321        0.889        353.061  7.8e-02        0.074     29.098        0.351       0.877
17400         0.323        0.889        355.102  7.8e-02        0.074     29.090        0.351       0.877
17500         0.321        0.890        357.143  7.8e-02        0.074     29.110        0.351       0.877
17600         0.322        0.888        359.184  7.8e-02        0.074     29.111        0.351       0.877
17700         0.324        0.889        361.224  7.8e-02        0.074     29.110        0.351       0.877
17800         0.321        0.889        363.265  7.8e-02        0.074     29.110        0.351       0.877
17900         0.321        0.890        365.306  7.8e-02        0.074     29.105        0.351       0.877
18000         0.321        0.889        367.347  7.8e-02        0.074     32.034        0.347       0.879
18100         0.322        0.889        369.388  7.7e-02        0.074     29.114        0.347       0.879
18200         0.322        0.889        371.429  7.7e-02        0.074     29.142        0.347       0.879
18300         0.322        0.889        373.469  7.7e-02        0.074     28.979        0.347       0.879
18400         0.321        0.890        375.510  7.7e-02        0.074     28.972        0.347       0.879
18500         0.322        0.888        377.551  7.7e-02        0.074     28.977        0.347       0.879
18600         0.321        0.889        379.592  7.7e-02        0.074     28.963        0.347       0.879
18700         0.321        0.889        381.633  7.7e-02        0.074     28.966        0.347       0.879
18800         0.322        0.889        383.673  7.7e-02        0.074     28.971        0.347       0.879
18900         0.323        0.888        385.714  7.6e-02        0.074     28.975        0.347       0.879
19000         0.320        0.890        387.755  7.6e-02        0.074     31.893        0.346       0.879
19100         0.320        0.890        389.796  7.6e-02        0.075     28.940        0.346       0.879
19200         0.324        0.887        391.837  7.6e-02        0.075     28.966        0.346       0.879
19300         0.320        0.889        393.878  7.6e-02        0.075     28.960        0.346       0.879
19400         0.321        0.889        395.918  7.6e-02        0.076     28.965        0.346       0.879
19500         0.320        0.889        397.959  7.6e-02        0.077     28.966        0.346       0.879
19600         0.320        0.890        400.000  7.6e-02        0.075     28.932        0.346       0.879
19700         0.320        0.890        402.041  7.5e-02        0.076     28.961        0.346       0.879
19800         0.323        0.888        404.082  7.5e-02        0.075     28.979        0.346       0.879
19900         0.319        0.889        406.122  7.5e-02        0.075     28.942        0.346       0.879
20000         0.320        0.889        408.163  7.5e-02        0.075     31.914        0.345       0.879
20100         0.320        0.890        410.204  7.5e-02        0.076     28.974        0.345       0.879
20200         0.321        0.890        412.245  7.5e-02        0.075     28.947        0.345       0.879
20300         0.319        0.890        414.286  7.5e-02        0.075     28.986        0.345       0.879
20400         0.322        0.889        416.327  7.5e-02        0.076     28.961        0.345       0.879
20500         0.321        0.890        418.367  7.4e-02        0.075     28.964        0.345       0.879
    t    train_loss    train_acc    train_epoch       lr    data_time    it_time    test_loss    test_acc
-----  ------------  -----------  -------------  -------  -----------  ---------  -----------  ----------
20600         0.319        0.890        420.408  7.4e-02        0.076     28.962        0.345       0.879
20700         0.321        0.890        422.449  7.4e-02        0.076     28.946        0.345       0.879
20800         0.322        0.888        424.490  7.4e-02        0.074     29.000        0.345       0.879
20900         0.321        0.889        426.531  7.4e-02        0.074     28.961        0.345       0.879
21000         0.320        0.889        428.571  7.4e-02        0.074     31.899        0.345       0.879
21100         0.320        0.890        430.612  7.4e-02        0.074     28.974        0.345       0.879
21200         0.320        0.890        432.653  7.4e-02        0.074     28.963        0.345       0.879
21300         0.320        0.889        434.694  7.3e-02        0.074     28.965        0.345       0.879
21400         0.319        0.890        436.735  7.3e-02        0.075     28.964        0.345       0.879
21500         0.320        0.890        438.776  7.3e-02        0.074     28.963        0.345       0.879
21600         0.320        0.891        440.816  7.3e-02        0.074     28.959        0.345       0.879
21700         0.321        0.889        442.857  7.3e-02        0.074     28.980        0.345       0.879
21800         0.319        0.890        444.898  7.3e-02        0.074     28.966        0.345       0.879
21900         0.321        0.889        446.939  7.3e-02        0.076     29.120        0.345       0.879
22000         0.320        0.889        448.980  7.3e-02        0.077     32.955        0.346       0.878
22100         0.319        0.890        451.020  7.2e-02        0.077     29.263        0.346       0.878
22200         0.321        0.890        453.061  7.2e-02        0.074     29.097        0.346       0.878
22300         0.319        0.891        455.102  7.2e-02        0.074     29.090        0.346       0.878
22400         0.321        0.890        457.143  7.2e-02        0.074     29.099        0.346       0.878
22500         0.319        0.891        459.184  7.2e-02        0.074     29.095        0.346       0.878
22600         0.323        0.888        461.224  7.2e-02        0.074     29.096        0.346       0.878
22700         0.317        0.891        463.265  7.2e-02        0.074     29.098        0.346       0.878
22800         0.322        0.889        465.306  7.2e-02        0.074     29.096        0.346       0.878
22900         0.320        0.890        467.347  7.1e-02        0.074     29.094        0.346       0.878
23000         0.320        0.889        469.388  7.1e-02        0.074     32.042        0.346       0.879
23100         0.320        0.889        471.429  7.1e-02        0.075     29.199        0.346       0.879
23200         0.319        0.889        473.469  7.1e-02        0.074     28.988        0.346       0.879
23300         0.317        0.891        475.510  7.1e-02        0.074     28.969        0.346       0.879
23400         0.322        0.889        477.551  7.1e-02        0.074     28.960        0.346       0.879
23500         0.319        0.890        479.592  7.1e-02        0.074     28.957        0.346       0.879
23600         0.320        0.890        481.633  7.1e-02        0.074     28.970        0.346       0.879
23700         0.321        0.889        483.673  7.0e-02        0.074     28.957        0.346       0.879
23800         0.318        0.890        485.714  7.0e-02        0.074     28.972        0.346       0.879
23900         0.320        0.889        487.755  7.0e-02        0.075     29.371        0.346       0.879
24000         0.317        0.891        489.796  7.0e-02        0.074     32.136        0.346       0.878
24100         0.320        0.889        491.837  7.0e-02        0.075     29.109        0.346       0.878
24200         0.321        0.889        493.878  7.0e-02        0.074     29.102        0.346       0.878
24300         0.319        0.891        495.918  7.0e-02        0.075     29.096        0.346       0.878
24400         0.319        0.890        497.959  7.0e-02        0.076     29.100        0.346       0.878
24500         0.321        0.889        500.000  6.9e-02        0.074     29.055        0.346       0.878
24600         0.319        0.891        502.041  6.9e-02        0.074     29.097        0.346       0.878
    t    train_loss    train_acc    train_epoch       lr    data_time    it_time    test_loss    test_acc
-----  ------------  -----------  -------------  -------  -----------  ---------  -----------  ----------
24700         0.320        0.890        504.082  6.9e-02        0.074     29.111        0.346       0.878
24800         0.319        0.890        506.122  6.9e-02        0.074     29.106        0.346       0.878
24900         0.318        0.891        508.163  6.9e-02        0.074     29.101        0.346       0.878
25000         0.320        0.889        510.204  6.9e-02        0.074     32.105        0.347       0.879
25100         0.320        0.890        512.245  6.9e-02        0.074     28.973        0.347       0.879
25200         0.319        0.890        514.286  6.9e-02        0.074     28.971        0.347       0.879
25300         0.320        0.889        516.327  6.8e-02        0.074     28.970        0.347       0.879
25400         0.319        0.890        518.367  6.8e-02        0.074     28.961        0.347       0.879
25500         0.319        0.890        520.408  6.8e-02        0.074     28.967        0.347       0.879
25600         0.320        0.890        522.449  6.8e-02        0.075     29.256        0.347       0.879
25700         0.320        0.890        524.490  6.8e-02        0.081     31.616        0.347       0.879
