  t    train_loss    train_acc    train_epoch       lr    data_time    it_time
---  ------------  -----------  -------------  -------  -----------  ---------
100         0.755        0.759          2.041  1.0e-01        0.303     33.932
200         0.511        0.826          4.082  1.0e-01        0.076     29.669
300         0.473        0.840          6.122  1.0e-01        0.076     29.134
400         0.450        0.846          8.163  1.0e-01        0.075     29.147
500         0.438        0.851         10.204  9.9e-02        0.075     29.151
600         0.423        0.855         12.245  9.9e-02        0.075     29.161
700         0.416        0.857         14.286  9.9e-02        0.076     29.164
800         0.407        0.860         16.327  9.9e-02        0.075     29.166
900         0.403        0.861         18.367  9.9e-02        0.075     29.173
1000         0.395        0.865         20.408  9.9e-02        0.076     33.493        0.396       0.862
1100         0.390        0.866         22.449  9.9e-02        0.075     29.170        0.396       0.862
1200         0.387        0.867         24.490  9.9e-02        0.074     29.171        0.396       0.862
1300         0.384        0.868         26.531  9.8e-02        0.075     29.273        0.396       0.862
1400         0.380        0.868         28.571  9.8e-02        0.075     29.186        0.396       0.862
1500         0.377        0.870         30.612  9.8e-02        0.076     29.197        0.396       0.862
1600         0.373        0.871         32.653  9.8e-02        0.075     29.194        0.396       0.862
1700         0.371        0.871         34.694  9.8e-02        0.074     29.203        0.396       0.862
1800         0.368        0.873         36.735  9.8e-02        0.074     29.202        0.396       0.862
1900         0.367        0.873         38.776  9.8e-02        0.074     29.211        0.396       0.862
2000         0.364        0.874         40.816  9.8e-02        0.075     32.173        0.371       0.871
2100         0.363        0.874         42.857  9.7e-02        0.074     29.218        0.371       0.871
2200         0.361        0.875         44.898  9.7e-02        0.074     29.231        0.371       0.871
2300         0.359        0.877         46.939  9.7e-02        0.075     29.331        0.371       0.871
2400         0.356        0.877         48.980  9.7e-02        0.074     29.087        0.371       0.871
2500         0.356        0.877         51.020  9.7e-02        0.075     29.034        0.371       0.871
2600         0.353        0.879         53.061  9.7e-02        0.074     29.096        0.371       0.871
2700         0.351        0.878         55.102  9.7e-02        0.075     29.080        0.371       0.871
2800         0.353        0.878         57.143  9.7e-02        0.075     29.086        0.371       0.871
2900         0.350        0.879         59.184  9.6e-02        0.075     29.086        0.371       0.871
3000         0.350        0.879         61.224  9.6e-02        0.075     32.037        0.363       0.872
3100         0.347        0.880         63.265  9.6e-02        0.075     29.089        0.363       0.872
3200         0.348        0.880         65.306  9.6e-02        0.074     29.093        0.363       0.872
3300         0.346        0.881         67.347  9.6e-02        0.074     29.105        0.363       0.872
3400         0.347        0.880         69.388  9.6e-02        0.074     29.105        0.363       0.872
3500         0.344        0.880         71.429  9.6e-02        0.074     29.100        0.363       0.872
3600         0.344        0.881         73.469  9.6e-02        0.074     29.099        0.363       0.872
3700         0.341        0.882         75.510  9.5e-02        0.074     29.099        0.363       0.872
3800         0.341        0.881         77.551  9.5e-02        0.074     29.102        0.363       0.872
3900         0.343        0.881         79.592  9.5e-02        0.075     29.097        0.363       0.872
4000         0.338        0.884         81.633  9.5e-02        0.075     32.051        0.356       0.874
4100         0.337        0.884         83.673  9.5e-02        0.075     29.102        0.356       0.874
   t    train_loss    train_acc    train_epoch       lr    data_time    it_time    test_loss    test_acc
----  ------------  -----------  -------------  -------  -----------  ---------  -----------  ----------
4200         0.338        0.883         85.714  9.5e-02        0.074     29.105        0.356       0.874
4300         0.337        0.883         87.755  9.5e-02        0.074     29.118        0.356       0.874
4400         0.339        0.883         89.796  9.5e-02        0.074     29.125        0.356       0.874
4500         0.337        0.884         91.837  9.4e-02        0.075     29.123        0.356       0.874
4600         0.338        0.883         93.878  9.4e-02        0.074     29.119        0.356       0.874
4700         0.334        0.885         95.918  9.4e-02        0.075     29.115        0.356       0.874
4800         0.335        0.885         97.959  9.4e-02        0.075     29.125        0.356       0.874
4900         0.333        0.885        100.000  9.4e-02        0.074     29.078        0.356       0.874
5000         0.334        0.884        102.041  9.4e-02        0.074     32.074        0.353       0.876
5100         0.332        0.885        104.082  9.4e-02        0.074     29.125        0.353       0.876
5200         0.334        0.884        106.122  9.4e-02        0.074     29.123        0.353       0.876
5300         0.331        0.885        108.163  9.3e-02        0.074     29.124        0.353       0.876
5400         0.332        0.885        110.204  9.3e-02        0.073     29.127        0.353       0.876
5500         0.330        0.886        112.245  9.3e-02        0.074     29.128        0.353       0.876
5600         0.332        0.885        114.286  9.3e-02        0.075     29.124        0.353       0.876
5700         0.331        0.886        116.327  9.3e-02        0.074     29.125        0.353       0.876
5800         0.330        0.885        118.367  9.3e-02        0.074     29.127        0.353       0.876
5900         0.330        0.886        120.408  9.3e-02        0.074     29.128        0.353       0.876
6000         0.331        0.886        122.449  9.3e-02        0.076     32.079        0.350       0.876
6100         0.330        0.885        124.490  9.2e-02        0.075     29.121        0.350       0.876
6200         0.329        0.886        126.531  9.2e-02        0.074     29.120        0.350       0.876
6300         0.328        0.886        128.571  9.2e-02        0.074     29.124        0.350       0.876
6400         0.329        0.885        130.612  9.2e-02        0.074     29.123        0.350       0.876
6500         0.327        0.888        132.653  9.2e-02        0.074     29.124        0.350       0.876
6600         0.324        0.888        134.694  9.2e-02        0.074     29.117        0.350       0.876
6700         0.327        0.887        136.735  9.2e-02        0.074     29.122        0.350       0.876
6800         0.328        0.886        138.776  9.2e-02        0.074     29.118        0.350       0.876
6900         0.326        0.887        140.816  9.1e-02        0.074     29.121        0.350       0.876
7000         0.326        0.888        142.857  9.1e-02        0.074     32.070        0.350       0.877
7100         0.327        0.886        144.898  9.1e-02        0.075     29.111        0.350       0.877
7200         0.325        0.888        146.939  9.1e-02        0.076     29.118        0.350       0.877
7300         0.325        0.888        148.980  9.1e-02        0.075     29.114        0.350       0.877
7400         0.325        0.888        151.020  9.1e-02        0.074     29.071        0.350       0.877
7500         0.324        0.888        153.061  9.1e-02        0.074     29.120        0.350       0.877
7600         0.324        0.888        155.102  9.1e-02        0.075     29.109        0.350       0.877
7700         0.325        0.887        157.143  9.0e-02        0.074     29.109        0.350       0.877
7800         0.323        0.889        159.184  9.0e-02        0.076     29.110        0.350       0.877
7900         0.324        0.888        161.224  9.0e-02        0.075     29.106        0.350       0.877
8000         0.321        0.888        163.265  9.0e-02        0.075     32.069        0.347       0.878
8100         0.324        0.887        165.306  9.0e-02        0.074     29.122        0.347       0.878
8200         0.323        0.888        167.347  9.0e-02        0.075     29.120        0.347       0.878
   t    train_loss    train_acc    train_epoch       lr    data_time    it_time    test_loss    test_acc
----  ------------  -----------  -------------  -------  -----------  ---------  -----------  ----------
8300         0.323        0.889        169.388  9.0e-02        0.076     29.125        0.347       0.878
8400         0.321        0.890        171.429  9.0e-02        0.074     29.130        0.347       0.878
8500         0.321        0.888        173.469  8.9e-02        0.074     29.130        0.347       0.878
8600         0.322        0.888        175.510  8.9e-02        0.075     29.126        0.347       0.878
8700         0.320        0.890        177.551  8.9e-02        0.075     29.131        0.347       0.878
8800         0.323        0.888        179.592  8.9e-02        0.074     29.129        0.347       0.878
8900         0.322        0.889        181.633  8.9e-02        0.075     29.128        0.347       0.878
9000         0.323        0.889        183.673  8.9e-02        0.074     32.071        0.347       0.876
9100         0.319        0.890        185.714  8.9e-02        0.074     29.129        0.347       0.876
9200         0.323        0.888        187.755  8.9e-02        0.074     29.128        0.347       0.876
9300         0.320        0.889        189.796  8.8e-02        0.074     29.129        0.347       0.876
9400         0.318        0.890        191.837  8.8e-02        0.075     29.131        0.347       0.876
9500         0.320        0.890        193.878  8.8e-02        0.075     29.123        0.347       0.876
9600         0.321        0.889        195.918  8.8e-02        0.074     29.126        0.347       0.876
9700         0.319        0.890        197.959  8.8e-02        0.075     29.129        0.347       0.876
9800         0.319        0.889        200.000  8.8e-02        0.074     29.082        0.347       0.876
9900         0.318        0.890        202.041  8.8e-02        0.075     29.123        0.347       0.876
10000         0.318        0.889        204.082  8.8e-02        0.075     32.078        0.347       0.878
10100         0.320        0.889        206.122  8.7e-02        0.075     29.118        0.347       0.878
10200         0.318        0.890        208.163  8.7e-02        0.074     29.120        0.347       0.878
10300         0.319        0.890        210.204  8.7e-02        0.075     29.121        0.347       0.878
10400         0.318        0.890        212.245  8.7e-02        0.074     29.122        0.347       0.878
10500         0.318        0.889        214.286  8.7e-02        0.074     29.119        0.347       0.878
10600         0.320        0.888        216.327  8.7e-02        0.075     29.116        0.347       0.878
10700         0.319        0.891        218.367  8.7e-02        0.075     29.116        0.347       0.878
10800         0.318        0.890        220.408  8.7e-02        0.074     29.117        0.347       0.878
10900         0.321        0.888        222.449  8.6e-02        0.074     29.123        0.347       0.878
11000         0.316        0.891        224.490  8.6e-02        0.074     32.074        0.346       0.879
11100         0.319        0.890        226.531  8.6e-02        0.074     29.126        0.346       0.879
11200         0.317        0.891        228.571  8.6e-02        0.074     29.123        0.346       0.879
11300         0.318        0.890        230.612  8.6e-02        0.076     29.123        0.346       0.879
11400         0.316        0.891        232.653  8.6e-02        0.074     29.122        0.346       0.879
11500         0.318        0.890        234.694  8.6e-02        0.075     29.124        0.346       0.879
11600         0.318        0.891        236.735  8.6e-02        0.075     29.128        0.346       0.879
11700         0.318        0.890        238.776  8.5e-02        0.074     29.126        0.346       0.879
11800         0.316        0.891        240.816  8.5e-02        0.076     29.123        0.346       0.879
11900         0.318        0.890        242.857  8.5e-02        0.074     29.126        0.346       0.879
12000         0.315        0.891        244.898  8.5e-02        0.075     32.077        0.345       0.878
12100         0.316        0.890        246.939  8.5e-02        0.076     29.127        0.345       0.878
12200         0.317        0.890        248.980  8.5e-02        0.074     29.118        0.345       0.878
12300         0.317        0.891        251.020  8.5e-02        0.074     29.075        0.345       0.878
    t    train_loss    train_acc    train_epoch       lr    data_time    it_time    test_loss    test_acc
-----  ------------  -----------  -------------  -------  -----------  ---------  -----------  ----------
12400         0.314        0.892        253.061  8.5e-02        0.075     29.122        0.345       0.878
12500         0.318        0.890        255.102  8.4e-02        0.075     29.133        0.345       0.878
12600         0.315        0.890        257.143  8.4e-02        0.074     29.133        0.345       0.878
12700         0.316        0.891        259.184  8.4e-02        0.076     29.128        0.345       0.878
12800         0.316        0.890        261.224  8.4e-02        0.075     29.131        0.345       0.878
12900         0.316        0.891        263.265  8.4e-02        0.075     29.134        0.345       0.878
13000         0.316        0.891        265.306  8.4e-02        0.075     32.086        0.345       0.878
13100         0.315        0.891        267.347  8.4e-02        0.075     29.130        0.345       0.878
13200         0.315        0.891        269.388  8.4e-02        0.075     29.136        0.345       0.878
13300         0.316        0.891        271.429  8.3e-02        0.075     29.132        0.345       0.878
13400         0.316        0.891        273.469  8.3e-02        0.075     29.131        0.345       0.878
13500         0.315        0.892        275.510  8.3e-02        0.075     29.129        0.345       0.878
13600         0.314        0.891        277.551  8.3e-02        0.075     29.136        0.345       0.878
13700         0.316        0.891        279.592  8.3e-02        0.076     29.126        0.345       0.878
13800         0.315        0.891        281.633  8.3e-02        0.075     29.130        0.345       0.878
13900         0.315        0.892        283.673  8.3e-02        0.075     29.129        0.345       0.878
14000         0.316        0.891        285.714  8.3e-02        0.075     32.078        0.346       0.878
14100         0.318        0.891        287.755  8.2e-02        0.076     29.123        0.346       0.878
14200         0.314        0.891        289.796  8.2e-02        0.075     29.122        0.346       0.878
14300         0.314        0.892        291.837  8.2e-02        0.074     29.124        0.346       0.878
14400         0.315        0.891        293.878  8.2e-02        0.074     29.121        0.346       0.878
14500         0.314        0.892        295.918  8.2e-02        0.076     29.128        0.346       0.878
14600         0.315        0.892        297.959  8.2e-02        0.075     29.123        0.346       0.878
14700         0.314        0.891        300.000  8.2e-02        0.074     29.076        0.346       0.878
14800         0.315        0.890        302.041  8.2e-02        0.075     29.124        0.346       0.878
14900         0.316        0.891        304.082  8.1e-02        0.075     29.125        0.346       0.878
15000         0.314        0.892        306.122  8.1e-02        0.074     32.083        0.345       0.878
15100         0.315        0.891        308.163  8.1e-02        0.075     29.128        0.345       0.878
15200         0.314        0.892        310.204  8.1e-02        0.074     29.135        0.345       0.878
15300         0.313        0.893        312.245  8.1e-02        0.075     29.130        0.345       0.878
15400         0.315        0.891        314.286  8.1e-02        0.075     29.133        0.345       0.878
15500         0.316        0.891        316.327  8.1e-02        0.075     29.136        0.345       0.878
15600         0.314        0.892        318.367  8.1e-02        0.075     29.130        0.345       0.878
15700         0.313        0.892        320.408  8.0e-02        0.076     29.127        0.345       0.878
15800         0.314        0.891        322.449  8.0e-02        0.075     29.126        0.345       0.878
15900         0.316        0.891        324.490  8.0e-02        0.074     29.125        0.345       0.878
16000         0.314        0.892        326.531  8.0e-02        0.075     32.073        0.343       0.879
16100         0.314        0.892        328.571  8.0e-02        0.075     29.119        0.343       0.879
16200         0.315        0.891        330.612  8.0e-02        0.075     29.118        0.343       0.879
16300         0.313        0.892        332.653  8.0e-02        0.074     29.127        0.343       0.879
16400         0.315        0.891        334.694  8.0e-02        0.075     29.123        0.343       0.879
    t    train_loss    train_acc    train_epoch       lr    data_time    it_time    test_loss    test_acc
-----  ------------  -----------  -------------  -------  -----------  ---------  -----------  ----------
16500         0.313        0.892        336.735  7.9e-02        0.075     29.122        0.343       0.879
16600         0.314        0.892        338.776  7.9e-02        0.074     29.125        0.343       0.879
16700         0.312        0.892        340.816  7.9e-02        0.076     29.124        0.343       0.879
16800         0.316        0.891        342.857  7.9e-02        0.075     29.125        0.343       0.879
16900         0.314        0.891        344.898  7.9e-02        0.075     29.124        0.343       0.879
17000         0.311        0.893        346.939  7.9e-02        0.077     32.080        0.342       0.877
17100         0.314        0.891        348.980  7.9e-02        0.075     29.126        0.342       0.877
17200         0.313        0.892        351.020  7.9e-02        0.075     29.085        0.342       0.877
17300         0.314        0.892        353.061  7.8e-02        0.074     29.131        0.342       0.877
17400         0.313        0.891        355.102  7.8e-02        0.075     29.128        0.342       0.877
17500         0.314        0.892        357.143  7.8e-02        0.075     29.127        0.342       0.877
17600         0.313        0.892        359.184  7.8e-02        0.074     29.127        0.342       0.877
17700         0.313        0.892        361.224  7.8e-02        0.075     29.131        0.342       0.877
17800         0.312        0.893        363.265  7.8e-02        0.075     29.130        0.342       0.877
17900         0.315        0.890        365.306  7.8e-02        0.075     29.132        0.342       0.877
18000         0.312        0.892        367.347  7.8e-02        0.075     32.083        0.344       0.878
18100         0.314        0.891        369.388  7.7e-02        0.075     29.129        0.344       0.878
18200         0.315        0.891        371.429  7.7e-02        0.074     29.133        0.344       0.878
18300         0.311        0.892        373.469  7.7e-02        0.076     29.138        0.344       0.878
18400         0.314        0.891        375.510  7.7e-02        0.074     29.136        0.344       0.878
18500         0.313        0.891        377.551  7.7e-02        0.075     29.132        0.344       0.878
18600         0.315        0.890        379.592  7.7e-02        0.075     29.132        0.344       0.878
18700         0.312        0.892        381.633  7.7e-02        0.074     29.132        0.344       0.878
18800         0.312        0.893        383.673  7.7e-02        0.075     29.131        0.344       0.878
18900         0.312        0.893        385.714  7.6e-02        0.075     29.133        0.344       0.878
19000         0.314        0.891        387.755  7.6e-02        0.076     32.083        0.342       0.879
19100         0.313        0.892        389.796  7.6e-02        0.075     29.136        0.342       0.879
19200         0.313        0.891        391.837  7.6e-02        0.076     29.133        0.342       0.879
19300         0.312        0.893        393.878  7.6e-02        0.075     29.131        0.342       0.879
19400         0.313        0.892        395.918  7.6e-02        0.076     29.134        0.342       0.879
19500         0.312        0.892        397.959  7.6e-02        0.077     29.132        0.342       0.879
19600         0.313        0.891        400.000  7.6e-02        0.075     29.079        0.342       0.879
19700         0.312        0.892        402.041  7.5e-02        0.075     29.130        0.342       0.879
19800         0.313        0.893        404.082  7.5e-02        0.075     29.123        0.342       0.879
19900         0.312        0.892        406.122  7.5e-02        0.074     29.123        0.342       0.879
20000         0.314        0.892        408.163  7.5e-02        0.075     32.073        0.343       0.879
20100         0.311        0.893        410.204  7.5e-02        0.075     29.118        0.343       0.879
20200         0.311        0.893        412.245  7.5e-02        0.075     29.117        0.343       0.879
20300         0.312        0.892        414.286  7.5e-02        0.075     29.135        0.343       0.879
20400         0.313        0.892        416.327  7.5e-02        0.075     29.127        0.343       0.879
20500         0.311        0.893        418.367  7.4e-02        0.075     29.120        0.343       0.879
    t    train_loss    train_acc    train_epoch       lr    data_time    it_time    test_loss    test_acc
-----  ------------  -----------  -------------  -------  -----------  ---------  -----------  ----------
20600         0.311        0.893        420.408  7.4e-02        0.074     29.125        0.343       0.879
20700         0.312        0.891        422.449  7.4e-02        0.075     29.129        0.343       0.879
20800         0.313        0.893        424.490  7.4e-02        0.074     29.127        0.343       0.879
20900         0.311        0.892        426.531  7.4e-02        0.075     29.130        0.343       0.879
21000         0.312        0.893        428.571  7.4e-02        0.075     32.082        0.343       0.879
21100         0.312        0.892        430.612  7.4e-02        0.075     29.133        0.343       0.879
21200         0.311        0.893        432.653  7.4e-02        0.075     29.128        0.343       0.879
21300         0.313        0.891        434.694  7.3e-02        0.075     29.134        0.343       0.879
21400         0.311        0.893        436.735  7.3e-02        0.075     29.129        0.343       0.879
21500         0.312        0.892        438.776  7.3e-02        0.075     29.133        0.343       0.879
21600         0.311        0.893        440.816  7.3e-02        0.075     29.130        0.343       0.879
21700         0.310        0.893        442.857  7.3e-02        0.075     29.139        0.343       0.879
21800         0.312        0.892        444.898  7.3e-02        0.074     29.134        0.343       0.879
21900         0.311        0.893        446.939  7.3e-02        0.076     29.130        0.343       0.879
22000         0.313        0.892        448.980  7.3e-02        0.075     32.087        0.343       0.879
22100         0.312        0.893        451.020  7.2e-02        0.076     29.084        0.343       0.879
22200         0.312        0.892        453.061  7.2e-02        0.075     29.127        0.343       0.879
22300         0.311        0.892        455.102  7.2e-02        0.075     29.131        0.343       0.879
22400         0.310        0.893        457.143  7.2e-02        0.075     29.142        0.343       0.879
22500         0.312        0.891        459.184  7.2e-02        0.075     29.134        0.343       0.879
22600         0.310        0.893        461.224  7.2e-02        0.075     29.136        0.343       0.879
22700         0.312        0.892        463.265  7.2e-02        0.075     29.130        0.343       0.879
22800         0.312        0.892        465.306  7.2e-02        0.076     29.132        0.343       0.879
22900         0.310        0.893        467.347  7.1e-02        0.076     29.129        0.343       0.879
23000         0.312        0.892        469.388  7.1e-02        0.075     32.075        0.343       0.879
23100         0.312        0.891        471.429  7.1e-02        0.074     29.120        0.343       0.879
23200         0.310        0.893        473.469  7.1e-02        0.075     29.125        0.343       0.879
23300         0.312        0.893        475.510  7.1e-02        0.075     29.128        0.343       0.879
23400         0.311        0.892        477.551  7.1e-02        0.075     29.124        0.343       0.879
23500         0.310        0.892        479.592  7.1e-02        0.074     29.120        0.343       0.879
23600         0.312        0.893        481.633  7.1e-02        0.076     29.121        0.343       0.879
23700         0.312        0.893        483.673  7.0e-02        0.075     29.121        0.343       0.879
23800         0.310        0.893        485.714  7.0e-02        0.075     29.120        0.343       0.879
23900         0.314        0.891        487.755  7.0e-02        0.075     29.126        0.343       0.879
24000         0.311        0.894        489.796  7.0e-02        0.075     32.075        0.345       0.879
24100         0.310        0.892        491.837  7.0e-02        0.076     29.119        0.345       0.879
24200         0.312        0.893        493.878  7.0e-02        0.075     29.131        0.345       0.879
24300         0.311        0.893        495.918  7.0e-02        0.074     29.129        0.345       0.879
24400         0.312        0.893        497.959  7.0e-02        0.076     29.134        0.345       0.879
24500         0.311        0.893        500.000  6.9e-02        0.076     29.083        0.345       0.879
24600         0.311        0.893        502.041  6.9e-02        0.076     29.132        0.345       0.879
    t    train_loss    train_acc    train_epoch       lr    data_time    it_time    test_loss    test_acc
-----  ------------  -----------  -------------  -------  -----------  ---------  -----------  ----------
24700         0.311        0.893        504.082  6.9e-02        0.076     29.121        0.345       0.879
24800         0.310        0.892        506.122  6.9e-02        0.076     29.131        0.345       0.879
24900         0.311        0.892        508.163  6.9e-02        0.075     29.133        0.345       0.879
25000         0.312        0.892        510.204  6.9e-02        0.076     32.085        0.343       0.880
25100         0.310        0.893        512.245  6.9e-02        0.074     29.133        0.343       0.880
25200         0.313        0.892        514.286  6.9e-02        0.075     29.128        0.343       0.880
25300         0.311        0.892        516.327  6.8e-02        0.076     29.129        0.343       0.880
25400         0.313        0.892        518.367  6.8e-02        0.075     29.137        0.343       0.880
25500         0.310        0.894        520.408  6.8e-02        0.075     29.135        0.343       0.880
25600         0.312        0.892        522.449  6.8e-02        0.075     29.132        0.343       0.880
25700         0.309        0.894        524.490  6.8e-02        0.075     29.128        0.343       0.880
25800         0.313        0.892        526.531  6.8e-02        0.075     29.132        0.343       0.880
25900         0.311        0.893        528.571  6.8e-02        0.075     29.134        0.343       0.880
26000         0.309        0.894        530.612  6.8e-02        0.075     32.092        0.343       0.879
26100         0.312        0.893        532.653  6.7e-02        0.074     29.131        0.343       0.879
26200         0.312        0.892        534.694  6.7e-02        0.075     29.134        0.343       0.879
26300         0.312        0.892        536.735  6.7e-02        0.075     29.133        0.343       0.879
26400         0.311        0.893        538.776  6.7e-02        0.075     29.133        0.343       0.879
26500         0.312        0.893        540.816  6.7e-02        0.075     29.131        0.343       0.879
26600         0.309        0.894        542.857  6.7e-02        0.075     29.133        0.343       0.879
26700         0.312        0.892        544.898  6.7e-02        0.076     29.129        0.343       0.879
26800         0.311        0.893        546.939  6.7e-02        0.077     29.134        0.343       0.879
26900         0.313        0.891        548.980  6.6e-02        0.076     29.129        0.343       0.879
27000         0.310        0.893        551.020  6.6e-02        0.074     32.033        0.342       0.880
27100         0.312        0.892        553.061  6.6e-02        0.076     29.126        0.342       0.880
27200         0.312        0.892        555.102  6.6e-02        0.074     29.132        0.342       0.880
27300         0.311        0.893        557.143  6.6e-02        0.075     29.121        0.342       0.880
27400         0.310        0.893        559.184  6.6e-02        0.075     29.132        0.342       0.880
27500         0.310        0.893        561.224  6.6e-02        0.075     29.133        0.342       0.880
27600         0.312        0.893        563.265  6.6e-02        0.075     29.131        0.342       0.880
27700         0.308        0.894        565.306  6.5e-02        0.075     29.125        0.342       0.880
27800         0.311        0.892        567.347  6.5e-02        0.075     29.129        0.342       0.880
27900         0.311        0.893        569.388  6.5e-02        0.075     29.129        0.342       0.880
28000         0.311        0.893        571.429  6.5e-02        0.074     32.089        0.342       0.879
28100         0.312        0.892        573.469  6.5e-02        0.075     29.124        0.342       0.879
28200         0.311        0.893        575.510  6.5e-02        0.076     29.126        0.342       0.879
28300         0.310        0.893        577.551  6.5e-02        0.076     29.129        0.342       0.879
28400         0.311        0.893        579.592  6.5e-02        0.075     29.126        0.342       0.879
28500         0.310        0.893        581.633  6.4e-02        0.075     29.129        0.342       0.879
28600         0.311        0.893        583.673  6.4e-02        0.075     29.125        0.342       0.879
28700         0.310        0.893        585.714  6.4e-02        0.075     29.120        0.342       0.879
    t    train_loss    train_acc    train_epoch       lr    data_time    it_time    test_loss    test_acc
-----  ------------  -----------  -------------  -------  -----------  ---------  -----------  ----------
28800         0.310        0.893        587.755  6.4e-02        0.075     29.122        0.342       0.879
28900         0.310        0.893        589.796  6.4e-02        0.076     29.124        0.342       0.879
29000         0.311        0.893        591.837  6.4e-02        0.075     32.075        0.342       0.879
29100         0.309        0.892        593.878  6.4e-02        0.075     29.121        0.342       0.879
29200         0.310        0.893        595.918  6.4e-02        0.075     29.131        0.342       0.879
29300         0.310        0.893        597.959  6.3e-02        0.076     29.129        0.342       0.879
29400         0.310        0.893        600.000  6.3e-02        0.075     29.081        0.342       0.879
29500         0.312        0.891        602.041  6.3e-02        0.076     29.127        0.342       0.879
29600         0.312        0.892        604.082  6.3e-02        0.074     29.129        0.342       0.879
29700         0.311        0.893        606.122  6.3e-02        0.075     29.128        0.342       0.879
29800         0.312        0.892        608.163  6.3e-02        0.075     29.129        0.342       0.879
29900         0.310        0.893        610.204  6.3e-02        0.076     29.127        0.342       0.879
30000         0.311        0.893        612.245  6.3e-02        0.074     32.087        0.342       0.879
30100         0.309        0.893        614.286  6.2e-02        0.075     29.118        0.342       0.879
30200         0.310        0.893        616.327  6.2e-02        0.075     29.124        0.342       0.879
30300         0.313        0.891        618.367  6.2e-02        0.074     29.123        0.342       0.879
30400         0.312        0.893        620.408  6.2e-02        0.075     29.125        0.342       0.879
30500         0.309        0.892        622.449  6.2e-02        0.075     29.126        0.342       0.879
30600         0.310        0.893        624.490  6.2e-02        0.076     29.122        0.342       0.879
30700         0.311        0.892        626.531  6.2e-02        0.075     29.120        0.342       0.879
30800         0.312        0.892        628.571  6.2e-02        0.075     29.127        0.342       0.879
30900         0.310        0.893        630.612  6.1e-02        0.074     29.130        0.342       0.879
31000         0.312        0.893        632.653  6.1e-02        0.075     32.083        0.342       0.879
31100         0.309        0.894        634.694  6.1e-02        0.075     29.128        0.342       0.879
31200         0.310        0.893        636.735  6.1e-02        0.075     29.140        0.342       0.879
31300         0.310        0.893        638.776  6.1e-02        0.075     29.140        0.342       0.879
31400         0.310        0.893        640.816  6.1e-02        0.076     29.128        0.342       0.879
31500         0.310        0.893        642.857  6.1e-02        0.075     29.128        0.342       0.879
31600         0.311        0.892        644.898  6.1e-02        0.076     29.129        0.342       0.879
31700         0.310        0.893        646.939  6.0e-02        0.076     29.132        0.342       0.879
31800         0.310        0.894        648.980  6.0e-02        0.075     29.130        0.342       0.879
31900         0.312        0.893        651.020  6.0e-02        0.076     29.080        0.342       0.879
32000         0.312        0.893        653.061  6.0e-02        0.076     32.082        0.342       0.879
32100         0.311        0.893        655.102  6.0e-02        0.075     29.127        0.342       0.879
32200         0.309        0.893        657.143  6.0e-02        0.075     29.131        0.342       0.879
32300         0.310        0.894        659.184  6.0e-02        0.075     29.131        0.342       0.879
32400         0.310        0.893        661.224  6.0e-02        0.075     29.126        0.342       0.879
32500         0.309        0.893        663.265  5.9e-02        0.076     29.126        0.342       0.879
32600         0.312        0.893        665.306  5.9e-02        0.075     29.128        0.342       0.879
32700         0.311        0.893        667.347  5.9e-02        0.077     29.124        0.342       0.879
32800         0.310        0.892        669.388  5.9e-02        0.075     29.128        0.342       0.879
    t    train_loss    train_acc    train_epoch       lr    data_time    it_time    test_loss    test_acc
-----  ------------  -----------  -------------  -------  -----------  ---------  -----------  ----------
32900         0.314        0.891        671.429  5.9e-02        0.075     29.124        0.342       0.879
33000         0.311        0.892        673.469  5.9e-02        0.074     32.085        0.342       0.879
33100         0.311        0.893        675.510  5.9e-02        0.075     29.127        0.342       0.879
33200         0.310        0.894        677.551  5.9e-02        0.075     29.130        0.342       0.879
33300         0.311        0.893        679.592  5.8e-02        0.076     29.128        0.342       0.879
33400         0.311        0.893        681.633  5.8e-02        0.075     29.129        0.342       0.879
33500         0.311        0.892        683.673  5.8e-02        0.076     29.129        0.342       0.879
33600         0.310        0.893        685.714  5.8e-02        0.075     29.134        0.342       0.879
33700         0.311        0.893        687.755  5.8e-02        0.075     29.130        0.342       0.879
33800         0.309        0.893        689.796  5.8e-02        0.075     29.132        0.342       0.879
33900         0.310        0.894        691.837  5.8e-02        0.075     29.125        0.342       0.879
34000         0.311        0.892        693.878  5.8e-02        0.075     32.081        0.343       0.878
34100         0.311        0.892        695.918  5.7e-02        0.076     29.127        0.343       0.878
34200         0.311        0.892        697.959  5.7e-02        0.078     29.133        0.343       0.878
34300         0.311        0.893        700.000  5.7e-02        0.074     29.084        0.343       0.878
34400         0.312        0.892        702.041  5.7e-02        0.075     29.133        0.343       0.878
34500         0.311        0.892        704.082  5.7e-02        0.074     29.134        0.343       0.878
34600         0.310        0.893        706.122  5.7e-02        0.076     29.137        0.343       0.878
34700         0.310        0.893        708.163  5.7e-02        0.074     29.130        0.343       0.878
34800         0.309        0.894        710.204  5.7e-02        0.076     29.129        0.343       0.878
34900         0.311        0.893        712.245  5.6e-02        0.075     29.130        0.343       0.878
35000         0.311        0.892        714.286  5.6e-02        0.076     32.077        0.341       0.879
35100         0.310        0.893        716.327  5.6e-02        0.075     29.124        0.341       0.879
35200         0.310        0.892        718.367  5.6e-02        0.075     29.133        0.341       0.879
35300         0.311        0.893        720.408  5.6e-02        0.074     29.126        0.341       0.879
35400         0.310        0.893        722.449  5.6e-02        0.076     29.128        0.341       0.879
35500         0.310        0.893        724.490  5.6e-02        0.075     29.126        0.341       0.879
35600         0.310        0.892        726.531  5.6e-02        0.076     29.128        0.341       0.879
35700         0.311        0.893        728.571  5.5e-02        0.075     29.131        0.341       0.879
35800         0.309        0.892        730.612  5.5e-02        0.075     29.128        0.341       0.879
35900         0.310        0.893        732.653  5.5e-02        0.074     29.128        0.341       0.879
36000         0.310        0.893        734.694  5.5e-02        0.075     32.078        0.342       0.880
36100         0.312        0.894        736.735  5.5e-02        0.077     29.123        0.342       0.880
36200         0.307        0.894        738.776  5.5e-02        0.075     29.121        0.342       0.880
36300         0.310        0.893        740.816  5.5e-02        0.074     29.118        0.342       0.880
36400         0.310        0.894        742.857  5.5e-02        0.077     29.118        0.342       0.880
36500         0.312        0.892        744.898  5.4e-02        0.075     29.110        0.342       0.880
36600         0.311        0.893        746.939  5.4e-02        0.077     29.125        0.342       0.880
36700         0.312        0.892        748.980  5.4e-02        0.077     29.117        0.342       0.880
36800         0.311        0.893        751.020  5.4e-02        0.075     29.066        0.342       0.880
36900         0.311        0.892        753.061  5.4e-02        0.076     29.116        0.342       0.880
    t    train_loss    train_acc    train_epoch       lr    data_time    it_time    test_loss    test_acc
-----  ------------  -----------  -------------  -------  -----------  ---------  -----------  ----------
37000         0.311        0.892        755.102  5.4e-02        0.076     32.075        0.341       0.880
37100         0.312        0.892        757.143  5.4e-02        0.076     29.133        0.341       0.880
37200         0.310        0.893        759.184  5.4e-02        0.076     29.128        0.341       0.880
37300         0.309        0.893        761.224  5.3e-02        0.075     29.125        0.341       0.880
37400         0.313        0.892        763.265  5.3e-02        0.074     29.126        0.341       0.880
37500         0.310        0.893        765.306  5.3e-02        0.076     29.121        0.341       0.880
37600         0.309        0.894        767.347  5.3e-02        0.076     29.125        0.341       0.880
37700         0.311        0.893        769.388  5.3e-02        0.076     29.130        0.341       0.880
37800         0.309        0.893        771.429  5.3e-02        0.076     29.127        0.341       0.880
37900         0.310        0.893        773.469  5.3e-02        0.078     29.125        0.341       0.880
38000         0.310        0.893        775.510  5.3e-02        0.076     32.075        0.343       0.881
38100         0.310        0.894        777.551  5.2e-02        0.076     29.131        0.343       0.881
38200         0.311        0.893        779.592  5.2e-02        0.075     29.130        0.343       0.881
38300         0.309        0.893        781.633  5.2e-02        0.075     29.126        0.343       0.881
38400         0.311        0.892        783.673  5.2e-02        0.075     29.124        0.343       0.881
38500         0.308        0.893        785.714  5.2e-02        0.075     29.126        0.343       0.881
38600         0.311        0.894        787.755  5.2e-02        0.075     29.132        0.343       0.881
38700         0.310        0.893        789.796  5.2e-02        0.075     29.133        0.343       0.881
38800         0.309        0.893        791.837  5.2e-02        0.076     29.125        0.343       0.881
38900         0.310        0.894        793.878  5.1e-02        0.074     29.119        0.343       0.881
39000         0.310        0.894        795.918  5.1e-02        0.076     32.074        0.343       0.879
39100         0.310        0.893        797.959  5.1e-02        0.076     29.121        0.343       0.879
39200         0.311        0.892        800.000  5.1e-02        0.076     29.072        0.343       0.879
39300         0.311        0.893        802.041  5.1e-02        0.076     29.128        0.343       0.879
39400         0.311        0.893        804.082  5.1e-02        0.075     29.121        0.343       0.879
39500         0.309        0.893        806.122  5.1e-02        0.075     29.125        0.343       0.879
39600         0.310        0.893        808.163  5.1e-02        0.075     29.125        0.343       0.879
39700         0.312        0.892        810.204  5.0e-02        0.074     29.125        0.343       0.879
39800         0.309        0.893        812.245  5.0e-02        0.075     29.120        0.343       0.879
39900         0.311        0.892        814.286  5.0e-02        0.075     29.122        0.343       0.879
40000         0.311        0.892        816.327  5.0e-02        0.075     32.071        0.343       0.880
40100         0.309        0.893        818.367  5.0e-02        0.076     29.121        0.343       0.880
40200         0.312        0.892        820.408  5.0e-02        0.075     29.117        0.343       0.880
40300         0.308        0.893        822.449  5.0e-02        0.075     29.121        0.343       0.880
40400         0.309        0.894        824.490  5.0e-02        0.075     29.116        0.343       0.880
40500         0.311        0.892        826.531  4.9e-02        0.075     29.114        0.343       0.880
40600         0.310        0.893        828.571  4.9e-02        0.075     29.115        0.343       0.880
40700         0.312        0.894        830.612  4.9e-02        0.075     29.125        0.343       0.880
40800         0.309        0.893        832.653  4.9e-02        0.075     29.117        0.343       0.880
40900         0.312        0.892        834.694  4.9e-02        0.076     29.121        0.343       0.880
41000         0.310        0.893        836.735  4.9e-02        0.075     32.081        0.342       0.880
    t    train_loss    train_acc    train_epoch       lr    data_time    it_time    test_loss    test_acc
-----  ------------  -----------  -------------  -------  -----------  ---------  -----------  ----------
41100         0.310        0.892        838.776  4.9e-02        0.075     29.117        0.342       0.880
41200         0.310        0.893        840.816  4.9e-02        0.075     29.128        0.342       0.880
41300         0.311        0.893        842.857  4.8e-02        0.076     29.123        0.342       0.880
41400         0.309        0.894        844.898  4.8e-02        0.075     29.125        0.342       0.880
41500         0.311        0.892        846.939  4.8e-02        0.077     29.125        0.342       0.880
41600         0.309        0.894        848.980  4.8e-02        0.075     29.131        0.342       0.880
41700         0.310        0.893        851.020  4.8e-02        0.075     29.074        0.342       0.880
41800         0.310        0.893        853.061  4.8e-02        0.076     29.128        0.342       0.880
41900         0.311        0.893        855.102  4.8e-02        0.075     29.125        0.342       0.880
42000         0.311        0.893        857.143  4.8e-02        0.076     32.083        0.342       0.879
42100         0.310        0.892        859.184  4.7e-02        0.075     29.126        0.342       0.879
42200         0.309        0.893        861.224  4.7e-02        0.075     29.129        0.342       0.879
42300         0.311        0.892        863.265  4.7e-02        0.075     29.128        0.342       0.879
42400         0.309        0.894        865.306  4.7e-02        0.076     29.124        0.342       0.879
42500         0.311        0.892        867.347  4.7e-02        0.075     29.122        0.342       0.879
42600         0.310        0.893        869.388  4.7e-02        0.075     29.128        0.342       0.879
42700         0.312        0.893        871.429  4.7e-02        0.075     29.122        0.342       0.879
42800         0.309        0.893        873.469  4.7e-02        0.075     29.129        0.342       0.879
42900         0.310        0.892        875.510  4.6e-02        0.075     29.129        0.342       0.879
43000         0.312        0.892        877.551  4.6e-02        0.075     32.084        0.342       0.879
43100         0.310        0.893        879.592  4.6e-02        0.075     29.127        0.342       0.879
43200         0.310        0.893        881.633  4.6e-02        0.076     29.122        0.342       0.879
43300         0.308        0.894        883.673  4.6e-02        0.075     29.127        0.342       0.879
43400         0.311        0.893        885.714  4.6e-02        0.075     29.123        0.342       0.879
43500         0.310        0.893        887.755  4.6e-02        0.075     29.125        0.342       0.879
43600         0.312        0.893        889.796  4.6e-02        0.075     29.123        0.342       0.879
43700         0.309        0.893        891.837  4.5e-02        0.075     29.124        0.342       0.879
43800         0.312        0.892        893.878  4.5e-02        0.075     29.126        0.342       0.879
43900         0.310        0.892        895.918  4.5e-02        0.075     29.126        0.342       0.879
44000         0.309        0.892        897.959  4.5e-02        0.076     32.078        0.342       0.878
44100         0.308        0.894        900.000  4.5e-02        0.075     29.071        0.342       0.878
44200         0.310        0.893        902.041  4.5e-02        0.075     29.125        0.342       0.878
44300         0.312        0.893        904.082  4.5e-02        0.076     29.124        0.342       0.878
44400         0.309        0.893        906.122  4.5e-02        0.076     29.122        0.342       0.878
44500         0.312        0.892        908.163  4.4e-02        0.076     29.122        0.342       0.878
44600         0.309        0.893        910.204  4.4e-02        0.076     29.124        0.342       0.878
44700         0.311        0.892        912.245  4.4e-02        0.075     29.116        0.342       0.878
44800         0.310        0.893        914.286  4.4e-02        0.074     29.125        0.342       0.878
44900         0.310        0.892        916.327  4.4e-02        0.075     29.120        0.342       0.878
45000         0.308        0.893        918.367  4.4e-02        0.076     32.072        0.342       0.879
45100         0.311        0.892        920.408  4.4e-02        0.075     29.118        0.342       0.879
    t    train_loss    train_acc    train_epoch       lr    data_time    it_time    test_loss    test_acc
-----  ------------  -----------  -------------  -------  -----------  ---------  -----------  ----------
45200         0.312        0.892        922.449  4.4e-02        0.075     29.122        0.342       0.879
45300         0.310        0.893        924.490  4.3e-02        0.074     29.124        0.342       0.879
45400         0.310        0.892        926.531  4.3e-02        0.076     29.126        0.342       0.879
45500         0.309        0.894        928.571  4.3e-02        0.075     29.122        0.342       0.879
45600         0.312        0.891        930.612  4.3e-02        0.076     29.128        0.342       0.879
45700         0.309        0.894        932.653  4.3e-02        0.076     29.123        0.342       0.879
45800         0.310        0.893        934.694  4.3e-02        0.075     29.126        0.342       0.879
45900         0.310        0.893        936.735  4.3e-02        0.076     29.122        0.342       0.879
46000         0.309        0.894        938.776  4.3e-02        0.077     32.076        0.342       0.880
46100         0.310        0.893        940.816  4.2e-02        0.077     29.131        0.342       0.880
46200         0.311        0.893        942.857  4.2e-02        0.076     29.127        0.342       0.880
46300         0.310        0.893        944.898  4.2e-02        0.078     29.129        0.342       0.880
46400         0.311        0.893        946.939  4.2e-02        0.079     29.125        0.342       0.880
46500         0.310        0.893        948.980  4.2e-02        0.076     29.126        0.342       0.880
46600         0.310        0.893        951.020  4.2e-02        0.076     29.080        0.342       0.880
46700         0.312        0.892        953.061  4.2e-02        0.076     29.124        0.342       0.880
46800         0.311        0.892        955.102  4.2e-02        0.076     29.134        0.342       0.880
46900         0.310        0.893        957.143  4.1e-02        0.077     29.128        0.342       0.880
47000         0.310        0.892        959.184  4.1e-02        0.077     32.075        0.342       0.879
47100         0.310        0.893        961.224  4.1e-02        0.077     29.126        0.342       0.879
47200         0.311        0.893        963.265  4.1e-02        0.077     29.125        0.342       0.879
47300         0.310        0.893        965.306  4.1e-02        0.077     29.127        0.342       0.879
47400         0.308        0.894        967.347  4.1e-02        0.076     29.126        0.342       0.879
47500         0.310        0.893        969.388  4.1e-02        0.076     29.124        0.342       0.879
47600         0.311        0.893        971.429  4.1e-02        0.075     29.128        0.342       0.879
47700         0.310        0.893        973.469  4.0e-02        0.075     29.129        0.342       0.879
47800         0.309        0.893        975.510  4.0e-02        0.075     29.124        0.342       0.879
47900         0.310        0.893        977.551  4.0e-02        0.076     29.123        0.342       0.879
48000         0.309        0.893        979.592  4.0e-02        0.075     32.085        0.343       0.878
48100         0.309        0.893        981.633  4.0e-02        0.075     29.122        0.343       0.878
48200         0.310        0.894        983.673  4.0e-02        0.076     29.128        0.343       0.878
48300         0.310        0.893        985.714  4.0e-02        0.077     29.127        0.343       0.878
48400         0.310        0.893        987.755  4.0e-02        0.077     29.129        0.343       0.878
48500         0.310        0.894        989.796  3.9e-02        0.076     29.132        0.343       0.878
48600         0.310        0.893        991.837  3.9e-02        0.075     29.127        0.343       0.878
48700         0.309        0.894        993.878  3.9e-02        0.075     29.126        0.343       0.878
48800         0.311        0.892        995.918  3.9e-02        0.076     29.125        0.343       0.878
48900         0.310        0.892        997.959  3.9e-02        0.077     29.119        0.343       0.878
49000         0.310        0.894       1000.000  3.9e-02        0.075     32.022        0.342       0.878
49100         0.310        0.893       1002.041  3.9e-02        0.076     29.125        0.342       0.878
49200         0.309        0.894       1004.082  3.9e-02        0.075     29.124        0.342       0.878
    t    train_loss    train_acc    train_epoch       lr    data_time    it_time    test_loss    test_acc
-----  ------------  -----------  -------------  -------  -----------  ---------  -----------  ----------
49300         0.310        0.894       1006.122  3.8e-02        0.076     29.126        0.342       0.878
49400         0.310        0.893       1008.163  3.8e-02        0.075     29.128        0.342       0.878
49500         0.310        0.893       1010.204  3.8e-02        0.075     29.133        0.342       0.878
49600         0.308        0.894       1012.245  3.8e-02        0.075     29.129        0.342       0.878
49700         0.310        0.893       1014.286  3.8e-02        0.075     29.130        0.342       0.878
49800         0.309        0.894       1016.327  3.8e-02        0.076     29.132        0.342       0.878
49900         0.311        0.893       1018.367  3.8e-02        0.076     29.130        0.342       0.878
50000         0.309        0.893       1020.408  3.8e-02        0.076     32.112        0.341       0.880
50100         0.312        0.892       1022.449  3.7e-02        0.077     29.125        0.341       0.880
50200         0.309        0.893       1024.490  3.7e-02        0.075     29.128        0.341       0.880
50300         0.311        0.893       1026.531  3.7e-02        0.076     29.126        0.341       0.880
50400         0.310        0.893       1028.571  3.7e-02        0.076     29.129        0.341       0.880
50500         0.310        0.893       1030.612  3.7e-02        0.075     29.127        0.341       0.880
50600         0.310        0.892       1032.653  3.7e-02        0.076     29.130        0.341       0.880
50700         0.310        0.893       1034.694  3.7e-02        0.076     29.126        0.341       0.880
50800         0.310        0.892       1036.735  3.7e-02        0.076     29.122        0.341       0.880
50900         0.308        0.893       1038.776  3.6e-02        0.076     29.126        0.341       0.880
51000         0.310        0.893       1040.816  3.6e-02        0.075     32.077        0.342       0.878
51100         0.310        0.893       1042.857  3.6e-02        0.075     29.125        0.342       0.878
51200         0.310        0.893       1044.898  3.6e-02        0.075     29.126        0.342       0.878
51300         0.309        0.893       1046.939  3.6e-02        0.077     29.131        0.342       0.878
51400         0.311        0.892       1048.980  3.6e-02        0.076     29.123        0.342       0.878
51500         0.311        0.893       1051.020  3.6e-02        0.076     29.077        0.342       0.878
51600         0.309        0.894       1053.061  3.6e-02        0.075     29.125        0.342       0.878
51700         0.309        0.893       1055.102  3.5e-02        0.076     29.126        0.342       0.878
51800         0.310        0.893       1057.143  3.5e-02        0.077     29.131        0.342       0.878
51900         0.310        0.893       1059.184  3.5e-02        0.075     29.127        0.342       0.878
52000         0.308        0.894       1061.224  3.5e-02        0.076     32.083        0.342       0.878
52100         0.310        0.892       1063.265  3.5e-02        0.076     29.127        0.342       0.878
52200         0.309        0.894       1065.306  3.5e-02        0.075     29.133        0.342       0.878
52300         0.308        0.893       1067.347  3.5e-02        0.075     29.135        0.342       0.878
52400         0.310        0.893       1069.388  3.5e-02        0.075     29.131        0.342       0.878
52500         0.309        0.893       1071.429  3.4e-02        0.075     29.140        0.342       0.878
52600         0.310        0.893       1073.469  3.4e-02        0.075     29.135        0.342       0.878
52700         0.308        0.894       1075.510  3.4e-02        0.076     29.135        0.342       0.878
52800         0.309        0.894       1077.551  3.4e-02        0.075     29.139        0.342       0.878
52900         0.309        0.894       1079.592  3.4e-02        0.075     29.139        0.342       0.878
53000         0.310        0.894       1081.633  3.4e-02        0.075     32.084        0.341       0.879
53100         0.310        0.894       1083.673  3.4e-02        0.077     29.134        0.341       0.879
53200         0.309        0.893       1085.714  3.4e-02        0.075     29.138        0.341       0.879
53300         0.312        0.893       1087.755  3.3e-02        0.077     29.133        0.341       0.879
    t    train_loss    train_acc    train_epoch       lr    data_time    it_time    test_loss    test_acc
-----  ------------  -----------  -------------  -------  -----------  ---------  -----------  ----------
53400         0.310        0.893       1089.796  3.3e-02        0.076     29.139        0.341       0.879
53500         0.310        0.893       1091.837  3.3e-02        0.076     29.141        0.341       0.879
53600         0.311        0.893       1093.878  3.3e-02        0.075     29.140        0.341       0.879
53700         0.309        0.894       1095.918  3.3e-02        0.075     29.139        0.341       0.879
53800         0.309        0.892       1097.959  3.3e-02        0.076     29.145        0.341       0.879
53900         0.309        0.893       1100.000  3.3e-02        0.075     29.091        0.341       0.879
54000         0.308        0.894       1102.041  3.3e-02        0.076     32.119        0.343       0.879
54100         0.311        0.893       1104.082  3.2e-02        0.076     29.129        0.343       0.879
54200         0.308        0.893       1106.122  3.2e-02        0.075     29.133        0.343       0.879
54300         0.308        0.893       1108.163  3.2e-02        0.075     29.130        0.343       0.879
54400         0.311        0.893       1110.204  3.2e-02        0.076     29.133        0.343       0.879
54500         0.311        0.893       1112.245  3.2e-02        0.075     29.131        0.343       0.879
54600         0.310        0.893       1114.286  3.2e-02        0.076     29.130        0.343       0.879
54700         0.308        0.895       1116.327  3.2e-02        0.075     29.136        0.343       0.879
54800         0.310        0.894       1118.367  3.2e-02        0.076     29.134        0.343       0.879
54900         0.307        0.894       1120.408  3.1e-02        0.075     29.137        0.343       0.879
55000         0.310        0.893       1122.449  3.1e-02        0.075     32.122        0.342       0.879
55100         0.311        0.892       1124.490  3.1e-02        0.075     29.127        0.342       0.879
55200         0.306        0.894       1126.531  3.1e-02        0.076     29.133        0.342       0.879
55300         0.310        0.892       1128.571  3.1e-02        0.074     29.155        0.342       0.879
55400         0.308        0.894       1130.612  3.1e-02        0.075     29.132        0.342       0.879
55500         0.310        0.893       1132.653  3.1e-02        0.076     29.131        0.342       0.879
55600         0.310        0.893       1134.694  3.1e-02        0.075     29.140        0.342       0.879
55700         0.309        0.893       1136.735  3.0e-02        0.075     29.141        0.342       0.879
55800         0.309        0.893       1138.776  3.0e-02        0.075     29.141        0.342       0.879
55900         0.311        0.893       1140.816  3.0e-02        0.075     29.139        0.342       0.879
56000         0.310        0.893       1142.857  3.0e-02        0.075     32.089        0.342       0.879
56100         0.311        0.893       1144.898  3.0e-02        0.076     29.137        0.342       0.879
56200         0.310        0.893       1146.939  3.0e-02        0.077     29.141        0.342       0.879
56300         0.309        0.894       1148.980  3.0e-02        0.075     29.142        0.342       0.879
56400         0.310        0.893       1151.020  3.0e-02        0.075     29.083        0.342       0.879
56500         0.311        0.893       1153.061  2.9e-02        0.076     29.131        0.342       0.879
56600         0.309        0.893       1155.102  2.9e-02        0.075     29.129        0.342       0.879
56700         0.310        0.893       1157.143  2.9e-02        0.075     29.129        0.342       0.879
56800         0.310        0.893       1159.184  2.9e-02        0.075     29.129        0.342       0.879
56900         0.307        0.895       1161.224  2.9e-02        0.076     29.126        0.342       0.879
57000         0.313        0.892       1163.265  2.9e-02        0.075     32.084        0.341       0.879
57100         0.308        0.895       1165.306  2.9e-02        0.076     29.128        0.341       0.879
57200         0.309        0.894       1167.347  2.9e-02        0.076     29.133        0.341       0.879
57300         0.310        0.894       1169.388  2.8e-02        0.075     29.132        0.341       0.879
57400         0.308        0.893       1171.429  2.8e-02        0.076     29.126        0.341       0.879
    t    train_loss    train_acc    train_epoch       lr    data_time    it_time    test_loss    test_acc
-----  ------------  -----------  -------------  -------  -----------  ---------  -----------  ----------
57500         0.311        0.893       1173.469  2.8e-02        0.075     29.132        0.341       0.879
57600         0.311        0.893       1175.510  2.8e-02        0.076     29.135        0.341       0.879
57700         0.311        0.892       1177.551  2.8e-02        0.075     29.132        0.341       0.879
57800         0.310        0.892       1179.592  2.8e-02        0.075     29.137        0.341       0.879
57900         0.307        0.894       1181.633  2.8e-02        0.077     29.136        0.341       0.879
58000         0.311        0.892       1183.673  2.8e-02        0.075     32.087        0.342       0.878
58100         0.308        0.894       1185.714  2.7e-02        0.074     29.133        0.342       0.878
58200         0.310        0.893       1187.755  2.7e-02        0.075     29.137        0.342       0.878
58300         0.309        0.894       1189.796  2.7e-02        0.075     29.135        0.342       0.878
58400         0.310        0.893       1191.837  2.7e-02        0.076     29.133        0.342       0.878
58500         0.309        0.893       1193.878  2.7e-02        0.076     29.134        0.342       0.878
58600         0.310        0.892       1195.918  2.7e-02        0.075     29.138        0.342       0.878
58700         0.310        0.894       1197.959  2.7e-02        0.076     29.139        0.342       0.878
58800         0.310        0.893       1200.000  2.7e-02        0.075     29.089        0.342       0.878
58900         0.311        0.893       1202.041  2.6e-02        0.075     29.138        0.342       0.878
59000         0.309        0.894       1204.082  2.6e-02        0.075     32.084        0.342       0.879
59100         0.309        0.892       1206.122  2.6e-02        0.076     29.124        0.342       0.879
59200         0.309        0.893       1208.163  2.6e-02        0.075     29.130        0.342       0.879
59300         0.308        0.894       1210.204  2.6e-02        0.075     29.135        0.342       0.879
59400         0.309        0.893       1212.245  2.6e-02        0.075     29.128        0.342       0.879
59500         0.310        0.892       1214.286  2.6e-02        0.076     29.136        0.342       0.879
59600         0.310        0.893       1216.327  2.6e-02        0.076     29.134        0.342       0.879
59700         0.310        0.893       1218.367  2.5e-02        0.076     29.132        0.342       0.879
59800         0.310        0.893       1220.408  2.5e-02        0.074     29.132        0.342       0.879
59900         0.309        0.893       1222.449  2.5e-02        0.074     29.139        0.342       0.879
60000         0.309        0.893       1224.490  2.5e-02        0.075     32.088        0.341       0.880
60100         0.309        0.894       1226.531  2.5e-02        0.077     29.139        0.341       0.880
60200         0.308        0.894       1228.571  2.5e-02        0.075     29.142        0.341       0.880
60300         0.311        0.893       1230.612  2.5e-02        0.076     29.138        0.341       0.880
60400         0.307        0.894       1232.653  2.5e-02        0.075     29.141        0.341       0.880
60500         0.308        0.894       1234.694  2.4e-02        0.075     29.141        0.341       0.880
60600         0.312        0.892       1236.735  2.4e-02        0.075     29.140        0.341       0.880
60700         0.309        0.892       1238.776  2.4e-02        0.077     29.136        0.341       0.880
60800         0.311        0.893       1240.816  2.4e-02        0.076     29.130        0.341       0.880
60900         0.309        0.894       1242.857  2.4e-02        0.076     29.134        0.341       0.880
61000         0.311        0.893       1244.898  2.4e-02        0.076     32.085        0.341       0.879
61100         0.309        0.893       1246.939  2.4e-02        0.077     29.126        0.341       0.879
61200         0.309        0.893       1248.980  2.4e-02        0.076     29.125        0.341       0.879
61300         0.311        0.893       1251.020  2.3e-02        0.077     29.072        0.341       0.879
61400         0.309        0.894       1253.061  2.3e-02        0.076     29.125        0.341       0.879
61500         0.308        0.893       1255.102  2.3e-02        0.075     29.125        0.341       0.879
    t    train_loss    train_acc    train_epoch       lr    data_time    it_time    test_loss    test_acc
-----  ------------  -----------  -------------  -------  -----------  ---------  -----------  ----------
61600         0.310        0.894       1257.143  2.3e-02        0.077     29.127        0.341       0.879
61700         0.310        0.893       1259.184  2.3e-02        0.075     29.130        0.341       0.879
61800         0.309        0.893       1261.224  2.3e-02        0.075     29.130        0.341       0.879
61900         0.310        0.894       1263.265  2.3e-02        0.076     29.124        0.341       0.879
62000         0.310        0.893       1265.306  2.3e-02        0.075     32.079        0.342       0.880
62100         0.308        0.893       1267.347  2.2e-02        0.075     29.133        0.342       0.880
62200         0.310        0.893       1269.388  2.2e-02        0.076     29.135        0.342       0.880
62300         0.310        0.893       1271.429  2.2e-02        0.076     29.133        0.342       0.880
62400         0.310        0.892       1273.469  2.2e-02        0.077     29.136        0.342       0.880
62500         0.309        0.893       1275.510  2.2e-02        0.076     29.138        0.342       0.880
62600         0.310        0.893       1277.551  2.2e-02        0.076     29.140        0.342       0.880
62700         0.309        0.893       1279.592  2.2e-02        0.075     29.135        0.342       0.880
62800         0.310        0.893       1281.633  2.2e-02        0.076     29.137        0.342       0.880
62900         0.309        0.893       1283.673  2.1e-02        0.075     29.136        0.342       0.880
63000         0.310        0.893       1285.714  2.1e-02        0.076     32.088        0.342       0.879
63100         0.309        0.893       1287.755  2.1e-02        0.076     29.138        0.342       0.879
63200         0.308        0.894       1289.796  2.1e-02        0.075     29.138        0.342       0.879
63300         0.312        0.893       1291.837  2.1e-02        0.076     29.140        0.342       0.879
63400         0.308        0.894       1293.878  2.1e-02        0.075     29.137        0.342       0.879
63500         0.309        0.893       1295.918  2.1e-02        0.076     29.141        0.342       0.879
63600         0.309        0.894       1297.959  2.1e-02        0.077     29.143        0.342       0.879
63700         0.309        0.893       1300.000  2.0e-02        0.075     29.087        0.342       0.879
63800         0.309        0.894       1302.041  2.0e-02        0.077     29.137        0.342       0.879
63900         0.309        0.893       1304.082  2.0e-02        0.076     29.140        0.342       0.879
64000         0.309        0.893       1306.122  2.0e-02        0.076     32.093        0.343       0.878
64100         0.308        0.894       1308.163  2.0e-02        0.076     29.139        0.343       0.878
64200         0.311        0.893       1310.204  2.0e-02        0.076     29.140        0.343       0.878
64300         0.309        0.893       1312.245  2.0e-02        0.075     29.135        0.343       0.878
64400         0.309        0.893       1314.286  2.0e-02        0.076     29.136        0.343       0.878
64500         0.309        0.893       1316.327  1.9e-02        0.076     29.132        0.343       0.878
64600         0.309        0.893       1318.367  1.9e-02        0.075     29.137        0.343       0.878
64700         0.309        0.894       1320.408  1.9e-02        0.076     29.131        0.343       0.878
64800         0.311        0.893       1322.449  1.9e-02        0.075     29.141        0.343       0.878
64900         0.308        0.894       1324.490  1.9e-02        0.075     29.134        0.343       0.878
65000         0.311        0.893       1326.531  1.9e-02        0.076     32.071        0.342       0.879
65100         0.308        0.893       1328.571  1.9e-02        0.075     29.124        0.342       0.879
65200         0.310        0.892       1330.612  1.9e-02        0.076     29.124        0.342       0.879
65300         0.309        0.893       1332.653  1.8e-02        0.075     29.117        0.342       0.879
65400         0.310        0.892       1334.694  1.8e-02        0.075     29.125        0.342       0.879
65500         0.309        0.894       1336.735  1.8e-02        0.076     29.124        0.342       0.879
65600         0.310        0.893       1338.776  1.8e-02        0.075     29.125        0.342       0.879
    t    train_loss    train_acc    train_epoch       lr    data_time    it_time    test_loss    test_acc
-----  ------------  -----------  -------------  -------  -----------  ---------  -----------  ----------
65700         0.309        0.893       1340.816  1.8e-02        0.076     29.127        0.342       0.879
65800         0.311        0.893       1342.857  1.8e-02        0.076     29.127        0.342       0.879
65900         0.308        0.894       1344.898  1.8e-02        0.075     29.131        0.342       0.879
66000         0.310        0.893       1346.939  1.8e-02        0.077     32.083        0.342       0.878
66100         0.309        0.894       1348.980  1.7e-02        0.075     29.126        0.342       0.878
66200         0.309        0.894       1351.020  1.7e-02        0.075     29.088        0.342       0.878
66300         0.310        0.893       1353.061  1.7e-02        0.075     29.130        0.342       0.878
66400         0.310        0.893       1355.102  1.7e-02        0.075     29.129        0.342       0.878
66500         0.311        0.893       1357.143  1.7e-02        0.076     29.135        0.342       0.878
66600         0.309        0.893       1359.184  1.7e-02        0.075     29.135        0.342       0.878
66700         0.311        0.892       1361.224  1.7e-02        0.075     29.134        0.342       0.878
66800         0.309        0.894       1363.265  1.7e-02        0.076     29.133        0.342       0.878
66900         0.309        0.894       1365.306  1.6e-02        0.077     29.130        0.342       0.878
67000         0.311        0.892       1367.347  1.6e-02        0.077     32.093        0.342       0.879
67100         0.308        0.893       1369.388  1.6e-02        0.075     29.133        0.342       0.879
67200         0.310        0.894       1371.429  1.6e-02        0.075     29.133        0.342       0.879
67300         0.308        0.894       1373.469  1.6e-02        0.075     29.131        0.342       0.879
67400         0.309        0.894       1375.510  1.6e-02        0.075     29.137        0.342       0.879
67500         0.307        0.894       1377.551  1.6e-02        0.075     29.141        0.342       0.879
67600         0.311        0.893       1379.592  1.6e-02        0.075     29.141        0.342       0.879
67700         0.308        0.894       1381.633  1.5e-02        0.075     29.141        0.342       0.879
67800         0.310        0.894       1383.673  1.5e-02        0.075     29.139        0.342       0.879
67900         0.310        0.894       1385.714  1.5e-02        0.075     29.137        0.342       0.879
68000         0.309        0.894       1387.755  1.5e-02        0.075     32.087        0.342       0.878
68100         0.309        0.894       1389.796  1.5e-02        0.076     29.137        0.342       0.878
68200         0.311        0.893       1391.837  1.5e-02        0.076     29.129        0.342       0.878
68300         0.310        0.893       1393.878  1.5e-02        0.075     29.136        0.342       0.878
68400         0.311        0.892       1395.918  1.5e-02        0.076     29.127        0.342       0.878
68500         0.309        0.894       1397.959  1.4e-02        0.077     29.128        0.342       0.878
68600         0.309        0.893       1400.000  1.4e-02        0.075     29.079        0.342       0.878
68700         0.308        0.894       1402.041  1.4e-02        0.076     29.129        0.342       0.878
68800         0.309        0.894       1404.082  1.4e-02        0.075     29.130        0.342       0.878
68900         0.309        0.893       1406.122  1.4e-02        0.076     29.131        0.342       0.878
69000         0.308        0.895       1408.163  1.4e-02        0.076     32.084        0.342       0.879
69100         0.310        0.894       1410.204  1.4e-02        0.076     29.118        0.342       0.879
69200         0.309        0.894       1412.245  1.4e-02        0.076     29.127        0.342       0.879
69300         0.308        0.894       1414.286  1.3e-02        0.077     29.126        0.342       0.879
69400         0.310        0.892       1416.327  1.3e-02        0.076     29.121        0.342       0.879
69500         0.308        0.894       1418.367  1.3e-02        0.075     29.125        0.342       0.879
69600         0.309        0.894       1420.408  1.3e-02        0.076     29.122        0.342       0.879
69700         0.309        0.893       1422.449  1.3e-02        0.076     29.125        0.342       0.879
    t    train_loss    train_acc    train_epoch       lr    data_time    it_time    test_loss    test_acc
-----  ------------  -----------  -------------  -------  -----------  ---------  -----------  ----------
69800         0.309        0.894       1424.490  1.3e-02        0.075     29.130        0.342       0.879
69900         0.311        0.894       1426.531  1.3e-02        0.075     29.133        0.342       0.879
70000         0.310        0.893       1428.571  1.3e-02        0.076     32.089        0.342       0.879
70100         0.308        0.893       1430.612  1.2e-02        0.076     29.133        0.342       0.879
70200         0.312        0.892       1432.653  1.2e-02        0.075     29.138        0.342       0.879
70300         0.308        0.893       1434.694  1.2e-02        0.076     29.133        0.342       0.879
70400         0.310        0.893       1436.735  1.2e-02        0.075     29.135        0.342       0.879
70500         0.310        0.893       1438.776  1.2e-02        0.076     29.133        0.342       0.879
70600         0.309        0.894       1440.816  1.2e-02        0.075     29.136        0.342       0.879
70700         0.309        0.893       1442.857  1.2e-02        0.076     29.129        0.342       0.879
70800         0.310        0.893       1444.898  1.2e-02        0.076     29.133        0.342       0.879
70900         0.308        0.894       1446.939  1.1e-02        0.078     29.138        0.342       0.879
71000         0.308        0.894       1448.980  1.1e-02        0.077     32.089        0.342       0.879
71100         0.310        0.894       1451.020  1.1e-02        0.076     29.092        0.342       0.879
71200         0.310        0.894       1453.061  1.1e-02        0.077     29.135        0.342       0.879
71300         0.309        0.893       1455.102  1.1e-02        0.076     29.139        0.342       0.879
71400         0.309        0.894       1457.143  1.1e-02        0.076     29.136        0.342       0.879
71500         0.310        0.892       1459.184  1.1e-02        0.076     29.141        0.342       0.879
71600         0.309        0.893       1461.224  1.1e-02        0.075     29.135        0.342       0.879
71700         0.309        0.894       1463.265  1.0e-02        0.076     29.138        0.342       0.879
71800         0.310        0.893       1465.306  1.0e-02        0.076     29.129        0.342       0.879
71900         0.309        0.894       1467.347  1.0e-02        0.076     29.140        0.342       0.879
72000         0.311        0.894       1469.388  1.0e-02        0.076     32.099        0.342       0.879
72100         0.307        0.895       1471.429  9.9e-03        0.076     29.141        0.342       0.879
72200         0.307        0.894       1473.469  9.8e-03        0.076     29.132        0.342       0.879
72300         0.310        0.893       1475.510  9.6e-03        0.076     29.141        0.342       0.879
72400         0.307        0.894       1477.551  9.5e-03        0.076     29.140        0.342       0.879
72500         0.311        0.892       1479.592  9.4e-03        0.075     29.135        0.342       0.879
72600         0.310        0.893       1481.633  9.3e-03        0.076     29.135        0.342       0.879
72700         0.309        0.893       1483.673  9.1e-03        0.076     29.135        0.342       0.879
72800         0.309        0.893       1485.714  9.0e-03        0.075     29.127        0.342       0.879
72900         0.309        0.894       1487.755  8.9e-03        0.076     29.135        0.342       0.879
73000         0.309        0.893       1489.796  8.8e-03        0.076     32.087        0.342       0.878
73100         0.310        0.894       1491.837  8.6e-03        0.076     29.139        0.342       0.878
73200         0.308        0.894       1493.878  8.5e-03        0.075     29.134        0.342       0.878
73300         0.309        0.893       1495.918  8.4e-03        0.076     29.128        0.342       0.878
73400         0.310        0.893       1497.959  8.3e-03        0.077     29.134        0.342       0.878
73500         0.310        0.893       1500.000  8.1e-03        0.075     29.086        0.342       0.878
73600         0.310        0.894       1502.041  8.0e-03        0.077     29.127        0.342       0.878
73700         0.309        0.894       1504.082  7.9e-03        0.075     29.128        0.342       0.878
73800         0.309        0.893       1506.122  7.8e-03        0.076     29.137        0.342       0.878
    t    train_loss    train_acc    train_epoch       lr    data_time    it_time    test_loss    test_acc
-----  ------------  -----------  -------------  -------  -----------  ---------  -----------  ----------
73900         0.310        0.893       1508.163  7.6e-03        0.075     29.139        0.342       0.878
74000         0.309        0.893       1510.204  7.5e-03        0.075     32.094        0.342       0.879
74100         0.308        0.893       1512.245  7.4e-03        0.076     29.130        0.342       0.879
74200         0.309        0.895       1514.286  7.3e-03        0.075     29.143        0.342       0.879
74300         0.309        0.894       1516.327  7.1e-03        0.075     29.141        0.342       0.879
74400         0.310        0.893       1518.367  7.0e-03        0.076     29.141        0.342       0.879
74500         0.309        0.893       1520.408  6.9e-03        0.075     29.141        0.342       0.879
74600         0.307        0.894       1522.449  6.8e-03        0.075     29.141        0.342       0.879
74700         0.311        0.893       1524.490  6.6e-03        0.076     29.142        0.342       0.879
74800         0.310        0.893       1526.531  6.5e-03        0.076     29.142        0.342       0.879
74900         0.308        0.894       1528.571  6.4e-03        0.075     29.141        0.342       0.879
75000         0.310        0.893       1530.612  6.3e-03        0.075     32.099        0.342       0.878
75100         0.311        0.893       1532.653  6.1e-03        0.075     29.143        0.342       0.878
75200         0.307        0.894       1534.694  6.0e-03        0.076     29.141        0.342       0.878
75300         0.309        0.893       1536.735  5.9e-03        0.076     29.135        0.342       0.878
75400         0.309        0.894       1538.776  5.8e-03        0.076     29.141        0.342       0.878
75500         0.309        0.893       1540.816  5.6e-03        0.075     29.137        0.342       0.878
75600         0.310        0.892       1542.857  5.5e-03        0.076     29.133        0.342       0.878
75700         0.307        0.896       1544.898  5.4e-03        0.076     29.131        0.342       0.878
75800         0.310        0.893       1546.939  5.3e-03        0.078     29.139        0.342       0.878
75900         0.309        0.893       1548.980  5.1e-03        0.076     29.133        0.342       0.878
76000         0.309        0.894       1551.020  5.0e-03        0.078     32.139        0.342       0.878
76100         0.308        0.894       1553.061  4.9e-03        0.076     29.137        0.342       0.878
76200         0.309        0.894       1555.102  4.8e-03        0.076     29.135        0.342       0.878
76300         0.310        0.892       1557.143  4.6e-03        0.076     29.126        0.342       0.878
76400         0.309        0.895       1559.184  4.5e-03        0.075     29.128        0.342       0.878
76500         0.308        0.894       1561.224  4.4e-03        0.076     29.131        0.342       0.878
76600         0.309        0.893       1563.265  4.3e-03        0.076     29.123        0.342       0.878
76700         0.309        0.893       1565.306  4.1e-03        0.075     29.135        0.342       0.878
76800         0.309        0.895       1567.347  4.0e-03        0.075     29.129        0.342       0.878
76900         0.311        0.892       1569.388  3.9e-03        0.075     29.128        0.342       0.878
77000         0.308        0.894       1571.429  3.8e-03        0.076     32.084        0.342       0.879
77100         0.309        0.893       1573.469  3.6e-03        0.075     29.132        0.342       0.879
77200         0.308        0.894       1575.510  3.5e-03        0.076     29.128        0.342       0.879
77300         0.309        0.894       1577.551  3.4e-03        0.076     29.124        0.342       0.879
77400         0.311        0.893       1579.592  3.3e-03        0.076     29.123        0.342       0.879
77500         0.309        0.894       1581.633  3.1e-03        0.076     29.130        0.342       0.879
77600         0.308        0.894       1583.673  3.0e-03        0.076     29.129        0.342       0.879
77700         0.309        0.893       1585.714  2.9e-03        0.076     29.128        0.342       0.879
77800         0.313        0.892       1587.755  2.8e-03        0.075     29.134        0.342       0.879
77900         0.309        0.894       1589.796  2.6e-03        0.075     29.132        0.342       0.879
    t    train_loss    train_acc    train_epoch       lr    data_time    it_time    test_loss    test_acc
-----  ------------  -----------  -------------  -------  -----------  ---------  -----------  ----------
78000         0.308        0.894       1591.837  2.5e-03        0.076     32.078        0.342       0.879
78100         0.311        0.893       1593.878  2.4e-03        0.075     29.133        0.342       0.879
78200         0.307        0.894       1595.918  2.3e-03        0.075     29.140        0.342       0.879
78300         0.310        0.893       1597.959  2.1e-03        0.077     29.135        0.342       0.879
78400         0.309        0.893       1600.000  2.0e-03        0.076     29.089        0.342       0.879
78500         0.310        0.893       1602.041  1.9e-03        0.076     29.139        0.342       0.879
78600         0.308        0.894       1604.082  1.8e-03        0.075     29.143        0.342       0.879
78700         0.308        0.894       1606.122  1.6e-03        0.076     29.133        0.342       0.879
78800         0.310        0.893       1608.163  1.5e-03        0.075     29.141        0.342       0.879
78900         0.310        0.893       1610.204  1.4e-03        0.075     29.138        0.342       0.879
79000         0.308        0.894       1612.245  1.3e-03        0.076     32.089        0.342       0.879
79100         0.307        0.893       1614.286  1.1e-03        0.076     29.138        0.342       0.879
79200         0.309        0.893       1616.327  1.0e-03        0.076     29.135        0.342       0.879
79300         0.311        0.893       1618.367  8.8e-04        0.075     29.138        0.342       0.879
79400         0.308        0.895       1620.408  7.5e-04        0.075     29.137        0.342       0.879
79500         0.309        0.893       1622.449  6.3e-04        0.075     29.136        0.342       0.879
79600         0.310        0.893       1624.490  5.0e-04        0.075     29.138        0.342       0.879
79700         0.310        0.894       1626.531  3.8e-04        0.075     29.133        0.342       0.879
79800         0.310        0.893       1628.571  2.5e-04        0.076     29.127        0.342       0.879
79900         0.307        0.895       1630.612  1.3e-04        0.075     29.134        0.342       0.879
80000         0.309        0.893       1632.653  1.2e-06        0.075     32.084        0.342       0.879
