  t    train_loss    train_acc    train_epoch       lr    data_time    it_time
---  ------------  -----------  -------------  -------  -----------  ---------
100         0.752        0.759          2.041  1.0e-01        0.277     32.487
200         0.516        0.825          4.082  1.0e-01        0.075     29.274
300         0.479        0.838          6.122  1.0e-01        0.074     29.090
400         0.457        0.845          8.163  1.0e-01        0.074     29.098
500         0.442        0.848         10.204  9.9e-02        0.074     29.080
600         0.430        0.853         12.245  9.9e-02        0.074     29.092
700         0.423        0.855         14.286  9.9e-02        0.074     29.094
800         0.412        0.859         16.327  9.9e-02        0.073     29.090
900         0.407        0.860         18.367  9.9e-02        0.074     29.096
1000         0.403        0.862         20.408  9.9e-02        0.074     33.397        0.398       0.864
1100         0.400        0.863         22.449  9.9e-02        0.073     29.091        0.398       0.864
1200         0.394        0.865         24.490  9.9e-02        0.074     29.112        0.398       0.864
1300         0.388        0.866         26.531  9.8e-02        0.074     29.092        0.398       0.864
1400         0.386        0.866         28.571  9.8e-02        0.074     29.101        0.398       0.864
1500         0.383        0.868         30.612  9.8e-02        0.073     29.098        0.398       0.864
1600         0.379        0.870         32.653  9.8e-02        0.073     29.096        0.398       0.864
1700         0.378        0.870         34.694  9.8e-02        0.074     29.102        0.398       0.864
1800         0.373        0.872         36.735  9.8e-02        0.074     29.084        0.398       0.864
1900         0.373        0.872         38.776  9.8e-02        0.073     29.092        0.398       0.864
2000         0.370        0.873         40.816  9.8e-02        0.074     32.028        0.371       0.871
2100         0.370        0.873         42.857  9.7e-02        0.075     29.091        0.371       0.871
2200         0.368        0.873         44.898  9.7e-02        0.075     29.151        0.371       0.871
2300         0.366        0.874         46.939  9.7e-02        0.077     29.063        0.371       0.871
2400         0.363        0.875         48.980  9.7e-02        0.075     28.963        0.371       0.871
2500         0.362        0.875         51.020  9.7e-02        0.075     28.917        0.371       0.871
2600         0.360        0.876         53.061  9.7e-02        0.076     28.952        0.371       0.871
2700         0.358        0.876         55.102  9.7e-02        0.074     29.081        0.371       0.871
2800         0.359        0.877         57.143  9.7e-02        0.075     29.301        0.371       0.871
2900         0.357        0.876         59.184  9.6e-02        0.073     29.094        0.371       0.871
3000         0.356        0.878         61.224  9.6e-02        0.073     32.034        0.361       0.876
3100         0.352        0.879         63.265  9.6e-02        0.074     29.095        0.361       0.876
3200         0.352        0.878         65.306  9.6e-02        0.074     29.093        0.361       0.876
3300         0.353        0.878         67.347  9.6e-02        0.074     29.093        0.361       0.876
3400         0.350        0.880         69.388  9.6e-02        0.074     29.102        0.361       0.876
3500         0.350        0.880         71.429  9.6e-02        0.075     29.194        0.361       0.876
3600         0.351        0.878         73.469  9.6e-02        0.075     29.415        0.361       0.876
3700         0.347        0.881         75.510  9.5e-02        0.074     29.105        0.361       0.876
3800         0.350        0.880         77.551  9.5e-02        0.074     29.101        0.361       0.876
3900         0.347        0.882         79.592  9.5e-02        0.073     29.094        0.361       0.876
4000         0.347        0.880         81.633  9.5e-02        0.074     32.045        0.353       0.879
4100         0.343        0.882         83.673  9.5e-02        0.075     29.500        0.353       0.879
   t    train_loss    train_acc    train_epoch       lr    data_time    it_time    test_loss    test_acc
----  ------------  -----------  -------------  -------  -----------  ---------  -----------  ----------
4200         0.346        0.881         85.714  9.5e-02        0.074     29.092        0.353       0.879
4300         0.341        0.883         87.755  9.5e-02        0.074     29.106        0.353       0.879
4400         0.343        0.882         89.796  9.5e-02        0.074     29.098        0.353       0.879
4500         0.343        0.883         91.837  9.4e-02        0.073     29.094        0.353       0.879
4600         0.341        0.882         93.878  9.4e-02        0.074     29.095        0.353       0.879
4700         0.342        0.882         95.918  9.4e-02        0.074     29.098        0.353       0.879
4800         0.340        0.882         97.959  9.4e-02        0.076     29.660        0.353       0.879
4900         0.339        0.883        100.000  9.4e-02        0.074     29.195        0.353       0.879
5000         0.338        0.883        102.041  9.4e-02        0.074     32.032        0.350       0.880
5100         0.340        0.883        104.082  9.4e-02        0.074     29.089        0.350       0.880
5200         0.338        0.883        106.122  9.4e-02        0.074     29.083        0.350       0.880
5300         0.338        0.884        108.163  9.3e-02        0.074     29.096        0.350       0.880
5400         0.338        0.885        110.204  9.3e-02        0.074     29.089        0.350       0.880
5500         0.337        0.884        112.245  9.3e-02        0.074     29.091        0.350       0.880
5600         0.336        0.884        114.286  9.3e-02        0.074     29.088        0.350       0.880
5700         0.337        0.884        116.327  9.3e-02        0.074     29.104        0.350       0.880
5800         0.335        0.884        118.367  9.3e-02        0.074     29.078        0.350       0.880
5900         0.337        0.884        120.408  9.3e-02        0.075     29.303        0.350       0.880
6000         0.333        0.885        122.449  9.3e-02        0.074     32.041        0.348       0.882
6100         0.334        0.885        124.490  9.2e-02        0.076     29.342        0.348       0.882
6200         0.334        0.886        126.531  9.2e-02        0.074     29.102        0.348       0.882
6300         0.333        0.884        128.571  9.2e-02        0.074     29.092        0.348       0.882
6400         0.333        0.884        130.612  9.2e-02        0.074     29.094        0.348       0.882
6500         0.332        0.885        132.653  9.2e-02        0.074     29.096        0.348       0.882
6600         0.333        0.885        134.694  9.2e-02        0.074     29.091        0.348       0.882
6700         0.332        0.885        136.735  9.2e-02        0.074     29.087        0.348       0.882
6800         0.332        0.885        138.776  9.2e-02        0.074     29.099        0.348       0.882
6900         0.331        0.887        140.816  9.1e-02        0.074     29.096        0.348       0.882
7000         0.331        0.885        142.857  9.1e-02        0.074     32.032        0.346       0.882
7100         0.333        0.886        144.898  9.1e-02        0.074     29.089        0.346       0.882
7200         0.333        0.885        146.939  9.1e-02        0.075     29.150        0.346       0.882
7300         0.329        0.886        148.980  9.1e-02        0.074     28.960        0.346       0.882
7400         0.330        0.886        151.020  9.1e-02        0.074     28.902        0.346       0.882
7500         0.328        0.886        153.061  9.1e-02        0.074     28.952        0.346       0.882
7600         0.330        0.887        155.102  9.1e-02        0.074     28.978        0.346       0.882
7700         0.329        0.887        157.143  9.0e-02        0.074     28.957        0.346       0.882
7800         0.329        0.886        159.184  9.0e-02        0.074     28.950        0.346       0.882
7900         0.329        0.886        161.224  9.0e-02        0.074     29.025        0.346       0.882
8000         0.329        0.886        163.265  9.0e-02        0.075     32.338        0.346       0.881
8100         0.329        0.887        165.306  9.0e-02        0.078     30.280        0.346       0.881
8200         0.326        0.887        167.347  9.0e-02        0.074     29.097        0.346       0.881
   t    train_loss    train_acc    train_epoch       lr    data_time    it_time    test_loss    test_acc
----  ------------  -----------  -------------  -------  -----------  ---------  -----------  ----------
8300         0.327        0.886        169.388  9.0e-02        0.074     29.098        0.346       0.881
8400         0.329        0.887        171.429  9.0e-02        0.074     29.102        0.346       0.881
8500         0.326        0.887        173.469  8.9e-02        0.074     29.094        0.346       0.881
8600         0.328        0.887        175.510  8.9e-02        0.075     29.099        0.346       0.881
8700         0.327        0.888        177.551  8.9e-02        0.075     29.086        0.346       0.881
8800         0.327        0.888        179.592  8.9e-02        0.074     29.100        0.346       0.881
8900         0.328        0.887        181.633  8.9e-02        0.074     29.091        0.346       0.881
9000         0.329        0.886        183.673  8.9e-02        0.074     32.024        0.343       0.881
9100         0.323        0.889        185.714  8.9e-02        0.074     29.170        0.343       0.881
9200         0.328        0.887        187.755  8.9e-02        0.075     29.270        0.343       0.881
9300         0.324        0.889        189.796  8.8e-02        0.075     29.287        0.343       0.881
9400         0.326        0.887        191.837  8.8e-02        0.074     29.089        0.343       0.881
9500         0.325        0.889        193.878  8.8e-02        0.074     29.089        0.343       0.881
9600         0.324        0.888        195.918  8.8e-02        0.074     29.091        0.343       0.881
9700         0.325        0.888        197.959  8.8e-02        0.075     29.089        0.343       0.881
9800         0.325        0.888        200.000  8.8e-02        0.074     29.048        0.343       0.881
9900         0.325        0.888        202.041  8.8e-02        0.074     29.093        0.343       0.881
10000         0.324        0.888        204.082  8.8e-02        0.074     32.020        0.343       0.882
10100         0.324        0.889        206.122  8.7e-02        0.074     29.090        0.343       0.882
10200         0.322        0.889        208.163  8.7e-02        0.074     29.091        0.343       0.882
10300         0.323        0.889        210.204  8.7e-02        0.074     29.165        0.343       0.882
10400         0.327        0.887        212.245  8.7e-02        0.074     28.964        0.343       0.882
10500         0.324        0.888        214.286  8.7e-02        0.076     29.449        0.343       0.882
10600         0.324        0.888        216.327  8.7e-02        0.075     29.404        0.343       0.882
10700         0.321        0.890        218.367  8.7e-02        0.075     29.093        0.343       0.882
10800         0.323        0.889        220.408  8.7e-02        0.074     29.091        0.343       0.882
10900         0.323        0.889        222.449  8.6e-02        0.074     29.092        0.343       0.882
11000         0.324        0.888        224.490  8.6e-02        0.075     32.042        0.341       0.883
11100         0.323        0.889        226.531  8.6e-02        0.075     29.094        0.341       0.883
11200         0.324        0.888        228.571  8.6e-02        0.074     29.092        0.341       0.883
11300         0.322        0.889        230.612  8.6e-02        0.074     29.098        0.341       0.883
11400         0.323        0.888        232.653  8.6e-02        0.074     29.097        0.341       0.883
11500         0.322        0.889        234.694  8.6e-02        0.075     29.361        0.341       0.883
11600         0.326        0.888        236.735  8.6e-02        0.074     29.092        0.341       0.883
11700         0.320        0.889        238.776  8.5e-02        0.074     29.088        0.341       0.883
11800         0.322        0.889        240.816  8.5e-02        0.074     29.088        0.341       0.883
11900         0.322        0.888        242.857  8.5e-02        0.074     29.094        0.341       0.883
12000         0.323        0.888        244.898  8.5e-02        0.074     32.023        0.341       0.882
12100         0.321        0.889        246.939  8.5e-02        0.076     29.100        0.341       0.882
12200         0.322        0.889        248.980  8.5e-02        0.074     29.101        0.341       0.882
12300         0.322        0.889        251.020  8.5e-02        0.074     29.039        0.341       0.882
    t    train_loss    train_acc    train_epoch       lr    data_time    it_time    test_loss    test_acc
-----  ------------  -----------  -------------  -------  -----------  ---------  -----------  ----------
12400         0.320        0.891        253.061  8.5e-02        0.074     29.093        0.341       0.882
12500         0.322        0.888        255.102  8.4e-02        0.076     29.601        0.341       0.882
12600         0.322        0.889        257.143  8.4e-02        0.074     29.146        0.341       0.882
12700         0.323        0.889        259.184  8.4e-02        0.074     29.094        0.341       0.882
12800         0.320        0.890        261.224  8.4e-02        0.074     29.104        0.341       0.882
12900         0.322        0.890        263.265  8.4e-02        0.075     29.088        0.341       0.882
13000         0.321        0.889        265.306  8.4e-02        0.075     32.034        0.341       0.883
13100         0.321        0.889        267.347  8.4e-02        0.075     29.558        0.341       0.883
13200         0.320        0.891        269.388  8.4e-02        0.075     29.102        0.341       0.883
13300         0.320        0.890        271.429  8.3e-02        0.075     29.090        0.341       0.883
13400         0.320        0.890        273.469  8.3e-02        0.074     29.095        0.341       0.883
13500         0.321        0.889        275.510  8.3e-02        0.074     29.097        0.341       0.883
13600         0.320        0.889        277.551  8.3e-02        0.074     29.099        0.341       0.883
13700         0.320        0.890        279.592  8.3e-02        0.075     29.098        0.341       0.883
13800         0.319        0.889        281.633  8.3e-02        0.074     29.104        0.341       0.883
13900         0.320        0.890        283.673  8.3e-02        0.074     29.096        0.341       0.883
14000         0.321        0.890        285.714  8.3e-02        0.074     32.033        0.342       0.883
14100         0.321        0.888        287.755  8.2e-02        0.075     29.403        0.342       0.883
14200         0.321        0.889        289.796  8.2e-02        0.075     29.100        0.342       0.883
14300         0.321        0.889        291.837  8.2e-02        0.074     29.101        0.342       0.883
14400         0.319        0.890        293.878  8.2e-02        0.075     29.095        0.342       0.883
14500         0.321        0.889        295.918  8.2e-02        0.074     29.103        0.342       0.883
14600         0.320        0.890        297.959  8.2e-02        0.076     29.093        0.342       0.883
14700         0.322        0.889        300.000  8.2e-02        0.075     29.035        0.342       0.883
14800         0.320        0.890        302.041  8.2e-02        0.075     29.096        0.342       0.883
14900         0.321        0.889        304.082  8.1e-02        0.074     29.090        0.342       0.883
15000         0.320        0.890        306.122  8.1e-02        0.074     32.032        0.340       0.884
15100         0.320        0.890        308.163  8.1e-02        0.075     29.100        0.340       0.884
15200         0.320        0.890        310.204  8.1e-02        0.074     29.100        0.340       0.884
15300         0.318        0.890        312.245  8.1e-02        0.075     29.200        0.340       0.884
15400         0.320        0.890        314.286  8.1e-02        0.074     28.966        0.340       0.884
15500         0.321        0.890        316.327  8.1e-02        0.075     28.966        0.340       0.884
15600         0.318        0.890        318.367  8.1e-02        0.074     28.973        0.340       0.884
15700         0.320        0.889        320.408  8.0e-02        0.075     29.150        0.340       0.884
15800         0.319        0.890        322.449  8.0e-02        0.074     29.172        0.340       0.884
15900         0.319        0.890        324.490  8.0e-02        0.074     29.092        0.340       0.884
16000         0.317        0.890        326.531  8.0e-02        0.074     32.037        0.340       0.883
16100         0.321        0.889        328.571  8.0e-02        0.085     33.069        0.340       0.883
16200         0.318        0.890        330.612  8.0e-02        0.076     29.689        0.340       0.883
16300         0.320        0.889        332.653  8.0e-02        0.074     29.089        0.340       0.883
16400         0.317        0.890        334.694  8.0e-02        0.075     29.092        0.340       0.883
    t    train_loss    train_acc    train_epoch       lr    data_time    it_time    test_loss    test_acc
-----  ------------  -----------  -------------  -------  -----------  ---------  -----------  ----------
16500         0.319        0.889        336.735  7.9e-02        0.074     29.102        0.340       0.883
16600         0.319        0.890        338.776  7.9e-02        0.074     29.101        0.340       0.883
16700         0.318        0.891        340.816  7.9e-02        0.075     29.097        0.340       0.883
16800         0.319        0.891        342.857  7.9e-02        0.074     29.095        0.340       0.883
16900         0.318        0.890        344.898  7.9e-02        0.074     29.095        0.340       0.883
17000         0.319        0.889        346.939  7.9e-02        0.076     32.027        0.339       0.883
17100         0.319        0.891        348.980  7.9e-02        0.075     29.090        0.339       0.883
17200         0.319        0.890        351.020  7.9e-02        0.075     29.111        0.339       0.883
17300         0.317        0.891        353.061  7.8e-02        0.074     28.967        0.339       0.883
17400         0.318        0.891        355.102  7.8e-02        0.074     28.962        0.339       0.883
17500         0.319        0.889        357.143  7.8e-02        0.074     28.960        0.339       0.883
17600         0.319        0.890        359.184  7.8e-02        0.074     28.969        0.339       0.883
17700         0.319        0.890        361.224  7.8e-02        0.074     28.993        0.339       0.883
17800         0.316        0.892        363.265  7.8e-02        0.074     28.950        0.339       0.883
17900         0.320        0.889        365.306  7.8e-02        0.074     28.984        0.339       0.883
18000         0.317        0.891        367.347  7.8e-02        0.075     31.901        0.339       0.885
18100         0.321        0.889        369.388  7.7e-02        0.074     28.968        0.339       0.885
18200         0.317        0.891        371.429  7.7e-02        0.074     28.982        0.339       0.885
18300         0.317        0.890        373.469  7.7e-02        0.074     28.964        0.339       0.885
18400         0.317        0.891        375.510  7.7e-02        0.074     28.969        0.339       0.885
18500         0.319        0.890        377.551  7.7e-02        0.074     28.952        0.339       0.885
18600         0.318        0.891        379.592  7.7e-02        0.074     28.970        0.339       0.885
18700         0.318        0.891        381.633  7.7e-02        0.074     28.978        0.339       0.885
18800         0.319        0.890        383.673  7.7e-02        0.074     28.968        0.339       0.885
18900         0.319        0.890        385.714  7.6e-02        0.074     28.974        0.339       0.885
19000         0.317        0.891        387.755  7.6e-02        0.074     31.884        0.340       0.884
19100         0.317        0.890        389.796  7.6e-02        0.074     28.958        0.340       0.884
19200         0.318        0.890        391.837  7.6e-02        0.074     28.966        0.340       0.884
19300         0.320        0.890        393.878  7.6e-02        0.074     28.958        0.340       0.884
19400         0.317        0.891        395.918  7.6e-02        0.074     28.948        0.340       0.884
19500         0.319        0.890        397.959  7.6e-02        0.075     28.947        0.340       0.884
19600         0.318        0.891        400.000  7.6e-02        0.074     28.927        0.340       0.884
19700         0.318        0.890        402.041  7.5e-02        0.074     28.963        0.340       0.884
19800         0.317        0.891        404.082  7.5e-02        0.074     28.987        0.340       0.884
19900         0.318        0.890        406.122  7.5e-02        0.074     28.964        0.340       0.884
20000         0.318        0.891        408.163  7.5e-02        0.074     31.906        0.339       0.883
20100         0.319        0.889        410.204  7.5e-02        0.074     28.979        0.339       0.883
20200         0.316        0.891        412.245  7.5e-02        0.074     28.945        0.339       0.883
20300         0.315        0.892        414.286  7.5e-02        0.075     28.959        0.339       0.883
20400         0.320        0.890        416.327  7.5e-02        0.074     28.962        0.339       0.883
20500         0.318        0.891        418.367  7.4e-02        0.074     28.958        0.339       0.883
    t    train_loss    train_acc    train_epoch       lr    data_time    it_time    test_loss    test_acc
-----  ------------  -----------  -------------  -------  -----------  ---------  -----------  ----------
20600         0.315        0.891        420.408  7.4e-02        0.074     28.958        0.339       0.883
20700         0.318        0.890        422.449  7.4e-02        0.075     28.965        0.339       0.883
20800         0.316        0.891        424.490  7.4e-02        0.074     28.963        0.339       0.883
20900         0.319        0.891        426.531  7.4e-02        0.074     28.960        0.339       0.883
21000         0.317        0.891        428.571  7.4e-02        0.074     31.885        0.339       0.885
21100         0.316        0.892        430.612  7.4e-02        0.074     28.962        0.339       0.885
21200         0.319        0.890        432.653  7.4e-02        0.074     28.967        0.339       0.885
21300         0.316        0.892        434.694  7.3e-02        0.074     28.929        0.339       0.885
21400         0.315        0.892        436.735  7.3e-02        0.074     28.947        0.339       0.885
21500         0.317        0.890        438.776  7.3e-02        0.075     28.960        0.339       0.885
21600         0.318        0.891        440.816  7.3e-02        0.074     28.965        0.339       0.885
21700         0.317        0.891        442.857  7.3e-02        0.074     28.925        0.339       0.885
21800         0.317        0.891        444.898  7.3e-02        0.074     28.951        0.339       0.885
21900         0.316        0.891        446.939  7.3e-02        0.076     28.959        0.339       0.885
22000         0.318        0.890        448.980  7.3e-02        0.074     31.882        0.339       0.883
22100         0.318        0.891        451.020  7.2e-02        0.075     28.925        0.339       0.883
22200         0.317        0.890        453.061  7.2e-02        0.074     28.956        0.339       0.883
22300         0.316        0.891        455.102  7.2e-02        0.074     28.962        0.339       0.883
22400         0.316        0.892        457.143  7.2e-02        0.074     28.951        0.339       0.883
22500         0.317        0.892        459.184  7.2e-02        0.075     28.977        0.339       0.883
22600         0.315        0.891        461.224  7.2e-02        0.074     28.963        0.339       0.883
22700         0.316        0.891        463.265  7.2e-02        0.074     28.980        0.339       0.883
22800         0.317        0.891        465.306  7.2e-02        0.074     28.966        0.339       0.883
22900         0.319        0.890        467.347  7.1e-02        0.074     28.982        0.339       0.883
23000         0.315        0.891        469.388  7.1e-02        0.074     31.884        0.338       0.884
23100         0.316        0.891        471.429  7.1e-02        0.074     28.964        0.338       0.884
23200         0.316        0.891        473.469  7.1e-02        0.074     28.967        0.338       0.884
23300         0.317        0.892        475.510  7.1e-02        0.074     28.943        0.338       0.884
23400         0.317        0.891        477.551  7.1e-02        0.074     28.945        0.338       0.884
23500         0.316        0.892        479.592  7.1e-02        0.074     28.977        0.338       0.884
23600         0.316        0.891        481.633  7.1e-02        0.074     28.966        0.338       0.884
23700         0.316        0.892        483.673  7.0e-02        0.074     28.946        0.338       0.884
23800         0.318        0.890        485.714  7.0e-02        0.074     28.965        0.338       0.884
23900         0.317        0.891        487.755  7.0e-02        0.074     28.961        0.338       0.884
24000         0.316        0.891        489.796  7.0e-02        0.074     31.871        0.339       0.884
24100         0.315        0.891        491.837  7.0e-02        0.074     28.985        0.339       0.884
24200         0.317        0.891        493.878  7.0e-02        0.075     28.979        0.339       0.884
24300         0.316        0.892        495.918  7.0e-02        0.075     28.962        0.339       0.884
24400         0.318        0.890        497.959  7.0e-02        0.075     28.966        0.339       0.884
24500         0.316        0.892        500.000  6.9e-02        0.074     28.914        0.339       0.884
24600         0.316        0.891        502.041  6.9e-02        0.075     28.978        0.339       0.884
    t    train_loss    train_acc    train_epoch       lr    data_time    it_time    test_loss    test_acc
-----  ------------  -----------  -------------  -------  -----------  ---------  -----------  ----------
24700         0.317        0.890        504.082  6.9e-02        0.074     28.987        0.339       0.884
24800         0.315        0.891        506.122  6.9e-02        0.074     28.958        0.339       0.884
24900         0.318        0.891        508.163  6.9e-02        0.075     28.944        0.339       0.884
25000         0.315        0.892        510.204  6.9e-02        0.074     31.887        0.339       0.884
25100         0.319        0.890        512.245  6.9e-02        0.074     28.967        0.339       0.884
25200         0.316        0.891        514.286  6.9e-02        0.074     28.979        0.339       0.884
25300         0.317        0.890        516.327  6.8e-02        0.074     28.959        0.339       0.884
25400         0.316        0.891        518.367  6.8e-02        0.074     28.966        0.339       0.884
25500         0.317        0.891        520.408  6.8e-02        0.074     28.970        0.339       0.884
25600         0.317        0.891        522.449  6.8e-02        0.074     28.959        0.339       0.884
25700         0.315        0.891        524.490  6.8e-02        0.074     28.968        0.339       0.884
25800         0.318        0.891        526.531  6.8e-02        0.075     28.957        0.339       0.884
25900         0.317        0.890        528.571  6.8e-02        0.074     28.946        0.339       0.884
26000         0.316        0.892        530.612  6.8e-02        0.074     31.866        0.340       0.884
26100         0.317        0.891        532.653  6.7e-02        0.075     29.073        0.340       0.884
26200         0.315        0.893        534.694  6.7e-02        0.079     30.146        0.340       0.884
26300         0.317        0.892        536.735  6.7e-02        0.078     30.440        0.340       0.884
26400         0.315        0.892        538.776  6.7e-02        0.076     29.347        0.340       0.884
26500         0.316        0.891        540.816  6.7e-02        0.076     29.596        0.340       0.884
26600         0.318        0.891        542.857  6.7e-02        0.076     29.335        0.340       0.884
26700         0.316        0.891        544.898  6.7e-02        0.075     29.353        0.340       0.884
26800         0.317        0.891        546.939  6.7e-02        0.079     29.327        0.340       0.884
26900         0.315        0.891        548.980  6.6e-02        0.075     29.331        0.340       0.884
27000         0.316        0.892        551.020  6.6e-02        0.075     32.256        0.338       0.884
27100         0.317        0.891        553.061  6.6e-02        0.076     29.343        0.338       0.884
27200         0.316        0.891        555.102  6.6e-02        0.076     29.340        0.338       0.884
27300         0.316        0.891        557.143  6.6e-02        0.076     29.337        0.338       0.884
27400         0.316        0.891        559.184  6.6e-02        0.076     29.339        0.338       0.884
27500         0.316        0.891        561.224  6.6e-02        0.075     29.347        0.338       0.884
27600         0.316        0.892        563.265  6.6e-02        0.075     29.332        0.338       0.884
27700         0.316        0.891        565.306  6.5e-02        0.075     29.343        0.338       0.884
27800         0.316        0.892        567.347  6.5e-02        0.075     29.322        0.338       0.884
27900         0.317        0.890        569.388  6.5e-02        0.075     29.379        0.338       0.884
28000         0.315        0.892        571.429  6.5e-02        0.075     32.226        0.338       0.885
28100         0.314        0.892        573.469  6.5e-02        0.075     29.200        0.338       0.885
28200         0.317        0.891        575.510  6.5e-02        0.075     29.198        0.338       0.885
28300         0.315        0.891        577.551  6.5e-02        0.076     29.192        0.338       0.885
28400         0.318        0.890        579.592  6.5e-02        0.075     29.183        0.338       0.885
28500         0.316        0.891        581.633  6.4e-02        0.075     29.183        0.338       0.885
28600         0.314        0.892        583.673  6.4e-02        0.075     29.203        0.338       0.885
28700         0.317        0.891        585.714  6.4e-02        0.075     29.198        0.338       0.885
    t    train_loss    train_acc    train_epoch       lr    data_time    it_time    test_loss    test_acc
-----  ------------  -----------  -------------  -------  -----------  ---------  -----------  ----------
28800         0.315        0.891        587.755  6.4e-02        0.075     29.186        0.338       0.885
28900         0.316        0.892        589.796  6.4e-02        0.075     29.199        0.338       0.885
29000         0.315        0.892        591.837  6.4e-02        0.076     32.122        0.339       0.884
29100         0.317        0.891        593.878  6.4e-02        0.074     29.182        0.339       0.884
29200         0.318        0.891        595.918  6.4e-02        0.075     29.202        0.339       0.884
29300         0.317        0.891        597.959  6.3e-02        0.076     29.214        0.339       0.884
29400         0.316        0.891        600.000  6.3e-02        0.074     29.171        0.339       0.884
29500         0.315        0.891        602.041  6.3e-02        0.077     29.192        0.339       0.884
29600         0.315        0.892        604.082  6.3e-02        0.075     29.219        0.339       0.884
29700         0.316        0.891        606.122  6.3e-02        0.076     29.195        0.339       0.884
29800         0.316        0.890        608.163  6.3e-02        0.074     29.198        0.339       0.884
29900         0.316        0.891        610.204  6.3e-02        0.076     29.215        0.339       0.884
30000         0.317        0.891        612.245  6.3e-02        0.075     32.130        0.338       0.883
30100         0.314        0.892        614.286  6.2e-02        0.075     29.186        0.338       0.883
30200         0.316        0.890        616.327  6.2e-02        0.075     29.199        0.338       0.883
30300         0.315        0.891        618.367  6.2e-02        0.075     29.188        0.338       0.883
30400         0.315        0.892        620.408  6.2e-02        0.075     29.197        0.338       0.883
30500         0.318        0.890        622.449  6.2e-02        0.075     29.206        0.338       0.883
30600         0.315        0.891        624.490  6.2e-02        0.075     29.187        0.338       0.883
30700         0.315        0.892        626.531  6.2e-02        0.075     29.203        0.338       0.883
30800         0.316        0.891        628.571  6.2e-02        0.075     29.216        0.338       0.883
30900         0.316        0.892        630.612  6.1e-02        0.075     29.194        0.338       0.883
31000         0.315        0.891        632.653  6.1e-02        0.075     32.164        0.338       0.884
31100         0.316        0.892        634.694  6.1e-02        0.075     29.182        0.338       0.884
31200         0.316        0.890        636.735  6.1e-02        0.076     29.212        0.338       0.884
31300         0.316        0.891        638.776  6.1e-02        0.075     29.205        0.338       0.884
31400         0.314        0.892        640.816  6.1e-02        0.076     29.201        0.338       0.884
31500         0.315        0.891        642.857  6.1e-02        0.075     29.213        0.338       0.884
31600         0.316        0.892        644.898  6.1e-02        0.075     29.192        0.338       0.884
31700         0.315        0.891        646.939  6.0e-02        0.076     29.189        0.338       0.884
31800         0.315        0.892        648.980  6.0e-02        0.075     29.215        0.338       0.884
31900         0.315        0.891        651.020  6.0e-02        0.075     29.175        0.338       0.884
32000         0.314        0.891        653.061  6.0e-02        0.076     32.131        0.338       0.885
32100         0.315        0.892        655.102  6.0e-02        0.076     29.213        0.338       0.885
32200         0.315        0.892        657.143  6.0e-02        0.076     29.194        0.338       0.885
32300         0.317        0.891        659.184  6.0e-02        0.076     29.180        0.338       0.885
32400         0.315        0.892        661.224  6.0e-02        0.076     29.219        0.338       0.885
32500         0.316        0.892        663.265  5.9e-02        0.075     29.175        0.338       0.885
32600         0.316        0.891        665.306  5.9e-02        0.077     29.182        0.338       0.885
32700         0.315        0.892        667.347  5.9e-02        0.075     29.224        0.338       0.885
32800         0.317        0.891        669.388  5.9e-02        0.075     29.193        0.338       0.885
    t    train_loss    train_acc    train_epoch       lr    data_time    it_time    test_loss    test_acc
-----  ------------  -----------  -------------  -------  -----------  ---------  -----------  ----------
32900         0.316        0.891        671.429  5.9e-02        0.075     29.181        0.338       0.885
33000         0.315        0.892        673.469  5.9e-02        0.075     32.152        0.339       0.883
33100         0.316        0.890        675.510  5.9e-02        0.075     29.234        0.339       0.883
33200         0.315        0.891        677.551  5.9e-02        0.075     29.184        0.339       0.883
33300         0.316        0.891        679.592  5.8e-02        0.076     29.186        0.339       0.883
33400         0.314        0.892        681.633  5.8e-02        0.076     29.157        0.339       0.883
33500         0.316        0.891        683.673  5.8e-02        0.075     29.191        0.339       0.883
33600         0.316        0.892        685.714  5.8e-02        0.075     29.182        0.339       0.883
33700         0.316        0.891        687.755  5.8e-02        0.076     29.205        0.339       0.883
33800         0.316        0.892        689.796  5.8e-02        0.075     29.202        0.339       0.883
33900         0.317        0.890        691.837  5.8e-02        0.076     29.185        0.339       0.883
34000         0.317        0.890        693.878  5.8e-02        0.074     32.132        0.339       0.884
34100         0.315        0.892        695.918  5.7e-02        0.076     29.222        0.339       0.884
34200         0.317        0.891        697.959  5.7e-02        0.076     29.200        0.339       0.884
34300         0.315        0.892        700.000  5.7e-02        0.074     29.161        0.339       0.884
34400         0.315        0.892        702.041  5.7e-02        0.075     29.216        0.339       0.884
34500         0.316        0.891        704.082  5.7e-02        0.076     29.183        0.339       0.884
34600         0.314        0.892        706.122  5.7e-02        0.075     29.193        0.339       0.884
34700         0.316        0.890        708.163  5.7e-02        0.075     29.199        0.339       0.884
34800         0.314        0.892        710.204  5.7e-02        0.075     29.184        0.339       0.884
34900         0.316        0.890        712.245  5.6e-02        0.075     29.219        0.339       0.884
35000         0.315        0.890        714.286  5.6e-02        0.076     32.145        0.338       0.884
35100         0.316        0.891        716.327  5.6e-02        0.075     29.221        0.338       0.884
35200         0.316        0.891        718.367  5.6e-02        0.075     29.192        0.338       0.884
35300         0.315        0.892        720.408  5.6e-02        0.075     29.191        0.338       0.884
35400         0.316        0.892        722.449  5.6e-02        0.075     29.211        0.338       0.884
35500         0.316        0.891        724.490  5.6e-02        0.075     29.189        0.338       0.884
35600         0.317        0.890        726.531  5.6e-02        0.075     29.207        0.338       0.884
35700         0.312        0.892        728.571  5.5e-02        0.075     29.228        0.338       0.884
35800         0.315        0.892        730.612  5.5e-02        0.075     29.213        0.338       0.884
35900         0.315        0.892        732.653  5.5e-02        0.074     29.201        0.338       0.884
36000         0.316        0.892        734.694  5.5e-02        0.075     32.134        0.339       0.884
36100         0.316        0.892        736.735  5.5e-02        0.076     29.189        0.339       0.884
36200         0.315        0.892        738.776  5.5e-02        0.075     29.192        0.339       0.884
36300         0.315        0.891        740.816  5.5e-02        0.074     29.202        0.339       0.884
36400         0.317        0.890        742.857  5.5e-02        0.075     29.198        0.339       0.884
36500         0.313        0.891        744.898  5.4e-02        0.075     29.213        0.339       0.884
36600         0.315        0.892        746.939  5.4e-02        0.076     29.217        0.339       0.884
36700         0.316        0.892        748.980  5.4e-02        0.075     29.157        0.339       0.884
36800         0.315        0.891        751.020  5.4e-02        0.075     29.130        0.339       0.884
36900         0.315        0.892        753.061  5.4e-02        0.075     29.206        0.339       0.884
    t    train_loss    train_acc    train_epoch       lr    data_time    it_time    test_loss    test_acc
-----  ------------  -----------  -------------  -------  -----------  ---------  -----------  ----------
37000         0.315        0.891        755.102  5.4e-02        0.075     32.151        0.338       0.885
37100         0.316        0.892        757.143  5.4e-02        0.077     29.190        0.338       0.885
37200         0.316        0.891        759.184  5.4e-02        0.075     29.223        0.338       0.885
37300         0.314        0.892        761.224  5.3e-02        0.076     29.188        0.338       0.885
37400         0.315        0.891        763.265  5.3e-02        0.076     29.273        0.338       0.885
37500         0.315        0.892        765.306  5.3e-02        0.078     30.108        0.338       0.885
37600         0.317        0.891        767.347  5.3e-02        0.076     29.322        0.338       0.885
37700         0.314        0.891        769.388  5.3e-02        0.075     29.344        0.338       0.885
37800         0.316        0.891        771.429  5.3e-02        0.075     29.337        0.338       0.885
37900         0.316        0.890        773.469  5.3e-02        0.076     29.334        0.338       0.885
38000         0.315        0.891        775.510  5.3e-02        0.075     32.306        0.339       0.884
38100         0.315        0.892        777.551  5.2e-02        0.075     29.343        0.339       0.884
38200         0.315        0.891        779.592  5.2e-02        0.076     29.332        0.339       0.884
38300         0.315        0.891        781.633  5.2e-02        0.075     29.340        0.339       0.884
38400         0.314        0.892        783.673  5.2e-02        0.075     29.344        0.339       0.884
38500         0.314        0.892        785.714  5.2e-02        0.076     29.359        0.339       0.884
38600         0.316        0.891        787.755  5.2e-02        0.075     29.347        0.339       0.884
38700         0.315        0.891        789.796  5.2e-02        0.074     29.216        0.339       0.884
38800         0.315        0.891        791.837  5.2e-02        0.075     29.202        0.339       0.884
38900         0.314        0.891        793.878  5.1e-02        0.076     29.213        0.339       0.884
39000         0.315        0.892        795.918  5.1e-02        0.076     32.265        0.338       0.884
39100         0.315        0.891        797.959  5.1e-02        0.078     29.341        0.338       0.884
39200         0.315        0.892        800.000  5.1e-02        0.076     29.275        0.338       0.884
39300         0.315        0.892        802.041  5.1e-02        0.075     29.336        0.338       0.884
39400         0.314        0.892        804.082  5.1e-02        0.076     29.342        0.338       0.884
39500         0.315        0.891        806.122  5.1e-02        0.076     29.343        0.338       0.884
39600         0.314        0.892        808.163  5.1e-02        0.076     29.336        0.338       0.884
39700         0.315        0.891        810.204  5.0e-02        0.076     29.331        0.338       0.884
39800         0.315        0.892        812.245  5.0e-02        0.076     29.341        0.338       0.884
39900         0.315        0.891        814.286  5.0e-02        0.075     29.345        0.338       0.884
40000         0.314        0.892        816.327  5.0e-02        0.076     32.343        0.338       0.884
40100         0.314        0.892        818.367  5.0e-02        0.077     29.308        0.338       0.884
40200         0.317        0.890        820.408  5.0e-02        0.076     29.204        0.338       0.884
40300         0.314        0.892        822.449  5.0e-02        0.074     29.201        0.338       0.884
40400         0.315        0.892        824.490  5.0e-02        0.076     29.203        0.338       0.884
40500         0.315        0.892        826.531  4.9e-02        0.075     29.201        0.338       0.884
40600         0.314        0.893        828.571  4.9e-02        0.075     29.216        0.338       0.884
40700         0.313        0.892        830.612  4.9e-02        0.076     29.196        0.338       0.884
40800         0.315        0.891        832.653  4.9e-02        0.076     29.216        0.338       0.884
40900         0.316        0.891        834.694  4.9e-02        0.075     29.208        0.338       0.884
41000         0.314        0.893        836.735  4.9e-02        0.075     32.144        0.338       0.885
    t    train_loss    train_acc    train_epoch       lr    data_time    it_time    test_loss    test_acc
-----  ------------  -----------  -------------  -------  -----------  ---------  -----------  ----------
41100         0.314        0.892        838.776  4.9e-02        0.075     29.192        0.338       0.885
41200         0.315        0.891        840.816  4.9e-02        0.076     29.199        0.338       0.885
41300         0.315        0.892        842.857  4.8e-02        0.075     29.201        0.338       0.885
41400         0.316        0.891        844.898  4.8e-02        0.075     29.222        0.338       0.885
41500         0.315        0.892        846.939  4.8e-02        0.077     29.191        0.338       0.885
41600         0.317        0.891        848.980  4.8e-02        0.076     29.200        0.338       0.885
41700         0.316        0.891        851.020  4.8e-02        0.074     29.165        0.338       0.885
41800         0.316        0.891        853.061  4.8e-02        0.074     29.196        0.338       0.885
41900         0.316        0.891        855.102  4.8e-02        0.075     29.179        0.338       0.885
42000         0.316        0.892        857.143  4.8e-02        0.076     32.129        0.338       0.885
42100         0.315        0.892        859.184  4.7e-02        0.076     29.175        0.338       0.885
42200         0.313        0.892        861.224  4.7e-02        0.074     29.205        0.338       0.885
42300         0.316        0.891        863.265  4.7e-02        0.076     29.187        0.338       0.885
42400         0.315        0.891        865.306  4.7e-02        0.075     29.185        0.338       0.885
42500         0.315        0.892        867.347  4.7e-02        0.075     29.191        0.338       0.885
42600         0.317        0.891        869.388  4.7e-02        0.074     29.292        0.338       0.885
42700         0.313        0.893        871.429  4.7e-02        0.076     29.590        0.338       0.885
42800         0.315        0.892        873.469  4.7e-02        0.077     29.459        0.338       0.885
42900         0.315        0.890        875.510  4.6e-02        0.075     29.345        0.338       0.885
43000         0.315        0.892        877.551  4.6e-02        0.076     32.302        0.338       0.883
43100         0.315        0.892        879.592  4.6e-02        0.076     29.328        0.338       0.883
43200         0.314        0.891        881.633  4.6e-02        0.075     29.343        0.338       0.883
43300         0.316        0.891        883.673  4.6e-02        0.076     29.340        0.338       0.883
43400         0.315        0.891        885.714  4.6e-02        0.076     29.334        0.338       0.883
43500         0.314        0.892        887.755  4.6e-02        0.075     29.330        0.338       0.883
43600         0.316        0.891        889.796  4.6e-02        0.076     29.337        0.338       0.883
43700         0.314        0.892        891.837  4.5e-02        0.076     29.343        0.338       0.883
43800         0.316        0.891        893.878  4.5e-02        0.075     29.345        0.338       0.883
43900         0.316        0.891        895.918  4.5e-02        0.077     29.337        0.338       0.883
44000         0.315        0.890        897.959  4.5e-02        0.078     32.319        0.339       0.885
44100         0.315        0.892        900.000  4.5e-02        0.081     29.855        0.339       0.885
44200         0.315        0.892        902.041  4.5e-02        0.078     29.918        0.339       0.885
44300         0.316        0.891        904.082  4.5e-02        0.078     29.324        0.339       0.885
44400         0.314        0.892        906.122  4.5e-02        0.079     29.336        0.339       0.885
44500         0.316        0.891        908.163  4.4e-02        0.077     29.318        0.339       0.885
44600         0.316        0.892        910.204  4.4e-02        0.077     29.321        0.339       0.885
44700         0.313        0.892        912.245  4.4e-02        0.076     29.326        0.339       0.885
44800         0.316        0.891        914.286  4.4e-02        0.075     29.332        0.339       0.885
44900         0.317        0.892        916.327  4.4e-02        0.075     29.327        0.339       0.885
45000         0.313        0.892        918.367  4.4e-02        0.075     32.276        0.338       0.884
45100         0.316        0.891        920.408  4.4e-02        0.076     29.324        0.338       0.884
    t    train_loss    train_acc    train_epoch       lr    data_time    it_time    test_loss    test_acc
-----  ------------  -----------  -------------  -------  -----------  ---------  -----------  ----------
45200         0.314        0.891        922.449  4.4e-02        0.076     29.328        0.338       0.884
45300         0.315        0.891        924.490  4.3e-02        0.075     29.340        0.338       0.884
45400         0.317        0.891        926.531  4.3e-02        0.077     29.810        0.338       0.884
45500         0.313        0.892        928.571  4.3e-02        0.079     30.054        0.338       0.884
45600         0.314        0.891        930.612  4.3e-02        0.075     29.100        0.338       0.884
45700         0.315        0.892        932.653  4.3e-02        0.075     29.097        0.338       0.884
45800         0.316        0.891        934.694  4.3e-02        0.075     29.105        0.338       0.884
45900         0.313        0.893        936.735  4.3e-02        0.076     29.090        0.338       0.884
46000         0.315        0.891        938.776  4.3e-02        0.075     32.039        0.338       0.883
46100         0.317        0.891        940.816  4.2e-02        0.075     29.088        0.338       0.883
46200         0.314        0.892        942.857  4.2e-02        0.075     29.106        0.338       0.883
46300         0.315        0.893        944.898  4.2e-02        0.075     29.092        0.338       0.883
46400         0.314        0.892        946.939  4.2e-02        0.076     29.103        0.338       0.883
46500         0.316        0.892        948.980  4.2e-02        0.076     29.357        0.338       0.883
46600         0.316        0.892        951.020  4.2e-02        0.079     29.678        0.338       0.883
