  t    train_loss    train_acc    train_epoch       lr    data_time    it_time
---  ------------  -----------  -------------  -------  -----------  ---------
100         0.659        0.771          2.041  1.0e-01        0.317     24.830
200         0.514        0.817          4.082  1.0e-01        0.079     22.764
300         0.486        0.827          6.122  1.0e-01        0.081     22.727
400         0.473        0.831          8.163  1.0e-01        0.083     22.862
500         0.461        0.836         10.204  9.9e-02        0.079     22.371
600         0.454        0.838         12.245  9.9e-02        0.078     22.373
700         0.450        0.840         14.286  9.9e-02        0.079     22.376
800         0.441        0.843         16.327  9.9e-02        0.079     22.375
900         0.440        0.843         18.367  9.9e-02        0.078     22.386
1000         0.435        0.844         20.408  9.9e-02        0.078     25.606        0.439       0.846
1100         0.431        0.846         22.449  9.9e-02        0.079     22.387        0.439       0.846
1200         0.427        0.847         24.490  9.9e-02        0.079     22.387        0.439       0.846
1300         0.424        0.850         26.531  9.8e-02        0.081     22.390        0.439       0.846
1400         0.420        0.850         28.571  9.8e-02        0.078     22.398        0.439       0.846
1500         0.421        0.850         30.612  9.8e-02        0.078     22.400        0.439       0.846
1600         0.413        0.852         32.653  9.8e-02        0.079     22.405        0.439       0.846
1700         0.412        0.854         34.694  9.8e-02        0.079     22.417        0.439       0.846
1800         0.409        0.855         36.735  9.8e-02        0.078     22.488        0.439       0.846
1900         0.410        0.855         38.776  9.8e-02        0.078     22.299        0.439       0.846
2000         0.407        0.856         40.816  9.8e-02        0.078     24.581        0.409       0.858
2100         0.408        0.855         42.857  9.7e-02        0.078     22.292        0.409       0.858
2200         0.404        0.856         44.898  9.7e-02        0.078     22.290        0.409       0.858
2300         0.404        0.856         46.939  9.7e-02        0.079     22.293        0.409       0.858
2400         0.402        0.856         48.980  9.7e-02        0.078     22.295        0.409       0.858
2500         0.399        0.858         51.020  9.7e-02        0.078     22.258        0.409       0.858
2600         0.401        0.857         53.061  9.7e-02        0.079     22.300        0.409       0.858
2700         0.400        0.857         55.102  9.7e-02        0.078     22.303        0.409       0.858
2800         0.397        0.859         57.143  9.7e-02        0.078     22.302        0.409       0.858
2900         0.393        0.859         59.184  9.6e-02        0.078     22.297        0.409       0.858
3000         0.396        0.859         61.224  9.6e-02        0.078     24.590        0.397       0.859
3100         0.396        0.860         63.265  9.6e-02        0.079     22.303        0.397       0.859
3200         0.396        0.859         65.306  9.6e-02        0.078     22.304        0.397       0.859
3300         0.392        0.860         67.347  9.6e-02        0.079     22.307        0.397       0.859
3400         0.395        0.859         69.388  9.6e-02        0.078     22.305        0.397       0.859
3500         0.390        0.861         71.429  9.6e-02        0.078     22.311        0.397       0.859
3600         0.390        0.861         73.469  9.6e-02        0.078     22.310        0.397       0.859
3700         0.391        0.861         75.510  9.5e-02        0.078     22.306        0.397       0.859
3800         0.390        0.861         77.551  9.5e-02        0.078     22.312        0.397       0.859
3900         0.388        0.862         79.592  9.5e-02        0.078     22.310        0.397       0.859
4000         0.386        0.863         81.633  9.5e-02        0.078     24.610        0.395       0.863
4100         0.385        0.863         83.673  9.5e-02        0.078     22.310        0.395       0.863
   t    train_loss    train_acc    train_epoch       lr    data_time    it_time    test_loss    test_acc
----  ------------  -----------  -------------  -------  -----------  ---------  -----------  ----------
4200         0.387        0.863         85.714  9.5e-02        0.078     22.312        0.395       0.863
4300         0.384        0.863         87.755  9.5e-02        0.078     22.314        0.395       0.863
4400         0.383        0.864         89.796  9.5e-02        0.079     22.318        0.395       0.863
4500         0.386        0.862         91.837  9.4e-02        0.078     22.317        0.395       0.863
4600         0.383        0.863         93.878  9.4e-02        0.078     22.318        0.395       0.863
4700         0.382        0.863         95.918  9.4e-02        0.077     22.317        0.395       0.863
4800         0.382        0.865         97.959  9.4e-02        0.080     22.321        0.395       0.863
4900         0.382        0.865        100.000  9.4e-02        0.078     22.278        0.395       0.863
5000         0.380        0.865        102.041  9.4e-02        0.079     24.655        0.397       0.861
5100         0.380        0.866        104.082  9.4e-02        0.078     22.314        0.397       0.861
5200         0.381        0.864        106.122  9.4e-02        0.078     22.315        0.397       0.861
5300         0.382        0.864        108.163  9.3e-02        0.077     22.312        0.397       0.861
5400         0.381        0.864        110.204  9.3e-02        0.080     22.311        0.397       0.861
5500         0.379        0.865        112.245  9.3e-02        0.077     22.316        0.397       0.861
5600         0.380        0.864        114.286  9.3e-02        0.079     22.311        0.397       0.861
5700         0.381        0.865        116.327  9.3e-02        0.079     22.315        0.397       0.861
5800         0.378        0.865        118.367  9.3e-02        0.079     22.310        0.397       0.861
5900         0.378        0.865        120.408  9.3e-02        0.078     22.316        0.397       0.861
6000         0.378        0.866        122.449  9.3e-02        0.078     24.612        0.395       0.863
6100         0.380        0.864        124.490  9.2e-02        0.079     22.315        0.395       0.863
6200         0.376        0.866        126.531  9.2e-02        0.079     22.315        0.395       0.863
6300         0.377        0.866        128.571  9.2e-02        0.078     22.313        0.395       0.863
6400         0.374        0.867        130.612  9.2e-02        0.079     22.317        0.395       0.863
6500         0.379        0.865        132.653  9.2e-02        0.078     22.315        0.395       0.863
6600         0.374        0.867        134.694  9.2e-02        0.078     22.315        0.395       0.863
6700         0.376        0.866        136.735  9.2e-02        0.080     22.316        0.395       0.863
6800         0.375        0.866        138.776  9.2e-02        0.078     22.315        0.395       0.863
6900         0.371        0.868        140.816  9.1e-02        0.078     22.311        0.395       0.863
7000         0.375        0.866        142.857  9.1e-02        0.078     24.615        0.395       0.862
7100         0.377        0.866        144.898  9.1e-02        0.078     22.316        0.395       0.862
7200         0.372        0.868        146.939  9.1e-02        0.080     22.316        0.395       0.862
7300         0.375        0.866        148.980  9.1e-02        0.078     22.317        0.395       0.862
7400         0.376        0.866        151.020  9.1e-02        0.078     22.278        0.395       0.862
7500         0.374        0.867        153.061  9.1e-02        0.078     22.315        0.395       0.862
7600         0.372        0.868        155.102  9.1e-02        0.078     22.311        0.395       0.862
7700         0.370        0.867        157.143  9.0e-02        0.078     22.315        0.395       0.862
7800         0.371        0.869        159.184  9.0e-02        0.078     22.313        0.395       0.862
7900         0.369        0.869        161.224  9.0e-02        0.078     22.317        0.395       0.862
8000         0.374        0.867        163.265  9.0e-02        0.078     24.613        0.390       0.863
8100         0.374        0.866        165.306  9.0e-02        0.079     22.316        0.390       0.863
8200         0.372        0.868        167.347  9.0e-02        0.078     22.315        0.390       0.863
   t    train_loss    train_acc    train_epoch       lr    data_time    it_time    test_loss    test_acc
----  ------------  -----------  -------------  -------  -----------  ---------  -----------  ----------
8300         0.372        0.867        169.388  9.0e-02        0.078     22.316        0.390       0.863
8400         0.367        0.870        171.429  9.0e-02        0.079     22.322        0.390       0.863
8500         0.370        0.868        173.469  8.9e-02        0.078     22.321        0.390       0.863
8600         0.369        0.867        175.510  8.9e-02        0.079     22.320        0.390       0.863
8700         0.374        0.866        177.551  8.9e-02        0.078     22.321        0.390       0.863
8800         0.368        0.869        179.592  8.9e-02        0.078     22.320        0.390       0.863
8900         0.371        0.868        181.633  8.9e-02        0.078     22.315        0.390       0.863
9000         0.368        0.870        183.673  8.9e-02        0.078     24.618        0.389       0.863
9100         0.370        0.868        185.714  8.9e-02        0.079     22.320        0.389       0.863
9200         0.370        0.868        187.755  8.9e-02        0.078     22.322        0.389       0.863
9300         0.368        0.869        189.796  8.8e-02        0.078     22.322        0.389       0.863
9400         0.370        0.869        191.837  8.8e-02        0.078     22.322        0.389       0.863
9500         0.368        0.869        193.878  8.8e-02        0.079     22.322        0.389       0.863
9600         0.367        0.870        195.918  8.8e-02        0.078     22.323        0.389       0.863
9700         0.370        0.868        197.959  8.8e-02        0.079     22.322        0.389       0.863
9800         0.370        0.868        200.000  8.8e-02        0.077     22.283        0.389       0.863
9900         0.367        0.869        202.041  8.8e-02        0.078     22.317        0.389       0.863
10000         0.372        0.867        204.082  8.8e-02        0.078     24.617        0.385       0.865
10100         0.368        0.869        206.122  8.7e-02        0.078     22.319        0.385       0.865
10200         0.369        0.868        208.163  8.7e-02        0.078     22.319        0.385       0.865
10300         0.369        0.868        210.204  8.7e-02        0.078     22.318        0.385       0.865
10400         0.366        0.870        212.245  8.7e-02        0.080     22.318        0.385       0.865
10500         0.366        0.870        214.286  8.7e-02        0.078     22.316        0.385       0.865
10600         0.369        0.869        216.327  8.7e-02        0.078     22.313        0.385       0.865
10700         0.368        0.869        218.367  8.7e-02        0.078     22.315        0.385       0.865
10800         0.369        0.869        220.408  8.7e-02        0.078     22.318        0.385       0.865
10900         0.364        0.870        222.449  8.6e-02        0.078     22.315        0.385       0.865
11000         0.366        0.871        224.490  8.6e-02        0.077     24.616        0.401       0.859
11100         0.365        0.869        226.531  8.6e-02        0.078     22.312        0.401       0.859
11200         0.365        0.871        228.571  8.6e-02        0.078     22.314        0.401       0.859
11300         0.369        0.868        230.612  8.6e-02        0.079     22.316        0.401       0.859
11400         0.365        0.870        232.653  8.6e-02        0.078     22.316        0.401       0.859
11500         0.367        0.870        234.694  8.6e-02        0.078     22.316        0.401       0.859
11600         0.366        0.870        236.735  8.6e-02        0.078     22.316        0.401       0.859
11700         0.367        0.868        238.776  8.5e-02        0.078     22.314        0.401       0.859
11800         0.365        0.870        240.816  8.5e-02        0.079     22.316        0.401       0.859
11900         0.368        0.869        242.857  8.5e-02        0.078     22.314        0.401       0.859
12000         0.366        0.869        244.898  8.5e-02        0.078     24.619        0.390       0.863
12100         0.365        0.870        246.939  8.5e-02        0.080     22.315        0.390       0.863
12200         0.367        0.868        248.980  8.5e-02        0.079     22.316        0.390       0.863
12300         0.362        0.871        251.020  8.5e-02        0.078     22.277        0.390       0.863
    t    train_loss    train_acc    train_epoch       lr    data_time    it_time    test_loss    test_acc
-----  ------------  -----------  -------------  -------  -----------  ---------  -----------  ----------
12400         0.369        0.869        253.061  8.5e-02        0.079     22.313        0.390       0.863
12500         0.366        0.869        255.102  8.4e-02        0.078     22.320        0.390       0.863
12600         0.364        0.870        257.143  8.4e-02        0.078     22.314        0.390       0.863
12700         0.364        0.871        259.184  8.4e-02        0.078     22.317        0.390       0.863
12800         0.363        0.872        261.224  8.4e-02        0.077     22.317        0.390       0.863
12900         0.367        0.870        263.265  8.4e-02        0.078     22.313        0.390       0.863
13000         0.364        0.871        265.306  8.4e-02        0.078     24.612        0.382       0.866
13100         0.362        0.873        267.347  8.4e-02        0.078     22.318        0.382       0.866
13200         0.365        0.870        269.388  8.4e-02        0.078     22.319        0.382       0.866
13300         0.365        0.871        271.429  8.3e-02        0.078     22.321        0.382       0.866
13400         0.368        0.869        273.469  8.3e-02        0.078     22.319        0.382       0.866
13500         0.364        0.870        275.510  8.3e-02        0.078     22.322        0.382       0.866
13600         0.363        0.871        277.551  8.3e-02        0.079     22.322        0.382       0.866
13700         0.364        0.870        279.592  8.3e-02        0.078     22.322        0.382       0.866
13800         0.365        0.870        281.633  8.3e-02        0.078     22.322        0.382       0.866
13900         0.363        0.872        283.673  8.3e-02        0.078     22.323        0.382       0.866
14000         0.364        0.870        285.714  8.3e-02        0.078     24.626        0.393       0.860
14100         0.362        0.870        287.755  8.2e-02        0.078     22.319        0.393       0.860
14200         0.363        0.871        289.796  8.2e-02        0.078     22.317        0.393       0.860
14300         0.364        0.871        291.837  8.2e-02        0.078     22.320        0.393       0.860
14400         0.366        0.868        293.878  8.2e-02        0.078     22.323        0.393       0.860
14500         0.364        0.870        295.918  8.2e-02        0.078     22.323        0.393       0.860
14600         0.365        0.870        297.959  8.2e-02        0.080     22.319        0.393       0.860
14700         0.365        0.870        300.000  8.2e-02        0.078     22.284        0.393       0.860
14800         0.365        0.871        302.041  8.2e-02        0.078     22.316        0.393       0.860
14900         0.363        0.871        304.082  8.1e-02        0.079     22.321        0.393       0.860
15000         0.364        0.870        306.122  8.1e-02        0.080     24.622        0.390       0.863
15100         0.362        0.871        308.163  8.1e-02        0.080     22.315        0.390       0.863
15200         0.364        0.872        310.204  8.1e-02        0.079     22.314        0.390       0.863
15300         0.360        0.872        312.245  8.1e-02        0.079     22.311        0.390       0.863
15400         0.364        0.871        314.286  8.1e-02        0.079     22.315        0.390       0.863
15500         0.362        0.871        316.327  8.1e-02        0.079     22.311        0.390       0.863
15600         0.361        0.872        318.367  8.1e-02        0.077     22.314        0.390       0.863
15700         0.363        0.871        320.408  8.0e-02        0.078     22.311        0.390       0.863
15800         0.364        0.870        322.449  8.0e-02        0.079     22.314        0.390       0.863
15900         0.361        0.872        324.490  8.0e-02        0.078     22.311        0.390       0.863
16000         0.366        0.870        326.531  8.0e-02        0.079     24.611        0.390       0.863
16100         0.360        0.872        328.571  8.0e-02        0.079     22.313        0.390       0.863
16200         0.365        0.869        330.612  8.0e-02        0.080     22.314        0.390       0.863
16300         0.362        0.871        332.653  8.0e-02        0.080     22.316        0.390       0.863
16400         0.364        0.871        334.694  8.0e-02        0.080     22.313        0.390       0.863
    t    train_loss    train_acc    train_epoch       lr    data_time    it_time    test_loss    test_acc
-----  ------------  -----------  -------------  -------  -----------  ---------  -----------  ----------
16500         0.362        0.871        336.735  7.9e-02        0.078     22.316        0.390       0.863
16600         0.361        0.871        338.776  7.9e-02        0.079     22.318        0.390       0.863
16700         0.363        0.871        340.816  7.9e-02        0.079     22.320        0.390       0.863
16800         0.363        0.871        342.857  7.9e-02        0.078     22.324        0.390       0.863
16900         0.361        0.873        344.898  7.9e-02        0.079     22.320        0.390       0.863
17000         0.360        0.871        346.939  7.9e-02        0.079     24.623        0.396       0.861
17100         0.364        0.871        348.980  7.9e-02        0.078     22.321        0.396       0.861
17200         0.361        0.871        351.020  7.9e-02        0.078     22.284        0.396       0.861
17300         0.361        0.871        353.061  7.8e-02        0.079     22.321        0.396       0.861
17400         0.362        0.870        355.102  7.8e-02        0.078     22.316        0.396       0.861
17500         0.362        0.871        357.143  7.8e-02        0.079     22.319        0.396       0.861
17600         0.364        0.870        359.184  7.8e-02        0.080     22.319        0.396       0.861
17700         0.360        0.872        361.224  7.8e-02        0.080     22.323        0.396       0.861
17800         0.360        0.873        363.265  7.8e-02        0.079     22.321        0.396       0.861
17900         0.363        0.871        365.306  7.8e-02        0.078     22.320        0.396       0.861
18000         0.362        0.871        367.347  7.8e-02        0.078     24.618        0.389       0.863
18100         0.362        0.871        369.388  7.7e-02        0.079     22.321        0.389       0.863
18200         0.361        0.871        371.429  7.7e-02        0.079     22.324        0.389       0.863
18300         0.365        0.870        373.469  7.7e-02        0.079     22.324        0.389       0.863
18400         0.358        0.873        375.510  7.7e-02        0.078     22.324        0.389       0.863
18500         0.363        0.870        377.551  7.7e-02        0.078     22.319        0.389       0.863
18600         0.358        0.872        379.592  7.7e-02        0.079     22.321        0.389       0.863
18700         0.363        0.871        381.633  7.7e-02        0.079     22.324        0.389       0.863
18800         0.361        0.872        383.673  7.7e-02        0.078     22.321        0.389       0.863
18900         0.361        0.872        385.714  7.6e-02        0.079     22.322        0.389       0.863
19000         0.361        0.872        387.755  7.6e-02        0.079     24.617        0.388       0.864
19100         0.360        0.873        389.796  7.6e-02        0.078     22.324        0.388       0.864
19200         0.362        0.872        391.837  7.6e-02        0.079     22.319        0.388       0.864
19300         0.366        0.870        393.878  7.6e-02        0.078     22.317        0.388       0.864
19400         0.360        0.872        395.918  7.6e-02        0.078     22.318        0.388       0.864
19500         0.363        0.870        397.959  7.6e-02        0.079     22.316        0.388       0.864
19600         0.365        0.871        400.000  7.6e-02        0.078     22.281        0.388       0.864
19700         0.361        0.871        402.041  7.5e-02        0.079     22.314        0.388       0.864
19800         0.359        0.873        404.082  7.5e-02        0.078     22.317        0.388       0.864
19900         0.359        0.873        406.122  7.5e-02        0.078     22.312        0.388       0.864
20000         0.360        0.873        408.163  7.5e-02        0.079     24.617        0.386       0.867
20100         0.362        0.870        410.204  7.5e-02        0.079     22.317        0.386       0.867
20200         0.363        0.871        412.245  7.5e-02        0.079     22.315        0.386       0.867
20300         0.360        0.871        414.286  7.5e-02        0.078     22.316        0.386       0.867
20400         0.361        0.871        416.327  7.5e-02        0.080     22.314        0.386       0.867
20500         0.358        0.873        418.367  7.4e-02        0.078     22.316        0.386       0.867
    t    train_loss    train_acc    train_epoch       lr    data_time    it_time    test_loss    test_acc
-----  ------------  -----------  -------------  -------  -----------  ---------  -----------  ----------
20600         0.360        0.872        420.408  7.4e-02        0.078     22.318        0.386       0.867
20700         0.364        0.870        422.449  7.4e-02        0.079     22.318        0.386       0.867
20800         0.361        0.872        424.490  7.4e-02        0.078     22.320        0.386       0.867
20900         0.362        0.871        426.531  7.4e-02        0.078     22.317        0.386       0.867
21000         0.359        0.873        428.571  7.4e-02        0.079     24.623        0.384       0.866
21100         0.361        0.871        430.612  7.4e-02        0.079     22.321        0.384       0.866
21200         0.362        0.871        432.653  7.4e-02        0.078     22.321        0.384       0.866
21300         0.359        0.872        434.694  7.3e-02        0.079     22.319        0.384       0.866
21400         0.362        0.870        436.735  7.3e-02        0.079     22.319        0.384       0.866
21500         0.365        0.870        438.776  7.3e-02        0.078     22.324        0.384       0.866
21600         0.361        0.871        440.816  7.3e-02        0.078     22.321        0.384       0.866
21700         0.359        0.873        442.857  7.3e-02        0.078     22.323        0.384       0.866
21800         0.362        0.872        444.898  7.3e-02        0.079     22.322        0.384       0.866
21900         0.361        0.872        446.939  7.3e-02        0.080     22.321        0.384       0.866
22000         0.358        0.872        448.980  7.3e-02        0.078     24.622        0.384       0.866
22100         0.361        0.871        451.020  7.2e-02        0.078     22.284        0.384       0.866
22200         0.359        0.873        453.061  7.2e-02        0.078     22.323        0.384       0.866
22300         0.360        0.873        455.102  7.2e-02        0.079     22.323        0.384       0.866
22400         0.359        0.872        457.143  7.2e-02        0.079     22.321        0.384       0.866
22500         0.357        0.874        459.184  7.2e-02        0.079     22.323        0.384       0.866
22600         0.359        0.872        461.224  7.2e-02        0.078     22.320        0.384       0.866
22700         0.359        0.872        463.265  7.2e-02        0.079     22.321        0.384       0.866
22800         0.358        0.873        465.306  7.2e-02        0.081     22.318        0.384       0.866
22900         0.361        0.872        467.347  7.1e-02        0.079     22.325        0.384       0.866
23000         0.361        0.871        469.388  7.1e-02        0.078     24.620        0.383       0.867
23100         0.358        0.872        471.429  7.1e-02        0.079     22.320        0.383       0.867
23200         0.357        0.874        473.469  7.1e-02        0.078     22.321        0.383       0.867
23300         0.360        0.873        475.510  7.1e-02        0.078     22.311        0.383       0.867
23400         0.358        0.873        477.551  7.1e-02        0.079     22.313        0.383       0.867
23500         0.358        0.873        479.592  7.1e-02        0.079     22.311        0.383       0.867
23600         0.358        0.872        481.633  7.1e-02        0.079     22.314        0.383       0.867
23700         0.358        0.872        483.673  7.0e-02        0.078     22.316        0.383       0.867
23800         0.360        0.872        485.714  7.0e-02        0.078     22.314        0.383       0.867
23900         0.359        0.872        487.755  7.0e-02        0.078     22.316        0.383       0.867
24000         0.358        0.873        489.796  7.0e-02        0.078     24.615        0.382       0.867
24100         0.361        0.871        491.837  7.0e-02        0.078     22.318        0.382       0.867
24200         0.359        0.872        493.878  7.0e-02        0.078     22.320        0.382       0.867
24300         0.360        0.872        495.918  7.0e-02        0.078     22.319        0.382       0.867
24400         0.358        0.873        497.959  7.0e-02        0.079     22.316        0.382       0.867
24500         0.360        0.871        500.000  6.9e-02        0.078     22.283        0.382       0.867
24600         0.358        0.873        502.041  6.9e-02        0.079     22.317        0.382       0.867
    t    train_loss    train_acc    train_epoch       lr    data_time    it_time    test_loss    test_acc
-----  ------------  -----------  -------------  -------  -----------  ---------  -----------  ----------
24700         0.357        0.873        504.082  6.9e-02        0.080     22.314        0.382       0.867
24800         0.361        0.872        506.122  6.9e-02        0.079     22.320        0.382       0.867
24900         0.357        0.874        508.163  6.9e-02        0.078     22.319        0.382       0.867
25000         0.357        0.873        510.204  6.9e-02        0.078     24.622        0.382       0.867
25100         0.358        0.874        512.245  6.9e-02        0.079     22.321        0.382       0.867
25200         0.358        0.873        514.286  6.9e-02        0.079     22.319        0.382       0.867
25300         0.361        0.872        516.327  6.8e-02        0.079     22.321        0.382       0.867
25400         0.358        0.873        518.367  6.8e-02        0.078     22.324        0.382       0.867
25500         0.356        0.874        520.408  6.8e-02        0.079     22.322        0.382       0.867
25600         0.360        0.871        522.449  6.8e-02        0.078     22.323        0.382       0.867
25700         0.357        0.873        524.490  6.8e-02        0.078     22.322        0.382       0.867
25800         0.357        0.873        526.531  6.8e-02        0.079     22.324        0.382       0.867
25900         0.360        0.872        528.571  6.8e-02        0.078     22.323        0.382       0.867
26000         0.359        0.873        530.612  6.8e-02        0.078     24.626        0.388       0.864
26100         0.361        0.872        532.653  6.7e-02        0.080     22.317        0.388       0.864
26200         0.360        0.871        534.694  6.7e-02        0.078     22.320        0.388       0.864
26300         0.359        0.872        536.735  6.7e-02        0.079     22.319        0.388       0.864
26400         0.357        0.873        538.776  6.7e-02        0.079     22.318        0.388       0.864
26500         0.358        0.872        540.816  6.7e-02        0.080     22.320        0.388       0.864
26600         0.359        0.872        542.857  6.7e-02        0.078     22.318        0.388       0.864
26700         0.361        0.871        544.898  6.7e-02        0.078     22.320        0.388       0.864
26800         0.359        0.872        546.939  6.7e-02        0.080     22.321        0.388       0.864
26900         0.359        0.872        548.980  6.6e-02        0.079     22.318        0.388       0.864
27000         0.358        0.873        551.020  6.6e-02        0.078     24.575        0.391       0.862
27100         0.360        0.872        553.061  6.6e-02        0.079     22.317        0.391       0.862
27200         0.359        0.873        555.102  6.6e-02        0.079     22.316        0.391       0.862
27300         0.359        0.872        557.143  6.6e-02        0.079     22.313        0.391       0.862
27400         0.356        0.874        559.184  6.6e-02        0.079     22.311        0.391       0.862
27500         0.358        0.872        561.224  6.6e-02        0.078     22.314        0.391       0.862
27600         0.360        0.873        563.265  6.6e-02        0.079     22.310        0.391       0.862
27700         0.355        0.874        565.306  6.5e-02        0.078     22.312        0.391       0.862
27800         0.358        0.873        567.347  6.5e-02        0.079     22.313        0.391       0.862
27900         0.356        0.873        569.388  6.5e-02        0.079     22.312        0.391       0.862
28000         0.360        0.871        571.429  6.5e-02        0.079     24.610        0.389       0.864
28100         0.358        0.873        573.469  6.5e-02        0.079     22.315        0.389       0.864
28200         0.357        0.872        575.510  6.5e-02        0.079     22.317        0.389       0.864
28300         0.357        0.873        577.551  6.5e-02        0.079     22.314        0.389       0.864
28400         0.360        0.872        579.592  6.5e-02        0.079     22.313        0.389       0.864
28500         0.358        0.873        581.633  6.4e-02        0.078     22.317        0.389       0.864
28600         0.355        0.874        583.673  6.4e-02        0.078     22.318        0.389       0.864
28700         0.359        0.873        585.714  6.4e-02        0.078     22.317        0.389       0.864
    t    train_loss    train_acc    train_epoch       lr    data_time    it_time    test_loss    test_acc
-----  ------------  -----------  -------------  -------  -----------  ---------  -----------  ----------
28800         0.358        0.872        587.755  6.4e-02        0.078     22.318        0.389       0.864
28900         0.357        0.873        589.796  6.4e-02        0.078     22.322        0.389       0.864
29000         0.356        0.873        591.837  6.4e-02        0.079     24.623        0.389       0.864
29100         0.356        0.874        593.878  6.4e-02        0.079     22.319        0.389       0.864
29200         0.357        0.873        595.918  6.4e-02        0.079     22.321        0.389       0.864
29300         0.361        0.872        597.959  6.3e-02        0.080     22.325        0.389       0.864
29400         0.355        0.873        600.000  6.3e-02        0.078     22.287        0.389       0.864
29500         0.356        0.873        602.041  6.3e-02        0.078     22.324        0.389       0.864
29600         0.359        0.872        604.082  6.3e-02        0.078     22.319        0.389       0.864
29700         0.358        0.873        606.122  6.3e-02        0.079     22.319        0.389       0.864
29800         0.356        0.873        608.163  6.3e-02        0.078     22.321        0.389       0.864
29900         0.360        0.873        610.204  6.3e-02        0.078     22.321        0.389       0.864
30000         0.358        0.873        612.245  6.3e-02        0.078     24.616        0.380       0.868
30100         0.356        0.874        614.286  6.2e-02        0.079     22.319        0.380       0.868
30200         0.359        0.872        616.327  6.2e-02        0.080     22.322        0.380       0.868
30300         0.362        0.871        618.367  6.2e-02        0.079     22.322        0.380       0.868
30400         0.354        0.875        620.408  6.2e-02        0.079     22.321        0.380       0.868
30500         0.358        0.871        622.449  6.2e-02        0.079     22.321        0.380       0.868
30600         0.361        0.872        624.490  6.2e-02        0.079     22.322        0.380       0.868
30700         0.356        0.874        626.531  6.2e-02        0.079     22.318        0.380       0.868
30800         0.357        0.872        628.571  6.2e-02        0.080     22.319        0.380       0.868
30900         0.356        0.873        630.612  6.1e-02        0.079     22.318        0.380       0.868
31000         0.356        0.874        632.653  6.1e-02        0.078     24.624        0.382       0.866
31100         0.358        0.873        634.694  6.1e-02        0.079     22.319        0.382       0.866
31200         0.360        0.872        636.735  6.1e-02        0.078     22.317        0.382       0.866
31300         0.358        0.873        638.776  6.1e-02        0.078     22.317        0.382       0.866
31400         0.359        0.872        640.816  6.1e-02        0.079     22.319        0.382       0.866
31500         0.358        0.873        642.857  6.1e-02        0.078     22.318        0.382       0.866
31600         0.360        0.873        644.898  6.1e-02        0.079     22.318        0.382       0.866
31700         0.358        0.873        646.939  6.0e-02        0.080     22.316        0.382       0.866
31800         0.357        0.873        648.980  6.0e-02        0.078     22.314        0.382       0.866
31900         0.358        0.872        651.020  6.0e-02        0.078     22.282        0.382       0.866
32000         0.357        0.873        653.061  6.0e-02        0.078     24.608        0.384       0.866
32100         0.357        0.873        655.102  6.0e-02        0.079     22.315        0.384       0.866
32200         0.358        0.873        657.143  6.0e-02        0.078     22.316        0.384       0.866
32300         0.356        0.874        659.184  6.0e-02        0.078     22.314        0.384       0.866
32400         0.356        0.873        661.224  6.0e-02        0.079     22.312        0.384       0.866
32500         0.357        0.872        663.265  5.9e-02        0.079     22.318        0.384       0.866
32600         0.356        0.874        665.306  5.9e-02        0.080     22.318        0.384       0.866
32700         0.361        0.872        667.347  5.9e-02        0.080     22.314        0.384       0.866
32800         0.356        0.873        669.388  5.9e-02        0.079     22.316        0.384       0.866
    t    train_loss    train_acc    train_epoch       lr    data_time    it_time    test_loss    test_acc
-----  ------------  -----------  -------------  -------  -----------  ---------  -----------  ----------
32900         0.358        0.872        671.429  5.9e-02        0.079     22.314        0.384       0.866
33000         0.358        0.873        673.469  5.9e-02        0.080     24.617        0.385       0.864
33100         0.356        0.874        675.510  5.9e-02        0.080     22.321        0.385       0.864
33200         0.356        0.873        677.551  5.9e-02        0.079     22.324        0.385       0.864
33300         0.357        0.873        679.592  5.8e-02        0.079     22.320        0.385       0.864
33400         0.356        0.873        681.633  5.8e-02        0.079     22.318        0.385       0.864
33500         0.357        0.874        683.673  5.8e-02        0.079     22.321        0.385       0.864
33600         0.355        0.873        685.714  5.8e-02        0.079     22.324        0.385       0.864
33700         0.359        0.871        687.755  5.8e-02        0.078     22.325        0.385       0.864
33800         0.359        0.872        689.796  5.8e-02        0.079     22.325        0.385       0.864
33900         0.358        0.873        691.837  5.8e-02        0.078     22.322        0.385       0.864
34000         0.357        0.873        693.878  5.8e-02        0.079     24.621        0.381       0.867
34100         0.360        0.871        695.918  5.7e-02        0.078     22.324        0.381       0.867
34200         0.355        0.874        697.959  5.7e-02        0.079     22.323        0.381       0.867
34300         0.356        0.873        700.000  5.7e-02        0.079     22.284        0.381       0.867
34400         0.357        0.874        702.041  5.7e-02        0.079     22.319        0.381       0.867
34500         0.357        0.872        704.082  5.7e-02        0.080     22.317        0.381       0.867
34600         0.357        0.873        706.122  5.7e-02        0.079     22.322        0.381       0.867
34700         0.358        0.873        708.163  5.7e-02        0.078     22.319        0.381       0.867
34800         0.357        0.872        710.204  5.7e-02        0.079     22.320        0.381       0.867
34900         0.359        0.873        712.245  5.6e-02        0.079     22.319        0.381       0.867
35000         0.356        0.873        714.286  5.6e-02        0.078     24.618        0.380       0.868
35100         0.360        0.872        716.327  5.6e-02        0.078     22.319        0.380       0.868
35200         0.355        0.874        718.367  5.6e-02        0.078     22.315        0.380       0.868
35300         0.355        0.876        720.408  5.6e-02        0.079     22.316        0.380       0.868
35400         0.356        0.874        722.449  5.6e-02        0.078     22.317        0.380       0.868
35500         0.354        0.875        724.490  5.6e-02        0.079     22.316        0.380       0.868
35600         0.356        0.873        726.531  5.6e-02        0.079     22.309        0.380       0.868
35700         0.358        0.873        728.571  5.5e-02        0.078     22.315        0.380       0.868
35800         0.356        0.874        730.612  5.5e-02        0.079     22.315        0.380       0.868
35900         0.360        0.872        732.653  5.5e-02        0.079     22.316        0.380       0.868
36000         0.353        0.874        734.694  5.5e-02        0.079     24.615        0.378       0.869
36100         0.354        0.874        736.735  5.5e-02        0.079     22.315        0.378       0.869
36200         0.358        0.873        738.776  5.5e-02        0.079     22.313        0.378       0.869
36300         0.357        0.873        740.816  5.5e-02        0.078     22.316        0.378       0.869
36400         0.358        0.873        742.857  5.5e-02        0.079     22.317        0.378       0.869
36500         0.356        0.874        744.898  5.4e-02        0.079     22.318        0.378       0.869
36600         0.356        0.873        746.939  5.4e-02        0.079     22.319        0.378       0.869
36700         0.358        0.872        748.980  5.4e-02        0.079     22.317        0.378       0.869
36800         0.355        0.874        751.020  5.4e-02        0.079     22.278        0.378       0.869
36900         0.358        0.873        753.061  5.4e-02        0.079     22.316        0.378       0.869
    t    train_loss    train_acc    train_epoch       lr    data_time    it_time    test_loss    test_acc
-----  ------------  -----------  -------------  -------  -----------  ---------  -----------  ----------
37000         0.356        0.874        755.102  5.4e-02        0.079     24.614        0.379       0.868
37100         0.357        0.873        757.143  5.4e-02        0.079     22.319        0.379       0.868
37200         0.355        0.874        759.184  5.4e-02        0.079     22.316        0.379       0.868
37300         0.357        0.873        761.224  5.3e-02        0.080     22.320        0.379       0.868
37400         0.358        0.873        763.265  5.3e-02        0.079     22.322        0.379       0.868
37500         0.357        0.873        765.306  5.3e-02        0.079     22.318        0.379       0.868
37600         0.354        0.874        767.347  5.3e-02        0.079     22.322        0.379       0.868
37700         0.356        0.874        769.388  5.3e-02        0.079     22.321        0.379       0.868
37800         0.359        0.873        771.429  5.3e-02        0.078     22.320        0.379       0.868
37900         0.356        0.874        773.469  5.3e-02        0.078     22.320        0.379       0.868
38000         0.357        0.873        775.510  5.3e-02        0.079     24.618        0.387       0.864
38100         0.358        0.873        777.551  5.2e-02        0.079     22.321        0.387       0.864
38200         0.358        0.872        779.592  5.2e-02        0.079     22.318        0.387       0.864
38300         0.355        0.874        781.633  5.2e-02        0.079     22.320        0.387       0.864
38400         0.357        0.872        783.673  5.2e-02        0.080     22.319        0.387       0.864
38500         0.357        0.873        785.714  5.2e-02        0.079     22.319        0.387       0.864
38600         0.357        0.873        787.755  5.2e-02        0.079     22.320        0.387       0.864
38700         0.357        0.873        789.796  5.2e-02        0.078     22.320        0.387       0.864
38800         0.356        0.874        791.837  5.2e-02        0.078     22.325        0.387       0.864
38900         0.357        0.874        793.878  5.1e-02        0.078     22.324        0.387       0.864
39000         0.355        0.874        795.918  5.1e-02        0.078     24.624        0.388       0.863
39100         0.356        0.873        797.959  5.1e-02        0.080     22.326        0.388       0.863
39200         0.355        0.874        800.000  5.1e-02        0.079     22.285        0.388       0.863
39300         0.355        0.874        802.041  5.1e-02        0.079     22.319        0.388       0.863
39400         0.354        0.875        804.082  5.1e-02        0.079     22.319        0.388       0.863
39500         0.355        0.875        806.122  5.1e-02        0.079     22.321        0.388       0.863
39600         0.355        0.875        808.163  5.1e-02        0.079     22.319        0.388       0.863
39700         0.356        0.873        810.204  5.0e-02        0.079     22.316        0.388       0.863
39800         0.356        0.873        812.245  5.0e-02        0.079     22.317        0.388       0.863
39900         0.356        0.874        814.286  5.0e-02        0.079     22.316        0.388       0.863
40000         0.357        0.873        816.327  5.0e-02        0.079     24.616        0.384       0.865
40100         0.357        0.873        818.367  5.0e-02        0.080     22.314        0.384       0.865
40200         0.357        0.873        820.408  5.0e-02        0.080     22.318        0.384       0.865
40300         0.358        0.873        822.449  5.0e-02        0.079     22.316        0.384       0.865
40400         0.356        0.873        824.490  5.0e-02        0.080     22.315        0.384       0.865
40500         0.356        0.874        826.531  4.9e-02        0.079     22.316        0.384       0.865
40600         0.357        0.873        828.571  4.9e-02        0.079     22.312        0.384       0.865
40700         0.354        0.875        830.612  4.9e-02        0.078     22.317        0.384       0.865
40800         0.356        0.874        832.653  4.9e-02        0.079     22.392        0.384       0.865
40900         0.353        0.875        834.694  4.9e-02        0.079     22.377        0.384       0.865
41000         0.356        0.874        836.735  4.9e-02        0.079     24.642        0.383       0.866
    t    train_loss    train_acc    train_epoch       lr    data_time    it_time    test_loss    test_acc
-----  ------------  -----------  -------------  -------  -----------  ---------  -----------  ----------
41100         0.356        0.875        838.776  4.9e-02        0.080     22.319        0.383       0.866
41200         0.357        0.873        840.816  4.9e-02        0.078     22.322        0.383       0.866
41300         0.355        0.873        842.857  4.8e-02        0.078     22.319        0.383       0.866
41400         0.353        0.874        844.898  4.8e-02        0.079     22.322        0.383       0.866
41500         0.357        0.873        846.939  4.8e-02        0.080     22.322        0.383       0.866
41600         0.356        0.873        848.980  4.8e-02        0.078     22.323        0.383       0.866
41700         0.356        0.874        851.020  4.8e-02        0.078     22.287        0.383       0.866
41800         0.354        0.875        853.061  4.8e-02        0.078     22.321        0.383       0.866
41900         0.357        0.873        855.102  4.8e-02        0.079     22.321        0.383       0.866
42000         0.353        0.875        857.143  4.8e-02        0.079     24.652        0.377       0.869
42100         0.354        0.874        859.184  4.7e-02        0.079     22.319        0.377       0.869
42200         0.357        0.873        861.224  4.7e-02        0.078     22.454        0.377       0.869
42300         0.355        0.874        863.265  4.7e-02        0.079     22.392        0.377       0.869
42400         0.355        0.875        865.306  4.7e-02        0.078     22.316        0.377       0.869
42500         0.357        0.874        867.347  4.7e-02        0.080     22.314        0.377       0.869
42600         0.355        0.875        869.388  4.7e-02        0.079     22.320        0.377       0.869
42700         0.358        0.873        871.429  4.7e-02        0.078     22.322        0.377       0.869
42800         0.357        0.872        873.469  4.7e-02        0.079     22.314        0.377       0.869
42900         0.354        0.874        875.510  4.6e-02        0.080     22.319        0.377       0.869
43000         0.355        0.873        877.551  4.6e-02        0.079     24.620        0.382       0.868
43100         0.355        0.874        879.592  4.6e-02        0.079     22.322        0.382       0.868
43200         0.358        0.874        881.633  4.6e-02        0.079     22.324        0.382       0.868
43300         0.355        0.873        883.673  4.6e-02        0.079     22.324        0.382       0.868
43400         0.354        0.875        885.714  4.6e-02        0.079     22.324        0.382       0.868
43500         0.354        0.873        887.755  4.6e-02        0.079     22.327        0.382       0.868
43600         0.357        0.874        889.796  4.6e-02        0.079     22.324        0.382       0.868
43700         0.355        0.874        891.837  4.5e-02        0.079     22.319        0.382       0.868
43800         0.356        0.873        893.878  4.5e-02        0.080     22.319        0.382       0.868
43900         0.355        0.874        895.918  4.5e-02        0.080     22.319        0.382       0.868
44000         0.355        0.874        897.959  4.5e-02        0.081     24.651        0.379       0.869
44100         0.356        0.874        900.000  4.5e-02        0.080     22.279        0.379       0.869
44200         0.355        0.873        902.041  4.5e-02        0.080     22.317        0.379       0.869
44300         0.355        0.875        904.082  4.5e-02        0.080     22.313        0.379       0.869
44400         0.356        0.874        906.122  4.5e-02        0.080     22.314        0.379       0.869
44500         0.356        0.874        908.163  4.4e-02        0.079     22.312        0.379       0.869
44600         0.355        0.874        910.204  4.4e-02        0.079     22.311        0.379       0.869
44700         0.355        0.874        912.245  4.4e-02        0.079     22.333        0.379       0.869
44800         0.354        0.875        914.286  4.4e-02        0.080     22.312        0.379       0.869
44900         0.357        0.874        916.327  4.4e-02        0.080     22.308        0.379       0.869
45000         0.356        0.875        918.367  4.4e-02        0.078     24.610        0.379       0.869
45100         0.355        0.874        920.408  4.4e-02        0.079     22.316        0.379       0.869
    t    train_loss    train_acc    train_epoch       lr    data_time    it_time    test_loss    test_acc
-----  ------------  -----------  -------------  -------  -----------  ---------  -----------  ----------
45200         0.357        0.874        922.449  4.4e-02        0.079     22.316        0.379       0.869
45300         0.355        0.874        924.490  4.3e-02        0.079     22.316        0.379       0.869
45400         0.355        0.874        926.531  4.3e-02        0.079     22.321        0.379       0.869
45500         0.357        0.873        928.571  4.3e-02        0.079     22.323        0.379       0.869
45600         0.355        0.875        930.612  4.3e-02        0.080     22.342        0.379       0.869
45700         0.357        0.873        932.653  4.3e-02        0.079     22.320        0.379       0.869
45800         0.354        0.875        934.694  4.3e-02        0.080     22.323        0.379       0.869
45900         0.356        0.873        936.735  4.3e-02        0.079     22.320        0.379       0.869
46000         0.356        0.874        938.776  4.3e-02        0.080     24.620        0.378       0.869
46100         0.356        0.874        940.816  4.2e-02        0.079     22.316        0.378       0.869
46200         0.355        0.875        942.857  4.2e-02        0.078     22.315        0.378       0.869
46300         0.355        0.874        944.898  4.2e-02        0.078     22.319        0.378       0.869
46400         0.354        0.874        946.939  4.2e-02        0.081     22.318        0.378       0.869
46500         0.355        0.875        948.980  4.2e-02        0.079     22.316        0.378       0.869
46600         0.354        0.875        951.020  4.2e-02        0.079     22.279        0.378       0.869
46700         0.355        0.873        953.061  4.2e-02        0.079     22.319        0.378       0.869
46800         0.356        0.873        955.102  4.2e-02        0.080     22.316        0.378       0.869
46900         0.355        0.874        957.143  4.1e-02        0.079     22.320        0.378       0.869
47000         0.355        0.875        959.184  4.1e-02        0.079     24.616        0.380       0.869
47100         0.356        0.875        961.224  4.1e-02        0.080     22.320        0.380       0.869
47200         0.354        0.874        963.265  4.1e-02        0.079     22.321        0.380       0.869
47300         0.354        0.874        965.306  4.1e-02        0.080     22.322        0.380       0.869
47400         0.356        0.874        967.347  4.1e-02        0.079     22.322        0.380       0.869
47500         0.354        0.875        969.388  4.1e-02        0.079     22.317        0.380       0.869
47600         0.355        0.874        971.429  4.1e-02        0.080     22.321        0.380       0.869
47700         0.354        0.876        973.469  4.0e-02        0.079     22.320        0.380       0.869
47800         0.354        0.874        975.510  4.0e-02        0.078     22.321        0.380       0.869
47900         0.355        0.874        977.551  4.0e-02        0.079     22.315        0.380       0.869
48000         0.354        0.874        979.592  4.0e-02        0.079     24.618        0.381       0.866
48100         0.354        0.875        981.633  4.0e-02        0.079     22.318        0.381       0.866
48200         0.357        0.874        983.673  4.0e-02        0.079     22.318        0.381       0.866
48300         0.354        0.875        985.714  4.0e-02        0.079     22.317        0.381       0.866
48400         0.357        0.874        987.755  4.0e-02        0.078     22.315        0.381       0.866
48500         0.352        0.875        989.796  3.9e-02        0.079     22.319        0.381       0.866
48600         0.354        0.874        991.837  3.9e-02        0.079     22.319        0.381       0.866
48700         0.356        0.873        993.878  3.9e-02        0.078     22.320        0.381       0.866
48800         0.356        0.873        995.918  3.9e-02        0.079     22.322        0.381       0.866
48900         0.355        0.874        997.959  3.9e-02        0.081     22.318        0.381       0.866
49000         0.354        0.874       1000.000  3.9e-02        0.079     24.576        0.382       0.867
49100         0.353        0.874       1002.041  3.9e-02        0.080     22.315        0.382       0.867
49200         0.356        0.874       1004.082  3.9e-02        0.079     22.316        0.382       0.867
    t    train_loss    train_acc    train_epoch       lr    data_time    it_time    test_loss    test_acc
-----  ------------  -----------  -------------  -------  -----------  ---------  -----------  ----------
49300         0.354        0.874       1006.122  3.8e-02        0.079     22.319        0.382       0.867
49400         0.354        0.874       1008.163  3.8e-02        0.079     22.324        0.382       0.867
49500         0.355        0.875       1010.204  3.8e-02        0.080     22.325        0.382       0.867
49600         0.354        0.875       1012.245  3.8e-02        0.080     22.320        0.382       0.867
49700         0.355        0.875       1014.286  3.8e-02        0.079     22.324        0.382       0.867
49800         0.355        0.874       1016.327  3.8e-02        0.079     22.321        0.382       0.867
49900         0.356        0.874       1018.367  3.8e-02        0.079     22.322        0.382       0.867
50000         0.355        0.874       1020.408  3.8e-02        0.079     24.620        0.382       0.867
50100         0.353        0.874       1022.449  3.7e-02        0.079     22.324        0.382       0.867
50200         0.354        0.875       1024.490  3.7e-02        0.079     22.321        0.382       0.867
50300         0.355        0.874       1026.531  3.7e-02        0.079     22.320        0.382       0.867
50400         0.355        0.874       1028.571  3.7e-02        0.079     22.323        0.382       0.867
50500         0.355        0.875       1030.612  3.7e-02        0.080     22.322        0.382       0.867
50600         0.353        0.876       1032.653  3.7e-02        0.080     22.323        0.382       0.867
50700         0.354        0.874       1034.694  3.7e-02        0.078     22.325        0.382       0.867
50800         0.354        0.876       1036.735  3.7e-02        0.079     22.326        0.382       0.867
50900         0.355        0.875       1038.776  3.6e-02        0.079     22.319        0.382       0.867
51000         0.355        0.874       1040.816  3.6e-02        0.079     24.622        0.381       0.867
51100         0.354        0.874       1042.857  3.6e-02        0.079     22.324        0.381       0.867
51200         0.357        0.873       1044.898  3.6e-02        0.078     22.324        0.381       0.867
51300         0.352        0.876       1046.939  3.6e-02        0.080     22.322        0.381       0.867
51400         0.353        0.875       1048.980  3.6e-02        0.079     22.325        0.381       0.867
51500         0.357        0.874       1051.020  3.6e-02        0.078     22.288        0.381       0.867
51600         0.354        0.875       1053.061  3.6e-02        0.079     22.320        0.381       0.867
51700         0.355        0.874       1055.102  3.5e-02        0.079     22.324        0.381       0.867
51800         0.353        0.874       1057.143  3.5e-02        0.079     22.321        0.381       0.867
51900         0.354        0.876       1059.184  3.5e-02        0.079     22.320        0.381       0.867
52000         0.355        0.874       1061.224  3.5e-02        0.079     24.614        0.380       0.868
52100         0.358        0.873       1063.265  3.5e-02        0.079     22.320        0.380       0.868
52200         0.354        0.873       1065.306  3.5e-02        0.079     22.318        0.380       0.868
52300         0.353        0.874       1067.347  3.5e-02        0.079     22.320        0.380       0.868
52400         0.353        0.875       1069.388  3.5e-02        0.079     22.321        0.380       0.868
52500         0.355        0.874       1071.429  3.4e-02        0.078     22.321        0.380       0.868
52600         0.356        0.874       1073.469  3.4e-02        0.079     22.321        0.380       0.868
52700         0.353        0.875       1075.510  3.4e-02        0.079     22.321        0.380       0.868
52800         0.355        0.873       1077.551  3.4e-02        0.079     22.321        0.380       0.868
52900         0.354        0.875       1079.592  3.4e-02        0.078     22.328        0.380       0.868
53000         0.355        0.874       1081.633  3.4e-02        0.080     24.620        0.384       0.865
53100         0.354        0.875       1083.673  3.4e-02        0.080     22.321        0.384       0.865
53200         0.353        0.875       1085.714  3.4e-02        0.079     22.321        0.384       0.865
53300         0.354        0.874       1087.755  3.3e-02        0.079     22.316        0.384       0.865
    t    train_loss    train_acc    train_epoch       lr    data_time    it_time    test_loss    test_acc
-----  ------------  -----------  -------------  -------  -----------  ---------  -----------  ----------
53400         0.352        0.876       1089.796  3.3e-02        0.079     22.320        0.384       0.865
53500         0.354        0.874       1091.837  3.3e-02        0.079     22.321        0.384       0.865
53600         0.357        0.873       1093.878  3.3e-02        0.079     22.325        0.384       0.865
53700         0.354        0.875       1095.918  3.3e-02        0.079     22.329        0.384       0.865
53800         0.354        0.875       1097.959  3.3e-02        0.081     22.329        0.384       0.865
53900         0.353        0.875       1100.000  3.3e-02        0.080     22.278        0.384       0.865
54000         0.355        0.876       1102.041  3.3e-02        0.079     24.623        0.381       0.867
54100         0.354        0.875       1104.082  3.2e-02        0.079     22.322        0.381       0.867
54200         0.355        0.874       1106.122  3.2e-02        0.080     22.325        0.381       0.867
54300         0.357        0.874       1108.163  3.2e-02        0.080     22.321        0.381       0.867
54400         0.355        0.874       1110.204  3.2e-02        0.078     22.323        0.381       0.867
54500         0.354        0.874       1112.245  3.2e-02        0.081     22.322        0.381       0.867
54600         0.356        0.874       1114.286  3.2e-02        0.082     22.324        0.381       0.867
54700         0.355        0.875       1116.327  3.2e-02        0.079     22.321        0.381       0.867
54800         0.356        0.874       1118.367  3.2e-02        0.080     22.321        0.381       0.867
54900         0.352        0.876       1120.408  3.1e-02        0.080     22.322        0.381       0.867
55000         0.353        0.875       1122.449  3.1e-02        0.080     24.622        0.380       0.867
55100         0.355        0.875       1124.490  3.1e-02        0.080     22.323        0.380       0.867
55200         0.353        0.874       1126.531  3.1e-02        0.079     22.321        0.380       0.867
55300         0.353        0.875       1128.571  3.1e-02        0.079     22.324        0.380       0.867
55400         0.353        0.875       1130.612  3.1e-02        0.080     22.322        0.380       0.867
55500         0.354        0.875       1132.653  3.1e-02        0.079     22.323        0.380       0.867
55600         0.352        0.875       1134.694  3.1e-02        0.079     22.319        0.380       0.867
55700         0.353        0.875       1136.735  3.0e-02        0.078     22.319        0.380       0.867
55800         0.357        0.873       1138.776  3.0e-02        0.079     22.318        0.380       0.867
55900         0.356        0.873       1140.816  3.0e-02        0.079     22.320        0.380       0.867
56000         0.352        0.875       1142.857  3.0e-02        0.079     24.620        0.379       0.869
56100         0.354        0.876       1144.898  3.0e-02        0.080     22.318        0.379       0.869
56200         0.351        0.876       1146.939  3.0e-02        0.080     22.321        0.379       0.869
56300         0.353        0.876       1148.980  3.0e-02        0.081     22.313        0.379       0.869
56400         0.352        0.875       1151.020  3.0e-02        0.078     22.283        0.379       0.869
56500         0.353        0.875       1153.061  2.9e-02        0.080     22.315        0.379       0.869
56600         0.353        0.874       1155.102  2.9e-02        0.079     22.321        0.379       0.869
56700         0.353        0.875       1157.143  2.9e-02        0.079     22.318        0.379       0.869
56800         0.353        0.876       1159.184  2.9e-02        0.079     22.318        0.379       0.869
56900         0.354        0.874       1161.224  2.9e-02        0.079     22.320        0.379       0.869
57000         0.355        0.875       1163.265  2.9e-02        0.079     24.619        0.382       0.867
57100         0.353        0.875       1165.306  2.9e-02        0.080     22.320        0.382       0.867
57200         0.351        0.876       1167.347  2.9e-02        0.080     22.321        0.382       0.867
57300         0.356        0.874       1169.388  2.8e-02        0.080     22.318        0.382       0.867
57400         0.352        0.875       1171.429  2.8e-02        0.080     22.319        0.382       0.867
    t    train_loss    train_acc    train_epoch       lr    data_time    it_time    test_loss    test_acc
-----  ------------  -----------  -------------  -------  -----------  ---------  -----------  ----------
57500         0.352        0.875       1173.469  2.8e-02        0.080     22.319        0.382       0.867
57600         0.355        0.874       1175.510  2.8e-02        0.080     22.323        0.382       0.867
57700         0.353        0.876       1177.551  2.8e-02        0.080     22.324        0.382       0.867
57800         0.353        0.875       1179.592  2.8e-02        0.080     22.322        0.382       0.867
57900         0.354        0.874       1181.633  2.8e-02        0.081     22.323        0.382       0.867
58000         0.354        0.874       1183.673  2.8e-02        0.080     24.620        0.380       0.868
58100         0.352        0.875       1185.714  2.7e-02        0.078     22.324        0.380       0.868
58200         0.354        0.874       1187.755  2.7e-02        0.079     22.326        0.380       0.868
58300         0.351        0.876       1189.796  2.7e-02        0.079     22.317        0.380       0.868
58400         0.353        0.875       1191.837  2.7e-02        0.079     22.321        0.380       0.868
58500         0.353        0.875       1193.878  2.7e-02        0.079     22.320        0.380       0.868
58600         0.353        0.875       1195.918  2.7e-02        0.079     22.320        0.380       0.868
58700         0.355        0.874       1197.959  2.7e-02        0.080     22.324        0.380       0.868
58800         0.352        0.877       1200.000  2.7e-02        0.078     22.286        0.380       0.868
58900         0.354        0.875       1202.041  2.6e-02        0.079     22.317        0.380       0.868
59000         0.353        0.876       1204.082  2.6e-02        0.079     24.619        0.380       0.868
59100         0.354        0.875       1206.122  2.6e-02        0.078     22.318        0.380       0.868
59200         0.354        0.874       1208.163  2.6e-02        0.079     22.322        0.380       0.868
59300         0.353        0.876       1210.204  2.6e-02        0.080     22.319        0.380       0.868
59400         0.353        0.874       1212.245  2.6e-02        0.080     22.317        0.380       0.868
59500         0.354        0.875       1214.286  2.6e-02        0.081     22.321        0.380       0.868
59600         0.352        0.876       1216.327  2.6e-02        0.081     22.320        0.380       0.868
59700         0.352        0.876       1218.367  2.5e-02        0.079     22.324        0.380       0.868
59800         0.353        0.875       1220.408  2.5e-02        0.079     22.318        0.380       0.868
59900         0.353        0.875       1222.449  2.5e-02        0.079     22.323        0.380       0.868
60000         0.352        0.876       1224.490  2.5e-02        0.080     24.620        0.380       0.866
60100         0.355        0.874       1226.531  2.5e-02        0.080     22.318        0.380       0.866
60200         0.355        0.874       1228.571  2.5e-02        0.079     22.312        0.380       0.866
60300         0.354        0.875       1230.612  2.5e-02        0.079     22.319        0.380       0.866
60400         0.351        0.876       1232.653  2.5e-02        0.079     22.321        0.380       0.866
60500         0.353        0.876       1234.694  2.4e-02        0.079     22.317        0.380       0.866
60600         0.353        0.875       1236.735  2.4e-02        0.079     22.319        0.380       0.866
60700         0.353        0.875       1238.776  2.4e-02        0.079     22.319        0.380       0.866
60800         0.355        0.874       1240.816  2.4e-02        0.079     22.316        0.380       0.866
60900         0.354        0.874       1242.857  2.4e-02        0.079     22.314        0.380       0.866
61000         0.355        0.874       1244.898  2.4e-02        0.080     24.616        0.379       0.869
61100         0.351        0.876       1246.939  2.4e-02        0.081     22.317        0.379       0.869
61200         0.352        0.876       1248.980  2.4e-02        0.079     22.320        0.379       0.869
61300         0.354        0.875       1251.020  2.3e-02        0.080     22.434        0.379       0.869
61400         0.351        0.876       1253.061  2.3e-02        0.079     22.352        0.379       0.869
61500         0.353        0.875       1255.102  2.3e-02        0.080     22.314        0.379       0.869
    t    train_loss    train_acc    train_epoch       lr    data_time    it_time    test_loss    test_acc
-----  ------------  -----------  -------------  -------  -----------  ---------  -----------  ----------
61600         0.355        0.874       1257.143  2.3e-02        0.081     22.316        0.379       0.869
61700         0.353        0.875       1259.184  2.3e-02        0.082     22.317        0.379       0.869
61800         0.353        0.875       1261.224  2.3e-02        0.080     22.320        0.379       0.869
61900         0.353        0.876       1263.265  2.3e-02        0.080     22.320        0.379       0.869
62000         0.354        0.876       1265.306  2.3e-02        0.080     24.619        0.379       0.867
62100         0.351        0.876       1267.347  2.2e-02        0.081     22.321        0.379       0.867
62200         0.352        0.875       1269.388  2.2e-02        0.081     22.320        0.379       0.867
62300         0.353        0.875       1271.429  2.2e-02        0.080     22.319        0.379       0.867
62400         0.353        0.875       1273.469  2.2e-02        0.078     22.321        0.379       0.867
62500         0.354        0.875       1275.510  2.2e-02        0.081     22.321        0.379       0.867
62600         0.355        0.875       1277.551  2.2e-02        0.080     22.326        0.379       0.867
62700         0.351        0.876       1279.592  2.2e-02        0.079     22.317        0.379       0.867
62800         0.353        0.874       1281.633  2.2e-02        0.079     22.320        0.379       0.867
62900         0.353        0.876       1283.673  2.1e-02        0.081     22.351        0.379       0.867
63000         0.352        0.876       1285.714  2.1e-02        0.079     24.626        0.378       0.868
63100         0.353        0.875       1287.755  2.1e-02        0.079     22.326        0.378       0.868
63200         0.353        0.875       1289.796  2.1e-02        0.079     22.326        0.378       0.868
63300         0.354        0.874       1291.837  2.1e-02        0.079     22.322        0.378       0.868
63400         0.353        0.874       1293.878  2.1e-02        0.080     22.323        0.378       0.868
63500         0.355        0.874       1295.918  2.1e-02        0.080     22.328        0.378       0.868
63600         0.352        0.876       1297.959  2.1e-02        0.081     22.322        0.378       0.868
63700         0.354        0.875       1300.000  2.0e-02        0.079     22.290        0.378       0.868
63800         0.355        0.875       1302.041  2.0e-02        0.081     22.329        0.378       0.868
63900         0.352        0.876       1304.082  2.0e-02        0.079     22.327        0.378       0.868
64000         0.353        0.874       1306.122  2.0e-02        0.081     24.617        0.381       0.866
64100         0.352        0.876       1308.163  2.0e-02        0.081     22.317        0.381       0.866
64200         0.352        0.876       1310.204  2.0e-02        0.079     22.323        0.381       0.866
64300         0.351        0.876       1312.245  2.0e-02        0.080     22.321        0.381       0.866
64400         0.353        0.875       1314.286  2.0e-02        0.079     22.316        0.381       0.866
64500         0.354        0.875       1316.327  1.9e-02        0.080     22.322        0.381       0.866
64600         0.350        0.876       1318.367  1.9e-02        0.080     22.320        0.381       0.866
64700         0.353        0.875       1320.408  1.9e-02        0.079     22.316        0.381       0.866
64800         0.354        0.876       1322.449  1.9e-02        0.079     22.318        0.381       0.866
64900         0.352        0.876       1324.490  1.9e-02        0.080     22.319        0.381       0.866
65000         0.352        0.876       1326.531  1.9e-02        0.081     24.613        0.379       0.868
65100         0.353        0.875       1328.571  1.9e-02        0.080     22.316        0.379       0.868
65200         0.352        0.875       1330.612  1.9e-02        0.080     22.316        0.379       0.868
65300         0.352        0.876       1332.653  1.8e-02        0.080     22.314        0.379       0.868
65400         0.351        0.875       1334.694  1.8e-02        0.079     22.318        0.379       0.868
65500         0.353        0.876       1336.735  1.8e-02        0.080     22.317        0.379       0.868
65600         0.352        0.875       1338.776  1.8e-02        0.079     22.319        0.379       0.868
    t    train_loss    train_acc    train_epoch       lr    data_time    it_time    test_loss    test_acc
-----  ------------  -----------  -------------  -------  -----------  ---------  -----------  ----------
65700         0.352        0.875       1340.816  1.8e-02        0.079     22.319        0.379       0.868
65800         0.354        0.875       1342.857  1.8e-02        0.079     22.321        0.379       0.868
65900         0.354        0.875       1344.898  1.8e-02        0.079     22.321        0.379       0.868
66000         0.354        0.874       1346.939  1.8e-02        0.080     24.629        0.379       0.867
66100         0.351        0.876       1348.980  1.7e-02        0.079     22.325        0.379       0.867
66200         0.352        0.875       1351.020  1.7e-02        0.078     22.286        0.379       0.867
66300         0.352        0.876       1353.061  1.7e-02        0.080     22.319        0.379       0.867
66400         0.351        0.875       1355.102  1.7e-02        0.080     22.321        0.379       0.867
66500         0.353        0.875       1357.143  1.7e-02        0.079     22.322        0.379       0.867
66600         0.354        0.874       1359.184  1.7e-02        0.079     22.322        0.379       0.867
66700         0.350        0.877       1361.224  1.7e-02        0.078     22.320        0.379       0.867
66800         0.351        0.876       1363.265  1.7e-02        0.079     22.320        0.379       0.867
66900         0.352        0.876       1365.306  1.6e-02        0.079     22.319        0.379       0.867
67000         0.354        0.874       1367.347  1.6e-02        0.079     24.627        0.382       0.867
67100         0.352        0.876       1369.388  1.6e-02        0.080     22.323        0.382       0.867
67200         0.354        0.876       1371.429  1.6e-02        0.079     22.325        0.382       0.867
67300         0.352        0.875       1373.469  1.6e-02        0.080     22.326        0.382       0.867
67400         0.353        0.875       1375.510  1.6e-02        0.080     22.324        0.382       0.867
67500         0.349        0.877       1377.551  1.6e-02        0.079     22.326        0.382       0.867
67600         0.352        0.876       1379.592  1.6e-02        0.079     22.325        0.382       0.867
67700         0.355        0.875       1381.633  1.5e-02        0.080     22.323        0.382       0.867
67800         0.351        0.875       1383.673  1.5e-02        0.079     22.326        0.382       0.867
67900         0.352        0.875       1385.714  1.5e-02        0.080     22.321        0.382       0.867
68000         0.352        0.876       1387.755  1.5e-02        0.079     24.628        0.378       0.870
68100         0.352        0.876       1389.796  1.5e-02        0.079     22.326        0.378       0.870
68200         0.353        0.875       1391.837  1.5e-02        0.079     22.323        0.378       0.870
68300         0.351        0.876       1393.878  1.5e-02        0.079     22.321        0.378       0.870
68400         0.352        0.876       1395.918  1.5e-02        0.079     22.320        0.378       0.870
68500         0.353        0.875       1397.959  1.4e-02        0.081     22.324        0.378       0.870
68600         0.352        0.876       1400.000  1.4e-02        0.079     22.283        0.378       0.870
68700         0.351        0.875       1402.041  1.4e-02        0.079     22.320        0.378       0.870
68800         0.351        0.875       1404.082  1.4e-02        0.079     22.396        0.378       0.870
68900         0.353        0.875       1406.122  1.4e-02        0.081     22.840        0.378       0.870
69000         0.353        0.875       1408.163  1.4e-02        0.081     24.940        0.378       0.870
69100         0.352        0.875       1410.204  1.4e-02        0.079     22.440        0.378       0.870
69200         0.353        0.875       1412.245  1.4e-02        0.079     22.441        0.378       0.870
69300         0.351        0.876       1414.286  1.3e-02        0.080     22.433        0.378       0.870
69400         0.350        0.876       1416.327  1.3e-02        0.079     22.437        0.378       0.870
69500         0.355        0.874       1418.367  1.3e-02        0.079     22.433        0.378       0.870
69600         0.351        0.876       1420.408  1.3e-02        0.079     22.440        0.378       0.870
69700         0.354        0.875       1422.449  1.3e-02        0.079     22.437        0.378       0.870
    t    train_loss    train_acc    train_epoch       lr    data_time    it_time    test_loss    test_acc
-----  ------------  -----------  -------------  -------  -----------  ---------  -----------  ----------
69800         0.350        0.876       1424.490  1.3e-02        0.080     22.434        0.378       0.870
69900         0.350        0.877       1426.531  1.3e-02        0.080     22.437        0.378       0.870
70000         0.350        0.876       1428.571  1.3e-02        0.080     24.753        0.381       0.868
70100         0.352        0.874       1430.612  1.2e-02        0.082     22.448        0.381       0.868
70200         0.351        0.875       1432.653  1.2e-02        0.080     22.442        0.381       0.868
70300         0.353        0.876       1434.694  1.2e-02        0.080     22.543        0.381       0.868
70400         0.350        0.876       1436.735  1.2e-02        0.079     22.323        0.381       0.868
70500         0.352        0.875       1438.776  1.2e-02        0.079     22.321        0.381       0.868
70600         0.353        0.875       1440.816  1.2e-02        0.078     22.325        0.381       0.868
70700         0.351        0.876       1442.857  1.2e-02        0.079     22.319        0.381       0.868
70800         0.351        0.876       1444.898  1.2e-02        0.079     22.320        0.381       0.868
70900         0.352        0.876       1446.939  1.1e-02        0.080     22.323        0.381       0.868
71000         0.354        0.875       1448.980  1.1e-02        0.079     24.622        0.379       0.867
71100         0.351        0.875       1451.020  1.1e-02        0.079     22.283        0.379       0.867
71200         0.352        0.875       1453.061  1.1e-02        0.079     22.320        0.379       0.867
71300         0.350        0.876       1455.102  1.1e-02        0.081     22.322        0.379       0.867
71400         0.353        0.875       1457.143  1.1e-02        0.078     22.323        0.379       0.867
71500         0.351        0.875       1459.184  1.1e-02        0.080     22.321        0.379       0.867
71600         0.352        0.876       1461.224  1.1e-02        0.080     22.325        0.379       0.867
71700         0.353        0.875       1463.265  1.0e-02        0.081     22.326        0.379       0.867
71800         0.350        0.876       1465.306  1.0e-02        0.079     22.324        0.379       0.867
71900         0.353        0.876       1467.347  1.0e-02        0.079     22.323        0.379       0.867
72000         0.351        0.876       1469.388  1.0e-02        0.079     24.621        0.379       0.868
72100         0.351        0.876       1471.429  9.9e-03        0.080     22.325        0.379       0.868
72200         0.355        0.874       1473.469  9.8e-03        0.080     22.322        0.379       0.868
72300         0.351        0.876       1475.510  9.6e-03        0.079     22.323        0.379       0.868
72400         0.352        0.876       1477.551  9.5e-03        0.079     22.324        0.379       0.868
72500         0.353        0.875       1479.592  9.4e-03        0.078     22.317        0.379       0.868
72600         0.351        0.875       1481.633  9.3e-03        0.079     22.314        0.379       0.868
72700         0.353        0.875       1483.673  9.1e-03        0.079     22.316        0.379       0.868
72800         0.351        0.875       1485.714  9.0e-03        0.079     22.319        0.379       0.868
72900         0.352        0.875       1487.755  8.9e-03        0.079     22.318        0.379       0.868
73000         0.351        0.875       1489.796  8.8e-03        0.079     24.614        0.380       0.868
73100         0.352        0.876       1491.837  8.6e-03        0.080     22.317        0.380       0.868
73200         0.350        0.876       1493.878  8.5e-03        0.079     22.315        0.380       0.868
73300         0.353        0.875       1495.918  8.4e-03        0.079     22.317        0.380       0.868
73400         0.352        0.876       1497.959  8.3e-03        0.081     22.316        0.380       0.868
73500         0.351        0.876       1500.000  8.1e-03        0.079     22.275        0.380       0.868
73600         0.353        0.876       1502.041  8.0e-03        0.081     22.312        0.380       0.868
73700         0.353        0.875       1504.082  7.9e-03        0.080     22.312        0.380       0.868
73800         0.351        0.875       1506.122  7.8e-03        0.079     22.314        0.380       0.868
    t    train_loss    train_acc    train_epoch       lr    data_time    it_time    test_loss    test_acc
-----  ------------  -----------  -------------  -------  -----------  ---------  -----------  ----------
73900         0.351        0.876       1508.163  7.6e-03        0.079     22.316        0.380       0.868
74000         0.352        0.876       1510.204  7.5e-03        0.080     24.620        0.379       0.868
74100         0.352        0.876       1512.245  7.4e-03        0.080     22.318        0.379       0.868
74200         0.352        0.876       1514.286  7.3e-03        0.081     22.319        0.379       0.868
74300         0.353        0.875       1516.327  7.1e-03        0.079     22.320        0.379       0.868
74400         0.350        0.876       1518.367  7.0e-03        0.079     22.319        0.379       0.868
74500         0.351        0.875       1520.408  6.9e-03        0.079     22.320        0.379       0.868
74600         0.350        0.877       1522.449  6.8e-03        0.079     22.316        0.379       0.868
74700         0.355        0.873       1524.490  6.6e-03        0.079     22.316        0.379       0.868
74800         0.351        0.876       1526.531  6.5e-03        0.079     22.317        0.379       0.868
74900         0.352        0.876       1528.571  6.4e-03        0.078     22.315        0.379       0.868
75000         0.349        0.877       1530.612  6.3e-03        0.078     24.616        0.379       0.868
75100         0.351        0.876       1532.653  6.1e-03        0.080     22.321        0.379       0.868
75200         0.354        0.874       1534.694  6.0e-03        0.079     22.320        0.379       0.868
75300         0.352        0.876       1536.735  5.9e-03        0.079     22.322        0.379       0.868
75400         0.350        0.876       1538.776  5.8e-03        0.079     22.322        0.379       0.868
75500         0.351        0.877       1540.816  5.6e-03        0.079     22.324        0.379       0.868
75600         0.353        0.875       1542.857  5.5e-03        0.079     22.319        0.379       0.868
75700         0.352        0.875       1544.898  5.4e-03        0.079     22.319        0.379       0.868
75800         0.351        0.876       1546.939  5.3e-03        0.080     22.321        0.379       0.868
75900         0.351        0.875       1548.980  5.1e-03        0.079     22.319        0.379       0.868
76000         0.352        0.876       1551.020  5.0e-03        0.079     24.581        0.379       0.868
76100         0.351        0.876       1553.061  4.9e-03        0.079     22.321        0.379       0.868
76200         0.350        0.875       1555.102  4.8e-03        0.080     22.320        0.379       0.868
76300         0.349        0.876       1557.143  4.6e-03        0.079     22.319        0.379       0.868
76400         0.354        0.874       1559.184  4.5e-03        0.079     22.318        0.379       0.868
76500         0.351        0.875       1561.224  4.4e-03        0.079     22.317        0.379       0.868
76600         0.351        0.876       1563.265  4.3e-03        0.079     22.317        0.379       0.868
76700         0.352        0.876       1565.306  4.1e-03        0.080     22.315        0.379       0.868
76800         0.351        0.876       1567.347  4.0e-03        0.079     22.317        0.379       0.868
76900         0.353        0.875       1569.388  3.9e-03        0.079     22.314        0.379       0.868
77000         0.353        0.874       1571.429  3.8e-03        0.081     24.612        0.379       0.868
77100         0.350        0.878       1573.469  3.6e-03        0.079     22.311        0.379       0.868
77200         0.352        0.875       1575.510  3.5e-03        0.079     22.316        0.379       0.868
77300         0.350        0.877       1577.551  3.4e-03        0.081     22.313        0.379       0.868
77400         0.353        0.875       1579.592  3.3e-03        0.078     22.312        0.379       0.868
77500         0.349        0.878       1581.633  3.1e-03        0.079     22.314        0.379       0.868
77600         0.352        0.875       1583.673  3.0e-03        0.079     22.312        0.379       0.868
77700         0.351        0.876       1585.714  2.9e-03        0.080     22.315        0.379       0.868
77800         0.353        0.875       1587.755  2.8e-03        0.078     22.316        0.379       0.868
77900         0.350        0.876       1589.796  2.6e-03        0.081     22.310        0.379       0.868
    t    train_loss    train_acc    train_epoch       lr    data_time    it_time    test_loss    test_acc
-----  ------------  -----------  -------------  -------  -----------  ---------  -----------  ----------
78000         0.350        0.877       1591.837  2.5e-03        0.081     24.605        0.379       0.868
78100         0.352        0.876       1593.878  2.4e-03        0.080     22.314        0.379       0.868
78200         0.350        0.876       1595.918  2.3e-03        0.080     22.321        0.379       0.868
78300         0.350        0.876       1597.959  2.1e-03        0.080     22.322        0.379       0.868
78400         0.350        0.876       1600.000  2.0e-03        0.079     22.283        0.379       0.868
78500         0.352        0.875       1602.041  1.9e-03        0.080     22.320        0.379       0.868
78600         0.353        0.874       1604.082  1.8e-03        0.079     22.320        0.379       0.868
78700         0.351        0.875       1606.122  1.6e-03        0.080     22.320        0.379       0.868
78800         0.351        0.876       1608.163  1.5e-03        0.080     22.351        0.379       0.868
78900         0.351        0.876       1610.204  1.4e-03        0.079     22.324        0.379       0.868
79000         0.349        0.876       1612.245  1.3e-03        0.080     24.621        0.379       0.868
79100         0.353        0.875       1614.286  1.1e-03        0.080     22.319        0.379       0.868
79200         0.351        0.876       1616.327  1.0e-03        0.079     22.321        0.379       0.868
79300         0.350        0.876       1618.367  8.8e-04        0.080     22.322        0.379       0.868
79400         0.352        0.876       1620.408  7.5e-04        0.079     22.322        0.379       0.868
79500         0.348        0.878       1622.449  6.3e-04        0.080     22.319        0.379       0.868
79600         0.349        0.876       1624.490  5.0e-04        0.079     22.320        0.379       0.868
79700         0.353        0.874       1626.531  3.8e-04        0.080     22.322        0.379       0.868
79800         0.351        0.876       1628.571  2.5e-04        0.079     22.320        0.379       0.868
79900         0.350        0.877       1630.612  1.3e-04        0.079     22.318        0.379       0.868
80000         0.350        0.875       1632.653  1.2e-06        0.079     24.621        0.379       0.868
