  t    train_loss    train_acc    train_epoch       lr    data_time    it_time
---  ------------  -----------  -------------  -------  -----------  ---------
100         0.779        0.756          2.041  1.0e-01        0.292     32.611
200         0.528        0.820          4.082  1.0e-01        0.076     29.461
300         0.487        0.835          6.122  1.0e-01        0.074     29.069
400         0.466        0.841          8.163  1.0e-01        0.074     29.084
500         0.446        0.848         10.204  9.9e-02        0.075     29.088
600         0.439        0.850         12.245  9.9e-02        0.075     29.089
700         0.428        0.854         14.286  9.9e-02        0.076     29.082
800         0.422        0.856         16.327  9.9e-02        0.075     29.105
900         0.412        0.860         18.367  9.9e-02        0.076     29.096
1000         0.409        0.858         20.408  9.9e-02        0.076     33.427        0.407       0.857
1100         0.401        0.863         22.449  9.9e-02        0.076     29.104        0.407       0.857
1200         0.396        0.864         24.490  9.9e-02        0.075     29.093        0.407       0.857
1300         0.395        0.864         26.531  9.8e-02        0.074     29.110        0.407       0.857
1400         0.390        0.867         28.571  9.8e-02        0.074     29.174        0.407       0.857
1500         0.387        0.867         30.612  9.8e-02        0.074     29.014        0.407       0.857
1600         0.384        0.868         32.653  9.8e-02        0.073     28.973        0.407       0.857
1700         0.380        0.870         34.694  9.8e-02        0.074     28.984        0.407       0.857
1800         0.380        0.870         36.735  9.8e-02        0.073     28.943        0.407       0.857
1900         0.377        0.870         38.776  9.8e-02        0.073     28.938        0.407       0.857
2000         0.375        0.871         40.816  9.8e-02        0.073     31.898        0.382       0.867
2100         0.373        0.872         42.857  9.7e-02        0.074     28.960        0.382       0.867
2200         0.371        0.874         44.898  9.7e-02        0.074     28.963        0.382       0.867
2300         0.370        0.873         46.939  9.7e-02        0.075     28.949        0.382       0.867
2400         0.366        0.874         48.980  9.7e-02        0.074     28.985        0.382       0.867
2500         0.366        0.874         51.020  9.7e-02        0.075     29.320        0.382       0.867
2600         0.364        0.874         53.061  9.7e-02        0.074     29.098        0.382       0.867
2700         0.363        0.876         55.102  9.7e-02        0.074     29.101        0.382       0.867
2800         0.363        0.876         57.143  9.7e-02        0.074     29.096        0.382       0.867
2900         0.362        0.876         59.184  9.6e-02        0.074     29.105        0.382       0.867
3000         0.360        0.877         61.224  9.6e-02        0.075     32.053        0.374       0.871
3100         0.357        0.878         63.265  9.6e-02        0.075     29.102        0.374       0.871
3200         0.358        0.878         65.306  9.6e-02        0.075     29.102        0.374       0.871
3300         0.354        0.879         67.347  9.6e-02        0.074     29.103        0.374       0.871
3400         0.358        0.877         69.388  9.6e-02        0.075     29.091        0.374       0.871
3500         0.352        0.878         71.429  9.6e-02        0.075     29.200        0.374       0.871
3600         0.354        0.879         73.469  9.6e-02        0.075     29.009        0.374       0.871
3700         0.352        0.880         75.510  9.5e-02        0.075     28.984        0.374       0.871
3800         0.351        0.879         77.551  9.5e-02        0.074     28.976        0.374       0.871
3900         0.352        0.880         79.592  9.5e-02        0.074     28.978        0.374       0.871
4000         0.350        0.880         81.633  9.5e-02        0.074     31.923        0.368       0.869
4100         0.350        0.880         83.673  9.5e-02        0.074     28.999        0.368       0.869
   t    train_loss    train_acc    train_epoch       lr    data_time    it_time    test_loss    test_acc
----  ------------  -----------  -------------  -------  -----------  ---------  -----------  ----------
4200         0.349        0.880         85.714  9.5e-02        0.075     28.986        0.368       0.869
4300         0.347        0.881         87.755  9.5e-02        0.075     28.971        0.368       0.869
4400         0.347        0.882         89.796  9.5e-02        0.074     29.021        0.368       0.869
4500         0.348        0.881         91.837  9.4e-02        0.075     29.196        0.368       0.869
4600         0.346        0.881         93.878  9.4e-02        0.075     29.153        0.368       0.869
4700         0.346        0.882         95.918  9.4e-02        0.074     29.099        0.368       0.869
4800         0.345        0.882         97.959  9.4e-02        0.078     30.602        0.368       0.869
4900         0.344        0.882        100.000  9.4e-02        0.075     29.964        0.368       0.869
5000         0.344        0.882        102.041  9.4e-02        0.074     32.038        0.363       0.873
5100         0.343        0.882        104.082  9.4e-02        0.075     29.092        0.363       0.873
5200         0.342        0.882        106.122  9.4e-02        0.074     29.100        0.363       0.873
5300         0.341        0.883        108.163  9.3e-02        0.075     29.093        0.363       0.873
5400         0.341        0.883        110.204  9.3e-02        0.075     29.103        0.363       0.873
5500         0.340        0.883        112.245  9.3e-02        0.075     29.092        0.363       0.873
5600         0.342        0.883        114.286  9.3e-02        0.075     29.107        0.363       0.873
5700         0.338        0.884        116.327  9.3e-02        0.075     29.098        0.363       0.873
5800         0.341        0.883        118.367  9.3e-02        0.075     29.395        0.363       0.873
5900         0.340        0.883        120.408  9.3e-02        0.074     29.102        0.363       0.873
6000         0.339        0.884        122.449  9.3e-02        0.074     32.062        0.365       0.873
6100         0.340        0.883        124.490  9.2e-02        0.078     30.052        0.365       0.873
6200         0.337        0.884        126.531  9.2e-02        0.075     29.145        0.365       0.873
6300         0.338        0.885        128.571  9.2e-02        0.074     29.097        0.365       0.873
6400         0.337        0.885        130.612  9.2e-02        0.076     29.777        0.365       0.873
6500         0.338        0.884        132.653  9.2e-02        0.074     29.103        0.365       0.873
6600         0.336        0.885        134.694  9.2e-02        0.075     29.099        0.365       0.873
6700         0.337        0.884        136.735  9.2e-02        0.076     29.099        0.365       0.873
6800         0.334        0.885        138.776  9.2e-02        0.075     29.091        0.365       0.873
6900         0.335        0.885        140.816  9.1e-02        0.075     29.264        0.365       0.873
7000         0.338        0.884        142.857  9.1e-02        0.074     32.013        0.361       0.874
7100         0.334        0.885        144.898  9.1e-02        0.075     29.060        0.361       0.874
7200         0.336        0.885        146.939  9.1e-02        0.076     29.064        0.361       0.874
7300         0.335        0.885        148.980  9.1e-02        0.076     29.058        0.361       0.874
7400         0.334        0.885        151.020  9.1e-02        0.075     29.014        0.361       0.874
7500         0.333        0.885        153.061  9.1e-02        0.076     29.054        0.361       0.874
7600         0.333        0.885        155.102  9.1e-02        0.076     29.171        0.361       0.874
7700         0.334        0.886        157.143  9.0e-02        0.081     30.088        0.361       0.874
7800         0.334        0.885        159.184  9.0e-02        0.079     29.987        0.361       0.874
7900         0.332        0.886        161.224  9.0e-02        0.079     30.559        0.361       0.874
8000         0.333        0.886        163.265  9.0e-02        0.078     33.352        0.357       0.876
8100         0.333        0.886        165.306  9.0e-02        0.076     29.749        0.357       0.876
8200         0.331        0.886        167.347  9.0e-02        0.077     29.136        0.357       0.876
   t    train_loss    train_acc    train_epoch       lr    data_time    it_time    test_loss    test_acc
----  ------------  -----------  -------------  -------  -----------  ---------  -----------  ----------
8300         0.332        0.886        169.388  9.0e-02        0.076     29.122        0.357       0.876
8400         0.330        0.887        171.429  9.0e-02        0.078     29.490        0.357       0.876
8500         0.333        0.886        173.469  8.9e-02        0.077     29.199        0.357       0.876
8600         0.335        0.885        175.510  8.9e-02        0.077     29.223        0.357       0.876
8700         0.328        0.888        177.551  8.9e-02        0.077     29.214        0.357       0.876
8800         0.330        0.887        179.592  8.9e-02        0.077     29.214        0.357       0.876
8900         0.333        0.885        181.633  8.9e-02        0.076     29.290        0.357       0.876
9000         0.329        0.887        183.673  8.9e-02        0.076     32.288        0.357       0.873
9100         0.331        0.886        185.714  8.9e-02        0.078     29.191        0.357       0.873
9200         0.333        0.886        187.755  8.9e-02        0.077     29.203        0.357       0.873
9300         0.329        0.888        189.796  8.8e-02        0.076     29.191        0.357       0.873
9400         0.331        0.886        191.837  8.8e-02        0.077     29.170        0.357       0.873
9500         0.328        0.888        193.878  8.8e-02        0.076     29.133        0.357       0.873
9600         0.329        0.887        195.918  8.8e-02        0.077     29.129        0.357       0.873
9700         0.330        0.887        197.959  8.8e-02        0.077     29.133        0.357       0.873
9800         0.329        0.887        200.000  8.8e-02        0.076     29.071        0.357       0.873
9900         0.328        0.888        202.041  8.8e-02        0.076     29.123        0.357       0.873
10000         0.330        0.887        204.082  8.8e-02        0.076     32.158        0.358       0.873
10100         0.329        0.887        206.122  8.7e-02        0.075     28.969        0.358       0.873
10200         0.329        0.887        208.163  8.7e-02        0.075     28.965        0.358       0.873
10300         0.329        0.887        210.204  8.7e-02        0.075     28.973        0.358       0.873
10400         0.327        0.887        212.245  8.7e-02        0.075     28.974        0.358       0.873
10500         0.328        0.887        214.286  8.7e-02        0.076     28.958        0.358       0.873
10600         0.327        0.887        216.327  8.7e-02        0.075     28.969        0.358       0.873
10700         0.328        0.888        218.367  8.7e-02        0.075     28.980        0.358       0.873
10800         0.326        0.887        220.408  8.7e-02        0.075     28.955        0.358       0.873
10900         0.328        0.887        222.449  8.6e-02        0.075     28.970        0.358       0.873
11000         0.328        0.888        224.490  8.6e-02        0.075     31.895        0.356       0.874
11100         0.325        0.888        226.531  8.6e-02        0.076     29.015        0.356       0.874
11200         0.328        0.887        228.571  8.6e-02        0.075     28.967        0.356       0.874
11300         0.327        0.887        230.612  8.6e-02        0.075     28.980        0.356       0.874
11400         0.324        0.889        232.653  8.6e-02        0.075     28.959        0.356       0.874
11500         0.327        0.889        234.694  8.6e-02        0.075     28.948        0.356       0.874
11600         0.326        0.889        236.735  8.6e-02        0.075     28.958        0.356       0.874
11700         0.327        0.887        238.776  8.5e-02        0.076     28.968        0.356       0.874
11800         0.326        0.888        240.816  8.5e-02        0.075     28.963        0.356       0.874
11900         0.327        0.888        242.857  8.5e-02        0.075     28.988        0.356       0.874
12000         0.326        0.889        244.898  8.5e-02        0.076     31.891        0.356       0.875
12100         0.325        0.889        246.939  8.5e-02        0.076     28.977        0.356       0.875
12200         0.326        0.889        248.980  8.5e-02        0.076     28.975        0.356       0.875
12300         0.327        0.887        251.020  8.5e-02        0.075     28.924        0.356       0.875
    t    train_loss    train_acc    train_epoch       lr    data_time    it_time    test_loss    test_acc
-----  ------------  -----------  -------------  -------  -----------  ---------  -----------  ----------
12400         0.325        0.889        253.061  8.5e-02        0.075     28.975        0.356       0.875
12500         0.326        0.888        255.102  8.4e-02        0.075     28.965        0.356       0.875
12600         0.326        0.888        257.143  8.4e-02        0.075     28.962        0.356       0.875
12700         0.325        0.889        259.184  8.4e-02        0.075     28.965        0.356       0.875
12800         0.326        0.888        261.224  8.4e-02        0.076     28.969        0.356       0.875
12900         0.324        0.889        263.265  8.4e-02        0.075     28.973        0.356       0.875
13000         0.325        0.888        265.306  8.4e-02        0.076     31.890        0.355       0.875
13100         0.325        0.888        267.347  8.4e-02        0.076     28.964        0.355       0.875
13200         0.326        0.888        269.388  8.4e-02        0.075     28.942        0.355       0.875
13300         0.325        0.888        271.429  8.3e-02        0.076     28.948        0.355       0.875
13400         0.325        0.889        273.469  8.3e-02        0.075     28.963        0.355       0.875
13500         0.324        0.889        275.510  8.3e-02        0.075     28.983        0.355       0.875
13600         0.325        0.888        277.551  8.3e-02        0.075     28.963        0.355       0.875
13700         0.325        0.888        279.592  8.3e-02        0.075     28.967        0.355       0.875
13800         0.324        0.890        281.633  8.3e-02        0.075     28.999        0.355       0.875
13900         0.326        0.888        283.673  8.3e-02        0.076     28.967        0.355       0.875
14000         0.324        0.889        285.714  8.3e-02        0.075     31.903        0.354       0.875
14100         0.323        0.889        287.755  8.2e-02        0.075     28.960        0.354       0.875
14200         0.323        0.890        289.796  8.2e-02        0.075     28.972        0.354       0.875
14300         0.325        0.889        291.837  8.2e-02        0.075     28.975        0.354       0.875
14400         0.322        0.890        293.878  8.2e-02        0.075     28.956        0.354       0.875
14500         0.326        0.889        295.918  8.2e-02        0.076     28.971        0.354       0.875
14600         0.325        0.888        297.959  8.2e-02        0.077     28.979        0.354       0.875
14700         0.323        0.890        300.000  8.2e-02        0.076     28.930        0.354       0.875
14800         0.323        0.889        302.041  8.2e-02        0.075     28.980        0.354       0.875
14900         0.324        0.889        304.082  8.1e-02        0.075     28.963        0.354       0.875
15000         0.322        0.890        306.122  8.1e-02        0.075     31.910        0.354       0.873
15100         0.325        0.889        308.163  8.1e-02        0.077     28.957        0.354       0.873
15200         0.321        0.890        310.204  8.1e-02        0.076     28.982        0.354       0.873
15300         0.326        0.888        312.245  8.1e-02        0.075     28.959        0.354       0.873
15400         0.322        0.889        314.286  8.1e-02        0.075     28.967        0.354       0.873
15500         0.323        0.889        316.327  8.1e-02        0.075     28.957        0.354       0.873
15600         0.324        0.888        318.367  8.1e-02        0.076     28.969        0.354       0.873
15700         0.323        0.889        320.408  8.0e-02        0.075     28.979        0.354       0.873
15800         0.324        0.889        322.449  8.0e-02        0.076     28.995        0.354       0.873
15900         0.323        0.889        324.490  8.0e-02        0.075     28.950        0.354       0.873
16000         0.322        0.890        326.531  8.0e-02        0.075     31.912        0.356       0.873
16100         0.323        0.890        328.571  8.0e-02        0.075     28.973        0.356       0.873
16200         0.323        0.889        330.612  8.0e-02        0.076     28.959        0.356       0.873
16300         0.324        0.889        332.653  8.0e-02        0.076     28.962        0.356       0.873
16400         0.321        0.891        334.694  8.0e-02        0.075     28.955        0.356       0.873
    t    train_loss    train_acc    train_epoch       lr    data_time    it_time    test_loss    test_acc
-----  ------------  -----------  -------------  -------  -----------  ---------  -----------  ----------
16500         0.323        0.890        336.735  7.9e-02        0.075     28.992        0.356       0.873
16600         0.322        0.890        338.776  7.9e-02        0.075     28.964        0.356       0.873
16700         0.323        0.889        340.816  7.9e-02        0.076     28.962        0.356       0.873
16800         0.323        0.889        342.857  7.9e-02        0.076     28.968        0.356       0.873
16900         0.323        0.889        344.898  7.9e-02        0.076     28.980        0.356       0.873
17000         0.323        0.889        346.939  7.9e-02        0.076     31.909        0.355       0.874
17100         0.323        0.890        348.980  7.9e-02        0.075     28.976        0.355       0.874
17200         0.322        0.889        351.020  7.9e-02        0.075     28.921        0.355       0.874
17300         0.323        0.889        353.061  7.8e-02        0.075     28.976        0.355       0.874
17400         0.322        0.889        355.102  7.8e-02        0.075     28.961        0.355       0.874
17500         0.321        0.890        357.143  7.8e-02        0.075     28.999        0.355       0.874
17600         0.321        0.890        359.184  7.8e-02        0.075     28.963        0.355       0.874
17700         0.324        0.888        361.224  7.8e-02        0.076     28.956        0.355       0.874
17800         0.321        0.890        363.265  7.8e-02        0.075     28.972        0.355       0.874
17900         0.322        0.890        365.306  7.8e-02        0.075     28.978        0.355       0.874
18000         0.322        0.889        367.347  7.8e-02        0.076     31.879        0.353       0.875
18100         0.320        0.890        369.388  7.7e-02        0.075     28.975        0.353       0.875
18200         0.323        0.890        371.429  7.7e-02        0.075     28.968        0.353       0.875
18300         0.321        0.890        373.469  7.7e-02        0.075     28.958        0.353       0.875
18400         0.323        0.889        375.510  7.7e-02        0.076     28.977        0.353       0.875
18500         0.322        0.889        377.551  7.7e-02        0.076     28.986        0.353       0.875
18600         0.321        0.890        379.592  7.7e-02        0.076     28.964        0.353       0.875
18700         0.323        0.889        381.633  7.7e-02        0.075     28.963        0.353       0.875
18800         0.322        0.890        383.673  7.7e-02        0.076     28.979        0.353       0.875
18900         0.321        0.891        385.714  7.6e-02        0.075     28.953        0.353       0.875
19000         0.323        0.889        387.755  7.6e-02        0.075     31.886        0.354       0.874
19100         0.323        0.889        389.796  7.6e-02        0.075     28.981        0.354       0.874
19200         0.320        0.890        391.837  7.6e-02        0.076     28.975        0.354       0.874
19300         0.321        0.890        393.878  7.6e-02        0.075     28.979        0.354       0.874
19400         0.322        0.889        395.918  7.6e-02        0.075     28.968        0.354       0.874
19500         0.322        0.891        397.959  7.6e-02        0.077     28.980        0.354       0.874
19600         0.321        0.889        400.000  7.6e-02        0.076     28.912        0.354       0.874
19700         0.321        0.891        402.041  7.5e-02        0.075     28.982        0.354       0.874
19800         0.323        0.890        404.082  7.5e-02        0.075     28.961        0.354       0.874
19900         0.322        0.890        406.122  7.5e-02        0.075     28.980        0.354       0.874
20000         0.322        0.890        408.163  7.5e-02        0.076     31.917        0.353       0.875
20100         0.321        0.890        410.204  7.5e-02        0.076     28.953        0.353       0.875
20200         0.321        0.890        412.245  7.5e-02        0.075     28.965        0.353       0.875
20300         0.320        0.890        414.286  7.5e-02        0.075     28.991        0.353       0.875
20400         0.320        0.891        416.327  7.5e-02        0.076     28.970        0.353       0.875
20500         0.322        0.891        418.367  7.4e-02        0.076     28.968        0.353       0.875
    t    train_loss    train_acc    train_epoch       lr    data_time    it_time    test_loss    test_acc
-----  ------------  -----------  -------------  -------  -----------  ---------  -----------  ----------
20600         0.320        0.890        420.408  7.4e-02        0.075     28.951        0.353       0.875
20700         0.321        0.889        422.449  7.4e-02        0.075     28.968        0.353       0.875
20800         0.320        0.891        424.490  7.4e-02        0.075     28.965        0.353       0.875
20900         0.324        0.889        426.531  7.4e-02        0.075     28.978        0.353       0.875
21000         0.322        0.890        428.571  7.4e-02        0.075     31.880        0.354       0.875
21100         0.321        0.891        430.612  7.4e-02        0.076     28.976        0.354       0.875
21200         0.320        0.891        432.653  7.4e-02        0.075     28.958        0.354       0.875
21300         0.322        0.889        434.694  7.3e-02        0.075     28.972        0.354       0.875
21400         0.322        0.889        436.735  7.3e-02        0.075     28.969        0.354       0.875
21500         0.321        0.890        438.776  7.3e-02        0.076     28.963        0.354       0.875
21600         0.320        0.891        440.816  7.3e-02        0.076     28.975        0.354       0.875
21700         0.322        0.890        442.857  7.3e-02        0.076     28.938        0.354       0.875
21800         0.321        0.890        444.898  7.3e-02        0.076     28.979        0.354       0.875
21900         0.320        0.891        446.939  7.3e-02        0.077     28.980        0.354       0.875
22000         0.322        0.889        448.980  7.3e-02        0.076     31.912        0.355       0.875
22100         0.321        0.889        451.020  7.2e-02        0.075     28.930        0.355       0.875
22200         0.320        0.890        453.061  7.2e-02        0.077     28.978        0.355       0.875
22300         0.322        0.890        455.102  7.2e-02        0.076     28.959        0.355       0.875
22400         0.321        0.890        457.143  7.2e-02        0.076     28.971        0.355       0.875
22500         0.321        0.890        459.184  7.2e-02        0.076     28.982        0.355       0.875
22600         0.320        0.891        461.224  7.2e-02        0.076     28.960        0.355       0.875
22700         0.323        0.889        463.265  7.2e-02        0.076     28.966        0.355       0.875
22800         0.318        0.891        465.306  7.2e-02        0.076     28.980        0.355       0.875
22900         0.321        0.890        467.347  7.1e-02        0.076     28.980        0.355       0.875
23000         0.321        0.890        469.388  7.1e-02        0.076     31.908        0.352       0.876
23100         0.319        0.891        471.429  7.1e-02        0.076     28.979        0.352       0.876
23200         0.318        0.891        473.469  7.1e-02        0.076     28.981        0.352       0.876
23300         0.321        0.891        475.510  7.1e-02        0.076     28.971        0.352       0.876
23400         0.323        0.889        477.551  7.1e-02        0.075     28.978        0.352       0.876
23500         0.320        0.889        479.592  7.1e-02        0.076     28.983        0.352       0.876
23600         0.319        0.890        481.633  7.1e-02        0.076     28.962        0.352       0.876
23700         0.321        0.890        483.673  7.0e-02        0.076     28.984        0.352       0.876
23800         0.322        0.890        485.714  7.0e-02        0.075     28.979        0.352       0.876
23900         0.319        0.891        487.755  7.0e-02        0.076     28.982        0.352       0.876
24000         0.321        0.890        489.796  7.0e-02        0.075     31.915        0.353       0.875
24100         0.321        0.890        491.837  7.0e-02        0.075     28.977        0.353       0.875
24200         0.321        0.891        493.878  7.0e-02        0.076     28.981        0.353       0.875
24300         0.322        0.890        495.918  7.0e-02        0.076     28.983        0.353       0.875
24400         0.319        0.891        497.959  7.0e-02        0.077     28.984        0.353       0.875
24500         0.320        0.891        500.000  6.9e-02        0.076     28.912        0.353       0.875
24600         0.321        0.889        502.041  6.9e-02        0.075     28.980        0.353       0.875
    t    train_loss    train_acc    train_epoch       lr    data_time    it_time    test_loss    test_acc
-----  ------------  -----------  -------------  -------  -----------  ---------  -----------  ----------
24700         0.319        0.891        504.082  6.9e-02        0.076     28.977        0.353       0.875
24800         0.322        0.890        506.122  6.9e-02        0.076     28.967        0.353       0.875
24900         0.319        0.891        508.163  6.9e-02        0.075     28.979        0.353       0.875
25000         0.322        0.890        510.204  6.9e-02        0.075     31.906        0.353       0.875
25100         0.320        0.891        512.245  6.9e-02        0.076     28.982        0.353       0.875
25200         0.320        0.891        514.286  6.9e-02        0.077     28.977        0.353       0.875
25300         0.319        0.892        516.327  6.8e-02        0.077     28.967        0.353       0.875
25400         0.320        0.890        518.367  6.8e-02        0.076     28.966        0.353       0.875
25500         0.321        0.891        520.408  6.8e-02        0.076     28.960        0.353       0.875
25600         0.322        0.889        522.449  6.8e-02        0.075     28.967        0.353       0.875
25700         0.319        0.891        524.490  6.8e-02        0.075     28.963        0.353       0.875
25800         0.320        0.891        526.531  6.8e-02        0.075     28.957        0.353       0.875
25900         0.320        0.891        528.571  6.8e-02        0.075     28.962        0.353       0.875
26000         0.322        0.891        530.612  6.8e-02        0.076     31.903        0.352       0.877
26100         0.320        0.891        532.653  6.7e-02        0.076     28.972        0.352       0.877
26200         0.321        0.891        534.694  6.7e-02        0.075     28.967        0.352       0.877
26300         0.318        0.892        536.735  6.7e-02        0.075     28.976        0.352       0.877
26400         0.319        0.891        538.776  6.7e-02        0.075     28.978        0.352       0.877
26500         0.322        0.890        540.816  6.7e-02        0.075     28.959        0.352       0.877
26600         0.320        0.891        542.857  6.7e-02        0.077     28.969        0.352       0.877
26700         0.320        0.890        544.898  6.7e-02        0.075     28.968        0.352       0.877
26800         0.320        0.890        546.939  6.7e-02        0.077     28.977        0.352       0.877
26900         0.320        0.890        548.980  6.6e-02        0.076     28.979        0.352       0.877
27000         0.321        0.891        551.020  6.6e-02        0.076     31.841        0.351       0.877
27100         0.320        0.891        553.061  6.6e-02        0.076     29.002        0.351       0.877
27200         0.320        0.891        555.102  6.6e-02        0.076     28.965        0.351       0.877
27300         0.320        0.890        557.143  6.6e-02        0.076     28.975        0.351       0.877
27400         0.319        0.891        559.184  6.6e-02        0.076     28.964        0.351       0.877
27500         0.320        0.891        561.224  6.6e-02        0.076     28.980        0.351       0.877
27600         0.320        0.891        563.265  6.6e-02        0.076     28.961        0.351       0.877
27700         0.321        0.890        565.306  6.5e-02        0.076     28.967        0.351       0.877
27800         0.322        0.890        567.347  6.5e-02        0.076     28.978        0.351       0.877
27900         0.317        0.892        569.388  6.5e-02        0.076     28.961        0.351       0.877
28000         0.321        0.890        571.429  6.5e-02        0.076     31.893        0.353       0.875
28100         0.319        0.891        573.469  6.5e-02        0.076     28.960        0.353       0.875
28200         0.319        0.892        575.510  6.5e-02        0.076     28.982        0.353       0.875
28300         0.319        0.891        577.551  6.5e-02        0.075     28.958        0.353       0.875
28400         0.319        0.891        579.592  6.5e-02        0.076     28.969        0.353       0.875
28500         0.320        0.891        581.633  6.4e-02        0.075     28.979        0.353       0.875
28600         0.321        0.890        583.673  6.4e-02        0.076     28.979        0.353       0.875
28700         0.319        0.891        585.714  6.4e-02        0.076     28.988        0.353       0.875
    t    train_loss    train_acc    train_epoch       lr    data_time    it_time    test_loss    test_acc
-----  ------------  -----------  -------------  -------  -----------  ---------  -----------  ----------
28800         0.319        0.891        587.755  6.4e-02        0.076     28.962        0.353       0.875
28900         0.319        0.891        589.796  6.4e-02        0.076     28.977        0.353       0.875
29000         0.319        0.890        591.837  6.4e-02        0.076     31.932        0.353       0.876
29100         0.320        0.890        593.878  6.4e-02        0.076     28.978        0.353       0.876
29200         0.319        0.891        595.918  6.4e-02        0.076     28.976        0.353       0.876
29300         0.318        0.892        597.959  6.3e-02        0.077     28.982        0.353       0.876
29400         0.322        0.890        600.000  6.3e-02        0.075     28.934        0.353       0.876
29500         0.318        0.891        602.041  6.3e-02        0.075     28.973        0.353       0.876
29600         0.321        0.890        604.082  6.3e-02        0.076     28.967        0.353       0.876
29700         0.317        0.892        606.122  6.3e-02        0.076     28.988        0.353       0.876
29800         0.322        0.889        608.163  6.3e-02        0.075     28.970        0.353       0.876
29900         0.318        0.890        610.204  6.3e-02        0.076     28.960        0.353       0.876
30000         0.322        0.891        612.245  6.3e-02        0.076     31.904        0.352       0.875
30100         0.319        0.891        614.286  6.2e-02        0.077     28.970        0.352       0.875
30200         0.318        0.892        616.327  6.2e-02        0.075     28.939        0.352       0.875
30300         0.320        0.891        618.367  6.2e-02        0.076     28.966        0.352       0.875
30400         0.320        0.890        620.408  6.2e-02        0.076     28.963        0.352       0.875
30500         0.320        0.891        622.449  6.2e-02        0.076     28.963        0.352       0.875
30600         0.321        0.890        624.490  6.2e-02        0.076     28.959        0.352       0.875
30700         0.317        0.892        626.531  6.2e-02        0.075     28.944        0.352       0.875
30800         0.321        0.889        628.571  6.2e-02        0.076     28.974        0.352       0.875
30900         0.319        0.890        630.612  6.1e-02        0.076     28.957        0.352       0.875
31000         0.321        0.889        632.653  6.1e-02        0.075     31.893        0.353       0.875
31100         0.320        0.891        634.694  6.1e-02        0.075     29.000        0.353       0.875
31200         0.319        0.890        636.735  6.1e-02        0.075     28.973        0.353       0.875
31300         0.319        0.890        638.776  6.1e-02        0.075     28.969        0.353       0.875
31400         0.318        0.893        640.816  6.1e-02        0.075     28.977        0.353       0.875
31500         0.319        0.891        642.857  6.1e-02        0.075     28.983        0.353       0.875
31600         0.319        0.891        644.898  6.1e-02        0.075     28.963        0.353       0.875
31700         0.319        0.890        646.939  6.0e-02        0.077     28.964        0.353       0.875
31800         0.319        0.891        648.980  6.0e-02        0.076     28.963        0.353       0.875
31900         0.321        0.891        651.020  6.0e-02        0.075     28.928        0.353       0.875
32000         0.319        0.891        653.061  6.0e-02        0.075     31.888        0.351       0.876
32100         0.317        0.892        655.102  6.0e-02        0.075     28.978        0.351       0.876
32200         0.319        0.890        657.143  6.0e-02        0.075     28.962        0.351       0.876
32300         0.320        0.890        659.184  6.0e-02        0.076     28.965        0.351       0.876
32400         0.318        0.891        661.224  6.0e-02        0.076     28.957        0.351       0.876
32500         0.320        0.891        663.265  5.9e-02        0.076     28.986        0.351       0.876
32600         0.319        0.890        665.306  5.9e-02        0.076     28.979        0.351       0.876
32700         0.319        0.891        667.347  5.9e-02        0.075     28.967        0.351       0.876
32800         0.320        0.891        669.388  5.9e-02        0.077     28.978        0.351       0.876
    t    train_loss    train_acc    train_epoch       lr    data_time    it_time    test_loss    test_acc
-----  ------------  -----------  -------------  -------  -----------  ---------  -----------  ----------
32900         0.319        0.891        671.429  5.9e-02        0.076     28.966        0.351       0.876
33000         0.321        0.889        673.469  5.9e-02        0.076     31.891        0.353       0.875
33100         0.318        0.891        675.510  5.9e-02        0.077     28.976        0.353       0.875
33200         0.321        0.890        677.551  5.9e-02        0.077     28.965        0.353       0.875
33300         0.319        0.891        679.592  5.8e-02        0.076     28.987        0.353       0.875
33400         0.321        0.890        681.633  5.8e-02        0.076     28.975        0.353       0.875
33500         0.319        0.891        683.673  5.8e-02        0.076     28.964        0.353       0.875
33600         0.319        0.891        685.714  5.8e-02        0.076     28.962        0.353       0.875
33700         0.319        0.890        687.755  5.8e-02        0.076     28.981        0.353       0.875
33800         0.318        0.892        689.796  5.8e-02        0.075     28.970        0.353       0.875
33900         0.320        0.890        691.837  5.8e-02        0.075     28.974        0.353       0.875
34000         0.318        0.891        693.878  5.8e-02        0.075     31.916        0.352       0.876
34100         0.319        0.891        695.918  5.7e-02        0.076     28.950        0.352       0.876
34200         0.320        0.891        697.959  5.7e-02        0.077     28.984        0.352       0.876
34300         0.320        0.891        700.000  5.7e-02        0.075     28.925        0.352       0.876
34400         0.319        0.891        702.041  5.7e-02        0.075     28.986        0.352       0.876
34500         0.320        0.890        704.082  5.7e-02        0.076     28.984        0.352       0.876
34600         0.319        0.890        706.122  5.7e-02        0.076     28.970        0.352       0.876
34700         0.318        0.891        708.163  5.7e-02        0.075     28.956        0.352       0.876
34800         0.321        0.889        710.204  5.7e-02        0.077     28.971        0.352       0.876
34900         0.317        0.892        712.245  5.6e-02        0.075     28.968        0.352       0.876
35000         0.321        0.890        714.286  5.6e-02        0.076     31.910        0.350       0.876
35100         0.320        0.891        716.327  5.6e-02        0.076     28.978        0.350       0.876
35200         0.318        0.892        718.367  5.6e-02        0.076     28.973        0.350       0.876
35300         0.320        0.891        720.408  5.6e-02        0.075     28.966        0.350       0.876
35400         0.317        0.892        722.449  5.6e-02        0.076     28.964        0.350       0.876
35500         0.322        0.891        724.490  5.6e-02        0.076     28.959        0.350       0.876
35600         0.322        0.889        726.531  5.6e-02        0.075     28.987        0.350       0.876
35700         0.316        0.892        728.571  5.5e-02        0.076     28.957        0.350       0.876
35800         0.322        0.890        730.612  5.5e-02        0.076     28.959        0.350       0.876
35900         0.317        0.892        732.653  5.5e-02        0.076     28.970        0.350       0.876
36000         0.320        0.891        734.694  5.5e-02        0.076     31.897        0.351       0.877
36100         0.318        0.891        736.735  5.5e-02        0.076     28.974        0.351       0.877
36200         0.318        0.891        738.776  5.5e-02        0.076     28.977        0.351       0.877
36300         0.319        0.890        740.816  5.5e-02        0.076     28.964        0.351       0.877
36400         0.320        0.891        742.857  5.5e-02        0.075     28.995        0.351       0.877
36500         0.319        0.891        744.898  5.4e-02        0.076     28.968        0.351       0.877
36600         0.320        0.890        746.939  5.4e-02        0.077     28.967        0.351       0.877
36700         0.320        0.890        748.980  5.4e-02        0.077     28.977        0.351       0.877
36800         0.319        0.891        751.020  5.4e-02        0.076     28.933        0.351       0.877
36900         0.319        0.890        753.061  5.4e-02        0.076     28.968        0.351       0.877
    t    train_loss    train_acc    train_epoch       lr    data_time    it_time    test_loss    test_acc
-----  ------------  -----------  -------------  -------  -----------  ---------  -----------  ----------
37000         0.318        0.892        755.102  5.4e-02        0.075     31.902        0.350       0.876
37100         0.319        0.892        757.143  5.4e-02        0.076     28.971        0.350       0.876
37200         0.321        0.890        759.184  5.4e-02        0.075     28.962        0.350       0.876
37300         0.318        0.891        761.224  5.3e-02        0.076     28.948        0.350       0.876
37400         0.320        0.891        763.265  5.3e-02        0.076     28.979        0.350       0.876
37500         0.318        0.891        765.306  5.3e-02        0.076     28.996        0.350       0.876
37600         0.319        0.890        767.347  5.3e-02        0.076     28.980        0.350       0.876
37700         0.318        0.892        769.388  5.3e-02        0.077     28.984        0.350       0.876
37800         0.320        0.891        771.429  5.3e-02        0.075     28.966        0.350       0.876
37900         0.318        0.892        773.469  5.3e-02        0.076     28.975        0.350       0.876
38000         0.318        0.892        775.510  5.3e-02        0.076     31.927        0.352       0.875
38100         0.318        0.892        777.551  5.2e-02        0.076     28.963        0.352       0.875
38200         0.320        0.891        779.592  5.2e-02        0.076     28.963        0.352       0.875
38300         0.319        0.891        781.633  5.2e-02        0.076     28.979        0.352       0.875
38400         0.318        0.891        783.673  5.2e-02        0.076     28.965        0.352       0.875
38500         0.318        0.892        785.714  5.2e-02        0.076     28.980        0.352       0.875
38600         0.321        0.890        787.755  5.2e-02        0.075     28.985        0.352       0.875
38700         0.319        0.891        789.796  5.2e-02        0.076     28.973        0.352       0.875
38800         0.319        0.891        791.837  5.2e-02        0.075     28.971        0.352       0.875
38900         0.321        0.891        793.878  5.1e-02        0.076     28.959        0.352       0.875
39000         0.320        0.890        795.918  5.1e-02        0.076     31.921        0.353       0.876
39100         0.317        0.892        797.959  5.1e-02        0.077     28.983        0.353       0.876
39200         0.319        0.891        800.000  5.1e-02        0.075     28.928        0.353       0.876
39300         0.318        0.891        802.041  5.1e-02        0.075     28.986        0.353       0.876
39400         0.318        0.891        804.082  5.1e-02        0.076     28.974        0.353       0.876
39500         0.318        0.891        806.122  5.1e-02        0.076     28.962        0.353       0.876
39600         0.319        0.892        808.163  5.1e-02        0.076     28.963        0.353       0.876
39700         0.319        0.891        810.204  5.0e-02        0.076     28.966        0.353       0.876
39800         0.318        0.892        812.245  5.0e-02        0.075     28.976        0.353       0.876
39900         0.319        0.891        814.286  5.0e-02        0.076     28.962        0.353       0.876
40000         0.319        0.891        816.327  5.0e-02        0.076     31.897        0.353       0.875
40100         0.319        0.891        818.367  5.0e-02        0.076     28.972        0.353       0.875
40200         0.319        0.891        820.408  5.0e-02        0.076     28.963        0.353       0.875
40300         0.317        0.891        822.449  5.0e-02        0.076     28.963        0.353       0.875
40400         0.319        0.892        824.490  5.0e-02        0.076     28.967        0.353       0.875
40500         0.320        0.890        826.531  4.9e-02        0.076     28.973        0.353       0.875
40600         0.319        0.891        828.571  4.9e-02        0.075     28.969        0.353       0.875
40700         0.320        0.890        830.612  4.9e-02        0.076     28.957        0.353       0.875
40800         0.319        0.891        832.653  4.9e-02        0.075     28.962        0.353       0.875
40900         0.319        0.892        834.694  4.9e-02        0.076     28.969        0.353       0.875
41000         0.317        0.892        836.735  4.9e-02        0.076     31.947        0.351       0.877
    t    train_loss    train_acc    train_epoch       lr    data_time    it_time    test_loss    test_acc
-----  ------------  -----------  -------------  -------  -----------  ---------  -----------  ----------
41100         0.319        0.890        838.776  4.9e-02        0.076     28.943        0.351       0.877
41200         0.318        0.891        840.816  4.9e-02        0.076     28.967        0.351       0.877
41300         0.319        0.891        842.857  4.8e-02        0.076     28.978        0.351       0.877
41400         0.320        0.890        844.898  4.8e-02        0.076     28.982        0.351       0.877
41500         0.318        0.891        846.939  4.8e-02        0.077     28.998        0.351       0.877
41600         0.318        0.891        848.980  4.8e-02        0.076     28.978        0.351       0.877
41700         0.320        0.890        851.020  4.8e-02        0.076     28.935        0.351       0.877
41800         0.318        0.891        853.061  4.8e-02        0.076     28.975        0.351       0.877
41900         0.319        0.891        855.102  4.8e-02        0.077     28.967        0.351       0.877
42000         0.320        0.891        857.143  4.8e-02        0.076     31.913        0.352       0.876
42100         0.318        0.890        859.184  4.7e-02        0.076     28.969        0.352       0.876
42200         0.320        0.891        861.224  4.7e-02        0.077     28.981        0.352       0.876
42300         0.320        0.890        863.265  4.7e-02        0.076     28.961        0.352       0.876
42400         0.318        0.891        865.306  4.7e-02        0.076     28.960        0.352       0.876
42500         0.318        0.892        867.347  4.7e-02        0.076     28.962        0.352       0.876
42600         0.319        0.891        869.388  4.7e-02        0.076     28.969        0.352       0.876
42700         0.317        0.892        871.429  4.7e-02        0.075     28.971        0.352       0.876
42800         0.321        0.891        873.469  4.7e-02        0.076     28.973        0.352       0.876
42900         0.317        0.891        875.510  4.6e-02        0.076     28.970        0.352       0.876
43000         0.320        0.891        877.551  4.6e-02        0.076     31.938        0.352       0.876
43100         0.319        0.892        879.592  4.6e-02        0.076     28.965        0.352       0.876
43200         0.319        0.891        881.633  4.6e-02        0.076     28.969        0.352       0.876
43300         0.318        0.891        883.673  4.6e-02        0.076     28.975        0.352       0.876
43400         0.319        0.892        885.714  4.6e-02        0.076     28.963        0.352       0.876
43500         0.317        0.892        887.755  4.6e-02        0.076     28.972        0.352       0.876
43600         0.319        0.891        889.796  4.6e-02        0.076     28.977        0.352       0.876
43700         0.318        0.892        891.837  4.5e-02        0.076     28.967        0.352       0.876
43800         0.318        0.891        893.878  4.5e-02        0.075     28.956        0.352       0.876
43900         0.319        0.891        895.918  4.5e-02        0.076     28.968        0.352       0.876
44000         0.319        0.890        897.959  4.5e-02        0.077     31.915        0.351       0.876
44100         0.318        0.892        900.000  4.5e-02        0.076     28.920        0.351       0.876
44200         0.319        0.891        902.041  4.5e-02        0.076     28.981        0.351       0.876
44300         0.318        0.892        904.082  4.5e-02        0.076     28.987        0.351       0.876
44400         0.319        0.891        906.122  4.5e-02        0.075     28.970        0.351       0.876
44500         0.320        0.890        908.163  4.4e-02        0.076     28.978        0.351       0.876
44600         0.318        0.891        910.204  4.4e-02        0.076     28.950        0.351       0.876
44700         0.317        0.891        912.245  4.4e-02        0.076     28.980        0.351       0.876
44800         0.318        0.892        914.286  4.4e-02        0.076     28.960        0.351       0.876
44900         0.318        0.891        916.327  4.4e-02        0.076     28.964        0.351       0.876
45000         0.318        0.891        918.367  4.4e-02        0.076     31.894        0.352       0.875
45100         0.318        0.892        920.408  4.4e-02        0.076     28.974        0.352       0.875
    t    train_loss    train_acc    train_epoch       lr    data_time    it_time    test_loss    test_acc
-----  ------------  -----------  -------------  -------  -----------  ---------  -----------  ----------
45200         0.320        0.890        922.449  4.4e-02        0.076     28.960        0.352       0.875
45300         0.318        0.890        924.490  4.3e-02        0.076     28.968        0.352       0.875
45400         0.319        0.891        926.531  4.3e-02        0.077     28.980        0.352       0.875
45500         0.320        0.890        928.571  4.3e-02        0.076     28.979        0.352       0.875
45600         0.319        0.891        930.612  4.3e-02        0.076     28.965        0.352       0.875
45700         0.319        0.891        932.653  4.3e-02        0.077     28.956        0.352       0.875
45800         0.319        0.891        934.694  4.3e-02        0.076     28.981        0.352       0.875
45900         0.318        0.891        936.735  4.3e-02        0.076     28.960        0.352       0.875
46000         0.319        0.891        938.776  4.3e-02        0.076     31.904        0.350       0.876
46100         0.318        0.891        940.816  4.2e-02        0.076     28.969        0.350       0.876
46200         0.320        0.890        942.857  4.2e-02        0.076     28.972        0.350       0.876
46300         0.318        0.891        944.898  4.2e-02        0.076     28.954        0.350       0.876
46400         0.320        0.891        946.939  4.2e-02        0.077     28.979        0.350       0.876
46500         0.317        0.891        948.980  4.2e-02        0.076     28.982        0.350       0.876
46600         0.318        0.892        951.020  4.2e-02        0.076     28.933        0.350       0.876
46700         0.319        0.890        953.061  4.2e-02        0.076     28.981        0.350       0.876
46800         0.319        0.891        955.102  4.2e-02        0.076     28.976        0.350       0.876
46900         0.318        0.891        957.143  4.1e-02        0.076     28.966        0.350       0.876
47000         0.318        0.892        959.184  4.1e-02        0.076     31.905        0.351       0.877
47100         0.320        0.891        961.224  4.1e-02        0.076     28.977        0.351       0.877
47200         0.317        0.892        963.265  4.1e-02        0.076     28.977        0.351       0.877
47300         0.321        0.890        965.306  4.1e-02        0.076     28.948        0.351       0.877
47400         0.317        0.892        967.347  4.1e-02        0.076     28.961        0.351       0.877
47500         0.317        0.893        969.388  4.1e-02        0.076     28.959        0.351       0.877
47600         0.319        0.891        971.429  4.1e-02        0.076     28.981        0.351       0.877
47700         0.318        0.891        973.469  4.0e-02        0.076     28.947        0.351       0.877
47800         0.317        0.891        975.510  4.0e-02        0.076     28.961        0.351       0.877
47900         0.320        0.890        977.551  4.0e-02        0.076     28.946        0.351       0.877
48000         0.319        0.891        979.592  4.0e-02        0.075     31.912        0.350       0.876
48100         0.320        0.890        981.633  4.0e-02        0.076     28.973        0.350       0.876
48200         0.318        0.891        983.673  4.0e-02        0.075     28.958        0.350       0.876
48300         0.319        0.892        985.714  4.0e-02        0.075     28.967        0.350       0.876
48400         0.319        0.892        987.755  4.0e-02        0.076     28.965        0.350       0.876
48500         0.318        0.892        989.796  3.9e-02        0.075     29.002        0.350       0.876
48600         0.317        0.892        991.837  3.9e-02        0.075     28.972        0.350       0.876
48700         0.321        0.890        993.878  3.9e-02        0.076     28.968        0.350       0.876
48800         0.318        0.892        995.918  3.9e-02        0.076     28.952        0.350       0.876
48900         0.319        0.891        997.959  3.9e-02        0.077     28.973        0.350       0.876
49000         0.319        0.891       1000.000  3.9e-02        0.075     31.847        0.352       0.876
49100         0.318        0.892       1002.041  3.9e-02        0.076     28.974        0.352       0.876
49200         0.319        0.891       1004.082  3.9e-02        0.076     28.977        0.352       0.876
    t    train_loss    train_acc    train_epoch       lr    data_time    it_time    test_loss    test_acc
-----  ------------  -----------  -------------  -------  -----------  ---------  -----------  ----------
49300         0.319        0.891       1006.122  3.8e-02        0.075     28.962        0.352       0.876
49400         0.318        0.891       1008.163  3.8e-02        0.075     28.976        0.352       0.876
49500         0.319        0.891       1010.204  3.8e-02        0.077     28.963        0.352       0.876
49600         0.319        0.891       1012.245  3.8e-02        0.076     28.962        0.352       0.876
49700         0.318        0.890       1014.286  3.8e-02        0.076     28.959        0.352       0.876
49800         0.319        0.892       1016.327  3.8e-02        0.076     28.980        0.352       0.876
49900         0.318        0.890       1018.367  3.8e-02        0.076     28.978        0.352       0.876
50000         0.319        0.891       1020.408  3.8e-02        0.076     31.938        0.351       0.876
50100         0.318        0.891       1022.449  3.7e-02        0.076     28.946        0.351       0.876
50200         0.320        0.890       1024.490  3.7e-02        0.076     28.970        0.351       0.876
50300         0.317        0.891       1026.531  3.7e-02        0.076     28.972        0.351       0.876
50400         0.321        0.891       1028.571  3.7e-02        0.076     28.961        0.351       0.876
50500         0.318        0.891       1030.612  3.7e-02        0.076     28.982        0.351       0.876
50600         0.319        0.890       1032.653  3.7e-02        0.076     28.963        0.351       0.876
50700         0.321        0.891       1034.694  3.7e-02        0.076     28.960        0.351       0.876
50800         0.318        0.891       1036.735  3.7e-02        0.076     28.992        0.351       0.876
50900         0.316        0.892       1038.776  3.6e-02        0.077     28.964        0.351       0.876
51000         0.320        0.891       1040.816  3.6e-02        0.077     31.892        0.351       0.875
51100         0.319        0.892       1042.857  3.6e-02        0.076     28.975        0.351       0.875
51200         0.318        0.892       1044.898  3.6e-02        0.076     28.963        0.351       0.875
51300         0.317        0.892       1046.939  3.6e-02        0.078     28.980        0.351       0.875
51400         0.319        0.891       1048.980  3.6e-02        0.075     28.948        0.351       0.875
51500         0.318        0.892       1051.020  3.6e-02        0.076     28.938        0.351       0.875
51600         0.318        0.891       1053.061  3.6e-02        0.076     28.967        0.351       0.875
51700         0.318        0.891       1055.102  3.5e-02        0.076     28.983        0.351       0.875
51800         0.320        0.890       1057.143  3.5e-02        0.076     28.960        0.351       0.875
51900         0.317        0.891       1059.184  3.5e-02        0.075     28.960        0.351       0.875
52000         0.318        0.892       1061.224  3.5e-02        0.076     31.907        0.353       0.875
52100         0.318        0.891       1063.265  3.5e-02        0.076     28.978        0.353       0.875
52200         0.318        0.892       1065.306  3.5e-02        0.076     28.961        0.353       0.875
52300         0.319        0.892       1067.347  3.5e-02        0.076     28.963        0.353       0.875
52400         0.318        0.892       1069.388  3.5e-02        0.077     28.960        0.353       0.875
52500         0.319        0.891       1071.429  3.4e-02        0.076     28.962        0.353       0.875
52600         0.317        0.892       1073.469  3.4e-02        0.076     28.963        0.353       0.875
52700         0.319        0.890       1075.510  3.4e-02        0.076     28.956        0.353       0.875
52800         0.318        0.892       1077.551  3.4e-02        0.076     28.966        0.353       0.875
52900         0.318        0.892       1079.592  3.4e-02        0.076     28.981        0.353       0.875
53000         0.318        0.891       1081.633  3.4e-02        0.076     31.901        0.351       0.876
53100         0.318        0.891       1083.673  3.4e-02        0.076     28.967        0.351       0.876
53200         0.319        0.891       1085.714  3.4e-02        0.076     28.962        0.351       0.876
53300         0.318        0.892       1087.755  3.3e-02        0.076     28.955        0.351       0.876
    t    train_loss    train_acc    train_epoch       lr    data_time    it_time    test_loss    test_acc
-----  ------------  -----------  -------------  -------  -----------  ---------  -----------  ----------
53400         0.318        0.891       1089.796  3.3e-02        0.076     28.964        0.351       0.876
53500         0.319        0.892       1091.837  3.3e-02        0.076     28.951        0.351       0.876
53600         0.320        0.890       1093.878  3.3e-02        0.076     28.977        0.351       0.876
53700         0.319        0.891       1095.918  3.3e-02        0.076     28.964        0.351       0.876
53800         0.319        0.891       1097.959  3.3e-02        0.077     28.980        0.351       0.876
53900         0.317        0.892       1100.000  3.3e-02        0.076     28.930        0.351       0.876
54000         0.319        0.891       1102.041  3.3e-02        0.076     31.947        0.351       0.876
54100         0.318        0.892       1104.082  3.2e-02        0.076     28.987        0.351       0.876
54200         0.318        0.891       1106.122  3.2e-02        0.076     28.960        0.351       0.876
54300         0.317        0.891       1108.163  3.2e-02        0.076     28.956        0.351       0.876
54400         0.318        0.892       1110.204  3.2e-02        0.076     28.973        0.351       0.876
54500         0.320        0.890       1112.245  3.2e-02        0.076     28.988        0.351       0.876
54600         0.318        0.890       1114.286  3.2e-02        0.076     28.974        0.351       0.876
54700         0.318        0.892       1116.327  3.2e-02        0.076     28.964        0.351       0.876
54800         0.319        0.891       1118.367  3.2e-02        0.075     28.976        0.351       0.876
54900         0.320        0.890       1120.408  3.1e-02        0.076     28.966        0.351       0.876
55000         0.318        0.891       1122.449  3.1e-02        0.076     31.944        0.351       0.875
55100         0.319        0.891       1124.490  3.1e-02        0.077     28.974        0.351       0.875
55200         0.317        0.892       1126.531  3.1e-02        0.076     28.963        0.351       0.875
55300         0.317        0.893       1128.571  3.1e-02        0.076     28.992        0.351       0.875
55400         0.319        0.891       1130.612  3.1e-02        0.075     28.968        0.351       0.875
55500         0.319        0.890       1132.653  3.1e-02        0.076     28.957        0.351       0.875
55600         0.318        0.891       1134.694  3.1e-02        0.076     28.984        0.351       0.875
55700         0.320        0.890       1136.735  3.0e-02        0.075     28.982        0.351       0.875
55800         0.316        0.891       1138.776  3.0e-02        0.076     28.976        0.351       0.875
55900         0.319        0.891       1140.816  3.0e-02        0.076     28.963        0.351       0.875
56000         0.318        0.892       1142.857  3.0e-02        0.076     31.911        0.352       0.875
56100         0.320        0.890       1144.898  3.0e-02        0.076     28.979        0.352       0.875
56200         0.316        0.892       1146.939  3.0e-02        0.078     28.963        0.352       0.875
56300         0.318        0.891       1148.980  3.0e-02        0.076     28.980        0.352       0.875
56400         0.319        0.890       1151.020  3.0e-02        0.076     28.928        0.352       0.875
56500         0.318        0.892       1153.061  2.9e-02        0.076     28.968        0.352       0.875
56600         0.318        0.892       1155.102  2.9e-02        0.076     28.973        0.352       0.875
56700         0.319        0.891       1157.143  2.9e-02        0.076     28.975        0.352       0.875
56800         0.319        0.892       1159.184  2.9e-02        0.076     28.964        0.352       0.875
56900         0.316        0.891       1161.224  2.9e-02        0.076     28.961        0.352       0.875
57000         0.318        0.891       1163.265  2.9e-02        0.076     31.913        0.352       0.876
57100         0.320        0.891       1165.306  2.9e-02        0.076     28.975        0.352       0.876
57200         0.318        0.892       1167.347  2.9e-02        0.076     28.961        0.352       0.876
57300         0.319        0.891       1169.388  2.8e-02        0.076     28.979        0.352       0.876
57400         0.317        0.893       1171.429  2.8e-02        0.076     28.957        0.352       0.876
    t    train_loss    train_acc    train_epoch       lr    data_time    it_time    test_loss    test_acc
-----  ------------  -----------  -------------  -------  -----------  ---------  -----------  ----------
57500         0.317        0.891       1173.469  2.8e-02        0.076     28.967        0.352       0.876
57600         0.318        0.891       1175.510  2.8e-02        0.075     28.960        0.352       0.876
57700         0.318        0.891       1177.551  2.8e-02        0.075     29.002        0.352       0.876
57800         0.319        0.890       1179.592  2.8e-02        0.076     28.966        0.352       0.876
57900         0.318        0.891       1181.633  2.8e-02        0.076     28.991        0.352       0.876
58000         0.318        0.891       1183.673  2.8e-02        0.076     31.889        0.351       0.877
58100         0.318        0.892       1185.714  2.7e-02        0.076     28.976        0.351       0.877
58200         0.318        0.892       1187.755  2.7e-02        0.076     28.964        0.351       0.877
58300         0.318        0.891       1189.796  2.7e-02        0.076     28.987        0.351       0.877
58400         0.318        0.891       1191.837  2.7e-02        0.077     28.950        0.351       0.877
58500         0.317        0.892       1193.878  2.7e-02        0.076     28.987        0.351       0.877
58600         0.320        0.892       1195.918  2.7e-02        0.077     28.958        0.351       0.877
58700         0.317        0.892       1197.959  2.7e-02        0.077     28.984        0.351       0.877
58800         0.318        0.892       1200.000  2.7e-02        0.076     28.929        0.351       0.877
58900         0.318        0.891       1202.041  2.6e-02        0.076     28.931        0.351       0.877
59000         0.317        0.891       1204.082  2.6e-02        0.077     31.902        0.350       0.877
59100         0.319        0.891       1206.122  2.6e-02        0.076     28.974        0.350       0.877
59200         0.318        0.890       1208.163  2.6e-02        0.077     28.976        0.350       0.877
59300         0.317        0.892       1210.204  2.6e-02        0.076     28.967        0.350       0.877
59400         0.318        0.891       1212.245  2.6e-02        0.076     28.974        0.350       0.877
59500         0.318        0.891       1214.286  2.6e-02        0.076     28.967        0.350       0.877
59600         0.318        0.891       1216.327  2.6e-02        0.076     28.966        0.350       0.877
59700         0.317        0.891       1218.367  2.5e-02        0.076     28.976        0.350       0.877
59800         0.319        0.891       1220.408  2.5e-02        0.076     28.962        0.350       0.877
59900         0.317        0.892       1222.449  2.5e-02        0.076     28.961        0.350       0.877
60000         0.318        0.892       1224.490  2.5e-02        0.076     31.904        0.350       0.876
60100         0.317        0.892       1226.531  2.5e-02        0.076     28.962        0.350       0.876
60200         0.319        0.892       1228.571  2.5e-02        0.076     28.965        0.350       0.876
60300         0.317        0.892       1230.612  2.5e-02        0.076     28.979        0.350       0.876
60400         0.318        0.891       1232.653  2.5e-02        0.076     28.958        0.350       0.876
60500         0.318        0.891       1234.694  2.4e-02        0.076     28.969        0.350       0.876
60600         0.318        0.893       1236.735  2.4e-02        0.076     28.975        0.350       0.876
60700         0.319        0.891       1238.776  2.4e-02        0.076     28.962        0.350       0.876
60800         0.320        0.891       1240.816  2.4e-02        0.076     28.964        0.350       0.876
60900         0.318        0.892       1242.857  2.4e-02        0.077     28.975        0.350       0.876
61000         0.318        0.891       1244.898  2.4e-02        0.076     31.904        0.351       0.876
61100         0.318        0.891       1246.939  2.4e-02        0.078     28.990        0.351       0.876
61200         0.318        0.891       1248.980  2.4e-02        0.076     28.976        0.351       0.876
61300         0.318        0.892       1251.020  2.3e-02        0.076     28.905        0.351       0.876
61400         0.319        0.891       1253.061  2.3e-02        0.076     28.975        0.351       0.876
61500         0.320        0.891       1255.102  2.3e-02        0.076     28.972        0.351       0.876
    t    train_loss    train_acc    train_epoch       lr    data_time    it_time    test_loss    test_acc
-----  ------------  -----------  -------------  -------  -----------  ---------  -----------  ----------
61600         0.319        0.891       1257.143  2.3e-02        0.076     28.958        0.351       0.876
61700         0.317        0.891       1259.184  2.3e-02        0.077     28.960        0.351       0.876
61800         0.319        0.891       1261.224  2.3e-02        0.076     28.965        0.351       0.876
61900         0.319        0.892       1263.265  2.3e-02        0.076     28.981        0.351       0.876
62000         0.318        0.892       1265.306  2.3e-02        0.076     31.904        0.351       0.875
62100         0.317        0.892       1267.347  2.2e-02        0.076     28.955        0.351       0.875
62200         0.318        0.891       1269.388  2.2e-02        0.076     28.927        0.351       0.875
62300         0.316        0.892       1271.429  2.2e-02        0.076     28.966        0.351       0.875
62400         0.319        0.891       1273.469  2.2e-02        0.076     28.964        0.351       0.875
62500         0.319        0.891       1275.510  2.2e-02        0.076     28.943        0.351       0.875
62600         0.317        0.892       1277.551  2.2e-02        0.076     28.997        0.351       0.875
62700         0.318        0.891       1279.592  2.2e-02        0.076     28.970        0.351       0.875
62800         0.319        0.891       1281.633  2.2e-02        0.076     28.977        0.351       0.875
62900         0.316        0.893       1283.673  2.1e-02        0.076     28.977        0.351       0.875
63000         0.317        0.892       1285.714  2.1e-02        0.076     31.920        0.351       0.875
63100         0.318        0.892       1287.755  2.1e-02        0.076     28.981        0.351       0.875
63200         0.318        0.891       1289.796  2.1e-02        0.077     28.984        0.351       0.875
63300         0.317        0.892       1291.837  2.1e-02        0.076     28.978        0.351       0.875
63400         0.319        0.891       1293.878  2.1e-02        0.077     28.979        0.351       0.875
63500         0.319        0.891       1295.918  2.1e-02        0.076     28.979        0.351       0.875
63600         0.320        0.891       1297.959  2.1e-02        0.077     28.963        0.351       0.875
63700         0.319        0.893       1300.000  2.0e-02        0.076     28.932        0.351       0.875
63800         0.317        0.892       1302.041  2.0e-02        0.076     28.980        0.351       0.875
63900         0.318        0.892       1304.082  2.0e-02        0.076     28.983        0.351       0.875
64000         0.317        0.893       1306.122  2.0e-02        0.076     31.919        0.352       0.876
64100         0.318        0.890       1308.163  2.0e-02        0.076     28.979        0.352       0.876
64200         0.319        0.890       1310.204  2.0e-02        0.076     28.981        0.352       0.876
64300         0.317        0.891       1312.245  2.0e-02        0.076     28.962        0.352       0.876
64400         0.318        0.892       1314.286  2.0e-02        0.076     28.977        0.352       0.876
64500         0.319        0.891       1316.327  1.9e-02        0.076     28.947        0.352       0.876
64600         0.317        0.892       1318.367  1.9e-02        0.076     28.963        0.352       0.876
64700         0.318        0.892       1320.408  1.9e-02        0.075     28.960        0.352       0.876
64800         0.319        0.892       1322.449  1.9e-02        0.076     28.958        0.352       0.876
64900         0.316        0.892       1324.490  1.9e-02        0.076     28.968        0.352       0.876
65000         0.319        0.890       1326.531  1.9e-02        0.076     31.914        0.351       0.877
65100         0.318        0.891       1328.571  1.9e-02        0.076     28.973        0.351       0.877
65200         0.318        0.892       1330.612  1.9e-02        0.077     28.962        0.351       0.877
65300         0.318        0.891       1332.653  1.8e-02        0.076     28.957        0.351       0.877
65400         0.316        0.892       1334.694  1.8e-02        0.076     28.979        0.351       0.877
65500         0.319        0.891       1336.735  1.8e-02        0.076     28.987        0.351       0.877
65600         0.318        0.891       1338.776  1.8e-02        0.077     28.976        0.351       0.877
    t    train_loss    train_acc    train_epoch       lr    data_time    it_time    test_loss    test_acc
-----  ------------  -----------  -------------  -------  -----------  ---------  -----------  ----------
65700         0.318        0.892       1340.816  1.8e-02        0.077     28.966        0.351       0.877
65800         0.318        0.891       1342.857  1.8e-02        0.076     28.980        0.351       0.877
65900         0.319        0.891       1344.898  1.8e-02        0.076     28.982        0.351       0.877
66000         0.316        0.892       1346.939  1.8e-02        0.078     31.910        0.350       0.877
66100         0.319        0.891       1348.980  1.7e-02        0.076     28.974        0.350       0.877
66200         0.318        0.892       1351.020  1.7e-02        0.077     28.931        0.350       0.877
66300         0.318        0.891       1353.061  1.7e-02        0.076     28.962        0.350       0.877
66400         0.319        0.891       1355.102  1.7e-02        0.076     28.973        0.350       0.877
66500         0.318        0.892       1357.143  1.7e-02        0.077     28.977        0.350       0.877
66600         0.318        0.892       1359.184  1.7e-02        0.076     28.986        0.350       0.877
66700         0.319        0.891       1361.224  1.7e-02        0.077     28.960        0.350       0.877
66800         0.319        0.891       1363.265  1.7e-02        0.077     28.980        0.350       0.877
66900         0.319        0.892       1365.306  1.6e-02        0.077     28.978        0.350       0.877
67000         0.316        0.893       1367.347  1.6e-02        0.076     31.892        0.351       0.876
67100         0.320        0.891       1369.388  1.6e-02        0.077     28.971        0.351       0.876
67200         0.317        0.892       1371.429  1.6e-02        0.077     28.965        0.351       0.876
67300         0.317        0.892       1373.469  1.6e-02        0.078     28.963        0.351       0.876
67400         0.319        0.891       1375.510  1.6e-02        0.076     28.993        0.351       0.876
67500         0.318        0.891       1377.551  1.6e-02        0.076     28.966        0.351       0.876
67600         0.320        0.891       1379.592  1.6e-02        0.076     28.980        0.351       0.876
67700         0.317        0.892       1381.633  1.5e-02        0.077     28.979        0.351       0.876
67800         0.316        0.892       1383.673  1.5e-02        0.078     28.959        0.351       0.876
67900         0.319        0.891       1385.714  1.5e-02        0.076     28.983        0.351       0.876
68000         0.318        0.892       1387.755  1.5e-02        0.077     31.894        0.352       0.875
68100         0.318        0.891       1389.796  1.5e-02        0.077     28.975        0.352       0.875
68200         0.318        0.892       1391.837  1.5e-02        0.076     28.977        0.352       0.875
68300         0.320        0.891       1393.878  1.5e-02        0.076     28.970        0.352       0.875
68400         0.316        0.894       1395.918  1.5e-02        0.077     28.968        0.352       0.875
68500         0.319        0.892       1397.959  1.4e-02        0.078     28.960        0.352       0.875
68600         0.317        0.892       1400.000  1.4e-02        0.076     28.911        0.352       0.875
68700         0.319        0.891       1402.041  1.4e-02        0.077     28.966        0.352       0.875
68800         0.318        0.892       1404.082  1.4e-02        0.076     28.976        0.352       0.875
68900         0.318        0.890       1406.122  1.4e-02        0.076     28.983        0.352       0.875
69000         0.319        0.891       1408.163  1.4e-02        0.076     31.899        0.351       0.876
69100         0.317        0.892       1410.204  1.4e-02        0.077     28.965        0.351       0.876
69200         0.318        0.891       1412.245  1.4e-02        0.076     28.978        0.351       0.876
69300         0.318        0.892       1414.286  1.3e-02        0.076     28.964        0.351       0.876
69400         0.320        0.891       1416.327  1.3e-02        0.076     28.955        0.351       0.876
69500         0.317        0.892       1418.367  1.3e-02        0.076     28.984        0.351       0.876
69600         0.319        0.891       1420.408  1.3e-02        0.076     28.958        0.351       0.876
69700         0.316        0.892       1422.449  1.3e-02        0.076     28.966        0.351       0.876
    t    train_loss    train_acc    train_epoch       lr    data_time    it_time    test_loss    test_acc
-----  ------------  -----------  -------------  -------  -----------  ---------  -----------  ----------
69800         0.319        0.891       1424.490  1.3e-02        0.076     28.978        0.351       0.876
69900         0.319        0.891       1426.531  1.3e-02        0.077     28.963        0.351       0.876
70000         0.319        0.891       1428.571  1.3e-02        0.076     31.914        0.351       0.877
70100         0.317        0.891       1430.612  1.2e-02        0.077     28.971        0.351       0.877
70200         0.317        0.891       1432.653  1.2e-02        0.076     28.982        0.351       0.877
70300         0.317        0.892       1434.694  1.2e-02        0.077     28.975        0.351       0.877
70400         0.317        0.892       1436.735  1.2e-02        0.076     28.966        0.351       0.877
70500         0.320        0.891       1438.776  1.2e-02        0.078     28.978        0.351       0.877
70600         0.318        0.892       1440.816  1.2e-02        0.076     28.978        0.351       0.877
70700         0.317        0.892       1442.857  1.2e-02        0.076     28.980        0.351       0.877
70800         0.316        0.892       1444.898  1.2e-02        0.076     28.979        0.351       0.877
70900         0.318        0.892       1446.939  1.1e-02        0.078     28.959        0.351       0.877
71000         0.318        0.893       1448.980  1.1e-02        0.077     31.901        0.351       0.876
71100         0.317        0.892       1451.020  1.1e-02        0.076     28.913        0.351       0.876
71200         0.318        0.891       1453.061  1.1e-02        0.077     28.981        0.351       0.876
71300         0.317        0.892       1455.102  1.1e-02        0.076     28.978        0.351       0.876
71400         0.317        0.892       1457.143  1.1e-02        0.076     28.955        0.351       0.876
71500         0.318        0.891       1459.184  1.1e-02        0.076     28.959        0.351       0.876
71600         0.318        0.892       1461.224  1.1e-02        0.076     28.965        0.351       0.876
71700         0.319        0.891       1463.265  1.0e-02        0.077     28.976        0.351       0.876
71800         0.317        0.892       1465.306  1.0e-02        0.076     28.962        0.351       0.876
71900         0.319        0.891       1467.347  1.0e-02        0.076     28.970        0.351       0.876
72000         0.317        0.892       1469.388  1.0e-02        0.076     31.909        0.352       0.876
72100         0.319        0.892       1471.429  9.9e-03        0.076     28.972        0.352       0.876
72200         0.317        0.891       1473.469  9.8e-03        0.077     28.959        0.352       0.876
72300         0.317        0.892       1475.510  9.6e-03        0.076     28.978        0.352       0.876
72400         0.320        0.890       1477.551  9.5e-03        0.077     28.960        0.352       0.876
72500         0.316        0.893       1479.592  9.4e-03        0.076     28.977        0.352       0.876
72600         0.319        0.892       1481.633  9.3e-03        0.077     28.975        0.352       0.876
72700         0.318        0.891       1483.673  9.1e-03        0.076     28.967        0.352       0.876
72800         0.317        0.892       1485.714  9.0e-03        0.076     28.978        0.352       0.876
72900         0.317        0.891       1487.755  8.9e-03        0.076     28.986        0.352       0.876
73000         0.317        0.893       1489.796  8.8e-03        0.076     31.905        0.351       0.876
73100         0.318        0.892       1491.837  8.6e-03        0.077     28.976        0.351       0.876
73200         0.316        0.893       1493.878  8.5e-03        0.076     28.968        0.351       0.876
73300         0.318        0.891       1495.918  8.4e-03        0.076     28.971        0.351       0.876
73400         0.318        0.891       1497.959  8.3e-03        0.076     28.974        0.351       0.876
73500         0.317        0.892       1500.000  8.1e-03        0.075     28.918        0.351       0.876
73600         0.316        0.892       1502.041  8.0e-03        0.076     28.980        0.351       0.876
73700         0.318        0.892       1504.082  7.9e-03        0.076     28.981        0.351       0.876
73800         0.317        0.892       1506.122  7.8e-03        0.076     28.958        0.351       0.876
    t    train_loss    train_acc    train_epoch       lr    data_time    it_time    test_loss    test_acc
-----  ------------  -----------  -------------  -------  -----------  ---------  -----------  ----------
73900         0.318        0.892       1508.163  7.6e-03        0.077     28.957        0.351       0.876
74000         0.319        0.891       1510.204  7.5e-03        0.077     31.911        0.351       0.875
74100         0.318        0.892       1512.245  7.4e-03        0.076     28.971        0.351       0.875
74200         0.319        0.892       1514.286  7.3e-03        0.076     28.958        0.351       0.875
74300         0.317        0.892       1516.327  7.1e-03        0.077     28.966        0.351       0.875
74400         0.318        0.891       1518.367  7.0e-03        0.076     28.972        0.351       0.875
74500         0.316        0.893       1520.408  6.9e-03        0.076     28.970        0.351       0.875
74600         0.318        0.892       1522.449  6.8e-03        0.076     28.978        0.351       0.875
74700         0.318        0.891       1524.490  6.6e-03        0.077     28.960        0.351       0.875
74800         0.319        0.892       1526.531  6.5e-03        0.077     28.960        0.351       0.875
74900         0.317        0.892       1528.571  6.4e-03        0.076     28.980        0.351       0.875
75000         0.318        0.892       1530.612  6.3e-03        0.076     31.928        0.351       0.876
75100         0.318        0.891       1532.653  6.1e-03        0.077     28.956        0.351       0.876
75200         0.316        0.893       1534.694  6.0e-03        0.076     28.963        0.351       0.876
75300         0.320        0.890       1536.735  5.9e-03        0.076     28.963        0.351       0.876
75400         0.316        0.893       1538.776  5.8e-03        0.076     28.961        0.351       0.876
75500         0.319        0.892       1540.816  5.6e-03        0.076     28.980        0.351       0.876
75600         0.319        0.891       1542.857  5.5e-03        0.076     28.974        0.351       0.876
75700         0.317        0.892       1544.898  5.4e-03        0.076     28.983        0.351       0.876
75800         0.318        0.893       1546.939  5.3e-03        0.078     28.964        0.351       0.876
75900         0.318        0.891       1548.980  5.1e-03        0.075     28.982        0.351       0.876
76000         0.318        0.891       1551.020  5.0e-03        0.076     31.880        0.351       0.875
76100         0.318        0.891       1553.061  4.9e-03        0.076     28.983        0.351       0.875
76200         0.317        0.891       1555.102  4.8e-03        0.076     28.978        0.351       0.875
76300         0.316        0.892       1557.143  4.6e-03        0.076     28.980        0.351       0.875
76400         0.318        0.892       1559.184  4.5e-03        0.076     28.980        0.351       0.875
76500         0.319        0.891       1561.224  4.4e-03        0.076     28.958        0.351       0.875
76600         0.318        0.891       1563.265  4.3e-03        0.076     28.966        0.351       0.875
76700         0.320        0.890       1565.306  4.1e-03        0.076     28.973        0.351       0.875
76800         0.315        0.893       1567.347  4.0e-03        0.075     28.962        0.351       0.875
76900         0.316        0.891       1569.388  3.9e-03        0.076     28.961        0.351       0.875
77000         0.318        0.891       1571.429  3.8e-03        0.076     31.909        0.351       0.876
77100         0.318        0.892       1573.469  3.6e-03        0.076     28.979        0.351       0.876
77200         0.316        0.892       1575.510  3.5e-03        0.076     28.959        0.351       0.876
77300         0.319        0.891       1577.551  3.4e-03        0.076     28.962        0.351       0.876
77400         0.318        0.891       1579.592  3.3e-03        0.076     28.983        0.351       0.876
77500         0.316        0.892       1581.633  3.1e-03        0.076     28.940        0.351       0.876
77600         0.318        0.891       1583.673  3.0e-03        0.076     28.959        0.351       0.876
77700         0.318        0.892       1585.714  2.9e-03        0.076     28.962        0.351       0.876
77800         0.318        0.891       1587.755  2.8e-03        0.076     28.954        0.351       0.876
77900         0.321        0.889       1589.796  2.6e-03        0.077     28.968        0.351       0.876
    t    train_loss    train_acc    train_epoch       lr    data_time    it_time    test_loss    test_acc
-----  ------------  -----------  -------------  -------  -----------  ---------  -----------  ----------
78000         0.317        0.892       1591.837  2.5e-03        0.076     31.901        0.351       0.875
78100         0.316        0.892       1593.878  2.4e-03        0.076     28.974        0.351       0.875
78200         0.318        0.892       1595.918  2.3e-03        0.077     28.978        0.351       0.875
78300         0.316        0.893       1597.959  2.1e-03        0.077     28.982        0.351       0.875
78400         0.318        0.891       1600.000  2.0e-03        0.076     28.932        0.351       0.875
78500         0.318        0.891       1602.041  1.9e-03        0.076     28.983        0.351       0.875
78600         0.317        0.892       1604.082  1.8e-03        0.076     28.978        0.351       0.875
78700         0.316        0.892       1606.122  1.6e-03        0.076     28.973        0.351       0.875
78800         0.319        0.891       1608.163  1.5e-03        0.077     28.962        0.351       0.875
78900         0.316        0.891       1610.204  1.4e-03        0.076     28.955        0.351       0.875
79000         0.317        0.892       1612.245  1.3e-03        0.077     31.895        0.351       0.876
79100         0.319        0.891       1614.286  1.1e-03        0.076     28.956        0.351       0.876
79200         0.318        0.891       1616.327  1.0e-03        0.076     28.961        0.351       0.876
79300         0.317        0.892       1618.367  8.8e-04        0.077     28.969        0.351       0.876
79400         0.318        0.891       1620.408  7.5e-04        0.077     28.958        0.351       0.876
79500         0.318        0.892       1622.449  6.3e-04        0.076     28.961        0.351       0.876
79600         0.317        0.893       1624.490  5.0e-04        0.076     28.981        0.351       0.876
79700         0.318        0.892       1626.531  3.8e-04        0.076     28.978        0.351       0.876
79800         0.318        0.891       1628.571  2.5e-04        0.077     28.963        0.351       0.876
79900         0.318        0.891       1630.612  1.3e-04        0.076     28.961        0.351       0.876
80000         0.317        0.892       1632.653  1.2e-06        0.076     31.898        0.351       0.876
