  t     train_loss    train_acc    train_epoch       lr    data_time    it_time
---  -------------  -----------  -------------  -------  -----------  ---------
100  590584640.000        0.540          2.041  1.0e-01        0.326     29.385
200  511795040.000        0.541          4.082  1.0e-01        0.080     25.438
300  485563840.000        0.538          6.122  1.0e-01        0.079     24.943
400  502314848.000        0.540          8.163  1.0e-01        0.080     25.047
500  476445888.000        0.544         10.204  9.9e-02        0.080     25.159
600  474073664.000        0.546         12.245  9.9e-02        0.078     24.864
700  497417824.000        0.541         14.286  9.9e-02        0.082     25.985
800  508068384.000        0.545         16.327  9.9e-02        0.081     25.422
900  457400960.000        0.541         18.367  9.9e-02        0.082     26.116
1000  479439168.000        0.543         20.408  9.9e-02        0.081     29.325  436019552.000       0.592
1100  465728832.000        0.539         22.449  9.9e-02        0.079     24.768  436019552.000       0.592
1200  475015168.000        0.546         24.490  9.9e-02        0.079     24.766  436019552.000       0.592
1300  491214432.000        0.544         26.531  9.8e-02        0.078     24.786  436019552.000       0.592
1400  490791392.000        0.545         28.571  9.8e-02        0.078     24.790  436019552.000       0.592
1500  499208480.000        0.543         30.612  9.8e-02        0.077     24.794  436019552.000       0.592
1600  517146656.000        0.544         32.653  9.8e-02        0.078     24.803  436019552.000       0.592
1700  461878144.000        0.545         34.694  9.8e-02        0.078     24.804  436019552.000       0.592
1800  518208608.000        0.540         36.735  9.8e-02        0.078     24.810  436019552.000       0.592
1900  442468928.000        0.541         38.776  9.8e-02        0.078     24.817  436019552.000       0.592
2000  491395680.000        0.541         40.816  9.8e-02        0.079     27.361  434347168.000       0.581
2100  434164896.000        0.543         42.857  9.7e-02        0.078     24.866  434347168.000       0.581
2200  491783296.000        0.540         44.898  9.7e-02        0.079     24.833  434347168.000       0.581
2300  467862816.000        0.546         46.939  9.7e-02        0.081     24.723  434347168.000       0.581
2400  520834016.000        0.543         48.980  9.7e-02        0.077     24.710  434347168.000       0.581
2500  479942272.000        0.542         51.020  9.7e-02        0.078     24.673  434347168.000       0.581
2600  470722176.000        0.541         53.061  9.7e-02        0.077     24.715  434347168.000       0.581
2700  477004768.000        0.542         55.102  9.7e-02        0.078     24.727  434347168.000       0.581
2800  502046688.000        0.542         57.143  9.7e-02        0.077     24.728  434347168.000       0.581
2900  477101952.000        0.543         59.184  9.6e-02        0.078     24.732  434347168.000       0.581
3000  453506592.000        0.547         61.224  9.6e-02        0.078     27.272  432844800.000       0.507
3100  488704192.000        0.537         63.265  9.6e-02        0.078     24.739  432844800.000       0.507
3200  524480224.000        0.548         65.306  9.6e-02        0.078     24.735  432844800.000       0.507
3300  432139456.000        0.542         67.347  9.6e-02        0.078     24.735  432844800.000       0.507
3400  452280960.000        0.544         69.388  9.6e-02        0.078     24.736  432844800.000       0.507
3500  507931072.000        0.541         71.429  9.6e-02        0.079     24.743  432844800.000       0.507
3600  465806336.000        0.546         73.469  9.6e-02        0.079     24.745  432844800.000       0.507
3700  473371616.000        0.542         75.510  9.5e-02        0.077     24.748  432844800.000       0.507
3800  468487904.000        0.544         77.551  9.5e-02        0.077     24.750  432844800.000       0.507
3900  471081504.000        0.545         79.592  9.5e-02        0.078     24.754  432844800.000       0.507
4000  438435104.000        0.541         81.633  9.5e-02        0.078     27.293  545092608.000       0.517
4100  493208704.000        0.544         83.673  9.5e-02        0.078     24.757  545092608.000       0.517
   t     train_loss    train_acc    train_epoch       lr    data_time    it_time      test_loss    test_acc
----  -------------  -----------  -------------  -------  -----------  ---------  -------------  ----------
4200  450220640.000        0.541         85.714  9.5e-02        0.077     24.755  545092608.000       0.517
4300  454242432.000        0.539         87.755  9.5e-02        0.079     24.760  545092608.000       0.517
4400  481119968.000        0.545         89.796  9.5e-02        0.079     24.751  545092608.000       0.517
4500  433966528.000        0.542         91.837  9.4e-02        0.078     24.756  545092608.000       0.517
4600  462136288.000        0.540         93.878  9.4e-02        0.078     24.758  545092608.000       0.517
4700  463197664.000        0.546         95.918  9.4e-02        0.079     24.757  545092608.000       0.517
4800  466976640.000        0.541         97.959  9.4e-02        0.079     24.758  545092608.000       0.517
4900  465823904.000        0.543        100.000  9.4e-02        0.079     24.712  545092608.000       0.517
5000  466367008.000        0.543        102.041  9.4e-02        0.079     27.301  415014528.000       0.525
5100  468858624.000        0.545        104.082  9.4e-02        0.078     24.758  415014528.000       0.525
5200  465901696.000        0.546        106.122  9.4e-02        0.078     24.758  415014528.000       0.525
5300  429974208.000        0.544        108.163  9.3e-02        0.078     24.756  415014528.000       0.525
5400  484446208.000        0.545        110.204  9.3e-02        0.078     24.759  415014528.000       0.525
5500  413235616.000        0.545        112.245  9.3e-02        0.077     24.757  415014528.000       0.525
5600  475109248.000        0.540        114.286  9.3e-02        0.078     24.758  415014528.000       0.525
5700  433808768.000        0.547        116.327  9.3e-02        0.078     24.755  415014528.000       0.525
5800  420068224.000        0.547        118.367  9.3e-02        0.078     24.755  415014528.000       0.525
5900  475476608.000        0.542        120.408  9.3e-02        0.078     24.755  415014528.000       0.525
6000  481605184.000        0.538        122.449  9.3e-02        0.079     27.297  550985472.000       0.514
6100  499790880.000        0.543        124.490  9.2e-02        0.078     24.760  550985472.000       0.514
6200  442754176.000        0.548        126.531  9.2e-02        0.077     24.759  550985472.000       0.514
6300  431321408.000        0.547        128.571  9.2e-02        0.078     24.762  550985472.000       0.514
6400  430378720.000        0.544        130.612  9.2e-02        0.077     24.759  550985472.000       0.514
6500  481723520.000        0.545        132.653  9.2e-02        0.078     24.760  550985472.000       0.514
6600  448403840.000        0.543        134.694  9.2e-02        0.077     24.761  550985472.000       0.514
6700  471564128.000        0.546        136.735  9.2e-02        0.077     24.760  550985472.000       0.514
6800  455111040.000        0.543        138.776  9.2e-02        0.078     24.758  550985472.000       0.514
6900  462088320.000        0.541        140.816  9.1e-02        0.078     24.758  550985472.000       0.514
7000  449149696.000        0.543        142.857  9.1e-02        0.078     27.289  401132800.000       0.523
7100  458810208.000        0.547        144.898  9.1e-02        0.079     24.755  401132800.000       0.523
7200  428558368.000        0.540        146.939  9.1e-02        0.079     24.759  401132800.000       0.523
7300  488991552.000        0.541        148.980  9.1e-02        0.077     24.757  401132800.000       0.523
7400  476143200.000        0.544        151.020  9.1e-02        0.078     24.708  401132800.000       0.523
7500  451559136.000        0.544        153.061  9.1e-02        0.078     24.753  401132800.000       0.523
7600  433772064.000        0.543        155.102  9.1e-02        0.078     24.931  401132800.000       0.523
7700  462213728.000        0.544        157.143  9.0e-02        0.079     24.888  401132800.000       0.523
7800  464831776.000        0.544        159.184  9.0e-02        0.078     24.887  401132800.000       0.523
7900  439070752.000        0.543        161.224  9.0e-02        0.078     24.887  401132800.000       0.523
8000  469053920.000        0.546        163.265  9.0e-02        0.079     27.437  348720320.000       0.563
8100  410516032.000        0.546        165.306  9.0e-02        0.079     24.884  348720320.000       0.563
8200  414183104.000        0.538        167.347  9.0e-02        0.079     24.905  348720320.000       0.563
   t     train_loss    train_acc    train_epoch       lr    data_time    it_time      test_loss    test_acc
----  -------------  -----------  -------------  -------  -----------  ---------  -------------  ----------
8300  423048480.000        0.544        169.388  9.0e-02        0.078     24.894  348720320.000       0.563
8400  483406976.000        0.548        171.429  9.0e-02        0.079     24.892  348720320.000       0.563
8500  501512608.000        0.545        173.469  8.9e-02        0.079     24.892  348720320.000       0.563
8600  422603776.000        0.543        175.510  8.9e-02        0.079     24.889  348720320.000       0.563
8700  462935200.000        0.541        177.551  8.9e-02        0.079     24.888  348720320.000       0.563
8800  440890976.000        0.543        179.592  8.9e-02        0.079     25.003  348720320.000       0.563
8900  451504416.000        0.542        181.633  8.9e-02        0.078     24.764  348720320.000       0.563
9000  408458144.000        0.543        183.673  8.9e-02        0.077     27.300  504269888.000       0.549
9100  449491968.000        0.545        185.714  8.9e-02        0.078     24.761  504269888.000       0.549
9200  451016608.000        0.544        187.755  8.9e-02        0.078     24.762  504269888.000       0.549
9300  453029408.000        0.541        189.796  8.8e-02        0.077     24.761  504269888.000       0.549
9400  421204352.000        0.548        191.837  8.8e-02        0.078     24.764  504269888.000       0.549
9500  445926304.000        0.544        193.878  8.8e-02        0.079     24.756  504269888.000       0.549
9600  459267072.000        0.543        195.918  8.8e-02        0.079     24.759  504269888.000       0.549
9700  459547456.000        0.540        197.959  8.8e-02        0.078     24.760  504269888.000       0.549
9800  436741536.000        0.542        200.000  8.8e-02        0.078     24.712  504269888.000       0.549
9900  448392640.000        0.547        202.041  8.8e-02        0.078     24.755  504269888.000       0.549
10000  434990112.000        0.543        204.082  8.8e-02        0.077     27.294  478628704.000       0.524
10100  404177024.000        0.542        206.122  8.7e-02        0.078     24.761  478628704.000       0.524
10200  436941696.000        0.544        208.163  8.7e-02        0.078     24.760  478628704.000       0.524
10300  422413152.000        0.547        210.204  8.7e-02        0.079     24.756  478628704.000       0.524
10400  464322560.000        0.542        212.245  8.7e-02        0.078     24.756  478628704.000       0.524
10500  429007264.000        0.544        214.286  8.7e-02        0.078     24.760  478628704.000       0.524
10600  408396832.000        0.538        216.327  8.7e-02        0.078     24.761  478628704.000       0.524
10700  411217728.000        0.544        218.367  8.7e-02        0.078     24.759  478628704.000       0.524
10800  433967072.000        0.541        220.408  8.7e-02        0.078     24.760  478628704.000       0.524
10900  416003360.000        0.545        222.449  8.6e-02        0.078     24.765  478628704.000       0.524
11000  429230048.000        0.546        224.490  8.6e-02        0.077     27.307  297072128.000       0.579
11100  430444928.000        0.544        226.531  8.6e-02        0.079     24.761  297072128.000       0.579
11200  411904736.000        0.543        228.571  8.6e-02        0.078     24.766  297072128.000       0.579
11300  439079072.000        0.545        230.612  8.6e-02        0.078     24.763  297072128.000       0.579
11400  442164096.000        0.540        232.653  8.6e-02        0.078     24.758  297072128.000       0.579
11500  386992128.000        0.549        234.694  8.6e-02        0.077     24.762  297072128.000       0.579
11600  433840224.000        0.540        236.735  8.6e-02        0.079     24.761  297072128.000       0.579
11700  409488960.000        0.546        238.776  8.5e-02        0.078     24.756  297072128.000       0.579
11800  407075520.000        0.544        240.816  8.5e-02        0.078     24.755  297072128.000       0.579
11900  390591456.000        0.544        242.857  8.5e-02        0.078     24.759  297072128.000       0.579
12000  424701664.000        0.538        244.898  8.5e-02        0.078     27.296  443197952.000       0.523
12100  429466944.000        0.543        246.939  8.5e-02        0.079     24.762  443197952.000       0.523
12200  433468256.000        0.545        248.980  8.5e-02        0.078     24.757  443197952.000       0.523
12300  392142080.000        0.544        251.020  8.5e-02        0.078     24.718  443197952.000       0.523
    t     train_loss    train_acc    train_epoch       lr    data_time    it_time      test_loss    test_acc
-----  -------------  -----------  -------------  -------  -----------  ---------  -------------  ----------
12400  431615104.000        0.544        253.061  8.5e-02        0.079     24.753  443197952.000       0.523
12500  437554048.000        0.541        255.102  8.4e-02        0.078     24.764  443197952.000       0.523
12600  413743360.000        0.543        257.143  8.4e-02        0.078     24.765  443197952.000       0.523
12700  358949696.000        0.547        259.184  8.4e-02        0.078     24.764  443197952.000       0.523
12800  395731232.000        0.541        261.224  8.4e-02        0.078     24.758  443197952.000       0.523
12900  425989312.000        0.545        263.265  8.4e-02        0.078     24.762  443197952.000       0.523
13000  443595232.000        0.544        265.306  8.4e-02        0.078     27.300  514415808.000       0.482
13100  397019840.000        0.542        267.347  8.4e-02        0.080     24.762  514415808.000       0.482
13200  398789088.000        0.546        269.388  8.4e-02        0.078     24.765  514415808.000       0.482
13300  412268064.000        0.542        271.429  8.3e-02        0.078     24.762  514415808.000       0.482
13400  413088512.000        0.545        273.469  8.3e-02        0.077     24.764  514415808.000       0.482
13500  429820384.000        0.542        275.510  8.3e-02        0.078     24.767  514415808.000       0.482
13600  386457760.000        0.544        277.551  8.3e-02        0.078     24.763  514415808.000       0.482
13700  437303392.000        0.545        279.592  8.3e-02        0.077     24.765  514415808.000       0.482
13800  408289696.000        0.541        281.633  8.3e-02        0.077     24.768  514415808.000       0.482
13900  427890592.000        0.544        283.673  8.3e-02        0.078     24.761  514415808.000       0.482
14000  410579840.000        0.540        285.714  8.3e-02        0.078     27.303  360472960.000       0.610
14100  369969440.000        0.545        287.755  8.2e-02        0.078     24.762  360472960.000       0.610
14200  402598944.000        0.541        289.796  8.2e-02        0.078     24.765  360472960.000       0.610
14300  446773504.000        0.542        291.837  8.2e-02        0.078     24.760  360472960.000       0.610
14400  419649952.000        0.545        293.878  8.2e-02        0.078     24.765  360472960.000       0.610
14500  406313984.000        0.542        295.918  8.2e-02        0.080     24.768  360472960.000       0.610
14600  437778112.000        0.541        297.959  8.2e-02        0.079     24.766  360472960.000       0.610
14700  420590688.000        0.544        300.000  8.2e-02        0.078     24.724  360472960.000       0.610
14800  426065344.000        0.545        302.041  8.2e-02        0.078     24.762  360472960.000       0.610
14900  417211008.000        0.543        304.082  8.1e-02        0.078     24.766  360472960.000       0.610
15000  422869088.000        0.539        306.122  8.1e-02        0.078     27.304  542350144.000       0.583
15100  408536064.000        0.547        308.163  8.1e-02        0.078     24.767  542350144.000       0.583
15200  409779648.000        0.543        310.204  8.1e-02        0.078     24.765  542350144.000       0.583
15300  399622272.000        0.542        312.245  8.1e-02        0.079     24.765  542350144.000       0.583
15400  425079520.000        0.544        314.286  8.1e-02        0.080     24.767  542350144.000       0.583
15500  390105568.000        0.544        316.327  8.1e-02        0.079     24.761  542350144.000       0.583
15600  381295424.000        0.542        318.367  8.1e-02        0.078     24.758  542350144.000       0.583
15700  408144288.000        0.546        320.408  8.0e-02        0.078     24.760  542350144.000       0.583
15800  410266464.000        0.537        322.449  8.0e-02        0.078     24.760  542350144.000       0.583
15900  399107488.000        0.550        324.490  8.0e-02        0.078     24.763  542350144.000       0.583
16000  399300704.000        0.540        326.531  8.0e-02        0.078     27.300  712462272.000       0.511
16100  408014560.000        0.545        328.571  8.0e-02        0.078     24.761  712462272.000       0.511
16200  375665280.000        0.544        330.612  8.0e-02        0.078     24.767  712462272.000       0.511
16300  386107424.000        0.542        332.653  8.0e-02        0.078     24.765  712462272.000       0.511
16400  380842976.000        0.545        334.694  8.0e-02        0.078     24.762  712462272.000       0.511
    t     train_loss    train_acc    train_epoch       lr    data_time    it_time      test_loss    test_acc
-----  -------------  -----------  -------------  -------  -----------  ---------  -------------  ----------
16500  397215168.000        0.541        336.735  7.9e-02        0.078     24.766  712462272.000       0.511
16600  380981504.000        0.543        338.776  7.9e-02        0.077     24.765  712462272.000       0.511
16700  384086464.000        0.541        340.816  7.9e-02        0.078     24.767  712462272.000       0.511
16800  381144672.000        0.541        342.857  7.9e-02        0.078     24.768  712462272.000       0.511
16900  376636960.000        0.543        344.898  7.9e-02        0.079     24.764  712462272.000       0.511
17000  387283648.000        0.547        346.939  7.9e-02        0.080     27.306  290132544.000       0.546
17100  388194112.000        0.542        348.980  7.9e-02        0.079     24.766  290132544.000       0.546
17200  383832768.000        0.544        351.020  7.9e-02        0.078     24.726  290132544.000       0.546
17300  387262656.000        0.542        353.061  7.8e-02        0.078     24.763  290132544.000       0.546
17400  437982848.000        0.540        355.102  7.8e-02        0.078     24.765  290132544.000       0.546
17500  376775232.000        0.546        357.143  7.8e-02        0.078     24.763  290132544.000       0.546
17600  378588480.000        0.542        359.184  7.8e-02        0.078     24.768  290132544.000       0.546
17700  381399040.000        0.542        361.224  7.8e-02        0.079     24.766  290132544.000       0.546
17800  424892672.000        0.547        363.265  7.8e-02        0.078     24.760  290132544.000       0.546
17900  363223776.000        0.545        365.306  7.8e-02        0.078     24.764  290132544.000       0.546
18000  384338240.000        0.542        367.347  7.8e-02        0.078     27.303  332712960.000       0.576
18100  378968928.000        0.541        369.388  7.7e-02        0.078     24.763  332712960.000       0.576
18200  410270400.000        0.547        371.429  7.7e-02        0.078     24.757  332712960.000       0.576
18300  378463840.000        0.541        373.469  7.7e-02        0.078     24.758  332712960.000       0.576
18400  390640480.000        0.543        375.510  7.7e-02        0.078     24.760  332712960.000       0.576
18500  327477024.000        0.547        377.551  7.7e-02        0.078     24.764  332712960.000       0.576
18600  400367520.000        0.541        379.592  7.7e-02        0.078     24.762  332712960.000       0.576
18700  370370464.000        0.543        381.633  7.7e-02        0.078     24.763  332712960.000       0.576
18800  349371232.000        0.540        383.673  7.7e-02        0.078     24.764  332712960.000       0.576
18900  388216576.000        0.547        385.714  7.6e-02        0.078     24.767  332712960.000       0.576
19000  399546496.000        0.541        387.755  7.6e-02        0.077     27.307  482098880.000       0.553
19100  376721792.000        0.546        389.796  7.6e-02        0.078     24.767  482098880.000       0.553
19200  378739904.000        0.541        391.837  7.6e-02        0.078     24.760  482098880.000       0.553
19300  372838816.000        0.543        393.878  7.6e-02        0.079     24.765  482098880.000       0.553
19400  422392288.000        0.541        395.918  7.6e-02        0.079     24.765  482098880.000       0.553
19500  382817728.000        0.538        397.959  7.6e-02        0.079     24.767  482098880.000       0.553
19600  372691424.000        0.543        400.000  7.6e-02        0.079     24.717  482098880.000       0.553
19700  354027712.000        0.542        402.041  7.5e-02        0.079     24.765  482098880.000       0.553
19800  371691072.000        0.541        404.082  7.5e-02        0.080     24.759  482098880.000       0.553
19900  352972704.000        0.545        406.122  7.5e-02        0.079     24.763  482098880.000       0.553
20000  340416704.000        0.546        408.163  7.5e-02        0.080     27.300  301721792.000       0.574
20100  369235136.000        0.545        410.204  7.5e-02        0.079     24.764  301721792.000       0.574
20200  353046688.000        0.546        412.245  7.5e-02        0.079     24.755  301721792.000       0.574
20300  355937472.000        0.541        414.286  7.5e-02        0.079     24.756  301721792.000       0.574
20400  386044480.000        0.545        416.327  7.5e-02        0.079     24.758  301721792.000       0.574
20500  344791168.000        0.547        418.367  7.4e-02        0.078     24.760  301721792.000       0.574
    t     train_loss    train_acc    train_epoch       lr    data_time    it_time      test_loss    test_acc
-----  -------------  -----------  -------------  -------  -----------  ---------  -------------  ----------
20600  351354976.000        0.545        420.408  7.4e-02        0.079     24.755  301721792.000       0.574
20700  345047520.000        0.548        422.449  7.4e-02        0.079     24.763  301721792.000       0.574
20800  335404992.000        0.542        424.490  7.4e-02        0.079     24.763  301721792.000       0.574
20900  398485024.000        0.546        426.531  7.4e-02        0.079     24.764  301721792.000       0.574
21000  357065568.000        0.544        428.571  7.4e-02        0.078     27.299  309981408.000       0.560
21100  325260032.000        0.542        430.612  7.4e-02        0.079     24.759  309981408.000       0.560
21200  378641696.000        0.541        432.653  7.4e-02        0.079     24.763  309981408.000       0.560
21300  368798848.000        0.540        434.694  7.3e-02        0.079     24.766  309981408.000       0.560
21400  358287392.000        0.546        436.735  7.3e-02        0.079     24.764  309981408.000       0.560
21500  348184256.000        0.542        438.776  7.3e-02        0.078     24.764  309981408.000       0.560
21600  353661568.000        0.539        440.816  7.3e-02        0.078     24.765  309981408.000       0.560
21700  357810912.000        0.544        442.857  7.3e-02        0.079     24.756  309981408.000       0.560
21800  355266432.000        0.545        444.898  7.3e-02        0.078     24.763  309981408.000       0.560
21900  368705824.000        0.545        446.939  7.3e-02        0.080     24.758  309981408.000       0.560
22000  368089920.000        0.546        448.980  7.3e-02        0.079     27.300  376382464.000       0.488
22100  377502016.000        0.541        451.020  7.2e-02        0.080     24.724  376382464.000       0.488
22200  388279328.000        0.549        453.061  7.2e-02        0.079     24.755  376382464.000       0.488
22300  407235104.000        0.544        455.102  7.2e-02        0.079     24.763  376382464.000       0.488
22400  355461024.000        0.544        457.143  7.2e-02        0.079     24.757  376382464.000       0.488
22500  366503168.000        0.543        459.184  7.2e-02        0.080     24.760  376382464.000       0.488
22600  357902240.000        0.542        461.224  7.2e-02        0.078     24.758  376382464.000       0.488
22700  366687680.000        0.544        463.265  7.2e-02        0.078     24.763  376382464.000       0.488
22800  347994400.000        0.545        465.306  7.2e-02        0.078     24.757  376382464.000       0.488
22900  358705344.000        0.539        467.347  7.1e-02        0.078     24.761  376382464.000       0.488
23000  349447488.000        0.544        469.388  7.1e-02        0.079     27.292  382935808.000       0.528
23100  390808384.000        0.542        471.429  7.1e-02        0.079     24.763  382935808.000       0.528
23200  358479584.000        0.548        473.469  7.1e-02        0.078     24.763  382935808.000       0.528
23300  372046880.000        0.544        475.510  7.1e-02        0.078     24.763  382935808.000       0.528
23400  360247840.000        0.545        477.551  7.1e-02        0.079     24.761  382935808.000       0.528
23500  370943552.000        0.544        479.592  7.1e-02        0.078     24.758  382935808.000       0.528
23600  372483680.000        0.545        481.633  7.1e-02        0.078     24.758  382935808.000       0.528
23700  379699968.000        0.538        483.673  7.0e-02        0.078     24.761  382935808.000       0.528
23800  372232384.000        0.549        485.714  7.0e-02        0.079     24.764  382935808.000       0.528
23900  334974208.000        0.543        487.755  7.0e-02        0.079     24.760  382935808.000       0.528
24000  322758336.000        0.542        489.796  7.0e-02        0.078     27.302  431850144.000       0.586
24100  377843072.000        0.545        491.837  7.0e-02        0.080     24.759  431850144.000       0.586
24200  335639424.000        0.546        493.878  7.0e-02        0.078     24.764  431850144.000       0.586
24300  340304480.000        0.539        495.918  7.0e-02        0.080     24.757  431850144.000       0.586
24400  322884896.000        0.544        497.959  7.0e-02        0.079     24.761  431850144.000       0.586
24500  339479360.000        0.544        500.000  6.9e-02        0.078     24.719  431850144.000       0.586
24600  324982144.000        0.543        502.041  6.9e-02        0.078     24.755  431850144.000       0.586
    t     train_loss    train_acc    train_epoch       lr    data_time    it_time      test_loss    test_acc
-----  -------------  -----------  -------------  -------  -----------  ---------  -------------  ----------
24700  307055424.000        0.545        504.082  6.9e-02        0.078     24.761  431850144.000       0.586
24800  331155296.000        0.543        506.122  6.9e-02        0.080     24.760  431850144.000       0.586
24900  368323296.000        0.542        508.163  6.9e-02        0.078     24.761  431850144.000       0.586
25000  321302624.000        0.543        510.204  6.9e-02        0.078     27.301  316410816.000       0.542
25100  330792928.000        0.545        512.245  6.9e-02        0.079     24.757  316410816.000       0.542
25200  316752480.000        0.544        514.286  6.9e-02        0.078     24.756  316410816.000       0.542
25300  322338176.000        0.541        516.327  6.8e-02        0.078     24.759  316410816.000       0.542
25400  332641216.000        0.542        518.367  6.8e-02        0.078     24.760  316410816.000       0.542
25500  335139200.000        0.545        520.408  6.8e-02        0.077     24.762  316410816.000       0.542
25600  330752768.000        0.542        522.449  6.8e-02        0.079     24.755  316410816.000       0.542
25700  330872480.000        0.546        524.490  6.8e-02        0.079     24.757  316410816.000       0.542
25800  346788896.000        0.542        526.531  6.8e-02        0.078     24.763  316410816.000       0.542
25900  344739520.000        0.540        528.571  6.8e-02        0.079     24.766  316410816.000       0.542
26000  318060576.000        0.544        530.612  6.8e-02        0.078     27.298  385320000.000       0.577
26100  347139232.000        0.545        532.653  6.7e-02        0.078     24.760  385320000.000       0.577
26200  320932384.000        0.544        534.694  6.7e-02        0.078     24.767  385320000.000       0.577
26300  355441024.000        0.541        536.735  6.7e-02        0.078     24.760  385320000.000       0.577
26400  321052384.000        0.549        538.776  6.7e-02        0.078     24.766  385320000.000       0.577
26500  317100576.000        0.542        540.816  6.7e-02        0.078     24.762  385320000.000       0.577
26600  315680512.000        0.545        542.857  6.7e-02        0.078     24.757  385320000.000       0.577
26700  325446752.000        0.547        544.898  6.7e-02        0.078     24.758  385320000.000       0.577
26800  337996160.000        0.541        546.939  6.7e-02        0.079     24.766  385320000.000       0.577
26900  352497376.000        0.543        548.980  6.6e-02        0.078     24.759  385320000.000       0.577
27000  302745408.000        0.550        551.020  6.6e-02        0.078     27.264  365675968.000       0.488
27100  322941536.000        0.543        553.061  6.6e-02        0.079     24.768  365675968.000       0.488
27200  317090560.000        0.542        555.102  6.6e-02        0.078     24.767  365675968.000       0.488
27300  319080928.000        0.541        557.143  6.6e-02        0.079     24.764  365675968.000       0.488
27400  321112384.000        0.543        559.184  6.6e-02        0.078     24.768  365675968.000       0.488
27500  307057216.000        0.544        561.224  6.6e-02        0.078     24.763  365675968.000       0.488
27600  308204416.000        0.543        563.265  6.6e-02        0.078     24.766  365675968.000       0.488
27700  307709536.000        0.545        565.306  6.5e-02        0.078     24.760  365675968.000       0.488
27800  317228576.000        0.545        567.347  6.5e-02        0.078     24.764  365675968.000       0.488
27900  340573504.000        0.540        569.388  6.5e-02        0.078     24.764  365675968.000       0.488
28000  340941248.000        0.543        571.429  6.5e-02        0.078     27.300  317878560.000       0.556
28100  309170304.000        0.544        573.469  6.5e-02        0.078     24.762  317878560.000       0.556
28200  325058176.000        0.539        575.510  6.5e-02        0.079     24.756  317878560.000       0.556
28300  322257088.000        0.543        577.551  6.5e-02        0.079     24.756  317878560.000       0.556
28400  303286016.000        0.543        579.592  6.5e-02        0.077     24.756  317878560.000       0.556
28500  316428256.000        0.540        581.633  6.4e-02        0.078     24.760  317878560.000       0.556
28600  315834496.000        0.540        583.673  6.4e-02        0.078     24.759  317878560.000       0.556
28700  339233536.000        0.545        585.714  6.4e-02        0.079     24.757  317878560.000       0.556
    t     train_loss    train_acc    train_epoch       lr    data_time    it_time      test_loss    test_acc
-----  -------------  -----------  -------------  -------  -----------  ---------  -------------  ----------
28800  344124672.000        0.543        587.755  6.4e-02        0.078     24.761  317878560.000       0.556
28900  307506048.000        0.544        589.796  6.4e-02        0.077     24.763  317878560.000       0.556
29000  323650656.000        0.542        591.837  6.4e-02        0.078     27.299  260590416.000       0.603
29100  313390112.000        0.544        593.878  6.4e-02        0.078     24.762  260590416.000       0.603
29200  298320288.000        0.544        595.918  6.4e-02        0.079     24.756  260590416.000       0.603
29300  316828768.000        0.539        597.959  6.3e-02        0.079     24.764  260590416.000       0.603
29400  312375776.000        0.546        600.000  6.3e-02        0.078     24.717  260590416.000       0.603
29500  304258880.000        0.545        602.041  6.3e-02        0.078     24.763  260590416.000       0.603
29600  301950432.000        0.544        604.082  6.3e-02        0.078     24.759  260590416.000       0.603
29700  312983328.000        0.543        606.122  6.3e-02        0.078     24.760  260590416.000       0.603
29800  300636160.000        0.542        608.163  6.3e-02        0.079     24.760  260590416.000       0.603
29900  283427456.000        0.543        610.204  6.3e-02        0.078     24.758  260590416.000       0.603
30000  317672768.000        0.547        612.245  6.3e-02        0.079     27.294  379296448.000       0.540
30100  291251392.000        0.545        614.286  6.2e-02        0.078     24.765  379296448.000       0.540
30200  322862112.000        0.544        616.327  6.2e-02        0.078     24.758  379296448.000       0.540
30300  316780224.000        0.544        618.367  6.2e-02        0.078     24.766  379296448.000       0.540
30400  299561088.000        0.544        620.408  6.2e-02        0.079     24.765  379296448.000       0.540
30500  332170304.000        0.539        622.449  6.2e-02        0.078     24.761  379296448.000       0.540
30600  296982272.000        0.543        624.490  6.2e-02        0.079     24.766  379296448.000       0.540
30700  299411808.000        0.543        626.531  6.2e-02        0.079     24.761  379296448.000       0.540
30800  317725600.000        0.541        628.571  6.2e-02        0.078     24.765  379296448.000       0.540
30900  322408000.000        0.544        630.612  6.1e-02        0.079     24.765  379296448.000       0.540
31000  282452288.000        0.544        632.653  6.1e-02        0.078     27.307  252947920.000       0.606
31100  304820672.000        0.544        634.694  6.1e-02        0.078     24.769  252947920.000       0.606
31200  311736160.000        0.541        636.735  6.1e-02        0.078     24.764  252947920.000       0.606
31300  297304192.000        0.543        638.776  6.1e-02        0.078     24.767  252947920.000       0.606
31400  305991136.000        0.536        640.816  6.1e-02        0.079     24.760  252947920.000       0.606
31500  315597120.000        0.541        642.857  6.1e-02        0.078     24.768  252947920.000       0.606
31600  274381472.000        0.547        644.898  6.1e-02        0.078     24.760  252947920.000       0.606
31700  286264192.000        0.544        646.939  6.0e-02        0.080     24.765  252947920.000       0.606
31800  301332576.000        0.547        648.980  6.0e-02        0.078     24.761  252947920.000       0.606
31900  293084032.000        0.542        651.020  6.0e-02        0.078     24.713  252947920.000       0.606
32000  303909216.000        0.541        653.061  6.0e-02        0.078     27.297  323304032.000       0.523
32100  302058304.000        0.544        655.102  6.0e-02        0.079     24.761  323304032.000       0.523
32200  307461088.000        0.545        657.143  6.0e-02        0.078     24.756  323304032.000       0.523
32300  285052416.000        0.544        659.184  6.0e-02        0.079     24.760  323304032.000       0.523
32400  307924928.000        0.547        661.224  6.0e-02        0.079     24.756  323304032.000       0.523
32500  299400672.000        0.542        663.265  5.9e-02        0.078     24.759  323304032.000       0.523
32600  268008288.000        0.536        665.306  5.9e-02        0.078     24.758  323304032.000       0.523
32700  273199840.000        0.544        667.347  5.9e-02        0.078     24.756  323304032.000       0.523
32800  296605888.000        0.540        669.388  5.9e-02        0.080     24.761  323304032.000       0.523
    t     train_loss    train_acc    train_epoch       lr    data_time    it_time      test_loss    test_acc
-----  -------------  -----------  -------------  -------  -----------  ---------  -------------  ----------
32900  285860864.000        0.545        671.429  5.9e-02        0.079     24.758  323304032.000       0.523
33000  298414784.000        0.543        673.469  5.9e-02        0.079     27.302  303368384.000       0.532
33100  260752672.000        0.543        675.510  5.9e-02        0.078     24.757  303368384.000       0.532
33200  279605792.000        0.545        677.551  5.9e-02        0.078     24.757  303368384.000       0.532
33300  290136384.000        0.537        679.592  5.8e-02        0.078     24.765  303368384.000       0.532
33400  293829888.000        0.546        681.633  5.8e-02        0.079     24.761  303368384.000       0.532
33500  309351584.000        0.541        683.673  5.8e-02        0.079     24.763  303368384.000       0.532
33600  292465056.000        0.546        685.714  5.8e-02        0.080     24.763  303368384.000       0.532
33700  262431504.000        0.548        687.755  5.8e-02        0.079     24.762  303368384.000       0.532
33800  283650304.000        0.541        689.796  5.8e-02        0.080     24.766  303368384.000       0.532
33900  321137184.000        0.549        691.837  5.8e-02        0.080     24.764  303368384.000       0.532
34000  280361152.000        0.545        693.878  5.8e-02        0.080     27.299  285884288.000       0.572
34100  278210976.000        0.543        695.918  5.7e-02        0.080     24.765  285884288.000       0.572
34200  262386560.000        0.545        697.959  5.7e-02        0.081     24.762  285884288.000       0.572
34300  268778144.000        0.541        700.000  5.7e-02        0.079     24.716  285884288.000       0.572
34400  278794144.000        0.547        702.041  5.7e-02        0.079     24.765  285884288.000       0.572
34500  286546304.000        0.543        704.082  5.7e-02        0.079     24.764  285884288.000       0.572
34600  285476736.000        0.542        706.122  5.7e-02        0.078     24.758  285884288.000       0.572
34700  262283488.000        0.547        708.163  5.7e-02        0.078     24.764  285884288.000       0.572
34800  292827168.000        0.543        710.204  5.7e-02        0.078     24.757  285884288.000       0.572
34900  295751776.000        0.545        712.245  5.6e-02        0.079     24.763  285884288.000       0.572
35000  295153472.000        0.544        714.286  5.6e-02        0.080     27.300  274471264.000       0.517
35100  277889632.000        0.544        716.327  5.6e-02        0.079     24.762  274471264.000       0.517
35200  264586896.000        0.542        718.367  5.6e-02        0.079     24.756  274471264.000       0.517
35300  278511552.000        0.546        720.408  5.6e-02        0.080     24.757  274471264.000       0.517
35400  277713952.000        0.540        722.449  5.6e-02        0.079     24.760  274471264.000       0.517
35500  272725888.000        0.542        724.490  5.6e-02        0.079     24.757  274471264.000       0.517
35600  283766752.000        0.540        726.531  5.6e-02        0.078     24.760  274471264.000       0.517
35700  265893968.000        0.541        728.571  5.5e-02        0.079     24.759  274471264.000       0.517
35800  262484624.000        0.544        730.612  5.5e-02        0.078     24.762  274471264.000       0.517
35900  267659536.000        0.541        732.653  5.5e-02        0.079     24.760  274471264.000       0.517
36000  277597312.000        0.545        734.694  5.5e-02        0.079     27.300  239446736.000       0.542
36100  269864416.000        0.541        736.735  5.5e-02        0.078     24.760  239446736.000       0.542
36200  255115552.000        0.545        738.776  5.5e-02        0.079     24.756  239446736.000       0.542
36300  251117952.000        0.542        740.816  5.5e-02        0.078     24.756  239446736.000       0.542
36400  270092160.000        0.545        742.857  5.5e-02        0.078     24.759  239446736.000       0.542
36500  292842816.000        0.542        744.898  5.4e-02        0.078     24.753  239446736.000       0.542
36600  266110752.000        0.545        746.939  5.4e-02        0.080     24.755  239446736.000       0.542
36700  267961952.000        0.545        748.980  5.4e-02        0.079     24.756  239446736.000       0.542
36800  274711520.000        0.544        751.020  5.4e-02        0.078     24.711  239446736.000       0.542
36900  251931936.000        0.542        753.061  5.4e-02        0.078     24.753  239446736.000       0.542
    t     train_loss    train_acc    train_epoch       lr    data_time    it_time      test_loss    test_acc
-----  -------------  -----------  -------------  -------  -----------  ---------  -------------  ----------
37000  269208608.000        0.544        755.102  5.4e-02        0.078     27.287  274328160.000       0.459
37100  247467728.000        0.546        757.143  5.4e-02        0.079     24.764  274328160.000       0.459
37200  282392160.000        0.541        759.184  5.4e-02        0.079     24.762  274328160.000       0.459
37300  248353504.000        0.544        761.224  5.3e-02        0.078     24.761  274328160.000       0.459
37400  246780368.000        0.536        763.265  5.3e-02        0.078     24.757  274328160.000       0.459
37500  257175920.000        0.549        765.306  5.3e-02        0.079     24.764  274328160.000       0.459
37600  277583744.000        0.544        767.347  5.3e-02        0.079     24.762  274328160.000       0.459
37700  289246688.000        0.543        769.388  5.3e-02        0.078     24.764  274328160.000       0.459
37800  248786880.000        0.542        771.429  5.3e-02        0.079     24.761  274328160.000       0.459
37900  257308768.000        0.541        773.469  5.3e-02        0.078     24.760  274328160.000       0.459
38000  247270208.000        0.544        775.510  5.3e-02        0.079     27.305  245401696.000       0.562
38100  292060064.000        0.547        777.551  5.2e-02        0.079     24.759  245401696.000       0.562
38200  251808192.000        0.548        779.592  5.2e-02        0.079     24.763  245401696.000       0.562
38300  282167840.000        0.540        781.633  5.2e-02        0.078     24.760  245401696.000       0.562
38400  234586576.000        0.541        783.673  5.2e-02        0.078     24.765  245401696.000       0.562
38500  290263712.000        0.541        785.714  5.2e-02        0.078     24.760  245401696.000       0.562
38600  239715232.000        0.547        787.755  5.2e-02        0.078     24.762  245401696.000       0.562
38700  259187424.000        0.543        789.796  5.2e-02        0.078     24.764  245401696.000       0.562
38800  254912672.000        0.546        791.837  5.2e-02        0.079     24.758  245401696.000       0.562
38900  273620608.000        0.544        793.878  5.1e-02        0.079     24.763  245401696.000       0.562
39000  266349920.000        0.544        795.918  5.1e-02        0.079     27.297  271353952.000       0.582
39100  274406752.000        0.544        797.959  5.1e-02        0.079     24.763  271353952.000       0.582
39200  235311104.000        0.542        800.000  5.1e-02        0.079     24.720  271353952.000       0.582
39300  245518560.000        0.542        802.041  5.1e-02        0.079     24.757  271353952.000       0.582
39400  233651728.000        0.545        804.082  5.1e-02        0.078     24.755  271353952.000       0.582
39500  242091888.000        0.543        806.122  5.1e-02        0.079     24.754  271353952.000       0.582
39600  258995920.000        0.544        808.163  5.1e-02        0.078     24.755  271353952.000       0.582
39700  236539584.000        0.543        810.204  5.0e-02        0.078     24.757  271353952.000       0.582
39800  243449664.000        0.540        812.245  5.0e-02        0.078     24.761  271353952.000       0.582
39900  236926000.000        0.544        814.286  5.0e-02        0.079     24.760  271353952.000       0.582
40000  224250512.000        0.543        816.327  5.0e-02        0.080     27.295  312152736.000       0.563
40100  233482048.000        0.551        818.367  5.0e-02        0.079     24.757  312152736.000       0.563
40200  264978672.000        0.542        820.408  5.0e-02        0.078     24.757  312152736.000       0.563
40300  242132016.000        0.547        822.449  5.0e-02        0.078     24.760  312152736.000       0.563
40400  227136320.000        0.541        824.490  5.0e-02        0.079     24.756  312152736.000       0.563
40500  228697008.000        0.543        826.531  4.9e-02        0.079     24.760  312152736.000       0.563
40600  245038352.000        0.542        828.571  4.9e-02        0.079     24.758  312152736.000       0.563
40700  263238784.000        0.544        830.612  4.9e-02        0.078     24.756  312152736.000       0.563
40800  237457536.000        0.543        832.653  4.9e-02        0.078     24.757  312152736.000       0.563
40900  250201824.000        0.539        834.694  4.9e-02        0.078     24.761  312152736.000       0.563
41000  252419296.000        0.546        836.735  4.9e-02        0.078     27.326  230262912.000       0.544
    t     train_loss    train_acc    train_epoch       lr    data_time    it_time      test_loss    test_acc
-----  -------------  -----------  -------------  -------  -----------  ---------  -------------  ----------
41100  271292128.000        0.545        838.776  4.9e-02        0.078     24.756  230262912.000       0.544
41200  249398048.000        0.544        840.816  4.9e-02        0.078     24.758  230262912.000       0.544
41300  245827152.000        0.542        842.857  4.8e-02        0.079     24.766  230262912.000       0.544
41400  256217232.000        0.545        844.898  4.8e-02        0.079     24.757  230262912.000       0.544
41500  221938976.000        0.543        846.939  4.8e-02        0.080     24.761  230262912.000       0.544
41600  229950112.000        0.547        848.980  4.8e-02        0.079     24.761  230262912.000       0.544
41700  230562384.000        0.542        851.020  4.8e-02        0.080     24.718  230262912.000       0.544
41800  250315184.000        0.543        853.061  4.8e-02        0.078     24.763  230262912.000       0.544
41900  223684816.000        0.548        855.102  4.8e-02        0.079     24.763  230262912.000       0.544
42000  234994176.000        0.541        857.143  4.8e-02        0.078     27.335  220164384.000       0.556
42100  245464656.000        0.544        859.184  4.7e-02        0.079     24.756  220164384.000       0.556
42200  262696736.000        0.538        861.224  4.7e-02        0.079     24.756  220164384.000       0.556
42300  246875856.000        0.549        863.265  4.7e-02        0.078     24.760  220164384.000       0.556
42400  227206240.000        0.544        865.306  4.7e-02        0.078     24.755  220164384.000       0.556
42500  252667392.000        0.542        867.347  4.7e-02        0.078     24.757  220164384.000       0.556
42600  225941584.000        0.542        869.388  4.7e-02        0.079     24.756  220164384.000       0.556
42700  234676080.000        0.545        871.429  4.7e-02        0.079     24.761  220164384.000       0.556
42800  210587968.000        0.542        873.469  4.7e-02        0.079     24.755  220164384.000       0.556
42900  249144368.000        0.543        875.510  4.6e-02        0.078     24.755  220164384.000       0.556
43000  235844112.000        0.546        877.551  4.6e-02        0.078     27.297  191898464.000       0.589
43100  237532624.000        0.540        879.592  4.6e-02        0.079     24.756  191898464.000       0.589
43200  214579216.000        0.542        881.633  4.6e-02        0.079     24.765  191898464.000       0.589
43300  213426048.000        0.548        883.673  4.6e-02        0.079     24.757  191898464.000       0.589
43400  215835296.000        0.546        885.714  4.6e-02        0.078     24.762  191898464.000       0.589
43500  226897216.000        0.545        887.755  4.6e-02        0.077     24.760  191898464.000       0.589
43600  211959088.000        0.542        889.796  4.6e-02        0.078     24.755  191898464.000       0.589
43700  218615824.000        0.545        891.837  4.5e-02        0.078     24.763  191898464.000       0.589
43800  224979984.000        0.546        893.878  4.5e-02        0.079     24.757  191898464.000       0.589
43900  213327568.000        0.539        895.918  4.5e-02        0.078     24.761  191898464.000       0.589
44000  219254000.000        0.545        897.959  4.5e-02        0.079     27.324  291016288.000       0.508
44100  217025216.000        0.543        900.000  4.5e-02        0.078     24.717  291016288.000       0.508
44200  235919584.000        0.542        902.041  4.5e-02        0.079     24.759  291016288.000       0.508
44300  234100160.000        0.544        904.082  4.5e-02        0.078     24.752  291016288.000       0.508
44400  220867232.000        0.541        906.122  4.5e-02        0.079     24.755  291016288.000       0.508
44500  216532288.000        0.547        908.163  4.4e-02        0.079     24.758  291016288.000       0.508
44600  238763472.000        0.541        910.204  4.4e-02        0.078     24.753  291016288.000       0.508
44700  218368880.000        0.542        912.245  4.4e-02        0.078     24.774  291016288.000       0.508
44800  222198784.000        0.540        914.286  4.4e-02        0.079     24.755  291016288.000       0.508
44900  216510320.000        0.546        916.327  4.4e-02        0.079     24.753  291016288.000       0.508
45000  224676640.000        0.542        918.367  4.4e-02        0.078     27.297  302166176.000       0.547
45100  217245024.000        0.540        920.408  4.4e-02        0.079     24.751  302166176.000       0.547
    t     train_loss    train_acc    train_epoch       lr    data_time    it_time      test_loss    test_acc
-----  -------------  -----------  -------------  -------  -----------  ---------  -------------  ----------
45200  212948784.000        0.545        922.449  4.4e-02        0.079     24.755  302166176.000       0.547
45300  200567888.000        0.545        924.490  4.3e-02        0.079     24.760  302166176.000       0.547
45400  251685520.000        0.540        926.531  4.3e-02        0.079     24.759  302166176.000       0.547
45500  221619840.000        0.546        928.571  4.3e-02        0.078     24.758  302166176.000       0.547
45600  216639424.000        0.545        930.612  4.3e-02        0.078     24.764  302166176.000       0.547
45700  205317472.000        0.545        932.653  4.3e-02        0.078     24.758  302166176.000       0.547
45800  214130272.000        0.544        934.694  4.3e-02        0.078     24.763  302166176.000       0.547
45900  213194096.000        0.542        936.735  4.3e-02        0.078     24.757  302166176.000       0.547
46000  204293584.000        0.545        938.776  4.3e-02        0.078     27.301  234033584.000       0.545
46100  199289040.000        0.542        940.816  4.2e-02        0.079     24.766  234033584.000       0.545
46200  189090944.000        0.544        942.857  4.2e-02        0.079     24.760  234033584.000       0.545
46300  206457648.000        0.544        944.898  4.2e-02        0.080     24.760  234033584.000       0.545
46400  187901168.000        0.542        946.939  4.2e-02        0.080     24.763  234033584.000       0.545
46500  191622704.000        0.542        948.980  4.2e-02        0.078     24.763  234033584.000       0.545
46600  197632000.000        0.542        951.020  4.2e-02        0.078     24.715  234033584.000       0.545
46700  217587936.000        0.543        953.061  4.2e-02        0.078     24.757  234033584.000       0.545
46800  215747152.000        0.543        955.102  4.2e-02        0.078     24.760  234033584.000       0.545
46900  196465312.000        0.543        957.143  4.1e-02        0.078     24.761  234033584.000       0.545
47000  215911776.000        0.544        959.184  4.1e-02        0.079     27.301  156436096.000       0.585
47100  198974672.000        0.542        961.224  4.1e-02        0.079     24.756  156436096.000       0.585
47200  183467792.000        0.543        963.265  4.1e-02        0.078     24.762  156436096.000       0.585
47300  209159008.000        0.540        965.306  4.1e-02        0.078     24.761  156436096.000       0.585
47400  209410768.000        0.545        967.347  4.1e-02        0.079     24.761  156436096.000       0.585
47500  210891728.000        0.545        969.388  4.1e-02        0.079     24.759  156436096.000       0.585
47600  178937280.000        0.543        971.429  4.1e-02        0.078     24.757  156436096.000       0.585
47700  183046512.000        0.546        973.469  4.0e-02        0.079     24.756  156436096.000       0.585
47800  189340512.000        0.543        975.510  4.0e-02        0.077     24.760  156436096.000       0.585
47900  189825856.000        0.547        977.551  4.0e-02        0.078     24.759  156436096.000       0.585
48000  196862560.000        0.542        979.592  4.0e-02        0.078     27.298  197472032.000       0.538
48100  191648704.000        0.542        981.633  4.0e-02        0.079     24.758  197472032.000       0.538
48200  211408016.000        0.547        983.673  4.0e-02        0.078     24.757  197472032.000       0.538
48300  191294848.000        0.543        985.714  4.0e-02        0.079     24.754  197472032.000       0.538
48400  196746224.000        0.544        987.755  4.0e-02        0.079     24.749  197472032.000       0.538
48500  195307248.000        0.540        989.796  3.9e-02        0.079     24.755  197472032.000       0.538
48600  191857232.000        0.541        991.837  3.9e-02        0.078     24.751  197472032.000       0.538
48700  200210480.000        0.545        993.878  3.9e-02        0.078     24.752  197472032.000       0.538
48800  200582928.000        0.543        995.918  3.9e-02        0.078     24.756  197472032.000       0.538
48900  186499952.000        0.547        997.959  3.9e-02        0.081     24.755  197472032.000       0.538
49000  197529840.000        0.542       1000.000  3.9e-02        0.078     27.255  208188000.000       0.561
49100  185793888.000        0.543       1002.041  3.9e-02        0.079     24.756  208188000.000       0.561
49200  200080608.000        0.544       1004.082  3.9e-02        0.078     24.758  208188000.000       0.561
    t     train_loss    train_acc    train_epoch       lr    data_time    it_time      test_loss    test_acc
-----  -------------  -----------  -------------  -------  -----------  ---------  -------------  ----------
49300  195919952.000        0.544       1006.122  3.8e-02        0.078     24.758  208188000.000       0.561
49400  177761264.000        0.545       1008.163  3.8e-02        0.079     24.760  208188000.000       0.561
49500  193293968.000        0.544       1010.204  3.8e-02        0.079     24.760  208188000.000       0.561
49600  197975696.000        0.545       1012.245  3.8e-02        0.079     24.761  208188000.000       0.561
49700  181083648.000        0.543       1014.286  3.8e-02        0.080     24.757  208188000.000       0.561
49800  186856672.000        0.544       1016.327  3.8e-02        0.079     24.757  208188000.000       0.561
49900  203392928.000        0.545       1018.367  3.8e-02        0.078     24.763  208188000.000       0.561
50000  183238800.000        0.544       1020.408  3.8e-02        0.079     27.298  256387744.000       0.508
50100  184242816.000        0.544       1022.449  3.7e-02        0.079     24.758  256387744.000       0.508
50200  178235664.000        0.541       1024.490  3.7e-02        0.079     24.764  256387744.000       0.508
50300  177554352.000        0.543       1026.531  3.7e-02        0.079     24.763  256387744.000       0.508
50400  176970368.000        0.544       1028.571  3.7e-02        0.079     24.765  256387744.000       0.508
50500  173756128.000        0.541       1030.612  3.7e-02        0.079     24.763  256387744.000       0.508
50600  177915536.000        0.542       1032.653  3.7e-02        0.080     24.761  256387744.000       0.508
50700  185115952.000        0.544       1034.694  3.7e-02        0.079     24.764  256387744.000       0.508
50800  191081344.000        0.545       1036.735  3.7e-02        0.079     24.764  256387744.000       0.508
50900  187952992.000        0.541       1038.776  3.6e-02        0.079     24.769  256387744.000       0.508
51000  182637632.000        0.540       1040.816  3.6e-02        0.078     27.304  201071408.000       0.486
51100  178593008.000        0.548       1042.857  3.6e-02        0.079     24.766  201071408.000       0.486
51200  179725552.000        0.541       1044.898  3.6e-02        0.078     24.765  201071408.000       0.486
51300  204369392.000        0.541       1046.939  3.6e-02        0.081     24.757  201071408.000       0.486
51400  176369728.000        0.542       1048.980  3.6e-02        0.080     24.762  201071408.000       0.486
51500  173440896.000        0.547       1051.020  3.6e-02        0.080     24.722  201071408.000       0.486
51600  180529904.000        0.539       1053.061  3.6e-02        0.078     24.767  201071408.000       0.486
51700  171443360.000        0.547       1055.102  3.5e-02        0.079     24.769  201071408.000       0.486
51800  172259408.000        0.542       1057.143  3.5e-02        0.080     24.769  201071408.000       0.486
51900  177735232.000        0.545       1059.184  3.5e-02        0.079     24.770  201071408.000       0.486
52000  194108704.000        0.540       1061.224  3.5e-02        0.079     27.313  132162792.000       0.553
52100  172601040.000        0.543       1063.265  3.5e-02        0.079     24.765  132162792.000       0.553
52200  165126832.000        0.543       1065.306  3.5e-02        0.079     24.769  132162792.000       0.553
52300  174959056.000        0.542       1067.347  3.5e-02        0.079     24.769  132162792.000       0.553
52400  189005232.000        0.543       1069.388  3.5e-02        0.079     24.761  132162792.000       0.553
52500  167935808.000        0.538       1071.429  3.4e-02        0.079     24.759  132162792.000       0.553
52600  181099584.000        0.545       1073.469  3.4e-02        0.079     24.762  132162792.000       0.553
52700  162233232.000        0.542       1075.510  3.4e-02        0.079     24.760  132162792.000       0.553
52800  166012112.000        0.544       1077.551  3.4e-02        0.078     24.759  132162792.000       0.553
52900  170273696.000        0.545       1079.592  3.4e-02        0.078     24.758  132162792.000       0.553
53000  167306512.000        0.541       1081.633  3.4e-02        0.078     27.296  141777888.000       0.584
53100  166533920.000        0.541       1083.673  3.4e-02        0.078     24.757  141777888.000       0.584
53200  161622656.000        0.544       1085.714  3.4e-02        0.079     24.757  141777888.000       0.584
53300  184218928.000        0.544       1087.755  3.3e-02        0.079     24.758  141777888.000       0.584
    t     train_loss    train_acc    train_epoch       lr    data_time    it_time      test_loss    test_acc
-----  -------------  -----------  -------------  -------  -----------  ---------  -------------  ----------
53400  162642784.000        0.542       1089.796  3.3e-02        0.078     24.763  141777888.000       0.584
53500  160479568.000        0.544       1091.837  3.3e-02        0.078     24.772  141777888.000       0.584
53600  171068144.000        0.541       1093.878  3.3e-02        0.079     24.769  141777888.000       0.584
53700  159252064.000        0.543       1095.918  3.3e-02        0.079     24.766  141777888.000       0.584
53800  167606000.000        0.545       1097.959  3.3e-02        0.082     24.771  141777888.000       0.584
53900  163140464.000        0.544       1100.000  3.3e-02        0.080     24.729  141777888.000       0.584
54000  165246992.000        0.541       1102.041  3.3e-02        0.079     27.311  191612352.000       0.503
54100  178481616.000        0.547       1104.082  3.2e-02        0.080     24.767  191612352.000       0.503
54200  161709264.000        0.544       1106.122  3.2e-02        0.079     24.766  191612352.000       0.503
54300  164850384.000        0.547       1108.163  3.2e-02        0.078     24.770  191612352.000       0.503
54400  157618480.000        0.545       1110.204  3.2e-02        0.079     24.771  191612352.000       0.503
54500  161901504.000        0.544       1112.245  3.2e-02        0.080     24.772  191612352.000       0.503
54600  152173808.000        0.541       1114.286  3.2e-02        0.078     24.771  191612352.000       0.503
54700  164625904.000        0.541       1116.327  3.2e-02        0.080     24.772  191612352.000       0.503
54800  147645744.000        0.543       1118.367  3.2e-02        0.078     24.772  191612352.000       0.503
54900  149140272.000        0.542       1120.408  3.1e-02        0.079     24.772  191612352.000       0.503
55000  146268784.000        0.547       1122.449  3.1e-02        0.078     27.308  242406832.000       0.484
55100  159898208.000        0.542       1124.490  3.1e-02        0.080     24.769  242406832.000       0.484
55200  157711808.000        0.544       1126.531  3.1e-02        0.079     24.775  242406832.000       0.484
55300  151080176.000        0.546       1128.571  3.1e-02        0.078     24.768  242406832.000       0.484
55400  154758048.000        0.543       1130.612  3.1e-02        0.078     24.770  242406832.000       0.484
55500  144458752.000        0.545       1132.653  3.1e-02        0.079     24.770  242406832.000       0.484
55600  156618656.000        0.542       1134.694  3.1e-02        0.078     24.764  242406832.000       0.484
55700  173028160.000        0.541       1136.735  3.0e-02        0.079     24.771  242406832.000       0.484
55800  151156352.000        0.542       1138.776  3.0e-02        0.078     24.770  242406832.000       0.484
55900  154103408.000        0.546       1140.816  3.0e-02        0.079     24.770  242406832.000       0.484
56000  153356848.000        0.544       1142.857  3.0e-02        0.079     27.307  195793248.000       0.512
56100  138658096.000        0.545       1144.898  3.0e-02        0.079     24.770  195793248.000       0.512
56200  148497088.000        0.543       1146.939  3.0e-02        0.080     24.773  195793248.000       0.512
56300  153272016.000        0.544       1148.980  3.0e-02        0.078     24.768  195793248.000       0.512
56400  157356736.000        0.545       1151.020  3.0e-02        0.079     24.728  195793248.000       0.512
56500  144001408.000        0.543       1153.061  2.9e-02        0.079     24.759  195793248.000       0.512
56600  142772928.000        0.544       1155.102  2.9e-02        0.080     24.759  195793248.000       0.512
56700  145420752.000        0.544       1157.143  2.9e-02        0.079     24.763  195793248.000       0.512
56800  137674288.000        0.545       1159.184  2.9e-02        0.079     24.760  195793248.000       0.512
56900  146712048.000        0.543       1161.224  2.9e-02        0.079     24.761  195793248.000       0.512
57000  156364272.000        0.545       1163.265  2.9e-02        0.079     27.298  88707344.000       0.584
57100  137039680.000        0.545       1165.306  2.9e-02        0.079     24.757  88707344.000       0.584
57200  130213232.000        0.545       1167.347  2.9e-02        0.078     24.756  88707344.000       0.584
57300  137034736.000        0.540       1169.388  2.8e-02        0.078     24.758  88707344.000       0.584
57400  139143872.000        0.546       1171.429  2.8e-02        0.078     24.763  88707344.000       0.584
    t     train_loss    train_acc    train_epoch       lr    data_time    it_time     test_loss    test_acc
-----  -------------  -----------  -------------  -------  -----------  ---------  ------------  ----------
57500  133491432.000        0.544       1173.469  2.8e-02        0.079     24.758  88707344.000       0.584
57600  145875840.000        0.540       1175.510  2.8e-02        0.079     24.769  88707344.000       0.584
57700  140677344.000        0.545       1177.551  2.8e-02        0.078     24.775  88707344.000       0.584
57800  136488032.000        0.543       1179.592  2.8e-02        0.078     24.774  88707344.000       0.584
57900  131538072.000        0.545       1181.633  2.8e-02        0.078     24.773  88707344.000       0.584
58000  136147904.000        0.543       1183.673  2.8e-02        0.078     27.313  114567808.000       0.554
58100  132138416.000        0.541       1185.714  2.7e-02        0.078     24.769  114567808.000       0.554
58200  133546248.000        0.543       1187.755  2.7e-02        0.078     24.772  114567808.000       0.554
58300  134129504.000        0.541       1189.796  2.7e-02        0.079     24.771  114567808.000       0.554
58400  134555616.000        0.544       1191.837  2.7e-02        0.078     24.773  114567808.000       0.554
58500  135484832.000        0.543       1193.878  2.7e-02        0.079     24.769  114567808.000       0.554
58600  138461536.000        0.543       1195.918  2.7e-02        0.079     24.774  114567808.000       0.554
58700  135330432.000        0.546       1197.959  2.7e-02        0.081     24.770  114567808.000       0.554
58800  121089968.000        0.546       1200.000  2.7e-02        0.078     24.735  114567808.000       0.554
58900  122895952.000        0.542       1202.041  2.6e-02        0.078     24.767  114567808.000       0.554
59000  126614424.000        0.546       1204.082  2.6e-02        0.079     27.306  131256832.000       0.579
59100  131091784.000        0.543       1206.122  2.6e-02        0.078     24.766  131256832.000       0.579
59200  133024376.000        0.544       1208.163  2.6e-02        0.079     24.766  131256832.000       0.579
59300  132998848.000        0.543       1210.204  2.6e-02        0.079     24.766  131256832.000       0.579
59400  137428720.000        0.545       1212.245  2.6e-02        0.080     24.767  131256832.000       0.579
59500  133728440.000        0.540       1214.286  2.6e-02        0.079     24.771  131256832.000       0.579
59600  128773424.000        0.549       1216.327  2.6e-02        0.078     24.770  131256832.000       0.579
59700  122381704.000        0.544       1218.367  2.5e-02        0.079     24.772  131256832.000       0.579
59800  123586704.000        0.540       1220.408  2.5e-02        0.079     24.771  131256832.000       0.579
59900  121735104.000        0.548       1222.449  2.5e-02        0.078     24.770  131256832.000       0.579
60000  122157608.000        0.544       1224.490  2.5e-02        0.078     27.313  114091624.000       0.505
60100  116075160.000        0.544       1226.531  2.5e-02        0.078     24.771  114091624.000       0.505
60200  116892096.000        0.545       1228.571  2.5e-02        0.078     24.773  114091624.000       0.505
60300  137185216.000        0.542       1230.612  2.5e-02        0.078     24.770  114091624.000       0.505
60400  119270720.000        0.540       1232.653  2.5e-02        0.078     24.768  114091624.000       0.505
60500  122940352.000        0.545       1234.694  2.4e-02        0.079     24.769  114091624.000       0.505
60600  117308904.000        0.546       1236.735  2.4e-02        0.079     24.761  114091624.000       0.505
60700  118688984.000        0.542       1238.776  2.4e-02        0.078     24.760  114091624.000       0.505
60800  121131384.000        0.541       1240.816  2.4e-02        0.078     24.763  114091624.000       0.505
60900  120923432.000        0.544       1242.857  2.4e-02        0.079     24.761  114091624.000       0.505
61000  123959952.000        0.546       1244.898  2.4e-02        0.078     27.299  125889680.000       0.540
61100  111345232.000        0.544       1246.939  2.4e-02        0.080     24.759  125889680.000       0.540
61200  115505896.000        0.544       1248.980  2.4e-02        0.079     24.764  125889680.000       0.540
61300  120570984.000        0.543       1251.020  2.3e-02        0.078     24.720  125889680.000       0.540
61400  111519040.000        0.548       1253.061  2.3e-02        0.080     24.764  125889680.000       0.540
61500  113524688.000        0.543       1255.102  2.3e-02        0.078     24.766  125889680.000       0.540
    t     train_loss    train_acc    train_epoch       lr    data_time    it_time      test_loss    test_acc
-----  -------------  -----------  -------------  -------  -----------  ---------  -------------  ----------
61600  120594680.000        0.542       1257.143  2.3e-02        0.079     24.762  125889680.000       0.540
61700  107856288.000        0.544       1259.184  2.3e-02        0.079     24.775  125889680.000       0.540
61800  114963152.000        0.542       1261.224  2.3e-02        0.078     24.776  125889680.000       0.540
61900  117231752.000        0.540       1263.265  2.3e-02        0.080     24.775  125889680.000       0.540
62000  110218144.000        0.548       1265.306  2.3e-02        0.080     27.314  110999408.000       0.549
62100  103965592.000        0.545       1267.347  2.2e-02        0.079     24.778  110999408.000       0.549
62200  99759424.000        0.542       1269.388  2.2e-02        0.078     24.775  110999408.000       0.549
62300  112115832.000        0.543       1271.429  2.2e-02        0.078     24.777  110999408.000       0.549
62400  112427960.000        0.542       1273.469  2.2e-02        0.079     24.773  110999408.000       0.549
62500  106861416.000        0.549       1275.510  2.2e-02        0.078     24.775  110999408.000       0.549
62600  110051608.000        0.541       1277.551  2.2e-02        0.078     24.772  110999408.000       0.549
62700  108022384.000        0.544       1279.592  2.2e-02        0.079     24.775  110999408.000       0.549
62800  106123336.000        0.543       1281.633  2.2e-02        0.078     24.772  110999408.000       0.549
62900  114173448.000        0.543       1283.673  2.1e-02        0.078     24.775  110999408.000       0.549
63000  99907032.000        0.543       1285.714  2.1e-02        0.079     27.305  88419448.000       0.536
63100  99699248.000        0.545       1287.755  2.1e-02        0.080     24.777  88419448.000       0.536
63200  103962984.000        0.541       1289.796  2.1e-02        0.079     24.776  88419448.000       0.536
63300  99203120.000        0.547       1291.837  2.1e-02        0.079     24.773  88419448.000       0.536
63400  100358704.000        0.546       1293.878  2.1e-02        0.078     24.768  88419448.000       0.536
63500  92521752.000        0.546       1295.918  2.1e-02        0.079     24.770  88419448.000       0.536
63600  99174360.000        0.543       1297.959  2.1e-02        0.081     24.769  88419448.000       0.536
63700  97430688.000        0.543       1300.000  2.0e-02        0.078     24.730  88419448.000       0.536
63800  99243672.000        0.545       1302.041  2.0e-02        0.079     24.774  88419448.000       0.536
63900  102611808.000        0.540       1304.082  2.0e-02        0.079     24.774  88419448.000       0.536
64000  96733648.000        0.547       1306.122  2.0e-02        0.079     27.310  75521128.000       0.592
64100  100566272.000        0.542       1308.163  2.0e-02        0.080     24.767  75521128.000       0.592
64200  92128464.000        0.541       1310.204  2.0e-02        0.079     24.770  75521128.000       0.592
64300  98677944.000        0.541       1312.245  2.0e-02        0.079     24.769  75521128.000       0.592
64400  93610352.000        0.548       1314.286  2.0e-02        0.079     24.763  75521128.000       0.592
64500  95258464.000        0.541       1316.327  1.9e-02        0.079     24.762  75521128.000       0.592
64600  94941520.000        0.539       1318.367  1.9e-02        0.079     24.761  75521128.000       0.592
64700  91846240.000        0.550       1320.408  1.9e-02        0.078     24.761  75521128.000       0.592
64800  89198016.000        0.541       1322.449  1.9e-02        0.080     24.759  75521128.000       0.592
64900  98481960.000        0.541       1324.490  1.9e-02        0.079     24.762  75521128.000       0.592
65000  87741000.000        0.544       1326.531  1.9e-02        0.079     27.296  92355056.000       0.589
65100  87267680.000        0.547       1328.571  1.9e-02        0.079     24.759  92355056.000       0.589
65200  90032192.000        0.541       1330.612  1.9e-02        0.079     24.758  92355056.000       0.589
65300  90070776.000        0.543       1332.653  1.8e-02        0.078     24.758  92355056.000       0.589
65400  87310456.000        0.540       1334.694  1.8e-02        0.079     24.761  92355056.000       0.589
65500  92989192.000        0.542       1336.735  1.8e-02        0.078     24.763  92355056.000       0.589
65600  95871112.000        0.541       1338.776  1.8e-02        0.078     24.757  92355056.000       0.589
    t    train_loss    train_acc    train_epoch       lr    data_time    it_time     test_loss    test_acc
-----  ------------  -----------  -------------  -------  -----------  ---------  ------------  ----------
65700  83960608.000        0.541       1340.816  1.8e-02        0.078     24.762  92355056.000       0.589
65800  81724576.000        0.544       1342.857  1.8e-02        0.079     24.756  92355056.000       0.589
65900  78827728.000        0.548       1344.898  1.8e-02        0.078     24.763  92355056.000       0.589
66000  87946024.000        0.543       1346.939  1.8e-02        0.080     27.306  86668200.000       0.551
66100  85762144.000        0.543       1348.980  1.7e-02        0.079     24.756  86668200.000       0.551
66200  83378768.000        0.547       1351.020  1.7e-02        0.078     24.718  86668200.000       0.551
66300  84752096.000        0.544       1353.061  1.7e-02        0.079     24.764  86668200.000       0.551
66400  83268176.000        0.546       1355.102  1.7e-02        0.079     24.762  86668200.000       0.551
66500  84659736.000        0.542       1357.143  1.7e-02        0.079     24.759  86668200.000       0.551
66600  81320496.000        0.540       1359.184  1.7e-02        0.080     24.762  86668200.000       0.551
66700  84388752.000        0.547       1361.224  1.7e-02        0.079     24.763  86668200.000       0.551
66800  79961512.000        0.546       1363.265  1.7e-02        0.079     24.760  86668200.000       0.551
66900  79939336.000        0.541       1365.306  1.6e-02        0.079     24.762  86668200.000       0.551
67000  84632544.000        0.542       1367.347  1.6e-02        0.080     27.305  102805840.000       0.559
67100  81105768.000        0.548       1369.388  1.6e-02        0.079     24.765  102805840.000       0.559
67200  81189928.000        0.547       1371.429  1.6e-02        0.079     24.764  102805840.000       0.559
67300  77138064.000        0.544       1373.469  1.6e-02        0.078     24.759  102805840.000       0.559
67400  73155968.000        0.544       1375.510  1.6e-02        0.079     24.761  102805840.000       0.559
67500  77695208.000        0.544       1377.551  1.6e-02        0.079     24.762  102805840.000       0.559
67600  79101896.000        0.548       1379.592  1.6e-02        0.078     24.766  102805840.000       0.559
67700  72484600.000        0.541       1381.633  1.5e-02        0.079     24.767  102805840.000       0.559
67800  78071408.000        0.537       1383.673  1.5e-02        0.078     24.765  102805840.000       0.559
67900  73688392.000        0.542       1385.714  1.5e-02        0.079     24.761  102805840.000       0.559
68000  74902752.000        0.542       1387.755  1.5e-02        0.079     27.307  101393224.000       0.516
68100  79521024.000        0.546       1389.796  1.5e-02        0.078     24.763  101393224.000       0.516
68200  65658020.000        0.547       1391.837  1.5e-02        0.080     24.756  101393224.000       0.516
68300  67162944.000        0.543       1393.878  1.5e-02        0.079     24.762  101393224.000       0.516
68400  71655144.000        0.537       1395.918  1.5e-02        0.079     24.762  101393224.000       0.516
68500  69748544.000        0.545       1397.959  1.4e-02        0.080     24.759  101393224.000       0.516
68600  73361640.000        0.541       1400.000  1.4e-02        0.079     24.721  101393224.000       0.516
68700  73160912.000        0.547       1402.041  1.4e-02        0.079     24.760  101393224.000       0.516
68800  64100184.000        0.546       1404.082  1.4e-02        0.079     24.755  101393224.000       0.516
68900  74885736.000        0.541       1406.122  1.4e-02        0.079     24.758  101393224.000       0.516
69000  64319080.000        0.546       1408.163  1.4e-02        0.079     27.300  51174584.000       0.609
69100  68095112.000        0.542       1410.204  1.4e-02        0.078     24.759  51174584.000       0.609
69200  66048920.000        0.546       1412.245  1.4e-02        0.079     24.755  51174584.000       0.609
69300  63508072.000        0.545       1414.286  1.3e-02        0.080     24.757  51174584.000       0.609
69400  68262448.000        0.544       1416.327  1.3e-02        0.079     24.760  51174584.000       0.609
69500  67195496.000        0.543       1418.367  1.3e-02        0.078     24.756  51174584.000       0.609
69600  65832680.000        0.542       1420.408  1.3e-02        0.079     24.760  51174584.000       0.609
69700  70443912.000        0.547       1422.449  1.3e-02        0.080     24.759  51174584.000       0.609
    t    train_loss    train_acc    train_epoch       lr    data_time    it_time     test_loss    test_acc
-----  ------------  -----------  -------------  -------  -----------  ---------  ------------  ----------
69800  65021204.000        0.546       1424.490  1.3e-02        0.080     24.757  51174584.000       0.609
69900  61322280.000        0.541       1426.531  1.3e-02        0.079     24.766  51174584.000       0.609
70000  59764492.000        0.545       1428.571  1.3e-02        0.079     27.299  57106392.000       0.605
70100  63860224.000        0.541       1430.612  1.2e-02        0.078     24.761  57106392.000       0.605
70200  61013948.000        0.544       1432.653  1.2e-02        0.078     24.767  57106392.000       0.605
70300  59671424.000        0.546       1434.694  1.2e-02        0.078     24.767  57106392.000       0.605
70400  57959436.000        0.542       1436.735  1.2e-02        0.077     24.759  57106392.000       0.605
70500  62227744.000        0.544       1438.776  1.2e-02        0.078     24.767  57106392.000       0.605
70600  57343892.000        0.541       1440.816  1.2e-02        0.078     24.767  57106392.000       0.605
70700  57422336.000        0.545       1442.857  1.2e-02        0.078     24.766  57106392.000       0.605
70800  56977356.000        0.540       1444.898  1.2e-02        0.079     24.762  57106392.000       0.605
70900  56435636.000        0.549       1446.939  1.1e-02        0.080     24.760  57106392.000       0.605
71000  55009076.000        0.544       1448.980  1.1e-02        0.078     27.300  83609776.000       0.525
71100  51033144.000        0.546       1451.020  1.1e-02        0.078     24.722  83609776.000       0.525
71200  58401780.000        0.543       1453.061  1.1e-02        0.078     24.757  83609776.000       0.525
71300  51471248.000        0.542       1455.102  1.1e-02        0.079     24.761  83609776.000       0.525
71400  52351632.000        0.545       1457.143  1.1e-02        0.078     24.762  83609776.000       0.525
71500  53290112.000        0.546       1459.184  1.1e-02        0.078     24.763  83609776.000       0.525
71600  47765828.000        0.544       1461.224  1.1e-02        0.079     24.760  83609776.000       0.525
71700  57086632.000        0.546       1463.265  1.0e-02        0.079     24.757  83609776.000       0.525
71800  48945552.000        0.543       1465.306  1.0e-02        0.078     24.759  83609776.000       0.525
71900  50200816.000        0.540       1467.347  1.0e-02        0.079     24.759  83609776.000       0.525
72000  49635908.000        0.549       1469.388  1.0e-02        0.080     27.296  35307884.000       0.587
72100  49548908.000        0.542       1471.429  9.9e-03        0.079     24.764  35307884.000       0.587
72200  48064784.000        0.548       1473.469  9.8e-03        0.079     24.757  35307884.000       0.587
72300  47123312.000        0.539       1475.510  9.6e-03        0.079     24.758  35307884.000       0.587
72400  48377944.000        0.543       1477.551  9.5e-03        0.081     24.758  35307884.000       0.587
72500  48385240.000        0.542       1479.592  9.4e-03        0.079     24.756  35307884.000       0.587
72600  41880964.000        0.542       1481.633  9.3e-03        0.078     24.754  35307884.000       0.587
72700  49172188.000        0.541       1483.673  9.1e-03        0.079     24.756  35307884.000       0.587
72800  45089020.000        0.545       1485.714  9.0e-03        0.079     24.761  35307884.000       0.587
72900  42426820.000        0.544       1487.755  8.9e-03        0.080     24.758  35307884.000       0.587
73000  42743300.000        0.546       1489.796  8.8e-03        0.079     27.297  38572636.000       0.612
73100  44436364.000        0.546       1491.837  8.6e-03        0.079     24.758  38572636.000       0.612
73200  42886588.000        0.546       1493.878  8.5e-03        0.079     24.761  38572636.000       0.612
73300  41268832.000        0.541       1495.918  8.4e-03        0.079     24.758  38572636.000       0.612
73400  39457088.000        0.541       1497.959  8.3e-03        0.081     24.761  38572636.000       0.612
73500  42238388.000        0.542       1500.000  8.1e-03        0.079     24.716  38572636.000       0.612
73600  39627920.000        0.542       1502.041  8.0e-03        0.080     24.757  38572636.000       0.612
73700  40167692.000        0.544       1504.082  7.9e-03        0.079     24.760  38572636.000       0.612
73800  36871136.000        0.546       1506.122  7.8e-03        0.079     24.755  38572636.000       0.612
    t    train_loss    train_acc    train_epoch       lr    data_time    it_time     test_loss    test_acc
-----  ------------  -----------  -------------  -------  -----------  ---------  ------------  ----------
73900  39959520.000        0.547       1508.163  7.6e-03        0.080     24.757  38572636.000       0.612
74000  38204128.000        0.539       1510.204  7.5e-03        0.079     27.302  45566680.000       0.582
74100  35399808.000        0.542       1512.245  7.4e-03        0.080     24.760  45566680.000       0.582
74200  35540904.000        0.544       1514.286  7.3e-03        0.080     24.763  45566680.000       0.582
74300  39626356.000        0.546       1516.327  7.1e-03        0.079     24.761  45566680.000       0.582
74400  33884928.000        0.544       1518.367  7.0e-03        0.079     24.763  45566680.000       0.582
74500  35066980.000        0.542       1520.408  6.9e-03        0.079     24.763  45566680.000       0.582
74600  32797862.000        0.545       1522.449  6.8e-03        0.078     24.763  45566680.000       0.582
74700  32408660.000        0.548       1524.490  6.6e-03        0.080     24.763  45566680.000       0.582
74800  30513192.000        0.542       1526.531  6.5e-03        0.078     24.765  45566680.000       0.582
74900  29223096.000        0.546       1528.571  6.4e-03        0.079     24.764  45566680.000       0.582
75000  31470976.000        0.540       1530.612  6.3e-03        0.079     27.299  30646636.000       0.584
75100  30466008.000        0.547       1532.653  6.1e-03        0.078     24.762  30646636.000       0.584
75200  28554248.000        0.542       1534.694  6.0e-03        0.078     24.759  30646636.000       0.584
75300  27989230.000        0.544       1536.735  5.9e-03        0.079     24.764  30646636.000       0.584
75400  25932602.000        0.546       1538.776  5.8e-03        0.079     24.758  30646636.000       0.584
75500  26175522.000        0.542       1540.816  5.6e-03        0.078     24.763  30646636.000       0.584
75600  26984346.000        0.541       1542.857  5.5e-03        0.078     24.756  30646636.000       0.584
75700  26463558.000        0.543       1544.898  5.4e-03        0.079     24.756  30646636.000       0.584
75800  26940094.000        0.545       1546.939  5.3e-03        0.080     24.766  30646636.000       0.584
75900  27421300.000        0.545       1548.980  5.1e-03        0.080     24.757  30646636.000       0.584
76000  26391252.000        0.543       1551.020  5.0e-03        0.079     27.261  29452122.000       0.514
76100  22935934.000        0.545       1553.061  4.9e-03        0.080     24.760  29452122.000       0.514
76200  22636090.000        0.543       1555.102  4.8e-03        0.079     24.758  29452122.000       0.514
76300  22901312.000        0.546       1557.143  4.6e-03        0.079     24.758  29452122.000       0.514
76400  22742938.000        0.542       1559.184  4.5e-03        0.079     24.761  29452122.000       0.514
76500  21438530.000        0.542       1561.224  4.4e-03        0.080     24.760  29452122.000       0.514
76600  21426754.000        0.540       1563.265  4.3e-03        0.080     24.757  29452122.000       0.514
76700  22144412.000        0.541       1565.306  4.1e-03        0.079     24.756  29452122.000       0.514
76800  22147724.000        0.546       1567.347  4.0e-03        0.079     24.757  29452122.000       0.514
76900  18801068.000        0.545       1569.388  3.9e-03        0.079     24.761  29452122.000       0.514
77000  18484094.000        0.545       1571.429  3.8e-03        0.079     27.296  24070532.000       0.479
77100  17475992.000        0.545       1573.469  3.6e-03        0.079     24.753  24070532.000       0.479
77200  17901876.000        0.542       1575.510  3.5e-03        0.079     24.754  24070532.000       0.479
77300  17084684.000        0.543       1577.551  3.4e-03        0.078     24.757  24070532.000       0.479
77400  15247889.000        0.546       1579.592  3.3e-03        0.079     24.754  24070532.000       0.479
77500  15918422.000        0.543       1581.633  3.1e-03        0.078     24.754  24070532.000       0.479
77600  14644348.000        0.541       1583.673  3.0e-03        0.078     24.753  24070532.000       0.479
77700  14454870.000        0.546       1585.714  2.9e-03        0.078     24.757  24070532.000       0.479
77800  13019958.000        0.545       1587.755  2.8e-03        0.079     24.757  24070532.000       0.479
77900  12708506.000        0.549       1589.796  2.6e-03        0.079     24.752  24070532.000       0.479
    t    train_loss    train_acc    train_epoch       lr    data_time    it_time     test_loss    test_acc
-----  ------------  -----------  -------------  -------  -----------  ---------  ------------  ----------
78000  12961164.000        0.545       1591.837  2.5e-03        0.078     27.299  12385216.000       0.534
78100  12049806.000        0.542       1593.878  2.4e-03        0.079     24.762  12385216.000       0.534
78200  11344387.000        0.545       1595.918  2.3e-03        0.079     24.761  12385216.000       0.534
78300  11152511.000        0.548       1597.959  2.1e-03        0.080     24.761  12385216.000       0.534
78400   9984678.000        0.541       1600.000  2.0e-03        0.079     24.716  12385216.000       0.534
78500   9725551.000        0.544       1602.041  1.9e-03        0.078     24.757  12385216.000       0.534
78600   9116237.000        0.548       1604.082  1.8e-03        0.080     24.762  12385216.000       0.534
78700   8803098.000        0.541       1606.122  1.6e-03        0.078     24.756  12385216.000       0.534
78800   7259801.000        0.541       1608.163  1.5e-03        0.079     24.758  12385216.000       0.534
78900   6332830.500        0.549       1610.204  1.4e-03        0.079     24.758  12385216.000       0.534
79000   6165152.000        0.545       1612.245  1.3e-03        0.078     27.307  5239452.000       0.577
79100   5516238.500        0.545       1614.286  1.1e-03        0.079     24.760  5239452.000       0.577
79200   5662635.000        0.542       1616.327  1.0e-03        0.078     24.756  5239452.000       0.577
79300   5174642.500        0.547       1618.367  8.8e-04        0.079     24.756  5239452.000       0.577
79400   3726049.250        0.551       1620.408  7.5e-04        0.079     24.756  5239452.000       0.577
79500   3626494.500        0.549       1622.449  6.3e-04        0.079     24.760  5239452.000       0.577
79600   2773472.250        0.550       1624.490  5.0e-04        0.079     24.757  5239452.000       0.577
79700   2192105.000        0.548       1626.531  3.8e-04        0.078     24.763  5239452.000       0.577
79800   1363143.250        0.551       1628.571  2.5e-04        0.078     24.762  5239452.000       0.577
79900    914106.188        0.557       1630.612  1.3e-04        0.079     24.765  5239452.000       0.577
80000    413781.969        0.573       1632.653  1.2e-06        0.079     27.299   289618.438       0.602
