  t    train_loss    train_acc    train_epoch       lr    data_time    it_time
---  ------------  -----------  -------------  -------  -----------  ---------
100         0.747        0.761          2.041  1.0e-01        0.290     32.069
200         0.509        0.826          4.082  1.0e-01        0.075     28.564
300         0.471        0.840          6.122  1.0e-01        0.075     28.572
400         0.445        0.848          8.163  1.0e-01        0.077     28.575
500         0.436        0.851         10.204  9.9e-02        0.076     28.583
600         0.425        0.854         12.245  9.9e-02        0.075     28.597
700         0.413        0.857         14.286  9.9e-02        0.074     28.566
800         0.408        0.861         16.327  9.9e-02        0.075     28.511
900         0.400        0.862         18.367  9.9e-02        0.076     28.508
1000         0.397        0.863         20.408  9.9e-02        0.075     32.773        0.394       0.861
1100         0.391        0.865         22.449  9.9e-02        0.075     28.516        0.394       0.861
1200         0.388        0.867         24.490  9.9e-02        0.075     28.519        0.394       0.861
1300         0.385        0.867         26.531  9.8e-02        0.075     28.527        0.394       0.861
1400         0.380        0.868         28.571  9.8e-02        0.074     28.525        0.394       0.861
1500         0.376        0.871         30.612  9.8e-02        0.075     28.532        0.394       0.861
1600         0.377        0.870         32.653  9.8e-02        0.075     28.536        0.394       0.861
1700         0.369        0.873         34.694  9.8e-02        0.076     28.543        0.394       0.861
1800         0.372        0.872         36.735  9.8e-02        0.077     28.636        0.394       0.861
1900         0.365        0.874         38.776  9.8e-02        0.075     28.434        0.394       0.861
2000         0.367        0.874         40.816  9.8e-02        0.075     31.315        0.371       0.872
2100         0.362        0.875         42.857  9.7e-02        0.075     28.443        0.371       0.872
2200         0.361        0.876         44.898  9.7e-02        0.076     28.442        0.371       0.872
2300         0.359        0.876         46.939  9.7e-02        0.077     28.438        0.371       0.872
2400         0.358        0.876         48.980  9.7e-02        0.075     28.440        0.371       0.872
2500         0.357        0.876         51.020  9.7e-02        0.075     28.397        0.371       0.872
2600         0.356        0.877         53.061  9.7e-02        0.075     28.442        0.371       0.872
2700         0.354        0.877         55.102  9.7e-02        0.075     28.443        0.371       0.872
2800         0.352        0.878         57.143  9.7e-02        0.075     28.444        0.371       0.872
2900         0.351        0.879         59.184  9.6e-02        0.073     28.449        0.371       0.872
3000         0.350        0.878         61.224  9.6e-02        0.073     31.329        0.360       0.877
3100         0.348        0.879         63.265  9.6e-02        0.074     28.448        0.360       0.877
3200         0.349        0.879         65.306  9.6e-02        0.073     28.451        0.360       0.877
3300         0.348        0.879         67.347  9.6e-02        0.074     28.452        0.360       0.877
3400         0.346        0.881         69.388  9.6e-02        0.074     28.446        0.360       0.877
3500         0.345        0.880         71.429  9.6e-02        0.073     28.454        0.360       0.877
3600         0.346        0.881         73.469  9.6e-02        0.073     28.457        0.360       0.877
3700         0.342        0.882         75.510  9.5e-02        0.075     28.455        0.360       0.877
3800         0.343        0.881         77.551  9.5e-02        0.074     28.454        0.360       0.877
3900         0.341        0.882         79.592  9.5e-02        0.074     28.459        0.360       0.877
4000         0.342        0.881         81.633  9.5e-02        0.073     31.344        0.357       0.877
4100         0.342        0.881         83.673  9.5e-02        0.074     28.463        0.357       0.877
   t    train_loss    train_acc    train_epoch       lr    data_time    it_time    test_loss    test_acc
----  ------------  -----------  -------------  -------  -----------  ---------  -----------  ----------
4200         0.340        0.882         85.714  9.5e-02        0.075     28.468        0.357       0.877
4300         0.340        0.882         87.755  9.5e-02        0.084     28.501        0.357       0.877
4400         0.340        0.883         89.796  9.5e-02        0.075     28.471        0.357       0.877
4500         0.336        0.884         91.837  9.4e-02        0.075     28.466        0.357       0.877
4600         0.337        0.882         93.878  9.4e-02        0.076     28.468        0.357       0.877
4700         0.335        0.884         95.918  9.4e-02        0.076     28.467        0.357       0.877
4800         0.336        0.883         97.959  9.4e-02        0.077     28.468        0.357       0.877
4900         0.336        0.883        100.000  9.4e-02        0.076     28.421        0.357       0.877
5000         0.335        0.883        102.041  9.4e-02        0.075     31.355        0.349       0.880
5100         0.333        0.885        104.082  9.4e-02        0.075     28.471        0.349       0.880
5200         0.334        0.884        106.122  9.4e-02        0.075     28.465        0.349       0.880
5300         0.333        0.884        108.163  9.3e-02        0.076     28.465        0.349       0.880
5400         0.334        0.885        110.204  9.3e-02        0.075     28.463        0.349       0.880
5500         0.333        0.885        112.245  9.3e-02        0.075     28.465        0.349       0.880
5600         0.332        0.886        114.286  9.3e-02        0.075     28.467        0.349       0.880
5700         0.333        0.884        116.327  9.3e-02        0.075     28.465        0.349       0.880
5800         0.331        0.885        118.367  9.3e-02        0.075     28.465        0.349       0.880
5900         0.333        0.883        120.408  9.3e-02        0.076     28.469        0.349       0.880
6000         0.331        0.886        122.449  9.3e-02        0.075     31.357        0.351       0.879
6100         0.330        0.886        124.490  9.2e-02        0.076     28.470        0.351       0.879
6200         0.332        0.884        126.531  9.2e-02        0.076     28.470        0.351       0.879
6300         0.329        0.886        128.571  9.2e-02        0.075     28.471        0.351       0.879
6400         0.329        0.886        130.612  9.2e-02        0.076     28.465        0.351       0.879
6500         0.329        0.886        132.653  9.2e-02        0.075     28.472        0.351       0.879
6600         0.330        0.886        134.694  9.2e-02        0.076     28.466        0.351       0.879
6700         0.329        0.886        136.735  9.2e-02        0.075     28.475        0.351       0.879
6800         0.328        0.886        138.776  9.2e-02        0.076     28.465        0.351       0.879
6900         0.327        0.886        140.816  9.1e-02        0.075     28.473        0.351       0.879
7000         0.326        0.886        142.857  9.1e-02        0.076     31.357        0.350       0.878
7100         0.327        0.886        144.898  9.1e-02        0.076     28.465        0.350       0.878
7200         0.326        0.887        146.939  9.1e-02        0.076     28.465        0.350       0.878
7300         0.325        0.888        148.980  9.1e-02        0.075     28.462        0.350       0.878
7400         0.327        0.887        151.020  9.1e-02        0.076     28.419        0.350       0.878
7500         0.326        0.886        153.061  9.1e-02        0.075     28.460        0.350       0.878
7600         0.325        0.888        155.102  9.1e-02        0.075     28.463        0.350       0.878
7700         0.325        0.887        157.143  9.0e-02        0.075     28.460        0.350       0.878
7800         0.325        0.889        159.184  9.0e-02        0.076     28.458        0.350       0.878
7900         0.326        0.887        161.224  9.0e-02        0.075     28.460        0.350       0.878
8000         0.322        0.889        163.265  9.0e-02        0.075     31.349        0.346       0.881
8100         0.325        0.888        165.306  9.0e-02        0.075     28.467        0.346       0.881
8200         0.322        0.888        167.347  9.0e-02        0.075     28.472        0.346       0.881
   t    train_loss    train_acc    train_epoch       lr    data_time    it_time    test_loss    test_acc
----  ------------  -----------  -------------  -------  -----------  ---------  -----------  ----------
8300         0.325        0.887        169.388  9.0e-02        0.075     28.463        0.346       0.881
8400         0.322        0.889        171.429  9.0e-02        0.075     28.473        0.346       0.881
8500         0.323        0.888        173.469  8.9e-02        0.075     28.470        0.346       0.881
8600         0.323        0.889        175.510  8.9e-02        0.075     28.470        0.346       0.881
8700         0.323        0.889        177.551  8.9e-02        0.075     28.472        0.346       0.881
8800         0.324        0.887        179.592  8.9e-02        0.075     28.473        0.346       0.881
8900         0.322        0.888        181.633  8.9e-02        0.074     28.473        0.346       0.881
9000         0.322        0.887        183.673  8.9e-02        0.074     31.360        0.346       0.882
9100         0.322        0.888        185.714  8.9e-02        0.074     28.471        0.346       0.882
9200         0.322        0.889        187.755  8.9e-02        0.074     28.473        0.346       0.882
9300         0.322        0.888        189.796  8.8e-02        0.075     28.466        0.346       0.882
9400         0.324        0.887        191.837  8.8e-02        0.074     28.473        0.346       0.882
9500         0.321        0.889        193.878  8.8e-02        0.074     28.472        0.346       0.882
9600         0.321        0.889        195.918  8.8e-02        0.075     28.473        0.346       0.882
9700         0.322        0.889        197.959  8.8e-02        0.077     28.472        0.346       0.882
9800         0.321        0.888        200.000  8.8e-02        0.075     28.430        0.346       0.882
9900         0.322        0.889        202.041  8.8e-02        0.076     28.472        0.346       0.882
10000         0.322        0.889        204.082  8.8e-02        0.076     31.361        0.344       0.882
10100         0.321        0.889        206.122  8.7e-02        0.075     28.472        0.344       0.882
10200         0.321        0.889        208.163  8.7e-02        0.075     28.469        0.344       0.882
10300         0.319        0.890        210.204  8.7e-02        0.075     28.474        0.344       0.882
10400         0.321        0.888        212.245  8.7e-02        0.075     28.468        0.344       0.882
10500         0.319        0.890        214.286  8.7e-02        0.074     28.470        0.344       0.882
10600         0.320        0.889        216.327  8.7e-02        0.074     28.470        0.344       0.882
10700         0.320        0.890        218.367  8.7e-02        0.074     28.472        0.344       0.882
10800         0.321        0.889        220.408  8.7e-02        0.073     28.472        0.344       0.882
10900         0.318        0.890        222.449  8.6e-02        0.074     28.477        0.344       0.882
11000         0.321        0.890        224.490  8.6e-02        0.075     31.356        0.343       0.883
11100         0.319        0.889        226.531  8.6e-02        0.075     28.470        0.343       0.883
11200         0.320        0.890        228.571  8.6e-02        0.074     28.466        0.343       0.883
11300         0.317        0.890        230.612  8.6e-02        0.074     28.462        0.343       0.883
11400         0.319        0.889        232.653  8.6e-02        0.073     28.463        0.343       0.883
11500         0.317        0.891        234.694  8.6e-02        0.075     28.459        0.343       0.883
11600         0.321        0.888        236.735  8.6e-02        0.075     28.458        0.343       0.883
11700         0.317        0.890        238.776  8.5e-02        0.076     28.465        0.343       0.883
11800         0.320        0.889        240.816  8.5e-02        0.075     28.466        0.343       0.883
11900         0.320        0.889        242.857  8.5e-02        0.075     28.467        0.343       0.883
12000         0.319        0.890        244.898  8.5e-02        0.076     31.347        0.343       0.882
12100         0.318        0.890        246.939  8.5e-02        0.076     28.471        0.343       0.882
12200         0.319        0.889        248.980  8.5e-02        0.077     28.466        0.343       0.882
12300         0.318        0.890        251.020  8.5e-02        0.075     28.420        0.343       0.882
    t    train_loss    train_acc    train_epoch       lr    data_time    it_time    test_loss    test_acc
-----  ------------  -----------  -------------  -------  -----------  ---------  -----------  ----------
12400         0.317        0.890        253.061  8.5e-02        0.075     28.469        0.343       0.882
12500         0.319        0.889        255.102  8.4e-02        0.075     28.474        0.343       0.882
12600         0.318        0.890        257.143  8.4e-02        0.075     28.473        0.343       0.882
12700         0.316        0.891        259.184  8.4e-02        0.074     28.470        0.343       0.882
12800         0.320        0.889        261.224  8.4e-02        0.074     28.472        0.343       0.882
12900         0.316        0.891        263.265  8.4e-02        0.074     28.473        0.343       0.882
13000         0.318        0.891        265.306  8.4e-02        0.073     31.358        0.344       0.879
13100         0.314        0.891        267.347  8.4e-02        0.074     28.475        0.344       0.879
13200         0.321        0.889        269.388  8.4e-02        0.074     28.473        0.344       0.879
13300         0.316        0.890        271.429  8.3e-02        0.074     28.467        0.344       0.879
13400         0.316        0.891        273.469  8.3e-02        0.074     28.472        0.344       0.879
13500         0.316        0.892        275.510  8.3e-02        0.076     28.467        0.344       0.879
13600         0.319        0.890        277.551  8.3e-02        0.075     28.468        0.344       0.879
13700         0.316        0.891        279.592  8.3e-02        0.073     28.475        0.344       0.879
13800         0.315        0.890        281.633  8.3e-02        0.075     28.467        0.344       0.879
13900         0.318        0.891        283.673  8.3e-02        0.074     28.469        0.344       0.879
14000         0.317        0.890        285.714  8.3e-02        0.075     31.364        0.347       0.879
14100         0.316        0.890        287.755  8.2e-02        0.074     28.476        0.347       0.879
14200         0.317        0.890        289.796  8.2e-02        0.074     28.472        0.347       0.879
14300         0.317        0.891        291.837  8.2e-02        0.076     28.473        0.347       0.879
14400         0.316        0.891        293.878  8.2e-02        0.074     28.473        0.347       0.879
14500         0.316        0.891        295.918  8.2e-02        0.075     28.472        0.347       0.879
14600         0.317        0.891        297.959  8.2e-02        0.075     28.474        0.347       0.879
14700         0.317        0.889        300.000  8.2e-02        0.074     28.427        0.347       0.879
14800         0.315        0.891        302.041  8.2e-02        0.075     28.474        0.347       0.879
14900         0.316        0.891        304.082  8.1e-02        0.074     28.473        0.347       0.879
15000         0.317        0.890        306.122  8.1e-02        0.074     31.360        0.345       0.881
15100         0.316        0.891        308.163  8.1e-02        0.074     28.473        0.345       0.881
15200         0.314        0.891        310.204  8.1e-02        0.074     28.474        0.345       0.881
15300         0.315        0.891        312.245  8.1e-02        0.075     28.471        0.345       0.881
15400         0.315        0.891        314.286  8.1e-02        0.074     28.468        0.345       0.881
15500         0.317        0.890        316.327  8.1e-02        0.075     28.464        0.345       0.881
15600         0.316        0.892        318.367  8.1e-02        0.074     28.471        0.345       0.881
15700         0.316        0.890        320.408  8.0e-02        0.074     28.468        0.345       0.881
15800         0.315        0.891        322.449  8.0e-02        0.073     28.466        0.345       0.881
15900         0.314        0.893        324.490  8.0e-02        0.075     28.462        0.345       0.881
16000         0.315        0.891        326.531  8.0e-02        0.074     31.352        0.344       0.882
16100         0.316        0.891        328.571  8.0e-02        0.075     28.466        0.344       0.882
16200         0.316        0.891        330.612  8.0e-02        0.074     28.464        0.344       0.882
16300         0.315        0.892        332.653  8.0e-02        0.074     28.463        0.344       0.882
16400         0.316        0.890        334.694  8.0e-02        0.074     28.461        0.344       0.882
    t    train_loss    train_acc    train_epoch       lr    data_time    it_time    test_loss    test_acc
-----  ------------  -----------  -------------  -------  -----------  ---------  -----------  ----------
16500         0.316        0.891        336.735  7.9e-02        0.075     28.461        0.344       0.882
16600         0.316        0.891        338.776  7.9e-02        0.075     28.466        0.344       0.882
16700         0.316        0.890        340.816  7.9e-02        0.075     28.468        0.344       0.882
16800         0.315        0.891        342.857  7.9e-02        0.074     28.470        0.344       0.882
16900         0.316        0.890        344.898  7.9e-02        0.074     28.467        0.344       0.882
17000         0.315        0.891        346.939  7.9e-02        0.075     31.359        0.343       0.882
17100         0.316        0.891        348.980  7.9e-02        0.074     28.475        0.343       0.882
17200         0.317        0.891        351.020  7.9e-02        0.074     28.430        0.343       0.882
17300         0.314        0.892        353.061  7.8e-02        0.075     28.466        0.343       0.882
17400         0.314        0.891        355.102  7.8e-02        0.074     28.474        0.343       0.882
17500         0.315        0.891        357.143  7.8e-02        0.074     28.471        0.343       0.882
17600         0.314        0.891        359.184  7.8e-02        0.074     28.473        0.343       0.882
17700         0.314        0.892        361.224  7.8e-02        0.075     28.471        0.343       0.882
17800         0.314        0.892        363.265  7.8e-02        0.075     28.473        0.343       0.882
17900         0.314        0.891        365.306  7.8e-02        0.074     28.476        0.343       0.882
18000         0.314        0.892        367.347  7.8e-02        0.074     31.358        0.343       0.882
18100         0.316        0.891        369.388  7.7e-02        0.075     28.471        0.343       0.882
18200         0.314        0.892        371.429  7.7e-02        0.074     28.472        0.343       0.882
18300         0.312        0.891        373.469  7.7e-02        0.075     28.473        0.343       0.882
18400         0.316        0.891        375.510  7.7e-02        0.074     28.471        0.343       0.882
18500         0.314        0.892        377.551  7.7e-02        0.075     28.467        0.343       0.882
18600         0.314        0.891        379.592  7.7e-02        0.074     28.473        0.343       0.882
18700         0.314        0.891        381.633  7.7e-02        0.075     28.470        0.343       0.882
18800         0.314        0.891        383.673  7.7e-02        0.074     28.466        0.343       0.882
18900         0.315        0.891        385.714  7.6e-02        0.074     28.473        0.343       0.882
19000         0.315        0.891        387.755  7.6e-02        0.074     31.362        0.341       0.882
19100         0.313        0.892        389.796  7.6e-02        0.075     28.470        0.341       0.882
19200         0.315        0.891        391.837  7.6e-02        0.074     28.474        0.341       0.882
19300         0.315        0.892        393.878  7.6e-02        0.074     28.471        0.341       0.882
19400         0.314        0.891        395.918  7.6e-02        0.075     28.472        0.341       0.882
19500         0.314        0.892        397.959  7.6e-02        0.075     28.470        0.341       0.882
19600         0.313        0.892        400.000  7.6e-02        0.074     28.422        0.341       0.882
19700         0.314        0.892        402.041  7.5e-02        0.075     28.466        0.341       0.882
19800         0.313        0.891        404.082  7.5e-02        0.074     28.469        0.341       0.882
19900         0.314        0.891        406.122  7.5e-02        0.075     28.463        0.341       0.882
20000         0.312        0.892        408.163  7.5e-02        0.074     31.356        0.341       0.881
20100         0.315        0.891        410.204  7.5e-02        0.074     28.474        0.341       0.881
20200         0.312        0.891        412.245  7.5e-02        0.075     28.466        0.341       0.881
20300         0.317        0.890        414.286  7.5e-02        0.075     28.467        0.341       0.881
20400         0.315        0.892        416.327  7.5e-02        0.075     28.469        0.341       0.881
20500         0.312        0.893        418.367  7.4e-02        0.074     28.468        0.341       0.881
    t    train_loss    train_acc    train_epoch       lr    data_time    it_time    test_loss    test_acc
-----  ------------  -----------  -------------  -------  -----------  ---------  -----------  ----------
20600         0.312        0.892        420.408  7.4e-02        0.074     28.465        0.341       0.881
20700         0.315        0.892        422.449  7.4e-02        0.074     28.476        0.341       0.881
20800         0.313        0.892        424.490  7.4e-02        0.074     28.476        0.341       0.881
20900         0.314        0.891        426.531  7.4e-02        0.075     28.473        0.341       0.881
21000         0.312        0.891        428.571  7.4e-02        0.075     31.358        0.342       0.881
21100         0.315        0.891        430.612  7.4e-02        0.075     28.472        0.342       0.881
21200         0.312        0.892        432.653  7.4e-02        0.074     28.472        0.342       0.881
21300         0.318        0.889        434.694  7.3e-02        0.075     28.466        0.342       0.881
21400         0.312        0.892        436.735  7.3e-02        0.075     28.464        0.342       0.881
21500         0.315        0.891        438.776  7.3e-02        0.075     28.467        0.342       0.881
21600         0.313        0.890        440.816  7.3e-02        0.075     28.473        0.342       0.881
21700         0.315        0.891        442.857  7.3e-02        0.075     28.470        0.342       0.881
21800         0.313        0.892        444.898  7.3e-02        0.074     28.473        0.342       0.881
21900         0.313        0.892        446.939  7.3e-02        0.076     28.473        0.342       0.881
22000         0.313        0.892        448.980  7.3e-02        0.074     31.365        0.343       0.881
22100         0.314        0.891        451.020  7.2e-02        0.074     28.436        0.343       0.881
22200         0.313        0.893        453.061  7.2e-02        0.074     28.472        0.343       0.881
22300         0.312        0.891        455.102  7.2e-02        0.074     28.475        0.343       0.881
22400         0.315        0.890        457.143  7.2e-02        0.076     28.880        0.343       0.881
22500         0.311        0.892        459.184  7.2e-02        0.076     28.682        0.343       0.881
22600         0.312        0.892        461.224  7.2e-02        0.077     28.881        0.343       0.881
22700         0.313        0.893        463.265  7.2e-02        0.079     30.031        0.343       0.881
22800         0.313        0.892        465.306  7.2e-02        0.078     29.636        0.343       0.881
22900         0.313        0.892        467.347  7.1e-02        0.078     29.567        0.343       0.881
23000         0.311        0.892        469.388  7.1e-02        0.077     32.459        0.341       0.883
23100         0.312        0.893        471.429  7.1e-02        0.077     28.818        0.341       0.883
23200         0.314        0.892        473.469  7.1e-02        0.075     28.748        0.341       0.883
23300         0.311        0.893        475.510  7.1e-02        0.075     28.595        0.341       0.883
23400         0.315        0.890        477.551  7.1e-02        0.075     28.596        0.341       0.883
23500         0.311        0.893        479.592  7.1e-02        0.075     28.589        0.341       0.883
23600         0.314        0.892        481.633  7.1e-02        0.076     28.638        0.341       0.883
23700         0.314        0.891        483.673  7.0e-02        0.081     30.400        0.341       0.883
23800         0.312        0.891        485.714  7.0e-02        0.075     28.583        0.341       0.883
23900         0.314        0.891        487.755  7.0e-02        0.075     28.583        0.341       0.883
24000         0.313        0.891        489.796  7.0e-02        0.075     31.483        0.342       0.881
24100         0.313        0.892        491.837  7.0e-02        0.075     28.577        0.342       0.881
24200         0.315        0.892        493.878  7.0e-02        0.075     28.587        0.342       0.881
24300         0.313        0.891        495.918  7.0e-02        0.075     28.579        0.342       0.881
24400         0.314        0.890        497.959  7.0e-02        0.077     28.590        0.342       0.881
24500         0.311        0.892        500.000  6.9e-02        0.074     28.546        0.342       0.881
24600         0.313        0.892        502.041  6.9e-02        0.075     28.582        0.342       0.881
    t    train_loss    train_acc    train_epoch       lr    data_time    it_time    test_loss    test_acc
-----  ------------  -----------  -------------  -------  -----------  ---------  -----------  ----------
24700         0.312        0.892        504.082  6.9e-02        0.076     28.579        0.342       0.881
24800         0.314        0.891        506.122  6.9e-02        0.075     28.663        0.342       0.881
24900         0.313        0.891        508.163  6.9e-02        0.074     28.465        0.342       0.881
25000         0.312        0.893        510.204  6.9e-02        0.076     31.351        0.342       0.881
25100         0.312        0.892        512.245  6.9e-02        0.075     28.469        0.342       0.881
25200         0.312        0.892        514.286  6.9e-02        0.074     28.472        0.342       0.881
25300         0.312        0.892        516.327  6.8e-02        0.074     28.471        0.342       0.881
25400         0.311        0.892        518.367  6.8e-02        0.074     28.472        0.342       0.881
25500         0.313        0.892        520.408  6.8e-02        0.075     28.472        0.342       0.881
25600         0.313        0.892        522.449  6.8e-02        0.074     28.471        0.342       0.881
25700         0.313        0.891        524.490  6.8e-02        0.074     28.472        0.342       0.881
25800         0.313        0.892        526.531  6.8e-02        0.075     28.471        0.342       0.881
25900         0.311        0.891        528.571  6.8e-02        0.075     28.471        0.342       0.881
26000         0.314        0.892        530.612  6.8e-02        0.074     31.356        0.341       0.882
26100         0.312        0.891        532.653  6.7e-02        0.075     28.576        0.341       0.882
26200         0.312        0.891        534.694  6.7e-02        0.076     28.671        0.341       0.882
26300         0.313        0.892        536.735  6.7e-02        0.075     28.588        0.341       0.882
26400         0.314        0.891        538.776  6.7e-02        0.076     28.587        0.341       0.882
26500         0.314        0.892        540.816  6.7e-02        0.075     28.590        0.341       0.882
26600         0.311        0.893        542.857  6.7e-02        0.074     28.592        0.341       0.882
26700         0.315        0.890        544.898  6.7e-02        0.075     28.595        0.341       0.882
26800         0.312        0.892        546.939  6.7e-02        0.076     28.597        0.341       0.882
26900         0.314        0.892        548.980  6.6e-02        0.075     28.593        0.341       0.882
27000         0.311        0.893        551.020  6.6e-02        0.076     31.449        0.343       0.880
27100         0.312        0.892        553.061  6.6e-02        0.076     28.598        0.343       0.880
27200         0.312        0.891        555.102  6.6e-02        0.077     28.703        0.343       0.880
27300         0.311        0.892        557.143  6.6e-02        0.076     28.491        0.343       0.880
27400         0.312        0.893        559.184  6.6e-02        0.076     28.472        0.343       0.880
27500         0.314        0.891        561.224  6.6e-02        0.076     28.479        0.343       0.880
27600         0.313        0.893        563.265  6.6e-02        0.077     28.473        0.343       0.880
27700         0.313        0.892        565.306  6.5e-02        0.076     28.541        0.343       0.880
27800         0.312        0.893        567.347  6.5e-02        0.078     28.610        0.343       0.880
27900         0.312        0.891        569.388  6.5e-02        0.077     28.590        0.343       0.880
28000         0.312        0.892        571.429  6.5e-02        0.077     31.809        0.342       0.881
