  t    train_loss    train_acc    train_epoch       lr    data_time    it_time
---  ------------  -----------  -------------  -------  -----------  ---------
100         0.748        0.765          2.041  1.0e-01        0.300     32.548
200         0.510        0.826          4.082  1.0e-01        0.073     29.176
300         0.474        0.838          6.122  1.0e-01        0.073     29.194
400         0.450        0.845          8.163  1.0e-01        0.073     29.200
500         0.438        0.849         10.204  9.9e-02        0.074     29.212
600         0.426        0.854         12.245  9.9e-02        0.074     29.219
700         0.417        0.856         14.286  9.9e-02        0.074     29.203
800         0.409        0.859         16.327  9.9e-02        0.074     29.206
900         0.406        0.860         18.367  9.9e-02        0.074     29.225
1000         0.398        0.862         20.408  9.9e-02        0.075     33.643        0.396       0.861
1100         0.392        0.864         22.449  9.9e-02        0.074     29.187        0.396       0.861
1200         0.390        0.864         24.490  9.9e-02        0.074     29.099        0.396       0.861
1300         0.385        0.867         26.531  9.8e-02        0.073     29.100        0.396       0.861
1400         0.382        0.868         28.571  9.8e-02        0.074     29.106        0.396       0.861
1500         0.379        0.869         30.612  9.8e-02        0.073     29.137        0.396       0.861
1600         0.374        0.870         32.653  9.8e-02        0.073     29.126        0.396       0.861
1700         0.374        0.870         34.694  9.8e-02        0.074     29.113        0.396       0.861
1800         0.373        0.870         36.735  9.8e-02        0.074     29.137        0.396       0.861
1900         0.368        0.873         38.776  9.8e-02        0.073     29.123        0.396       0.861
2000         0.367        0.873         40.816  9.8e-02        0.073     32.072        0.376       0.867
2100         0.365        0.873         42.857  9.7e-02        0.074     29.151        0.376       0.867
2200         0.362        0.875         44.898  9.7e-02        0.074     29.143        0.376       0.867
2300         0.364        0.873         46.939  9.7e-02        0.075     29.145        0.376       0.867
2400         0.359        0.876         48.980  9.7e-02        0.074     29.115        0.376       0.867
2500         0.361        0.874         51.020  9.7e-02        0.074     29.070        0.376       0.867
2600         0.357        0.876         53.061  9.7e-02        0.073     29.144        0.376       0.867
2700         0.355        0.877         55.102  9.7e-02        0.073     29.146        0.376       0.867
2800         0.354        0.876         57.143  9.7e-02        0.073     29.164        0.376       0.867
2900         0.354        0.876         59.184  9.6e-02        0.073     29.145        0.376       0.867
3000         0.352        0.878         61.224  9.6e-02        0.073     32.133        0.362       0.874
3100         0.352        0.878         63.265  9.6e-02        0.074     29.178        0.362       0.874
3200         0.349        0.878         65.306  9.6e-02        0.075     29.162        0.362       0.874
3300         0.350        0.879         67.347  9.6e-02        0.075     29.178        0.362       0.874
3400         0.348        0.879         69.388  9.6e-02        0.074     29.184        0.362       0.874
3500         0.349        0.878         71.429  9.6e-02        0.073     29.197        0.362       0.874
3600         0.344        0.880         73.469  9.6e-02        0.074     29.183        0.362       0.874
3700         0.347        0.880         75.510  9.5e-02        0.074     29.163        0.362       0.874
3800         0.345        0.879         77.551  9.5e-02        0.073     29.182        0.362       0.874
3900         0.343        0.881         79.592  9.5e-02        0.074     29.176        0.362       0.874
4000         0.341        0.882         81.633  9.5e-02        0.075     32.153        0.355       0.878
4100         0.344        0.880         83.673  9.5e-02        0.075     29.185        0.355       0.878
   t    train_loss    train_acc    train_epoch       lr    data_time    it_time    test_loss    test_acc
----  ------------  -----------  -------------  -------  -----------  ---------  -----------  ----------
4200         0.342        0.881         85.714  9.5e-02        0.074     29.169        0.355       0.878
4300         0.341        0.881         87.755  9.5e-02        0.074     29.185        0.355       0.878
4400         0.339        0.881         89.796  9.5e-02        0.074     29.194        0.355       0.878
4500         0.340        0.882         91.837  9.4e-02        0.074     29.184        0.355       0.878
4600         0.339        0.882         93.878  9.4e-02        0.074     29.192        0.355       0.878
4700         0.340        0.882         95.918  9.4e-02        0.075     29.172        0.355       0.878
4800         0.337        0.883         97.959  9.4e-02        0.076     29.228        0.355       0.878
4900         0.336        0.883        100.000  9.4e-02        0.074     29.135        0.355       0.878
5000         0.337        0.882        102.041  9.4e-02        0.074     32.156        0.352       0.877
5100         0.337        0.883        104.082  9.4e-02        0.074     29.210        0.352       0.877
5200         0.337        0.883        106.122  9.4e-02        0.074     29.220        0.352       0.877
5300         0.336        0.883        108.163  9.3e-02        0.074     29.187        0.352       0.877
5400         0.334        0.884        110.204  9.3e-02        0.074     29.183        0.352       0.877
5500         0.333        0.885        112.245  9.3e-02        0.073     29.189        0.352       0.877
5600         0.334        0.884        114.286  9.3e-02        0.074     29.226        0.352       0.877
5700         0.332        0.885        116.327  9.3e-02        0.075     29.194        0.352       0.877
5800         0.333        0.884        118.367  9.3e-02        0.074     29.188        0.352       0.877
5900         0.332        0.885        120.408  9.3e-02        0.074     29.226        0.352       0.877
6000         0.332        0.885        122.449  9.3e-02        0.074     32.163        0.349       0.878
6100         0.332        0.885        124.490  9.2e-02        0.074     29.202        0.349       0.878
6200         0.332        0.885        126.531  9.2e-02        0.074     29.189        0.349       0.878
6300         0.332        0.885        128.571  9.2e-02        0.074     29.190        0.349       0.878
6400         0.330        0.885        130.612  9.2e-02        0.074     29.192        0.349       0.878
6500         0.331        0.885        132.653  9.2e-02        0.074     29.194        0.349       0.878
6600         0.329        0.886        134.694  9.2e-02        0.075     29.190        0.349       0.878
6700         0.330        0.885        136.735  9.2e-02        0.074     29.193        0.349       0.878
6800         0.329        0.885        138.776  9.2e-02        0.073     29.201        0.349       0.878
6900         0.330        0.885        140.816  9.1e-02        0.074     29.182        0.349       0.878
7000         0.331        0.886        142.857  9.1e-02        0.075     32.160        0.344       0.882
7100         0.329        0.886        144.898  9.1e-02        0.074     29.196        0.344       0.882
7200         0.329        0.885        146.939  9.1e-02        0.076     29.203        0.344       0.882
7300         0.328        0.887        148.980  9.1e-02        0.074     29.191        0.344       0.882
7400         0.328        0.886        151.020  9.1e-02        0.074     29.121        0.344       0.882
7500         0.327        0.886        153.061  9.1e-02        0.073     29.200        0.344       0.882
7600         0.326        0.887        155.102  9.1e-02        0.074     29.170        0.344       0.882
7700         0.327        0.886        157.143  9.0e-02        0.074     29.185        0.344       0.882
7800         0.327        0.886        159.184  9.0e-02        0.074     29.207        0.344       0.882
7900         0.327        0.886        161.224  9.0e-02        0.075     29.180        0.344       0.882
8000         0.328        0.886        163.265  9.0e-02        0.073     32.143        0.346       0.880
8100         0.325        0.887        165.306  9.0e-02        0.075     29.173        0.346       0.880
8200         0.327        0.887        167.347  9.0e-02        0.074     29.207        0.346       0.880
   t    train_loss    train_acc    train_epoch       lr    data_time    it_time    test_loss    test_acc
----  ------------  -----------  -------------  -------  -----------  ---------  -----------  ----------
8300         0.324        0.887        169.388  9.0e-02        0.073     29.196        0.346       0.880
8400         0.328        0.886        171.429  9.0e-02        0.075     29.211        0.346       0.880
8500         0.326        0.886        173.469  8.9e-02        0.075     29.198        0.346       0.880
8600         0.324        0.887        175.510  8.9e-02        0.075     29.193        0.346       0.880
8700         0.325        0.887        177.551  8.9e-02        0.074     29.220        0.346       0.880
8800         0.325        0.887        179.592  8.9e-02        0.074     29.209        0.346       0.880
8900         0.325        0.887        181.633  8.9e-02        0.074     29.197        0.346       0.880
9000         0.323        0.888        183.673  8.9e-02        0.074     32.165        0.344       0.880
9100         0.324        0.889        185.714  8.9e-02        0.074     29.195        0.344       0.880
9200         0.322        0.888        187.755  8.9e-02        0.074     29.182        0.344       0.880
9300         0.323        0.889        189.796  8.8e-02        0.074     29.190        0.344       0.880
9400         0.322        0.888        191.837  8.8e-02        0.074     29.202        0.344       0.880
9500         0.323        0.887        193.878  8.8e-02        0.074     29.196        0.344       0.880
9600         0.323        0.888        195.918  8.8e-02        0.073     29.222        0.344       0.880
9700         0.324        0.888        197.959  8.8e-02        0.075     29.231        0.344       0.880
9800         0.323        0.887        200.000  8.8e-02        0.074     29.170        0.344       0.880
9900         0.322        0.888        202.041  8.8e-02        0.074     29.200        0.344       0.880
10000         0.323        0.888        204.082  8.8e-02        0.075     32.151        0.344       0.881
10100         0.323        0.887        206.122  8.7e-02        0.073     29.211        0.344       0.881
10200         0.321        0.889        208.163  8.7e-02        0.074     29.199        0.344       0.881
10300         0.322        0.887        210.204  8.7e-02        0.075     29.194        0.344       0.881
10400         0.322        0.888        212.245  8.7e-02        0.075     29.200        0.344       0.881
10500         0.322        0.888        214.286  8.7e-02        0.076     29.186        0.344       0.881
10600         0.323        0.888        216.327  8.7e-02        0.074     29.173        0.344       0.881
10700         0.321        0.889        218.367  8.7e-02        0.074     29.206        0.344       0.881
10800         0.321        0.888        220.408  8.7e-02        0.073     29.184        0.344       0.881
10900         0.324        0.887        222.449  8.6e-02        0.074     29.205        0.344       0.881
11000         0.320        0.890        224.490  8.6e-02        0.074     32.164        0.341       0.882
11100         0.320        0.888        226.531  8.6e-02        0.074     29.189        0.341       0.882
11200         0.324        0.887        228.571  8.6e-02        0.075     29.197        0.341       0.882
11300         0.322        0.889        230.612  8.6e-02        0.073     29.217        0.341       0.882
11400         0.319        0.889        232.653  8.6e-02        0.074     29.197        0.341       0.882
11500         0.320        0.889        234.694  8.6e-02        0.075     29.187        0.341       0.882
11600         0.322        0.889        236.735  8.6e-02        0.074     29.192        0.341       0.882
11700         0.321        0.889        238.776  8.5e-02        0.073     29.197        0.341       0.882
11800         0.318        0.890        240.816  8.5e-02        0.073     29.198        0.341       0.882
11900         0.320        0.889        242.857  8.5e-02        0.074     29.199        0.341       0.882
12000         0.320        0.889        244.898  8.5e-02        0.074     32.182        0.342       0.882
12100         0.320        0.889        246.939  8.5e-02        0.075     29.213        0.342       0.882
12200         0.320        0.889        248.980  8.5e-02        0.074     29.204        0.342       0.882
12300         0.321        0.888        251.020  8.5e-02        0.074     29.141        0.342       0.882
    t    train_loss    train_acc    train_epoch       lr    data_time    it_time    test_loss    test_acc
-----  ------------  -----------  -------------  -------  -----------  ---------  -----------  ----------
12400         0.321        0.889        253.061  8.5e-02        0.074     29.198        0.342       0.882
12500         0.321        0.889        255.102  8.4e-02        0.074     29.183        0.342       0.882
12600         0.320        0.889        257.143  8.4e-02        0.073     29.218        0.342       0.882
12700         0.319        0.889        259.184  8.4e-02        0.074     29.184        0.342       0.882
12800         0.319        0.890        261.224  8.4e-02        0.073     29.194        0.342       0.882
12900         0.320        0.890        263.265  8.4e-02        0.074     29.191        0.342       0.882
13000         0.317        0.891        265.306  8.4e-02        0.075     32.165        0.339       0.882
13100         0.320        0.888        267.347  8.4e-02        0.075     29.199        0.339       0.882
13200         0.317        0.891        269.388  8.4e-02        0.075     29.189        0.339       0.882
13300         0.319        0.890        271.429  8.3e-02        0.075     29.154        0.339       0.882
13400         0.316        0.891        273.469  8.3e-02        0.074     29.208        0.339       0.882
13500         0.318        0.890        275.510  8.3e-02        0.074     29.220        0.339       0.882
13600         0.320        0.888        277.551  8.3e-02        0.074     29.215        0.339       0.882
13700         0.317        0.890        279.592  8.3e-02        0.074     29.216        0.339       0.882
13800         0.318        0.890        281.633  8.3e-02        0.075     29.207        0.339       0.882
13900         0.320        0.888        283.673  8.3e-02        0.074     29.214        0.339       0.882
14000         0.318        0.889        285.714  8.3e-02        0.075     32.184        0.339       0.883
14100         0.320        0.889        287.755  8.2e-02        0.075     29.191        0.339       0.883
14200         0.318        0.890        289.796  8.2e-02        0.075     29.191        0.339       0.883
14300         0.318        0.891        291.837  8.2e-02        0.074     29.225        0.339       0.883
14400         0.317        0.891        293.878  8.2e-02        0.074     29.214        0.339       0.883
14500         0.316        0.891        295.918  8.2e-02        0.074     29.217        0.339       0.883
14600         0.317        0.890        297.959  8.2e-02        0.075     29.221        0.339       0.883
14700         0.317        0.889        300.000  8.2e-02        0.073     29.162        0.339       0.883
14800         0.318        0.889        302.041  8.2e-02        0.074     29.209        0.339       0.883
14900         0.318        0.889        304.082  8.1e-02        0.074     29.199        0.339       0.883
15000         0.316        0.891        306.122  8.1e-02        0.075     32.168        0.342       0.881
15100         0.317        0.890        308.163  8.1e-02        0.074     29.184        0.342       0.881
15200         0.316        0.891        310.204  8.1e-02        0.074     29.181        0.342       0.881
15300         0.319        0.888        312.245  8.1e-02        0.074     29.203        0.342       0.881
15400         0.315        0.891        314.286  8.1e-02        0.074     29.190        0.342       0.881
15500         0.317        0.890        316.327  8.1e-02        0.074     29.194        0.342       0.881
15600         0.315        0.891        318.367  8.1e-02        0.074     29.197        0.342       0.881
15700         0.319        0.889        320.408  8.0e-02        0.074     29.207        0.342       0.881
15800         0.318        0.890        322.449  8.0e-02        0.074     29.200        0.342       0.881
15900         0.316        0.891        324.490  8.0e-02        0.074     29.191        0.342       0.881
16000         0.316        0.890        326.531  8.0e-02        0.075     32.191        0.340       0.883
16100         0.317        0.889        328.571  8.0e-02        0.075     29.172        0.340       0.883
16200         0.318        0.890        330.612  8.0e-02        0.074     29.220        0.340       0.883
16300         0.316        0.891        332.653  8.0e-02        0.075     29.184        0.340       0.883
16400         0.317        0.890        334.694  8.0e-02        0.074     29.209        0.340       0.883
    t    train_loss    train_acc    train_epoch       lr    data_time    it_time    test_loss    test_acc
-----  ------------  -----------  -------------  -------  -----------  ---------  -----------  ----------
16500         0.316        0.890        336.735  7.9e-02        0.074     29.188        0.340       0.883
16600         0.318        0.889        338.776  7.9e-02        0.073     29.192        0.340       0.883
16700         0.317        0.890        340.816  7.9e-02        0.075     29.195        0.340       0.883
16800         0.316        0.891        342.857  7.9e-02        0.075     29.216        0.340       0.883
16900         0.316        0.890        344.898  7.9e-02        0.074     29.206        0.340       0.883
17000         0.314        0.891        346.939  7.9e-02        0.075     32.169        0.342       0.883
17100         0.317        0.890        348.980  7.9e-02        0.074     29.204        0.342       0.883
17200         0.316        0.891        351.020  7.9e-02        0.074     29.128        0.342       0.883
17300         0.315        0.891        353.061  7.8e-02        0.075     29.203        0.342       0.883
17400         0.316        0.891        355.102  7.8e-02        0.074     29.203        0.342       0.883
17500         0.316        0.890        357.143  7.8e-02        0.074     29.206        0.342       0.883
17600         0.317        0.890        359.184  7.8e-02        0.074     29.206        0.342       0.883
17700         0.317        0.889        361.224  7.8e-02        0.074     29.226        0.342       0.883
17800         0.316        0.890        363.265  7.8e-02        0.074     29.211        0.342       0.883
17900         0.316        0.890        365.306  7.8e-02        0.074     29.187        0.342       0.883
18000         0.316        0.890        367.347  7.8e-02        0.074     32.172        0.339       0.884
18100         0.313        0.891        369.388  7.7e-02        0.074     29.214        0.339       0.884
18200         0.319        0.889        371.429  7.7e-02        0.074     29.217        0.339       0.884
18300         0.314        0.891        373.469  7.7e-02        0.075     29.175        0.339       0.884
18400         0.316        0.890        375.510  7.7e-02        0.074     29.216        0.339       0.884
18500         0.317        0.891        377.551  7.7e-02        0.074     29.205        0.339       0.884
18600         0.316        0.891        379.592  7.7e-02        0.074     29.210        0.339       0.884
18700         0.317        0.890        381.633  7.7e-02        0.074     29.209        0.339       0.884
18800         0.317        0.890        383.673  7.7e-02        0.074     29.222        0.339       0.884
18900         0.315        0.891        385.714  7.6e-02        0.074     29.234        0.339       0.884
19000         0.315        0.891        387.755  7.6e-02        0.074     32.170        0.341       0.882
19100         0.315        0.891        389.796  7.6e-02        0.075     29.202        0.341       0.882
19200         0.315        0.890        391.837  7.6e-02        0.073     29.222        0.341       0.882
19300         0.316        0.891        393.878  7.6e-02        0.075     29.193        0.341       0.882
19400         0.315        0.890        395.918  7.6e-02        0.074     29.213        0.341       0.882
19500         0.316        0.890        397.959  7.6e-02        0.075     29.207        0.341       0.882
19600         0.316        0.890        400.000  7.6e-02        0.075     29.149        0.341       0.882
19700         0.316        0.890        402.041  7.5e-02        0.074     29.191        0.341       0.882
19800         0.314        0.891        404.082  7.5e-02        0.074     29.207        0.341       0.882
19900         0.316        0.891        406.122  7.5e-02        0.075     29.228        0.341       0.882
20000         0.314        0.891        408.163  7.5e-02        0.075     32.173        0.340       0.883
20100         0.316        0.891        410.204  7.5e-02        0.074     29.189        0.340       0.883
20200         0.316        0.891        412.245  7.5e-02        0.074     29.172        0.340       0.883
20300         0.312        0.892        414.286  7.5e-02        0.074     29.198        0.340       0.883
20400         0.317        0.890        416.327  7.5e-02        0.074     29.185        0.340       0.883
20500         0.316        0.890        418.367  7.4e-02        0.074     29.169        0.340       0.883
    t    train_loss    train_acc    train_epoch       lr    data_time    it_time    test_loss    test_acc
-----  ------------  -----------  -------------  -------  -----------  ---------  -----------  ----------
20600         0.315        0.890        420.408  7.4e-02        0.074     29.208        0.340       0.883
20700         0.315        0.891        422.449  7.4e-02        0.074     29.215        0.340       0.883
20800         0.316        0.891        424.490  7.4e-02        0.074     29.204        0.340       0.883
20900         0.313        0.891        426.531  7.4e-02        0.074     29.201        0.340       0.883
21000         0.315        0.891        428.571  7.4e-02        0.074     32.158        0.340       0.883
21100         0.316        0.890        430.612  7.4e-02        0.074     29.209        0.340       0.883
21200         0.314        0.891        432.653  7.4e-02        0.075     29.196        0.340       0.883
21300         0.317        0.890        434.694  7.3e-02        0.074     29.217        0.340       0.883
21400         0.316        0.890        436.735  7.3e-02        0.074     29.194        0.340       0.883
21500         0.316        0.890        438.776  7.3e-02        0.074     29.182        0.340       0.883
21600         0.314        0.892        440.816  7.3e-02        0.074     29.198        0.340       0.883
21700         0.315        0.891        442.857  7.3e-02        0.074     29.203        0.340       0.883
21800         0.313        0.892        444.898  7.3e-02        0.074     29.192        0.340       0.883
21900         0.316        0.889        446.939  7.3e-02        0.075     29.188        0.340       0.883
22000         0.315        0.891        448.980  7.3e-02        0.075     32.160        0.339       0.882
22100         0.315        0.890        451.020  7.2e-02        0.074     29.145        0.339       0.882
22200         0.314        0.892        453.061  7.2e-02        0.075     29.199        0.339       0.882
22300         0.317        0.890        455.102  7.2e-02        0.074     29.208        0.339       0.882
22400         0.315        0.892        457.143  7.2e-02        0.074     29.221        0.339       0.882
22500         0.314        0.892        459.184  7.2e-02        0.074     29.233        0.339       0.882
22600         0.315        0.891        461.224  7.2e-02        0.074     29.225        0.339       0.882
22700         0.314        0.892        463.265  7.2e-02        0.074     29.204        0.339       0.882
22800         0.316        0.891        465.306  7.2e-02        0.074     29.213        0.339       0.882
22900         0.314        0.892        467.347  7.1e-02        0.074     29.204        0.339       0.882
23000         0.316        0.891        469.388  7.1e-02        0.074     32.186        0.339       0.883
23100         0.317        0.890        471.429  7.1e-02        0.075     29.208        0.339       0.883
23200         0.313        0.892        473.469  7.1e-02        0.074     29.223        0.339       0.883
23300         0.315        0.890        475.510  7.1e-02        0.075     29.215        0.339       0.883
23400         0.314        0.891        477.551  7.1e-02        0.074     29.217        0.339       0.883
23500         0.315        0.890        479.592  7.1e-02        0.074     29.187        0.339       0.883
23600         0.312        0.892        481.633  7.1e-02        0.075     29.182        0.339       0.883
23700         0.315        0.890        483.673  7.0e-02        0.075     29.211        0.339       0.883
23800         0.316        0.891        485.714  7.0e-02        0.074     29.214        0.339       0.883
23900         0.314        0.891        487.755  7.0e-02        0.074     29.190        0.339       0.883
24000         0.316        0.890        489.796  7.0e-02        0.075     32.156        0.342       0.881
24100         0.316        0.891        491.837  7.0e-02        0.074     29.186        0.342       0.881
24200         0.314        0.891        493.878  7.0e-02        0.075     29.215        0.342       0.881
24300         0.313        0.892        495.918  7.0e-02        0.074     29.176        0.342       0.881
24400         0.314        0.891        497.959  7.0e-02        0.076     29.207        0.342       0.881
24500         0.315        0.891        500.000  6.9e-02        0.074     29.141        0.342       0.881
24600         0.314        0.892        502.041  6.9e-02        0.074     29.184        0.342       0.881
    t    train_loss    train_acc    train_epoch       lr    data_time    it_time    test_loss    test_acc
-----  ------------  -----------  -------------  -------  -----------  ---------  -----------  ----------
24700         0.315        0.890        504.082  6.9e-02        0.074     29.208        0.342       0.881
24800         0.314        0.892        506.122  6.9e-02        0.074     29.197        0.342       0.881
24900         0.314        0.891        508.163  6.9e-02        0.074     29.207        0.342       0.881
25000         0.314        0.891        510.204  6.9e-02        0.074     32.160        0.338       0.883
25100         0.314        0.891        512.245  6.9e-02        0.074     29.189        0.338       0.883
25200         0.314        0.891        514.286  6.9e-02        0.074     29.194        0.338       0.883
25300         0.314        0.891        516.327  6.8e-02        0.074     29.213        0.338       0.883
25400         0.313        0.892        518.367  6.8e-02        0.074     29.204        0.338       0.883
25500         0.315        0.891        520.408  6.8e-02        0.075     29.204        0.338       0.883
25600         0.316        0.890        522.449  6.8e-02        0.074     29.224        0.338       0.883
25700         0.315        0.890        524.490  6.8e-02        0.074     29.209        0.338       0.883
25800         0.312        0.893        526.531  6.8e-02        0.075     29.216        0.338       0.883
25900         0.315        0.891        528.571  6.8e-02        0.074     29.194        0.338       0.883
26000         0.314        0.891        530.612  6.8e-02        0.074     32.198        0.340       0.883
26100         0.317        0.890        532.653  6.7e-02        0.074     29.192        0.340       0.883
26200         0.314        0.891        534.694  6.7e-02        0.074     29.198        0.340       0.883
26300         0.313        0.891        536.735  6.7e-02        0.075     29.203        0.340       0.883
26400         0.314        0.890        538.776  6.7e-02        0.074     29.212        0.340       0.883
26500         0.315        0.891        540.816  6.7e-02        0.074     29.189        0.340       0.883
26600         0.313        0.891        542.857  6.7e-02        0.075     29.196        0.340       0.883
26700         0.316        0.891        544.898  6.7e-02        0.074     29.225        0.340       0.883
26800         0.313        0.891        546.939  6.7e-02        0.076     29.189        0.340       0.883
26900         0.315        0.891        548.980  6.6e-02        0.075     29.182        0.340       0.883
27000         0.313        0.892        551.020  6.6e-02        0.076     32.107        0.339       0.883
27100         0.314        0.891        553.061  6.6e-02        0.076     29.173        0.339       0.883
27200         0.314        0.891        555.102  6.6e-02        0.075     29.214        0.339       0.883
27300         0.312        0.892        557.143  6.6e-02        0.074     29.185        0.339       0.883
27400         0.315        0.892        559.184  6.6e-02        0.074     29.215        0.339       0.883
27500         0.313        0.891        561.224  6.6e-02        0.075     29.234        0.339       0.883
27600         0.314        0.891        563.265  6.6e-02        0.075     29.212        0.339       0.883
27700         0.315        0.891        565.306  6.5e-02        0.074     29.214        0.339       0.883
27800         0.315        0.891        567.347  6.5e-02        0.076     29.213        0.339       0.883
27900         0.313        0.891        569.388  6.5e-02        0.074     29.206        0.339       0.883
28000         0.314        0.891        571.429  6.5e-02        0.075     32.196        0.338       0.883
28100         0.316        0.890        573.469  6.5e-02        0.075     29.206        0.338       0.883
28200         0.313        0.892        575.510  6.5e-02        0.074     29.193        0.338       0.883
28300         0.314        0.892        577.551  6.5e-02        0.074     29.209        0.338       0.883
28400         0.316        0.890        579.592  6.5e-02        0.074     29.217        0.338       0.883
28500         0.313        0.892        581.633  6.4e-02        0.075     29.206        0.338       0.883
28600         0.315        0.890        583.673  6.4e-02        0.074     29.215        0.338       0.883
28700         0.314        0.891        585.714  6.4e-02        0.074     29.202        0.338       0.883
    t    train_loss    train_acc    train_epoch       lr    data_time    it_time    test_loss    test_acc
-----  ------------  -----------  -------------  -------  -----------  ---------  -----------  ----------
28800         0.314        0.891        587.755  6.4e-02        0.075     29.196        0.338       0.883
28900         0.314        0.891        589.796  6.4e-02        0.074     29.220        0.338       0.883
29000         0.313        0.892        591.837  6.4e-02        0.075     32.168        0.338       0.885
29100         0.313        0.892        593.878  6.4e-02        0.075     29.229        0.338       0.885
29200         0.314        0.891        595.918  6.4e-02        0.075     29.200        0.338       0.885
29300         0.313        0.891        597.959  6.3e-02        0.077     29.205        0.338       0.885
29400         0.314        0.891        600.000  6.3e-02        0.075     29.135        0.338       0.885
29500         0.313        0.891        602.041  6.3e-02        0.074     29.185        0.338       0.885
29600         0.312        0.891        604.082  6.3e-02        0.074     29.216        0.338       0.885
29700         0.314        0.890        606.122  6.3e-02        0.075     29.214        0.338       0.885
29800         0.315        0.890        608.163  6.3e-02        0.074     29.221        0.338       0.885
29900         0.314        0.890        610.204  6.3e-02        0.075     29.202        0.338       0.885
30000         0.312        0.893        612.245  6.3e-02        0.074     32.182        0.337       0.884
30100         0.313        0.891        614.286  6.2e-02        0.075     29.187        0.337       0.884
30200         0.313        0.891        616.327  6.2e-02        0.074     29.183        0.337       0.884
30300         0.312        0.892        618.367  6.2e-02        0.075     29.224        0.337       0.884
30400         0.316        0.891        620.408  6.2e-02        0.075     29.188        0.337       0.884
30500         0.316        0.891        622.449  6.2e-02        0.074     29.210        0.337       0.884
30600         0.311        0.892        624.490  6.2e-02        0.075     29.206        0.337       0.884
30700         0.314        0.891        626.531  6.2e-02        0.075     29.208        0.337       0.884
30800         0.312        0.892        628.571  6.2e-02        0.076     29.187        0.337       0.884
30900         0.312        0.892        630.612  6.1e-02        0.076     29.213        0.337       0.884
31000         0.314        0.891        632.653  6.1e-02        0.075     32.195        0.338       0.883
31100         0.314        0.891        634.694  6.1e-02        0.076     29.200        0.338       0.883
31200         0.313        0.892        636.735  6.1e-02        0.076     29.220        0.338       0.883
31300         0.315        0.891        638.776  6.1e-02        0.076     29.191        0.338       0.883
31400         0.313        0.891        640.816  6.1e-02        0.075     29.213        0.338       0.883
31500         0.314        0.891        642.857  6.1e-02        0.075     29.193        0.338       0.883
31600         0.313        0.891        644.898  6.1e-02        0.074     29.209        0.338       0.883
31700         0.314        0.892        646.939  6.0e-02        0.075     29.202        0.338       0.883
31800         0.315        0.892        648.980  6.0e-02        0.075     29.218        0.338       0.883
31900         0.312        0.891        651.020  6.0e-02        0.074     29.153        0.338       0.883
32000         0.313        0.891        653.061  6.0e-02        0.074     32.192        0.339       0.883
32100         0.314        0.891        655.102  6.0e-02        0.074     29.202        0.339       0.883
32200         0.314        0.891        657.143  6.0e-02        0.075     29.193        0.339       0.883
32300         0.313        0.893        659.184  6.0e-02        0.075     29.203        0.339       0.883
32400         0.311        0.892        661.224  6.0e-02        0.075     29.214        0.339       0.883
32500         0.311        0.892        663.265  5.9e-02        0.077     29.221        0.339       0.883
32600         0.312        0.892        665.306  5.9e-02        0.076     29.188        0.339       0.883
32700         0.313        0.891        667.347  5.9e-02        0.075     29.208        0.339       0.883
32800         0.312        0.892        669.388  5.9e-02        0.075     29.194        0.339       0.883
    t    train_loss    train_acc    train_epoch       lr    data_time    it_time    test_loss    test_acc
-----  ------------  -----------  -------------  -------  -----------  ---------  -----------  ----------
32900         0.312        0.892        671.429  5.9e-02        0.075     29.191        0.339       0.883
33000         0.312        0.891        673.469  5.9e-02        0.074     32.166        0.339       0.883
33100         0.312        0.891        675.510  5.9e-02        0.076     29.193        0.339       0.883
33200         0.313        0.892        677.551  5.9e-02        0.074     29.191        0.339       0.883
33300         0.313        0.892        679.592  5.8e-02        0.074     29.218        0.339       0.883
33400         0.314        0.891        681.633  5.8e-02        0.074     29.211        0.339       0.883
33500         0.313        0.892        683.673  5.8e-02        0.075     29.190        0.339       0.883
33600         0.312        0.892        685.714  5.8e-02        0.074     29.184        0.339       0.883
33700         0.312        0.891        687.755  5.8e-02        0.075     29.155        0.339       0.883
33800         0.313        0.892        689.796  5.8e-02        0.075     29.198        0.339       0.883
33900         0.313        0.891        691.837  5.8e-02        0.074     29.189        0.339       0.883
34000         0.313        0.892        693.878  5.8e-02        0.075     32.187        0.337       0.883
34100         0.314        0.892        695.918  5.7e-02        0.076     29.231        0.337       0.883
34200         0.314        0.891        697.959  5.7e-02        0.076     29.203        0.337       0.883
34300         0.313        0.891        700.000  5.7e-02        0.075     29.156        0.337       0.883
34400         0.313        0.892        702.041  5.7e-02        0.076     29.188        0.337       0.883
34500         0.314        0.891        704.082  5.7e-02        0.075     29.211        0.337       0.883
34600         0.312        0.893        706.122  5.7e-02        0.076     29.201        0.337       0.883
34700         0.313        0.891        708.163  5.7e-02        0.075     29.200        0.337       0.883
34800         0.314        0.891        710.204  5.7e-02        0.074     29.212        0.337       0.883
34900         0.312        0.893        712.245  5.6e-02        0.075     29.216        0.337       0.883
35000         0.311        0.892        714.286  5.6e-02        0.073     32.178        0.338       0.884
35100         0.314        0.891        716.327  5.6e-02        0.074     29.236        0.338       0.884
35200         0.313        0.892        718.367  5.6e-02        0.076     29.217        0.338       0.884
35300         0.313        0.891        720.408  5.6e-02        0.075     29.227        0.338       0.884
35400         0.312        0.892        722.449  5.6e-02        0.076     29.212        0.338       0.884
35500         0.313        0.892        724.490  5.6e-02        0.076     29.211        0.338       0.884
35600         0.315        0.891        726.531  5.6e-02        0.077     29.198        0.338       0.884
35700         0.314        0.891        728.571  5.5e-02        0.076     29.216        0.338       0.884
35800         0.312        0.891        730.612  5.5e-02        0.076     29.195        0.338       0.884
35900         0.313        0.892        732.653  5.5e-02        0.075     29.204        0.338       0.884
36000         0.312        0.891        734.694  5.5e-02        0.074     32.191        0.339       0.883
36100         0.313        0.891        736.735  5.5e-02        0.074     29.192        0.339       0.883
36200         0.313        0.892        738.776  5.5e-02        0.075     29.192        0.339       0.883
36300         0.313        0.891        740.816  5.5e-02        0.074     29.199        0.339       0.883
36400         0.313        0.891        742.857  5.5e-02        0.075     29.213        0.339       0.883
36500         0.313        0.891        744.898  5.4e-02        0.075     29.195        0.339       0.883
36600         0.312        0.891        746.939  5.4e-02        0.075     29.201        0.339       0.883
36700         0.312        0.892        748.980  5.4e-02        0.075     29.211        0.339       0.883
36800         0.312        0.891        751.020  5.4e-02        0.075     29.137        0.339       0.883
36900         0.314        0.891        753.061  5.4e-02        0.075     29.203        0.339       0.883
    t    train_loss    train_acc    train_epoch       lr    data_time    it_time    test_loss    test_acc
-----  ------------  -----------  -------------  -------  -----------  ---------  -----------  ----------
37000         0.313        0.891        755.102  5.4e-02        0.076     32.156        0.339       0.882
37100         0.312        0.892        757.143  5.4e-02        0.074     29.175        0.339       0.882
37200         0.315        0.891        759.184  5.4e-02        0.075     29.190        0.339       0.882
37300         0.311        0.892        761.224  5.3e-02        0.075     29.196        0.339       0.882
37400         0.314        0.892        763.265  5.3e-02        0.075     29.176        0.339       0.882
37500         0.314        0.892        765.306  5.3e-02        0.075     29.186        0.339       0.882
37600         0.313        0.891        767.347  5.3e-02        0.075     29.206        0.339       0.882
37700         0.314        0.891        769.388  5.3e-02        0.075     29.216        0.339       0.882
37800         0.312        0.892        771.429  5.3e-02        0.075     29.199        0.339       0.882
37900         0.313        0.891        773.469  5.3e-02        0.076     29.203        0.339       0.882
38000         0.312        0.893        775.510  5.3e-02        0.074     32.188        0.338       0.883
38100         0.315        0.891        777.551  5.2e-02        0.075     29.210        0.338       0.883
38200         0.312        0.892        779.592  5.2e-02        0.074     29.207        0.338       0.883
38300         0.313        0.891        781.633  5.2e-02        0.075     29.199        0.338       0.883
38400         0.312        0.892        783.673  5.2e-02        0.074     29.227        0.338       0.883
38500         0.314        0.891        785.714  5.2e-02        0.074     29.198        0.338       0.883
38600         0.312        0.892        787.755  5.2e-02        0.074     29.223        0.338       0.883
38700         0.312        0.892        789.796  5.2e-02        0.074     29.217        0.338       0.883
38800         0.314        0.891        791.837  5.2e-02        0.074     29.222        0.338       0.883
38900         0.313        0.892        793.878  5.1e-02        0.074     29.217        0.338       0.883
39000         0.315        0.891        795.918  5.1e-02        0.075     32.167        0.337       0.883
39100         0.312        0.892        797.959  5.1e-02        0.076     29.196        0.337       0.883
39200         0.314        0.891        800.000  5.1e-02        0.075     29.139        0.337       0.883
39300         0.312        0.892        802.041  5.1e-02        0.074     29.197        0.337       0.883
39400         0.313        0.892        804.082  5.1e-02        0.074     29.213        0.337       0.883
39500         0.312        0.892        806.122  5.1e-02        0.074     29.200        0.337       0.883
39600         0.314        0.890        808.163  5.1e-02        0.074     29.190        0.337       0.883
39700         0.314        0.890        810.204  5.0e-02        0.075     29.196        0.337       0.883
39800         0.310        0.893        812.245  5.0e-02        0.075     29.200        0.337       0.883
39900         0.313        0.891        814.286  5.0e-02        0.074     29.215        0.337       0.883
40000         0.313        0.892        816.327  5.0e-02        0.075     32.167        0.339       0.883
40100         0.313        0.891        818.367  5.0e-02        0.075     29.202        0.339       0.883
40200         0.312        0.891        820.408  5.0e-02        0.075     29.209        0.339       0.883
40300         0.311        0.893        822.449  5.0e-02        0.074     29.204        0.339       0.883
40400         0.314        0.892        824.490  5.0e-02        0.075     29.200        0.339       0.883
40500         0.313        0.892        826.531  4.9e-02        0.074     29.196        0.339       0.883
40600         0.313        0.892        828.571  4.9e-02        0.075     29.178        0.339       0.883
40700         0.314        0.891        830.612  4.9e-02        0.074     29.193        0.339       0.883
40800         0.312        0.892        832.653  4.9e-02        0.075     29.191        0.339       0.883
40900         0.312        0.892        834.694  4.9e-02        0.074     29.226        0.339       0.883
41000         0.313        0.891        836.735  4.9e-02        0.074     32.157        0.338       0.884
    t    train_loss    train_acc    train_epoch       lr    data_time    it_time    test_loss    test_acc
-----  ------------  -----------  -------------  -------  -----------  ---------  -----------  ----------
41100         0.315        0.890        838.776  4.9e-02        0.075     29.226        0.338       0.884
41200         0.311        0.892        840.816  4.9e-02        0.075     29.209        0.338       0.884
41300         0.315        0.892        842.857  4.8e-02        0.074     29.214        0.338       0.884
41400         0.312        0.892        844.898  4.8e-02        0.077     29.198        0.338       0.884
41500         0.314        0.891        846.939  4.8e-02        0.076     29.221        0.338       0.884
41600         0.312        0.892        848.980  4.8e-02        0.074     29.188        0.338       0.884
41700         0.313        0.891        851.020  4.8e-02        0.075     29.160        0.338       0.884
41800         0.313        0.892        853.061  4.8e-02        0.074     29.193        0.338       0.884
41900         0.314        0.890        855.102  4.8e-02        0.074     29.215        0.338       0.884
42000         0.312        0.892        857.143  4.8e-02        0.076     32.169        0.338       0.884
42100         0.311        0.892        859.184  4.7e-02        0.074     29.212        0.338       0.884
42200         0.314        0.891        861.224  4.7e-02        0.075     29.205        0.338       0.884
42300         0.314        0.892        863.265  4.7e-02        0.076     29.216        0.338       0.884
42400         0.311        0.891        865.306  4.7e-02        0.075     29.228        0.338       0.884
42500         0.315        0.890        867.347  4.7e-02        0.074     29.207        0.338       0.884
42600         0.311        0.893        869.388  4.7e-02        0.076     29.206        0.338       0.884
42700         0.311        0.891        871.429  4.7e-02        0.075     29.210        0.338       0.884
42800         0.312        0.892        873.469  4.7e-02        0.074     29.238        0.338       0.884
42900         0.313        0.891        875.510  4.6e-02        0.075     29.216        0.338       0.884
43000         0.311        0.892        877.551  4.6e-02        0.075     32.176        0.339       0.884
43100         0.314        0.891        879.592  4.6e-02        0.076     29.194        0.339       0.884
43200         0.312        0.891        881.633  4.6e-02        0.075     29.211        0.339       0.884
43300         0.312        0.891        883.673  4.6e-02        0.076     29.218        0.339       0.884
43400         0.314        0.891        885.714  4.6e-02        0.075     29.214        0.339       0.884
43500         0.313        0.892        887.755  4.6e-02        0.074     29.179        0.339       0.884
43600         0.314        0.891        889.796  4.6e-02        0.074     29.210        0.339       0.884
43700         0.313        0.891        891.837  4.5e-02        0.074     29.210        0.339       0.884
43800         0.314        0.891        893.878  4.5e-02        0.074     29.217        0.339       0.884
43900         0.312        0.892        895.918  4.5e-02        0.076     29.189        0.339       0.884
44000         0.312        0.892        897.959  4.5e-02        0.076     32.159        0.338       0.884
44100         0.312        0.892        900.000  4.5e-02        0.075     29.163        0.338       0.884
44200         0.313        0.891        902.041  4.5e-02        0.076     29.228        0.338       0.884
44300         0.313        0.893        904.082  4.5e-02        0.074     29.203        0.338       0.884
44400         0.311        0.892        906.122  4.5e-02        0.074     29.189        0.338       0.884
44500         0.313        0.892        908.163  4.4e-02        0.075     29.191        0.338       0.884
44600         0.312        0.892        910.204  4.4e-02        0.074     29.205        0.338       0.884
44700         0.314        0.891        912.245  4.4e-02        0.078     29.216        0.338       0.884
44800         0.312        0.892        914.286  4.4e-02        0.076     29.217        0.338       0.884
44900         0.313        0.891        916.327  4.4e-02        0.075     29.175        0.338       0.884
45000         0.314        0.891        918.367  4.4e-02        0.075     32.156        0.338       0.883
45100         0.312        0.892        920.408  4.4e-02        0.076     29.200        0.338       0.883
    t    train_loss    train_acc    train_epoch       lr    data_time    it_time    test_loss    test_acc
-----  ------------  -----------  -------------  -------  -----------  ---------  -----------  ----------
45200         0.313        0.892        922.449  4.4e-02        0.077     29.187        0.338       0.883
45300         0.313        0.891        924.490  4.3e-02        0.076     29.200        0.338       0.883
45400         0.313        0.892        926.531  4.3e-02        0.075     29.200        0.338       0.883
45500         0.313        0.892        928.571  4.3e-02        0.075     29.206        0.338       0.883
45600         0.310        0.894        930.612  4.3e-02        0.075     29.194        0.338       0.883
45700         0.313        0.893        932.653  4.3e-02        0.076     29.185        0.338       0.883
45800         0.314        0.892        934.694  4.3e-02        0.075     29.195        0.338       0.883
45900         0.310        0.893        936.735  4.3e-02        0.075     29.210        0.338       0.883
46000         0.312        0.892        938.776  4.3e-02        0.075     32.151        0.339       0.882
46100         0.314        0.891        940.816  4.2e-02        0.075     29.206        0.339       0.882
46200         0.314        0.891        942.857  4.2e-02        0.075     29.192        0.339       0.882
46300         0.314        0.892        944.898  4.2e-02        0.075     29.214        0.339       0.882
46400         0.313        0.892        946.939  4.2e-02        0.077     29.196        0.339       0.882
46500         0.311        0.892        948.980  4.2e-02        0.075     29.216        0.339       0.882
46600         0.313        0.891        951.020  4.2e-02        0.074     29.146        0.339       0.882
46700         0.313        0.892        953.061  4.2e-02        0.075     29.211        0.339       0.882
46800         0.314        0.892        955.102  4.2e-02        0.075     29.199        0.339       0.882
46900         0.312        0.892        957.143  4.1e-02        0.074     29.183        0.339       0.882
47000         0.312        0.891        959.184  4.1e-02        0.075     32.171        0.339       0.883
47100         0.313        0.892        961.224  4.1e-02        0.074     29.203        0.339       0.883
47200         0.312        0.892        963.265  4.1e-02        0.074     29.207        0.339       0.883
47300         0.313        0.892        965.306  4.1e-02        0.076     29.214        0.339       0.883
47400         0.312        0.892        967.347  4.1e-02        0.075     29.189        0.339       0.883
47500         0.314        0.890        969.388  4.1e-02        0.075     29.214        0.339       0.883
47600         0.311        0.892        971.429  4.1e-02        0.075     29.202        0.339       0.883
47700         0.313        0.892        973.469  4.0e-02        0.075     29.197        0.339       0.883
47800         0.313        0.891        975.510  4.0e-02        0.074     29.213        0.339       0.883
47900         0.312        0.892        977.551  4.0e-02        0.074     29.215        0.339       0.883
48000         0.314        0.891        979.592  4.0e-02        0.075     32.172        0.338       0.882
48100         0.311        0.893        981.633  4.0e-02        0.075     29.209        0.338       0.882
48200         0.312        0.892        983.673  4.0e-02        0.075     29.212        0.338       0.882
48300         0.314        0.892        985.714  4.0e-02        0.075     29.196        0.338       0.882
48400         0.313        0.892        987.755  4.0e-02        0.075     29.206        0.338       0.882
48500         0.313        0.892        989.796  3.9e-02        0.075     29.184        0.338       0.882
48600         0.312        0.892        991.837  3.9e-02        0.074     29.216        0.338       0.882
48700         0.312        0.891        993.878  3.9e-02        0.076     29.220        0.338       0.882
48800         0.313        0.892        995.918  3.9e-02        0.075     29.211        0.338       0.882
48900         0.313        0.892        997.959  3.9e-02        0.078     29.191        0.338       0.882
49000         0.312        0.891       1000.000  3.9e-02        0.074     32.133        0.337       0.883
49100         0.313        0.892       1002.041  3.9e-02        0.075     29.171        0.337       0.883
49200         0.311        0.892       1004.082  3.9e-02        0.075     29.171        0.337       0.883
    t    train_loss    train_acc    train_epoch       lr    data_time    it_time    test_loss    test_acc
-----  ------------  -----------  -------------  -------  -----------  ---------  -----------  ----------
49300         0.313        0.891       1006.122  3.8e-02        0.075     29.170        0.337       0.883
49400         0.311        0.893       1008.163  3.8e-02        0.075     29.216        0.337       0.883
49500         0.314        0.891       1010.204  3.8e-02        0.075     29.187        0.337       0.883
49600         0.314        0.891       1012.245  3.8e-02        0.074     29.212        0.337       0.883
49700         0.312        0.892       1014.286  3.8e-02        0.075     29.255        0.337       0.883
49800         0.311        0.893       1016.327  3.8e-02        0.075     29.209        0.337       0.883
49900         0.311        0.893       1018.367  3.8e-02        0.076     29.215        0.337       0.883
50000         0.312        0.892       1020.408  3.8e-02        0.075     32.183        0.339       0.882
50100         0.313        0.892       1022.449  3.7e-02        0.077     29.214        0.339       0.882
50200         0.314        0.892       1024.490  3.7e-02        0.074     29.226        0.339       0.882
50300         0.313        0.892       1026.531  3.7e-02        0.076     29.220        0.339       0.882
50400         0.311        0.892       1028.571  3.7e-02        0.075     29.202        0.339       0.882
50500         0.315        0.891       1030.612  3.7e-02        0.075     29.187        0.339       0.882
50600         0.313        0.891       1032.653  3.7e-02        0.074     29.220        0.339       0.882
50700         0.312        0.893       1034.694  3.7e-02        0.076     29.206        0.339       0.882
50800         0.312        0.892       1036.735  3.7e-02        0.074     29.330        0.339       0.882
50900         0.310        0.893       1038.776  3.6e-02        0.077     30.034        0.339       0.882
51000         0.314        0.891       1040.816  3.6e-02        0.076     32.751        0.338       0.884
51100         0.312        0.892       1042.857  3.6e-02        0.077     29.861        0.338       0.884
51200         0.312        0.891       1044.898  3.6e-02        0.077     29.339        0.338       0.884
51300         0.313        0.892       1046.939  3.6e-02        0.077     29.326        0.338       0.884
51400         0.312        0.892       1048.980  3.6e-02        0.079     30.911        0.338       0.884
51500         0.313        0.892       1051.020  3.6e-02        0.077     30.697        0.338       0.884
51600         0.312        0.892       1053.061  3.6e-02        0.074     29.029        0.338       0.884
51700         0.311        0.892       1055.102  3.5e-02        0.074     29.041        0.338       0.884
51800         0.312        0.892       1057.143  3.5e-02        0.074     29.044        0.338       0.884
51900         0.315        0.891       1059.184  3.5e-02        0.075     29.056        0.338       0.884
52000         0.312        0.892       1061.224  3.5e-02        0.074     32.005        0.340       0.882
52100         0.313        0.892       1063.265  3.5e-02        0.074     29.054        0.340       0.882
52200         0.312        0.892       1065.306  3.5e-02        0.074     29.051        0.340       0.882
52300         0.313        0.891       1067.347  3.5e-02        0.074     29.047        0.340       0.882
52400         0.312        0.892       1069.388  3.5e-02        0.074     29.048        0.340       0.882
52500         0.313        0.891       1071.429  3.4e-02        0.075     29.165        0.340       0.882
52600         0.314        0.892       1073.469  3.4e-02        0.074     28.952        0.340       0.882
52700         0.312        0.893       1075.510  3.4e-02        0.074     28.933        0.340       0.882
52800         0.310        0.893       1077.551  3.4e-02        0.074     28.964        0.340       0.882
52900         0.313        0.892       1079.592  3.4e-02        0.075     28.960        0.340       0.882
53000         0.310        0.893       1081.633  3.4e-02        0.074     31.901        0.338       0.883
53100         0.311        0.892       1083.673  3.4e-02        0.074     28.968        0.338       0.883
53200         0.313        0.891       1085.714  3.4e-02        0.074     28.926        0.338       0.883
53300         0.312        0.892       1087.755  3.3e-02        0.074     28.959        0.338       0.883
    t    train_loss    train_acc    train_epoch       lr    data_time    it_time    test_loss    test_acc
-----  ------------  -----------  -------------  -------  -----------  ---------  -----------  ----------
53400         0.312        0.892       1089.796  3.3e-02        0.074     28.962        0.338       0.883
53500         0.313        0.893       1091.837  3.3e-02        0.074     28.959        0.338       0.883
53600         0.312        0.892       1093.878  3.3e-02        0.074     28.942        0.338       0.883
53700         0.310        0.891       1095.918  3.3e-02        0.074     28.950        0.338       0.883
53800         0.314        0.892       1097.959  3.3e-02        0.076     28.937        0.338       0.883
53900         0.313        0.892       1100.000  3.3e-02        0.074     28.929        0.338       0.883
54000         0.312        0.892       1102.041  3.3e-02        0.074     31.911        0.338       0.884
54100         0.314        0.891       1104.082  3.2e-02        0.075     28.949        0.338       0.884
54200         0.314        0.891       1106.122  3.2e-02        0.074     28.941        0.338       0.884
54300         0.312        0.892       1108.163  3.2e-02        0.074     28.933        0.338       0.884
54400         0.312        0.892       1110.204  3.2e-02        0.074     28.967        0.338       0.884
54500         0.313        0.891       1112.245  3.2e-02        0.074     28.923        0.338       0.884
54600         0.312        0.893       1114.286  3.2e-02        0.074     28.961        0.338       0.884
54700         0.311        0.892       1116.327  3.2e-02        0.074     28.959        0.338       0.884
54800         0.313        0.892       1118.367  3.2e-02        0.075     29.174        0.338       0.884
54900         0.312        0.892       1120.408  3.1e-02        0.075     29.047        0.338       0.884
55000         0.312        0.893       1122.449  3.1e-02        0.074     32.033        0.339       0.883
55100         0.313        0.891       1124.490  3.1e-02        0.075     29.044        0.339       0.883
55200         0.312        0.892       1126.531  3.1e-02        0.074     29.047        0.339       0.883
55300         0.311        0.893       1128.571  3.1e-02        0.075     29.074        0.339       0.883
55400         0.312        0.892       1130.612  3.1e-02        0.074     29.056        0.339       0.883
55500         0.313        0.891       1132.653  3.1e-02        0.075     29.048        0.339       0.883
55600         0.312        0.892       1134.694  3.1e-02        0.074     29.053        0.339       0.883
55700         0.313        0.892       1136.735  3.0e-02        0.075     29.056        0.339       0.883
55800         0.312        0.893       1138.776  3.0e-02        0.074     29.060        0.339       0.883
55900         0.312        0.893       1140.816  3.0e-02        0.074     29.056        0.339       0.883
56000         0.313        0.891       1142.857  3.0e-02        0.074     32.008        0.337       0.884
56100         0.311        0.892       1144.898  3.0e-02        0.074     29.054        0.337       0.884
56200         0.311        0.893       1146.939  3.0e-02        0.076     29.054        0.337       0.884
56300         0.313        0.892       1148.980  3.0e-02        0.074     29.049        0.337       0.884
56400         0.314        0.891       1151.020  3.0e-02        0.074     28.999        0.337       0.884
56500         0.312        0.892       1153.061  2.9e-02        0.075     29.142        0.337       0.884
56600         0.313        0.892       1155.102  2.9e-02        0.074     28.939        0.337       0.884
56700         0.311        0.892       1157.143  2.9e-02        0.074     29.047        0.337       0.884
56800         0.312        0.892       1159.184  2.9e-02        0.074     29.020        0.337       0.884
56900         0.312        0.893       1161.224  2.9e-02        0.074     28.949        0.337       0.884
57000         0.312        0.892       1163.265  2.9e-02        0.075     31.902        0.338       0.884
57100         0.313        0.892       1165.306  2.9e-02        0.075     28.959        0.338       0.884
57200         0.311        0.893       1167.347  2.9e-02        0.074     28.946        0.338       0.884
57300         0.313        0.892       1169.388  2.8e-02        0.075     28.953        0.338       0.884
57400         0.309        0.893       1171.429  2.8e-02        0.074     28.947        0.338       0.884
    t    train_loss    train_acc    train_epoch       lr    data_time    it_time    test_loss    test_acc
-----  ------------  -----------  -------------  -------  -----------  ---------  -----------  ----------
57500         0.314        0.892       1173.469  2.8e-02        0.074     28.946        0.338       0.884
57600         0.311        0.892       1175.510  2.8e-02        0.074     28.946        0.338       0.884
57700         0.314        0.891       1177.551  2.8e-02        0.075     28.946        0.338       0.884
57800         0.310        0.893       1179.592  2.8e-02        0.074     28.941        0.338       0.884
57900         0.313        0.892       1181.633  2.8e-02        0.075     28.958        0.338       0.884
58000         0.312        0.892       1183.673  2.8e-02        0.075     31.899        0.338       0.883
58100         0.313        0.891       1185.714  2.7e-02        0.075     28.956        0.338       0.883
58200         0.311        0.893       1187.755  2.7e-02        0.074     28.962        0.338       0.883
58300         0.313        0.892       1189.796  2.7e-02        0.074     28.923        0.338       0.883
58400         0.312        0.892       1191.837  2.7e-02        0.074     28.948        0.338       0.883
58500         0.312        0.892       1193.878  2.7e-02        0.074     28.939        0.338       0.883
58600         0.312        0.892       1195.918  2.7e-02        0.074     28.911        0.338       0.883
58700         0.312        0.892       1197.959  2.7e-02        0.075     28.964        0.338       0.883
58800         0.312        0.892       1200.000  2.7e-02        0.074     28.899        0.338       0.883
58900         0.313        0.891       1202.041  2.6e-02        0.075     28.965        0.338       0.883
59000         0.312        0.893       1204.082  2.6e-02        0.074     31.902        0.338       0.884
59100         0.313        0.891       1206.122  2.6e-02        0.075     28.948        0.338       0.884
59200         0.313        0.892       1208.163  2.6e-02        0.074     28.939        0.338       0.884
59300         0.311        0.892       1210.204  2.6e-02        0.074     28.944        0.338       0.884
59400         0.312        0.892       1212.245  2.6e-02        0.074     28.947        0.338       0.884
59500         0.312        0.891       1214.286  2.6e-02        0.074     28.936        0.338       0.884
59600         0.310        0.893       1216.327  2.6e-02        0.075     28.952        0.338       0.884
59700         0.313        0.892       1218.367  2.5e-02        0.074     28.938        0.338       0.884
59800         0.312        0.892       1220.408  2.5e-02        0.074     28.963        0.338       0.884
59900         0.312        0.892       1222.449  2.5e-02        0.074     28.957        0.338       0.884
60000         0.312        0.892       1224.490  2.5e-02        0.074     31.906        0.338       0.884
60100         0.313        0.892       1226.531  2.5e-02        0.074     28.944        0.338       0.884
60200         0.311        0.893       1228.571  2.5e-02        0.075     28.949        0.338       0.884
60300         0.313        0.892       1230.612  2.5e-02        0.074     28.970        0.338       0.884
60400         0.310        0.894       1232.653  2.5e-02        0.074     28.963        0.338       0.884
60500         0.313        0.891       1234.694  2.4e-02        0.075     29.060        0.338       0.884
60600         0.312        0.892       1236.735  2.4e-02        0.078     30.128        0.338       0.884
60700         0.315        0.891       1238.776  2.4e-02        0.075     29.348        0.338       0.884
60800         0.313        0.892       1240.816  2.4e-02        0.075     29.331        0.338       0.884
60900         0.311        0.892       1242.857  2.4e-02        0.076     29.322        0.338       0.884
61000         0.312        0.892       1244.898  2.4e-02        0.075     32.316        0.337       0.885
61100         0.311        0.893       1246.939  2.4e-02        0.078     29.336        0.337       0.885
61200         0.312        0.892       1248.980  2.4e-02        0.076     29.325        0.337       0.885
61300         0.311        0.892       1251.020  2.3e-02        0.076     29.266        0.337       0.885
61400         0.312        0.893       1253.061  2.3e-02        0.076     29.326        0.337       0.885
61500         0.312        0.892       1255.102  2.3e-02        0.076     29.348        0.337       0.885
    t    train_loss    train_acc    train_epoch       lr    data_time    it_time    test_loss    test_acc
-----  ------------  -----------  -------------  -------  -----------  ---------  -----------  ----------
61600         0.311        0.892       1257.143  2.3e-02        0.074     29.333        0.337       0.885
61700         0.313        0.891       1259.184  2.3e-02        0.075     29.346        0.337       0.885
61800         0.311        0.892       1261.224  2.3e-02        0.075     29.373        0.337       0.885
61900         0.313        0.891       1263.265  2.3e-02        0.076     29.214        0.337       0.885
62000         0.312        0.892       1265.306  2.3e-02        0.075     32.192        0.337       0.884
62100         0.311        0.892       1267.347  2.2e-02        0.075     29.210        0.337       0.884
62200         0.313        0.892       1269.388  2.2e-02        0.075     29.214        0.337       0.884
62300         0.313        0.892       1271.429  2.2e-02        0.075     29.207        0.337       0.884
62400         0.309        0.893       1273.469  2.2e-02        0.075     29.200        0.337       0.884
62500         0.314        0.892       1275.510  2.2e-02        0.075     29.216        0.337       0.884
62600         0.313        0.892       1277.551  2.2e-02        0.075     29.196        0.337       0.884
62700         0.313        0.891       1279.592  2.2e-02        0.075     29.223        0.337       0.884
62800         0.312        0.892       1281.633  2.2e-02        0.076     29.223        0.337       0.884
62900         0.309        0.893       1283.673  2.1e-02        0.075     29.216        0.337       0.884
63000         0.313        0.891       1285.714  2.1e-02        0.075     32.189        0.337       0.882
63100         0.313        0.892       1287.755  2.1e-02        0.075     29.209        0.337       0.882
63200         0.310        0.892       1289.796  2.1e-02        0.075     29.208        0.337       0.882
63300         0.312        0.892       1291.837  2.1e-02        0.076     29.191        0.337       0.882
63400         0.312        0.892       1293.878  2.1e-02        0.074     29.210        0.337       0.882
63500         0.311        0.893       1295.918  2.1e-02        0.076     29.193        0.337       0.882
63600         0.312        0.892       1297.959  2.1e-02        0.075     29.196        0.337       0.882
63700         0.311        0.892       1300.000  2.0e-02        0.076     29.137        0.337       0.882
63800         0.312        0.892       1302.041  2.0e-02        0.074     29.210        0.337       0.882
63900         0.313        0.891       1304.082  2.0e-02        0.076     29.193        0.337       0.882
64000         0.310        0.893       1306.122  2.0e-02        0.074     32.160        0.337       0.883
64100         0.313        0.892       1308.163  2.0e-02        0.075     29.221        0.337       0.883
64200         0.312        0.893       1310.204  2.0e-02        0.075     29.194        0.337       0.883
64300         0.311        0.893       1312.245  2.0e-02        0.075     29.192        0.337       0.883
64400         0.312        0.893       1314.286  2.0e-02        0.075     29.192        0.337       0.883
64500         0.311        0.891       1316.327  1.9e-02        0.075     29.192        0.337       0.883
64600         0.311        0.893       1318.367  1.9e-02        0.075     29.226        0.337       0.883
64700         0.311        0.892       1320.408  1.9e-02        0.074     29.218        0.337       0.883
64800         0.314        0.892       1322.449  1.9e-02        0.075     29.185        0.337       0.883
64900         0.311        0.893       1324.490  1.9e-02        0.075     29.182        0.337       0.883
65000         0.313        0.893       1326.531  1.9e-02        0.075     32.584        0.337       0.884
65100         0.311        0.893       1328.571  1.9e-02        0.075     29.477        0.337       0.884
65200         0.312        0.892       1330.612  1.9e-02        0.076     29.076        0.337       0.884
65300         0.312        0.892       1332.653  1.8e-02        0.075     29.087        0.337       0.884
65400         0.313        0.891       1334.694  1.8e-02        0.074     29.080        0.337       0.884
65500         0.312        0.891       1336.735  1.8e-02        0.075     29.085        0.337       0.884
65600         0.312        0.893       1338.776  1.8e-02        0.074     29.091        0.337       0.884
    t    train_loss    train_acc    train_epoch       lr    data_time    it_time    test_loss    test_acc
-----  ------------  -----------  -------------  -------  -----------  ---------  -----------  ----------
65700         0.312        0.893       1340.816  1.8e-02        0.074     29.081        0.337       0.884
65800         0.312        0.892       1342.857  1.8e-02        0.075     29.090        0.337       0.884
65900         0.311        0.893       1344.898  1.8e-02        0.074     29.080        0.337       0.884
66000         0.312        0.892       1346.939  1.8e-02        0.076     32.049        0.337       0.885
66100         0.312        0.892       1348.980  1.7e-02        0.076     29.146        0.337       0.885
66200         0.310        0.893       1351.020  1.7e-02        0.076     28.981        0.337       0.885
66300         0.312        0.893       1353.061  1.7e-02        0.074     28.957        0.337       0.885
66400         0.313        0.892       1355.102  1.7e-02        0.074     28.953        0.337       0.885
66500         0.310        0.892       1357.143  1.7e-02        0.074     28.959        0.337       0.885
66600         0.311        0.892       1359.184  1.7e-02        0.074     28.959        0.337       0.885
66700         0.313        0.891       1361.224  1.7e-02        0.074     28.937        0.337       0.885
66800         0.311        0.892       1363.265  1.7e-02        0.074     28.967        0.337       0.885
66900         0.312        0.892       1365.306  1.6e-02        0.075     28.962        0.337       0.885
67000         0.312        0.892       1367.347  1.6e-02        0.075     31.914        0.337       0.885
67100         0.311        0.893       1369.388  1.6e-02        0.074     29.008        0.337       0.885
67200         0.312        0.892       1371.429  1.6e-02        0.077     29.811        0.337       0.885
67300         0.311        0.892       1373.469  1.6e-02        0.074     29.049        0.337       0.885
67400         0.313        0.892       1375.510  1.6e-02        0.074     29.044        0.337       0.885
67500         0.312        0.892       1377.551  1.6e-02        0.074     29.042        0.337       0.885
67600         0.310        0.893       1379.592  1.6e-02        0.074     29.047        0.337       0.885
67700         0.312        0.892       1381.633  1.5e-02        0.075     29.040        0.337       0.885
67800         0.313        0.892       1383.673  1.5e-02        0.074     29.096        0.337       0.885
67900         0.311        0.891       1385.714  1.5e-02        0.076     29.683        0.337       0.885
68000         0.310        0.893       1387.755  1.5e-02        0.075     32.334        0.338       0.884
68100         0.313        0.892       1389.796  1.5e-02        0.076     29.336        0.338       0.884
68200         0.313        0.891       1391.837  1.5e-02        0.076     29.353        0.338       0.884
68300         0.312        0.892       1393.878  1.5e-02        0.075     29.349        0.338       0.884
68400         0.311        0.892       1395.918  1.5e-02        0.075     29.344        0.338       0.884
68500         0.312        0.891       1397.959  1.4e-02        0.077     29.339        0.338       0.884
68600         0.311        0.893       1400.000  1.4e-02        0.075     29.306        0.338       0.884
68700         0.312        0.892       1402.041  1.4e-02        0.076     29.352        0.338       0.884
68800         0.311        0.892       1404.082  1.4e-02        0.076     29.335        0.338       0.884
68900         0.312        0.892       1406.122  1.4e-02        0.075     29.349        0.338       0.884
69000         0.313        0.892       1408.163  1.4e-02        0.076     32.405        0.338       0.883
69100         0.312        0.892       1410.204  1.4e-02        0.077     29.262        0.338       0.883
69200         0.312        0.892       1412.245  1.4e-02        0.075     29.274        0.338       0.883
69300         0.313        0.892       1414.286  1.3e-02        0.077     29.637        0.338       0.883
69400         0.308        0.893       1416.327  1.3e-02        0.075     29.323        0.338       0.883
69500         0.311        0.893       1418.367  1.3e-02        0.076     29.338        0.338       0.883
69600         0.312        0.892       1420.408  1.3e-02        0.075     29.329        0.338       0.883
69700         0.312        0.892       1422.449  1.3e-02        0.075     29.332        0.338       0.883
    t    train_loss    train_acc    train_epoch       lr    data_time    it_time    test_loss    test_acc
-----  ------------  -----------  -------------  -------  -----------  ---------  -----------  ----------
69800         0.312        0.892       1424.490  1.3e-02        0.075     29.340        0.338       0.883
69900         0.311        0.893       1426.531  1.3e-02        0.077     29.355        0.338       0.883
70000         0.310        0.893       1428.571  1.3e-02        0.076     32.341        0.338       0.884
70100         0.313        0.891       1430.612  1.2e-02        0.077     29.345        0.338       0.884
70200         0.312        0.892       1432.653  1.2e-02        0.076     29.353        0.338       0.884
70300         0.312        0.891       1434.694  1.2e-02        0.077     29.468        0.338       0.884
70400         0.312        0.892       1436.735  1.2e-02        0.076     29.213        0.338       0.884
70500         0.312        0.892       1438.776  1.2e-02        0.076     29.218        0.338       0.884
70600         0.311        0.892       1440.816  1.2e-02        0.074     29.223        0.338       0.884
70700         0.313        0.892       1442.857  1.2e-02        0.075     29.208        0.338       0.884
70800         0.311        0.893       1444.898  1.2e-02        0.075     29.212        0.338       0.884
70900         0.312        0.892       1446.939  1.1e-02        0.076     29.211        0.338       0.884
71000         0.311        0.893       1448.980  1.1e-02        0.075     32.179        0.338       0.884
71100         0.313        0.891       1451.020  1.1e-02        0.074     29.181        0.338       0.884
71200         0.312        0.892       1453.061  1.1e-02        0.075     29.221        0.338       0.884
71300         0.312        0.893       1455.102  1.1e-02        0.074     29.211        0.338       0.884
71400         0.313        0.891       1457.143  1.1e-02        0.074     29.233        0.338       0.884
71500         0.311        0.892       1459.184  1.1e-02        0.075     29.172        0.338       0.884
71600         0.312        0.891       1461.224  1.1e-02        0.076     29.211        0.338       0.884
71700         0.310        0.893       1463.265  1.0e-02        0.075     29.225        0.338       0.884
71800         0.313        0.891       1465.306  1.0e-02        0.075     29.195        0.338       0.884
71900         0.312        0.892       1467.347  1.0e-02        0.075     29.201        0.338       0.884
72000         0.311        0.892       1469.388  1.0e-02        0.076     32.153        0.338       0.883
72100         0.311        0.893       1471.429  9.9e-03        0.075     29.199        0.338       0.883
72200         0.312        0.892       1473.469  9.8e-03        0.075     29.201        0.338       0.883
72300         0.312        0.893       1475.510  9.6e-03        0.075     29.198        0.338       0.883
72400         0.311        0.892       1477.551  9.5e-03        0.075     29.214        0.338       0.883
72500         0.310        0.893       1479.592  9.4e-03        0.076     29.210        0.338       0.883
72600         0.313        0.892       1481.633  9.3e-03        0.075     29.191        0.338       0.883
72700         0.311        0.892       1483.673  9.1e-03        0.075     29.380        0.338       0.883
72800         0.312        0.892       1485.714  9.0e-03        0.076     29.348        0.338       0.883
72900         0.312        0.892       1487.755  8.9e-03        0.076     29.347        0.338       0.883
73000         0.310        0.892       1489.796  8.8e-03        0.075     32.315        0.338       0.884
73100         0.311        0.892       1491.837  8.6e-03        0.076     29.337        0.338       0.884
73200         0.311        0.892       1493.878  8.5e-03        0.075     29.343        0.338       0.884
73300         0.312        0.892       1495.918  8.4e-03        0.076     29.347        0.338       0.884
73400         0.312        0.892       1497.959  8.3e-03        0.077     29.332        0.338       0.884
73500         0.312        0.892       1500.000  8.1e-03        0.076     29.281        0.338       0.884
73600         0.312        0.892       1502.041  8.0e-03        0.075     29.330        0.338       0.884
73700         0.311        0.893       1504.082  7.9e-03        0.075     29.436        0.338       0.884
73800         0.312        0.892       1506.122  7.8e-03        0.075     29.220        0.338       0.884
    t    train_loss    train_acc    train_epoch       lr    data_time    it_time    test_loss    test_acc
-----  ------------  -----------  -------------  -------  -----------  ---------  -----------  ----------
73900         0.311        0.893       1508.163  7.6e-03        0.075     29.208        0.338       0.884
74000         0.313        0.892       1510.204  7.5e-03        0.075     32.205        0.338       0.884
74100         0.313        0.891       1512.245  7.4e-03        0.076     29.212        0.338       0.884
74200         0.311        0.892       1514.286  7.3e-03        0.076     29.190        0.338       0.884
74300         0.311        0.892       1516.327  7.1e-03        0.075     29.216        0.338       0.884
74400         0.310        0.893       1518.367  7.0e-03        0.075     29.227        0.338       0.884
74500         0.313        0.893       1520.408  6.9e-03        0.077     29.221        0.338       0.884
74600         0.311        0.892       1522.449  6.8e-03        0.075     29.203        0.338       0.884
74700         0.313        0.891       1524.490  6.6e-03        0.076     29.215        0.338       0.884
74800         0.312        0.892       1526.531  6.5e-03        0.075     29.205        0.338       0.884
74900         0.312        0.892       1528.571  6.4e-03        0.075     29.215        0.338       0.884
75000         0.314        0.891       1530.612  6.3e-03        0.075     32.154        0.338       0.883
75100         0.311        0.892       1532.653  6.1e-03        0.076     29.212        0.338       0.883
75200         0.311        0.892       1534.694  6.0e-03        0.075     29.222        0.338       0.883
75300         0.313        0.892       1536.735  5.9e-03        0.075     29.211        0.338       0.883
75400         0.313        0.892       1538.776  5.8e-03        0.075     29.274        0.338       0.883
75500         0.312        0.892       1540.816  5.6e-03        0.077     29.361        0.338       0.883
75600         0.312        0.892       1542.857  5.5e-03        0.076     29.332        0.338       0.883
75700         0.312        0.892       1544.898  5.4e-03        0.077     29.342        0.338       0.883
75800         0.313        0.891       1546.939  5.3e-03        0.077     29.352        0.338       0.883
75900         0.311        0.892       1548.980  5.1e-03        0.075     29.351        0.338       0.883
76000         0.311        0.892       1551.020  5.0e-03        0.075     32.278        0.338       0.883
76100         0.311        0.893       1553.061  4.9e-03        0.076     29.342        0.338       0.883
76200         0.313        0.892       1555.102  4.8e-03        0.076     29.347        0.338       0.883
76300         0.311        0.892       1557.143  4.6e-03        0.079     30.112        0.338       0.883
76400         0.311        0.892       1559.184  4.5e-03        0.075     29.611        0.338       0.883
76500         0.314        0.891       1561.224  4.4e-03        0.076     29.570        0.338       0.883
76600         0.310        0.892       1563.265  4.3e-03        0.079     29.777        0.338       0.883
76700         0.312        0.893       1565.306  4.1e-03        0.077     29.359        0.338       0.883
76800         0.313        0.891       1567.347  4.0e-03        0.077     29.353        0.338       0.883
76900         0.309        0.894       1569.388  3.9e-03        0.076     29.355        0.338       0.883
77000         0.312        0.892       1571.429  3.8e-03        0.078     32.338        0.338       0.883
77100         0.311        0.892       1573.469  3.6e-03        0.078     29.355        0.338       0.883
77200         0.313        0.892       1575.510  3.5e-03        0.077     29.375        0.338       0.883
77300         0.309        0.894       1577.551  3.4e-03        0.075     29.338        0.338       0.883
77400         0.314        0.891       1579.592  3.3e-03        0.075     29.337        0.338       0.883
77500         0.311        0.892       1581.633  3.1e-03        0.077     29.348        0.338       0.883
77600         0.311        0.892       1583.673  3.0e-03        0.077     29.409        0.338       0.883
77700         0.315        0.890       1585.714  2.9e-03        0.077     29.321        0.338       0.883
77800         0.312        0.891       1587.755  2.8e-03        0.076     29.222        0.338       0.883
77900         0.311        0.893       1589.796  2.6e-03        0.076     29.239        0.338       0.883
    t    train_loss    train_acc    train_epoch       lr    data_time    it_time    test_loss    test_acc
-----  ------------  -----------  -------------  -------  -----------  ---------  -----------  ----------
78000         0.312        0.892       1591.837  2.5e-03        0.076     32.645        0.338       0.884
78100         0.311        0.893       1593.878  2.4e-03        0.078     29.699        0.338       0.884
78200         0.312        0.891       1595.918  2.3e-03        0.076     29.366        0.338       0.884
78300         0.310        0.892       1597.959  2.1e-03        0.078     29.346        0.338       0.884
78400         0.312        0.891       1600.000  2.0e-03        0.077     29.305        0.338       0.884
78500         0.312        0.892       1602.041  1.9e-03        0.076     29.352        0.338       0.884
78600         0.312        0.893       1604.082  1.8e-03        0.076     29.354        0.338       0.884
78700         0.311        0.892       1606.122  1.6e-03        0.075     29.347        0.338       0.884
78800         0.313        0.892       1608.163  1.5e-03        0.077     29.367        0.338       0.884
78900         0.310        0.893       1610.204  1.4e-03        0.075     29.344        0.338       0.884
79000         0.312        0.892       1612.245  1.3e-03        0.075     32.330        0.338       0.884
79100         0.313        0.892       1614.286  1.1e-03        0.078     29.423        0.338       0.884
79200         0.311        0.892       1616.327  1.0e-03        0.075     29.222        0.338       0.884
79300         0.313        0.892       1618.367  8.8e-04        0.075     29.218        0.338       0.884
79400         0.310        0.893       1620.408  7.5e-04        0.075     29.227        0.338       0.884
79500         0.311        0.893       1622.449  6.3e-04        0.075     29.230        0.338       0.884
79600         0.313        0.892       1624.490  5.0e-04        0.075     29.224        0.338       0.884
79700         0.312        0.892       1626.531  3.8e-04        0.076     29.224        0.338       0.884
79800         0.309        0.893       1628.571  2.5e-04        0.076     29.215        0.338       0.884
79900         0.312        0.893       1630.612  1.3e-04        0.076     29.230        0.338       0.884
80000         0.311        0.893       1632.653  1.2e-06        0.076     32.185        0.338       0.884
