  t    train_loss    train_acc    train_epoch       lr    data_time    it_time
---  ------------  -----------  -------------  -------  -----------  ---------
100         0.750        0.768          2.041  1.0e-01        0.285     32.483
200         0.509        0.826          4.082  1.0e-01        0.077     29.338
300         0.473        0.839          6.122  1.0e-01        0.075     29.113
400         0.451        0.845          8.163  1.0e-01        0.074     29.116
500         0.436        0.850         10.204  9.9e-02        0.075     29.132
600         0.422        0.855         12.245  9.9e-02        0.075     29.143
700         0.415        0.858         14.286  9.9e-02        0.074     29.125
800         0.409        0.859         16.327  9.9e-02        0.075     29.122
900         0.400        0.863         18.367  9.9e-02        0.074     29.123
1000         0.397        0.864         20.408  9.9e-02        0.074     33.431        0.393       0.862
1100         0.389        0.867         22.449  9.9e-02        0.074     29.139        0.393       0.862
1200         0.388        0.867         24.490  9.9e-02        0.074     29.140        0.393       0.862
1300         0.385        0.867         26.531  9.8e-02        0.075     29.153        0.393       0.862
1400         0.378        0.871         28.571  9.8e-02        0.075     29.446        0.393       0.862
1500         0.377        0.870         30.612  9.8e-02        0.074     29.126        0.393       0.862
1600         0.376        0.871         32.653  9.8e-02        0.074     29.141        0.393       0.862
1700         0.371        0.873         34.694  9.8e-02        0.074     29.131        0.393       0.862
1800         0.369        0.874         36.735  9.8e-02        0.075     29.369        0.393       0.862
1900         0.367        0.874         38.776  9.8e-02        0.074     29.136        0.393       0.862
2000         0.364        0.875         40.816  9.8e-02        0.074     32.060        0.370       0.871
2100         0.362        0.875         42.857  9.7e-02        0.075     29.142        0.370       0.871
2200         0.362        0.875         44.898  9.7e-02        0.074     29.132        0.370       0.871
2300         0.359        0.877         46.939  9.7e-02        0.076     29.243        0.370       0.871
2400         0.357        0.877         48.980  9.7e-02        0.076     29.132        0.370       0.871
2500         0.356        0.878         51.020  9.7e-02        0.074     29.086        0.370       0.871
2600         0.353        0.879         53.061  9.7e-02        0.074     29.139        0.370       0.871
2700         0.352        0.878         55.102  9.7e-02        0.074     29.141        0.370       0.871
2800         0.353        0.878         57.143  9.7e-02        0.075     29.142        0.370       0.871
2900         0.352        0.879         59.184  9.6e-02        0.075     29.135        0.370       0.871
3000         0.349        0.880         61.224  9.6e-02        0.075     32.085        0.361       0.875
3100         0.349        0.880         63.265  9.6e-02        0.075     29.147        0.361       0.875
3200         0.348        0.880         65.306  9.6e-02        0.075     29.137        0.361       0.875
3300         0.347        0.881         67.347  9.6e-02        0.074     29.146        0.361       0.875
3400         0.345        0.881         69.388  9.6e-02        0.075     29.129        0.361       0.875
3500         0.343        0.882         71.429  9.6e-02        0.074     29.142        0.361       0.875
3600         0.344        0.881         73.469  9.6e-02        0.074     29.143        0.361       0.875
3700         0.341        0.883         75.510  9.5e-02        0.074     29.140        0.361       0.875
3800         0.343        0.882         77.551  9.5e-02        0.075     29.141        0.361       0.875
3900         0.342        0.882         79.592  9.5e-02        0.075     29.138        0.361       0.875
4000         0.339        0.883         81.633  9.5e-02        0.074     32.076        0.357       0.874
4100         0.341        0.883         83.673  9.5e-02        0.075     29.201        0.357       0.874
   t    train_loss    train_acc    train_epoch       lr    data_time    it_time    test_loss    test_acc
----  ------------  -----------  -------------  -------  -----------  ---------  -----------  ----------
4200         0.337        0.885         85.714  9.5e-02        0.074     29.064        0.357       0.874
4300         0.339        0.884         87.755  9.5e-02        0.074     28.980        0.357       0.874
4400         0.337        0.885         89.796  9.5e-02        0.074     29.085        0.357       0.874
4500         0.336        0.885         91.837  9.4e-02        0.076     29.366        0.357       0.874
4600         0.336        0.884         93.878  9.4e-02        0.075     29.130        0.357       0.874
4700         0.337        0.884         95.918  9.4e-02        0.075     29.147        0.357       0.874
4800         0.333        0.885         97.959  9.4e-02        0.076     29.132        0.357       0.874
4900         0.334        0.884        100.000  9.4e-02        0.075     29.095        0.357       0.874
5000         0.336        0.884        102.041  9.4e-02        0.075     32.098        0.352       0.877
5100         0.333        0.886        104.082  9.4e-02        0.076     29.171        0.352       0.877
5200         0.334        0.885        106.122  9.4e-02        0.074     29.147        0.352       0.877
5300         0.333        0.886        108.163  9.3e-02        0.075     29.384        0.352       0.877
5400         0.334        0.885        110.204  9.3e-02        0.074     29.140        0.352       0.877
5500         0.331        0.886        112.245  9.3e-02        0.075     29.142        0.352       0.877
5600         0.331        0.887        114.286  9.3e-02        0.075     29.140        0.352       0.877
5700         0.332        0.886        116.327  9.3e-02        0.075     29.141        0.352       0.877
5800         0.330        0.886        118.367  9.3e-02        0.075     29.153        0.352       0.877
5900         0.329        0.887        120.408  9.3e-02        0.074     29.141        0.352       0.877
6000         0.329        0.888        122.449  9.3e-02        0.074     32.074        0.348       0.877
6100         0.330        0.886        124.490  9.2e-02        0.075     29.140        0.348       0.877
6200         0.328        0.887        126.531  9.2e-02        0.074     29.147        0.348       0.877
6300         0.330        0.887        128.571  9.2e-02        0.074     29.198        0.348       0.877
6400         0.327        0.887        130.612  9.2e-02        0.075     29.060        0.348       0.877
6500         0.327        0.888        132.653  9.2e-02        0.075     28.984        0.348       0.877
6600         0.328        0.886        134.694  9.2e-02        0.075     28.967        0.348       0.877
6700         0.327        0.888        136.735  9.2e-02        0.074     28.961        0.348       0.877
6800         0.325        0.888        138.776  9.2e-02        0.074     28.967        0.348       0.877
6900         0.328        0.887        140.816  9.1e-02        0.074     28.946        0.348       0.877
7000         0.325        0.889        142.857  9.1e-02        0.074     31.889        0.345       0.880
7100         0.325        0.888        144.898  9.1e-02        0.075     28.964        0.345       0.880
7200         0.326        0.888        146.939  9.1e-02        0.076     28.984        0.345       0.880
7300         0.325        0.889        148.980  9.1e-02        0.074     28.982        0.345       0.880
7400         0.325        0.889        151.020  9.1e-02        0.074     28.915        0.345       0.880
7500         0.324        0.889        153.061  9.1e-02        0.074     28.971        0.345       0.880
7600         0.324        0.889        155.102  9.1e-02        0.074     28.975        0.345       0.880
7700         0.326        0.888        157.143  9.0e-02        0.074     28.983        0.345       0.880
7800         0.324        0.888        159.184  9.0e-02        0.075     28.965        0.345       0.880
7900         0.325        0.888        161.224  9.0e-02        0.074     28.963        0.345       0.880
8000         0.322        0.889        163.265  9.0e-02        0.074     31.882        0.342       0.881
8100         0.323        0.889        165.306  9.0e-02        0.074     28.945        0.342       0.881
8200         0.322        0.890        167.347  9.0e-02        0.074     29.045        0.342       0.881
   t    train_loss    train_acc    train_epoch       lr    data_time    it_time    test_loss    test_acc
----  ------------  -----------  -------------  -------  -----------  ---------  -----------  ----------
8300         0.324        0.888        169.388  9.0e-02        0.075     29.134        0.342       0.881
8400         0.322        0.889        171.429  9.0e-02        0.075     29.138        0.342       0.881
8500         0.323        0.889        173.469  8.9e-02        0.075     29.129        0.342       0.881
8600         0.322        0.889        175.510  8.9e-02        0.075     29.127        0.342       0.881
8700         0.322        0.889        177.551  8.9e-02        0.075     29.137        0.342       0.881
8800         0.324        0.888        179.592  8.9e-02        0.075     29.131        0.342       0.881
8900         0.323        0.888        181.633  8.9e-02        0.074     29.129        0.342       0.881
9000         0.322        0.889        183.673  8.9e-02        0.075     32.047        0.345       0.879
9100         0.321        0.889        185.714  8.9e-02        0.075     29.121        0.345       0.879
9200         0.325        0.888        187.755  8.9e-02        0.075     29.123        0.345       0.879
9300         0.320        0.890        189.796  8.8e-02        0.075     29.284        0.345       0.879
9400         0.321        0.890        191.837  8.8e-02        0.075     29.215        0.345       0.879
9500         0.320        0.890        193.878  8.8e-02        0.077     29.550        0.345       0.879
9600         0.320        0.890        195.918  8.8e-02        0.075     29.125        0.345       0.879
9700         0.319        0.890        197.959  8.8e-02        0.077     29.508        0.345       0.879
9800         0.321        0.890        200.000  8.8e-02        0.079     29.517        0.345       0.879
9900         0.319        0.890        202.041  8.8e-02        0.079     29.482        0.345       0.879
10000         0.320        0.890        204.082  8.8e-02        0.079     32.396        0.340       0.882
10100         0.320        0.890        206.122  8.7e-02        0.079     29.569        0.340       0.882
10200         0.320        0.889        208.163  8.7e-02        0.080     29.563        0.340       0.882
10300         0.320        0.890        210.204  8.7e-02        0.076     29.367        0.340       0.882
10400         0.318        0.890        212.245  8.7e-02        0.077     29.344        0.340       0.882
10500         0.320        0.891        214.286  8.7e-02        0.075     29.350        0.340       0.882
10600         0.319        0.891        216.327  8.7e-02        0.076     29.352        0.340       0.882
10700         0.318        0.891        218.367  8.7e-02        0.077     29.340        0.340       0.882
10800         0.319        0.890        220.408  8.7e-02        0.077     29.344        0.340       0.882
10900         0.318        0.891        222.449  8.6e-02        0.075     29.345        0.340       0.882
11000         0.322        0.889        224.490  8.6e-02        0.075     32.306        0.341       0.880
11100         0.316        0.892        226.531  8.6e-02        0.076     29.337        0.341       0.880
11200         0.318        0.890        228.571  8.6e-02        0.076     29.331        0.341       0.880
11300         0.317        0.891        230.612  8.6e-02        0.076     29.394        0.341       0.880
11400         0.320        0.890        232.653  8.6e-02        0.075     29.186        0.341       0.880
11500         0.317        0.892        234.694  8.6e-02        0.076     29.176        0.341       0.880
11600         0.320        0.890        236.735  8.6e-02        0.076     29.181        0.341       0.880
11700         0.318        0.891        238.776  8.5e-02        0.074     29.167        0.341       0.880
11800         0.318        0.891        240.816  8.5e-02        0.075     29.187        0.341       0.880
11900         0.319        0.890        242.857  8.5e-02        0.075     29.184        0.341       0.880
12000         0.318        0.890        244.898  8.5e-02        0.077     32.121        0.339       0.881
12100         0.317        0.891        246.939  8.5e-02        0.077     29.198        0.339       0.881
12200         0.319        0.890        248.980  8.5e-02        0.075     29.169        0.339       0.881
12300         0.318        0.889        251.020  8.5e-02        0.075     29.125        0.339       0.881
    t    train_loss    train_acc    train_epoch       lr    data_time    it_time    test_loss    test_acc
-----  ------------  -----------  -------------  -------  -----------  ---------  -----------  ----------
12400         0.317        0.890        253.061  8.5e-02        0.075     29.193        0.339       0.881
12500         0.316        0.891        255.102  8.4e-02        0.075     29.189        0.339       0.881
12600         0.317        0.891        257.143  8.4e-02        0.075     29.188        0.339       0.881
12700         0.317        0.891        259.184  8.4e-02        0.077     29.170        0.339       0.881
12800         0.317        0.891        261.224  8.4e-02        0.077     29.186        0.339       0.881
12900         0.317        0.891        263.265  8.4e-02        0.077     29.183        0.339       0.881
13000         0.313        0.893        265.306  8.4e-02        0.077     32.140        0.340       0.881
13100         0.318        0.890        267.347  8.4e-02        0.077     29.171        0.340       0.881
13200         0.317        0.892        269.388  8.4e-02        0.075     29.196        0.340       0.881
13300         0.316        0.891        271.429  8.3e-02        0.076     29.183        0.340       0.881
13400         0.317        0.892        273.469  8.3e-02        0.075     29.181        0.340       0.881
13500         0.316        0.892        275.510  8.3e-02        0.075     29.161        0.340       0.881
13600         0.314        0.892        277.551  8.3e-02        0.076     29.182        0.340       0.881
13700         0.316        0.891        279.592  8.3e-02        0.075     29.146        0.340       0.881
13800         0.316        0.890        281.633  8.3e-02        0.076     29.163        0.340       0.881
13900         0.316        0.892        283.673  8.3e-02        0.077     29.180        0.340       0.881
14000         0.316        0.890        285.714  8.3e-02        0.075     32.125        0.342       0.878
14100         0.315        0.891        287.755  8.2e-02        0.077     29.185        0.342       0.878
14200         0.316        0.891        289.796  8.2e-02        0.076     29.180        0.342       0.878
14300         0.315        0.892        291.837  8.2e-02        0.076     29.191        0.342       0.878
14400         0.314        0.893        293.878  8.2e-02        0.076     29.179        0.342       0.878
14500         0.315        0.892        295.918  8.2e-02        0.077     29.191        0.342       0.878
14600         0.315        0.891        297.959  8.2e-02        0.077     29.173        0.342       0.878
14700         0.315        0.892        300.000  8.2e-02        0.075     29.133        0.342       0.878
14800         0.315        0.892        302.041  8.2e-02        0.076     29.185        0.342       0.878
14900         0.315        0.892        304.082  8.1e-02        0.075     29.184        0.342       0.878
15000         0.315        0.892        306.122  8.1e-02        0.076     32.127        0.338       0.881
15100         0.316        0.892        308.163  8.1e-02        0.077     29.180        0.338       0.881
15200         0.314        0.892        310.204  8.1e-02        0.076     29.187        0.338       0.881
15300         0.316        0.891        312.245  8.1e-02        0.075     29.196        0.338       0.881
15400         0.315        0.891        314.286  8.1e-02        0.077     29.175        0.338       0.881
15500         0.315        0.892        316.327  8.1e-02        0.075     29.161        0.338       0.881
15600         0.314        0.892        318.367  8.1e-02        0.076     29.174        0.338       0.881
15700         0.316        0.892        320.408  8.0e-02        0.075     29.185        0.338       0.881
15800         0.312        0.893        322.449  8.0e-02        0.076     29.150        0.338       0.881
15900         0.312        0.892        324.490  8.0e-02        0.075     29.164        0.338       0.881
16000         0.315        0.892        326.531  8.0e-02        0.076     32.120        0.339       0.882
16100         0.315        0.891        328.571  8.0e-02        0.076     29.177        0.339       0.882
16200         0.314        0.893        330.612  8.0e-02        0.075     29.168        0.339       0.882
16300         0.314        0.893        332.653  8.0e-02        0.076     29.169        0.339       0.882
16400         0.317        0.890        334.694  8.0e-02        0.077     29.186        0.339       0.882
    t    train_loss    train_acc    train_epoch       lr    data_time    it_time    test_loss    test_acc
-----  ------------  -----------  -------------  -------  -----------  ---------  -----------  ----------
16500         0.313        0.891        336.735  7.9e-02        0.076     29.158        0.339       0.882
16600         0.314        0.892        338.776  7.9e-02        0.076     29.162        0.339       0.882
16700         0.312        0.893        340.816  7.9e-02        0.076     29.181        0.339       0.882
16800         0.314        0.891        342.857  7.9e-02        0.076     29.180        0.339       0.882
16900         0.315        0.892        344.898  7.9e-02        0.076     29.191        0.339       0.882
17000         0.313        0.892        346.939  7.9e-02        0.078     32.149        0.340       0.880
17100         0.312        0.893        348.980  7.9e-02        0.076     29.195        0.340       0.880
17200         0.313        0.893        351.020  7.9e-02        0.076     29.126        0.340       0.880
17300         0.315        0.891        353.061  7.8e-02        0.075     29.182        0.340       0.880
17400         0.314        0.892        355.102  7.8e-02        0.075     29.148        0.340       0.880
17500         0.313        0.892        357.143  7.8e-02        0.076     29.213        0.340       0.880
17600         0.314        0.891        359.184  7.8e-02        0.076     29.185        0.340       0.880
17700         0.312        0.892        361.224  7.8e-02        0.075     29.190        0.340       0.880
17800         0.316        0.891        363.265  7.8e-02        0.076     29.170        0.340       0.880
17900         0.311        0.893        365.306  7.8e-02        0.075     29.194        0.340       0.880
18000         0.314        0.892        367.347  7.8e-02        0.076     32.148        0.341       0.879
18100         0.312        0.893        369.388  7.7e-02        0.076     29.169        0.341       0.879
18200         0.315        0.892        371.429  7.7e-02        0.075     29.189        0.341       0.879
18300         0.312        0.892        373.469  7.7e-02        0.075     29.195        0.341       0.879
18400         0.312        0.893        375.510  7.7e-02        0.076     29.195        0.341       0.879
18500         0.312        0.892        377.551  7.7e-02        0.076     29.174        0.341       0.879
18600         0.314        0.892        379.592  7.7e-02        0.075     29.171        0.341       0.879
18700         0.315        0.891        381.633  7.7e-02        0.076     29.162        0.341       0.879
18800         0.312        0.893        383.673  7.7e-02        0.075     29.184        0.341       0.879
18900         0.313        0.892        385.714  7.6e-02        0.076     29.194        0.341       0.879
19000         0.312        0.893        387.755  7.6e-02        0.076     32.122        0.337       0.882
19100         0.312        0.893        389.796  7.6e-02        0.076     29.165        0.337       0.882
19200         0.312        0.892        391.837  7.6e-02        0.076     29.209        0.337       0.882
19300         0.312        0.893        393.878  7.6e-02        0.076     29.186        0.337       0.882
19400         0.313        0.893        395.918  7.6e-02        0.076     29.179        0.337       0.882
19500         0.313        0.892        397.959  7.6e-02        0.076     29.166        0.337       0.882
19600         0.313        0.892        400.000  7.6e-02        0.075     29.137        0.337       0.882
19700         0.313        0.891        402.041  7.5e-02        0.075     29.189        0.337       0.882
19800         0.312        0.892        404.082  7.5e-02        0.076     29.144        0.337       0.882
19900         0.312        0.892        406.122  7.5e-02        0.075     29.167        0.337       0.882
20000         0.313        0.892        408.163  7.5e-02        0.077     32.100        0.337       0.882
20100         0.313        0.892        410.204  7.5e-02        0.076     29.193        0.337       0.882
20200         0.312        0.893        412.245  7.5e-02        0.075     29.186        0.337       0.882
20300         0.312        0.891        414.286  7.5e-02        0.076     29.157        0.337       0.882
20400         0.313        0.892        416.327  7.5e-02        0.075     29.173        0.337       0.882
20500         0.312        0.893        418.367  7.4e-02        0.076     29.146        0.337       0.882
    t    train_loss    train_acc    train_epoch       lr    data_time    it_time    test_loss    test_acc
-----  ------------  -----------  -------------  -------  -----------  ---------  -----------  ----------
20600         0.314        0.892        420.408  7.4e-02        0.076     29.187        0.337       0.882
20700         0.311        0.894        422.449  7.4e-02        0.076     29.178        0.337       0.882
20800         0.313        0.892        424.490  7.4e-02        0.076     29.189        0.337       0.882
20900         0.312        0.893        426.531  7.4e-02        0.076     29.176        0.337       0.882
21000         0.311        0.892        428.571  7.4e-02        0.076     32.131        0.337       0.882
21100         0.313        0.893        430.612  7.4e-02        0.075     29.172        0.337       0.882
21200         0.312        0.893        432.653  7.4e-02        0.076     29.183        0.337       0.882
21300         0.313        0.892        434.694  7.3e-02        0.076     29.178        0.337       0.882
21400         0.313        0.892        436.735  7.3e-02        0.077     29.151        0.337       0.882
21500         0.313        0.892        438.776  7.3e-02        0.076     29.205        0.337       0.882
21600         0.311        0.893        440.816  7.3e-02        0.076     29.176        0.337       0.882
21700         0.311        0.893        442.857  7.3e-02        0.075     29.166        0.337       0.882
21800         0.313        0.892        444.898  7.3e-02        0.076     29.197        0.337       0.882
21900         0.312        0.893        446.939  7.3e-02        0.078     29.178        0.337       0.882
22000         0.313        0.892        448.980  7.3e-02        0.075     32.137        0.338       0.881
22100         0.313        0.893        451.020  7.2e-02        0.075     29.201        0.338       0.881
22200         0.311        0.893        453.061  7.2e-02        0.079     30.760        0.338       0.881
22300         0.311        0.892        455.102  7.2e-02        0.076     29.338        0.338       0.881
22400         0.313        0.893        457.143  7.2e-02        0.076     29.334        0.338       0.881
22500         0.313        0.893        459.184  7.2e-02        0.076     29.342        0.338       0.881
22600         0.311        0.893        461.224  7.2e-02        0.077     29.333        0.338       0.881
22700         0.314        0.892        463.265  7.2e-02        0.075     29.348        0.338       0.881
22800         0.311        0.893        465.306  7.2e-02        0.077     29.349        0.338       0.881
22900         0.313        0.891        467.347  7.1e-02        0.076     29.348        0.338       0.881
23000         0.313        0.891        469.388  7.1e-02        0.077     32.318        0.337       0.882
23100         0.312        0.893        471.429  7.1e-02        0.077     29.348        0.337       0.882
23200         0.312        0.892        473.469  7.1e-02        0.076     29.340        0.337       0.882
23300         0.312        0.893        475.510  7.1e-02        0.076     29.365        0.337       0.882
23400         0.313        0.892        477.551  7.1e-02        0.077     29.190        0.337       0.882
23500         0.310        0.894        479.592  7.1e-02        0.075     29.179        0.337       0.882
23600         0.311        0.893        481.633  7.1e-02        0.076     29.173        0.337       0.882
23700         0.311        0.892        483.673  7.0e-02        0.077     29.182        0.337       0.882
23800         0.313        0.892        485.714  7.0e-02        0.075     29.172        0.337       0.882
23900         0.312        0.892        487.755  7.0e-02        0.076     29.182        0.337       0.882
24000         0.311        0.894        489.796  7.0e-02        0.077     32.121        0.337       0.882
24100         0.311        0.893        491.837  7.0e-02        0.075     29.177        0.337       0.882
24200         0.312        0.893        493.878  7.0e-02        0.076     29.188        0.337       0.882
24300         0.313        0.892        495.918  7.0e-02        0.076     29.181        0.337       0.882
24400         0.314        0.892        497.959  7.0e-02        0.077     29.180        0.337       0.882
24500         0.312        0.893        500.000  6.9e-02        0.077     29.120        0.337       0.882
24600         0.312        0.893        502.041  6.9e-02        0.077     29.192        0.337       0.882
    t    train_loss    train_acc    train_epoch       lr    data_time    it_time    test_loss    test_acc
-----  ------------  -----------  -------------  -------  -----------  ---------  -----------  ----------
24700         0.311        0.893        504.082  6.9e-02        0.075     29.184        0.337       0.882
24800         0.312        0.893        506.122  6.9e-02        0.076     29.189        0.337       0.882
24900         0.310        0.893        508.163  6.9e-02        0.076     29.188        0.337       0.882
25000         0.310        0.894        510.204  6.9e-02        0.076     32.151        0.336       0.882
25100         0.312        0.893        512.245  6.9e-02        0.078     29.184        0.336       0.882
25200         0.309        0.894        514.286  6.9e-02        0.076     29.181        0.336       0.882
25300         0.311        0.893        516.327  6.8e-02        0.075     29.185        0.336       0.882
25400         0.310        0.894        518.367  6.8e-02        0.076     29.180        0.336       0.882
25500         0.310        0.894        520.408  6.8e-02        0.076     29.171        0.336       0.882
25600         0.312        0.892        522.449  6.8e-02        0.076     29.171        0.336       0.882
25700         0.312        0.892        524.490  6.8e-02        0.076     29.178        0.336       0.882
25800         0.312        0.894        526.531  6.8e-02        0.076     29.197        0.336       0.882
25900         0.311        0.893        528.571  6.8e-02        0.076     29.176        0.336       0.882
26000         0.310        0.894        530.612  6.8e-02        0.077     32.127        0.336       0.882
26100         0.312        0.893        532.653  6.7e-02        0.075     29.178        0.336       0.882
26200         0.312        0.893        534.694  6.7e-02        0.075     29.197        0.336       0.882
26300         0.312        0.893        536.735  6.7e-02        0.077     29.200        0.336       0.882
26400         0.311        0.893        538.776  6.7e-02        0.076     29.179        0.336       0.882
26500         0.312        0.893        540.816  6.7e-02        0.077     29.186        0.336       0.882
26600         0.312        0.893        542.857  6.7e-02        0.076     29.179        0.336       0.882
26700         0.312        0.892        544.898  6.7e-02        0.076     29.182        0.336       0.882
26800         0.310        0.894        546.939  6.7e-02        0.078     29.197        0.336       0.882
26900         0.312        0.892        548.980  6.6e-02        0.076     29.181        0.336       0.882
27000         0.311        0.893        551.020  6.6e-02        0.075     32.105        0.337       0.881
27100         0.310        0.893        553.061  6.6e-02        0.076     29.200        0.337       0.881
27200         0.312        0.892        555.102  6.6e-02        0.075     29.197        0.337       0.881
27300         0.311        0.893        557.143  6.6e-02        0.076     29.183        0.337       0.881
27400         0.311        0.892        559.184  6.6e-02        0.075     29.199        0.337       0.881
27500         0.312        0.893        561.224  6.6e-02        0.075     29.160        0.337       0.881
27600         0.310        0.893        563.265  6.6e-02        0.076     29.177        0.337       0.881
27700         0.312        0.892        565.306  6.5e-02        0.075     29.190        0.337       0.881
27800         0.310        0.893        567.347  6.5e-02        0.076     29.171        0.337       0.881
27900         0.310        0.893        569.388  6.5e-02        0.075     29.163        0.337       0.881
28000         0.310        0.893        571.429  6.5e-02        0.076     32.125        0.337       0.882
28100         0.314        0.892        573.469  6.5e-02        0.076     29.193        0.337       0.882
28200         0.309        0.894        575.510  6.5e-02        0.076     29.192        0.337       0.882
28300         0.311        0.894        577.551  6.5e-02        0.075     29.182        0.337       0.882
28400         0.311        0.893        579.592  6.5e-02        0.076     29.205        0.337       0.882
28500         0.311        0.893        581.633  6.4e-02        0.076     29.163        0.337       0.882
28600         0.311        0.893        583.673  6.4e-02        0.077     29.198        0.337       0.882
28700         0.310        0.893        585.714  6.4e-02        0.077     29.179        0.337       0.882
    t    train_loss    train_acc    train_epoch       lr    data_time    it_time    test_loss    test_acc
-----  ------------  -----------  -------------  -------  -----------  ---------  -----------  ----------
28800         0.311        0.894        587.755  6.4e-02        0.076     29.181        0.337       0.882
28900         0.310        0.894        589.796  6.4e-02        0.075     29.205        0.337       0.882
29000         0.311        0.892        591.837  6.4e-02        0.075     32.131        0.339       0.881
29100         0.311        0.893        593.878  6.4e-02        0.076     29.148        0.339       0.881
29200         0.310        0.894        595.918  6.4e-02        0.077     29.157        0.339       0.881
29300         0.312        0.893        597.959  6.3e-02        0.077     29.185        0.339       0.881
29400         0.311        0.893        600.000  6.3e-02        0.076     29.136        0.339       0.881
29500         0.310        0.893        602.041  6.3e-02        0.076     29.203        0.339       0.881
29600         0.313        0.892        604.082  6.3e-02        0.075     29.200        0.339       0.881
29700         0.311        0.894        606.122  6.3e-02        0.076     29.189        0.339       0.881
29800         0.310        0.894        608.163  6.3e-02        0.075     29.168        0.339       0.881
29900         0.310        0.893        610.204  6.3e-02        0.076     29.184        0.339       0.881
30000         0.311        0.893        612.245  6.3e-02        0.075     32.144        0.338       0.882
30100         0.311        0.893        614.286  6.2e-02        0.076     29.198        0.338       0.882
30200         0.312        0.893        616.327  6.2e-02        0.076     29.182        0.338       0.882
30300         0.309        0.893        618.367  6.2e-02        0.076     29.188        0.338       0.882
30400         0.311        0.893        620.408  6.2e-02        0.076     29.195        0.338       0.882
30500         0.309        0.894        622.449  6.2e-02        0.076     29.182        0.338       0.882
30600         0.311        0.892        624.490  6.2e-02        0.077     29.197        0.338       0.882
30700         0.310        0.893        626.531  6.2e-02        0.076     29.181        0.338       0.882
30800         0.312        0.893        628.571  6.2e-02        0.076     29.182        0.338       0.882
30900         0.311        0.893        630.612  6.1e-02        0.076     29.187        0.338       0.882
31000         0.310        0.893        632.653  6.1e-02        0.075     32.103        0.337       0.881
31100         0.309        0.893        634.694  6.1e-02        0.077     29.196        0.337       0.881
31200         0.310        0.893        636.735  6.1e-02        0.077     29.185        0.337       0.881
31300         0.312        0.892        638.776  6.1e-02        0.076     29.208        0.337       0.881
31400         0.310        0.894        640.816  6.1e-02        0.075     29.186        0.337       0.881
31500         0.310        0.893        642.857  6.1e-02        0.077     29.180        0.337       0.881
31600         0.310        0.893        644.898  6.1e-02        0.076     29.170        0.337       0.881
31700         0.311        0.894        646.939  6.0e-02        0.078     29.154        0.337       0.881
31800         0.311        0.893        648.980  6.0e-02        0.076     29.170        0.337       0.881
31900         0.311        0.893        651.020  6.0e-02        0.076     29.136        0.337       0.881
32000         0.309        0.894        653.061  6.0e-02        0.076     32.118        0.338       0.882
32100         0.311        0.893        655.102  6.0e-02        0.077     29.202        0.338       0.882
32200         0.311        0.893        657.143  6.0e-02        0.077     29.152        0.338       0.882
32300         0.309        0.894        659.184  6.0e-02        0.076     29.171        0.338       0.882
32400         0.311        0.893        661.224  6.0e-02        0.076     29.162        0.338       0.882
32500         0.309        0.894        663.265  5.9e-02        0.076     29.172        0.338       0.882
32600         0.309        0.894        665.306  5.9e-02        0.076     29.181        0.338       0.882
32700         0.314        0.892        667.347  5.9e-02        0.076     29.151        0.338       0.882
32800         0.309        0.894        669.388  5.9e-02        0.076     29.178        0.338       0.882
    t    train_loss    train_acc    train_epoch       lr    data_time    it_time    test_loss    test_acc
-----  ------------  -----------  -------------  -------  -----------  ---------  -----------  ----------
32900         0.311        0.893        671.429  5.9e-02        0.076     29.172        0.338       0.882
33000         0.312        0.893        673.469  5.9e-02        0.076     32.124        0.339       0.881
33100         0.308        0.895        675.510  5.9e-02        0.077     29.161        0.339       0.881
33200         0.310        0.893        677.551  5.9e-02        0.076     29.198        0.339       0.881
33300         0.310        0.893        679.592  5.8e-02        0.076     29.172        0.339       0.881
33400         0.311        0.892        681.633  5.8e-02        0.076     29.207        0.339       0.881
33500         0.311        0.892        683.673  5.8e-02        0.076     29.186        0.339       0.881
33600         0.308        0.894        685.714  5.8e-02        0.077     29.195        0.339       0.881
33700         0.310        0.894        687.755  5.8e-02        0.076     29.179        0.339       0.881
33800         0.312        0.892        689.796  5.8e-02        0.077     29.194        0.339       0.881
33900         0.310        0.894        691.837  5.8e-02        0.076     29.186        0.339       0.881
34000         0.310        0.894        693.878  5.8e-02        0.076     32.141        0.337       0.882
34100         0.311        0.893        695.918  5.7e-02        0.076     29.177        0.337       0.882
34200         0.310        0.892        697.959  5.7e-02        0.077     29.188        0.337       0.882
34300         0.311        0.893        700.000  5.7e-02        0.078     29.132        0.337       0.882
34400         0.309        0.894        702.041  5.7e-02        0.076     29.188        0.337       0.882
34500         0.311        0.894        704.082  5.7e-02        0.077     29.170        0.337       0.882
34600         0.310        0.893        706.122  5.7e-02        0.076     29.167        0.337       0.882
34700         0.311        0.894        708.163  5.7e-02        0.077     29.161        0.337       0.882
34800         0.310        0.894        710.204  5.7e-02        0.076     29.162        0.337       0.882
34900         0.311        0.893        712.245  5.6e-02        0.076     29.194        0.337       0.882
35000         0.312        0.892        714.286  5.6e-02        0.077     32.111        0.337       0.881
35100         0.310        0.893        716.327  5.6e-02        0.075     29.175        0.337       0.881
35200         0.310        0.893        718.367  5.6e-02        0.077     29.171        0.337       0.881
35300         0.310        0.894        720.408  5.6e-02        0.077     29.179        0.337       0.881
35400         0.311        0.893        722.449  5.6e-02        0.075     29.181        0.337       0.881
35500         0.311        0.893        724.490  5.6e-02        0.076     29.193        0.337       0.881
35600         0.311        0.894        726.531  5.6e-02        0.076     29.166        0.337       0.881
35700         0.312        0.893        728.571  5.5e-02        0.076     29.184        0.337       0.881
35800         0.311        0.893        730.612  5.5e-02        0.076     29.169        0.337       0.881
35900         0.310        0.893        732.653  5.5e-02        0.077     29.201        0.337       0.881
36000         0.310        0.894        734.694  5.5e-02        0.076     32.112        0.336       0.883
36100         0.310        0.894        736.735  5.5e-02        0.076     29.189        0.336       0.883
36200         0.312        0.894        738.776  5.5e-02        0.076     29.170        0.336       0.883
36300         0.309        0.895        740.816  5.5e-02        0.077     29.286        0.336       0.883
36400         0.309        0.895        742.857  5.5e-02        0.076     29.203        0.336       0.883
36500         0.311        0.894        744.898  5.4e-02        0.077     29.186        0.336       0.883
36600         0.312        0.893        746.939  5.4e-02        0.077     29.198        0.336       0.883
36700         0.310        0.894        748.980  5.4e-02        0.076     29.187        0.336       0.883
36800         0.311        0.893        751.020  5.4e-02        0.076     29.128        0.336       0.883
36900         0.310        0.894        753.061  5.4e-02        0.076     29.164        0.336       0.883
    t    train_loss    train_acc    train_epoch       lr    data_time    it_time    test_loss    test_acc
-----  ------------  -----------  -------------  -------  -----------  ---------  -----------  ----------
37000         0.312        0.892        755.102  5.4e-02        0.076     32.134        0.338       0.881
37100         0.311        0.893        757.143  5.4e-02        0.077     29.173        0.338       0.881
37200         0.311        0.893        759.184  5.4e-02        0.075     29.190        0.338       0.881
37300         0.310        0.894        761.224  5.3e-02        0.076     29.186        0.338       0.881
37400         0.312        0.893        763.265  5.3e-02        0.076     29.226        0.338       0.881
37500         0.310        0.894        765.306  5.3e-02        0.076     29.184        0.338       0.881
37600         0.311        0.894        767.347  5.3e-02        0.076     29.185        0.338       0.881
37700         0.310        0.893        769.388  5.3e-02        0.076     29.173        0.338       0.881
37800         0.307        0.894        771.429  5.3e-02        0.075     29.177        0.338       0.881
37900         0.312        0.894        773.469  5.3e-02        0.076     29.188        0.338       0.881
38000         0.310        0.894        775.510  5.3e-02        0.076     32.127        0.338       0.883
38100         0.311        0.893        777.551  5.2e-02        0.077     29.170        0.338       0.883
38200         0.308        0.894        779.592  5.2e-02        0.076     29.183        0.338       0.883
38300         0.310        0.894        781.633  5.2e-02        0.076     29.224        0.338       0.883
38400         0.312        0.892        783.673  5.2e-02        0.076     29.180        0.338       0.883
38500         0.310        0.893        785.714  5.2e-02        0.076     29.183        0.338       0.883
38600         0.313        0.893        787.755  5.2e-02        0.076     29.183        0.338       0.883
38700         0.309        0.894        789.796  5.2e-02        0.076     29.211        0.338       0.883
38800         0.310        0.893        791.837  5.2e-02        0.078     29.154        0.338       0.883
38900         0.310        0.894        793.878  5.1e-02        0.077     29.189        0.338       0.883
39000         0.310        0.893        795.918  5.1e-02        0.076     32.126        0.336       0.882
39100         0.309        0.893        797.959  5.1e-02        0.077     29.193        0.336       0.882
39200         0.311        0.893        800.000  5.1e-02        0.076     29.124        0.336       0.882
39300         0.311        0.893        802.041  5.1e-02        0.079     29.178        0.336       0.882
39400         0.310        0.893        804.082  5.1e-02        0.076     29.204        0.336       0.882
39500         0.310        0.893        806.122  5.1e-02        0.076     29.190        0.336       0.882
39600         0.310        0.894        808.163  5.1e-02        0.076     29.179        0.336       0.882
39700         0.312        0.893        810.204  5.0e-02        0.076     29.154        0.336       0.882
39800         0.309        0.894        812.245  5.0e-02        0.075     29.191        0.336       0.882
39900         0.312        0.893        814.286  5.0e-02        0.078     29.172        0.336       0.882
40000         0.309        0.894        816.327  5.0e-02        0.076     32.114        0.336       0.881
40100         0.310        0.894        818.367  5.0e-02        0.076     29.185        0.336       0.881
40200         0.310        0.894        820.408  5.0e-02        0.076     29.151        0.336       0.881
40300         0.309        0.895        822.449  5.0e-02        0.076     29.169        0.336       0.881
40400         0.311        0.893        824.490  5.0e-02        0.075     29.171        0.336       0.881
40500         0.309        0.895        826.531  4.9e-02        0.075     29.195        0.336       0.881
40600         0.309        0.894        828.571  4.9e-02        0.077     29.170        0.336       0.881
40700         0.310        0.894        830.612  4.9e-02        0.076     29.180        0.336       0.881
40800         0.312        0.892        832.653  4.9e-02        0.076     29.154        0.336       0.881
40900         0.309        0.895        834.694  4.9e-02        0.076     29.184        0.336       0.881
41000         0.311        0.893        836.735  4.9e-02        0.076     32.113        0.338       0.881
    t    train_loss    train_acc    train_epoch       lr    data_time    it_time    test_loss    test_acc
-----  ------------  -----------  -------------  -------  -----------  ---------  -----------  ----------
41100         0.312        0.893        838.776  4.9e-02        0.077     29.174        0.338       0.881
41200         0.310        0.893        840.816  4.9e-02        0.076     29.187        0.338       0.881
41300         0.310        0.895        842.857  4.8e-02        0.077     29.168        0.338       0.881
41400         0.309        0.894        844.898  4.8e-02        0.076     29.218        0.338       0.881
41500         0.310        0.894        846.939  4.8e-02        0.077     29.217        0.338       0.881
41600         0.310        0.894        848.980  4.8e-02        0.076     29.204        0.338       0.881
41700         0.309        0.892        851.020  4.8e-02        0.076     29.123        0.338       0.881
41800         0.310        0.893        853.061  4.8e-02        0.075     29.226        0.338       0.881
41900         0.309        0.893        855.102  4.8e-02        0.077     29.184        0.338       0.881
42000         0.310        0.894        857.143  4.8e-02        0.076     32.127        0.337       0.881
42100         0.311        0.894        859.184  4.7e-02        0.076     29.196        0.337       0.881
42200         0.311        0.894        861.224  4.7e-02        0.076     29.192        0.337       0.881
42300         0.310        0.892        863.265  4.7e-02        0.076     29.162        0.337       0.881
42400         0.308        0.893        865.306  4.7e-02        0.076     29.204        0.337       0.881
42500         0.312        0.893        867.347  4.7e-02        0.077     29.163        0.337       0.881
42600         0.310        0.894        869.388  4.7e-02        0.076     29.194        0.337       0.881
42700         0.312        0.893        871.429  4.7e-02        0.078     29.192        0.337       0.881
42800         0.311        0.893        873.469  4.7e-02        0.076     29.175        0.337       0.881
42900         0.311        0.893        875.510  4.6e-02        0.076     29.184        0.337       0.881
43000         0.310        0.893        877.551  4.6e-02        0.075     32.120        0.337       0.883
43100         0.310        0.893        879.592  4.6e-02        0.076     29.185        0.337       0.883
43200         0.310        0.893        881.633  4.6e-02        0.076     29.182        0.337       0.883
43300         0.311        0.893        883.673  4.6e-02        0.077     29.185        0.337       0.883
43400         0.312        0.893        885.714  4.6e-02        0.077     29.191        0.337       0.883
43500         0.309        0.893        887.755  4.6e-02        0.076     29.191        0.337       0.883
43600         0.312        0.893        889.796  4.6e-02        0.076     29.184        0.337       0.883
43700         0.311        0.893        891.837  4.5e-02        0.076     29.198        0.337       0.883
43800         0.309        0.895        893.878  4.5e-02        0.075     29.180        0.337       0.883
43900         0.310        0.894        895.918  4.5e-02        0.077     29.176        0.337       0.883
44000         0.309        0.894        897.959  4.5e-02        0.076     32.122        0.336       0.882
44100         0.309        0.893        900.000  4.5e-02        0.078     29.734        0.336       0.882
44200         0.311        0.893        902.041  4.5e-02        0.077     29.340        0.336       0.882
44300         0.309        0.894        904.082  4.5e-02        0.078     29.337        0.336       0.882
44400         0.311        0.894        906.122  4.5e-02        0.076     29.350        0.336       0.882
44500         0.308        0.894        908.163  4.4e-02        0.077     29.336        0.336       0.882
44600         0.309        0.894        910.204  4.4e-02        0.077     29.342        0.336       0.882
44700         0.310        0.894        912.245  4.4e-02        0.077     29.351        0.336       0.882
44800         0.312        0.894        914.286  4.4e-02        0.076     29.334        0.336       0.882
44900         0.309        0.895        916.327  4.4e-02        0.077     29.331        0.336       0.882
45000         0.310        0.894        918.367  4.4e-02        0.078     32.293        0.337       0.882
45100         0.311        0.893        920.408  4.4e-02        0.076     29.347        0.337       0.882
    t    train_loss    train_acc    train_epoch       lr    data_time    it_time    test_loss    test_acc
-----  ------------  -----------  -------------  -------  -----------  ---------  -----------  ----------
45200         0.309        0.893        922.449  4.4e-02        0.076     29.376        0.337       0.882
45300         0.311        0.893        924.490  4.3e-02        0.077     29.198        0.337       0.882
45400         0.309        0.894        926.531  4.3e-02        0.076     29.200        0.337       0.882
45500         0.309        0.893        928.571  4.3e-02        0.076     29.206        0.337       0.882
45600         0.311        0.893        930.612  4.3e-02        0.076     29.183        0.337       0.882
45700         0.310        0.894        932.653  4.3e-02        0.075     29.179        0.337       0.882
45800         0.309        0.894        934.694  4.3e-02        0.076     29.204        0.337       0.882
45900         0.310        0.894        936.735  4.3e-02        0.075     29.178        0.337       0.882
46000         0.310        0.893        938.776  4.3e-02        0.076     32.119        0.337       0.882
46100         0.309        0.894        940.816  4.2e-02        0.076     29.167        0.337       0.882
46200         0.310        0.893        942.857  4.2e-02        0.076     29.172        0.337       0.882
46300         0.310        0.894        944.898  4.2e-02        0.077     29.186        0.337       0.882
46400         0.309        0.894        946.939  4.2e-02        0.078     29.197        0.337       0.882
46500         0.309        0.894        948.980  4.2e-02        0.076     29.193        0.337       0.882
46600         0.309        0.895        951.020  4.2e-02        0.076     29.126        0.337       0.882
46700         0.311        0.893        953.061  4.2e-02        0.075     29.199        0.337       0.882
46800         0.309        0.894        955.102  4.2e-02        0.075     29.195        0.337       0.882
46900         0.311        0.893        957.143  4.1e-02        0.077     29.195        0.337       0.882
47000         0.310        0.893        959.184  4.1e-02        0.075     32.122        0.338       0.882
47100         0.313        0.892        961.224  4.1e-02        0.076     29.183        0.338       0.882
47200         0.309        0.894        963.265  4.1e-02        0.076     29.214        0.338       0.882
47300         0.309        0.894        965.306  4.1e-02        0.078     29.347        0.338       0.882
47400         0.311        0.893        967.347  4.1e-02        0.082     30.933        0.338       0.882
47500         0.309        0.894        969.388  4.1e-02        0.076     29.128        0.338       0.882
47600         0.311        0.894        971.429  4.1e-02        0.076     29.123        0.338       0.882
47700         0.312        0.893        973.469  4.0e-02        0.077     29.134        0.338       0.882
47800         0.309        0.894        975.510  4.0e-02        0.076     29.134        0.338       0.882
47900         0.310        0.894        977.551  4.0e-02        0.077     29.136        0.338       0.882
48000         0.311        0.893        979.592  4.0e-02        0.076     32.063        0.336       0.882
48100         0.309        0.894        981.633  4.0e-02        0.076     29.117        0.336       0.882
48200         0.311        0.893        983.673  4.0e-02        0.076     29.140        0.336       0.882
48300         0.311        0.893        985.714  4.0e-02        0.077     29.130        0.336       0.882
48400         0.308        0.894        987.755  4.0e-02        0.077     29.139        0.336       0.882
48500         0.311        0.893        989.796  3.9e-02        0.077     29.177        0.336       0.882
48600         0.309        0.894        991.837  3.9e-02        0.077     28.971        0.336       0.882
48700         0.309        0.893        993.878  3.9e-02        0.077     28.972        0.336       0.882
48800         0.309        0.893        995.918  3.9e-02        0.076     28.973        0.336       0.882
48900         0.309        0.894        997.959  3.9e-02        0.077     28.971        0.336       0.882
49000         0.310        0.894       1000.000  3.9e-02        0.076     31.849        0.337       0.882
49100         0.311        0.893       1002.041  3.9e-02        0.076     28.965        0.337       0.882
49200         0.310        0.894       1004.082  3.9e-02        0.076     29.002        0.337       0.882
    t    train_loss    train_acc    train_epoch       lr    data_time    it_time    test_loss    test_acc
-----  ------------  -----------  -------------  -------  -----------  ---------  -----------  ----------
49300         0.309        0.895       1006.122  3.8e-02        0.076     28.940        0.337       0.882
49400         0.310        0.893       1008.163  3.8e-02        0.076     28.966        0.337       0.882
49500         0.309        0.895       1010.204  3.8e-02        0.077     28.956        0.337       0.882
49600         0.310        0.893       1012.245  3.8e-02        0.076     28.944        0.337       0.882
49700         0.310        0.893       1014.286  3.8e-02        0.076     28.961        0.337       0.882
49800         0.310        0.893       1016.327  3.8e-02        0.076     28.966        0.337       0.882
49900         0.312        0.893       1018.367  3.8e-02        0.076     28.982        0.337       0.882
50000         0.308        0.895       1020.408  3.8e-02        0.076     31.896        0.337       0.882
50100         0.311        0.893       1022.449  3.7e-02        0.076     28.969        0.337       0.882
50200         0.312        0.893       1024.490  3.7e-02        0.076     28.983        0.337       0.882
50300         0.310        0.893       1026.531  3.7e-02        0.076     28.974        0.337       0.882
50400         0.309        0.893       1028.571  3.7e-02        0.076     28.967        0.337       0.882
50500         0.310        0.894       1030.612  3.7e-02        0.076     28.978        0.337       0.882
50600         0.311        0.893       1032.653  3.7e-02        0.076     28.962        0.337       0.882
50700         0.308        0.894       1034.694  3.7e-02        0.077     29.018        0.337       0.882
50800         0.310        0.894       1036.735  3.7e-02        0.076     28.977        0.337       0.882
50900         0.311        0.893       1038.776  3.6e-02        0.076     28.980        0.337       0.882
51000         0.308        0.893       1040.816  3.6e-02        0.075     31.884        0.336       0.882
51100         0.310        0.894       1042.857  3.6e-02        0.076     28.962        0.336       0.882
51200         0.309        0.894       1044.898  3.6e-02        0.076     28.962        0.336       0.882
51300         0.310        0.894       1046.939  3.6e-02        0.077     28.971        0.336       0.882
51400         0.310        0.894       1048.980  3.6e-02        0.077     28.980        0.336       0.882
51500         0.310        0.894       1051.020  3.6e-02        0.075     28.929        0.336       0.882
51600         0.309        0.894       1053.061  3.6e-02        0.076     28.963        0.336       0.882
51700         0.310        0.893       1055.102  3.5e-02        0.076     28.976        0.336       0.882
51800         0.309        0.894       1057.143  3.5e-02        0.077     28.963        0.336       0.882
51900         0.311        0.894       1059.184  3.5e-02        0.076     28.979        0.336       0.882
52000         0.309        0.895       1061.224  3.5e-02        0.075     31.881        0.337       0.883
52100         0.309        0.894       1063.265  3.5e-02        0.076     28.990        0.337       0.883
52200         0.309        0.893       1065.306  3.5e-02        0.076     28.975        0.337       0.883
52300         0.311        0.893       1067.347  3.5e-02        0.076     28.963        0.337       0.883
52400         0.308        0.894       1069.388  3.5e-02        0.077     28.984        0.337       0.883
52500         0.310        0.894       1071.429  3.4e-02        0.076     28.960        0.337       0.883
52600         0.307        0.894       1073.469  3.4e-02        0.076     28.961        0.337       0.883
52700         0.309        0.894       1075.510  3.4e-02        0.076     28.962        0.337       0.883
52800         0.310        0.894       1077.551  3.4e-02        0.076     28.968        0.337       0.883
52900         0.311        0.894       1079.592  3.4e-02        0.076     28.978        0.337       0.883
53000         0.309        0.894       1081.633  3.4e-02        0.076     31.895        0.337       0.882
53100         0.310        0.893       1083.673  3.4e-02        0.075     28.994        0.337       0.882
53200         0.311        0.894       1085.714  3.4e-02        0.075     28.981        0.337       0.882
53300         0.310        0.893       1087.755  3.3e-02        0.076     28.963        0.337       0.882
    t    train_loss    train_acc    train_epoch       lr    data_time    it_time    test_loss    test_acc
-----  ------------  -----------  -------------  -------  -----------  ---------  -----------  ----------
53400         0.310        0.895       1089.796  3.3e-02        0.076     28.957        0.337       0.882
53500         0.309        0.894       1091.837  3.3e-02        0.076     28.945        0.337       0.882
53600         0.308        0.895       1093.878  3.3e-02        0.076     28.964        0.337       0.882
53700         0.309        0.894       1095.918  3.3e-02        0.076     28.979        0.337       0.882
53800         0.309        0.894       1097.959  3.3e-02        0.077     28.965        0.337       0.882
53900         0.309        0.893       1100.000  3.3e-02        0.076     28.928        0.337       0.882
54000         0.310        0.893       1102.041  3.3e-02        0.076     31.918        0.337       0.883
54100         0.311        0.894       1104.082  3.2e-02        0.076     28.967        0.337       0.883
54200         0.310        0.894       1106.122  3.2e-02        0.076     28.956        0.337       0.883
54300         0.309        0.894       1108.163  3.2e-02        0.076     28.966        0.337       0.883
54400         0.310        0.893       1110.204  3.2e-02        0.076     28.980        0.337       0.883
54500         0.309        0.895       1112.245  3.2e-02        0.076     28.960        0.337       0.883
54600         0.311        0.893       1114.286  3.2e-02        0.076     28.983        0.337       0.883
54700         0.307        0.894       1116.327  3.2e-02        0.075     28.975        0.337       0.883
54800         0.312        0.893       1118.367  3.2e-02        0.076     28.965        0.337       0.883
54900         0.307        0.895       1120.408  3.1e-02        0.076     28.962        0.337       0.883
55000         0.308        0.895       1122.449  3.1e-02        0.076     31.907        0.337       0.882
55100         0.311        0.894       1124.490  3.1e-02        0.076     28.977        0.337       0.882
55200         0.309        0.893       1126.531  3.1e-02        0.076     28.964        0.337       0.882
55300         0.311        0.892       1128.571  3.1e-02        0.075     28.983        0.337       0.882
55400         0.310        0.892       1130.612  3.1e-02        0.076     28.963        0.337       0.882
55500         0.307        0.895       1132.653  3.1e-02        0.076     28.960        0.337       0.882
55600         0.310        0.893       1134.694  3.1e-02        0.076     28.954        0.337       0.882
55700         0.310        0.893       1136.735  3.0e-02        0.076     28.963        0.337       0.882
55800         0.308        0.895       1138.776  3.0e-02        0.076     28.974        0.337       0.882
55900         0.308        0.894       1140.816  3.0e-02        0.076     28.961        0.337       0.882
56000         0.309        0.894       1142.857  3.0e-02        0.076     31.884        0.337       0.881
56100         0.310        0.893       1144.898  3.0e-02        0.076     28.977        0.337       0.881
56200         0.310        0.894       1146.939  3.0e-02        0.078     28.960        0.337       0.881
56300         0.310        0.893       1148.980  3.0e-02        0.075     28.971        0.337       0.881
56400         0.310        0.894       1151.020  3.0e-02        0.077     28.915        0.337       0.881
56500         0.310        0.894       1153.061  2.9e-02        0.077     28.979        0.337       0.881
56600         0.311        0.893       1155.102  2.9e-02        0.076     28.979        0.337       0.881
56700         0.310        0.894       1157.143  2.9e-02        0.076     28.986        0.337       0.881
56800         0.308        0.894       1159.184  2.9e-02        0.076     28.958        0.337       0.881
56900         0.312        0.894       1161.224  2.9e-02        0.076     28.963        0.337       0.881
57000         0.309        0.893       1163.265  2.9e-02        0.076     31.898        0.336       0.883
57100         0.311        0.893       1165.306  2.9e-02        0.076     28.948        0.336       0.883
57200         0.310        0.894       1167.347  2.9e-02        0.076     28.967        0.336       0.883
57300         0.309        0.894       1169.388  2.8e-02        0.076     28.955        0.336       0.883
57400         0.310        0.894       1171.429  2.8e-02        0.075     28.960        0.336       0.883
    t    train_loss    train_acc    train_epoch       lr    data_time    it_time    test_loss    test_acc
-----  ------------  -----------  -------------  -------  -----------  ---------  -----------  ----------
57500         0.310        0.893       1173.469  2.8e-02        0.076     28.958        0.336       0.883
57600         0.309        0.894       1175.510  2.8e-02        0.076     28.960        0.336       0.883
57700         0.311        0.893       1177.551  2.8e-02        0.076     28.958        0.336       0.883
57800         0.310        0.894       1179.592  2.8e-02        0.076     28.962        0.336       0.883
57900         0.311        0.893       1181.633  2.8e-02        0.076     28.965        0.336       0.883
58000         0.311        0.893       1183.673  2.8e-02        0.076     31.883        0.336       0.883
58100         0.309        0.894       1185.714  2.7e-02        0.077     28.948        0.336       0.883
58200         0.310        0.894       1187.755  2.7e-02        0.078     28.976        0.336       0.883
58300         0.312        0.893       1189.796  2.7e-02        0.076     28.976        0.336       0.883
58400         0.308        0.895       1191.837  2.7e-02        0.077     28.980        0.336       0.883
58500         0.309        0.894       1193.878  2.7e-02        0.076     28.979        0.336       0.883
58600         0.311        0.893       1195.918  2.7e-02        0.076     28.979        0.336       0.883
58700         0.309        0.894       1197.959  2.7e-02        0.077     28.965        0.336       0.883
58800         0.309        0.894       1200.000  2.7e-02        0.075     28.930        0.336       0.883
58900         0.309        0.894       1202.041  2.6e-02        0.076     28.973        0.336       0.883
59000         0.310        0.893       1204.082  2.6e-02        0.076     31.862        0.336       0.882
59100         0.308        0.894       1206.122  2.6e-02        0.076     28.962        0.336       0.882
59200         0.309        0.894       1208.163  2.6e-02        0.076     28.946        0.336       0.882
59300         0.310        0.893       1210.204  2.6e-02        0.076     28.963        0.336       0.882
59400         0.309        0.894       1212.245  2.6e-02        0.077     29.003        0.336       0.882
59500         0.310        0.893       1214.286  2.6e-02        0.076     28.955        0.336       0.882
59600         0.309        0.894       1216.327  2.6e-02        0.076     28.958        0.336       0.882
59700         0.310        0.893       1218.367  2.5e-02        0.076     28.986        0.336       0.882
59800         0.310        0.894       1220.408  2.5e-02        0.076     28.996        0.336       0.882
59900         0.311        0.893       1222.449  2.5e-02        0.076     28.976        0.336       0.882
60000         0.310        0.894       1224.490  2.5e-02        0.076     31.886        0.337       0.882
60100         0.308        0.894       1226.531  2.5e-02        0.077     28.962        0.337       0.882
60200         0.310        0.893       1228.571  2.5e-02        0.077     28.947        0.337       0.882
60300         0.307        0.895       1230.612  2.5e-02        0.076     28.975        0.337       0.882
60400         0.311        0.893       1232.653  2.5e-02        0.075     28.962        0.337       0.882
60500         0.309        0.893       1234.694  2.4e-02        0.076     28.976        0.337       0.882
60600         0.310        0.893       1236.735  2.4e-02        0.076     28.983        0.337       0.882
60700         0.309        0.894       1238.776  2.4e-02        0.076     28.964        0.337       0.882
60800         0.308        0.895       1240.816  2.4e-02        0.076     28.965        0.337       0.882
60900         0.311        0.893       1242.857  2.4e-02        0.076     28.974        0.337       0.882
61000         0.309        0.894       1244.898  2.4e-02        0.076     31.907        0.337       0.882
61100         0.310        0.895       1246.939  2.4e-02        0.078     28.981        0.337       0.882
61200         0.309        0.894       1248.980  2.4e-02        0.076     28.958        0.337       0.882
61300         0.309        0.895       1251.020  2.3e-02        0.076     28.932        0.337       0.882
61400         0.310        0.894       1253.061  2.3e-02        0.076     28.978        0.337       0.882
61500         0.309        0.894       1255.102  2.3e-02        0.076     28.982        0.337       0.882
    t    train_loss    train_acc    train_epoch       lr    data_time    it_time    test_loss    test_acc
-----  ------------  -----------  -------------  -------  -----------  ---------  -----------  ----------
61600         0.308        0.895       1257.143  2.3e-02        0.076     28.955        0.337       0.882
61700         0.310        0.894       1259.184  2.3e-02        0.076     28.961        0.337       0.882
61800         0.309        0.893       1261.224  2.3e-02        0.076     28.984        0.337       0.882
61900         0.309        0.894       1263.265  2.3e-02        0.077     28.975        0.337       0.882
62000         0.308        0.894       1265.306  2.3e-02        0.076     31.912        0.337       0.883
62100         0.309        0.895       1267.347  2.2e-02        0.076     28.971        0.337       0.883
62200         0.310        0.893       1269.388  2.2e-02        0.076     28.962        0.337       0.883
62300         0.310        0.894       1271.429  2.2e-02        0.076     28.961        0.337       0.883
62400         0.307        0.894       1273.469  2.2e-02        0.075     28.959        0.337       0.883
62500         0.310        0.894       1275.510  2.2e-02        0.076     28.962        0.337       0.883
62600         0.309        0.893       1277.551  2.2e-02        0.076     28.973        0.337       0.883
62700         0.310        0.893       1279.592  2.2e-02        0.076     28.976        0.337       0.883
62800         0.310        0.894       1281.633  2.2e-02        0.076     28.969        0.337       0.883
62900         0.310        0.894       1283.673  2.1e-02        0.076     28.976        0.337       0.883
63000         0.309        0.894       1285.714  2.1e-02        0.076     31.855        0.337       0.882
63100         0.310        0.893       1287.755  2.1e-02        0.076     28.965        0.337       0.882
63200         0.309        0.894       1289.796  2.1e-02        0.075     28.974        0.337       0.882
63300         0.311        0.893       1291.837  2.1e-02        0.076     28.967        0.337       0.882
63400         0.309        0.894       1293.878  2.1e-02        0.076     28.967        0.337       0.882
63500         0.311        0.893       1295.918  2.1e-02        0.077     28.979        0.337       0.882
63600         0.309        0.894       1297.959  2.1e-02        0.077     28.962        0.337       0.882
63700         0.311        0.893       1300.000  2.0e-02        0.075     28.936        0.337       0.882
63800         0.310        0.893       1302.041  2.0e-02        0.076     28.983        0.337       0.882
63900         0.309        0.895       1304.082  2.0e-02        0.075     28.973        0.337       0.882
64000         0.309        0.894       1306.122  2.0e-02        0.076     31.885        0.337       0.882
64100         0.309        0.894       1308.163  2.0e-02        0.076     28.977        0.337       0.882
64200         0.311        0.894       1310.204  2.0e-02        0.076     28.969        0.337       0.882
64300         0.308        0.893       1312.245  2.0e-02        0.075     28.961        0.337       0.882
64400         0.310        0.894       1314.286  2.0e-02        0.075     28.981        0.337       0.882
64500         0.309        0.894       1316.327  1.9e-02        0.076     28.956        0.337       0.882
64600         0.309        0.895       1318.367  1.9e-02        0.076     28.951        0.337       0.882
64700         0.309        0.894       1320.408  1.9e-02        0.076     28.980        0.337       0.882
64800         0.310        0.894       1322.449  1.9e-02        0.076     28.961        0.337       0.882
64900         0.310        0.895       1324.490  1.9e-02        0.084     31.853        0.337       0.882
65000         0.308        0.895       1326.531  1.9e-02        0.076     32.022        0.337       0.882
65100         0.310        0.894       1328.571  1.9e-02        0.076     29.087        0.337       0.882
65200         0.310        0.894       1330.612  1.9e-02        0.076     29.091        0.337       0.882
65300         0.310        0.893       1332.653  1.8e-02        0.076     29.087        0.337       0.882
65400         0.310        0.893       1334.694  1.8e-02        0.076     29.087        0.337       0.882
65500         0.309        0.893       1336.735  1.8e-02        0.076     29.089        0.337       0.882
65600         0.307        0.894       1338.776  1.8e-02        0.076     29.088        0.337       0.882
    t    train_loss    train_acc    train_epoch       lr    data_time    it_time    test_loss    test_acc
-----  ------------  -----------  -------------  -------  -----------  ---------  -----------  ----------
65700         0.310        0.894       1340.816  1.8e-02        0.076     29.087        0.337       0.882
65800         0.311        0.893       1342.857  1.8e-02        0.077     29.089        0.337       0.882
65900         0.309        0.894       1344.898  1.8e-02        0.076     29.097        0.337       0.882
66000         0.310        0.894       1346.939  1.8e-02        0.078     32.073        0.336       0.881
66100         0.310        0.894       1348.980  1.7e-02        0.077     28.962        0.336       0.881
66200         0.309        0.894       1351.020  1.7e-02        0.076     28.913        0.336       0.881
66300         0.308        0.894       1353.061  1.7e-02        0.076     28.961        0.336       0.881
66400         0.309        0.894       1355.102  1.7e-02        0.076     28.945        0.336       0.881
66500         0.310        0.894       1357.143  1.7e-02        0.076     28.975        0.336       0.881
66600         0.310        0.893       1359.184  1.7e-02        0.076     28.964        0.336       0.881
66700         0.309        0.894       1361.224  1.7e-02        0.076     28.965        0.336       0.881
66800         0.311        0.894       1363.265  1.7e-02        0.077     28.960        0.336       0.881
66900         0.308        0.895       1365.306  1.6e-02        0.076     28.926        0.336       0.881
67000         0.307        0.895       1367.347  1.6e-02        0.076     31.867        0.337       0.882
67100         0.312        0.893       1369.388  1.6e-02        0.076     28.959        0.337       0.882
67200         0.307        0.894       1371.429  1.6e-02        0.076     28.965        0.337       0.882
67300         0.311        0.893       1373.469  1.6e-02        0.076     28.944        0.337       0.882
67400         0.308        0.895       1375.510  1.6e-02        0.078     28.956        0.337       0.882
67500         0.309        0.894       1377.551  1.6e-02        0.077     28.968        0.337       0.882
67600         0.310        0.894       1379.592  1.6e-02        0.077     28.980        0.337       0.882
67700         0.310        0.894       1381.633  1.5e-02        0.076     28.956        0.337       0.882
67800         0.310        0.893       1383.673  1.5e-02        0.076     28.970        0.337       0.882
67900         0.308        0.894       1385.714  1.5e-02        0.076     28.979        0.337       0.882
68000         0.308        0.895       1387.755  1.5e-02        0.076     31.901        0.337       0.882
68100         0.309        0.893       1389.796  1.5e-02        0.077     28.964        0.337       0.882
68200         0.309        0.894       1391.837  1.5e-02        0.076     28.960        0.337       0.882
68300         0.309        0.894       1393.878  1.5e-02        0.077     28.958        0.337       0.882
68400         0.307        0.895       1395.918  1.5e-02        0.078     28.964        0.337       0.882
68500         0.309        0.894       1397.959  1.4e-02        0.078     28.980        0.337       0.882
68600         0.309        0.894       1400.000  1.4e-02        0.077     28.916        0.337       0.882
68700         0.309        0.894       1402.041  1.4e-02        0.076     28.959        0.337       0.882
68800         0.311        0.892       1404.082  1.4e-02        0.076     28.981        0.337       0.882
68900         0.309        0.895       1406.122  1.4e-02        0.077     28.978        0.337       0.882
69000         0.308        0.895       1408.163  1.4e-02        0.076     31.915        0.337       0.881
69100         0.311        0.893       1410.204  1.4e-02        0.076     28.963        0.337       0.881
69200         0.310        0.894       1412.245  1.4e-02        0.075     28.969        0.337       0.881
69300         0.308        0.894       1414.286  1.3e-02        0.076     28.982        0.337       0.881
69400         0.311        0.893       1416.327  1.3e-02        0.076     28.972        0.337       0.881
69500         0.310        0.893       1418.367  1.3e-02        0.077     28.961        0.337       0.881
69600         0.310        0.894       1420.408  1.3e-02        0.076     28.975        0.337       0.881
69700         0.307        0.895       1422.449  1.3e-02        0.076     28.970        0.337       0.881
    t    train_loss    train_acc    train_epoch       lr    data_time    it_time    test_loss    test_acc
-----  ------------  -----------  -------------  -------  -----------  ---------  -----------  ----------
69800         0.309        0.893       1424.490  1.3e-02        0.077     28.994        0.337       0.881
69900         0.310        0.894       1426.531  1.3e-02        0.076     28.961        0.337       0.881
70000         0.309        0.894       1428.571  1.3e-02        0.077     31.913        0.337       0.882
70100         0.309        0.894       1430.612  1.2e-02        0.076     28.950        0.337       0.882
70200         0.310        0.895       1432.653  1.2e-02        0.076     28.940        0.337       0.882
70300         0.308        0.895       1434.694  1.2e-02        0.077     28.961        0.337       0.882
70400         0.310        0.894       1436.735  1.2e-02        0.076     28.954        0.337       0.882
70500         0.309        0.894       1438.776  1.2e-02        0.077     28.972        0.337       0.882
70600         0.308        0.894       1440.816  1.2e-02        0.076     28.962        0.337       0.882
70700         0.309        0.894       1442.857  1.2e-02        0.076     28.977        0.337       0.882
70800         0.309        0.894       1444.898  1.2e-02        0.077     28.955        0.337       0.882
70900         0.308        0.894       1446.939  1.1e-02        0.077     28.990        0.337       0.882
71000         0.309        0.893       1448.980  1.1e-02        0.076     31.900        0.336       0.882
71100         0.309        0.894       1451.020  1.1e-02        0.076     28.932        0.336       0.882
71200         0.311        0.894       1453.061  1.1e-02        0.076     28.969        0.336       0.882
71300         0.308        0.894       1455.102  1.1e-02        0.076     28.963        0.336       0.882
71400         0.310        0.894       1457.143  1.1e-02        0.076     28.965        0.336       0.882
71500         0.309        0.893       1459.184  1.1e-02        0.077     28.966        0.336       0.882
71600         0.307        0.896       1461.224  1.1e-02        0.076     28.974        0.336       0.882
71700         0.309        0.894       1463.265  1.0e-02        0.076     28.960        0.336       0.882
71800         0.309        0.894       1465.306  1.0e-02        0.076     28.962        0.336       0.882
71900         0.310        0.893       1467.347  1.0e-02        0.076     28.978        0.336       0.882
72000         0.309        0.894       1469.388  1.0e-02        0.076     31.878        0.337       0.881
72100         0.308        0.894       1471.429  9.9e-03        0.076     28.970        0.337       0.881
72200         0.310        0.894       1473.469  9.8e-03        0.076     28.955        0.337       0.881
72300         0.310        0.894       1475.510  9.6e-03        0.076     28.964        0.337       0.881
72400         0.308        0.895       1477.551  9.5e-03        0.076     28.970        0.337       0.881
72500         0.311        0.894       1479.592  9.4e-03        0.076     28.972        0.337       0.881
72600         0.308        0.894       1481.633  9.3e-03        0.076     28.947        0.337       0.881
72700         0.310        0.894       1483.673  9.1e-03        0.077     28.980        0.337       0.881
72800         0.310        0.894       1485.714  9.0e-03        0.076     28.956        0.337       0.881
72900         0.308        0.895       1487.755  8.9e-03        0.076     28.967        0.337       0.881
73000         0.308        0.894       1489.796  8.8e-03        0.076     31.897        0.336       0.882
73100         0.312        0.892       1491.837  8.6e-03        0.076     28.963        0.336       0.882
73200         0.308        0.895       1493.878  8.5e-03        0.076     28.966        0.336       0.882
73300         0.310        0.894       1495.918  8.4e-03        0.076     28.979        0.336       0.882
73400         0.309        0.895       1497.959  8.3e-03        0.077     28.980        0.336       0.882
73500         0.308        0.895       1500.000  8.1e-03        0.076     28.931        0.336       0.882
73600         0.308        0.895       1502.041  8.0e-03        0.076     28.962        0.336       0.882
73700         0.309        0.895       1504.082  7.9e-03        0.076     28.966        0.336       0.882
73800         0.310        0.893       1506.122  7.8e-03        0.076     28.971        0.336       0.882
    t    train_loss    train_acc    train_epoch       lr    data_time    it_time    test_loss    test_acc
-----  ------------  -----------  -------------  -------  -----------  ---------  -----------  ----------
73900         0.309        0.893       1508.163  7.6e-03        0.077     28.976        0.336       0.882
74000         0.309        0.894       1510.204  7.5e-03        0.076     31.866        0.336       0.882
74100         0.307        0.895       1512.245  7.4e-03        0.076     28.965        0.336       0.882
74200         0.309        0.894       1514.286  7.3e-03        0.076     28.960        0.336       0.882
74300         0.310        0.894       1516.327  7.1e-03        0.076     28.962        0.336       0.882
74400         0.308        0.895       1518.367  7.0e-03        0.076     28.957        0.336       0.882
74500         0.309        0.894       1520.408  6.9e-03        0.077     28.963        0.336       0.882
74600         0.310        0.894       1522.449  6.8e-03        0.076     28.981        0.336       0.882
74700         0.312        0.892       1524.490  6.6e-03        0.076     28.944        0.336       0.882
74800         0.307        0.895       1526.531  6.5e-03        0.076     28.977        0.336       0.882
74900         0.310        0.893       1528.571  6.4e-03        0.076     28.941        0.336       0.882
75000         0.308        0.894       1530.612  6.3e-03        0.076     31.873        0.337       0.882
75100         0.311        0.893       1532.653  6.1e-03        0.077     28.959        0.337       0.882
75200         0.307        0.895       1534.694  6.0e-03        0.077     28.975        0.337       0.882
75300         0.308        0.894       1536.735  5.9e-03        0.076     28.967        0.337       0.882
75400         0.309        0.893       1538.776  5.8e-03        0.076     28.959        0.337       0.882
75500         0.309        0.894       1540.816  5.6e-03        0.076     28.981        0.337       0.882
75600         0.309        0.895       1542.857  5.5e-03        0.075     28.972        0.337       0.882
75700         0.310        0.893       1544.898  5.4e-03        0.076     28.964        0.337       0.882
75800         0.310        0.894       1546.939  5.3e-03        0.077     28.959        0.337       0.882
75900         0.309        0.893       1548.980  5.1e-03        0.077     28.966        0.337       0.882
76000         0.307        0.894       1551.020  5.0e-03        0.078     31.828        0.337       0.882
76100         0.307        0.894       1553.061  4.9e-03        0.076     28.970        0.337       0.882
76200         0.309        0.894       1555.102  4.8e-03        0.076     28.952        0.337       0.882
76300         0.311        0.893       1557.143  4.6e-03        0.076     28.968        0.337       0.882
76400         0.309        0.895       1559.184  4.5e-03        0.076     28.959        0.337       0.882
76500         0.310        0.893       1561.224  4.4e-03        0.076     28.962        0.337       0.882
76600         0.309        0.894       1563.265  4.3e-03        0.077     28.981        0.337       0.882
76700         0.309        0.895       1565.306  4.1e-03        0.077     28.964        0.337       0.882
76800         0.310        0.893       1567.347  4.0e-03        0.077     28.943        0.337       0.882
76900         0.309        0.894       1569.388  3.9e-03        0.076     28.971        0.337       0.882
77000         0.308        0.894       1571.429  3.8e-03        0.076     31.881        0.336       0.883
77100         0.309        0.894       1573.469  3.6e-03        0.076     28.969        0.336       0.883
77200         0.310        0.894       1575.510  3.5e-03        0.077     28.967        0.336       0.883
77300         0.309        0.892       1577.551  3.4e-03        0.076     28.961        0.336       0.883
77400         0.309        0.894       1579.592  3.3e-03        0.076     28.967        0.336       0.883
77500         0.310        0.893       1581.633  3.1e-03        0.076     28.977        0.336       0.883
77600         0.308        0.894       1583.673  3.0e-03        0.076     28.981        0.336       0.883
77700         0.310        0.894       1585.714  2.9e-03        0.076     28.973        0.336       0.883
77800         0.309        0.894       1587.755  2.8e-03        0.076     28.977        0.336       0.883
77900         0.309        0.894       1589.796  2.6e-03        0.077     28.976        0.336       0.883
    t    train_loss    train_acc    train_epoch       lr    data_time    it_time    test_loss    test_acc
-----  ------------  -----------  -------------  -------  -----------  ---------  -----------  ----------
78000         0.308        0.894       1591.837  2.5e-03        0.076     31.885        0.336       0.883
78100         0.310        0.893       1593.878  2.4e-03        0.076     28.972        0.336       0.883
78200         0.309        0.894       1595.918  2.3e-03        0.076     28.976        0.336       0.883
78300         0.309        0.894       1597.959  2.1e-03        0.077     28.967        0.336       0.883
78400         0.310        0.893       1600.000  2.0e-03        0.076     28.912        0.336       0.883
78500         0.310        0.893       1602.041  1.9e-03        0.076     28.962        0.336       0.883
78600         0.309        0.893       1604.082  1.8e-03        0.076     28.976        0.336       0.883
78700         0.309        0.894       1606.122  1.6e-03        0.076     28.967        0.336       0.883
78800         0.309        0.893       1608.163  1.5e-03        0.076     28.974        0.336       0.883
78900         0.309        0.893       1610.204  1.4e-03        0.076     28.984        0.336       0.883
79000         0.308        0.894       1612.245  1.3e-03        0.077     31.881        0.336       0.882
79100         0.308        0.894       1614.286  1.1e-03        0.076     28.963        0.336       0.882
79200         0.309        0.893       1616.327  1.0e-03        0.076     28.972        0.336       0.882
79300         0.307        0.895       1618.367  8.8e-04        0.077     28.961        0.336       0.882
79400         0.309        0.893       1620.408  7.5e-04        0.077     28.962        0.336       0.882
79500         0.308        0.895       1622.449  6.3e-04        0.076     28.975        0.336       0.882
79600         0.308        0.895       1624.490  5.0e-04        0.076     28.973        0.336       0.882
79700         0.308        0.894       1626.531  3.8e-04        0.076     28.952        0.336       0.882
79800         0.307        0.896       1628.571  2.5e-04        0.076     28.956        0.336       0.882
79900         0.310        0.893       1630.612  1.3e-04        0.077     28.965        0.336       0.882
80000         0.311        0.893       1632.653  1.2e-06        0.076     31.883        0.336       0.882
