  t    train_loss    train_acc    train_epoch       lr    data_time    it_time
---  ------------  -----------  -------------  -------  -----------  ---------
100        36.818        0.683          2.041  1.0e-01        0.591     28.472
200        31.918        0.687          4.082  1.0e-01        0.083     24.435
300        35.613        0.685          6.122  1.0e-01        0.083     24.424
400        35.018        0.687          8.163  1.0e-01        0.080     24.000
500        31.736        0.691         10.204  9.9e-02        0.078     23.954
600        36.202        0.688         12.245  9.9e-02        0.079     23.956
700        32.804        0.694         14.286  9.9e-02        0.078     23.960
800        35.715        0.692         16.327  9.9e-02        0.078     23.964
900        32.280        0.693         18.367  9.9e-02        0.079     23.967
1000        33.404        0.690         20.408  9.9e-02        0.080     27.591       41.594       0.666
1100        31.590        0.692         22.449  9.9e-02        0.083     25.178       41.594       0.666
1200        30.748        0.695         24.490  9.9e-02        0.080     24.028       41.594       0.666
1300        33.533        0.693         26.531  9.8e-02        0.078     23.986       41.594       0.666
1400        30.031        0.693         28.571  9.8e-02        0.079     23.989       41.594       0.666
1500        34.332        0.692         30.612  9.8e-02        0.078     24.003       41.594       0.666
1600        33.993        0.693         32.653  9.8e-02        0.078     24.006       41.594       0.666
1700        31.733        0.697         34.694  9.8e-02        0.079     24.018       41.594       0.666
1800        32.398        0.695         36.735  9.8e-02        0.080     24.014       41.594       0.666
1900        31.759        0.692         38.776  9.8e-02        0.079     24.015       41.594       0.666
2000        29.041        0.696         40.816  9.8e-02        0.079     26.468       24.913       0.717
2100        30.257        0.695         42.857  9.7e-02        0.079     24.021       24.913       0.717
2200        31.399        0.693         44.898  9.7e-02        0.079     24.021       24.913       0.717
2300        29.801        0.697         46.939  9.7e-02        0.081     24.023       24.913       0.717
2400        30.932        0.695         48.980  9.7e-02        0.079     24.088       24.913       0.717
2500        32.548        0.694         51.020  9.7e-02        0.079     23.871       24.913       0.717
2600        29.361        0.701         53.061  9.7e-02        0.078     23.856       24.913       0.717
2700        31.159        0.695         55.102  9.7e-02        0.078     23.850       24.913       0.717
2800        30.660        0.697         57.143  9.7e-02        0.079     23.856       24.913       0.717
2900        30.326        0.700         59.184  9.6e-02        0.078     23.855       24.913       0.717
3000        31.543        0.695         61.224  9.6e-02        0.078     26.291       38.018       0.691
3100        31.222        0.697         63.265  9.6e-02        0.078     23.865       38.018       0.691
3200        31.090        0.698         65.306  9.6e-02        0.078     23.856       38.018       0.691
3300        30.236        0.698         67.347  9.6e-02        0.079     24.071       38.018       0.691
3400        29.250        0.699         69.388  9.6e-02        0.078     23.982       38.018       0.691
3500        28.883        0.698         71.429  9.6e-02        0.079     23.998       38.018       0.691
3600        28.299        0.698         73.469  9.6e-02        0.079     23.995       38.018       0.691
3700        32.546        0.696         75.510  9.5e-02        0.079     24.000       38.018       0.691
3800        31.140        0.699         77.551  9.5e-02        0.077     23.991       38.018       0.691
3900        29.415        0.698         79.592  9.5e-02        0.078     23.995       38.018       0.691
4000        28.072        0.701         81.633  9.5e-02        0.079     26.433       30.640       0.683
4100        31.907        0.696         83.673  9.5e-02        0.079     24.002       30.640       0.683
   t    train_loss    train_acc    train_epoch       lr    data_time    it_time    test_loss    test_acc
----  ------------  -----------  -------------  -------  -----------  ---------  -----------  ----------
4200        28.703        0.699         85.714  9.5e-02        0.080     23.996       30.640       0.683
4300        29.436        0.695         87.755  9.5e-02        0.079     24.005       30.640       0.683
4400        30.144        0.699         89.796  9.5e-02        0.080     24.009       30.640       0.683
4500        27.594        0.699         91.837  9.4e-02        0.079     24.103       30.640       0.683
4600        30.151        0.698         93.878  9.4e-02        0.079     23.909       30.640       0.683
4700        30.228        0.700         95.918  9.4e-02        0.079     23.880       30.640       0.683
4800        28.834        0.699         97.959  9.4e-02        0.080     23.880       30.640       0.683
4900        26.766        0.700        100.000  9.4e-02        0.077     23.839       30.640       0.683
5000        27.449        0.703        102.041  9.4e-02        0.078     26.310       28.747       0.669
5100        29.117        0.697        104.082  9.4e-02        0.078     23.881       28.747       0.669
5200        29.687        0.697        106.122  9.4e-02        0.078     23.879       28.747       0.669
5300        28.843        0.699        108.163  9.3e-02        0.077     23.885       28.747       0.669
5400        28.415        0.701        110.204  9.3e-02        0.078     23.881       28.747       0.669
5500        31.785        0.698        112.245  9.3e-02        0.077     23.880       28.747       0.669
5600        30.027        0.697        114.286  9.3e-02        0.078     23.877       28.747       0.669
5700        28.525        0.700        116.327  9.3e-02        0.077     23.882       28.747       0.669
5800        31.553        0.696        118.367  9.3e-02        0.078     23.881       28.747       0.669
5900        30.911        0.699        120.408  9.3e-02        0.077     23.881       28.747       0.669
6000        28.356        0.699        122.449  9.3e-02        0.078     26.312       42.270       0.714
6100        28.245        0.701        124.490  9.2e-02        0.077     23.880       42.270       0.714
6200        29.201        0.699        126.531  9.2e-02        0.077     23.879       42.270       0.714
6300        28.684        0.699        128.571  9.2e-02        0.078     23.881       42.270       0.714
6400        27.667        0.702        130.612  9.2e-02        0.077     23.875       42.270       0.714
6500        28.296        0.698        132.653  9.2e-02        0.078     23.877       42.270       0.714
6600        31.879        0.699        134.694  9.2e-02        0.078     23.881       42.270       0.714
6700        30.181        0.700        136.735  9.2e-02        0.078     23.881       42.270       0.714
6800        28.358        0.701        138.776  9.2e-02        0.078     23.879       42.270       0.714
6900        27.590        0.700        140.816  9.1e-02        0.077     23.884       42.270       0.714
7000        28.568        0.703        142.857  9.1e-02        0.078     26.312       21.283       0.705
7100        28.517        0.702        144.898  9.1e-02        0.079     23.880       21.283       0.705
7200        27.828        0.702        146.939  9.1e-02        0.078     23.885       21.283       0.705
7300        28.180        0.701        148.980  9.1e-02        0.077     23.883       21.283       0.705
7400        27.927        0.700        151.020  9.1e-02        0.077     23.836       21.283       0.705
7500        28.088        0.702        153.061  9.1e-02        0.077     23.877       21.283       0.705
7600        26.547        0.700        155.102  9.1e-02        0.078     23.874       21.283       0.705
7700        27.086        0.701        157.143  9.0e-02        0.079     23.872       21.283       0.705
7800        29.756        0.699        159.184  9.0e-02        0.079     23.877       21.283       0.705
7900        28.195        0.701        161.224  9.0e-02        0.080     23.877       21.283       0.705
8000        28.511        0.700        163.265  9.0e-02        0.078     26.312       33.170       0.705
8100        27.168        0.702        165.306  9.0e-02        0.077     23.884       33.170       0.705
8200        28.366        0.700        167.347  9.0e-02        0.077     23.880       33.170       0.705
   t    train_loss    train_acc    train_epoch       lr    data_time    it_time    test_loss    test_acc
----  ------------  -----------  -------------  -------  -----------  ---------  -----------  ----------
8300        29.198        0.700        169.388  9.0e-02        0.078     23.876       33.170       0.705
8400        27.982        0.701        171.429  9.0e-02        0.079     23.885       33.170       0.705
8500        30.202        0.697        173.469  8.9e-02        0.079     23.888       33.170       0.705
8600        29.268        0.702        175.510  8.9e-02        0.079     23.889       33.170       0.705
8700        29.502        0.702        177.551  8.9e-02        0.079     23.891       33.170       0.705
8800        26.634        0.700        179.592  8.9e-02        0.078     23.890       33.170       0.705
8900        25.128        0.706        181.633  8.9e-02        0.078     23.891       33.170       0.705
9000        25.924        0.702        183.673  8.9e-02        0.079     26.439       19.217       0.720
9100        30.453        0.699        185.714  8.9e-02        0.079     23.914       19.217       0.720
9200        28.658        0.704        187.755  8.9e-02        0.078     23.884       19.217       0.720
9300        29.660        0.701        189.796  8.8e-02        0.077     23.890       19.217       0.720
9400        26.656        0.702        191.837  8.8e-02        0.078     23.891       19.217       0.720
9500        26.652        0.705        193.878  8.8e-02        0.078     23.890       19.217       0.720
9600        25.350        0.703        195.918  8.8e-02        0.077     23.887       19.217       0.720
9700        26.491        0.699        197.959  8.8e-02        0.078     23.891       19.217       0.720
9800        26.673        0.702        200.000  8.8e-02        0.078     23.846       19.217       0.720
9900        28.202        0.698        202.041  8.8e-02        0.078     23.888       19.217       0.720
10000        28.693        0.701        204.082  8.8e-02        0.078     26.322       24.127       0.715
10100        26.635        0.703        206.122  8.7e-02        0.078     23.886       24.127       0.715
10200        26.564        0.701        208.163  8.7e-02        0.078     23.888       24.127       0.715
10300        28.708        0.700        210.204  8.7e-02        0.077     23.882       24.127       0.715
10400        25.583        0.703        212.245  8.7e-02        0.077     23.890       24.127       0.715
10500        28.344        0.700        214.286  8.7e-02        0.077     23.887       24.127       0.715
10600        25.808        0.700        216.327  8.7e-02        0.078     23.882       24.127       0.715
10700        26.824        0.703        218.367  8.7e-02        0.078     23.882       24.127       0.715
10800        28.354        0.700        220.408  8.7e-02        0.078     23.890       24.127       0.715
10900        24.331        0.702        222.449  8.6e-02        0.079     23.888       24.127       0.715
11000        26.380        0.702        224.490  8.6e-02        0.078     26.325       22.336       0.688
11100        28.392        0.701        226.531  8.6e-02        0.078     23.889       22.336       0.688
11200        28.521        0.700        228.571  8.6e-02        0.077     23.884       22.336       0.688
11300        25.226        0.704        230.612  8.6e-02        0.079     23.883       22.336       0.688
11400        28.503        0.698        232.653  8.6e-02        0.078     23.879       22.336       0.688
11500        24.064        0.705        234.694  8.6e-02        0.080     23.876       22.336       0.688
11600        25.504        0.703        236.735  8.6e-02        0.079     23.880       22.336       0.688
11700        25.688        0.700        238.776  8.5e-02        0.078     23.874       22.336       0.688
11800        26.561        0.700        240.816  8.5e-02        0.078     23.883       22.336       0.688
11900        25.868        0.702        242.857  8.5e-02        0.077     23.886       22.336       0.688
12000        26.012        0.702        244.898  8.5e-02        0.078     26.313       29.288       0.691
12100        26.290        0.704        246.939  8.5e-02        0.079     23.886       29.288       0.691
12200        26.459        0.700        248.980  8.5e-02        0.078     23.883       29.288       0.691
12300        25.209        0.703        251.020  8.5e-02        0.077     23.848       29.288       0.691
    t    train_loss    train_acc    train_epoch       lr    data_time    it_time    test_loss    test_acc
-----  ------------  -----------  -------------  -------  -----------  ---------  -----------  ----------
12400        24.188        0.701        253.061  8.5e-02        0.078     23.884       29.288       0.691
12500        25.148        0.702        255.102  8.4e-02        0.079     23.889       29.288       0.691
12600        25.160        0.702        257.143  8.4e-02        0.079     23.890       29.288       0.691
12700        25.077        0.702        259.184  8.4e-02        0.079     23.890       29.288       0.691
12800        24.388        0.702        261.224  8.4e-02        0.078     23.888       29.288       0.691
12900        27.352        0.704        263.265  8.4e-02        0.078     23.890       29.288       0.691
13000        26.631        0.700        265.306  8.4e-02        0.078     26.318       19.284       0.722
13100        25.729        0.702        267.347  8.4e-02        0.078     23.888       19.284       0.722
13200        28.939        0.699        269.388  8.4e-02        0.078     23.892       19.284       0.722
13300        26.564        0.704        271.429  8.3e-02        0.078     23.887       19.284       0.722
13400        23.857        0.706        273.469  8.3e-02        0.078     23.891       19.284       0.722
13500        25.640        0.698        275.510  8.3e-02        0.077     23.891       19.284       0.722
13600        23.951        0.702        277.551  8.3e-02        0.078     23.890       19.284       0.722
13700        24.773        0.705        279.592  8.3e-02        0.077     23.891       19.284       0.722
13800        24.271        0.702        281.633  8.3e-02        0.077     23.890       19.284       0.722
13900        25.410        0.702        283.673  8.3e-02        0.077     23.888       19.284       0.722
14000        27.258        0.703        285.714  8.3e-02        0.077     26.321       43.064       0.725
14100        25.366        0.703        287.755  8.2e-02        0.077     23.889       43.064       0.725
14200        26.904        0.700        289.796  8.2e-02        0.077     23.892       43.064       0.725
14300        25.550        0.701        291.837  8.2e-02        0.077     23.891       43.064       0.725
14400        25.457        0.702        293.878  8.2e-02        0.078     23.887       43.064       0.725
14500        26.983        0.701        295.918  8.2e-02        0.079     23.883       43.064       0.725
14600        26.515        0.703        297.959  8.2e-02        0.078     23.888       43.064       0.725
14700        23.999        0.703        300.000  8.2e-02        0.077     23.850       43.064       0.725
14800        22.291        0.705        302.041  8.2e-02        0.077     23.887       43.064       0.725
14900        25.030        0.701        304.082  8.1e-02        0.077     23.888       43.064       0.725
15000        23.832        0.705        306.122  8.1e-02        0.077     26.325       25.222       0.700
15100        25.097        0.702        308.163  8.1e-02        0.078     23.890       25.222       0.700
15200        25.699        0.705        310.204  8.1e-02        0.078     23.889       25.222       0.700
15300        24.379        0.700        312.245  8.1e-02        0.078     23.889       25.222       0.700
15400        24.767        0.703        314.286  8.1e-02        0.078     23.888       25.222       0.700
15500        23.990        0.701        316.327  8.1e-02        0.077     23.888       25.222       0.700
15600        26.819        0.702        318.367  8.1e-02        0.078     23.890       25.222       0.700
15700        23.344        0.706        320.408  8.0e-02        0.077     23.880       25.222       0.700
15800        25.336        0.701        322.449  8.0e-02        0.078     23.889       25.222       0.700
15900        25.467        0.703        324.490  8.0e-02        0.077     23.888       25.222       0.700
16000        24.280        0.703        326.531  8.0e-02        0.077     26.312       33.541       0.682
16100        23.474        0.706        328.571  8.0e-02        0.079     23.885       33.541       0.682
16200        24.820        0.701        330.612  8.0e-02        0.077     23.882       33.541       0.682
16300        25.054        0.703        332.653  8.0e-02        0.077     23.886       33.541       0.682
16400        24.537        0.703        334.694  8.0e-02        0.078     23.885       33.541       0.682
    t    train_loss    train_acc    train_epoch       lr    data_time    it_time    test_loss    test_acc
-----  ------------  -----------  -------------  -------  -----------  ---------  -----------  ----------
16500        25.524        0.701        336.735  7.9e-02        0.077     23.888       33.541       0.682
16600        24.962        0.705        338.776  7.9e-02        0.077     23.892       33.541       0.682
16700        23.179        0.706        340.816  7.9e-02        0.077     23.892       33.541       0.682
16800        22.313        0.704        342.857  7.9e-02        0.078     23.890       33.541       0.682
16900        23.173        0.701        344.898  7.9e-02        0.078     23.889       33.541       0.682
17000        23.270        0.702        346.939  7.9e-02        0.079     26.326       19.780       0.733
17100        22.448        0.704        348.980  7.9e-02        0.079     23.893       19.780       0.733
17200        23.259        0.704        351.020  7.9e-02        0.079     23.850       19.780       0.733
17300        24.925        0.700        353.061  7.8e-02        0.079     23.895       19.780       0.733
17400        23.473        0.704        355.102  7.8e-02        0.078     23.895       19.780       0.733
17500        24.515        0.703        357.143  7.8e-02        0.079     23.895       19.780       0.733
17600        25.439        0.702        359.184  7.8e-02        0.078     23.895       19.780       0.733
17700        23.940        0.703        361.224  7.8e-02        0.078     23.893       19.780       0.733
17800        25.820        0.704        363.265  7.8e-02        0.080     23.891       19.780       0.733
17900        24.630        0.705        365.306  7.8e-02        0.079     23.891       19.780       0.733
18000        25.020        0.702        367.347  7.8e-02        0.078     26.325       17.970       0.735
18100        22.715        0.705        369.388  7.7e-02        0.078     23.892       17.970       0.735
18200        24.219        0.703        371.429  7.7e-02        0.078     23.895       17.970       0.735
18300        25.059        0.703        373.469  7.7e-02        0.078     23.890       17.970       0.735
18400        21.584        0.703        375.510  7.7e-02        0.078     23.894       17.970       0.735
18500        23.958        0.702        377.551  7.7e-02        0.079     23.892       17.970       0.735
18600        21.848        0.707        379.592  7.7e-02        0.079     23.893       17.970       0.735
18700        23.830        0.704        381.633  7.7e-02        0.079     23.893       17.970       0.735
18800        21.415        0.705        383.673  7.7e-02        0.078     23.894       17.970       0.735
18900        22.637        0.706        385.714  7.6e-02        0.078     23.894       17.970       0.735
19000        23.811        0.702        387.755  7.6e-02        0.078     26.323       22.717       0.711
19100        24.394        0.701        389.796  7.6e-02        0.078     23.895       22.717       0.711
19200        22.625        0.705        391.837  7.6e-02        0.078     23.893       22.717       0.711
19300        22.353        0.704        393.878  7.6e-02        0.078     23.892       22.717       0.711
19400        23.456        0.703        395.918  7.6e-02        0.079     23.894       22.717       0.711
19500        22.319        0.704        397.959  7.6e-02        0.078     23.893       22.717       0.711
19600        22.956        0.705        400.000  7.6e-02        0.078     23.849       22.717       0.711
19700        22.121        0.704        402.041  7.5e-02        0.078     23.888       22.717       0.711
19800        21.845        0.703        404.082  7.5e-02        0.078     23.886       22.717       0.711
19900        23.663        0.703        406.122  7.5e-02        0.078     23.886       22.717       0.711
20000        22.031        0.703        408.163  7.5e-02        0.078     26.321       15.913       0.729
20100        22.934        0.701        410.204  7.5e-02        0.078     23.892       15.913       0.729
20200        24.149        0.702        412.245  7.5e-02        0.079     23.889       15.913       0.729
20300        21.986        0.704        414.286  7.5e-02        0.079     23.888       15.913       0.729
20400        19.802        0.705        416.327  7.5e-02        0.080     23.891       15.913       0.729
20500        24.745        0.702        418.367  7.4e-02        0.079     23.893       15.913       0.729
    t    train_loss    train_acc    train_epoch       lr    data_time    it_time    test_loss    test_acc
-----  ------------  -----------  -------------  -------  -----------  ---------  -----------  ----------
20600        22.826        0.703        420.408  7.4e-02        0.079     23.893       15.913       0.729
20700        22.677        0.703        422.449  7.4e-02        0.079     23.899       15.913       0.729
20800        21.873        0.704        424.490  7.4e-02        0.079     23.897       15.913       0.729
20900        23.111        0.703        426.531  7.4e-02        0.079     23.893       15.913       0.729
21000        23.713        0.705        428.571  7.4e-02        0.078     26.328       19.434       0.698
21100        22.923        0.702        430.612  7.4e-02        0.078     23.891       19.434       0.698
21200        21.569        0.703        432.653  7.4e-02        0.078     23.897       19.434       0.698
21300        21.669        0.704        434.694  7.3e-02        0.078     23.894       19.434       0.698
21400        24.531        0.702        436.735  7.3e-02        0.078     23.894       19.434       0.698
21500        22.384        0.705        438.776  7.3e-02        0.078     23.894       19.434       0.698
21600        21.553        0.704        440.816  7.3e-02        0.077     23.895       19.434       0.698
21700        21.338        0.705        442.857  7.3e-02        0.078     23.894       19.434       0.698
21800        25.741        0.703        444.898  7.3e-02        0.078     23.895       19.434       0.698
21900        21.713        0.704        446.939  7.3e-02        0.079     23.897       19.434       0.698
22000        20.843        0.704        448.980  7.3e-02        0.079     26.331       18.478       0.718
22100        23.970        0.700        451.020  7.2e-02        0.078     23.853       18.478       0.718
22200        20.632        0.707        453.061  7.2e-02        0.078     23.891       18.478       0.718
22300        24.033        0.700        455.102  7.2e-02        0.078     23.890       18.478       0.718
22400        22.929        0.702        457.143  7.2e-02        0.078     23.892       18.478       0.718
22500        25.583        0.701        459.184  7.2e-02        0.077     23.894       18.478       0.718
22600        21.406        0.705        461.224  7.2e-02        0.078     23.889       18.478       0.718
22700        23.583        0.704        463.265  7.2e-02        0.079     23.891       18.478       0.718
22800        22.381        0.706        465.306  7.2e-02        0.078     23.891       18.478       0.718
22900        21.452        0.705        467.347  7.1e-02        0.078     23.893       18.478       0.718
23000        20.325        0.705        469.388  7.1e-02        0.078     26.323       16.964       0.729
23100        24.108        0.698        471.429  7.1e-02        0.078     23.889       16.964       0.729
23200        20.369        0.707        473.469  7.1e-02        0.079     23.894       16.964       0.729
23300        19.968        0.705        475.510  7.1e-02        0.080     23.891       16.964       0.729
23400        20.748        0.708        477.551  7.1e-02        0.080     23.890       16.964       0.729
23500        21.903        0.703        479.592  7.1e-02        0.080     23.893       16.964       0.729
23600        20.366        0.705        481.633  7.1e-02        0.080     23.890       16.964       0.729
23700        24.584        0.701        483.673  7.0e-02        0.078     23.890       16.964       0.729
23800        19.470        0.710        485.714  7.0e-02        0.078     23.890       16.964       0.729
23900        21.931        0.703        487.755  7.0e-02        0.077     23.892       16.964       0.729
24000        21.126        0.707        489.796  7.0e-02        0.077     26.327       18.337       0.705
24100        19.805        0.706        491.837  7.0e-02        0.078     23.885       18.337       0.705
24200        23.165        0.703        493.878  7.0e-02        0.079     23.888       18.337       0.705
24300        20.212        0.704        495.918  7.0e-02        0.078     23.890       18.337       0.705
24400        18.416        0.709        497.959  7.0e-02        0.078     23.893       18.337       0.705
24500        22.591        0.703        500.000  6.9e-02        0.077     23.849       18.337       0.705
24600        20.064        0.703        502.041  6.9e-02        0.078     23.886       18.337       0.705
    t    train_loss    train_acc    train_epoch       lr    data_time    it_time    test_loss    test_acc
-----  ------------  -----------  -------------  -------  -----------  ---------  -----------  ----------
24700        21.480        0.704        504.082  6.9e-02        0.077     23.886       18.337       0.705
24800        19.772        0.708        506.122  6.9e-02        0.077     23.895       18.337       0.705
24900        20.653        0.704        508.163  6.9e-02        0.078     23.894       18.337       0.705
25000        19.562        0.703        510.204  6.9e-02        0.078     26.325       20.525       0.692
25100        22.003        0.701        512.245  6.9e-02        0.078     23.893       20.525       0.692
25200        19.905        0.706        514.286  6.9e-02        0.078     23.893       20.525       0.692
25300        19.953        0.706        516.327  6.8e-02        0.077     23.893       20.525       0.692
25400        20.788        0.704        518.367  6.8e-02        0.078     23.893       20.525       0.692
25500        19.578        0.706        520.408  6.8e-02        0.080     23.891       20.525       0.692
25600        22.015        0.698        522.449  6.8e-02        0.078     23.893       20.525       0.692
25700        20.489        0.706        524.490  6.8e-02        0.079     23.891       20.525       0.692
25800        21.351        0.705        526.531  6.8e-02        0.078     23.892       20.525       0.692
25900        20.332        0.704        528.571  6.8e-02        0.079     23.892       20.525       0.692
26000        21.411        0.704        530.612  6.8e-02        0.078     26.325       27.614       0.691
26100        19.331        0.708        532.653  6.7e-02        0.078     23.892       27.614       0.691
26200        22.122        0.702        534.694  6.7e-02        0.079     23.891       27.614       0.691
26300        19.344        0.707        536.735  6.7e-02        0.078     23.895       27.614       0.691
26400        20.624        0.702        538.776  6.7e-02        0.078     23.897       27.614       0.691
26500        20.774        0.704        540.816  6.7e-02        0.078     23.894       27.614       0.691
26600        20.312        0.705        542.857  6.7e-02        0.079     23.898       27.614       0.691
26700        20.803        0.703        544.898  6.7e-02        0.078     23.897       27.614       0.691
26800        21.814        0.703        546.939  6.7e-02        0.080     23.891       27.614       0.691
26900        18.625        0.707        548.980  6.6e-02        0.079     23.890       27.614       0.691
27000        18.925        0.705        551.020  6.6e-02        0.078     26.287       20.516       0.702
27100        19.639        0.703        553.061  6.6e-02        0.078     23.895       20.516       0.702
27200        19.738        0.707        555.102  6.6e-02        0.080     23.892       20.516       0.702
27300        19.243        0.706        557.143  6.6e-02        0.078     23.894       20.516       0.702
27400        19.665        0.706        559.184  6.6e-02        0.078     23.894       20.516       0.702
27500        18.159        0.704        561.224  6.6e-02        0.078     23.895       20.516       0.702
27600        17.771        0.706        563.265  6.6e-02        0.080     23.892       20.516       0.702
27700        20.995        0.701        565.306  6.5e-02        0.079     23.895       20.516       0.702
27800        20.695        0.706        567.347  6.5e-02        0.080     23.888       20.516       0.702
27900        19.698        0.708        569.388  6.5e-02        0.079     23.890       20.516       0.702
28000        18.854        0.703        571.429  6.5e-02        0.078     26.325       22.298       0.697
28100        19.765        0.703        573.469  6.5e-02        0.079     23.886       22.298       0.697
28200        16.295        0.712        575.510  6.5e-02        0.079     23.891       22.298       0.697
28300        18.570        0.706        577.551  6.5e-02        0.079     23.888       22.298       0.697
28400        17.638        0.707        579.592  6.5e-02        0.079     23.887       22.298       0.697
28500        19.132        0.702        581.633  6.4e-02        0.079     23.891       22.298       0.697
28600        19.885        0.705        583.673  6.4e-02        0.080     23.886       22.298       0.697
28700        19.674        0.705        585.714  6.4e-02        0.079     23.886       22.298       0.697
    t    train_loss    train_acc    train_epoch       lr    data_time    it_time    test_loss    test_acc
-----  ------------  -----------  -------------  -------  -----------  ---------  -----------  ----------
28800        17.451        0.706        587.755  6.4e-02        0.079     23.888       22.298       0.697
28900        19.357        0.703        589.796  6.4e-02        0.078     23.894       22.298       0.697
29000        18.797        0.704        591.837  6.4e-02        0.078     26.323       17.390       0.718
29100        16.666        0.706        593.878  6.4e-02        0.078     23.894       17.390       0.718
29200        18.294        0.702        595.918  6.4e-02        0.078     23.891       17.390       0.718
29300        19.783        0.704        597.959  6.3e-02        0.079     23.893       17.390       0.718
29400        17.686        0.705        600.000  6.3e-02        0.078     23.850       17.390       0.718
29500        18.616        0.704        602.041  6.3e-02        0.078     23.893       17.390       0.718
29600        21.860        0.703        604.082  6.3e-02        0.078     23.892       17.390       0.718
29700        19.391        0.704        606.122  6.3e-02        0.078     23.888       17.390       0.718
29800        18.195        0.706        608.163  6.3e-02        0.078     23.891       17.390       0.718
29900        19.307        0.707        610.204  6.3e-02        0.078     23.889       17.390       0.718
30000        16.975        0.708        612.245  6.3e-02        0.078     26.328       15.715       0.716
30100        18.840        0.705        614.286  6.2e-02        0.079     23.897       15.715       0.716
30200        17.503        0.706        616.327  6.2e-02        0.078     23.892       15.715       0.716
30300        18.397        0.704        618.367  6.2e-02        0.078     23.892       15.715       0.716
30400        19.161        0.703        620.408  6.2e-02        0.079     23.892       15.715       0.716
30500        18.686        0.706        622.449  6.2e-02        0.079     23.892       15.715       0.716
30600        18.176        0.706        624.490  6.2e-02        0.079     23.893       15.715       0.716
30700        19.730        0.702        626.531  6.2e-02        0.079     23.894       15.715       0.716
30800        17.565        0.709        628.571  6.2e-02        0.078     23.896       15.715       0.716
30900        21.533        0.701        630.612  6.1e-02        0.080     23.894       15.715       0.716
31000        18.070        0.708        632.653  6.1e-02        0.078     26.327       28.083       0.655
31100        19.426        0.704        634.694  6.1e-02        0.078     23.897       28.083       0.655
31200        17.750        0.705        636.735  6.1e-02        0.078     23.888       28.083       0.655
31300        18.859        0.705        638.776  6.1e-02        0.078     23.890       28.083       0.655
31400        18.329        0.705        640.816  6.1e-02        0.080     23.894       28.083       0.655
31500        18.192        0.704        642.857  6.1e-02        0.080     23.891       28.083       0.655
31600        17.224        0.705        644.898  6.1e-02        0.080     23.892       28.083       0.655
31700        16.972        0.708        646.939  6.0e-02        0.081     23.896       28.083       0.655
31800        18.147        0.705        648.980  6.0e-02        0.079     23.894       28.083       0.655
31900        18.478        0.703        651.020  6.0e-02        0.079     23.850       28.083       0.655
32000        17.187        0.704        653.061  6.0e-02        0.079     26.323       22.190       0.698
32100        18.877        0.705        655.102  6.0e-02        0.079     24.069       22.190       0.698
32200        17.329        0.708        657.143  6.0e-02        0.080     24.010       22.190       0.698
32300        18.680        0.702        659.184  6.0e-02        0.078     24.015       22.190       0.698
32400        18.397        0.705        661.224  6.0e-02        0.078     24.009       22.190       0.698
32500        17.387        0.706        663.265  5.9e-02        0.078     24.011       22.190       0.698
32600        18.207        0.706        665.306  5.9e-02        0.078     24.013       22.190       0.698
32700        18.735        0.705        667.347  5.9e-02        0.079     24.010       22.190       0.698
32800        19.134        0.706        669.388  5.9e-02        0.079     24.008       22.190       0.698
    t    train_loss    train_acc    train_epoch       lr    data_time    it_time    test_loss    test_acc
-----  ------------  -----------  -------------  -------  -----------  ---------  -----------  ----------
32900        16.657        0.709        671.429  5.9e-02        0.079     24.015       22.190       0.698
33000        17.210        0.707        673.469  5.9e-02        0.078     26.458       15.932       0.719
33100        18.443        0.701        675.510  5.9e-02        0.080     24.023       15.932       0.719
33200        18.414        0.707        677.551  5.9e-02        0.079     24.012       15.932       0.719
33300        16.367        0.708        679.592  5.8e-02        0.078     24.093       15.932       0.719
33400        17.867        0.704        681.633  5.8e-02        0.079     23.953       15.932       0.719
33500        17.130        0.706        683.673  5.8e-02        0.078     23.895       15.932       0.719
33600        17.402        0.705        685.714  5.8e-02        0.078     23.898       15.932       0.719
33700        16.556        0.706        687.755  5.8e-02        0.078     23.897       15.932       0.719
33800        17.182        0.708        689.796  5.8e-02        0.079     23.890       15.932       0.719
33900        19.137        0.704        691.837  5.8e-02        0.079     23.890       15.932       0.719
34000        18.956        0.700        693.878  5.8e-02        0.079     26.325       21.831       0.724
34100        18.476        0.704        695.918  5.7e-02        0.079     23.891       21.831       0.724
34200        16.829        0.709        697.959  5.7e-02        0.080     23.889       21.831       0.724
34300        16.243        0.705        700.000  5.7e-02        0.079     23.848       21.831       0.724
34400        20.527        0.702        702.041  5.7e-02        0.079     23.892       21.831       0.724
34500        15.807        0.707        704.082  5.7e-02        0.078     23.891       21.831       0.724
34600        16.779        0.706        706.122  5.7e-02        0.079     23.893       21.831       0.724
34700        16.555        0.706        708.163  5.7e-02        0.079     23.892       21.831       0.724
34800        16.202        0.707        710.204  5.7e-02        0.079     23.887       21.831       0.724
34900        15.849        0.710        712.245  5.6e-02        0.078     23.895       21.831       0.724
35000        16.860        0.701        714.286  5.6e-02        0.078     26.330       18.811       0.716
35100        16.894        0.705        716.327  5.6e-02        0.078     23.895       18.811       0.716
35200        15.967        0.707        718.367  5.6e-02        0.078     23.895       18.811       0.716
35300        16.622        0.706        720.408  5.6e-02        0.079     23.890       18.811       0.716
35400        16.014        0.707        722.449  5.6e-02        0.078     23.894       18.811       0.716
35500        16.229        0.705        724.490  5.6e-02        0.079     23.890       18.811       0.716
35600        17.116        0.706        726.531  5.6e-02        0.078     23.891       18.811       0.716
35700        17.158        0.708        728.571  5.5e-02        0.078     23.889       18.811       0.716
35800        17.604        0.705        730.612  5.5e-02        0.078     23.892       18.811       0.716
35900        14.932        0.711        732.653  5.5e-02        0.078     23.894       18.811       0.716
36000        15.406        0.707        734.694  5.5e-02        0.078     26.313       17.536       0.676
36100        16.316        0.705        736.735  5.5e-02        0.079     23.893       17.536       0.676
36200        15.832        0.708        738.776  5.5e-02        0.078     23.890       17.536       0.676
36300        15.582        0.709        740.816  5.5e-02        0.078     23.885       17.536       0.676
36400        15.556        0.707        742.857  5.5e-02        0.078     23.890       17.536       0.676
36500        16.695        0.704        744.898  5.4e-02        0.078     23.891       17.536       0.676
36600        16.636        0.707        746.939  5.4e-02        0.079     23.893       17.536       0.676
36700        16.159        0.705        748.980  5.4e-02        0.077     23.891       17.536       0.676
36800        15.126        0.709        751.020  5.4e-02        0.078     23.842       17.536       0.676
36900        14.725        0.707        753.061  5.4e-02        0.078     23.888       17.536       0.676
    t    train_loss    train_acc    train_epoch       lr    data_time    it_time    test_loss    test_acc
-----  ------------  -----------  -------------  -------  -----------  ---------  -----------  ----------
37000        15.305        0.708        755.102  5.4e-02        0.079     26.322       14.312       0.733
37100        14.609        0.708        757.143  5.4e-02        0.078     23.894       14.312       0.733
37200        15.849        0.706        759.184  5.4e-02        0.078     23.895       14.312       0.733
37300        16.613        0.708        761.224  5.3e-02        0.079     23.891       14.312       0.733
37400        15.398        0.708        763.265  5.3e-02        0.079     23.891       14.312       0.733
37500        15.728        0.705        765.306  5.3e-02        0.078     23.893       14.312       0.733
37600        15.529        0.707        767.347  5.3e-02        0.078     23.892       14.312       0.733
37700        16.839        0.702        769.388  5.3e-02        0.078     23.889       14.312       0.733
37800        16.816        0.704        771.429  5.3e-02        0.079     23.891       14.312       0.733
37900        15.985        0.706        773.469  5.3e-02        0.079     23.893       14.312       0.733
38000        14.484        0.708        775.510  5.3e-02        0.079     26.323       15.702       0.695
38100        16.499        0.704        777.551  5.2e-02        0.079     23.887       15.702       0.695
38200        15.125        0.708        779.592  5.2e-02        0.079     23.889       15.702       0.695
38300        16.767        0.703        781.633  5.2e-02        0.079     23.887       15.702       0.695
38400        16.477        0.705        783.673  5.2e-02        0.078     23.890       15.702       0.695
38500        16.005        0.704        785.714  5.2e-02        0.078     23.892       15.702       0.695
38600        15.760        0.707        787.755  5.2e-02        0.079     23.890       15.702       0.695
38700        15.282        0.709        789.796  5.2e-02        0.078     23.891       15.702       0.695
38800        17.791        0.705        791.837  5.2e-02        0.078     23.892       15.702       0.695
38900        14.484        0.709        793.878  5.1e-02        0.079     23.890       15.702       0.695
39000        15.486        0.705        795.918  5.1e-02        0.079     26.327       15.866       0.701
39100        15.822        0.705        797.959  5.1e-02        0.080     23.886       15.866       0.701
39200        14.796        0.709        800.000  5.1e-02        0.078     23.847       15.866       0.701
39300        14.897        0.707        802.041  5.1e-02        0.079     23.892       15.866       0.701
39400        14.513        0.707        804.082  5.1e-02        0.078     23.890       15.866       0.701
39500        14.209        0.707        806.122  5.1e-02        0.078     23.888       15.866       0.701
39600        15.024        0.705        808.163  5.1e-02        0.079     23.895       15.866       0.701
39700        16.094        0.705        810.204  5.0e-02        0.078     23.892       15.866       0.701
39800        17.876        0.706        812.245  5.0e-02        0.078     23.894       15.866       0.701
39900        15.109        0.707        814.286  5.0e-02        0.078     23.890       15.866       0.701
40000        14.851        0.707        816.327  5.0e-02        0.078     26.329       11.137       0.730
40100        14.374        0.708        818.367  5.0e-02        0.079     23.888       11.137       0.730
40200        13.960        0.709        820.408  5.0e-02        0.078     23.885       11.137       0.730
40300        15.494        0.704        822.449  5.0e-02        0.078     23.890       11.137       0.730
40400        15.734        0.704        824.490  5.0e-02        0.078     23.890       11.137       0.730
40500        14.292        0.705        826.531  4.9e-02        0.078     23.887       11.137       0.730
40600        13.791        0.710        828.571  4.9e-02        0.078     23.882       11.137       0.730
40700        13.402        0.708        830.612  4.9e-02        0.078     23.886       11.137       0.730
40800        14.391        0.708        832.653  4.9e-02        0.079     23.889       11.137       0.730
40900        13.954        0.707        834.694  4.9e-02        0.078     23.890       11.137       0.730
41000        14.882        0.705        836.735  4.9e-02        0.078     26.350       12.449       0.717
    t    train_loss    train_acc    train_epoch       lr    data_time    it_time    test_loss    test_acc
-----  ------------  -----------  -------------  -------  -----------  ---------  -----------  ----------
41100        13.641        0.708        838.776  4.9e-02        0.078     23.887       12.449       0.717
41200        14.322        0.708        840.816  4.9e-02        0.079     23.886       12.449       0.717
41300        14.136        0.708        842.857  4.8e-02        0.079     23.889       12.449       0.717
41400        13.621        0.709        844.898  4.8e-02        0.078     23.886       12.449       0.717
41500        15.853        0.702        846.939  4.8e-02        0.079     23.891       12.449       0.717
41600        16.423        0.706        848.980  4.8e-02        0.079     23.888       12.449       0.717
41700        14.159        0.707        851.020  4.8e-02        0.078     23.849       12.449       0.717
41800        14.410        0.705        853.061  4.8e-02        0.078     23.884       12.449       0.717
41900        13.487        0.707        855.102  4.8e-02        0.078     23.888       12.449       0.717
42000        15.686        0.709        857.143  4.8e-02        0.078     26.354       15.393       0.708
42100        14.058        0.710        859.184  4.7e-02        0.079     23.888       15.393       0.708
42200        14.576        0.707        861.224  4.7e-02        0.078     23.889       15.393       0.708
42300        13.285        0.713        863.265  4.7e-02        0.079     23.888       15.393       0.708
42400        13.434        0.707        865.306  4.7e-02        0.078     23.892       15.393       0.708
42500        14.040        0.710        867.347  4.7e-02        0.079     23.886       15.393       0.708
42600        13.745        0.707        869.388  4.7e-02        0.078     23.890       15.393       0.708
42700        13.694        0.708        871.429  4.7e-02        0.080     23.889       15.393       0.708
42800        14.087        0.709        873.469  4.7e-02        0.078     23.892       15.393       0.708
42900        14.204        0.707        875.510  4.6e-02        0.078     23.886       15.393       0.708
43000        13.675        0.706        877.551  4.6e-02        0.077     26.328       10.406       0.717
43100        12.812        0.709        879.592  4.6e-02        0.078     23.891       10.406       0.717
43200        13.364        0.710        881.633  4.6e-02        0.078     23.888       10.406       0.717
43300        14.600        0.701        883.673  4.6e-02        0.079     23.889       10.406       0.717
43400        13.433        0.711        885.714  4.6e-02        0.078     23.890       10.406       0.717
43500        13.837        0.709        887.755  4.6e-02        0.078     23.892       10.406       0.717
43600        14.058        0.710        889.796  4.6e-02        0.079     23.890       10.406       0.717
43700        14.158        0.704        891.837  4.5e-02        0.078     23.892       10.406       0.717
43800        13.772        0.707        893.878  4.5e-02        0.079     23.886       10.406       0.717
43900        12.806        0.710        895.918  4.5e-02        0.079     23.886       10.406       0.717
44000        12.922        0.710        897.959  4.5e-02        0.080     26.356       15.392       0.702
44100        14.352        0.707        900.000  4.5e-02        0.081     23.849       15.392       0.702
44200        13.216        0.707        902.041  4.5e-02        0.079     23.890       15.392       0.702
44300        13.639        0.708        904.082  4.5e-02        0.079     23.889       15.392       0.702
44400        12.653        0.710        906.122  4.5e-02        0.080     23.883       15.392       0.702
44500        13.682        0.707        908.163  4.4e-02        0.079     23.887       15.392       0.702
44600        12.407        0.710        910.204  4.4e-02        0.080     23.888       15.392       0.702
44700        12.828        0.708        912.245  4.4e-02        0.079     23.908       15.392       0.702
44800        12.212        0.710        914.286  4.4e-02        0.081     24.309       15.392       0.702
44900        12.801        0.708        916.327  4.4e-02        0.083     24.089       15.392       0.702
45000        13.435        0.708        918.367  4.4e-02        0.080     26.452       13.084       0.709
45100        12.798        0.706        920.408  4.4e-02        0.082     24.013       13.084       0.709
    t    train_loss    train_acc    train_epoch       lr    data_time    it_time    test_loss    test_acc
-----  ------------  -----------  -------------  -------  -----------  ---------  -----------  ----------
45200        11.613        0.711        922.449  4.4e-02        0.081     24.011       13.084       0.709
45300        11.631        0.710        924.490  4.3e-02        0.081     24.014       13.084       0.709
45400        12.910        0.707        926.531  4.3e-02        0.081     24.023       13.084       0.709
45500        12.887        0.705        928.571  4.3e-02        0.080     24.014       13.084       0.709
45600        12.954        0.710        930.612  4.3e-02        0.081     24.023       13.084       0.709
45700        12.324        0.708        932.653  4.3e-02        0.081     24.019       13.084       0.709
45800        13.812        0.705        934.694  4.3e-02        0.080     24.024       13.084       0.709
45900        12.081        0.711        936.735  4.3e-02        0.080     24.019       13.084       0.709
46000        12.263        0.710        938.776  4.3e-02        0.080     26.462       11.672       0.713
46100        12.504        0.710        940.816  4.2e-02        0.082     24.095       11.672       0.713
46200        11.618        0.711        942.857  4.2e-02        0.079     23.898       11.672       0.713
46300        12.802        0.706        944.898  4.2e-02        0.081     23.892       11.672       0.713
46400        12.110        0.709        946.939  4.2e-02        0.081     23.894       11.672       0.713
46500        13.265        0.706        948.980  4.2e-02        0.080     23.896       11.672       0.713
46600        11.926        0.712        951.020  4.2e-02        0.079     23.857       11.672       0.713
46700        12.952        0.706        953.061  4.2e-02        0.079     23.894       11.672       0.713
46800        11.060        0.714        955.102  4.2e-02        0.080     23.895       11.672       0.713
46900        12.308        0.706        957.143  4.1e-02        0.080     23.900       11.672       0.713
47000        11.169        0.712        959.184  4.1e-02        0.079     26.335       14.027       0.699
47100        13.034        0.706        961.224  4.1e-02        0.079     23.894       14.027       0.699
47200        11.226        0.711        963.265  4.1e-02        0.080     23.897       14.027       0.699
47300        11.755        0.709        965.306  4.1e-02        0.079     23.900       14.027       0.699
47400        11.896        0.710        967.347  4.1e-02        0.080     23.896       14.027       0.699
47500        11.357        0.709        969.388  4.1e-02        0.079     23.899       14.027       0.699
47600        11.224        0.712        971.429  4.1e-02        0.080     23.896       14.027       0.699
47700        12.395        0.708        973.469  4.0e-02        0.080     23.893       14.027       0.699
47800        12.561        0.709        975.510  4.0e-02        0.080     23.892       14.027       0.699
47900        11.426        0.711        977.551  4.0e-02        0.081     23.895       14.027       0.699
48000        11.649        0.706        979.592  4.0e-02        0.078     26.330       10.270       0.737
48100        10.827        0.712        981.633  4.0e-02        0.079     23.898       10.270       0.737
48200        10.893        0.709        983.673  4.0e-02        0.081     23.891       10.270       0.737
48300        10.645        0.711        985.714  4.0e-02        0.080     23.893       10.270       0.737
48400        10.965        0.708        987.755  4.0e-02        0.079     23.893       10.270       0.737
48500        12.127        0.708        989.796  3.9e-02        0.080     23.891       10.270       0.737
48600        11.174        0.709        991.837  3.9e-02        0.080     23.893       10.270       0.737
48700        10.882        0.711        993.878  3.9e-02        0.079     23.890       10.270       0.737
48800        11.292        0.707        995.918  3.9e-02        0.078     23.893       10.270       0.737
48900        10.772        0.709        997.959  3.9e-02        0.080     23.893       10.270       0.737
49000        11.341        0.709       1000.000  3.9e-02        0.078     26.290       11.059       0.710
49100        10.123        0.712       1002.041  3.9e-02        0.078     23.888       11.059       0.710
49200        12.009        0.704       1004.082  3.9e-02        0.079     23.889       11.059       0.710
    t    train_loss    train_acc    train_epoch       lr    data_time    it_time    test_loss    test_acc
-----  ------------  -----------  -------------  -------  -----------  ---------  -----------  ----------
49300        11.532        0.709       1006.122  3.8e-02        0.079     23.890       11.059       0.710
49400        10.428        0.710       1008.163  3.8e-02        0.080     23.895       11.059       0.710
49500        11.437        0.709       1010.204  3.8e-02        0.079     23.897       11.059       0.710
49600        10.693        0.711       1012.245  3.8e-02        0.079     23.896       11.059       0.710
49700        10.988        0.708       1014.286  3.8e-02        0.081     23.898       11.059       0.710
49800        10.737        0.709       1016.327  3.8e-02        0.080     23.901       11.059       0.710
49900        10.985        0.709       1018.367  3.8e-02        0.079     23.896       11.059       0.710
50000        10.233        0.712       1020.408  3.8e-02        0.080     26.340       10.425       0.680
50100        11.023        0.710       1022.449  3.7e-02        0.080     23.896       10.425       0.680
50200        10.913        0.710       1024.490  3.7e-02        0.080     23.898       10.425       0.680
50300         9.806        0.715       1026.531  3.7e-02        0.080     23.898       10.425       0.680
50400        11.235        0.706       1028.571  3.7e-02        0.080     23.895       10.425       0.680
50500         9.787        0.712       1030.612  3.7e-02        0.079     23.901       10.425       0.680
50600        10.313        0.710       1032.653  3.7e-02        0.079     23.898       10.425       0.680
50700        11.261        0.710       1034.694  3.7e-02        0.078     23.895       10.425       0.680
50800        10.551        0.709       1036.735  3.7e-02        0.079     23.901       10.425       0.680
50900        10.437        0.710       1038.776  3.6e-02        0.079     23.897       10.425       0.680
51000        11.155        0.708       1040.816  3.6e-02        0.078     26.341        8.836       0.743
51100        10.284        0.710       1042.857  3.6e-02        0.079     23.896        8.836       0.743
51200        11.885        0.710       1044.898  3.6e-02        0.079     23.899        8.836       0.743
51300         9.255        0.714       1046.939  3.6e-02        0.080     23.898        8.836       0.743
51400        11.405        0.708       1048.980  3.6e-02        0.079     23.898        8.836       0.743
51500        10.024        0.712       1051.020  3.6e-02        0.078     23.860        8.836       0.743
51600         9.230        0.714       1053.061  3.6e-02        0.079     23.899        8.836       0.743
51700        11.357        0.708       1055.102  3.5e-02        0.079     23.899        8.836       0.743
51800        10.611        0.708       1057.143  3.5e-02        0.080     23.899        8.836       0.743
51900        10.331        0.708       1059.184  3.5e-02        0.078     23.895        8.836       0.743
52000        10.116        0.707       1061.224  3.5e-02        0.079     26.331       16.894       0.665
52100         9.770        0.712       1063.265  3.5e-02        0.079     23.898       16.894       0.665
52200         9.900        0.712       1065.306  3.5e-02        0.080     23.896       16.894       0.665
52300         9.557        0.710       1067.347  3.5e-02        0.080     23.902       16.894       0.665
52400        10.415        0.710       1069.388  3.5e-02        0.080     23.892       16.894       0.665
52500         8.640        0.716       1071.429  3.4e-02        0.079     23.891       16.894       0.665
52600        10.197        0.711       1073.469  3.4e-02        0.080     23.894       16.894       0.665
52700         9.680        0.712       1075.510  3.4e-02        0.080     23.895       16.894       0.665
52800         8.985        0.712       1077.551  3.4e-02        0.079     23.893       16.894       0.665
52900         9.932        0.708       1079.592  3.4e-02        0.079     23.891       16.894       0.665
53000        10.209        0.711       1081.633  3.4e-02        0.081     26.322        9.448       0.716
53100         9.005        0.713       1083.673  3.4e-02        0.080     23.894        9.448       0.716
53200         9.877        0.709       1085.714  3.4e-02        0.079     23.889        9.448       0.716
53300         9.298        0.712       1087.755  3.3e-02        0.080     23.889        9.448       0.716
    t    train_loss    train_acc    train_epoch       lr    data_time    it_time    test_loss    test_acc
-----  ------------  -----------  -------------  -------  -----------  ---------  -----------  ----------
53400         9.598        0.710       1089.796  3.3e-02        0.079     23.888        9.448       0.716
53500         9.633        0.710       1091.837  3.3e-02        0.079     23.893        9.448       0.716
53600         9.902        0.708       1093.878  3.3e-02        0.079     23.897        9.448       0.716
53700         9.893        0.712       1095.918  3.3e-02        0.079     23.899        9.448       0.716
53800        10.024        0.712       1097.959  3.3e-02        0.080     23.895        9.448       0.716
53900         9.017        0.712       1100.000  3.3e-02        0.079     23.853        9.448       0.716
54000        10.007        0.710       1102.041  3.3e-02        0.079     26.335        6.100       0.726
54100         9.629        0.711       1104.082  3.2e-02        0.079     23.897        6.100       0.726
54200         9.270        0.709       1106.122  3.2e-02        0.078     23.896        6.100       0.726
54300         8.650        0.715       1108.163  3.2e-02        0.078     23.899        6.100       0.726
54400         9.136        0.710       1110.204  3.2e-02        0.079     23.898        6.100       0.726
54500         8.540        0.714       1112.245  3.2e-02        0.080     23.895        6.100       0.726
54600         8.960        0.714       1114.286  3.2e-02        0.080     23.893        6.100       0.726
54700         9.317        0.714       1116.327  3.2e-02        0.079     23.892        6.100       0.726
54800         8.425        0.713       1118.367  3.2e-02        0.078     23.892        6.100       0.726
54900         8.716        0.711       1120.408  3.1e-02        0.079     23.893        6.100       0.726
55000         9.004        0.709       1122.449  3.1e-02        0.079     26.338       10.068       0.702
55100         9.243        0.712       1124.490  3.1e-02        0.080     23.890       10.068       0.702
55200         8.460        0.710       1126.531  3.1e-02        0.079     23.892       10.068       0.702
55300         8.910        0.709       1128.571  3.1e-02        0.079     23.890       10.068       0.702
55400         8.589        0.711       1130.612  3.1e-02        0.078     23.894       10.068       0.702
55500         8.365        0.715       1132.653  3.1e-02        0.079     23.900       10.068       0.702
55600         9.826        0.709       1134.694  3.1e-02        0.079     23.898       10.068       0.702
55700         8.807        0.711       1136.735  3.0e-02        0.081     23.895       10.068       0.702
55800         8.701        0.711       1138.776  3.0e-02        0.079     23.892       10.068       0.702
55900         9.311        0.711       1140.816  3.0e-02        0.079     23.889       10.068       0.702
56000         8.085        0.715       1142.857  3.0e-02        0.078     26.330        8.126       0.712
56100         7.826        0.714       1144.898  3.0e-02        0.079     23.893        8.126       0.712
56200         8.821        0.712       1146.939  3.0e-02        0.080     23.896        8.126       0.712
56300         8.039        0.714       1148.980  3.0e-02        0.078     23.899        8.126       0.712
56400         8.038        0.711       1151.020  3.0e-02        0.078     23.850        8.126       0.712
56500         9.005        0.711       1153.061  2.9e-02        0.079     23.888        8.126       0.712
56600         8.040        0.716       1155.102  2.9e-02        0.078     23.892        8.126       0.712
56700         8.089        0.713       1157.143  2.9e-02        0.079     23.889        8.126       0.712
56800         8.513        0.711       1159.184  2.9e-02        0.080     23.889        8.126       0.712
56900         7.478        0.716       1161.224  2.9e-02        0.081     23.892        8.126       0.712
57000         8.462        0.711       1163.265  2.9e-02        0.079     26.331        6.268       0.754
57100         8.072        0.711       1165.306  2.9e-02        0.079     23.890        6.268       0.754
57200         8.320        0.711       1167.347  2.9e-02        0.079     23.892        6.268       0.754
57300         8.224        0.714       1169.388  2.8e-02        0.079     23.891        6.268       0.754
57400         7.942        0.714       1171.429  2.8e-02        0.079     23.889        6.268       0.754
    t    train_loss    train_acc    train_epoch       lr    data_time    it_time    test_loss    test_acc
-----  ------------  -----------  -------------  -------  -----------  ---------  -----------  ----------
57500         7.813        0.715       1173.469  2.8e-02        0.078     23.893        6.268       0.754
57600         7.227        0.714       1175.510  2.8e-02        0.079     23.895        6.268       0.754
57700         7.292        0.715       1177.551  2.8e-02        0.079     23.893        6.268       0.754
57800         7.608        0.713       1179.592  2.8e-02        0.078     23.896        6.268       0.754
57900         7.624        0.715       1181.633  2.8e-02        0.079     23.896        6.268       0.754
58000         8.170        0.710       1183.673  2.8e-02        0.079     26.322        6.490       0.712
58100         7.620        0.713       1185.714  2.7e-02        0.079     23.897        6.490       0.712
58200         7.790        0.713       1187.755  2.7e-02        0.079     23.891        6.490       0.712
58300         6.916        0.716       1189.796  2.7e-02        0.078     23.891        6.490       0.712
58400         7.788        0.713       1191.837  2.7e-02        0.078     23.894        6.490       0.712
58500         7.739        0.714       1193.878  2.7e-02        0.079     23.897        6.490       0.712
58600         7.548        0.713       1195.918  2.7e-02        0.079     23.896        6.490       0.712
58700         7.417        0.714       1197.959  2.7e-02        0.081     23.893        6.490       0.712
58800         7.403        0.712       1200.000  2.7e-02        0.079     23.851        6.490       0.712
58900         7.181        0.715       1202.041  2.6e-02        0.079     23.895        6.490       0.712
59000         7.963        0.712       1204.082  2.6e-02        0.079     26.333        6.882       0.728
59100         7.559        0.713       1206.122  2.6e-02        0.079     23.897        6.882       0.728
59200         6.826        0.718       1208.163  2.6e-02        0.078     23.898        6.882       0.728
59300         7.182        0.714       1210.204  2.6e-02        0.078     23.898        6.882       0.728
59400         7.531        0.714       1212.245  2.6e-02        0.079     23.897        6.882       0.728
59500         6.890        0.715       1214.286  2.6e-02        0.079     23.890        6.882       0.728
59600         7.339        0.714       1216.327  2.6e-02        0.079     23.891        6.882       0.728
59700         6.269        0.721       1218.367  2.5e-02        0.079     23.892        6.882       0.728
59800         7.206        0.710       1220.408  2.5e-02        0.079     23.896        6.882       0.728
59900         6.808        0.715       1222.449  2.5e-02        0.079     23.898        6.882       0.728
60000         6.868        0.713       1224.490  2.5e-02        0.079     26.333        6.087       0.724
60100         6.845        0.714       1226.531  2.5e-02        0.079     23.893        6.087       0.724
60200         7.217        0.712       1228.571  2.5e-02        0.078     23.897        6.087       0.724
60300         6.446        0.718       1230.612  2.5e-02        0.079     23.896        6.087       0.724
60400         7.197        0.712       1232.653  2.5e-02        0.079     23.895        6.087       0.724
60500         6.454        0.718       1234.694  2.4e-02        0.079     23.892        6.087       0.724
60600         7.158        0.713       1236.735  2.4e-02        0.079     23.890        6.087       0.724
60700         6.346        0.718       1238.776  2.4e-02        0.078     23.891        6.087       0.724
60800         6.590        0.714       1240.816  2.4e-02        0.079     23.891        6.087       0.724
60900         6.436        0.718       1242.857  2.4e-02        0.078     23.892        6.087       0.724
61000         6.639        0.715       1244.898  2.4e-02        0.078     26.330        5.321       0.741
61100         6.583        0.716       1246.939  2.4e-02        0.080     23.888        5.321       0.741
61200         6.186        0.717       1248.980  2.4e-02        0.078     23.890        5.321       0.741
61300         6.202        0.718       1251.020  2.3e-02        0.078     23.852        5.321       0.741
61400         5.948        0.718       1253.061  2.3e-02        0.079     23.889        5.321       0.741
61500         7.034        0.713       1255.102  2.3e-02        0.079     23.888        5.321       0.741
    t    train_loss    train_acc    train_epoch       lr    data_time    it_time    test_loss    test_acc
-----  ------------  -----------  -------------  -------  -----------  ---------  -----------  ----------
61600         7.188        0.711       1257.143  2.3e-02        0.078     23.890        5.321       0.741
61700         6.142        0.718       1259.184  2.3e-02        0.079     23.895        5.321       0.741
61800         6.201        0.719       1261.224  2.3e-02        0.079     23.892        5.321       0.741
61900         6.109        0.715       1263.265  2.3e-02        0.079     23.892        5.321       0.741
62000         6.312        0.717       1265.306  2.3e-02        0.079     26.328        5.393       0.733
62100         6.064        0.717       1267.347  2.2e-02        0.079     23.893        5.393       0.733
62200         5.527        0.722       1269.388  2.2e-02        0.078     23.893        5.393       0.733
62300         5.588        0.717       1271.429  2.2e-02        0.079     23.892        5.393       0.733
62400         5.768        0.718       1273.469  2.2e-02        0.079     23.891        5.393       0.733
62500         6.663        0.714       1275.510  2.2e-02        0.079     23.888        5.393       0.733
62600         5.723        0.718       1277.551  2.2e-02        0.080     23.889        5.393       0.733
62700         6.024        0.718       1279.592  2.2e-02        0.078     23.889        5.393       0.733
62800         5.575        0.721       1281.633  2.2e-02        0.079     23.887        5.393       0.733
62900         6.325        0.712       1283.673  2.1e-02        0.079     23.890        5.393       0.733
63000         5.554        0.721       1285.714  2.1e-02        0.079     26.324        3.717       0.752
63100         6.384        0.713       1287.755  2.1e-02        0.080     23.892        3.717       0.752
63200         5.145        0.722       1289.796  2.1e-02        0.080     23.886        3.717       0.752
63300         5.499        0.716       1291.837  2.1e-02        0.079     23.889        3.717       0.752
63400         6.145        0.717       1293.878  2.1e-02        0.081     23.887        3.717       0.752
63500         6.018        0.714       1295.918  2.1e-02        0.080     23.889        3.717       0.752
63600         5.817        0.718       1297.959  2.1e-02        0.081     23.887        3.717       0.752
63700         5.000        0.721       1300.000  2.0e-02        0.080     23.848        3.717       0.752
63800         5.265        0.720       1302.041  2.0e-02        0.080     23.889        3.717       0.752
63900         5.875        0.716       1304.082  2.0e-02        0.079     23.888        3.717       0.752
64000         5.359        0.719       1306.122  2.0e-02        0.080     26.321        4.666       0.717
64100         5.215        0.718       1308.163  2.0e-02        0.079     23.889        4.666       0.717
64200         4.987        0.723       1310.204  2.0e-02        0.079     23.892        4.666       0.717
64300         5.382        0.718       1312.245  2.0e-02        0.079     23.892        4.666       0.717
64400         5.227        0.718       1314.286  2.0e-02        0.079     23.890        4.666       0.717
64500         5.154        0.719       1316.327  1.9e-02        0.079     23.892        4.666       0.717
64600         5.594        0.720       1318.367  1.9e-02        0.080     23.890        4.666       0.717
64700         4.730        0.721       1320.408  1.9e-02        0.079     23.883        4.666       0.717
64800         5.043        0.719       1322.449  1.9e-02        0.079     23.887        4.666       0.717
64900         4.762        0.722       1324.490  1.9e-02        0.080     23.883        4.666       0.717
65000         5.338        0.716       1326.531  1.9e-02        0.079     26.319        6.549       0.693
65100         5.010        0.721       1328.571  1.9e-02        0.078     23.885        6.549       0.693
65200         4.751        0.720       1330.612  1.9e-02        0.080     23.887        6.549       0.693
65300         5.030        0.723       1332.653  1.8e-02        0.079     23.885        6.549       0.693
65400         4.478        0.723       1334.694  1.8e-02        0.080     23.884        6.549       0.693
65500         4.598        0.721       1336.735  1.8e-02        0.080     23.884        6.549       0.693
65600         4.675        0.722       1338.776  1.8e-02        0.082     23.886        6.549       0.693
    t    train_loss    train_acc    train_epoch       lr    data_time    it_time    test_loss    test_acc
-----  ------------  -----------  -------------  -------  -----------  ---------  -----------  ----------
65700         4.660        0.718       1340.816  1.8e-02        0.081     23.887        6.549       0.693
65800         4.923        0.720       1342.857  1.8e-02        0.081     23.891        6.549       0.693
65900         4.594        0.722       1344.898  1.8e-02        0.079     23.894        6.549       0.693
66000         4.413        0.725       1346.939  1.8e-02        0.080     26.335        3.748       0.751
66100         4.334        0.722       1348.980  1.7e-02        0.080     23.892        3.748       0.751
66200         4.532        0.720       1351.020  1.7e-02        0.079     23.849        3.748       0.751
66300         4.681        0.719       1353.061  1.7e-02        0.079     23.890        3.748       0.751
66400         4.371        0.719       1355.102  1.7e-02        0.079     23.886        3.748       0.751
66500         4.551        0.720       1357.143  1.7e-02        0.078     23.888        3.748       0.751
66600         4.007        0.725       1359.184  1.7e-02        0.078     23.889        3.748       0.751
66700         4.558        0.722       1361.224  1.7e-02        0.079     23.886        3.748       0.751
66800         4.286        0.721       1363.265  1.7e-02        0.079     23.890        3.748       0.751
66900         4.167        0.723       1365.306  1.6e-02        0.081     23.890        3.748       0.751
67000         4.376        0.722       1367.347  1.6e-02        0.080     26.318        3.325       0.747
67100         4.382        0.720       1369.388  1.6e-02        0.081     23.889        3.325       0.747
67200         4.357        0.724       1371.429  1.6e-02        0.080     23.891        3.325       0.747
67300         4.136        0.723       1373.469  1.6e-02        0.079     23.891        3.325       0.747
67400         3.912        0.725       1375.510  1.6e-02        0.082     23.890        3.325       0.747
67500         4.060        0.722       1377.551  1.6e-02        0.081     23.889        3.325       0.747
67600         3.864        0.728       1379.592  1.6e-02        0.081     23.892        3.325       0.747
67700         3.922        0.722       1381.633  1.5e-02        0.080     23.888        3.325       0.747
67800         3.857        0.725       1383.673  1.5e-02        0.080     23.890        3.325       0.747
67900         3.906        0.726       1385.714  1.5e-02        0.082     23.891        3.325       0.747
68000         3.693        0.727       1387.755  1.5e-02        0.081     26.327        5.846       0.693
68100         3.767        0.725       1389.796  1.5e-02        0.080     23.887        5.846       0.693
68200         4.061        0.723       1391.837  1.5e-02        0.080     23.887        5.846       0.693
68300         3.829        0.723       1393.878  1.5e-02        0.081     23.891        5.846       0.693
68400         3.546        0.727       1395.918  1.5e-02        0.081     23.888        5.846       0.693
68500         3.529        0.727       1397.959  1.4e-02        0.083     23.900        5.846       0.693
68600         4.042        0.721       1400.000  1.4e-02        0.081     23.852        5.846       0.693
68700         3.899        0.726       1402.041  1.4e-02        0.080     23.890        5.846       0.693
68800         4.066        0.719       1404.082  1.4e-02        0.080     23.885        5.846       0.693
68900         3.578        0.725       1406.122  1.4e-02        0.081     23.884        5.846       0.693
69000         3.373        0.730       1408.163  1.4e-02        0.079     26.316        3.001       0.718
69100         3.249        0.729       1410.204  1.4e-02        0.078     23.884        3.001       0.718
69200         3.445        0.724       1412.245  1.4e-02        0.079     23.886        3.001       0.718
69300         3.310        0.729       1414.286  1.3e-02        0.079     23.883        3.001       0.718
69400         3.179        0.729       1416.327  1.3e-02        0.079     23.884        3.001       0.718
69500         3.122        0.731       1418.367  1.3e-02        0.079     23.884        3.001       0.718
69600         3.121        0.728       1420.408  1.3e-02        0.080     23.886        3.001       0.718
69700         3.146        0.727       1422.449  1.3e-02        0.078     23.888        3.001       0.718
    t    train_loss    train_acc    train_epoch       lr    data_time    it_time    test_loss    test_acc
-----  ------------  -----------  -------------  -------  -----------  ---------  -----------  ----------
69800         3.051        0.729       1424.490  1.3e-02        0.079     23.885        3.001       0.718
69900         3.059        0.728       1426.531  1.3e-02        0.080     23.892        3.001       0.718
70000         2.938        0.732       1428.571  1.3e-02        0.081     26.327        2.928       0.737
70100         3.256        0.726       1430.612  1.2e-02        0.080     23.890        2.928       0.737
70200         3.006        0.729       1432.653  1.2e-02        0.080     23.888        2.928       0.737
70300         3.069        0.730       1434.694  1.2e-02        0.079     23.891        2.928       0.737
70400         3.188        0.725       1436.735  1.2e-02        0.079     23.892        2.928       0.737
70500         2.928        0.733       1438.776  1.2e-02        0.079     23.891        2.928       0.737
70600         2.693        0.732       1440.816  1.2e-02        0.079     23.888        2.928       0.737
70700         2.776        0.732       1442.857  1.2e-02        0.079     23.887        2.928       0.737
70800         2.579        0.735       1444.898  1.2e-02        0.078     23.888        2.928       0.737
70900         2.658        0.735       1446.939  1.1e-02        0.081     23.889        2.928       0.737
71000         2.764        0.732       1448.980  1.1e-02        0.079     26.324        2.906       0.741
71100         2.733        0.732       1451.020  1.1e-02        0.080     23.847        2.906       0.741
71200         2.674        0.733       1453.061  1.1e-02        0.079     23.887        2.906       0.741
71300         2.718        0.731       1455.102  1.1e-02        0.080     23.884        2.906       0.741
71400         2.523        0.734       1457.143  1.1e-02        0.079     23.886        2.906       0.741
71500         2.333        0.739       1459.184  1.1e-02        0.079     23.883        2.906       0.741
71600         2.767        0.731       1461.224  1.1e-02        0.079     23.894        2.906       0.741
71700         2.631        0.732       1463.265  1.0e-02        0.079     23.886        2.906       0.741
71800         2.411        0.735       1465.306  1.0e-02        0.079     23.888        2.906       0.741
71900         2.531        0.734       1467.347  1.0e-02        0.079     23.890        2.906       0.741
72000         2.392        0.737       1469.388  1.0e-02        0.080     26.325        1.918       0.765
72100         2.157        0.741       1471.429  9.9e-03        0.079     23.889        1.918       0.765
72200         2.553        0.731       1473.469  9.8e-03        0.080     23.893        1.918       0.765
72300         2.662        0.732       1475.510  9.6e-03        0.080     23.892        1.918       0.765
72400         2.221        0.737       1477.551  9.5e-03        0.079     23.889        1.918       0.765
72500         2.068        0.744       1479.592  9.4e-03        0.079     23.889        1.918       0.765
72600         2.290        0.736       1481.633  9.3e-03        0.079     23.886        1.918       0.765
72700         2.199        0.739       1483.673  9.1e-03        0.078     23.888        1.918       0.765
72800         1.958        0.744       1485.714  9.0e-03        0.080     23.890        1.918       0.765
72900         1.984        0.743       1487.755  8.9e-03        0.080     23.885        1.918       0.765
73000         2.098        0.740       1489.796  8.8e-03        0.080     26.323        3.101       0.724
73100         2.147        0.741       1491.837  8.6e-03        0.078     23.888        3.101       0.724
73200         1.861        0.744       1493.878  8.5e-03        0.079     23.889        3.101       0.724
73300         1.911        0.743       1495.918  8.4e-03        0.079     23.886        3.101       0.724
73400         1.882        0.744       1497.959  8.3e-03        0.080     23.887        3.101       0.724
73500         1.743        0.746       1500.000  8.1e-03        0.078     23.845        3.101       0.724
73600         2.111        0.739       1502.041  8.0e-03        0.079     23.879        3.101       0.724
73700         1.823        0.746       1504.082  7.9e-03        0.079     23.884        3.101       0.724
73800         1.728        0.749       1506.122  7.8e-03        0.079     23.886        3.101       0.724
    t    train_loss    train_acc    train_epoch       lr    data_time    it_time    test_loss    test_acc
-----  ------------  -----------  -------------  -------  -----------  ---------  -----------  ----------
73900         1.662        0.749       1508.163  7.6e-03        0.079     23.885        3.101       0.724
74000         1.774        0.744       1510.204  7.5e-03        0.079     26.323        2.216       0.733
74100         1.800        0.748       1512.245  7.4e-03        0.079     23.891        2.216       0.733
74200         1.691        0.747       1514.286  7.3e-03        0.079     23.887        2.216       0.733
74300         1.605        0.749       1516.327  7.1e-03        0.080     23.890        2.216       0.733
74400         1.554        0.751       1518.367  7.0e-03        0.079     23.889        2.216       0.733
74500         1.684        0.745       1520.408  6.9e-03        0.079     23.888        2.216       0.733
74600         1.486        0.755       1522.449  6.8e-03        0.079     23.889        2.216       0.733
74700         1.572        0.750       1524.490  6.6e-03        0.079     23.891        2.216       0.733
74800         1.505        0.752       1526.531  6.5e-03        0.078     23.890        2.216       0.733
74900         1.550        0.749       1528.571  6.4e-03        0.079     23.893        2.216       0.733
75000         1.357        0.759       1530.612  6.3e-03        0.078     26.332        1.137       0.782
75100         1.390        0.758       1532.653  6.1e-03        0.079     23.887        1.137       0.782
75200         1.485        0.753       1534.694  6.0e-03        0.079     23.886        1.137       0.782
75300         1.361        0.758       1536.735  5.9e-03        0.079     23.887        1.137       0.782
75400         1.450        0.752       1538.776  5.8e-03        0.079     23.894        1.137       0.782
75500         1.295        0.760       1540.816  5.6e-03        0.079     23.890        1.137       0.782
75600         1.311        0.758       1542.857  5.5e-03        0.079     23.893        1.137       0.782
75700         1.342        0.758       1544.898  5.4e-03        0.080     23.890        1.137       0.782
75800         1.246        0.761       1546.939  5.3e-03        0.082     23.895        1.137       0.782
75900         1.286        0.759       1548.980  5.1e-03        0.080     23.894        1.137       0.782
76000         1.222        0.763       1551.020  5.0e-03        0.079     26.286        1.174       0.763
76100         1.248        0.761       1553.061  4.9e-03        0.079     23.891        1.174       0.763
76200         1.243        0.761       1555.102  4.8e-03        0.080     23.888        1.174       0.763
76300         1.160        0.766       1557.143  4.6e-03        0.078     23.889        1.174       0.763
76400         1.169        0.765       1559.184  4.5e-03        0.079     23.889        1.174       0.763
76500         1.184        0.764       1561.224  4.4e-03        0.079     23.894        1.174       0.763
76600         1.139        0.765       1563.265  4.3e-03        0.079     23.892        1.174       0.763
76700         1.130        0.766       1565.306  4.1e-03        0.079     23.891        1.174       0.763
76800         1.105        0.769       1567.347  4.0e-03        0.078     23.889        1.174       0.763
76900         1.097        0.767       1569.388  3.9e-03        0.078     23.884        1.174       0.763
77000         1.080        0.770       1571.429  3.8e-03        0.080     26.314        1.288       0.745
77100         1.106        0.766       1573.469  3.6e-03        0.079     23.881        1.288       0.745
77200         1.087        0.769       1575.510  3.5e-03        0.080     23.880        1.288       0.745
77300         1.032        0.771       1577.551  3.4e-03        0.080     23.878        1.288       0.745
77400         1.033        0.772       1579.592  3.3e-03        0.079     23.882        1.288       0.745
77500         1.031        0.771       1581.633  3.1e-03        0.079     23.886        1.288       0.745
77600         0.993        0.773       1583.673  3.0e-03        0.079     23.879        1.288       0.745
77700         1.019        0.770       1585.714  2.9e-03        0.079     23.883        1.288       0.745
77800         0.985        0.774       1587.755  2.8e-03        0.080     23.882        1.288       0.745
77900         0.971        0.775       1589.796  2.6e-03        0.079     23.884        1.288       0.745
    t    train_loss    train_acc    train_epoch       lr    data_time    it_time    test_loss    test_acc
-----  ------------  -----------  -------------  -------  -----------  ---------  -----------  ----------
78000         0.969        0.775       1591.837  2.5e-03        0.079     26.317        1.028       0.776
78100         1.008        0.772       1593.878  2.4e-03        0.079     23.889        1.028       0.776
78200         0.959        0.776       1595.918  2.3e-03        0.079     23.890        1.028       0.776
78300         0.940        0.778       1597.959  2.1e-03        0.080     23.888        1.028       0.776
78400         0.939        0.777       1600.000  2.0e-03        0.079     23.846        1.028       0.776
78500         0.935        0.778       1602.041  1.9e-03        0.079     23.888        1.028       0.776
78600         0.944        0.776       1604.082  1.8e-03        0.080     23.888        1.028       0.776
78700         0.908        0.781       1606.122  1.6e-03        0.079     23.888        1.028       0.776
78800         0.913        0.779       1608.163  1.5e-03        0.079     23.889        1.028       0.776
78900         0.899        0.780       1610.204  1.4e-03        0.078     23.892        1.028       0.776
79000         0.903        0.778       1612.245  1.3e-03        0.079     26.323        0.900       0.787
79100         0.892        0.781       1614.286  1.1e-03        0.079     23.890        0.900       0.787
79200         0.878        0.784       1616.327  1.0e-03        0.079     23.886        0.900       0.787
79300         0.882        0.782       1618.367  8.8e-04        0.079     23.887        0.900       0.787
79400         0.870        0.783       1620.408  7.5e-04        0.079     23.887        0.900       0.787
79500         0.874        0.783       1622.449  6.3e-04        0.078     23.890        0.900       0.787
79600         0.858        0.784       1624.490  5.0e-04        0.079     23.889        0.900       0.787
79700         0.844        0.786       1626.531  3.8e-04        0.079     23.886        0.900       0.787
79800         0.852        0.784       1628.571  2.5e-04        0.079     23.884        0.900       0.787
79900         0.839        0.787       1630.612  1.3e-04        0.078     23.886        0.900       0.787
80000         0.837        0.786       1632.653  1.2e-06        0.078     26.316        0.866       0.789
